Only in /Applications/Affinity Designer Beta.app/Contents/Frameworks/libcocoaui.framework/Versions/A/Resources/en.lproj/: AddMasterWindowController.nib
Binary files /Applications/Affinity Designer.app/Contents/Frameworks/libcocoaui.framework/Versions/A/Resources/en.lproj/AddPageWindowController.nib and /Applications/Affinity Designer Beta.app/Contents/Frameworks/libcocoaui.framework/Versions/A/Resources/en.lproj/AddPageWindowController.nib differ
Binary files /Applications/Affinity Designer.app/Contents/Frameworks/libcocoaui.framework/Versions/A/Resources/en.lproj/AdjustmentItemView.nib and /Applications/Affinity Designer Beta.app/Contents/Frameworks/libcocoaui.framework/Versions/A/Resources/en.lproj/AdjustmentItemView.nib differ
Binary files /Applications/Affinity Designer.app/Contents/Frameworks/libcocoaui.framework/Versions/A/Resources/en.lproj/AdjustmentPage.nib and /Applications/Affinity Designer Beta.app/Contents/Frameworks/libcocoaui.framework/Versions/A/Resources/en.lproj/AdjustmentPage.nib differ
Binary files /Applications/Affinity Designer.app/Contents/Frameworks/libcocoaui.framework/Versions/A/Resources/en.lproj/Adjustments.nib and /Applications/Affinity Designer Beta.app/Contents/Frameworks/libcocoaui.framework/Versions/A/Resources/en.lproj/Adjustments.nib differ
Binary files /Applications/Affinity Designer.app/Contents/Frameworks/libcocoaui.framework/Versions/A/Resources/en.lproj/AdvancedBlendingController.nib and /Applications/Affinity Designer Beta.app/Contents/Frameworks/libcocoaui.framework/Versions/A/Resources/en.lproj/AdvancedBlendingController.nib differ
Binary files /Applications/Affinity Designer.app/Contents/Frameworks/libcocoaui.framework/Versions/A/Resources/en.lproj/AffineEffect.nib and /Applications/Affinity Designer Beta.app/Contents/Frameworks/libcocoaui.framework/Versions/A/Resources/en.lproj/AffineEffect.nib differ
Binary files /Applications/Affinity Designer.app/Contents/Frameworks/libcocoaui.framework/Versions/A/Resources/en.lproj/AlignViewController.nib and /Applications/Affinity Designer Beta.app/Contents/Frameworks/libcocoaui.framework/Versions/A/Resources/en.lproj/AlignViewController.nib differ
Binary files /Applications/Affinity Designer.app/Contents/Frameworks/libcocoaui.framework/Versions/A/Resources/en.lproj/ApplyImageEffect.nib and /Applications/Affinity Designer Beta.app/Contents/Frameworks/libcocoaui.framework/Versions/A/Resources/en.lproj/ApplyImageEffect.nib differ
Only in /Applications/Affinity Designer Beta.app/Contents/Frameworks/libcocoaui.framework/Versions/A/Resources/en.lproj/: ApplyMasterWindowController.nib
Binary files /Applications/Affinity Designer.app/Contents/Frameworks/libcocoaui.framework/Versions/A/Resources/en.lproj/AssetsPage.nib and /Applications/Affinity Designer Beta.app/Contents/Frameworks/libcocoaui.framework/Versions/A/Resources/en.lproj/AssetsPage.nib differ
Only in /Applications/Affinity Designer Beta.app/Contents/Frameworks/libcocoaui.framework/Versions/A/Resources/en.lproj/: AssignICCProfilePanel.nib
Binary files /Applications/Affinity Designer.app/Contents/Frameworks/libcocoaui.framework/Versions/A/Resources/en.lproj/AssistantOptions.nib and /Applications/Affinity Designer Beta.app/Contents/Frameworks/libcocoaui.framework/Versions/A/Resources/en.lproj/AssistantOptions.nib differ
Only in /Applications/Affinity Designer Beta.app/Contents/Frameworks/libcocoaui.framework/Versions/A/Resources/en.lproj/: AutoCorrectRulesTableView.nib
Only in /Applications/Affinity Designer Beta.app/Contents/Frameworks/libcocoaui.framework/Versions/A/Resources/en.lproj/: BaselineGridViewController.nib
Only in /Applications/Affinity Designer Beta.app/Contents/Frameworks/libcocoaui.framework/Versions/A/Resources/en.lproj/: BaselineGridVisibiityViewController.nib
Only in /Applications/Affinity Designer Beta.app/Contents/Frameworks/libcocoaui.framework/Versions/A/Resources/en.lproj/: BaselineGridVisibilityViewController.nib
Only in /Applications/Affinity Designer Beta.app/Contents/Frameworks/libcocoaui.framework/Versions/A/Resources/en.lproj/: BaselineGridWindowController.nib
Binary files /Applications/Affinity Designer.app/Contents/Frameworks/libcocoaui.framework/Versions/A/Resources/en.lproj/BatchJobItemView.nib and /Applications/Affinity Designer Beta.app/Contents/Frameworks/libcocoaui.framework/Versions/A/Resources/en.lproj/BatchJobItemView.nib differ
Binary files /Applications/Affinity Designer.app/Contents/Frameworks/libcocoaui.framework/Versions/A/Resources/en.lproj/BatchJobSubItemView.nib and /Applications/Affinity Designer Beta.app/Contents/Frameworks/libcocoaui.framework/Versions/A/Resources/en.lproj/BatchJobSubItemView.nib differ
Binary files /Applications/Affinity Designer.app/Contents/Frameworks/libcocoaui.framework/Versions/A/Resources/en.lproj/BatchPage.nib and /Applications/Affinity Designer Beta.app/Contents/Frameworks/libcocoaui.framework/Versions/A/Resources/en.lproj/BatchPage.nib differ
Binary files /Applications/Affinity Designer.app/Contents/Frameworks/libcocoaui.framework/Versions/A/Resources/en.lproj/BilateralEffect.nib and /Applications/Affinity Designer Beta.app/Contents/Frameworks/libcocoaui.framework/Versions/A/Resources/en.lproj/BilateralEffect.nib differ
Binary files /Applications/Affinity Designer.app/Contents/Frameworks/libcocoaui.framework/Versions/A/Resources/en.lproj/BlendModePropertiesViewController.nib and /Applications/Affinity Designer Beta.app/Contents/Frameworks/libcocoaui.framework/Versions/A/Resources/en.lproj/BlendModePropertiesViewController.nib differ
Binary files /Applications/Affinity Designer.app/Contents/Frameworks/libcocoaui.framework/Versions/A/Resources/en.lproj/BoxEffect.nib and /Applications/Affinity Designer Beta.app/Contents/Frameworks/libcocoaui.framework/Versions/A/Resources/en.lproj/BoxEffect.nib differ
Binary files /Applications/Affinity Designer.app/Contents/Frameworks/libcocoaui.framework/Versions/A/Resources/en.lproj/BrushEditPanel.nib and /Applications/Affinity Designer Beta.app/Contents/Frameworks/libcocoaui.framework/Versions/A/Resources/en.lproj/BrushEditPanel.nib differ
Binary files /Applications/Affinity Designer.app/Contents/Frameworks/libcocoaui.framework/Versions/A/Resources/en.lproj/BrushItemView.nib and /Applications/Affinity Designer Beta.app/Contents/Frameworks/libcocoaui.framework/Versions/A/Resources/en.lproj/BrushItemView.nib differ
Binary files /Applications/Affinity Designer.app/Contents/Frameworks/libcocoaui.framework/Versions/A/Resources/en.lproj/BrushPage.nib and /Applications/Affinity Designer Beta.app/Contents/Frameworks/libcocoaui.framework/Versions/A/Resources/en.lproj/BrushPage.nib differ
Binary files /Applications/Affinity Designer.app/Contents/Frameworks/libcocoaui.framework/Versions/A/Resources/en.lproj/CameraShakeBlurEffect.nib and /Applications/Affinity Designer Beta.app/Contents/Frameworks/libcocoaui.framework/Versions/A/Resources/en.lproj/CameraShakeBlurEffect.nib differ
Binary files /Applications/Affinity Designer.app/Contents/Frameworks/libcocoaui.framework/Versions/A/Resources/en.lproj/CategoryViewCategory.nib and /Applications/Affinity Designer Beta.app/Contents/Frameworks/libcocoaui.framework/Versions/A/Resources/en.lproj/CategoryViewCategory.nib differ
Only in /Applications/Affinity Designer Beta.app/Contents/Frameworks/libcocoaui.framework/Versions/A/Resources/en.lproj/: CellFormatView.nib
Binary files /Applications/Affinity Designer.app/Contents/Frameworks/libcocoaui.framework/Versions/A/Resources/en.lproj/ChannelItemView.nib and /Applications/Affinity Designer Beta.app/Contents/Frameworks/libcocoaui.framework/Versions/A/Resources/en.lproj/ChannelItemView.nib differ
Binary files /Applications/Affinity Designer.app/Contents/Frameworks/libcocoaui.framework/Versions/A/Resources/en.lproj/ChannelRasterSelectionItemView.nib and /Applications/Affinity Designer Beta.app/Contents/Frameworks/libcocoaui.framework/Versions/A/Resources/en.lproj/ChannelRasterSelectionItemView.nib differ
Binary files /Applications/Affinity Designer.app/Contents/Frameworks/libcocoaui.framework/Versions/A/Resources/en.lproj/ChannelSelectionItemView.nib and /Applications/Affinity Designer Beta.app/Contents/Frameworks/libcocoaui.framework/Versions/A/Resources/en.lproj/ChannelSelectionItemView.nib differ
Binary files /Applications/Affinity Designer.app/Contents/Frameworks/libcocoaui.framework/Versions/A/Resources/en.lproj/ChannelSeparatorItemView.nib and /Applications/Affinity Designer Beta.app/Contents/Frameworks/libcocoaui.framework/Versions/A/Resources/en.lproj/ChannelSeparatorItemView.nib differ
Binary files /Applications/Affinity Designer.app/Contents/Frameworks/libcocoaui.framework/Versions/A/Resources/en.lproj/ChannelSpareSelectionItemView.nib and /Applications/Affinity Designer Beta.app/Contents/Frameworks/libcocoaui.framework/Versions/A/Resources/en.lproj/ChannelSpareSelectionItemView.nib differ
Binary files /Applications/Affinity Designer.app/Contents/Frameworks/libcocoaui.framework/Versions/A/Resources/en.lproj/ChannelsPage.nib and /Applications/Affinity Designer Beta.app/Contents/Frameworks/libcocoaui.framework/Versions/A/Resources/en.lproj/ChannelsPage.nib differ
Binary files /Applications/Affinity Designer.app/Contents/Frameworks/libcocoaui.framework/Versions/A/Resources/en.lproj/CharacterPage.nib and /Applications/Affinity Designer Beta.app/Contents/Frameworks/libcocoaui.framework/Versions/A/Resources/en.lproj/CharacterPage.nib differ
Binary files /Applications/Affinity Designer.app/Contents/Frameworks/libcocoaui.framework/Versions/A/Resources/en.lproj/ClarityEffect.nib and /Applications/Affinity Designer Beta.app/Contents/Frameworks/libcocoaui.framework/Versions/A/Resources/en.lproj/ClarityEffect.nib differ
Binary files /Applications/Affinity Designer.app/Contents/Frameworks/libcocoaui.framework/Versions/A/Resources/en.lproj/ClearUserDataWindowController.nib and /Applications/Affinity Designer Beta.app/Contents/Frameworks/libcocoaui.framework/Versions/A/Resources/en.lproj/ClearUserDataWindowController.nib differ
Binary files /Applications/Affinity Designer.app/Contents/Frameworks/libcocoaui.framework/Versions/A/Resources/en.lproj/CloneBrushSourceItemView.nib and /Applications/Affinity Designer Beta.app/Contents/Frameworks/libcocoaui.framework/Versions/A/Resources/en.lproj/CloneBrushSourceItemView.nib differ
Binary files /Applications/Affinity Designer.app/Contents/Frameworks/libcocoaui.framework/Versions/A/Resources/en.lproj/CloneBrushSourcesPage.nib and /Applications/Affinity Designer Beta.app/Contents/Frameworks/libcocoaui.framework/Versions/A/Resources/en.lproj/CloneBrushSourcesPage.nib differ
Binary files /Applications/Affinity Designer.app/Contents/Frameworks/libcocoaui.framework/Versions/A/Resources/en.lproj/CloudConflictPanel.nib and /Applications/Affinity Designer Beta.app/Contents/Frameworks/libcocoaui.framework/Versions/A/Resources/en.lproj/CloudConflictPanel.nib differ
Binary files /Applications/Affinity Designer.app/Contents/Frameworks/libcocoaui.framework/Versions/A/Resources/en.lproj/CloudUpdatePanel.nib and /Applications/Affinity Designer Beta.app/Contents/Frameworks/libcocoaui.framework/Versions/A/Resources/en.lproj/CloudUpdatePanel.nib differ
Binary files /Applications/Affinity Designer.app/Contents/Frameworks/libcocoaui.framework/Versions/A/Resources/en.lproj/ColourCMYKSliderView.nib and /Applications/Affinity Designer Beta.app/Contents/Frameworks/libcocoaui.framework/Versions/A/Resources/en.lproj/ColourCMYKSliderView.nib differ
Binary files /Applications/Affinity Designer.app/Contents/Frameworks/libcocoaui.framework/Versions/A/Resources/en.lproj/ColourEditor.nib and /Applications/Affinity Designer Beta.app/Contents/Frameworks/libcocoaui.framework/Versions/A/Resources/en.lproj/ColourEditor.nib differ
Binary files /Applications/Affinity Designer.app/Contents/Frameworks/libcocoaui.framework/Versions/A/Resources/en.lproj/ColourGreySliderView.nib and /Applications/Affinity Designer Beta.app/Contents/Frameworks/libcocoaui.framework/Versions/A/Resources/en.lproj/ColourGreySliderView.nib differ
Binary files /Applications/Affinity Designer.app/Contents/Frameworks/libcocoaui.framework/Versions/A/Resources/en.lproj/ColourHLSwatchModel.nib and /Applications/Affinity Designer Beta.app/Contents/Frameworks/libcocoaui.framework/Versions/A/Resources/en.lproj/ColourHLSwatchModel.nib differ
Binary files /Applications/Affinity Designer.app/Contents/Frameworks/libcocoaui.framework/Versions/A/Resources/en.lproj/ColourHSLSliderView.nib and /Applications/Affinity Designer Beta.app/Contents/Frameworks/libcocoaui.framework/Versions/A/Resources/en.lproj/ColourHSLSliderView.nib differ
Binary files /Applications/Affinity Designer.app/Contents/Frameworks/libcocoaui.framework/Versions/A/Resources/en.lproj/ColourHSSwatchModel.nib and /Applications/Affinity Designer Beta.app/Contents/Frameworks/libcocoaui.framework/Versions/A/Resources/en.lproj/ColourHSSwatchModel.nib differ
Binary files /Applications/Affinity Designer.app/Contents/Frameworks/libcocoaui.framework/Versions/A/Resources/en.lproj/ColourLABSliderView.nib and /Applications/Affinity Designer Beta.app/Contents/Frameworks/libcocoaui.framework/Versions/A/Resources/en.lproj/ColourLABSliderView.nib differ
Binary files /Applications/Affinity Designer.app/Contents/Frameworks/libcocoaui.framework/Versions/A/Resources/en.lproj/ColourPage.nib and /Applications/Affinity Designer Beta.app/Contents/Frameworks/libcocoaui.framework/Versions/A/Resources/en.lproj/ColourPage.nib differ
Binary files /Applications/Affinity Designer.app/Contents/Frameworks/libcocoaui.framework/Versions/A/Resources/en.lproj/ColourPickerPanel.nib and /Applications/Affinity Designer Beta.app/Contents/Frameworks/libcocoaui.framework/Versions/A/Resources/en.lproj/ColourPickerPanel.nib differ
Binary files /Applications/Affinity Designer.app/Contents/Frameworks/libcocoaui.framework/Versions/A/Resources/en.lproj/ColourPickerViewController.nib and /Applications/Affinity Designer Beta.app/Contents/Frameworks/libcocoaui.framework/Versions/A/Resources/en.lproj/ColourPickerViewController.nib differ
Binary files /Applications/Affinity Designer.app/Contents/Frameworks/libcocoaui.framework/Versions/A/Resources/en.lproj/ColourRGBHexSliderView.nib and /Applications/Affinity Designer Beta.app/Contents/Frameworks/libcocoaui.framework/Versions/A/Resources/en.lproj/ColourRGBHexSliderView.nib differ
Binary files /Applications/Affinity Designer.app/Contents/Frameworks/libcocoaui.framework/Versions/A/Resources/en.lproj/ColourRGBSliderView.nib and /Applications/Affinity Designer Beta.app/Contents/Frameworks/libcocoaui.framework/Versions/A/Resources/en.lproj/ColourRGBSliderView.nib differ
Binary files /Applications/Affinity Designer.app/Contents/Frameworks/libcocoaui.framework/Versions/A/Resources/en.lproj/ColourSLSwatchModel.nib and /Applications/Affinity Designer Beta.app/Contents/Frameworks/libcocoaui.framework/Versions/A/Resources/en.lproj/ColourSLSwatchModel.nib differ
Binary files /Applications/Affinity Designer.app/Contents/Frameworks/libcocoaui.framework/Versions/A/Resources/en.lproj/ColourTintSliderView.nib and /Applications/Affinity Designer Beta.app/Contents/Frameworks/libcocoaui.framework/Versions/A/Resources/en.lproj/ColourTintSliderView.nib differ
Binary files /Applications/Affinity Designer.app/Contents/Frameworks/libcocoaui.framework/Versions/A/Resources/en.lproj/ColourWheelModel.nib and /Applications/Affinity Designer Beta.app/Contents/Frameworks/libcocoaui.framework/Versions/A/Resources/en.lproj/ColourWheelModel.nib differ
Binary files /Applications/Affinity Designer.app/Contents/Frameworks/libcocoaui.framework/Versions/A/Resources/en.lproj/ConstraintsPage.nib and /Applications/Affinity Designer Beta.app/Contents/Frameworks/libcocoaui.framework/Versions/A/Resources/en.lproj/ConstraintsPage.nib differ
Binary files /Applications/Affinity Designer.app/Contents/Frameworks/libcocoaui.framework/Versions/A/Resources/en.lproj/CreatePaletteFromImageWindowController.nib and /Applications/Affinity Designer Beta.app/Contents/Frameworks/libcocoaui.framework/Versions/A/Resources/en.lproj/CreatePaletteFromImageWindowController.nib differ
Binary files /Applications/Affinity Designer.app/Contents/Frameworks/libcocoaui.framework/Versions/A/Resources/en.lproj/CustomBlurEffect.nib and /Applications/Affinity Designer Beta.app/Contents/Frameworks/libcocoaui.framework/Versions/A/Resources/en.lproj/CustomBlurEffect.nib differ
Only in /Applications/Affinity Designer Beta.app/Contents/Frameworks/libcocoaui.framework/Versions/A/Resources/en.lproj/: DateTimeFormatViewController.nib
Binary files /Applications/Affinity Designer.app/Contents/Frameworks/libcocoaui.framework/Versions/A/Resources/en.lproj/DebugPage.nib and /Applications/Affinity Designer Beta.app/Contents/Frameworks/libcocoaui.framework/Versions/A/Resources/en.lproj/DebugPage.nib differ
Binary files /Applications/Affinity Designer.app/Contents/Frameworks/libcocoaui.framework/Versions/A/Resources/en.lproj/DeformEffect.nib and /Applications/Affinity Designer Beta.app/Contents/Frameworks/libcocoaui.framework/Versions/A/Resources/en.lproj/DeformEffect.nib differ
Binary files /Applications/Affinity Designer.app/Contents/Frameworks/libcocoaui.framework/Versions/A/Resources/en.lproj/DefringeEffect.nib and /Applications/Affinity Designer Beta.app/Contents/Frameworks/libcocoaui.framework/Versions/A/Resources/en.lproj/DefringeEffect.nib differ
Only in /Applications/Affinity Designer Beta.app/Contents/Frameworks/libcocoaui.framework/Versions/A/Resources/en.lproj/: DeleteMasterPagesWindowController.nib
Only in /Applications/Affinity Designer Beta.app/Contents/Frameworks/libcocoaui.framework/Versions/A/Resources/en.lproj/: DeletePagesWindowController.nib
Binary files /Applications/Affinity Designer.app/Contents/Frameworks/libcocoaui.framework/Versions/A/Resources/en.lproj/DenoiseEffect.nib and /Applications/Affinity Designer Beta.app/Contents/Frameworks/libcocoaui.framework/Versions/A/Resources/en.lproj/DenoiseEffect.nib differ
Binary files /Applications/Affinity Designer.app/Contents/Frameworks/libcocoaui.framework/Versions/A/Resources/en.lproj/DepthOfFieldEffect.nib and /Applications/Affinity Designer Beta.app/Contents/Frameworks/libcocoaui.framework/Versions/A/Resources/en.lproj/DepthOfFieldEffect.nib differ
Binary files /Applications/Affinity Designer.app/Contents/Frameworks/libcocoaui.framework/Versions/A/Resources/en.lproj/DevelopAssistantOptions.nib and /Applications/Affinity Designer Beta.app/Contents/Frameworks/libcocoaui.framework/Versions/A/Resources/en.lproj/DevelopAssistantOptions.nib differ
Binary files /Applications/Affinity Designer.app/Contents/Frameworks/libcocoaui.framework/Versions/A/Resources/en.lproj/DevelopBasicItemViews.nib and /Applications/Affinity Designer Beta.app/Contents/Frameworks/libcocoaui.framework/Versions/A/Resources/en.lproj/DevelopBasicItemViews.nib differ
Binary files /Applications/Affinity Designer.app/Contents/Frameworks/libcocoaui.framework/Versions/A/Resources/en.lproj/DevelopBasicPage.nib and /Applications/Affinity Designer Beta.app/Contents/Frameworks/libcocoaui.framework/Versions/A/Resources/en.lproj/DevelopBasicPage.nib differ
Binary files /Applications/Affinity Designer.app/Contents/Frameworks/libcocoaui.framework/Versions/A/Resources/en.lproj/DevelopCameraItemViews.nib and /Applications/Affinity Designer Beta.app/Contents/Frameworks/libcocoaui.framework/Versions/A/Resources/en.lproj/DevelopCameraItemViews.nib differ
Binary files /Applications/Affinity Designer.app/Contents/Frameworks/libcocoaui.framework/Versions/A/Resources/en.lproj/DevelopCameraPage.nib and /Applications/Affinity Designer Beta.app/Contents/Frameworks/libcocoaui.framework/Versions/A/Resources/en.lproj/DevelopCameraPage.nib differ
Binary files /Applications/Affinity Designer.app/Contents/Frameworks/libcocoaui.framework/Versions/A/Resources/en.lproj/DevelopDetailsItemViews.nib and /Applications/Affinity Designer Beta.app/Contents/Frameworks/libcocoaui.framework/Versions/A/Resources/en.lproj/DevelopDetailsItemViews.nib differ
Binary files /Applications/Affinity Designer.app/Contents/Frameworks/libcocoaui.framework/Versions/A/Resources/en.lproj/DevelopDetailsPage.nib and /Applications/Affinity Designer Beta.app/Contents/Frameworks/libcocoaui.framework/Versions/A/Resources/en.lproj/DevelopDetailsPage.nib differ
Binary files /Applications/Affinity Designer.app/Contents/Frameworks/libcocoaui.framework/Versions/A/Resources/en.lproj/DevelopFocusPage.nib and /Applications/Affinity Designer Beta.app/Contents/Frameworks/libcocoaui.framework/Versions/A/Resources/en.lproj/DevelopFocusPage.nib differ
Binary files /Applications/Affinity Designer.app/Contents/Frameworks/libcocoaui.framework/Versions/A/Resources/en.lproj/DevelopLensItemViews.nib and /Applications/Affinity Designer Beta.app/Contents/Frameworks/libcocoaui.framework/Versions/A/Resources/en.lproj/DevelopLensItemViews.nib differ
Binary files /Applications/Affinity Designer.app/Contents/Frameworks/libcocoaui.framework/Versions/A/Resources/en.lproj/DevelopLensPage.nib and /Applications/Affinity Designer Beta.app/Contents/Frameworks/libcocoaui.framework/Versions/A/Resources/en.lproj/DevelopLensPage.nib differ
Only in /Applications/Affinity Designer Beta.app/Contents/Frameworks/libcocoaui.framework/Versions/A/Resources/en.lproj/: DevelopMapPage.nib
Binary files /Applications/Affinity Designer.app/Contents/Frameworks/libcocoaui.framework/Versions/A/Resources/en.lproj/DevelopOverlayItemView.nib and /Applications/Affinity Designer Beta.app/Contents/Frameworks/libcocoaui.framework/Versions/A/Resources/en.lproj/DevelopOverlayItemView.nib differ
Binary files /Applications/Affinity Designer.app/Contents/Frameworks/libcocoaui.framework/Versions/A/Resources/en.lproj/DevelopOverlaysPage.nib and /Applications/Affinity Designer Beta.app/Contents/Frameworks/libcocoaui.framework/Versions/A/Resources/en.lproj/DevelopOverlaysPage.nib differ
Binary files /Applications/Affinity Designer.app/Contents/Frameworks/libcocoaui.framework/Versions/A/Resources/en.lproj/DevelopSnapshotItemView.nib and /Applications/Affinity Designer Beta.app/Contents/Frameworks/libcocoaui.framework/Versions/A/Resources/en.lproj/DevelopSnapshotItemView.nib differ
Binary files /Applications/Affinity Designer.app/Contents/Frameworks/libcocoaui.framework/Versions/A/Resources/en.lproj/DevelopSnapshotsPage.nib and /Applications/Affinity Designer Beta.app/Contents/Frameworks/libcocoaui.framework/Versions/A/Resources/en.lproj/DevelopSnapshotsPage.nib differ
Binary files /Applications/Affinity Designer.app/Contents/Frameworks/libcocoaui.framework/Versions/A/Resources/en.lproj/DevelopTonesItemViews.nib and /Applications/Affinity Designer Beta.app/Contents/Frameworks/libcocoaui.framework/Versions/A/Resources/en.lproj/DevelopTonesItemViews.nib differ
Binary files /Applications/Affinity Designer.app/Contents/Frameworks/libcocoaui.framework/Versions/A/Resources/en.lproj/DevelopTonesPage.nib and /Applications/Affinity Designer Beta.app/Contents/Frameworks/libcocoaui.framework/Versions/A/Resources/en.lproj/DevelopTonesPage.nib differ
Binary files /Applications/Affinity Designer.app/Contents/Frameworks/libcocoaui.framework/Versions/A/Resources/en.lproj/DiffuseEffect.nib and /Applications/Affinity Designer Beta.app/Contents/Frameworks/libcocoaui.framework/Versions/A/Resources/en.lproj/DiffuseEffect.nib differ
Binary files /Applications/Affinity Designer.app/Contents/Frameworks/libcocoaui.framework/Versions/A/Resources/en.lproj/DiffuseGlowEffect.nib and /Applications/Affinity Designer Beta.app/Contents/Frameworks/libcocoaui.framework/Versions/A/Resources/en.lproj/DiffuseGlowEffect.nib differ
Binary files /Applications/Affinity Designer.app/Contents/Frameworks/libcocoaui.framework/Versions/A/Resources/en.lproj/DisplacementMapEffect.nib and /Applications/Affinity Designer Beta.app/Contents/Frameworks/libcocoaui.framework/Versions/A/Resources/en.lproj/DisplacementMapEffect.nib differ
Binary files /Applications/Affinity Designer.app/Contents/Frameworks/libcocoaui.framework/Versions/A/Resources/en.lproj/DocumentMarginsWindowController.nib and /Applications/Affinity Designer Beta.app/Contents/Frameworks/libcocoaui.framework/Versions/A/Resources/en.lproj/DocumentMarginsWindowController.nib differ
Binary files /Applications/Affinity Designer.app/Contents/Frameworks/libcocoaui.framework/Versions/A/Resources/en.lproj/DocumentSetupWindowController.nib and /Applications/Affinity Designer Beta.app/Contents/Frameworks/libcocoaui.framework/Versions/A/Resources/en.lproj/DocumentSetupWindowController.nib differ
Binary files /Applications/Affinity Designer.app/Contents/Frameworks/libcocoaui.framework/Versions/A/Resources/en.lproj/DustScratchEffect.nib and /Applications/Affinity Designer Beta.app/Contents/Frameworks/libcocoaui.framework/Versions/A/Resources/en.lproj/DustScratchEffect.nib differ
Only in /Applications/Affinity Designer Beta.app/Contents/Frameworks/libcocoaui.framework/Versions/A/Resources/en.lproj/: EditTopicWindowController.nib
Binary files /Applications/Affinity Designer.app/Contents/Frameworks/libcocoaui.framework/Versions/A/Resources/en.lproj/EffectItemDetailedViews.nib and /Applications/Affinity Designer Beta.app/Contents/Frameworks/libcocoaui.framework/Versions/A/Resources/en.lproj/EffectItemDetailedViews.nib differ
Binary files /Applications/Affinity Designer.app/Contents/Frameworks/libcocoaui.framework/Versions/A/Resources/en.lproj/EffectItemViews.nib and /Applications/Affinity Designer Beta.app/Contents/Frameworks/libcocoaui.framework/Versions/A/Resources/en.lproj/EffectItemViews.nib differ
Binary files /Applications/Affinity Designer.app/Contents/Frameworks/libcocoaui.framework/Versions/A/Resources/en.lproj/EffectsPage.nib and /Applications/Affinity Designer Beta.app/Contents/Frameworks/libcocoaui.framework/Versions/A/Resources/en.lproj/EffectsPage.nib differ
Binary files /Applications/Affinity Designer.app/Contents/Frameworks/libcocoaui.framework/Versions/A/Resources/en.lproj/EffectsSettings.nib and /Applications/Affinity Designer Beta.app/Contents/Frameworks/libcocoaui.framework/Versions/A/Resources/en.lproj/EffectsSettings.nib differ
Binary files /Applications/Affinity Designer.app/Contents/Frameworks/libcocoaui.framework/Versions/A/Resources/en.lproj/EffectsSettingsListItem.nib and /Applications/Affinity Designer Beta.app/Contents/Frameworks/libcocoaui.framework/Versions/A/Resources/en.lproj/EffectsSettingsListItem.nib differ
Binary files /Applications/Affinity Designer.app/Contents/Frameworks/libcocoaui.framework/Versions/A/Resources/en.lproj/EmbossEffect.nib and /Applications/Affinity Designer Beta.app/Contents/Frameworks/libcocoaui.framework/Versions/A/Resources/en.lproj/EmbossEffect.nib differ
Binary files /Applications/Affinity Designer.app/Contents/Frameworks/libcocoaui.framework/Versions/A/Resources/en.lproj/EquationTransformEffect.nib and /Applications/Affinity Designer Beta.app/Contents/Frameworks/libcocoaui.framework/Versions/A/Resources/en.lproj/EquationTransformEffect.nib differ
Only in /Applications/Affinity Designer Beta.app/Contents/Frameworks/libcocoaui.framework/Versions/A/Resources/en.lproj/: EulaWindowController.nib
Binary files /Applications/Affinity Designer.app/Contents/Frameworks/libcocoaui.framework/Versions/A/Resources/en.lproj/ExportCubePanel.nib and /Applications/Affinity Designer Beta.app/Contents/Frameworks/libcocoaui.framework/Versions/A/Resources/en.lproj/ExportCubePanel.nib differ
Binary files /Applications/Affinity Designer.app/Contents/Frameworks/libcocoaui.framework/Versions/A/Resources/en.lproj/ExportFileItemView.nib and /Applications/Affinity Designer Beta.app/Contents/Frameworks/libcocoaui.framework/Versions/A/Resources/en.lproj/ExportFileItemView.nib differ
Binary files /Applications/Affinity Designer.app/Contents/Frameworks/libcocoaui.framework/Versions/A/Resources/en.lproj/ExportLayerItemView.nib and /Applications/Affinity Designer Beta.app/Contents/Frameworks/libcocoaui.framework/Versions/A/Resources/en.lproj/ExportLayerItemView.nib differ
Binary files /Applications/Affinity Designer.app/Contents/Frameworks/libcocoaui.framework/Versions/A/Resources/en.lproj/ExportLayerPage.nib and /Applications/Affinity Designer Beta.app/Contents/Frameworks/libcocoaui.framework/Versions/A/Resources/en.lproj/ExportLayerPage.nib differ
Binary files /Applications/Affinity Designer.app/Contents/Frameworks/libcocoaui.framework/Versions/A/Resources/en.lproj/ExportListConflicts.nib and /Applications/Affinity Designer Beta.app/Contents/Frameworks/libcocoaui.framework/Versions/A/Resources/en.lproj/ExportListConflicts.nib differ
Binary files /Applications/Affinity Designer.app/Contents/Frameworks/libcocoaui.framework/Versions/A/Resources/en.lproj/ExportOptionsPresetDetail.nib and /Applications/Affinity Designer Beta.app/Contents/Frameworks/libcocoaui.framework/Versions/A/Resources/en.lproj/ExportOptionsPresetDetail.nib differ
Binary files /Applications/Affinity Designer.app/Contents/Frameworks/libcocoaui.framework/Versions/A/Resources/en.lproj/ExportOptionsView.nib and /Applications/Affinity Designer Beta.app/Contents/Frameworks/libcocoaui.framework/Versions/A/Resources/en.lproj/ExportOptionsView.nib differ
Binary files /Applications/Affinity Designer.app/Contents/Frameworks/libcocoaui.framework/Versions/A/Resources/en.lproj/ExportPage.nib and /Applications/Affinity Designer Beta.app/Contents/Frameworks/libcocoaui.framework/Versions/A/Resources/en.lproj/ExportPage.nib differ
Binary files /Applications/Affinity Designer.app/Contents/Frameworks/libcocoaui.framework/Versions/A/Resources/en.lproj/ExportWindowController.nib and /Applications/Affinity Designer Beta.app/Contents/Frameworks/libcocoaui.framework/Versions/A/Resources/en.lproj/ExportWindowController.nib differ
Binary files /Applications/Affinity Designer.app/Contents/Frameworks/libcocoaui.framework/Versions/A/Resources/en.lproj/ExportableItemView.nib and /Applications/Affinity Designer Beta.app/Contents/Frameworks/libcocoaui.framework/Versions/A/Resources/en.lproj/ExportableItemView.nib differ
Binary files /Applications/Affinity Designer.app/Contents/Frameworks/libcocoaui.framework/Versions/A/Resources/en.lproj/ExportableItemsPage.nib and /Applications/Affinity Designer Beta.app/Contents/Frameworks/libcocoaui.framework/Versions/A/Resources/en.lproj/ExportableItemsPage.nib differ
Binary files /Applications/Affinity Designer.app/Contents/Frameworks/libcocoaui.framework/Versions/A/Resources/en.lproj/ExportablePathView.nib and /Applications/Affinity Designer Beta.app/Contents/Frameworks/libcocoaui.framework/Versions/A/Resources/en.lproj/ExportablePathView.nib differ
Binary files /Applications/Affinity Designer.app/Contents/Frameworks/libcocoaui.framework/Versions/A/Resources/en.lproj/ExportableScalePathView.nib and /Applications/Affinity Designer Beta.app/Contents/Frameworks/libcocoaui.framework/Versions/A/Resources/en.lproj/ExportableScalePathView.nib differ
Only in /Applications/Affinity Designer Beta.app/Contents/Frameworks/libcocoaui.framework/Versions/A/Resources/en.lproj/: ExpressionConstantItemViews.nib
Only in /Applications/Affinity Designer Beta.app/Contents/Frameworks/libcocoaui.framework/Versions/A/Resources/en.lproj/: ExpressionConstantsView.nib
Binary files /Applications/Affinity Designer.app/Contents/Frameworks/libcocoaui.framework/Versions/A/Resources/en.lproj/FFTDenoiseEffect.nib and /Applications/Affinity Designer Beta.app/Contents/Frameworks/libcocoaui.framework/Versions/A/Resources/en.lproj/FFTDenoiseEffect.nib differ
Binary files /Applications/Affinity Designer.app/Contents/Frameworks/libcocoaui.framework/Versions/A/Resources/en.lproj/FadeRewindEffect.nib and /Applications/Affinity Designer Beta.app/Contents/Frameworks/libcocoaui.framework/Versions/A/Resources/en.lproj/FadeRewindEffect.nib differ
Binary files /Applications/Affinity Designer.app/Contents/Frameworks/libcocoaui.framework/Versions/A/Resources/en.lproj/FeatherSelection.nib and /Applications/Affinity Designer Beta.app/Contents/Frameworks/libcocoaui.framework/Versions/A/Resources/en.lproj/FeatherSelection.nib differ
Only in /Applications/Affinity Designer Beta.app/Contents/Frameworks/libcocoaui.framework/Versions/A/Resources/en.lproj/: FeatureVariantItemView.nib
Binary files /Applications/Affinity Designer.app/Contents/Frameworks/libcocoaui.framework/Versions/A/Resources/en.lproj/FieldBlurEffect.nib and /Applications/Affinity Designer Beta.app/Contents/Frameworks/libcocoaui.framework/Versions/A/Resources/en.lproj/FieldBlurEffect.nib differ
Only in /Applications/Affinity Designer Beta.app/Contents/Frameworks/libcocoaui.framework/Versions/A/Resources/en.lproj/: FieldEditViewController.nib
Only in /Applications/Affinity Designer Beta.app/Contents/Frameworks/libcocoaui.framework/Versions/A/Resources/en.lproj/: FieldFormatPopupController.nib
Only in /Applications/Affinity Designer Beta.app/Contents/Frameworks/libcocoaui.framework/Versions/A/Resources/en.lproj/: FieldsPage.nib
Binary files /Applications/Affinity Designer.app/Contents/Frameworks/libcocoaui.framework/Versions/A/Resources/en.lproj/FilesystemPage.nib and /Applications/Affinity Designer Beta.app/Contents/Frameworks/libcocoaui.framework/Versions/A/Resources/en.lproj/FilesystemPage.nib differ
Binary files /Applications/Affinity Designer.app/Contents/Frameworks/libcocoaui.framework/Versions/A/Resources/en.lproj/FillEffect.nib and /Applications/Affinity Designer Beta.app/Contents/Frameworks/libcocoaui.framework/Versions/A/Resources/en.lproj/FillEffect.nib differ
Binary files /Applications/Affinity Designer.app/Contents/Frameworks/libcocoaui.framework/Versions/A/Resources/en.lproj/FillViewController.nib and /Applications/Affinity Designer Beta.app/Contents/Frameworks/libcocoaui.framework/Versions/A/Resources/en.lproj/FillViewController.nib differ
Only in /Applications/Affinity Designer Beta.app/Contents/Frameworks/libcocoaui.framework/Versions/A/Resources/en.lproj/: FindAndReplacePage.nib
Binary files /Applications/Affinity Designer.app/Contents/Frameworks/libcocoaui.framework/Versions/A/Resources/en.lproj/FontFamilyViewController.nib and /Applications/Affinity Designer Beta.app/Contents/Frameworks/libcocoaui.framework/Versions/A/Resources/en.lproj/FontFamilyViewController.nib differ
Binary files /Applications/Affinity Designer.app/Contents/Frameworks/libcocoaui.framework/Versions/A/Resources/en.lproj/FontManagerWindowController.nib and /Applications/Affinity Designer Beta.app/Contents/Frameworks/libcocoaui.framework/Versions/A/Resources/en.lproj/FontManagerWindowController.nib differ
Binary files /Applications/Affinity Designer.app/Contents/Frameworks/libcocoaui.framework/Versions/A/Resources/en.lproj/FrequencySeparationEffect.nib and /Applications/Affinity Designer Beta.app/Contents/Frameworks/libcocoaui.framework/Versions/A/Resources/en.lproj/FrequencySeparationEffect.nib differ
Only in /Applications/Affinity Designer Beta.app/Contents/Frameworks/libcocoaui.framework/Versions/A/Resources/en.lproj/: GPUItemView.nib
Only in /Applications/Affinity Designer Beta.app/Contents/Frameworks/libcocoaui.framework/Versions/A/Resources/en.lproj/: GPUPage.nib
Binary files /Applications/Affinity Designer.app/Contents/Frameworks/libcocoaui.framework/Versions/A/Resources/en.lproj/GaussianEffect.nib and /Applications/Affinity Designer Beta.app/Contents/Frameworks/libcocoaui.framework/Versions/A/Resources/en.lproj/GaussianEffect.nib differ
Binary files /Applications/Affinity Designer.app/Contents/Frameworks/libcocoaui.framework/Versions/A/Resources/en.lproj/GeolocationViewController.nib and /Applications/Affinity Designer Beta.app/Contents/Frameworks/libcocoaui.framework/Versions/A/Resources/en.lproj/GeolocationViewController.nib differ
Binary files /Applications/Affinity Designer.app/Contents/Frameworks/libcocoaui.framework/Versions/A/Resources/en.lproj/GlyphBrowserPage.nib and /Applications/Affinity Designer Beta.app/Contents/Frameworks/libcocoaui.framework/Versions/A/Resources/en.lproj/GlyphBrowserPage.nib differ
Only in /Applications/Affinity Designer Beta.app/Contents/Frameworks/libcocoaui.framework/Versions/A/Resources/en.lproj/: GlyphPickerView.nib
Only in /Applications/Affinity Designer Beta.app/Contents/Frameworks/libcocoaui.framework/Versions/A/Resources/en.lproj/: GotoMasterPageWindowController.nib
Only in /Applications/Affinity Designer Beta.app/Contents/Frameworks/libcocoaui.framework/Versions/A/Resources/en.lproj/: GotoPageWindowController.nib
Only in /Applications/Affinity Designer.app/Contents/Frameworks/libcocoaui.framework/Versions/A/Resources/en.lproj/: GradientEditorController.nib
Binary files /Applications/Affinity Designer.app/Contents/Frameworks/libcocoaui.framework/Versions/A/Resources/en.lproj/GradientEditorView.nib and /Applications/Affinity Designer Beta.app/Contents/Frameworks/libcocoaui.framework/Versions/A/Resources/en.lproj/GradientEditorView.nib differ
Binary files /Applications/Affinity Designer.app/Contents/Frameworks/libcocoaui.framework/Versions/A/Resources/en.lproj/GridsViewController.nib and /Applications/Affinity Designer Beta.app/Contents/Frameworks/libcocoaui.framework/Versions/A/Resources/en.lproj/GridsViewController.nib differ
Binary files /Applications/Affinity Designer.app/Contents/Frameworks/libcocoaui.framework/Versions/A/Resources/en.lproj/GridsViewControllerAdvance.nib and /Applications/Affinity Designer Beta.app/Contents/Frameworks/libcocoaui.framework/Versions/A/Resources/en.lproj/GridsViewControllerAdvance.nib differ
Binary files /Applications/Affinity Designer.app/Contents/Frameworks/libcocoaui.framework/Versions/A/Resources/en.lproj/GridsWindowController.nib and /Applications/Affinity Designer Beta.app/Contents/Frameworks/libcocoaui.framework/Versions/A/Resources/en.lproj/GridsWindowController.nib differ
Binary files /Applications/Affinity Designer.app/Contents/Frameworks/libcocoaui.framework/Versions/A/Resources/en.lproj/GrowShrinkSelection.nib and /Applications/Affinity Designer Beta.app/Contents/Frameworks/libcocoaui.framework/Versions/A/Resources/en.lproj/GrowShrinkSelection.nib differ
Binary files /Applications/Affinity Designer.app/Contents/Frameworks/libcocoaui.framework/Versions/A/Resources/en.lproj/GuidesWindowController.nib and /Applications/Affinity Designer Beta.app/Contents/Frameworks/libcocoaui.framework/Versions/A/Resources/en.lproj/GuidesWindowController.nib differ
Binary files /Applications/Affinity Designer.app/Contents/Frameworks/libcocoaui.framework/Versions/A/Resources/en.lproj/HDRPreviewPage.nib and /Applications/Affinity Designer Beta.app/Contents/Frameworks/libcocoaui.framework/Versions/A/Resources/en.lproj/HDRPreviewPage.nib differ
Binary files /Applications/Affinity Designer.app/Contents/Frameworks/libcocoaui.framework/Versions/A/Resources/en.lproj/HalftoneEffect.nib and /Applications/Affinity Designer Beta.app/Contents/Frameworks/libcocoaui.framework/Versions/A/Resources/en.lproj/HalftoneEffect.nib differ
Binary files /Applications/Affinity Designer.app/Contents/Frameworks/libcocoaui.framework/Versions/A/Resources/en.lproj/HazeRemovalEffect.nib and /Applications/Affinity Designer Beta.app/Contents/Frameworks/libcocoaui.framework/Versions/A/Resources/en.lproj/HazeRemovalEffect.nib differ
Binary files /Applications/Affinity Designer.app/Contents/Frameworks/libcocoaui.framework/Versions/A/Resources/en.lproj/HighPassEffect.nib and /Applications/Affinity Designer Beta.app/Contents/Frameworks/libcocoaui.framework/Versions/A/Resources/en.lproj/HighPassEffect.nib differ
Binary files /Applications/Affinity Designer.app/Contents/Frameworks/libcocoaui.framework/Versions/A/Resources/en.lproj/HistogramPage.nib and /Applications/Affinity Designer Beta.app/Contents/Frameworks/libcocoaui.framework/Versions/A/Resources/en.lproj/HistogramPage.nib differ
Binary files /Applications/Affinity Designer.app/Contents/Frameworks/libcocoaui.framework/Versions/A/Resources/en.lproj/HistoryItemView.nib and /Applications/Affinity Designer Beta.app/Contents/Frameworks/libcocoaui.framework/Versions/A/Resources/en.lproj/HistoryItemView.nib differ
Binary files /Applications/Affinity Designer.app/Contents/Frameworks/libcocoaui.framework/Versions/A/Resources/en.lproj/HistoryPage.nib and /Applications/Affinity Designer Beta.app/Contents/Frameworks/libcocoaui.framework/Versions/A/Resources/en.lproj/HistoryPage.nib differ
Only in /Applications/Affinity Designer Beta.app/Contents/Frameworks/libcocoaui.framework/Versions/A/Resources/en.lproj/: HyperlinkPage.nib
Only in /Applications/Affinity Designer.app/Contents/Frameworks/libcocoaui.framework/Versions/A/Resources/en.lproj/: ICCProfilePanel.nib
Only in /Applications/Affinity Designer Beta.app/Contents/Frameworks/libcocoaui.framework/Versions/A/Resources/en.lproj/: IndexCrossReferenceWindowController.nib
Only in /Applications/Affinity Designer Beta.app/Contents/Frameworks/libcocoaui.framework/Versions/A/Resources/en.lproj/: IndexFindResultsViewController.nib
Only in /Applications/Affinity Designer Beta.app/Contents/Frameworks/libcocoaui.framework/Versions/A/Resources/en.lproj/: IndexMarkWindowController.nib
Only in /Applications/Affinity Designer Beta.app/Contents/Frameworks/libcocoaui.framework/Versions/A/Resources/en.lproj/: IndexPage.nib
Binary files /Applications/Affinity Designer.app/Contents/Frameworks/libcocoaui.framework/Versions/A/Resources/en.lproj/InfoItemView.nib and /Applications/Affinity Designer Beta.app/Contents/Frameworks/libcocoaui.framework/Versions/A/Resources/en.lproj/InfoItemView.nib differ
Binary files /Applications/Affinity Designer.app/Contents/Frameworks/libcocoaui.framework/Versions/A/Resources/en.lproj/InformationPage.nib and /Applications/Affinity Designer Beta.app/Contents/Frameworks/libcocoaui.framework/Versions/A/Resources/en.lproj/InformationPage.nib differ
Binary files /Applications/Affinity Designer.app/Contents/Frameworks/libcocoaui.framework/Versions/A/Resources/en.lproj/KeyboardShortcutWindowController.nib and /Applications/Affinity Designer Beta.app/Contents/Frameworks/libcocoaui.framework/Versions/A/Resources/en.lproj/KeyboardShortcutWindowController.nib differ
Binary files /Applications/Affinity Designer.app/Contents/Frameworks/libcocoaui.framework/Versions/A/Resources/en.lproj/KeywordsPage.nib and /Applications/Affinity Designer Beta.app/Contents/Frameworks/libcocoaui.framework/Versions/A/Resources/en.lproj/KeywordsPage.nib differ
Binary files /Applications/Affinity Designer.app/Contents/Frameworks/libcocoaui.framework/Versions/A/Resources/en.lproj/LayerItemView.nib and /Applications/Affinity Designer Beta.app/Contents/Frameworks/libcocoaui.framework/Versions/A/Resources/en.lproj/LayerItemView.nib differ
Binary files /Applications/Affinity Designer.app/Contents/Frameworks/libcocoaui.framework/Versions/A/Resources/en.lproj/LayerPage.nib and /Applications/Affinity Designer Beta.app/Contents/Frameworks/libcocoaui.framework/Versions/A/Resources/en.lproj/LayerPage.nib differ
Binary files /Applications/Affinity Designer.app/Contents/Frameworks/libcocoaui.framework/Versions/A/Resources/en.lproj/LayerPropertiesViewController.nib and /Applications/Affinity Designer Beta.app/Contents/Frameworks/libcocoaui.framework/Versions/A/Resources/en.lproj/LayerPropertiesViewController.nib differ
Binary files /Applications/Affinity Designer.app/Contents/Frameworks/libcocoaui.framework/Versions/A/Resources/en.lproj/LensBlurEffect.nib and /Applications/Affinity Designer Beta.app/Contents/Frameworks/libcocoaui.framework/Versions/A/Resources/en.lproj/LensBlurEffect.nib differ
Binary files /Applications/Affinity Designer.app/Contents/Frameworks/libcocoaui.framework/Versions/A/Resources/en.lproj/LensDistortionEffect.nib and /Applications/Affinity Designer Beta.app/Contents/Frameworks/libcocoaui.framework/Versions/A/Resources/en.lproj/LensDistortionEffect.nib differ
Binary files /Applications/Affinity Designer.app/Contents/Frameworks/libcocoaui.framework/Versions/A/Resources/en.lproj/LightingEffect.nib and /Applications/Affinity Designer Beta.app/Contents/Frameworks/libcocoaui.framework/Versions/A/Resources/en.lproj/LightingEffect.nib differ
Binary files /Applications/Affinity Designer.app/Contents/Frameworks/libcocoaui.framework/Versions/A/Resources/en.lproj/LinePage.nib and /Applications/Affinity Designer Beta.app/Contents/Frameworks/libcocoaui.framework/Versions/A/Resources/en.lproj/LinePage.nib differ
Binary files /Applications/Affinity Designer.app/Contents/Frameworks/libcocoaui.framework/Versions/A/Resources/en.lproj/LiquifyBrushPage.nib and /Applications/Affinity Designer Beta.app/Contents/Frameworks/libcocoaui.framework/Versions/A/Resources/en.lproj/LiquifyBrushPage.nib differ
Binary files /Applications/Affinity Designer.app/Contents/Frameworks/libcocoaui.framework/Versions/A/Resources/en.lproj/LiquifyMaskPage.nib and /Applications/Affinity Designer Beta.app/Contents/Frameworks/libcocoaui.framework/Versions/A/Resources/en.lproj/LiquifyMaskPage.nib differ
Binary files /Applications/Affinity Designer.app/Contents/Frameworks/libcocoaui.framework/Versions/A/Resources/en.lproj/LiquifyMeshPage.nib and /Applications/Affinity Designer Beta.app/Contents/Frameworks/libcocoaui.framework/Versions/A/Resources/en.lproj/LiquifyMeshPage.nib differ
Binary files /Applications/Affinity Designer.app/Contents/Frameworks/libcocoaui.framework/Versions/A/Resources/en.lproj/LoadOptionsWindow.nib and /Applications/Affinity Designer Beta.app/Contents/Frameworks/libcocoaui.framework/Versions/A/Resources/en.lproj/LoadOptionsWindow.nib differ
Only in /Applications/Affinity Designer Beta.app/Contents/Frameworks/libcocoaui.framework/Versions/A/Resources/en.lproj/: LoadingFontProgressWindowController.nib
Binary files /Applications/Affinity Designer.app/Contents/Frameworks/libcocoaui.framework/Versions/A/Resources/en.lproj/Localizable.strings and /Applications/Affinity Designer Beta.app/Contents/Frameworks/libcocoaui.framework/Versions/A/Resources/en.lproj/Localizable.strings differ
Binary files /Applications/Affinity Designer.app/Contents/Frameworks/libcocoaui.framework/Versions/A/Resources/en.lproj/MacroCategoryItemView.nib and /Applications/Affinity Designer Beta.app/Contents/Frameworks/libcocoaui.framework/Versions/A/Resources/en.lproj/MacroCategoryItemView.nib differ
Binary files /Applications/Affinity Designer.app/Contents/Frameworks/libcocoaui.framework/Versions/A/Resources/en.lproj/MacroEditViewController.nib and /Applications/Affinity Designer Beta.app/Contents/Frameworks/libcocoaui.framework/Versions/A/Resources/en.lproj/MacroEditViewController.nib differ
Binary files /Applications/Affinity Designer.app/Contents/Frameworks/libcocoaui.framework/Versions/A/Resources/en.lproj/MacroEffect.nib and /Applications/Affinity Designer Beta.app/Contents/Frameworks/libcocoaui.framework/Versions/A/Resources/en.lproj/MacroEffect.nib differ
Binary files /Applications/Affinity Designer.app/Contents/Frameworks/libcocoaui.framework/Versions/A/Resources/en.lproj/MacroItemView.nib and /Applications/Affinity Designer Beta.app/Contents/Frameworks/libcocoaui.framework/Versions/A/Resources/en.lproj/MacroItemView.nib differ
Binary files /Applications/Affinity Designer.app/Contents/Frameworks/libcocoaui.framework/Versions/A/Resources/en.lproj/MacroPage.nib and /Applications/Affinity Designer Beta.app/Contents/Frameworks/libcocoaui.framework/Versions/A/Resources/en.lproj/MacroPage.nib differ
Binary files /Applications/Affinity Designer.app/Contents/Frameworks/libcocoaui.framework/Versions/A/Resources/en.lproj/MacroSelectLayerPanel.nib and /Applications/Affinity Designer Beta.app/Contents/Frameworks/libcocoaui.framework/Versions/A/Resources/en.lproj/MacroSelectLayerPanel.nib differ
Binary files /Applications/Affinity Designer.app/Contents/Frameworks/libcocoaui.framework/Versions/A/Resources/en.lproj/MacrosItemView.nib and /Applications/Affinity Designer Beta.app/Contents/Frameworks/libcocoaui.framework/Versions/A/Resources/en.lproj/MacrosItemView.nib differ
Binary files /Applications/Affinity Designer.app/Contents/Frameworks/libcocoaui.framework/Versions/A/Resources/en.lproj/MacrosPage.nib and /Applications/Affinity Designer Beta.app/Contents/Frameworks/libcocoaui.framework/Versions/A/Resources/en.lproj/MacrosPage.nib differ
Binary files /Applications/Affinity Designer.app/Contents/Frameworks/libcocoaui.framework/Versions/A/Resources/en.lproj/MainWindow.nib and /Applications/Affinity Designer Beta.app/Contents/Frameworks/libcocoaui.framework/Versions/A/Resources/en.lproj/MainWindow.nib differ
Only in /Applications/Affinity Designer Beta.app/Contents/Frameworks/libcocoaui.framework/Versions/A/Resources/en.lproj/: MasterPlacementController.nib
Binary files /Applications/Affinity Designer.app/Contents/Frameworks/libcocoaui.framework/Versions/A/Resources/en.lproj/MatteEffect.nib and /Applications/Affinity Designer Beta.app/Contents/Frameworks/libcocoaui.framework/Versions/A/Resources/en.lproj/MatteEffect.nib differ
Binary files /Applications/Affinity Designer.app/Contents/Frameworks/libcocoaui.framework/Versions/A/Resources/en.lproj/MaximumEffect.nib and /Applications/Affinity Designer Beta.app/Contents/Frameworks/libcocoaui.framework/Versions/A/Resources/en.lproj/MaximumEffect.nib differ
Binary files /Applications/Affinity Designer.app/Contents/Frameworks/libcocoaui.framework/Versions/A/Resources/en.lproj/MedianEffect.nib and /Applications/Affinity Designer Beta.app/Contents/Frameworks/libcocoaui.framework/Versions/A/Resources/en.lproj/MedianEffect.nib differ
Only in /Applications/Affinity Designer Beta.app/Contents/Frameworks/libcocoaui.framework/Versions/A/Resources/en.lproj/: MergeTableFormats.nib
Binary files /Applications/Affinity Designer.app/Contents/Frameworks/libcocoaui.framework/Versions/A/Resources/en.lproj/MergeTextStyles.nib and /Applications/Affinity Designer Beta.app/Contents/Frameworks/libcocoaui.framework/Versions/A/Resources/en.lproj/MergeTextStyles.nib differ
Binary files /Applications/Affinity Designer.app/Contents/Frameworks/libcocoaui.framework/Versions/A/Resources/en.lproj/MinimumEffect.nib and /Applications/Affinity Designer Beta.app/Contents/Frameworks/libcocoaui.framework/Versions/A/Resources/en.lproj/MinimumEffect.nib differ
Binary files /Applications/Affinity Designer.app/Contents/Frameworks/libcocoaui.framework/Versions/A/Resources/en.lproj/MirrorEffect.nib and /Applications/Affinity Designer Beta.app/Contents/Frameworks/libcocoaui.framework/Versions/A/Resources/en.lproj/MirrorEffect.nib differ
Binary files /Applications/Affinity Designer.app/Contents/Frameworks/libcocoaui.framework/Versions/A/Resources/en.lproj/MotionBlurEffect.nib and /Applications/Affinity Designer Beta.app/Contents/Frameworks/libcocoaui.framework/Versions/A/Resources/en.lproj/MotionBlurEffect.nib differ
Binary files /Applications/Affinity Designer.app/Contents/Frameworks/libcocoaui.framework/Versions/A/Resources/en.lproj/NavigatorPage.nib and /Applications/Affinity Designer Beta.app/Contents/Frameworks/libcocoaui.framework/Versions/A/Resources/en.lproj/NavigatorPage.nib differ
Binary files /Applications/Affinity Designer.app/Contents/Frameworks/libcocoaui.framework/Versions/A/Resources/en.lproj/NewBatchPanel.nib and /Applications/Affinity Designer Beta.app/Contents/Frameworks/libcocoaui.framework/Versions/A/Resources/en.lproj/NewBatchPanel.nib differ
Only in /Applications/Affinity Designer Beta.app/Contents/Frameworks/libcocoaui.framework/Versions/A/Resources/en.lproj/: NewClarityEffect.nib
Binary files /Applications/Affinity Designer.app/Contents/Frameworks/libcocoaui.framework/Versions/A/Resources/en.lproj/NewDocPanel MultiSpread.nib and /Applications/Affinity Designer Beta.app/Contents/Frameworks/libcocoaui.framework/Versions/A/Resources/en.lproj/NewDocPanel MultiSpread.nib differ
Binary files /Applications/Affinity Designer.app/Contents/Frameworks/libcocoaui.framework/Versions/A/Resources/en.lproj/NewDocPanel.nib and /Applications/Affinity Designer Beta.app/Contents/Frameworks/libcocoaui.framework/Versions/A/Resources/en.lproj/NewDocPanel.nib differ
Binary files /Applications/Affinity Designer.app/Contents/Frameworks/libcocoaui.framework/Versions/A/Resources/en.lproj/NewFocusMergePanel.nib and /Applications/Affinity Designer Beta.app/Contents/Frameworks/libcocoaui.framework/Versions/A/Resources/en.lproj/NewFocusMergePanel.nib differ
Binary files /Applications/Affinity Designer.app/Contents/Frameworks/libcocoaui.framework/Versions/A/Resources/en.lproj/NewHDRMergePanel.nib and /Applications/Affinity Designer Beta.app/Contents/Frameworks/libcocoaui.framework/Versions/A/Resources/en.lproj/NewHDRMergePanel.nib differ
Binary files /Applications/Affinity Designer.app/Contents/Frameworks/libcocoaui.framework/Versions/A/Resources/en.lproj/NewPanoramaPanel.nib and /Applications/Affinity Designer Beta.app/Contents/Frameworks/libcocoaui.framework/Versions/A/Resources/en.lproj/NewPanoramaPanel.nib differ
Only in /Applications/Affinity Designer Beta.app/Contents/Frameworks/libcocoaui.framework/Versions/A/Resources/en.lproj/: NewShadowsHighlightsEffect.nib
Binary files /Applications/Affinity Designer.app/Contents/Frameworks/libcocoaui.framework/Versions/A/Resources/en.lproj/NewStackPanel.nib and /Applications/Affinity Designer Beta.app/Contents/Frameworks/libcocoaui.framework/Versions/A/Resources/en.lproj/NewStackPanel.nib differ
Binary files /Applications/Affinity Designer.app/Contents/Frameworks/libcocoaui.framework/Versions/A/Resources/en.lproj/NoiseEffect.nib and /Applications/Affinity Designer Beta.app/Contents/Frameworks/libcocoaui.framework/Versions/A/Resources/en.lproj/NoiseEffect.nib differ
Only in /Applications/Affinity Designer Beta.app/Contents/Frameworks/libcocoaui.framework/Versions/A/Resources/en.lproj/: NoiseReductionEffect.nib
Binary files /Applications/Affinity Designer.app/Contents/Frameworks/libcocoaui.framework/Versions/A/Resources/en.lproj/OpenAccessoryViewController.nib and /Applications/Affinity Designer Beta.app/Contents/Frameworks/libcocoaui.framework/Versions/A/Resources/en.lproj/OpenAccessoryViewController.nib differ
Binary files /Applications/Affinity Designer.app/Contents/Frameworks/libcocoaui.framework/Versions/A/Resources/en.lproj/OpenImageAccessoryViewController.nib and /Applications/Affinity Designer Beta.app/Contents/Frameworks/libcocoaui.framework/Versions/A/Resources/en.lproj/OpenImageAccessoryViewController.nib differ
Binary files /Applications/Affinity Designer.app/Contents/Frameworks/libcocoaui.framework/Versions/A/Resources/en.lproj/OpenTypeWindowController.nib and /Applications/Affinity Designer Beta.app/Contents/Frameworks/libcocoaui.framework/Versions/A/Resources/en.lproj/OpenTypeWindowController.nib differ
Binary files /Applications/Affinity Designer.app/Contents/Frameworks/libcocoaui.framework/Versions/A/Resources/en.lproj/OutlineSelection.nib and /Applications/Affinity Designer Beta.app/Contents/Frameworks/libcocoaui.framework/Versions/A/Resources/en.lproj/OutlineSelection.nib differ
Binary files /Applications/Affinity Designer.app/Contents/Frameworks/libcocoaui.framework/Versions/A/Resources/en.lproj/Page Setup.nib and /Applications/Affinity Designer Beta.app/Contents/Frameworks/libcocoaui.framework/Versions/A/Resources/en.lproj/Page Setup.nib differ
Only in /Applications/Affinity Designer Beta.app/Contents/Frameworks/libcocoaui.framework/Versions/A/Resources/en.lproj/: PageNavigationBar.nib
Binary files /Applications/Affinity Designer.app/Contents/Frameworks/libcocoaui.framework/Versions/A/Resources/en.lproj/PageSetupWindowController.nib and /Applications/Affinity Designer Beta.app/Contents/Frameworks/libcocoaui.framework/Versions/A/Resources/en.lproj/PageSetupWindowController.nib differ
Binary files /Applications/Affinity Designer.app/Contents/Frameworks/libcocoaui.framework/Versions/A/Resources/en.lproj/PagesPage.nib and /Applications/Affinity Designer Beta.app/Contents/Frameworks/libcocoaui.framework/Versions/A/Resources/en.lproj/PagesPage.nib differ
Binary files /Applications/Affinity Designer.app/Contents/Frameworks/libcocoaui.framework/Versions/A/Resources/en.lproj/PaletteModel.nib and /Applications/Affinity Designer Beta.app/Contents/Frameworks/libcocoaui.framework/Versions/A/Resources/en.lproj/PaletteModel.nib differ
Binary files /Applications/Affinity Designer.app/Contents/Frameworks/libcocoaui.framework/Versions/A/Resources/en.lproj/PalettisationView.nib and /Applications/Affinity Designer Beta.app/Contents/Frameworks/libcocoaui.framework/Versions/A/Resources/en.lproj/PalettisationView.nib differ
Binary files /Applications/Affinity Designer.app/Contents/Frameworks/libcocoaui.framework/Versions/A/Resources/en.lproj/PanoramaItemView.nib and /Applications/Affinity Designer Beta.app/Contents/Frameworks/libcocoaui.framework/Versions/A/Resources/en.lproj/PanoramaItemView.nib differ
Binary files /Applications/Affinity Designer.app/Contents/Frameworks/libcocoaui.framework/Versions/A/Resources/en.lproj/PanoramaSourceItemView.nib and /Applications/Affinity Designer Beta.app/Contents/Frameworks/libcocoaui.framework/Versions/A/Resources/en.lproj/PanoramaSourceItemView.nib differ
Binary files /Applications/Affinity Designer.app/Contents/Frameworks/libcocoaui.framework/Versions/A/Resources/en.lproj/ParagraphPage.nib and /Applications/Affinity Designer Beta.app/Contents/Frameworks/libcocoaui.framework/Versions/A/Resources/en.lproj/ParagraphPage.nib differ
Binary files /Applications/Affinity Designer.app/Contents/Frameworks/libcocoaui.framework/Versions/A/Resources/en.lproj/PerlinNoiseEffect.nib and /Applications/Affinity Designer Beta.app/Contents/Frameworks/libcocoaui.framework/Versions/A/Resources/en.lproj/PerlinNoiseEffect.nib differ
Binary files /Applications/Affinity Designer.app/Contents/Frameworks/libcocoaui.framework/Versions/A/Resources/en.lproj/PerspectiveEffect.nib and /Applications/Affinity Designer Beta.app/Contents/Frameworks/libcocoaui.framework/Versions/A/Resources/en.lproj/PerspectiveEffect.nib differ
Only in /Applications/Affinity Designer Beta.app/Contents/Frameworks/libcocoaui.framework/Versions/A/Resources/en.lproj/: PictureFramePage.nib
Binary files /Applications/Affinity Designer.app/Contents/Frameworks/libcocoaui.framework/Versions/A/Resources/en.lproj/PinchPunchEffect.nib and /Applications/Affinity Designer Beta.app/Contents/Frameworks/libcocoaui.framework/Versions/A/Resources/en.lproj/PinchPunchEffect.nib differ
Binary files /Applications/Affinity Designer.app/Contents/Frameworks/libcocoaui.framework/Versions/A/Resources/en.lproj/PixelateEffect.nib and /Applications/Affinity Designer Beta.app/Contents/Frameworks/libcocoaui.framework/Versions/A/Resources/en.lproj/PixelateEffect.nib differ
Only in /Applications/Affinity Designer Beta.app/Contents/Frameworks/libcocoaui.framework/Versions/A/Resources/en.lproj/: PlaceToolSourcesPage.nib
Only in /Applications/Affinity Designer Beta.app/Contents/Frameworks/libcocoaui.framework/Versions/A/Resources/en.lproj/: PlanesPage.nib
Binary files /Applications/Affinity Designer.app/Contents/Frameworks/libcocoaui.framework/Versions/A/Resources/en.lproj/Preferences.nib and /Applications/Affinity Designer Beta.app/Contents/Frameworks/libcocoaui.framework/Versions/A/Resources/en.lproj/Preferences.nib differ
Only in /Applications/Affinity Designer Beta.app/Contents/Frameworks/libcocoaui.framework/Versions/A/Resources/en.lproj/: PresetCreate.nib
Only in /Applications/Affinity Designer Beta.app/Contents/Frameworks/libcocoaui.framework/Versions/A/Resources/en.lproj/: PresetItemView.nib
Only in /Applications/Affinity Designer Beta.app/Contents/Frameworks/libcocoaui.framework/Versions/A/Resources/en.lproj/: PresetManager.nib
Only in /Applications/Affinity Designer Beta.app/Contents/Frameworks/libcocoaui.framework/Versions/A/Resources/en.lproj/: PresetRename.nib
Only in /Applications/Affinity Designer Beta.app/Contents/Frameworks/libcocoaui.framework/Versions/A/Resources/en.lproj/: PresetReplace.nib
Binary files /Applications/Affinity Designer.app/Contents/Frameworks/libcocoaui.framework/Versions/A/Resources/en.lproj/PresetsPage.nib and /Applications/Affinity Designer Beta.app/Contents/Frameworks/libcocoaui.framework/Versions/A/Resources/en.lproj/PresetsPage.nib differ
Binary files /Applications/Affinity Designer.app/Contents/Frameworks/libcocoaui.framework/Versions/A/Resources/en.lproj/PressureViewController.nib and /Applications/Affinity Designer Beta.app/Contents/Frameworks/libcocoaui.framework/Versions/A/Resources/en.lproj/PressureViewController.nib differ
Only in /Applications/Affinity Designer Beta.app/Contents/Frameworks/libcocoaui.framework/Versions/A/Resources/en.lproj/: PrintLayoutAccessoryViewController.nib
Binary files /Applications/Affinity Designer.app/Contents/Frameworks/libcocoaui.framework/Versions/A/Resources/en.lproj/PrintersMarksAccessoryView.nib and /Applications/Affinity Designer Beta.app/Contents/Frameworks/libcocoaui.framework/Versions/A/Resources/en.lproj/PrintersMarksAccessoryView.nib differ
Binary files /Applications/Affinity Designer.app/Contents/Frameworks/libcocoaui.framework/Versions/A/Resources/en.lproj/PrintingAccessoryViewController.nib and /Applications/Affinity Designer Beta.app/Contents/Frameworks/libcocoaui.framework/Versions/A/Resources/en.lproj/PrintingAccessoryViewController.nib differ
Only in /Applications/Affinity Designer Beta.app/Contents/Frameworks/libcocoaui.framework/Versions/A/Resources/en.lproj/: ProceduralTexture.nib
Only in /Applications/Affinity Designer Beta.app/Contents/Frameworks/libcocoaui.framework/Versions/A/Resources/en.lproj/: ProceduralTextureEquationView.nib
Only in /Applications/Affinity Designer Beta.app/Contents/Frameworks/libcocoaui.framework/Versions/A/Resources/en.lproj/: ProductKeyWindow.nib
Binary files /Applications/Affinity Designer.app/Contents/Frameworks/libcocoaui.framework/Versions/A/Resources/en.lproj/ProfileEditorView.nib and /Applications/Affinity Designer Beta.app/Contents/Frameworks/libcocoaui.framework/Versions/A/Resources/en.lproj/ProfileEditorView.nib differ
Binary files /Applications/Affinity Designer.app/Contents/Frameworks/libcocoaui.framework/Versions/A/Resources/en.lproj/ProgressPanel.nib and /Applications/Affinity Designer Beta.app/Contents/Frameworks/libcocoaui.framework/Versions/A/Resources/en.lproj/ProgressPanel.nib differ
Binary files /Applications/Affinity Designer.app/Contents/Frameworks/libcocoaui.framework/Versions/A/Resources/en.lproj/RadialBlurEffect.nib and /Applications/Affinity Designer Beta.app/Contents/Frameworks/libcocoaui.framework/Versions/A/Resources/en.lproj/RadialBlurEffect.nib differ
Binary files /Applications/Affinity Designer.app/Contents/Frameworks/libcocoaui.framework/Versions/A/Resources/en.lproj/RasteriseOptionsPanel.nib and /Applications/Affinity Designer Beta.app/Contents/Frameworks/libcocoaui.framework/Versions/A/Resources/en.lproj/RasteriseOptionsPanel.nib differ
Binary files /Applications/Affinity Designer.app/Contents/Frameworks/libcocoaui.framework/Versions/A/Resources/en.lproj/RefineSelection.nib and /Applications/Affinity Designer Beta.app/Contents/Frameworks/libcocoaui.framework/Versions/A/Resources/en.lproj/RefineSelection.nib differ
Binary files /Applications/Affinity Designer.app/Contents/Frameworks/libcocoaui.framework/Versions/A/Resources/en.lproj/RemoveVignetteEffect.nib and /Applications/Affinity Designer Beta.app/Contents/Frameworks/libcocoaui.framework/Versions/A/Resources/en.lproj/RemoveVignetteEffect.nib differ
Binary files /Applications/Affinity Designer.app/Contents/Frameworks/libcocoaui.framework/Versions/A/Resources/en.lproj/ResizeCanvasPanel.nib and /Applications/Affinity Designer Beta.app/Contents/Frameworks/libcocoaui.framework/Versions/A/Resources/en.lproj/ResizeCanvasPanel.nib differ
Binary files /Applications/Affinity Designer.app/Contents/Frameworks/libcocoaui.framework/Versions/A/Resources/en.lproj/ResizePanel.nib and /Applications/Affinity Designer Beta.app/Contents/Frameworks/libcocoaui.framework/Versions/A/Resources/en.lproj/ResizePanel.nib differ
Binary files /Applications/Affinity Designer.app/Contents/Frameworks/libcocoaui.framework/Versions/A/Resources/en.lproj/ResizePixelArtPanel.nib and /Applications/Affinity Designer Beta.app/Contents/Frameworks/libcocoaui.framework/Versions/A/Resources/en.lproj/ResizePixelArtPanel.nib differ
Binary files /Applications/Affinity Designer.app/Contents/Frameworks/libcocoaui.framework/Versions/A/Resources/en.lproj/ResourceManagerWindowController.nib and /Applications/Affinity Designer Beta.app/Contents/Frameworks/libcocoaui.framework/Versions/A/Resources/en.lproj/ResourceManagerWindowController.nib differ
Binary files /Applications/Affinity Designer.app/Contents/Frameworks/libcocoaui.framework/Versions/A/Resources/en.lproj/RippleEffect.nib and /Applications/Affinity Designer Beta.app/Contents/Frameworks/libcocoaui.framework/Versions/A/Resources/en.lproj/RippleEffect.nib differ
Binary files /Applications/Affinity Designer.app/Contents/Frameworks/libcocoaui.framework/Versions/A/Resources/en.lproj/SaveAccessoryViewController.nib and /Applications/Affinity Designer Beta.app/Contents/Frameworks/libcocoaui.framework/Versions/A/Resources/en.lproj/SaveAccessoryViewController.nib differ
Binary files /Applications/Affinity Designer.app/Contents/Frameworks/libcocoaui.framework/Versions/A/Resources/en.lproj/ScanningController.nib and /Applications/Affinity Designer Beta.app/Contents/Frameworks/libcocoaui.framework/Versions/A/Resources/en.lproj/ScanningController.nib differ
Only in /Applications/Affinity Designer Beta.app/Contents/Frameworks/libcocoaui.framework/Versions/A/Resources/en.lproj/: SectionsWindowController.nib
Binary files /Applications/Affinity Designer.app/Contents/Frameworks/libcocoaui.framework/Versions/A/Resources/en.lproj/SelectDocument.nib and /Applications/Affinity Designer Beta.app/Contents/Frameworks/libcocoaui.framework/Versions/A/Resources/en.lproj/SelectDocument.nib differ
Binary files /Applications/Affinity Designer.app/Contents/Frameworks/libcocoaui.framework/Versions/A/Resources/en.lproj/SelectSampledColour.nib and /Applications/Affinity Designer Beta.app/Contents/Frameworks/libcocoaui.framework/Versions/A/Resources/en.lproj/SelectSampledColour.nib differ
Binary files /Applications/Affinity Designer.app/Contents/Frameworks/libcocoaui.framework/Versions/A/Resources/en.lproj/ShadowsHighlightsEffect.nib and /Applications/Affinity Designer Beta.app/Contents/Frameworks/libcocoaui.framework/Versions/A/Resources/en.lproj/ShadowsHighlightsEffect.nib differ
Binary files /Applications/Affinity Designer.app/Contents/Frameworks/libcocoaui.framework/Versions/A/Resources/en.lproj/ShearEffect.nib and /Applications/Affinity Designer Beta.app/Contents/Frameworks/libcocoaui.framework/Versions/A/Resources/en.lproj/ShearEffect.nib differ
Binary files /Applications/Affinity Designer.app/Contents/Frameworks/libcocoaui.framework/Versions/A/Resources/en.lproj/SmoothSelection.nib and /Applications/Affinity Designer Beta.app/Contents/Frameworks/libcocoaui.framework/Versions/A/Resources/en.lproj/SmoothSelection.nib differ
Binary files /Applications/Affinity Designer.app/Contents/Frameworks/libcocoaui.framework/Versions/A/Resources/en.lproj/SnappingOptions.nib and /Applications/Affinity Designer Beta.app/Contents/Frameworks/libcocoaui.framework/Versions/A/Resources/en.lproj/SnappingOptions.nib differ
Binary files /Applications/Affinity Designer.app/Contents/Frameworks/libcocoaui.framework/Versions/A/Resources/en.lproj/SnappingOptionsViewController.nib and /Applications/Affinity Designer Beta.app/Contents/Frameworks/libcocoaui.framework/Versions/A/Resources/en.lproj/SnappingOptionsViewController.nib differ
Binary files /Applications/Affinity Designer.app/Contents/Frameworks/libcocoaui.framework/Versions/A/Resources/en.lproj/SnapshotItemView.nib and /Applications/Affinity Designer Beta.app/Contents/Frameworks/libcocoaui.framework/Versions/A/Resources/en.lproj/SnapshotItemView.nib differ
Binary files /Applications/Affinity Designer.app/Contents/Frameworks/libcocoaui.framework/Versions/A/Resources/en.lproj/SnapshotsPage.nib and /Applications/Affinity Designer Beta.app/Contents/Frameworks/libcocoaui.framework/Versions/A/Resources/en.lproj/SnapshotsPage.nib differ
Binary files /Applications/Affinity Designer.app/Contents/Frameworks/libcocoaui.framework/Versions/A/Resources/en.lproj/SpellingWindowController.nib and /Applications/Affinity Designer Beta.app/Contents/Frameworks/libcocoaui.framework/Versions/A/Resources/en.lproj/SpellingWindowController.nib differ
Binary files /Applications/Affinity Designer.app/Contents/Frameworks/libcocoaui.framework/Versions/A/Resources/en.lproj/SphereEffect.nib and /Applications/Affinity Designer Beta.app/Contents/Frameworks/libcocoaui.framework/Versions/A/Resources/en.lproj/SphereEffect.nib differ
Only in /Applications/Affinity Designer Beta.app/Contents/Frameworks/libcocoaui.framework/Versions/A/Resources/en.lproj/: SpreadPropertiesWindowController.nib
Binary files /Applications/Affinity Designer.app/Contents/Frameworks/libcocoaui.framework/Versions/A/Resources/en.lproj/StockPage.nib and /Applications/Affinity Designer Beta.app/Contents/Frameworks/libcocoaui.framework/Versions/A/Resources/en.lproj/StockPage.nib differ
Binary files /Applications/Affinity Designer.app/Contents/Frameworks/libcocoaui.framework/Versions/A/Resources/en.lproj/StyleItemView.nib and /Applications/Affinity Designer Beta.app/Contents/Frameworks/libcocoaui.framework/Versions/A/Resources/en.lproj/StyleItemView.nib differ
Binary files /Applications/Affinity Designer.app/Contents/Frameworks/libcocoaui.framework/Versions/A/Resources/en.lproj/StylesPage.nib and /Applications/Affinity Designer Beta.app/Contents/Frameworks/libcocoaui.framework/Versions/A/Resources/en.lproj/StylesPage.nib differ
Only in /Applications/Affinity Designer Beta.app/Contents/Frameworks/libcocoaui.framework/Versions/A/Resources/en.lproj/: SuggestionsViewController.nib
Binary files /Applications/Affinity Designer.app/Contents/Frameworks/libcocoaui.framework/Versions/A/Resources/en.lproj/SwatchesPage.nib and /Applications/Affinity Designer Beta.app/Contents/Frameworks/libcocoaui.framework/Versions/A/Resources/en.lproj/SwatchesPage.nib differ
Binary files /Applications/Affinity Designer.app/Contents/Frameworks/libcocoaui.framework/Versions/A/Resources/en.lproj/SymbolItemView.nib and /Applications/Affinity Designer Beta.app/Contents/Frameworks/libcocoaui.framework/Versions/A/Resources/en.lproj/SymbolItemView.nib differ
Binary files /Applications/Affinity Designer.app/Contents/Frameworks/libcocoaui.framework/Versions/A/Resources/en.lproj/SymbolsPage.nib and /Applications/Affinity Designer Beta.app/Contents/Frameworks/libcocoaui.framework/Versions/A/Resources/en.lproj/SymbolsPage.nib differ
Only in /Applications/Affinity Designer Beta.app/Contents/Frameworks/libcocoaui.framework/Versions/A/Resources/en.lproj/: TabStopViewController.nib
Only in /Applications/Affinity Designer Beta.app/Contents/Frameworks/libcocoaui.framework/Versions/A/Resources/en.lproj/: TableExtenderViewController.nib
Only in /Applications/Affinity Designer Beta.app/Contents/Frameworks/libcocoaui.framework/Versions/A/Resources/en.lproj/: TableFormatEditor.nib
Only in /Applications/Affinity Designer Beta.app/Contents/Frameworks/libcocoaui.framework/Versions/A/Resources/en.lproj/: TableFormatItemView.nib
Only in /Applications/Affinity Designer Beta.app/Contents/Frameworks/libcocoaui.framework/Versions/A/Resources/en.lproj/: TableFormatPage.nib
Only in /Applications/Affinity Designer Beta.app/Contents/Frameworks/libcocoaui.framework/Versions/A/Resources/en.lproj/: TablePage.nib
Only in /Applications/Affinity Designer Beta.app/Contents/Frameworks/libcocoaui.framework/Versions/A/Resources/en.lproj/: TableSortOptions.nib
Binary files /Applications/Affinity Designer.app/Contents/Frameworks/libcocoaui.framework/Versions/A/Resources/en.lproj/TextFramePage.nib and /Applications/Affinity Designer Beta.app/Contents/Frameworks/libcocoaui.framework/Versions/A/Resources/en.lproj/TextFramePage.nib differ
Binary files /Applications/Affinity Designer.app/Contents/Frameworks/libcocoaui.framework/Versions/A/Resources/en.lproj/TextStyleEditor.nib and /Applications/Affinity Designer Beta.app/Contents/Frameworks/libcocoaui.framework/Versions/A/Resources/en.lproj/TextStyleEditor.nib differ
Binary files /Applications/Affinity Designer.app/Contents/Frameworks/libcocoaui.framework/Versions/A/Resources/en.lproj/TextStylesPage.nib and /Applications/Affinity Designer Beta.app/Contents/Frameworks/libcocoaui.framework/Versions/A/Resources/en.lproj/TextStylesPage.nib differ
Binary files /Applications/Affinity Designer.app/Contents/Frameworks/libcocoaui.framework/Versions/A/Resources/en.lproj/TextWrappingDialogController.nib and /Applications/Affinity Designer Beta.app/Contents/Frameworks/libcocoaui.framework/Versions/A/Resources/en.lproj/TextWrappingDialogController.nib differ
Binary files /Applications/Affinity Designer.app/Contents/Frameworks/libcocoaui.framework/Versions/A/Resources/en.lproj/ToastPanelController.nib and /Applications/Affinity Designer Beta.app/Contents/Frameworks/libcocoaui.framework/Versions/A/Resources/en.lproj/ToastPanelController.nib differ
Only in /Applications/Affinity Designer Beta.app/Contents/Frameworks/libcocoaui.framework/Versions/A/Resources/en.lproj/: TocPage.nib
Binary files /Applications/Affinity Designer.app/Contents/Frameworks/libcocoaui.framework/Versions/A/Resources/en.lproj/ToneMapItemViews.nib and /Applications/Affinity Designer Beta.app/Contents/Frameworks/libcocoaui.framework/Versions/A/Resources/en.lproj/ToneMapItemViews.nib differ
Binary files /Applications/Affinity Designer.app/Contents/Frameworks/libcocoaui.framework/Versions/A/Resources/en.lproj/ToneMapOverlayItemView.nib and /Applications/Affinity Designer Beta.app/Contents/Frameworks/libcocoaui.framework/Versions/A/Resources/en.lproj/ToneMapOverlayItemView.nib differ
Binary files /Applications/Affinity Designer.app/Contents/Frameworks/libcocoaui.framework/Versions/A/Resources/en.lproj/ToneMapOverlaysPage.nib and /Applications/Affinity Designer Beta.app/Contents/Frameworks/libcocoaui.framework/Versions/A/Resources/en.lproj/ToneMapOverlaysPage.nib differ
Binary files /Applications/Affinity Designer.app/Contents/Frameworks/libcocoaui.framework/Versions/A/Resources/en.lproj/ToneMapPage.nib and /Applications/Affinity Designer Beta.app/Contents/Frameworks/libcocoaui.framework/Versions/A/Resources/en.lproj/ToneMapPage.nib differ
Binary files /Applications/Affinity Designer.app/Contents/Frameworks/libcocoaui.framework/Versions/A/Resources/en.lproj/ToneMapPresetsPage.nib and /Applications/Affinity Designer Beta.app/Contents/Frameworks/libcocoaui.framework/Versions/A/Resources/en.lproj/ToneMapPresetsPage.nib differ
Only in /Applications/Affinity Designer Beta.app/Contents/Frameworks/libcocoaui.framework/Versions/A/Resources/en.lproj/: ToolPresetsPage.nib
Binary files /Applications/Affinity Designer.app/Contents/Frameworks/libcocoaui.framework/Versions/A/Resources/en.lproj/ToolUIPaletteViewController.nib and /Applications/Affinity Designer Beta.app/Contents/Frameworks/libcocoaui.framework/Versions/A/Resources/en.lproj/ToolUIPaletteViewController.nib differ
Binary files /Applications/Affinity Designer.app/Contents/Frameworks/libcocoaui.framework/Versions/A/Resources/en.lproj/ToolbarPalette.nib and /Applications/Affinity Designer Beta.app/Contents/Frameworks/libcocoaui.framework/Versions/A/Resources/en.lproj/ToolbarPalette.nib differ
Binary files /Applications/Affinity Designer.app/Contents/Frameworks/libcocoaui.framework/Versions/A/Resources/en.lproj/TransformPage.nib and /Applications/Affinity Designer Beta.app/Contents/Frameworks/libcocoaui.framework/Versions/A/Resources/en.lproj/TransformPage.nib differ
Binary files /Applications/Affinity Designer.app/Contents/Frameworks/libcocoaui.framework/Versions/A/Resources/en.lproj/TransparencyEditorController.nib and /Applications/Affinity Designer Beta.app/Contents/Frameworks/libcocoaui.framework/Versions/A/Resources/en.lproj/TransparencyEditorController.nib differ
Binary files /Applications/Affinity Designer.app/Contents/Frameworks/libcocoaui.framework/Versions/A/Resources/en.lproj/TransparencyViewController.nib and /Applications/Affinity Designer Beta.app/Contents/Frameworks/libcocoaui.framework/Versions/A/Resources/en.lproj/TransparencyViewController.nib differ
Binary files /Applications/Affinity Designer.app/Contents/Frameworks/libcocoaui.framework/Versions/A/Resources/en.lproj/TwirlEffect.nib and /Applications/Affinity Designer Beta.app/Contents/Frameworks/libcocoaui.framework/Versions/A/Resources/en.lproj/TwirlEffect.nib differ
Binary files /Applications/Affinity Designer.app/Contents/Frameworks/libcocoaui.framework/Versions/A/Resources/en.lproj/UnsharpMaskEffect.nib and /Applications/Affinity Designer Beta.app/Contents/Frameworks/libcocoaui.framework/Versions/A/Resources/en.lproj/UnsharpMaskEffect.nib differ
Binary files /Applications/Affinity Designer.app/Contents/Frameworks/libcocoaui.framework/Versions/A/Resources/en.lproj/VignetteEffect.nib and /Applications/Affinity Designer Beta.app/Contents/Frameworks/libcocoaui.framework/Versions/A/Resources/en.lproj/VignetteEffect.nib differ
Only in /Applications/Affinity Designer Beta.app/Contents/Frameworks/libcocoaui.framework/Versions/A/Resources/en.lproj/: VoronoiEffect.nib
Binary files /Applications/Affinity Designer.app/Contents/Frameworks/libcocoaui.framework/Versions/A/Resources/en.lproj/WaveformPage.nib and /Applications/Affinity Designer Beta.app/Contents/Frameworks/libcocoaui.framework/Versions/A/Resources/en.lproj/WaveformPage.nib differ
Binary files /Applications/Affinity Designer.app/Contents/Frameworks/libcocoaui.framework/Versions/A/Resources/en.lproj/WelcomeWindowController.nib and /Applications/Affinity Designer Beta.app/Contents/Frameworks/libcocoaui.framework/Versions/A/Resources/en.lproj/WelcomeWindowController.nib differ
Binary files /Applications/Affinity Designer.app/Contents/Frameworks/libcocoaui.framework/Versions/A/Resources/en.lproj/XMPPage.nib and /Applications/Affinity Designer Beta.app/Contents/Frameworks/libcocoaui.framework/Versions/A/Resources/en.lproj/XMPPage.nib differ
Binary files /Applications/Affinity Designer.app/Contents/Frameworks/libcocoaui.framework/Versions/A/Resources/en.lproj/ZMapBlurEffect.nib and /Applications/Affinity Designer Beta.app/Contents/Frameworks/libcocoaui.framework/Versions/A/Resources/en.lproj/ZMapBlurEffect.nib differ
Binary files /Applications/Affinity Designer.app/Contents/Frameworks/libcocoaui.framework/Versions/A/Resources/en.lproj/ZoomBlurEffect.nib and /Applications/Affinity Designer Beta.app/Contents/Frameworks/libcocoaui.framework/Versions/A/Resources/en.lproj/ZoomBlurEffect.nib differ
