< 	<string>Add Document Snapshot</string>
> 	<string>문서 스냅샷 추가</string>
< 	<string>Add</string>
> 	<string>추가</string>
< 	<string>Add</string>
> 	<string>추가</string>
< 	<string>Add</string>
> 	<string>추가</string>
< 	<string>Add</string>
> 	<string>추가</string>
< 	<string>Add</string>
> 	<string>추가</string>
< 	<string>After</string>
> 	<string>이후</string>
< 	<string>Align Bottom Edges</string>
> 	<string>아래쪽 정렬</string>
< 	<string>Align Bottom Edges</string>
> 	<string>아래쪽 정렬</string>
< 	<string>Align Bottom Edges</string>
> 	<string>아래쪽 정렬</string>
< 	<string>Align Horizontal Centres</string>
> 	<string>가로 가운데 정렬</string>
< 	<string>Align Horizontal Centres</string>
> 	<string>가로 가운데 정렬</string>
< 	<string>Align Horizontal Centres</string>
> 	<string>가로 가운데 정렬</string>
< 	<string>Align Left Edges</string>
> 	<string>왼쪽 정렬</string>
< 	<string>Align Left Edges</string>
> 	<string>왼쪽 정렬</string>
< 	<string>Align Left Edges</string>
> 	<string>왼쪽 정렬</string>
< 	<string>Align Left Edges</string>
> 	<string>왼쪽 정렬</string>
< 	<string>Align Right Edges</string>
> 	<string>오른쪽 정렬</string>
< 	<string>Align Right Edges</string>
> 	<string>오른쪽 정렬</string>
< 	<string>Align Right Edges</string>
> 	<string>오른쪽 정렬</string>
< 	<string>Align Top Edges</string>
> 	<string>위쪽 정렬</string>
< 	<string>Align Top Edges</string>
> 	<string>위쪽 정렬</string>
< 	<string>Align Top Edges</string>
> 	<string>위쪽 정렬</string>
< 	<string>Align Vertical Centres</string>
> 	<string>세로 가운데 정렬</string>
< 	<string>Align Vertical Centres</string>
> 	<string>세로 가운데 정렬</string>
< 	<string>Align Vertical Centres</string>
> 	<string>세로 가운데 정렬</string>
< 	<string>Align</string>
> 	<string>정렬하기</string>
< 	<string>Align</string>
> 	<string>정렬하기</string>
< 	<string>Alignment</string>
> 	<string>정렬</string>
< 	<string>Alignment</string>
> 	<string>정렬</string>
< 	<string>Apply</string>
> 	<string>적용</string>
< 	<string>Arrange</string>
> 	<string>순서</string>
< 	<string>Arrange</string>
> 	<string>순서</string>
< 	<string>Assistant Options</string>
> 	<string>손쉬운 사용 설정</string>
< 	<string>Assistant Options</string>
> 	<string>손쉬운 사용 설정</string>
< 	<string>Auto Colours</string>
> 	<string>자동 색상</string>
< 	<string>Auto Colours</string>
> 	<string>자동 색상</string>
< 	<string>Auto Contrast</string>
> 	<string>자동 대비</string>
< 	<string>Auto Contrast</string>
> 	<string>자동 대비</string>
< 	<string>Auto Levels</string>
> 	<string>자동 레벨</string>
< 	<string>Auto Levels</string>
> 	<string>자동 레벨</string>
< 	<string>Auto Levels</string>
> 	<string>자동 레벨</string>
< 	<string>Auto White Balance</string>
> 	<string>자동 화이트 밸런스</string>
< 	<string>Auto White Balance</string>
> 	<string>자동 화이트 밸런스</string>
< 	<string>Auto White Balance</string>
> 	<string>자동 화이트 밸런스</string>
< 	<string>Back One</string>
> 	<string>뒤로 보내기</string>
< 	<string>Back One</string>
> 	<string>뒤로 보내기</string>
< 	<string>Back One</string>
> 	<string>뒤로 보내기</string>
< 	<string>Back One</string>
> 	<string>뒤로 보내기</string>
< 	<string>Before / After</string>
> 	<string>이전 / 이후</string>
< 	<string>Before</string>
> 	<string>이전</string>
< 	<string>Cancel</string>
> 	<string>취소</string>
< 	<string>Choose the flow of the brush</string>
> 	<string>브러시 흐름을 선택합니다</string>
< 	<string>Choose the hardness of the brush</string>
> 	<string>브러시 굳기를 선택합니다</string>
< 	<string>Choose the opacity of the brush</string>
> 	<string>브러시 불투명도를 선택합니다</string>
< 	<string>Choose the strength of the brush</string>
> 	<string>브러시 세기를 선택합니다</string>
< 	<string>Choose the width of the blemish</string>
> 	<string>흠집의 너비를 선택합니다</string>
< 	<string>Choose the width of the brush</string>
> 	<string>브러시 너비를 선택합니다</string>
< 	<string>Clear Mask</string>
> 	<string>마스크 해제</string>
< 	<string>Click</string>
> 	<string>클릭</string>
< 	<string>Clipping Alarms</string>
> 	<string>클리핑 알람</string>
< 	<string>Create a new document by pressing 'New Document' below - or open existing work using File -&gt; Open. Click a sample below to download and view it. Visit our forum or tag with #madeinaffinity in the usual places. We'd love to see what you're up to...</string>
> 	<string>아래 '신규 문서'를 눌러서 새 문서를 생성하십시오 - 또는</string>
< 	<string>Cycle View Mode</string>
> 	<string>뷰 모드 순환</string>
< 	<string>Defaults</string>
> 	<string>기본값</string>
< 	<string>Desaturate</string>
> 	<string>채도 낮추기</string>
< 	<string>Deselect</string>
> 	<string>선택 해제</string>
< 	<string>Deselect</string>
> 	<string>선택 해제</string>
< 	<string>Develop Persona</string>
> 	<string>현상 페르소나</string>
< 	<string>Develop Persona</string>
> 	<string>현상 페르소나</string>
< 	<string>Develop Persona</string>
> 	<string>현상 페르소나</string>
< 	<string>Develop</string>
> 	<string>현상</string>
< 	<string>Develop</string>
> 	<string>현상</string>
< 	<string>Dismiss</string>
> 	<string>해제</string>
< 	<string>Distribute Bottom Edges</string>
> 	<string>아래쪽 분배</string>
< 	<string>Distribute Bottom Edges</string>
> 	<string>아래쪽 분배</string>
< 	<string>Distribute Bottom Edges</string>
> 	<string>아래쪽 분배</string>
< 	<string>Distribute Horizontal Centres</string>
> 	<string>가로 가운데 분배</string>
< 	<string>Distribute Horizontal Centres</string>
> 	<string>가로 가운데 분배</string>
< 	<string>Distribute Horizontal Centres</string>
> 	<string>가로 가운데 분배</string>
< 	<string>Distribute Left Edges</string>
> 	<string>왼쪽 분배</string>
< 	<string>Distribute Left Edges</string>
> 	<string>왼쪽 분배</string>
< 	<string>Distribute Left Edges</string>
> 	<string>왼쪽 분배</string>
< 	<string>Distribute Right Edges</string>
> 	<string>오른쪽 분배</string>
< 	<string>Distribute Right Edges</string>
> 	<string>오른쪽 분배</string>
< 	<string>Distribute Right Edges</string>
> 	<string>오른쪽 분배</string>
< 	<string>Distribute Top Edges</string>
> 	<string>위쪽 분배</string>
< 	<string>Distribute Top Edges</string>
> 	<string>위쪽 분배</string>
< 	<string>Distribute Top Edges</string>
> 	<string>위쪽 분배</string>
< 	<string>Distribute Vertical Centres</string>
> 	<string>세로 가운데 분배</string>
< 	<string>Distribute Vertical Centres</string>
> 	<string>세로 가운데 분배</string>
< 	<string>Distribute Vertical Centres</string>
> 	<string>세로 가운데 분배</string>
< 	<string>Distribute</string>
> 	<string>분배</string>
< 	<string>Distribute</string>
> 	<string>분배</string>
< 	<string>Divide</string>
> 	<string>분할</string>
< 	<string>Divide</string>
> 	<string>분할</string>
< 	<string>Divide</string>
> 	<string>분할</string>
< 	<string>Divide</string>
> 	<string>분할</string>
< 	<string>Drag</string>
> 	<string>드래그</string>
< 	<string>Enhancement</string>
> 	<string>개선</string>
< 	<string>Enter a name for the snapshot</string>
> 	<string>스냅샷 이름을 입력합니다.</string>
< 	<string>Export Persona</string>
> 	<string>내보내기 페르소나</string>
< 	<string>Export Persona</string>
> 	<string>내보내기 페르소나</string>
< 	<string>Export Persona</string>
> 	<string>내보내기 페르소나</string>
< 	<string>Export</string>
> 	<string>내보내기</string>
< 	<string>Featured Work
> 	<string>주목할 작품
< 	<string>Find in Layers Panel</string>
> 	<string>레이어 패널에서 찾기</string>
< 	<string>Flip Horizontal</string>
> 	<string>가로 뒤집기</string>
< 	<string>Flip Horizontal</string>
> 	<string>가로 뒤집기</string>
< 	<string>Flip Horizontal</string>
> 	<string>가로 뒤집기</string>
< 	<string>Flip Horizontal</string>
> 	<string>가로 뒤집기</string>
< 	<string>Flip Vertical</string>
> 	<string>세로 뒤집기</string>
< 	<string>Flip Vertical</string>
> 	<string>세로 뒤집기</string>
< 	<string>Flip Vertical</string>
> 	<string>세로 뒤집기</string>
< 	<string>Flip Vertical</string>
> 	<string>세로 뒤집기</string>
< 	<string>Flow:</string>
> 	<string>흐름:</string>
< 	<string>Force Pixel Alignment</string>
> 	<string>강제 픽셀 정렬</string>
< 	<string>Forward One</string>
> 	<string>앞으로 가져오기</string>
< 	<string>Forward One</string>
> 	<string>앞으로 가져오기</string>
< 	<string>Forward One</string>
> 	<string>앞으로 가져오기</string>
< 	<string>Forward One</string>
> 	<string>앞으로 가져오기</string>
< 	<string>Geometry</string>
> 	<string>기하</string>
< 	<string>HSL Saturation</string>
> 	<string>HSL 채도</string>
< 	<string>Hardness:</string>
> 	<string>굳기:</string>
< 	<string>Hold</string>
> 	<string>유지</string>
< 	<string>Ignore Spelling</string>
> 	<string>철자 무시</string>
< 	<string>Insert Behind</string>
> 	<string>뒤로 삽입</string>
< 	<string>Insert Inside</string>
> 	<string>안으로 삽입</string>
< 	<string>Insert Top</string>
> 	<string>위로 삽입</string>
< 	<string>Insert at the top of the layer</string>
> 	<string>위로 삽입</string>
< 	<string>Insert behind the selection</string>
> 	<string>뒤로 삽입</string>
< 	<string>Insert inside the selection</string>
> 	<string>안으로 삽입</string>
< 	<string>Insertion</string>
> 	<string>삽입</string>
< 	<string>Intersect</string>
> 	<string>교차</string>
< 	<string>Intersect</string>
> 	<string>교차</string>
< 	<string>Intersect</string>
> 	<string>교차</string>
< 	<string>Intersect</string>
> 	<string>교차</string>
< 	<string>Invert Mask</string>
> 	<string>마스크 반전</string>
< 	<string>Invert Selection</string>
> 	<string>선택 항목 반전</string>
< 	<string>Invert Selection</string>
> 	<string>선택 항목 반전</string>
< 	<string>Layout Persona</string>
> 	<string>구조 페르소나</string>
< 	<string>Layout Persona</string>
> 	<string>구조 페르소나</string>
< 	<string>Layout Persona</string>
> 	<string>구조 페르소나</string>
< 	<string>Layout Persona</string>
> 	<string>구조 페르소나</string>
< 	<string>Layout</string>
> 	<string>구조</string>
< 	<string>Learn Spelling</string>
> 	<string>철자 학습</string>
< 	<string>Library Persona</string>
> 	<string>라이브러리 페르소나</string>
< 	<string>Liquify Persona</string>
> 	<string>액화 페르소나</string>
< 	<string>Liquify Persona</string>
> 	<string>액화 페르소나</string>
< 	<string>Liquify Persona</string>
> 	<string>액화 페르소나</string>
< 	<string>Liquify</string>
> 	<string>액화</string>
< 	<string>Load Mesh</string>
> 	<string>그물 불러오기</string>
< 	<string>Look Up "%@"</string>
> 	<string>"%@" 찾기</string>
< 	<string>Mask All</string>
> 	<string>모두 마스크</string>
< 	<string>Mask</string>
> 	<string>마스크</string>
< 	<string>Mesh</string>
> 	<string>그물</string>
< 	<string>Mirror</string>
> 	<string>거울</string>
< 	<string>Mirror</string>
> 	<string>거울</string>
< 	<string>Mode:</string>
> 	<string>모드:</string>
< 	<string>Move By Whole Pixels</string>
> 	<string>픽셀 단위로 이동</string>
< 	<string>Move By Whole Pixels</string>
> 	<string>픽셀 단위로 이동</string>
< 	<string>Move To Front</string>
> 	<string>맨 앞으로 가져오기</string>
< 	<string>Move selection back one level</string>
> 	<string>뒤로 보내기</string>
< 	<string>Move selection back one level</string>
> 	<string>뒤로 보내기</string>
< 	<string>Move selection forward one level</string>
> 	<string>앞으로 가져오기</string>
< 	<string>Move selection forward one level</string>
> 	<string>앞으로 가져오기</string>
< 	<string>Move selection to the back</string>
> 	<string>맨 뒤로 보내기</string>
< 	<string>Move selection to the back</string>
> 	<string>맨 뒤로 보내기</string>
< 	<string>Move selection to the front</string>
> 	<string>맨 앞으로 가져오기</string>
< 	<string>Move selection to the front</string>
> 	<string>맨 앞으로 가져오기</string>
< 	<string>Move to Back</string>
> 	<string>맨 뒤로 보내기</string>
< 	<string>Move to Back</string>
> 	<string>맨 뒤로 보내기</string>
< 	<string>Move to Front</string>
> 	<string>맨 앞으로 가져오기</string>
< 	<string>Move to Front</string>
> 	<string>맨 앞으로 가져오기</string>
< 	<string>Move to Front</string>
> 	<string>맨 앞으로 가져오기</string>
< 	<string>Move to Front</string>
> 	<string>맨 앞으로 가져오기</string>
< 	<string>No</string>
> 	<string>아니오</string>
< 	<string>None</string>
> 	<string>없음</string>
< 	<string>None</string>
> 	<string>없음</string>
< 	<string>Opacity:</string>
> 	<string>불투명도:</string>
< 	<string>Order</string>
> 	<string>순서</string>
< 	<string>Outline</string>
> 	<string>윤곽</string>
< 	<string>Outline view mode</string>
> 	<string>윤곽 뷰 모드</string>
< 	<string>Panorama Persona</string>
> 	<string>파노라마 페르소나</string>
< 	<string>Panorama</string>
> 	<string>파노라마</string>
< 	<string>Personas</string>
> 	<string>페르소나</string>
< 	<string>Photo Persona</string>
> 	<string>사진 페르소나</string>
< 	<string>Photo Persona</string>
> 	<string>사진 페르소나</string>
< 	<string>Photo Persona</string>
> 	<string>사진 페르소나</string>
< 	<string>Photo</string>
> 	<string>사진</string>
< 	<string>Pixel Align</string>
> 	<string>픽셀 정렬</string>
< 	<string>Pixel Persona</string>
> 	<string>픽셀 페르소나</string>
< 	<string>Pixel Persona</string>
> 	<string>픽셀 페르소나</string>
< 	<string>Pixel Persona</string>
> 	<string>픽셀 페르소나</string>
< 	<string>Pixel</string>
> 	<string>픽셀</string>
< 	<string>Pixel view mode</string>
> 	<string>픽셀 뷰 모드</string>
< 	<string>Pixels</string>
> 	<string>픽셀</string>
< 	<string>Please select a layer.</string>
> 	<string>레이어를 선택해주세요.</string>
< 	<string>Please select an RGB pixel layer before entering Develop.</string>
> 	<string>현상에 들어가기 전, RGB 픽셀 레이어를 선택해주세요.</string>
< 	<string>Protect hue</string>
> 	<string>색조 보호</string>
< 	<string>Quick Mask</string>
> 	<string>빠른 마스크</string>
< 	<string>Repeat %@</string>
> 	<string>%@ 반복</string>
< 	<string>Reset Mesh</string>
> 	<string>그물 재설정</string>
< 	<string>Retina Pixels</string>
> 	<string>레티나 픽셀</string>
< 	<string>Retina pixel view mode</string>
> 	<string>레티나 픽셀 뷰 모드</string>
< 	<string>Retina pixel view mode</string>
> 	<string>레티나 픽셀 뷰 모드</string>
< 	<string>Revert Defaults</string>
> 	<string>기본값 되돌리기</string>
< 	<string>Revert defaults</string>
> 	<string>기본값 되돌리기</string>
< 	<string>Rotate Anticlockwise</string>
> 	<string>반시계방향으로 회전</string>
< 	<string>Rotate Anticlockwise</string>
> 	<string>반시계방향으로 회전</string>
< 	<string>Rotate Anticlockwise</string>
> 	<string>반시계방향으로 회전</string>
< 	<string>Rotate Anticlockwise</string>
> 	<string>반시계방향으로 회전</string>
< 	<string>Rotate Clockwise</string>
> 	<string>시계방향으로 회전</string>
< 	<string>Rotate Clockwise</string>
> 	<string>시계방향으로 회전</string>
< 	<string>Rotate Clockwise</string>
> 	<string>시계방향으로 회전</string>
< 	<string>Rotate Clockwise</string>
> 	<string>시계방향으로 회전</string>
< 	<string>Rotation</string>
> 	<string>회전</string>
< 	<string>Saturate</string>
> 	<string>채도</string>
< 	<string>Save Mesh</string>
> 	<string>그물 저장</string>
< 	<string>Saving With History</string>
> 	<string>편집 기록과 함께 저장</string>
< 	<string>Select All</string>
> 	<string>전체 선택</string>
< 	<string>Select All</string>
> 	<string>전체 선택</string>
< 	<string>Selection</string>
> 	<string>선택 항목</string>
< 	<string>Send To Back</string>
> 	<string>맨 뒤로 보내기</string>
< 	<string>Send to Back</string>
> 	<string>맨 뒤로 보내기</string>
< 	<string>Send to Back</string>
> 	<string>맨 뒤로 보내기</string>
< 	<string>Send to Back</string>
> 	<string>맨 뒤로 보내기</string>
< 	<string>Set Fill None</string>
> 	<string>칠 없음</string>
< 	<string>Set Fill to 50% Grey</string>
> 	<string>50% 회색으로 칠</string>
< 	<string>Set Fill to Black and White</string>
> 	<string>흑백으로 칠</string>
< 	<string>Show Clipped Shadows</string>
> 	<string>클립된 그림자 보기</string>
< 	<string>Show Clipped Shadows</string>
> 	<string>클립된 그림자 보기</string>
< 	<string>Show Clipped Shadows</string>
> 	<string>클립된 그림자 보기</string>
< 	<string>Show Clipped Shadows</string>
> 	<string>클립된 그림자 보기</string>
< 	<string>Show Clipped Tones</string>
> 	<string>클립한 톤 보기</string>
< 	<string>Show Clipped Tones</string>
> 	<string>클립한 톤 보기</string>
< 	<string>Show Clipped Tones</string>
> 	<string>클립한 톤 보기</string>
< 	<string>Snapping Options</string>
> 	<string>스내핑 설정</string>
< 	<string>Snapping Options</string>
> 	<string>스내핑 설정</string>
< 	<string>Snapping</string>
> 	<string>스내핑</string>
< 	<string>Snapping</string>
> 	<string>스내핑</string>
< 	<string>Snapping</string>
> 	<string>스내핑</string>
< 	<string>Space Horizontally</string>
> 	<string>가로 공백</string>
< 	<string>Space Horizontally</string>
> 	<string>가로 공백</string>
< 	<string>Space Horizontally</string>
> 	<string>가로 공백</string>
< 	<string>Space Vertically</string>
> 	<string>세로 공백</string>
< 	<string>Space Vertically</string>
> 	<string>세로 공백</string>
< 	<string>Space Vertically</string>
> 	<string>세로 공백</string>
< 	<string>Spacing</string>
> 	<string>간격</string>
< 	<string>Split View</string>
> 	<string>분할 뷰 모드</string>
< 	<string>Split</string>
> 	<string>분할</string>
< 	<string>Split</string>
> 	<string>분할</string>
< 	<string>Strength:</string>
> 	<string>세기:</string>
< 	<string>Subtract</string>
> 	<string>제거</string>
< 	<string>Subtract</string>
> 	<string>제거</string>
< 	<string>Subtract</string>
> 	<string>제거</string>
< 	<string>Subtract</string>
> 	<string>제거</string>
< 	<string>Subtract</string>
> 	<string>제거</string>
< 	<string>Swap Line and Fill</string>
> 	<string>선과 칠 교대</string>
< 	<string>Swap</string>
> 	<string>교대</string>
< 	<string>Swap</string>
> 	<string>교대</string>
< 	<string>Switch to Next View</string>
> 	<string>다음 뷰로 전환</string>
< 	<string>Sync After</string>
> 	<string>이후 항목 동기화</string>
< 	<string>Sync After</string>
> 	<string>이후 항목 동기화</string>
< 	<string>Sync Before</string>
> 	<string>이전 항목 동기화</string>
< 	<string>Sync Before</string>
> 	<string>이전 항목 동기화</string>
< 	<string>Synchronise Defaults</string>
> 	<string>기본값 동기화</string>
< 	<string>Synchronise defaults from selection</string>
> 	<string>선택 항목에서 기본값 동기화</string>
< 	<string>Toggle 32-bit Preview Panel</string>
> 	<string>32-비트 미리보기 패널 켜고 끄기</string>
< 	<string>Toggle Adjustment Panel</string>
> 	<string>조정 패널 켜고 끄기</string>
< 	<string>Toggle Assets Panel</string>
> 	<string>자산 패널 켜고 끄기</string>
< 	<string>Toggle Channels Panel</string>
> 	<string>채널 패널 켜고 끄기</string>
< 	<string>Toggle Character Panel</string>
> 	<string>문자 패널 켜고 끄기</string>
< 	<string>Toggle Colour Panel</string>
> 	<string>색상 패널 켜고 끄기</string>
< 	<string>Toggle Export Layers Panel</string>
> 	<string>내보내기 레이어 패널 켜고 끄기</string>
< 	<string>Toggle Fill Context</string>
> 	<string>칠 상황 켜고 끄기</string>
< 	<string>Toggle Histogram Panel</string>
> 	<string>히스토그램 패널 켜고 끄기</string>
< 	<string>Toggle History Panel</string>
> 	<string>편집 기록 패널 켜고 끄기</string>
< 	<string>Toggle Liquify Mask Panel</string>
> 	<string>액화 마스크 패널 켜고 끄기</string>
< 	<string>Toggle Liquify Mesh Panel</string>
> 	<string>액화 그물 패널 켜고 끄기</string>
< 	<string>Toggle Macro Panel</string>
> 	<string>매크로 패널 켜고 끄기</string>
< 	<string>Toggle Navigator Panel</string>
> 	<string>네비게이터 패널 켜고 끄기</string>
< 	<string>Toggle Paragraph Panel</string>
> 	<string>문단 패널 켜고 끄기</string>
< 	<string>Toggle Slices Panel</string>
> 	<string>슬라이스 패널 켜고 끄기</string>
< 	<string>Toggle Snapping</string>
> 	<string>스내핑 켜고 끄기</string>
< 	<string>Toggle Snapshots Panel</string>
> 	<string>스냅샷 패널 켜고 끄기</string>
< 	<string>Toggle Stock Panel</string>
> 	<string>재고 패널 켜고 끄기</string>
< 	<string>Toggle Stroke Panel</string>
> 	<string>선 패널 켜고 끄기</string>
< 	<string>Toggle Swatches Panel</string>
> 	<string>견본 패널 켜고 끄기</string>
< 	<string>Toggle Symbol Panel</string>
> 	<string>상징 패널 켜고 끄기</string>
< 	<string>Toggle Text Styles Panel</string>
> 	<string>텍스트 스타일 패널 켜고 끄기</string>
< 	<string>Toggle Tone Map Overlays Panel</string>
> 	<string>톤 맵 오버레이 패널 켜고 끄기</string>
< 	<string>Toggle Tone Map Panel</string>
> 	<string>톤 맵 패널 켜고 끄기</string>
< 	<string>Toggle Tone Map Presets Panel</string>
> 	<string>톤 맵 미리 설정 패널 켜고 끄기</string>
< 	<string>Toggle Transform Panel</string>
> 	<string>변형 패널 켜고 끄기</string>
< 	<string>Tonal Range:</string>
> 	<string>톤 범위:</string>
< 	<string>Tone Mapping Persona</string>
> 	<string>톤 맵핑 페르소나</string>
< 	<string>Tone Mapping Persona</string>
> 	<string>톤 맵핑 페르소나</string>
< 	<string>Tone Mapping Persona</string>
> 	<string>톤 맵핑 페르소나</string>
< 	<string>Tone Mapping</string>
> 	<string>톤 맵핑</string>
< 	<string>Transform</string>
> 	<string>변형</string>
< 	<string>Unignore Spelling "%@"</string>
> 	<string>철자 "%@"를 무시하지 않기</string>
< 	<string>Unlearn Spelling "%@"</string>
> 	<string>철자 "%@"를 학습하지 않음</string>
< 	<string>Vector Persona</string>
> 	<string>벡터 페르소나</string>
< 	<string>Vector Persona</string>
> 	<string>벡터 페르소나</string>
< 	<string>Vector Persona</string>
> 	<string>벡터 페르소나</string>
< 	<string>Vector</string>
> 	<string>벡터</string>
< 	<string>Vibrance</string>
> 	<string>활기</string>
< 	<string>View Mode</string>
> 	<string>뷰 모드</string>
< 	<string>Welcome to Affinity Photo.
> 	<string>Affinity Photo에 어서오세요.
< 	<string>Width:</string>
> 	<string>너비:</string>
< 	<string>Width:</string>
> 	<string>너비:</string>
< 	<string>Xor</string>
> 	<string>배타</string>
< 	<string>Xor</string>
> 	<string>배타</string>
< 	<string>Xor</string>
> 	<string>배타</string>
< 	<string>Xor</string>
> 	<string>배타</string>
< 	<string>Yes</string>
> 	<string>예</string>
< 	<string>Zoom In</string>
> 	<string>확대</string>
< 	<string>Zoom Out</string>
> 	<string>축소</string>
