< > 	<string>ドキュメントのスナップショットを追加</string>
> > 	<string>문서 스냅샷 추가</string>
< > 	<string>加算</string>
> > 	<string>추가</string>
< > 	<string>加算</string>
> > 	<string>추가</string>
< > 	<string>追加</string>
> > 	<string>추가</string>
< > 	<string>追加</string>
> > 	<string>추가</string>
< > 	<string>追加</string>
> > 	<string>추가</string>
< > 	<string>後</string>
> > 	<string>이후</string>
< > 	<string>下端を揃える</string>
> > 	<string>아래쪽 정렬</string>
< > 	<string>下端を揃える</string>
> > 	<string>아래쪽 정렬</string>
< > 	<string>下端を揃える</string>
> > 	<string>아래쪽 정렬</string>
< > 	<string>横方向中央を揃える</string>
> > 	<string>가로 가운데 정렬</string>
< > 	<string>横方向中央を揃える</string>
> > 	<string>가로 가운데 정렬</string>
< > 	<string>横方向中央を揃える</string>
> > 	<string>가로 가운데 정렬</string>
< > 	<string>左端を揃える</string>
> > 	<string>왼쪽 정렬</string>
< > 	<string>左端を揃える</string>
> > 	<string>왼쪽 정렬</string>
< > 	<string>左端を揃える</string>
> > 	<string>왼쪽 정렬</string>
< > 	<string>左端を揃える</string>
> > 	<string>왼쪽 정렬</string>
< > 	<string>右端を揃える</string>
> > 	<string>오른쪽 정렬</string>
< > 	<string>右端を揃える</string>
> > 	<string>오른쪽 정렬</string>
< > 	<string>右端を揃える</string>
> > 	<string>오른쪽 정렬</string>
< > 	<string>上端を揃える</string>
> > 	<string>위쪽 정렬</string>
< > 	<string>上端を揃える</string>
> > 	<string>위쪽 정렬</string>
< > 	<string>上端を揃える</string>
> > 	<string>위쪽 정렬</string>
< > 	<string>縦方向中央を揃える</string>
> > 	<string>세로 가운데 정렬</string>
< > 	<string>縦方向中央を揃える</string>
> > 	<string>세로 가운데 정렬</string>
< > 	<string>縦方向中央を揃える</string>
> > 	<string>세로 가운데 정렬</string>
< > 	<string>整列</string>
> > 	<string>정렬하기</string>
< > 	<string>整列</string>
> > 	<string>정렬하기</string>
< > 	<string>整列</string>
> > 	<string>정렬</string>
< > 	<string>整列</string>
< < 	<string>Always Show Grid Origin</string>
< > 	<string>グリッド起点を常に表示</string>
> > 	<string>정렬</string>
< > 	<string>適用</string>
> > 	<string>적용</string>
< > 	<string>配置</string>
> > 	<string>순서</string>
< > 	<string>配置</string>
> > 	<string>순서</string>
< > 	<string>アシスタントオプション</string>
> > 	<string>손쉬운 사용 설정</string>
< > 	<string>アシスタントオプション</string>
> > 	<string>손쉬운 사용 설정</string>
< > 	<string>自動カラー</string>
> > 	<string>자동 색상</string>
< > 	<string>自動カラー</string>
> > 	<string>자동 색상</string>
< > 	<string>自動コントラスト</string>
> > 	<string>자동 대비</string>
< > 	<string>自動コントラスト</string>
> > 	<string>자동 대비</string>
< > 	<string>自動レベル</string>
> > 	<string>자동 레벨</string>
< > 	<string>自動レベル</string>
> > 	<string>자동 레벨</string>
< > 	<string>自動レベル</string>
> > 	<string>자동 레벨</string>
< > 	<string>自動ホワイトバランス</string>
> > 	<string>자동 화이트 밸런스</string>
< > 	<string>自動ホワイトバランス</string>
> > 	<string>자동 화이트 밸런스</string>
< > 	<string>自動ホワイトバランス</string>
< < 	<string>AutoFit Column to Contents</string>
< > 	<string>コンテンツに合わせて列を自動調整</string>
< < 	<string>AutoFit Column(s)</string>
< > 	<string>列を自動調整</string>
< < 	<string>AutoFit Row to Contents</string>
< > 	<string>コンテンツに合わせて行を自動調整</string>
< < 	<string>AutoFit Row(s)</string>
< > 	<string>行を自動調整</string>
> > 	<string>자동 화이트 밸런스</string>
< > 	<string>1つ後方へ</string>
> > 	<string>뒤로 보내기</string>
< > 	<string>1つ後方へ</string>
> > 	<string>뒤로 보내기</string>
< > 	<string>1つ後方へ</string>
> > 	<string>뒤로 보내기</string>
< > 	<string>1つ後方へ</string>
< < 	<string>Baseline Grid</string>
< > 	<string>ベースライングリッド</string>
> > 	<string>뒤로 보내기</string>
< > 	<string>前 / 後</string>
> > 	<string>이전 / 이후</string>
< > 	<string>前</string>
> > 	<string>이전</string>
< > 	<string>キャンセル</string>
< < 	<string>Check out some of the cool artwork being created in Affinity Designer! Why not share your work with us?
< > 	<string>Affinity Designerで作成されているすばらしいアートワークのいくつかをご紹介しています。あなたの作品を共有してみませんか?
< < 	<string>Check out some of the cool layouts being created in Affinity Publisher! Why not share your work with us?
< > 	<string>Affinity Publisherで作成されているすばらしいレイアウトのいくつかをご紹介しています。あなたの作品を共有してみませんか?
> > 	<string>취소</string>
< > 	<string>ブラシの流量を選択します</string>
> > 	<string>브러시 흐름을 선택합니다</string>
< > 	<string>ブラシの硬さを選択します</string>
> > 	<string>브러시 굳기를 선택합니다</string>
< > 	<string>ブラシの不透明度を選択します</string>
> > 	<string>브러시 불투명도를 선택합니다</string>
< > 	<string>ブラシの強度を選択します</string>
> > 	<string>브러시 세기를 선택합니다</string>
< > 	<string>傷の幅を選択します</string>
> > 	<string>흠집의 너비를 선택합니다</string>
< > 	<string>ブラシの幅を選択します</string>
> > 	<string>브러시 너비를 선택합니다</string>
< > 	<string>マスクを消去</string>
> > 	<string>마스크 해제</string>
< > 	<string>クリック</string>
> > 	<string>클릭</string>
< > 	<string>クリッピングアラーム</string>
< < 	<string>Create Into Grid Plane</string>
< > 	<string>グリッドプレーン内に作成</string>
< < 	<string>Create Into Grid Plane</string>
< > 	<string>グリッドプレーン内に作成</string>
> > 	<string>클리핑 알람</string>
< > 	<string>下の[新規ドキュメント]を押してドキュメントを新規作成するか、[ファイル] -&gt; [開く]から既存のドキュメントを開いてください。下のサンプルをクリックするとダウンロードして参照できます。フォーラムに参加したり、SNSで#madeinaffinityのタグを付けて作品を投稿してください。ご参加をお待ちしています。</string>
< < 	<string>Cycle Selection Box</string>
< > 	<string>サイクル選択ボックス</string>
< < 	<string>Cycle Snapping Planes</string>
< > 	<string>スナップ面の切り替え</string>
> > 	<string>아래 '신규 문서'를 눌러서 새 문서를 생성하십시오 - 또는</string>
< > 	<string>サイクルビューモード</string>
> > 	<string>뷰 모드 순환</string>
< > 	<string>デフォルト</string>
< < 	<string>Delete Column</string>
< > 	<string>列を削除</string>
< < 	<string>Delete Column(s)</string>
< > 	<string>列を削除</string>
< < 	<string>Delete Row</string>
< > 	<string>行を削除</string>
< < 	<string>Delete Row(s)</string>
< > 	<string>行を削除</string>
> > 	<string>기본값</string>
< > 	<string>彩度を下げる</string>
> > 	<string>채도 낮추기</string>
< > 	<string>選択解除</string>
> > 	<string>선택 해제</string>
< > 	<string>選択解除</string>
> > 	<string>선택 해제</string>
< > 	<string>現像ペルソナ</string>
> > 	<string>현상 페르소나</string>
< > 	<string>現像ペルソナ</string>
> > 	<string>현상 페르소나</string>
< > 	<string>現像ペルソナ</string>
> > 	<string>현상 페르소나</string>
< > 	<string>現像</string>
> > 	<string>현상</string>
< > 	<string>現像</string>
> > 	<string>현상</string>
< > 	<string>解除</string>
> > 	<string>해제</string>
< > 	<string>下端を基準に均等配置</string>
> > 	<string>아래쪽 분배</string>
< > 	<string>下端を基準に均等配置</string>
> > 	<string>아래쪽 분배</string>
< > 	<string>下端を基準に均等配置</string>
> > 	<string>아래쪽 분배</string>
< > 	<string>横方向中央を基準に均等配置</string>
> > 	<string>가로 가운데 분배</string>
< > 	<string>横方向中央を基準に均等配置</string>
> > 	<string>가로 가운데 분배</string>
< > 	<string>横方向中央を基準に均等配置</string>
> > 	<string>가로 가운데 분배</string>
< > 	<string>左端を基準に均等配置</string>
> > 	<string>왼쪽 분배</string>
< > 	<string>左端を基準に均等配置</string>
> > 	<string>왼쪽 분배</string>
< > 	<string>左端を基準に均等配置</string>
> > 	<string>왼쪽 분배</string>
< > 	<string>右端を基準に均等配置</string>
> > 	<string>오른쪽 분배</string>
< > 	<string>右端を基準に均等配置</string>
> > 	<string>오른쪽 분배</string>
< > 	<string>右端を基準に均等配置</string>
> > 	<string>오른쪽 분배</string>
< > 	<string>上端を基準に均等配置</string>
> > 	<string>위쪽 분배</string>
< > 	<string>上端を基準に均等配置</string>
> > 	<string>위쪽 분배</string>
< > 	<string>上端を基準に均等配置</string>
> > 	<string>위쪽 분배</string>
< > 	<string>縦方向中央を基準に均等配置</string>
> > 	<string>세로 가운데 분배</string>
< > 	<string>縦方向中央を基準に均等配置</string>
> > 	<string>세로 가운데 분배</string>
< > 	<string>縦方向中央を基準に均等配置</string>
> > 	<string>세로 가운데 분배</string>
< > 	<string>均等配置</string>
> > 	<string>분배</string>
< > 	<string>均等配置</string>
> > 	<string>분배</string>
< > 	<string>除算</string>
> > 	<string>분할</string>
< > 	<string>除算</string>
> > 	<string>분할</string>
< > 	<string>除算</string>
> > 	<string>분할</string>
< > 	<string>除算</string>
> > 	<string>분할</string>
< > 	<string>ドラッグ</string>
< < 	<string>Edit Field...</string>
< > 	<string>フィールドを編集...</string>
< < 	<string>Edit Grid Origin</string>
< > 	<string>グリッド起点を編集</string>
< < 	<string>Edit Grid Origin and Axis</string>
< > 	<string>グリッド起点および軸を編集</string>
< < 	<string>Edit Grid</string>
< > 	<string>グリッドを編集</string>
< < 	<string>Edit Grid</string>
< > 	<string>グリッドを編集</string>
< < 	<string>Edit In Grid Plane</string>
< > 	<string>グリッドプレーンで編集</string>
< < 	<string>Edit In Grid Plane</string>
< > 	<string>グリッドプレーンで編集</string>
< < 	<string>Edit Wrap Outline</string>
< > 	<string>回り込みアウトラインを編集</string>
< < 	<string>Edit Wrap Outline</string>
< > 	<string>回り込みアウトラインを編集</string>
< < 	<string>Enabling "Save With History" means that anybody you send this document to can see everything you did to create it.
< > 	<string>"履歴付きで保存"を有効にすると、このドキュメントを受け取ったすべてのユーザーは、このドキュメントの作成のために実行されたすべての操作を確認できます。
> > 	<string>드래그</string>
< > 	<string>強調</string>
> > 	<string>개선</string>
< > 	<string>スナップショットの名前を入力します</string>
< < 	<string>Evenly Distribute Columns</string>
< > 	<string>列を均等配置</string>
< < 	<string>Evenly Distribute Rows</string>
< > 	<string>行を均等配置</string>
< < 	<string>Expand Field</string>
< > 	<string>フィールドを拡大</string>
> > 	<string>스냅샷 이름을 입력합니다.</string>
< > 	<string>書き出しペルソナ</string>
> > 	<string>내보내기 페르소나</string>
< > 	<string>書き出しペルソナ</string>
> > 	<string>내보내기 페르소나</string>
< > 	<string>書き出しペルソナ</string>
> > 	<string>내보내기 페르소나</string>
< > 	<string>書き出し</string>
< < 	<string>Fade %@…</string>
< > 	<string>%@をフェード…</string>
< < 	<string>Fade…</string>
< > 	<string>フェード…</string>
> > 	<string>내보내기</string>
< > 	<string>注目の作品
> > 	<string>주목할 작품
< > 	<string>レイヤーパネルで検索</string>
< < 	<string>Fit To Plane</string>
< > 	<string>プレーンに合わせる</string>
< < 	<string>Fit To Plane</string>
< > 	<string>プレーンに合わせる</string>
< < 	<string>Flip Horizontal In Plane</string>
< > 	<string>プレーンで左右反転</string>
< < 	<string>Flip Horizontal In Plane</string>
< > 	<string>プレーンで左右反転</string>
< < 	<string>Flip Horizontal In Plane</string>
< > 	<string>プレーンで左右反転</string>
< < 	<string>Flip Horizontal In Plane</string>
< > 	<string>プレーンで左右反転</string>
> > 	<string>레이어 패널에서 찾기</string>
< > 	<string>左右反転</string>
> > 	<string>가로 뒤집기</string>
< > 	<string>左右反転</string>
> > 	<string>가로 뒤집기</string>
< > 	<string>左右反転</string>
> > 	<string>가로 뒤집기</string>
< > 	<string>左右反転</string>
< < 	<string>Flip Vertical In Plane</string>
< > 	<string>プレーンで上下反転</string>
< < 	<string>Flip Vertical In Plane</string>
< > 	<string>プレーンで上下反転</string>
< < 	<string>Flip Vertical In Plane</string>
< > 	<string>プレーンで上下反転</string>
< < 	<string>Flip Vertical In Plane</string>
< > 	<string>プレーンで上下反転</string>
> > 	<string>가로 뒤집기</string>
< > 	<string>上下反転</string>
> > 	<string>세로 뒤집기</string>
< > 	<string>上下反転</string>
> > 	<string>세로 뒤집기</string>
< > 	<string>上下反転</string>
> > 	<string>세로 뒤집기</string>
< > 	<string>上下反転</string>
> > 	<string>세로 뒤집기</string>
< > 	<string>流量:</string>
> > 	<string>흐름:</string>
< > 	<string>ピクセル配列を強制的に適用</string>
> > 	<string>강제 픽셀 정렬</string>
< > 	<string>1つ前方へ</string>
> > 	<string>앞으로 가져오기</string>
< > 	<string>1つ前方へ</string>
> > 	<string>앞으로 가져오기</string>
< > 	<string>1つ前方へ</string>
> > 	<string>앞으로 가져오기</string>
< > 	<string>1つ前方へ</string>
> > 	<string>앞으로 가져오기</string>
< > 	<string>ジオメトリ</string>
< < 	<string>Grid Options</string>
< > 	<string>グリッドオプション</string>
> > 	<string>기하</string>
< > 	<string>HSL彩度</string>
> > 	<string>HSL 채도</string>
< > 	<string>硬さ:</string>
> > 	<string>굳기:</string>
< > 	<string>ホールド</string>
> > 	<string>유지</string>
< > 	<string>スペルを無視</string>
< < 	<string>Inpaint Missing Areas</string>
< > 	<string>修復ミッシングエリア</string>
< < 	<string>Inpaint Missing Areas</string>
< > 	<string>修復ミッシングエリア</string>
> > 	<string>철자 무시</string>
< > 	<string>後方に挿入</string>
< < 	<string>Insert Column</string>
< > 	<string>列を挿入</string>
> > 	<string>뒤로 삽입</string>
< > 	<string>内側に挿入</string>
< < 	<string>Insert Row</string>
< > 	<string>行を挿入</string>
> > 	<string>안으로 삽입</string>
< > 	<string>最上位に挿入</string>
> > 	<string>위로 삽입</string>
< > 	<string>最上位のレイヤーに挿入</string>
> > 	<string>위로 삽입</string>
< > 	<string>選択範囲の後方に挿入</string>
> > 	<string>뒤로 삽입</string>
< > 	<string>選択範囲の内側に挿入</string>
> > 	<string>안으로 삽입</string>
< > 	<string>挿入</string>
> > 	<string>삽입</string>
< > 	<string>交差</string>
> > 	<string>교차</string>
< > 	<string>交差</string>
> > 	<string>교차</string>
< > 	<string>交差</string>
> > 	<string>교차</string>
< > 	<string>交差</string>
> > 	<string>교차</string>
< > 	<string>マスクを反転</string>
> > 	<string>마스크 반전</string>
< > 	<string>選択範囲を反転</string>
> > 	<string>선택 항목 반전</string>
< > 	<string>選択範囲を反転</string>
> > 	<string>선택 항목 반전</string>
< > 	<string>ペルソナをレイアウト</string>
> > 	<string>구조 페르소나</string>
< > 	<string>ペルソナをレイアウト</string>
> > 	<string>구조 페르소나</string>
< > 	<string>ペルソナをレイアウト</string>
> > 	<string>구조 페르소나</string>
< > 	<string>ペルソナをレイアウト</string>
> > 	<string>구조 페르소나</string>
< > 	<string>レイアウト</string>
> > 	<string>구조</string>
< > 	<string>スペルを学習</string>
> > 	<string>철자 학습</string>
< > 	<string>ライブラリペルソナ</string>
> > 	<string>라이브러리 페르소나</string>
< > 	<string>ゆがみペルソナ</string>
> > 	<string>액화 페르소나</string>
< > 	<string>ゆがみペルソナ</string>
> > 	<string>액화 페르소나</string>
< > 	<string>ゆがみペルソナ</string>
> > 	<string>액화 페르소나</string>
< > 	<string>ゆがみ</string>
> > 	<string>액화</string>
< > 	<string>メッシュを読み込む</string>
> > 	<string>그물 불러오기</string>
< > 	<string>"%@"を検索</string>
> > 	<string>"%@" 찾기</string>
< > 	<string>すべてマスク</string>
> > 	<string>모두 마스크</string>
< > 	<string>マスク</string>
< < 	<string>Merge Cells</string>
< > 	<string>セルを結合</string>
> > 	<string>마스크</string>
< > 	<string>メッシュ</string>
> > 	<string>그물</string>
< > 	<string>ミラー</string>
> > 	<string>거울</string>
< > 	<string>ミラー</string>
> > 	<string>거울</string>
< > 	<string>モード:</string>
> > 	<string>모드:</string>
< > 	<string>ピクセル全体で移動</string>
> > 	<string>픽셀 단위로 이동</string>
< > 	<string>ピクセル全体で移動</string>
> > 	<string>픽셀 단위로 이동</string>
< > 	<string>最前面に移動</string>
> > 	<string>맨 앞으로 가져오기</string>
< > 	<string>選択範囲を1レベル後方へ移動</string>
> > 	<string>뒤로 보내기</string>
< > 	<string>選択範囲を1レベル後方へ移動</string>
> > 	<string>뒤로 보내기</string>
< > 	<string>選択範囲を1レベル前方へ移動</string>
> > 	<string>앞으로 가져오기</string>
< > 	<string>選択範囲を1レベル前方へ移動</string>
> > 	<string>앞으로 가져오기</string>
< > 	<string>選択範囲を最背面に移動</string>
> > 	<string>맨 뒤로 보내기</string>
< > 	<string>選択範囲を最背面に移動</string>
> > 	<string>맨 뒤로 보내기</string>
< > 	<string>選択範囲を最前面に移動</string>
> > 	<string>맨 앞으로 가져오기</string>
< > 	<string>選択範囲を最前面に移動</string>
> > 	<string>맨 앞으로 가져오기</string>
< > 	<string>最背面に移動</string>
> > 	<string>맨 뒤로 보내기</string>
< > 	<string>最背面に移動</string>
> > 	<string>맨 뒤로 보내기</string>
< > 	<string>最前面に移動</string>
> > 	<string>맨 앞으로 가져오기</string>
< > 	<string>最前面に移動</string>
> > 	<string>맨 앞으로 가져오기</string>
< > 	<string>最前面に移動</string>
> > 	<string>맨 앞으로 가져오기</string>
< > 	<string>最前面に移動</string>
> > 	<string>맨 앞으로 가져오기</string>
< > 	<string>いいえ</string>
< < 	<string>Nobody</string>
< > 	<string>ノーバディ</string>
> > 	<string>아니오</string>
< > 	<string>なし</string>
> > 	<string>없음</string>
< > 	<string>なし</string>
> > 	<string>없음</string>
< > 	<string>不透明度:</string>
> > 	<string>불투명도:</string>
< > 	<string>順序</string>
> > 	<string>순서</string>
< > 	<string>アウトライン</string>
> > 	<string>윤곽</string>
< > 	<string>アウトライン表示モード</string>
> > 	<string>윤곽 뷰 모드</string>
< > 	<string>パノラマ・パソナ</string>
> > 	<string>파노라마 페르소나</string>
< > 	<string>パノラマ</string>
> > 	<string>파노라마</string>
< > 	<string>ペルソナ</string>
> > 	<string>페르소나</string>
< > 	<string>写真ペルソナ</string>
> > 	<string>사진 페르소나</string>
< > 	<string>写真ペルソナ</string>
> > 	<string>사진 페르소나</string>
< > 	<string>写真ペルソナ</string>
< < 	<string>Photo Persona.</string>
< > 	<string>写真ペルソナ。</string>
> > 	<string>사진 페르소나</string>
< > 	<string>写真</string>
> > 	<string>사진</string>
< > 	<string>ピクセル配列</string>
> > 	<string>픽셀 정렬</string>
< > 	<string>ピクセルペルソナ</string>
> > 	<string>픽셀 페르소나</string>
< > 	<string>ピクセルペルソナ</string>
> > 	<string>픽셀 페르소나</string>
< > 	<string>ピクセルペルソナ</string>
> > 	<string>픽셀 페르소나</string>
< > 	<string>ピクセル</string>
> > 	<string>픽셀</string>
< > 	<string>Pixel表示モード</string>
> > 	<string>픽셀 뷰 모드</string>
< > 	<string>ピクセル</string>
< < 	<string>Planar Editing</string>
< > 	<string>平面の編集</string>
< < 	<string>Please either commit or cancel the develop operation before switching to another Persona.</string>
< > 	<string>現像操作をコミットまたはキャンセルしてから別のペルソナに切り替えてください。</string>
< < 	<string>Please either commit or cancel the develop operation before switching to another Persona.</string>
< > 	<string>現像操作をコミットまたはキャンセルしてから別のペルソナに切り替えてください。</string>
< < 	<string>Please either commit or cancel the liquify operation before switching to another Persona.</string>
< > 	<string>ゆがみ操作をコミットまたはキャンセルしてから別のペルソナに切り替えてください。</string>
< < 	<string>Please either commit or cancel the panorama before switching to another Persona.</string>
< > 	<string>別のパソナに切り替える前に、パノラマにコミットするか、パノラマをキャンセルしてください。</string>
< < 	<string>Please either commit or cancel the tone mapping operation before switching to another Persona.</string>
< > 	<string>トーンマッピング操作をコミットまたはキャンセルしてから別のペルソナに切り替えてください。</string>
> > 	<string>픽셀</string>
< > 	<string>レイヤーを選択してください。</string>
< < 	<string>Please select a pixel layer or mask before entering Liquify.</string>
< > 	<string>ピクセルレイヤーまたはマスクを選択してから[ゆがみ]に入ってください。</string>
> > 	<string>레이어를 선택해주세요.</string>
< > 	<string>RGBピクセルレイヤーを選択してから[現像]に入ってください。</string>
< < 	<string>Please select an RGB pixel layer before entering HDR.</string>
< > 	<string>RGBピクセルレイヤーを選択してから[HDR]に入ってください。</string>
> > 	<string>현상에 들어가기 전, RGB 픽셀 레이어를 선택해주세요.</string>
< > 	<string>色相の保護</string>
> > 	<string>색조 보호</string>
< > 	<string>クイックマスク</string>
> > 	<string>빠른 마스크</string>
< > 	<string>%@をリピート</string>
> > 	<string>%@ 반복</string>
< > 	<string>メッシュをリセット</string>
< < 	<string>Reset Wrap Outline</string>
< > 	<string>回り込みアウトラインをリセット</string>
< < 	<string>Reset Wrap Outline</string>
< > 	<string>回り込みアウトラインをリセット</string>
> > 	<string>그물 재설정</string>
< > 	<string>Retinaピクセル</string>
> > 	<string>레티나 픽셀</string>
< > 	<string>Retinaピクセル表示モード</string>
> > 	<string>레티나 픽셀 뷰 모드</string>
< > 	<string>Retinaピクセル表示モード</string>
> > 	<string>레티나 픽셀 뷰 모드</string>
< > 	<string>デフォルト設定を復元</string>
> > 	<string>기본값 되돌리기</string>
< > 	<string>元のデフォルト設定に戻す</string>
< < 	<string>Rotate Anticlockwise In Plane</string>
< > 	<string>プレーンで反時計回りに回転</string>
< < 	<string>Rotate Anticlockwise In Plane</string>
< > 	<string>プレーンで反時計回りに回転</string>
< < 	<string>Rotate Anticlockwise In Plane</string>
< > 	<string>プレーンで反時計回りに回転</string>
< < 	<string>Rotate Anticlockwise In Plane</string>
< > 	<string>プレーンで反時計回りに回転</string>
> > 	<string>기본값 되돌리기</string>
< > 	<string>反時計回りに回転</string>
> > 	<string>반시계방향으로 회전</string>
< > 	<string>反時計回りに回転</string>
> > 	<string>반시계방향으로 회전</string>
< > 	<string>反時計回りに回転</string>
> > 	<string>반시계방향으로 회전</string>
< > 	<string>反時計回りに回転</string>
< < 	<string>Rotate Clockwise In Plane</string>
< > 	<string>プレーンで時計回りに回転</string>
< < 	<string>Rotate Clockwise In Plane</string>
< > 	<string>プレーンで時計回りに回転</string>
< < 	<string>Rotate Clockwise In Plane</string>
< > 	<string>プレーンで時計回りに回転</string>
< < 	<string>Rotate Clockwise In Plane</string>
< > 	<string>プレーンで時計回りに回転</string>
> > 	<string>반시계방향으로 회전</string>
< > 	<string>時計回りに回転</string>
> > 	<string>시계방향으로 회전</string>
< > 	<string>時計回りに回転</string>
> > 	<string>시계방향으로 회전</string>
< > 	<string>時計回りに回転</string>
> > 	<string>시계방향으로 회전</string>
< > 	<string>時計回りに回転</string>
> > 	<string>시계방향으로 회전</string>
< > 	<string>回転</string>
> > 	<string>회전</string>
< > 	<string>彩度を上げる</string>
> > 	<string>채도</string>
< > 	<string>メッシュを保存</string>
> > 	<string>그물 저장</string>
< > 	<string>履歴付きで保存中</string>
> > 	<string>편집 기록과 함께 저장</string>
< > 	<string>すべて選択</string>
> > 	<string>전체 선택</string>
< > 	<string>すべて選択</string>
> > 	<string>전체 선택</string>
< > 	<string>選択範囲</string>
> > 	<string>선택 항목</string>
< > 	<string>最背面に送る</string>
> > 	<string>맨 뒤로 보내기</string>
< > 	<string>最背面に送る</string>
> > 	<string>맨 뒤로 보내기</string>
< > 	<string>最背面に送る</string>
> > 	<string>맨 뒤로 보내기</string>
< > 	<string>最背面に送る</string>
< < 	<string>Separate Cells</string>
< > 	<string>セルを分離</string>
> > 	<string>맨 뒤로 보내기</string>
< > 	<string>塗りつぶしをなしに設定</string>
> > 	<string>칠 없음</string>
< > 	<string>塗りつぶしを50%グレーに設定</string>
> > 	<string>50% 회색으로 칠</string>
< > 	<string>塗りつぶしを白黒に設定</string>
< < 	<string>Show Baseline Grid Manager</string>
< > 	<string>ベースライングリッドマネージャーを表示</string>
< < 	<string>Show Clipped Highlights</string>
< > 	<string>クリップされたハイライトを表示</string>
< < 	<string>Show Clipped Highlights</string>
< > 	<string>クリップされたハイライトを表示</string>
> > 	<string>흑백으로 칠</string>
< > 	<string>クリップされたシャドウを表示</string>
> > 	<string>클립된 그림자 보기</string>
< > 	<string>クリップされたシャドウを表示</string>
> > 	<string>클립된 그림자 보기</string>
< > 	<string>クリップされたシャドウを表示</string>
> > 	<string>클립된 그림자 보기</string>
< > 	<string>クリップされたシャドウを表示</string>
> > 	<string>클립된 그림자 보기</string>
< > 	<string>クリップされた色調を表示</string>
> > 	<string>클립한 톤 보기</string>
< > 	<string>クリップされた色調を表示</string>
> > 	<string>클립한 톤 보기</string>
< > 	<string>クリップされた色調を表示</string>
< < 	<string>Show Text Wrap Settings</string>
< > 	<string>テキストの回り込み設定を表示</string>
< < 	<string>Show Text Wrap Settings</string>
< > 	<string>テキストの回り込み設定を表示</string>
> > 	<string>클립한 톤 보기</string>
< > 	<string>スナップオプション</string>
> > 	<string>스내핑 설정</string>
< > 	<string>スナップオプション</string>
> > 	<string>스내핑 설정</string>
< > 	<string>スナップ</string>
> > 	<string>스내핑</string>
< > 	<string>スナップ</string>
> > 	<string>스내핑</string>
< > 	<string>スナップ</string>
< < 	<string>Sort Ascending</string>
< > 	<string>昇順に並べ替え</string>
< < 	<string>Sort Descending</string>
< > 	<string>降順に並べ替え</string>
< < 	<string>Sort by Column Ascending</string>
< > 	<string>列を昇順に並べ替え</string>
< < 	<string>Sort by Column Descending</string>
< > 	<string>列を降順に並べ替え</string>
< < 	<string>Sort by Row Ascending</string>
< > 	<string>行を昇順に並べ替え</string>
< < 	<string>Sort by Row Descending</string>
< > 	<string>行を降順に並べ替え</string>
> > 	<string>스내핑</string>
< > 	<string>水平方向に等間隔配置</string>
> > 	<string>가로 공백</string>
< > 	<string>水平方向に等間隔配置</string>
> > 	<string>가로 공백</string>
< > 	<string>水平方向に等間隔配置</string>
> > 	<string>가로 공백</string>
< > 	<string>垂直方向に等間隔配置</string>
> > 	<string>세로 공백</string>
< > 	<string>垂直方向に等間隔配置</string>
> > 	<string>세로 공백</string>
< > 	<string>垂直方向に等間隔配置</string>
> > 	<string>세로 공백</string>
< > 	<string>間隔</string>
> > 	<string>간격</string>
< > 	<string>ビューを分割</string>
> > 	<string>분할 뷰 모드</string>
< > 	<string>分割</string>
> > 	<string>분할</string>
< > 	<string>分割</string>
> > 	<string>분할</string>
< > 	<string>強度:</string>
> > 	<string>세기:</string>
< > 	<string>減算</string>
> > 	<string>제거</string>
< > 	<string>減算</string>
> > 	<string>제거</string>
< > 	<string>減算</string>
> > 	<string>제거</string>
< > 	<string>減算</string>
> > 	<string>제거</string>
< > 	<string>除外</string>
> > 	<string>제거</string>
< > 	<string>線と塗りつぶしを入れ換え</string>
> > 	<string>선과 칠 교대</string>
< > 	<string>スワップ</string>
> > 	<string>교대</string>
< > 	<string>スワップ</string>
> > 	<string>교대</string>
< > 	<string>次のビューポイントに切り替え</string>
> > 	<string>다음 뷰로 전환</string>
< > 	<string>同期の後</string>
> > 	<string>이후 항목 동기화</string>
< > 	<string>同期の後</string>
> > 	<string>이후 항목 동기화</string>
< > 	<string>同期の前</string>
> > 	<string>이전 항목 동기화</string>
< > 	<string>同期の前</string>
> > 	<string>이전 항목 동기화</string>
< > 	<string>デフォルト設定を同期</string>
> > 	<string>기본값 동기화</string>
< > 	<string>選択範囲のデフォルト設定を同期</string>
< < 	<string>The mesh warp tool requires a selected layer to warp.</string>
< > 	<string>メッシュワープツールを使用するには、ワープ処理を行うレイヤーが選択されている必要があります。</string>
> > 	<string>선택 항목에서 기본값 동기화</string>
< > 	<string>32ビットプレビューパネルを切り替え</string>
> > 	<string>32-비트 미리보기 패널 켜고 끄기</string>
< > 	<string>調整パネルを切り替え</string>
> > 	<string>조정 패널 켜고 끄기</string>
< > 	<string>アセットパネルを切り替え</string>
< < 	<string>Toggle Batch Panel</string>
< > 	<string>一括パネルを切り替え</string>
< < 	<string>Toggle Brushes Panel</string>
< > 	<string>ブラシパネルを切り替え</string>
> > 	<string>자산 패널 켜고 끄기</string>
< > 	<string>チャンネルパネルを切り替え</string>
> > 	<string>채널 패널 켜고 끄기</string>
< > 	<string>文字パネルを切り替え</string>
> > 	<string>문자 패널 켜고 끄기</string>
< > 	<string>色パネルを切り替え</string>
< < 	<string>Toggle Constraint Panel</string>
< > 	<string>制約パネルを切り替え</string>
< < 	<string>Toggle Develop Basic Panel</string>
< > 	<string>現像基本パネルを切り替え</string>
< < 	<string>Toggle Develop Details Panel</string>
< > 	<string>現像詳細パネルを切り替え</string>
< < 	<string>Toggle Develop Focus Panel</string>
< > 	<string>現像フォーカスパネルを切り替え</string>
< < 	<string>Toggle Develop Lens Panel</string>
< > 	<string>現像レンズパネルを切り替え</string>
< < 	<string>Toggle Develop Location Panel</string>
< > 	<string>現像場所パネルを切り替え</string>
< < 	<string>Toggle Develop Overlay Panel</string>
< > 	<string>現像オーバーレイパネルを切り替え</string>
< < 	<string>Toggle Develop Snapshot Panel</string>
< > 	<string>現像スナップショットパネルを切り替え</string>
< < 	<string>Toggle Develop Tones Panel</string>
< > 	<string>現像トーンパネルを切り替え</string>
< < 	<string>Toggle Edit Selection As Layer</string>
< > 	<string>選択範囲レイヤー編集の切り替え</string>
< < 	<string>Toggle Effects Panel</string>
< > 	<string>エフェクパネルを切り替え</string>
< < 	<string>Toggle Exif Panel</string>
< > 	<string>Exifパネルを切り替え</string>
> > 	<string>색상 패널 켜고 끄기</string>
< > 	<string>レイヤのエクスポートパネルを切り替え</string>
< < 	<string>Toggle Export Options Panel</string>
< > 	<string>エクスポートオプションパネルを切り替え</string>
< < 	<string>Toggle Fields Panel</string>
< > 	<string>フィールドパネルを切り替え</string>
> > 	<string>내보내기 레이어 패널 켜고 끄기</string>
< > 	<string>塗りつぶしコンテキストの切り替え</string>
< < 	<string>Toggle Find and Replace Panel</string>
< > 	<string>検索および置換パネルの切り替え</string>
< < 	<string>Toggle Frequency Layer</string>
< > 	<string>周波数レイヤーの切り替え</string>
< < 	<string>Toggle GPU Panel</string>
< > 	<string>GPUパネルを切り替え</string>
< < 	<string>Toggle Glyph Browser Panel</string>
< > 	<string>グリフブラウザパネルを切り替え</string>
< < 	<string>Toggle Grid Editing</string>
< > 	<string>グリッド編集の切り替え</string>
< < 	<string>Toggle Grid Editing</string>
< > 	<string>グリッド編集の切り替え</string>
< < 	<string>Toggle Grid Origin Editing</string>
< > 	<string>グリッド起点編集の切り替え</string>
< < 	<string>Toggle Grid Origin and Axis Editing</string>
< > 	<string>グリッド起点および軸編集の切り替え</string>
< < 	<string>Toggle Guides Editing</string>
< > 	<string>ガイド編集の切り替え</string>
< < 	<string>Toggle Guides Editing</string>
< > 	<string>ガイド編集の切り替え</string>
> > 	<string>칠 상황 켜고 끄기</string>
< > 	<string>ヒストグラムパネルを切り替え</string>
> > 	<string>히스토그램 패널 켜고 끄기</string>
< > 	<string>履歴パネルを切り替え</string>
< < 	<string>Toggle Index Panel</string>
< > 	<string>インデックスパネルを切り替え</string>
< < 	<string>Toggle Information Panel</string>
< > 	<string>情報パネルを切り替え</string>
< < 	<string>Toggle Layers Panel</string>
< > 	<string>レイヤーパネルを切り替え</string>
< < 	<string>Toggle Library Panel</string>
< > 	<string>ライブラリパネルを切り替え</string>
< < 	<string>Toggle Links Panel</string>
< > 	<string>リンクパネルを切り替え</string>
< < 	<string>Toggle Liquify Brush Panel</string>
< > 	<string>ゆがみブラシパネルを切り替え</string>
> > 	<string>편집 기록 패널 켜고 끄기</string>
< > 	<string>ゆがみマスクパネルを切り替え</string>
> > 	<string>액화 마스크 패널 켜고 끄기</string>
< > 	<string>ゆがみメッシュパネルを切り替え</string>
> > 	<string>액화 그물 패널 켜고 끄기</string>
< > 	<string>マクロパネルを切り替え</string>
> > 	<string>매크로 패널 켜고 끄기</string>
< > 	<string>ナビゲータパネルを切り替え</string>
< < 	<string>Toggle Pages Panel</string>
< > 	<string>ページパネルを切り替え</string>
> > 	<string>네비게이터 패널 켜고 끄기</string>
< > 	<string>段落パネルを切り替え</string>
< < 	<string>Toggle Quick Mask [Q]</string>
< > 	<string>クイックマスクを切り替え[Q]</string>
< < 	<string>Toggle Quick Mask [Q]</string>
< > 	<string>クイックマスクを切り替え[Q]</string>
< < 	<string>Toggle Ruler Origin Editing</string>
< > 	<string>ルーラー起点編集の切り替え</string>
< < 	<string>Toggle Ruler Origin Editing</string>
< > 	<string>ルーラー起点編集の切り替え</string>
< < 	<string>Toggle Scope Panel</string>
< > 	<string>スコープパネルを切り替え</string>
> > 	<string>문단 패널 켜고 끄기</string>
< > 	<string>スライスパネルを切り替え</string>
> > 	<string>슬라이스 패널 켜고 끄기</string>
< > 	<string>スナップの切り替え</string>
> > 	<string>스내핑 켜고 끄기</string>
< > 	<string>スナップショットパネルを切り替え</string>
< < 	<string>Toggle Sources Panel</string>
< > 	<string>ソースパネルを切り替え</string>
> > 	<string>스냅샷 패널 켜고 끄기</string>
< > 	<string>ストックパネルを切り替え</string>
> > 	<string>재고 패널 켜고 끄기</string>
< > 	<string>境界線パネルを切り替え</string>
< < 	<string>Toggle Styles Panel</string>
< > 	<string>スタイルパネルを切り替え</string>
> > 	<string>선 패널 켜고 끄기</string>
< > 	<string>見本パネルを切り替え</string>
> > 	<string>견본 패널 켜고 끄기</string>
< > 	<string>シンボルパネルを切り替え</string>
< < 	<string>Toggle Table Format Panel</string>
< > 	<string>テーブルフォーマットパネルを切り替え</string>
< < 	<string>Toggle Table Panel</string>
< > 	<string>テーブルパネルを切り替え</string>
< < 	<string>Toggle Table of Contents Panel</string>
< > 	<string>目次パネルを切り替え</string>
< < 	<string>Toggle Text Frame Panel</string>
< > 	<string>テキストフレームパネルを切り替え</string>
> > 	<string>상징 패널 켜고 끄기</string>
< > 	<string>テキストスタイルパネルを切り替え</string>
> > 	<string>텍스트 스타일 패널 켜고 끄기</string>
< > 	<string>トーンマップオーバーレイパネルを切り替え</string>
> > 	<string>톤 맵 오버레이 패널 켜고 끄기</string>
< > 	<string>トーンマップパネルを切り替え</string>
> > 	<string>톤 맵 패널 켜고 끄기</string>
< > 	<string>トーンマッププリセットパネルを切り替え</string>
> > 	<string>톤 맵 미리 설정 패널 켜고 끄기</string>
< > 	<string>変換パネルを切り替え</string>
< < 	<string>Toggle Unicode Character</string>
< > 	<string>Unicode文字の切り替え</string>
> > 	<string>변형 패널 켜고 끄기</string>
< > 	<string>階調範囲:</string>
> > 	<string>톤 범위:</string>
< > 	<string>トーンマッピングペルソナ</string>
> > 	<string>톤 맵핑 페르소나</string>
< > 	<string>トーンマッピングペルソナ</string>
> > 	<string>톤 맵핑 페르소나</string>
< > 	<string>トーンマッピングペルソナ</string>
> > 	<string>톤 맵핑 페르소나</string>
< > 	<string>トーンマッピング</string>
< < 	<string>Tool Options</string>
< > 	<string>ツールオプション</string>
> > 	<string>톤 맵핑</string>
< > 	<string>変換</string>
> > 	<string>변형</string>
< > 	<string>スペル"%@"の無視を解除</string>
> > 	<string>철자 "%@"를 무시하지 않기</string>
< > 	<string>スペル"%@"の学習を解除</string>
> > 	<string>철자 "%@"를 학습하지 않음</string>
< > 	<string>ベクトルペルソナ</string>
> > 	<string>벡터 페르소나</string>
< > 	<string>ベクトルペルソナ</string>
> > 	<string>벡터 페르소나</string>
< > 	<string>ベクトルペルソナ</string>
< < 	<string>Vector Persona.</string>
< > 	<string>ベクトルペルソナ。</string>
> > 	<string>벡터 페르소나</string>
< > 	<string>ベクトル</string>
> > 	<string>벡터</string>
< > 	<string>自然な彩度</string>
> > 	<string>활기</string>
< > 	<string>表示モード</string>
> > 	<string>뷰 모드</string>
< > 	<string>Affinity Photoへようこそ。
> > 	<string>Affinity Photo에 어서오세요.
< > 	<string>幅:</string>
> > 	<string>너비:</string>
< > 	<string>幅:</string>
< < 	<string>Wrapping</string>
< > 	<string>回り込み</string>
> > 	<string>너비:</string>
< > 	<string>排他的論理和</string>
> > 	<string>배타</string>
< > 	<string>排他的論理和</string>
> > 	<string>배타</string>
< > 	<string>排他的論理和</string>
> > 	<string>배타</string>
< > 	<string>排他的論理和</string>
> > 	<string>배타</string>
< > 	<string>はい</string>
> > 	<string>예</string>
< > 	<string>ズームイン</string>
> > 	<string>확대</string>
< > 	<string>ズームアウト</string>
> > 	<string>축소</string>
