Only in /Applications/Affinity Designer.app/Contents/Frameworks/libcocoaui.framework/Versions/A/Resources/en.lproj/: AddPageWindowController.nib
Only in /Applications/Affinity Designer.app/Contents/Frameworks/libcocoaui.framework/Versions/A/Resources/en.lproj/: AdjustmentItemView.nib
Only in /Applications/Affinity Designer.app/Contents/Frameworks/libcocoaui.framework/Versions/A/Resources/en.lproj/: AdjustmentPage.nib
diff -s /Applications/Affinity Designer.app/Contents/Frameworks/libcocoaui.framework/Versions/A/Resources/en.lproj/Adjustments.nib /Applications/Affinity Designer.app/Contents/Frameworks/libcocoaui.framework/Versions/A/Resources/ko.lproj/Adjustments.nib
< 		<string>Delete</string>
> 		<string>지우기</string>
< 		<string>Opacity:</string>
> 		<string>투명도:</string>
< 		<string>Exposure</string>
> 		<string>노출</string>
< 		<string>Posterise</string>
> 		<string>포스터화</string>
< 		<string>Levels</string>
> 		<string>레벨</string>
< 		<string>Vibrance</string>
> 		<string>활기</string>
< 		<string>Threshold</string>
> 		<string>역치</string>
< 		<string>Curves</string>
> 		<string>곡선</string>
< 		<string>White Balance</string>
> 		<string>화이트 밸런스</string>
< 		<string>White Balance</string>
> 		<string>화이트 밸런스</string>
< 		<string>Channel Mixer</string>
> 		<string>채널 혼합</string>
< 		<string>Black &amp; White</string>
> 		<string>흑백</string>
< 		<string>Soft Proof</string>
> 		<string>미리보기</string>
< 		<string>Copy</string>
> 		<string>복사</string>
< 		<string>Opacity:</string>
> 		<string>투명도:</string>
< 		<string>Gradient Map</string>
> 		<string>그레이디언트 맵</string>
< 		<string>Colour</string>
> 		<string>색상</string>
< 		<string>Black</string>
> 		<string>검정</string>
< 		<string>Selective Colour</string>
> 		<string>색상 선택</string>
< 		<string>Recolour</string>
> 		<string>재색상</string>
< 		<string>Shadows / Highlights</string>
> 		<string>그림자 / 빛</string>
< 		<string>Tonal Range</string>
> 		<string>색조 영역</string>
< 		<string>Colour Balance</string>
> 		<string>색상 밸런스</string>
< 		<string>Lens Filter</string>
> 		<string>렌즈 필터</string>
Only in /Applications/Affinity Designer.app/Contents/Frameworks/libcocoaui.framework/Versions/A/Resources/en.lproj/: AdvancedBlendingController.nib
Only in /Applications/Affinity Designer.app/Contents/Frameworks/libcocoaui.framework/Versions/A/Resources/en.lproj/: AffineEffect.nib
Only in /Applications/Affinity Designer.app/Contents/Frameworks/libcocoaui.framework/Versions/A/Resources/en.lproj/: AlignViewController.nib
Only in /Applications/Affinity Designer.app/Contents/Frameworks/libcocoaui.framework/Versions/A/Resources/en.lproj/: ApplyImageEffect.nib
Only in /Applications/Affinity Designer.app/Contents/Frameworks/libcocoaui.framework/Versions/A/Resources/en.lproj/: AssetsPage.nib
Only in /Applications/Affinity Designer.app/Contents/Frameworks/libcocoaui.framework/Versions/A/Resources/en.lproj/: AssistantOptions.nib
Only in /Applications/Affinity Designer.app/Contents/Frameworks/libcocoaui.framework/Versions/A/Resources/en.lproj/: BatchJobItemView.nib
Only in /Applications/Affinity Designer.app/Contents/Frameworks/libcocoaui.framework/Versions/A/Resources/en.lproj/: BatchJobSubItemView.nib
Only in /Applications/Affinity Designer.app/Contents/Frameworks/libcocoaui.framework/Versions/A/Resources/en.lproj/: BatchPage.nib
Only in /Applications/Affinity Designer.app/Contents/Frameworks/libcocoaui.framework/Versions/A/Resources/en.lproj/: BilateralEffect.nib
Only in /Applications/Affinity Designer.app/Contents/Frameworks/libcocoaui.framework/Versions/A/Resources/en.lproj/: BlendModePropertiesViewController.nib
Only in /Applications/Affinity Designer.app/Contents/Frameworks/libcocoaui.framework/Versions/A/Resources/en.lproj/: BoxEffect.nib
Only in /Applications/Affinity Designer.app/Contents/Frameworks/libcocoaui.framework/Versions/A/Resources/en.lproj/: BrushEditPanel.nib
Only in /Applications/Affinity Designer.app/Contents/Frameworks/libcocoaui.framework/Versions/A/Resources/en.lproj/: BrushItemView.nib
Only in /Applications/Affinity Designer.app/Contents/Frameworks/libcocoaui.framework/Versions/A/Resources/en.lproj/: BrushPage.nib
Only in /Applications/Affinity Designer.app/Contents/Frameworks/libcocoaui.framework/Versions/A/Resources/en.lproj/: CameraShakeBlurEffect.nib
Only in /Applications/Affinity Designer.app/Contents/Frameworks/libcocoaui.framework/Versions/A/Resources/en.lproj/: CategoryViewCategory.nib
Only in /Applications/Affinity Designer.app/Contents/Frameworks/libcocoaui.framework/Versions/A/Resources/en.lproj/: ChannelItemView.nib
Only in /Applications/Affinity Designer.app/Contents/Frameworks/libcocoaui.framework/Versions/A/Resources/en.lproj/: ChannelRasterSelectionItemView.nib
Only in /Applications/Affinity Designer.app/Contents/Frameworks/libcocoaui.framework/Versions/A/Resources/en.lproj/: ChannelSelectionItemView.nib
Only in /Applications/Affinity Designer.app/Contents/Frameworks/libcocoaui.framework/Versions/A/Resources/en.lproj/: ChannelSeparatorItemView.nib
Only in /Applications/Affinity Designer.app/Contents/Frameworks/libcocoaui.framework/Versions/A/Resources/en.lproj/: ChannelSpareSelectionItemView.nib
Only in /Applications/Affinity Designer.app/Contents/Frameworks/libcocoaui.framework/Versions/A/Resources/en.lproj/: ChannelsPage.nib
Only in /Applications/Affinity Designer.app/Contents/Frameworks/libcocoaui.framework/Versions/A/Resources/en.lproj/: CharacterPage.nib
Only in /Applications/Affinity Designer.app/Contents/Frameworks/libcocoaui.framework/Versions/A/Resources/en.lproj/: ClarityEffect.nib
Only in /Applications/Affinity Designer.app/Contents/Frameworks/libcocoaui.framework/Versions/A/Resources/en.lproj/: ClearUserDataWindowController.nib
Only in /Applications/Affinity Designer.app/Contents/Frameworks/libcocoaui.framework/Versions/A/Resources/en.lproj/: CloneBrushSourceItemView.nib
Only in /Applications/Affinity Designer.app/Contents/Frameworks/libcocoaui.framework/Versions/A/Resources/en.lproj/: CloneBrushSourcesPage.nib
Only in /Applications/Affinity Designer.app/Contents/Frameworks/libcocoaui.framework/Versions/A/Resources/en.lproj/: CloudConflictPanel.nib
Only in /Applications/Affinity Designer.app/Contents/Frameworks/libcocoaui.framework/Versions/A/Resources/en.lproj/: CloudUpdatePanel.nib
Only in /Applications/Affinity Designer.app/Contents/Frameworks/libcocoaui.framework/Versions/A/Resources/en.lproj/: ColourCMYKSliderView.nib
Only in /Applications/Affinity Designer.app/Contents/Frameworks/libcocoaui.framework/Versions/A/Resources/en.lproj/: ColourEditor.nib
Only in /Applications/Affinity Designer.app/Contents/Frameworks/libcocoaui.framework/Versions/A/Resources/en.lproj/: ColourGreySliderView.nib
Only in /Applications/Affinity Designer.app/Contents/Frameworks/libcocoaui.framework/Versions/A/Resources/en.lproj/: ColourHLSwatchModel.nib
Only in /Applications/Affinity Designer.app/Contents/Frameworks/libcocoaui.framework/Versions/A/Resources/en.lproj/: ColourHSLSliderView.nib
Only in /Applications/Affinity Designer.app/Contents/Frameworks/libcocoaui.framework/Versions/A/Resources/en.lproj/: ColourHSSwatchModel.nib
Only in /Applications/Affinity Designer.app/Contents/Frameworks/libcocoaui.framework/Versions/A/Resources/en.lproj/: ColourLABSliderView.nib
Only in /Applications/Affinity Designer.app/Contents/Frameworks/libcocoaui.framework/Versions/A/Resources/en.lproj/: ColourPage.nib
Only in /Applications/Affinity Designer.app/Contents/Frameworks/libcocoaui.framework/Versions/A/Resources/en.lproj/: ColourPickerPanel.nib
Only in /Applications/Affinity Designer.app/Contents/Frameworks/libcocoaui.framework/Versions/A/Resources/en.lproj/: ColourPickerViewController.nib
Only in /Applications/Affinity Designer.app/Contents/Frameworks/libcocoaui.framework/Versions/A/Resources/en.lproj/: ColourRGBHexSliderView.nib
Only in /Applications/Affinity Designer.app/Contents/Frameworks/libcocoaui.framework/Versions/A/Resources/en.lproj/: ColourRGBSliderView.nib
Only in /Applications/Affinity Designer.app/Contents/Frameworks/libcocoaui.framework/Versions/A/Resources/en.lproj/: ColourSLSwatchModel.nib
Only in /Applications/Affinity Designer.app/Contents/Frameworks/libcocoaui.framework/Versions/A/Resources/en.lproj/: ColourTintSliderView.nib
Only in /Applications/Affinity Designer.app/Contents/Frameworks/libcocoaui.framework/Versions/A/Resources/en.lproj/: ColourWheelModel.nib
Only in /Applications/Affinity Designer.app/Contents/Frameworks/libcocoaui.framework/Versions/A/Resources/en.lproj/: ConstraintsPage.nib
Only in /Applications/Affinity Designer.app/Contents/Frameworks/libcocoaui.framework/Versions/A/Resources/en.lproj/: CreatePaletteFromImageWindowController.nib
Only in /Applications/Affinity Designer.app/Contents/Frameworks/libcocoaui.framework/Versions/A/Resources/en.lproj/: CustomBlurEffect.nib
Only in /Applications/Affinity Designer.app/Contents/Frameworks/libcocoaui.framework/Versions/A/Resources/en.lproj/: DebugPage.nib
Only in /Applications/Affinity Designer.app/Contents/Frameworks/libcocoaui.framework/Versions/A/Resources/en.lproj/: DeformEffect.nib
Only in /Applications/Affinity Designer.app/Contents/Frameworks/libcocoaui.framework/Versions/A/Resources/en.lproj/: DefringeEffect.nib
Only in /Applications/Affinity Designer.app/Contents/Frameworks/libcocoaui.framework/Versions/A/Resources/en.lproj/: DenoiseEffect.nib
Only in /Applications/Affinity Designer.app/Contents/Frameworks/libcocoaui.framework/Versions/A/Resources/en.lproj/: DepthOfFieldEffect.nib
Only in /Applications/Affinity Designer.app/Contents/Frameworks/libcocoaui.framework/Versions/A/Resources/en.lproj/: DevelopAssistantOptions.nib
Only in /Applications/Affinity Designer.app/Contents/Frameworks/libcocoaui.framework/Versions/A/Resources/en.lproj/: DevelopBasicItemViews.nib
Only in /Applications/Affinity Designer.app/Contents/Frameworks/libcocoaui.framework/Versions/A/Resources/en.lproj/: DevelopBasicPage.nib
Only in /Applications/Affinity Designer.app/Contents/Frameworks/libcocoaui.framework/Versions/A/Resources/en.lproj/: DevelopCameraItemViews.nib
Only in /Applications/Affinity Designer.app/Contents/Frameworks/libcocoaui.framework/Versions/A/Resources/en.lproj/: DevelopCameraPage.nib
Only in /Applications/Affinity Designer.app/Contents/Frameworks/libcocoaui.framework/Versions/A/Resources/en.lproj/: DevelopDetailsItemViews.nib
Only in /Applications/Affinity Designer.app/Contents/Frameworks/libcocoaui.framework/Versions/A/Resources/en.lproj/: DevelopDetailsPage.nib
Only in /Applications/Affinity Designer.app/Contents/Frameworks/libcocoaui.framework/Versions/A/Resources/en.lproj/: DevelopFocusPage.nib
Only in /Applications/Affinity Designer.app/Contents/Frameworks/libcocoaui.framework/Versions/A/Resources/en.lproj/: DevelopLensItemViews.nib
Only in /Applications/Affinity Designer.app/Contents/Frameworks/libcocoaui.framework/Versions/A/Resources/en.lproj/: DevelopLensPage.nib
Only in /Applications/Affinity Designer.app/Contents/Frameworks/libcocoaui.framework/Versions/A/Resources/en.lproj/: DevelopOverlayItemView.nib
Only in /Applications/Affinity Designer.app/Contents/Frameworks/libcocoaui.framework/Versions/A/Resources/en.lproj/: DevelopOverlaysPage.nib
Only in /Applications/Affinity Designer.app/Contents/Frameworks/libcocoaui.framework/Versions/A/Resources/en.lproj/: DevelopSnapshotItemView.nib
Only in /Applications/Affinity Designer.app/Contents/Frameworks/libcocoaui.framework/Versions/A/Resources/en.lproj/: DevelopSnapshotsPage.nib
Only in /Applications/Affinity Designer.app/Contents/Frameworks/libcocoaui.framework/Versions/A/Resources/en.lproj/: DevelopTonesItemViews.nib
Only in /Applications/Affinity Designer.app/Contents/Frameworks/libcocoaui.framework/Versions/A/Resources/en.lproj/: DevelopTonesPage.nib
Only in /Applications/Affinity Designer.app/Contents/Frameworks/libcocoaui.framework/Versions/A/Resources/en.lproj/: DiffuseEffect.nib
Only in /Applications/Affinity Designer.app/Contents/Frameworks/libcocoaui.framework/Versions/A/Resources/en.lproj/: DiffuseGlowEffect.nib
Only in /Applications/Affinity Designer.app/Contents/Frameworks/libcocoaui.framework/Versions/A/Resources/en.lproj/: DisplacementMapEffect.nib
Only in /Applications/Affinity Designer.app/Contents/Frameworks/libcocoaui.framework/Versions/A/Resources/en.lproj/: DocumentMarginsWindowController.nib
Only in /Applications/Affinity Designer.app/Contents/Frameworks/libcocoaui.framework/Versions/A/Resources/en.lproj/: DocumentSetupWindowController.nib
Only in /Applications/Affinity Designer.app/Contents/Frameworks/libcocoaui.framework/Versions/A/Resources/en.lproj/: DustScratchEffect.nib
Only in /Applications/Affinity Designer.app/Contents/Frameworks/libcocoaui.framework/Versions/A/Resources/en.lproj/: EffectItemDetailedViews.nib
Only in /Applications/Affinity Designer.app/Contents/Frameworks/libcocoaui.framework/Versions/A/Resources/en.lproj/: EffectItemViews.nib
Only in /Applications/Affinity Designer.app/Contents/Frameworks/libcocoaui.framework/Versions/A/Resources/en.lproj/: EffectsPage.nib
Only in /Applications/Affinity Designer.app/Contents/Frameworks/libcocoaui.framework/Versions/A/Resources/en.lproj/: EffectsSettings.nib
Only in /Applications/Affinity Designer.app/Contents/Frameworks/libcocoaui.framework/Versions/A/Resources/en.lproj/: EffectsSettingsListItem.nib
Only in /Applications/Affinity Designer.app/Contents/Frameworks/libcocoaui.framework/Versions/A/Resources/en.lproj/: EmbossEffect.nib
Only in /Applications/Affinity Designer.app/Contents/Frameworks/libcocoaui.framework/Versions/A/Resources/en.lproj/: EquationTransformEffect.nib
Only in /Applications/Affinity Designer.app/Contents/Frameworks/libcocoaui.framework/Versions/A/Resources/en.lproj/: ExportCubePanel.nib
Only in /Applications/Affinity Designer.app/Contents/Frameworks/libcocoaui.framework/Versions/A/Resources/en.lproj/: ExportFileItemView.nib
Only in /Applications/Affinity Designer.app/Contents/Frameworks/libcocoaui.framework/Versions/A/Resources/en.lproj/: ExportLayerItemView.nib
Only in /Applications/Affinity Designer.app/Contents/Frameworks/libcocoaui.framework/Versions/A/Resources/en.lproj/: ExportLayerPage.nib
Only in /Applications/Affinity Designer.app/Contents/Frameworks/libcocoaui.framework/Versions/A/Resources/en.lproj/: ExportListConflicts.nib
Only in /Applications/Affinity Designer.app/Contents/Frameworks/libcocoaui.framework/Versions/A/Resources/en.lproj/: ExportOptionsPresetDetail.nib
Only in /Applications/Affinity Designer.app/Contents/Frameworks/libcocoaui.framework/Versions/A/Resources/en.lproj/: ExportOptionsView.nib
Only in /Applications/Affinity Designer.app/Contents/Frameworks/libcocoaui.framework/Versions/A/Resources/en.lproj/: ExportPage.nib
Only in /Applications/Affinity Designer.app/Contents/Frameworks/libcocoaui.framework/Versions/A/Resources/en.lproj/: ExportWindowController.nib
Only in /Applications/Affinity Designer.app/Contents/Frameworks/libcocoaui.framework/Versions/A/Resources/en.lproj/: ExportableItemView.nib
Only in /Applications/Affinity Designer.app/Contents/Frameworks/libcocoaui.framework/Versions/A/Resources/en.lproj/: ExportableItemsPage.nib
Only in /Applications/Affinity Designer.app/Contents/Frameworks/libcocoaui.framework/Versions/A/Resources/en.lproj/: ExportablePathView.nib
Only in /Applications/Affinity Designer.app/Contents/Frameworks/libcocoaui.framework/Versions/A/Resources/en.lproj/: ExportableScalePathView.nib
Only in /Applications/Affinity Designer.app/Contents/Frameworks/libcocoaui.framework/Versions/A/Resources/en.lproj/: FFTDenoiseEffect.nib
Only in /Applications/Affinity Designer.app/Contents/Frameworks/libcocoaui.framework/Versions/A/Resources/en.lproj/: FadeRewindEffect.nib
Only in /Applications/Affinity Designer.app/Contents/Frameworks/libcocoaui.framework/Versions/A/Resources/en.lproj/: FeatherSelection.nib
Only in /Applications/Affinity Designer.app/Contents/Frameworks/libcocoaui.framework/Versions/A/Resources/en.lproj/: FieldBlurEffect.nib
Only in /Applications/Affinity Designer.app/Contents/Frameworks/libcocoaui.framework/Versions/A/Resources/en.lproj/: FilesystemPage.nib
Only in /Applications/Affinity Designer.app/Contents/Frameworks/libcocoaui.framework/Versions/A/Resources/en.lproj/: FillEffect.nib
Only in /Applications/Affinity Designer.app/Contents/Frameworks/libcocoaui.framework/Versions/A/Resources/en.lproj/: FillViewController.nib
Only in /Applications/Affinity Designer.app/Contents/Frameworks/libcocoaui.framework/Versions/A/Resources/en.lproj/: FontFamilyViewController.nib
Only in /Applications/Affinity Designer.app/Contents/Frameworks/libcocoaui.framework/Versions/A/Resources/en.lproj/: FontManagerWindowController.nib
Only in /Applications/Affinity Designer.app/Contents/Frameworks/libcocoaui.framework/Versions/A/Resources/en.lproj/: FrequencySeparationEffect.nib
Only in /Applications/Affinity Designer.app/Contents/Frameworks/libcocoaui.framework/Versions/A/Resources/en.lproj/: GaussianEffect.nib
Only in /Applications/Affinity Designer.app/Contents/Frameworks/libcocoaui.framework/Versions/A/Resources/en.lproj/: GeolocationViewController.nib
Only in /Applications/Affinity Designer.app/Contents/Frameworks/libcocoaui.framework/Versions/A/Resources/en.lproj/: GlyphBrowserPage.nib
Only in /Applications/Affinity Designer.app/Contents/Frameworks/libcocoaui.framework/Versions/A/Resources/en.lproj/: GradientEditorController.nib
Only in /Applications/Affinity Designer.app/Contents/Frameworks/libcocoaui.framework/Versions/A/Resources/en.lproj/: GradientEditorView.nib
Only in /Applications/Affinity Designer.app/Contents/Frameworks/libcocoaui.framework/Versions/A/Resources/en.lproj/: GridsViewController.nib
Only in /Applications/Affinity Designer.app/Contents/Frameworks/libcocoaui.framework/Versions/A/Resources/en.lproj/: GridsViewControllerAdvance.nib
Only in /Applications/Affinity Designer.app/Contents/Frameworks/libcocoaui.framework/Versions/A/Resources/en.lproj/: GridsWindowController.nib
Only in /Applications/Affinity Designer.app/Contents/Frameworks/libcocoaui.framework/Versions/A/Resources/en.lproj/: GrowShrinkSelection.nib
Only in /Applications/Affinity Designer.app/Contents/Frameworks/libcocoaui.framework/Versions/A/Resources/en.lproj/: GuidesWindowController.nib
Only in /Applications/Affinity Designer.app/Contents/Frameworks/libcocoaui.framework/Versions/A/Resources/en.lproj/: HDRPreviewPage.nib
Only in /Applications/Affinity Designer.app/Contents/Frameworks/libcocoaui.framework/Versions/A/Resources/en.lproj/: HalftoneEffect.nib
Only in /Applications/Affinity Designer.app/Contents/Frameworks/libcocoaui.framework/Versions/A/Resources/en.lproj/: HazeRemovalEffect.nib
Only in /Applications/Affinity Designer.app/Contents/Frameworks/libcocoaui.framework/Versions/A/Resources/en.lproj/: HighPassEffect.nib
Only in /Applications/Affinity Designer.app/Contents/Frameworks/libcocoaui.framework/Versions/A/Resources/en.lproj/: HistogramPage.nib
Only in /Applications/Affinity Designer.app/Contents/Frameworks/libcocoaui.framework/Versions/A/Resources/en.lproj/: HistoryItemView.nib
Only in /Applications/Affinity Designer.app/Contents/Frameworks/libcocoaui.framework/Versions/A/Resources/en.lproj/: HistoryPage.nib
Only in /Applications/Affinity Designer.app/Contents/Frameworks/libcocoaui.framework/Versions/A/Resources/en.lproj/: ICCProfilePanel.nib
Only in /Applications/Affinity Designer.app/Contents/Frameworks/libcocoaui.framework/Versions/A/Resources/en.lproj/: InfoItemView.nib
Only in /Applications/Affinity Designer.app/Contents/Frameworks/libcocoaui.framework/Versions/A/Resources/en.lproj/: InformationPage.nib
Only in /Applications/Affinity Designer.app/Contents/Frameworks/libcocoaui.framework/Versions/A/Resources/en.lproj/: KeyboardShortcutWindowController.nib
Only in /Applications/Affinity Designer.app/Contents/Frameworks/libcocoaui.framework/Versions/A/Resources/en.lproj/: KeywordsPage.nib
Only in /Applications/Affinity Designer.app/Contents/Frameworks/libcocoaui.framework/Versions/A/Resources/en.lproj/: LayerItemView.nib
Only in /Applications/Affinity Designer.app/Contents/Frameworks/libcocoaui.framework/Versions/A/Resources/en.lproj/: LayerPage.nib
Only in /Applications/Affinity Designer.app/Contents/Frameworks/libcocoaui.framework/Versions/A/Resources/en.lproj/: LayerPropertiesViewController.nib
Only in /Applications/Affinity Designer.app/Contents/Frameworks/libcocoaui.framework/Versions/A/Resources/en.lproj/: LensBlurEffect.nib
Only in /Applications/Affinity Designer.app/Contents/Frameworks/libcocoaui.framework/Versions/A/Resources/en.lproj/: LensDistortionEffect.nib
Only in /Applications/Affinity Designer.app/Contents/Frameworks/libcocoaui.framework/Versions/A/Resources/en.lproj/: LightingEffect.nib
Only in /Applications/Affinity Designer.app/Contents/Frameworks/libcocoaui.framework/Versions/A/Resources/en.lproj/: LinePage.nib
Only in /Applications/Affinity Designer.app/Contents/Frameworks/libcocoaui.framework/Versions/A/Resources/en.lproj/: LiquifyBrushPage.nib
Only in /Applications/Affinity Designer.app/Contents/Frameworks/libcocoaui.framework/Versions/A/Resources/en.lproj/: LiquifyMaskPage.nib
Only in /Applications/Affinity Designer.app/Contents/Frameworks/libcocoaui.framework/Versions/A/Resources/en.lproj/: LiquifyMeshPage.nib
Only in /Applications/Affinity Designer.app/Contents/Frameworks/libcocoaui.framework/Versions/A/Resources/en.lproj/: LoadOptionsWindow.nib
Only in /Applications/Affinity Designer.app/Contents/Frameworks/libcocoaui.framework/Versions/A/Resources/en.lproj/: Localizable.strings
Only in /Applications/Affinity Designer.app/Contents/Frameworks/libcocoaui.framework/Versions/A/Resources/en.lproj/: MacroCategoryItemView.nib
Only in /Applications/Affinity Designer.app/Contents/Frameworks/libcocoaui.framework/Versions/A/Resources/en.lproj/: MacroEditViewController.nib
Only in /Applications/Affinity Designer.app/Contents/Frameworks/libcocoaui.framework/Versions/A/Resources/en.lproj/: MacroEffect.nib
Only in /Applications/Affinity Designer.app/Contents/Frameworks/libcocoaui.framework/Versions/A/Resources/en.lproj/: MacroItemView.nib
Only in /Applications/Affinity Designer.app/Contents/Frameworks/libcocoaui.framework/Versions/A/Resources/en.lproj/: MacroPage.nib
Only in /Applications/Affinity Designer.app/Contents/Frameworks/libcocoaui.framework/Versions/A/Resources/en.lproj/: MacroSelectLayerPanel.nib
Only in /Applications/Affinity Designer.app/Contents/Frameworks/libcocoaui.framework/Versions/A/Resources/en.lproj/: MacrosItemView.nib
Only in /Applications/Affinity Designer.app/Contents/Frameworks/libcocoaui.framework/Versions/A/Resources/en.lproj/: MacrosPage.nib
Only in /Applications/Affinity Designer.app/Contents/Frameworks/libcocoaui.framework/Versions/A/Resources/en.lproj/: MainWindow.nib
Only in /Applications/Affinity Designer.app/Contents/Frameworks/libcocoaui.framework/Versions/A/Resources/en.lproj/: MatteEffect.nib
Only in /Applications/Affinity Designer.app/Contents/Frameworks/libcocoaui.framework/Versions/A/Resources/en.lproj/: MaximumEffect.nib
Only in /Applications/Affinity Designer.app/Contents/Frameworks/libcocoaui.framework/Versions/A/Resources/en.lproj/: MedianEffect.nib
Only in /Applications/Affinity Designer.app/Contents/Frameworks/libcocoaui.framework/Versions/A/Resources/en.lproj/: MergeTextStyles.nib
Only in /Applications/Affinity Designer.app/Contents/Frameworks/libcocoaui.framework/Versions/A/Resources/en.lproj/: MinimumEffect.nib
Only in /Applications/Affinity Designer.app/Contents/Frameworks/libcocoaui.framework/Versions/A/Resources/en.lproj/: MirrorEffect.nib
Only in /Applications/Affinity Designer.app/Contents/Frameworks/libcocoaui.framework/Versions/A/Resources/en.lproj/: MotionBlurEffect.nib
Only in /Applications/Affinity Designer.app/Contents/Frameworks/libcocoaui.framework/Versions/A/Resources/en.lproj/: NavigatorPage.nib
Only in /Applications/Affinity Designer.app/Contents/Frameworks/libcocoaui.framework/Versions/A/Resources/en.lproj/: NewBatchPanel.nib
Only in /Applications/Affinity Designer.app/Contents/Frameworks/libcocoaui.framework/Versions/A/Resources/en.lproj/: NewDocPanel MultiSpread.nib
Only in /Applications/Affinity Designer.app/Contents/Frameworks/libcocoaui.framework/Versions/A/Resources/en.lproj/: NewDocPanel.nib
Only in /Applications/Affinity Designer.app/Contents/Frameworks/libcocoaui.framework/Versions/A/Resources/en.lproj/: NewFocusMergePanel.nib
Only in /Applications/Affinity Designer.app/Contents/Frameworks/libcocoaui.framework/Versions/A/Resources/en.lproj/: NewHDRMergePanel.nib
Only in /Applications/Affinity Designer.app/Contents/Frameworks/libcocoaui.framework/Versions/A/Resources/en.lproj/: NewPanoramaPanel.nib
Only in /Applications/Affinity Designer.app/Contents/Frameworks/libcocoaui.framework/Versions/A/Resources/en.lproj/: NewStackPanel.nib
Only in /Applications/Affinity Designer.app/Contents/Frameworks/libcocoaui.framework/Versions/A/Resources/en.lproj/: NoiseEffect.nib
Only in /Applications/Affinity Designer.app/Contents/Frameworks/libcocoaui.framework/Versions/A/Resources/en.lproj/: OpenAccessoryViewController.nib
Only in /Applications/Affinity Designer.app/Contents/Frameworks/libcocoaui.framework/Versions/A/Resources/en.lproj/: OpenImageAccessoryViewController.nib
Only in /Applications/Affinity Designer.app/Contents/Frameworks/libcocoaui.framework/Versions/A/Resources/en.lproj/: OpenTypeWindowController.nib
Only in /Applications/Affinity Designer.app/Contents/Frameworks/libcocoaui.framework/Versions/A/Resources/en.lproj/: OutlineSelection.nib
Only in /Applications/Affinity Designer.app/Contents/Frameworks/libcocoaui.framework/Versions/A/Resources/en.lproj/: Page Setup.nib
Only in /Applications/Affinity Designer.app/Contents/Frameworks/libcocoaui.framework/Versions/A/Resources/en.lproj/: PageSetupWindowController.nib
Only in /Applications/Affinity Designer.app/Contents/Frameworks/libcocoaui.framework/Versions/A/Resources/en.lproj/: PagesPage.nib
Only in /Applications/Affinity Designer.app/Contents/Frameworks/libcocoaui.framework/Versions/A/Resources/en.lproj/: PaletteModel.nib
Only in /Applications/Affinity Designer.app/Contents/Frameworks/libcocoaui.framework/Versions/A/Resources/en.lproj/: PalettisationView.nib
Only in /Applications/Affinity Designer.app/Contents/Frameworks/libcocoaui.framework/Versions/A/Resources/en.lproj/: PanoramaItemView.nib
Only in /Applications/Affinity Designer.app/Contents/Frameworks/libcocoaui.framework/Versions/A/Resources/en.lproj/: PanoramaSourceItemView.nib
Only in /Applications/Affinity Designer.app/Contents/Frameworks/libcocoaui.framework/Versions/A/Resources/en.lproj/: ParagraphPage.nib
Only in /Applications/Affinity Designer.app/Contents/Frameworks/libcocoaui.framework/Versions/A/Resources/en.lproj/: PerlinNoiseEffect.nib
Only in /Applications/Affinity Designer.app/Contents/Frameworks/libcocoaui.framework/Versions/A/Resources/en.lproj/: PerspectiveEffect.nib
Only in /Applications/Affinity Designer.app/Contents/Frameworks/libcocoaui.framework/Versions/A/Resources/en.lproj/: PinchPunchEffect.nib
Only in /Applications/Affinity Designer.app/Contents/Frameworks/libcocoaui.framework/Versions/A/Resources/en.lproj/: PixelateEffect.nib
diff -s /Applications/Affinity Designer.app/Contents/Frameworks/libcocoaui.framework/Versions/A/Resources/en.lproj/Preferences.nib /Applications/Affinity Designer.app/Contents/Frameworks/libcocoaui.framework/Versions/A/Resources/ko.lproj/Preferences.nib
< 		<string>General</string>
> 		<string>일반</string>
< 		<string>Colour</string>
> 		<string>색상</string>
< 		<string>Performance</string>
> 		<string>성능</string>
< 		<string>Metal</string>
> 		<string>금속</string>
< 		<string>Tools</string>
> 		<string>도구</string>
< 		<string>Save</string>
> 		<string>저장</string>
< 		<string>Keyboard Shortcuts</string>
> 		<string>키보드 단축키</string>
< 		<string>Add</string>
> 		<string>추가</string>
< 		<string>Miscellaneous</string>
> 		<string>기타</string>
< 		<string>Miscellaneous</string>
> 		<string>기타</string>
< 		<string>Close</string>
> 		<string>닫기</string>
Only in /Applications/Affinity Designer.app/Contents/Frameworks/libcocoaui.framework/Versions/A/Resources/en.lproj/: PresetsPage.nib
Only in /Applications/Affinity Designer.app/Contents/Frameworks/libcocoaui.framework/Versions/A/Resources/en.lproj/: PressureViewController.nib
Only in /Applications/Affinity Designer.app/Contents/Frameworks/libcocoaui.framework/Versions/A/Resources/en.lproj/: PrintersMarksAccessoryView.nib
Only in /Applications/Affinity Designer.app/Contents/Frameworks/libcocoaui.framework/Versions/A/Resources/en.lproj/: PrintingAccessoryViewController.nib
Only in /Applications/Affinity Designer.app/Contents/Frameworks/libcocoaui.framework/Versions/A/Resources/en.lproj/: ProfileEditorView.nib
Only in /Applications/Affinity Designer.app/Contents/Frameworks/libcocoaui.framework/Versions/A/Resources/en.lproj/: ProgressPanel.nib
Only in /Applications/Affinity Designer.app/Contents/Frameworks/libcocoaui.framework/Versions/A/Resources/en.lproj/: RadialBlurEffect.nib
Only in /Applications/Affinity Designer.app/Contents/Frameworks/libcocoaui.framework/Versions/A/Resources/en.lproj/: RasteriseOptionsPanel.nib
Only in /Applications/Affinity Designer.app/Contents/Frameworks/libcocoaui.framework/Versions/A/Resources/en.lproj/: RefineSelection.nib
Only in /Applications/Affinity Designer.app/Contents/Frameworks/libcocoaui.framework/Versions/A/Resources/en.lproj/: RemoveVignetteEffect.nib
Only in /Applications/Affinity Designer.app/Contents/Frameworks/libcocoaui.framework/Versions/A/Resources/en.lproj/: ResizeCanvasPanel.nib
Only in /Applications/Affinity Designer.app/Contents/Frameworks/libcocoaui.framework/Versions/A/Resources/en.lproj/: ResizePanel.nib
Only in /Applications/Affinity Designer.app/Contents/Frameworks/libcocoaui.framework/Versions/A/Resources/en.lproj/: ResizePixelArtPanel.nib
Only in /Applications/Affinity Designer.app/Contents/Frameworks/libcocoaui.framework/Versions/A/Resources/en.lproj/: ResourceManagerWindowController.nib
Only in /Applications/Affinity Designer.app/Contents/Frameworks/libcocoaui.framework/Versions/A/Resources/en.lproj/: RippleEffect.nib
Only in /Applications/Affinity Designer.app/Contents/Frameworks/libcocoaui.framework/Versions/A/Resources/en.lproj/: SaveAccessoryViewController.nib
Only in /Applications/Affinity Designer.app/Contents/Frameworks/libcocoaui.framework/Versions/A/Resources/en.lproj/: ScanningController.nib
Only in /Applications/Affinity Designer.app/Contents/Frameworks/libcocoaui.framework/Versions/A/Resources/en.lproj/: SelectDocument.nib
Only in /Applications/Affinity Designer.app/Contents/Frameworks/libcocoaui.framework/Versions/A/Resources/en.lproj/: SelectSampledColour.nib
Only in /Applications/Affinity Designer.app/Contents/Frameworks/libcocoaui.framework/Versions/A/Resources/en.lproj/: ShadowsHighlightsEffect.nib
Only in /Applications/Affinity Designer.app/Contents/Frameworks/libcocoaui.framework/Versions/A/Resources/en.lproj/: ShearEffect.nib
Only in /Applications/Affinity Designer.app/Contents/Frameworks/libcocoaui.framework/Versions/A/Resources/en.lproj/: SmoothSelection.nib
Only in /Applications/Affinity Designer.app/Contents/Frameworks/libcocoaui.framework/Versions/A/Resources/en.lproj/: SnappingOptions.nib
Only in /Applications/Affinity Designer.app/Contents/Frameworks/libcocoaui.framework/Versions/A/Resources/en.lproj/: SnappingOptionsViewController.nib
Only in /Applications/Affinity Designer.app/Contents/Frameworks/libcocoaui.framework/Versions/A/Resources/en.lproj/: SnapshotItemView.nib
Only in /Applications/Affinity Designer.app/Contents/Frameworks/libcocoaui.framework/Versions/A/Resources/en.lproj/: SnapshotsPage.nib
Only in /Applications/Affinity Designer.app/Contents/Frameworks/libcocoaui.framework/Versions/A/Resources/en.lproj/: SpellingWindowController.nib
Only in /Applications/Affinity Designer.app/Contents/Frameworks/libcocoaui.framework/Versions/A/Resources/en.lproj/: SphereEffect.nib
Only in /Applications/Affinity Designer.app/Contents/Frameworks/libcocoaui.framework/Versions/A/Resources/en.lproj/: StockPage.nib
Only in /Applications/Affinity Designer.app/Contents/Frameworks/libcocoaui.framework/Versions/A/Resources/en.lproj/: StyleItemView.nib
Only in /Applications/Affinity Designer.app/Contents/Frameworks/libcocoaui.framework/Versions/A/Resources/en.lproj/: StylesPage.nib
diff -s /Applications/Affinity Designer.app/Contents/Frameworks/libcocoaui.framework/Versions/A/Resources/en.lproj/SwatchesPage.nib /Applications/Affinity Designer.app/Contents/Frameworks/libcocoaui.framework/Versions/A/Resources/ko.lproj/SwatchesPage.nib
< 		<string>Add Global Colour…</string>
> 		<string>전역 색상 추가…</string>
< 		<string>Rename Palette...</string>
> 		<string>팔레트 이름 변경...</string>
< 		<string>Delete Palette</string>
> 		<string>팔레트 지우기</string>
< 		<string>Set as Default for</string>
> 		<string>기본값으로 설정하기</string>
< 		<string>Set as Default for</string>
> 		<string>기본값으로 설정하기</string>
< 		<string>Create Palette From Document</string>
> 		<string>문서로부터 팔레트 생성</string>
< 		<string>Create Palette From Document</string>
> 		<string>문서로부터 팔레트 생성</string>
< 		<string>As Application Palette</string>
> 		<string>응용프로그램 팔레트로</string>
< 		<string>As Document Palette</string>
> 		<string>문서 팔레트로</string>
< 		<string>As System Palette</string>
> 		<string>시스템 팔레트로</string>
< 		<string>Sort</string>
> 		<string>정렬</string>
< 		<string>Colour</string>
> 		<string>색상</string>
< 		<string>As Application Palette</string>
> 		<string>응용프로그램 팔레트로</string>
< 		<string>As Document Palette</string>
> 		<string>문서 팔레트로</string>
< 		<string>As System Palette</string>
> 		<string>시스템 팔레트로</string>
< 		<string>Opacity:</string>
> 		<string>불투명도:</string>
< 		<string>System</string>
> 		<string>시스템</string>
< 		<string>Shades</string>
> 		<string>음영</string>
< 		<string>Tones</string>
> 		<string>색조</string>
Only in /Applications/Affinity Designer.app/Contents/Frameworks/libcocoaui.framework/Versions/A/Resources/en.lproj/: SymbolItemView.nib
Only in /Applications/Affinity Designer.app/Contents/Frameworks/libcocoaui.framework/Versions/A/Resources/en.lproj/: SymbolsPage.nib
Only in /Applications/Affinity Designer.app/Contents/Frameworks/libcocoaui.framework/Versions/A/Resources/en.lproj/: TextFramePage.nib
Only in /Applications/Affinity Designer.app/Contents/Frameworks/libcocoaui.framework/Versions/A/Resources/en.lproj/: TextStyleEditor.nib
Only in /Applications/Affinity Designer.app/Contents/Frameworks/libcocoaui.framework/Versions/A/Resources/en.lproj/: TextStylesPage.nib
Only in /Applications/Affinity Designer.app/Contents/Frameworks/libcocoaui.framework/Versions/A/Resources/en.lproj/: TextWrappingDialogController.nib
Only in /Applications/Affinity Designer.app/Contents/Frameworks/libcocoaui.framework/Versions/A/Resources/en.lproj/: ToastPanelController.nib
Only in /Applications/Affinity Designer.app/Contents/Frameworks/libcocoaui.framework/Versions/A/Resources/en.lproj/: ToneMapItemViews.nib
Only in /Applications/Affinity Designer.app/Contents/Frameworks/libcocoaui.framework/Versions/A/Resources/en.lproj/: ToneMapOverlayItemView.nib
Only in /Applications/Affinity Designer.app/Contents/Frameworks/libcocoaui.framework/Versions/A/Resources/en.lproj/: ToneMapOverlaysPage.nib
Only in /Applications/Affinity Designer.app/Contents/Frameworks/libcocoaui.framework/Versions/A/Resources/en.lproj/: ToneMapPage.nib
Only in /Applications/Affinity Designer.app/Contents/Frameworks/libcocoaui.framework/Versions/A/Resources/en.lproj/: ToneMapPresetsPage.nib
Only in /Applications/Affinity Designer.app/Contents/Frameworks/libcocoaui.framework/Versions/A/Resources/en.lproj/: ToolUIPaletteViewController.nib
Only in /Applications/Affinity Designer.app/Contents/Frameworks/libcocoaui.framework/Versions/A/Resources/en.lproj/: ToolbarPalette.nib
Only in /Applications/Affinity Designer.app/Contents/Frameworks/libcocoaui.framework/Versions/A/Resources/en.lproj/: TransformPage.nib
Only in /Applications/Affinity Designer.app/Contents/Frameworks/libcocoaui.framework/Versions/A/Resources/en.lproj/: TransparencyEditorController.nib
Only in /Applications/Affinity Designer.app/Contents/Frameworks/libcocoaui.framework/Versions/A/Resources/en.lproj/: TransparencyViewController.nib
Only in /Applications/Affinity Designer.app/Contents/Frameworks/libcocoaui.framework/Versions/A/Resources/en.lproj/: TwirlEffect.nib
Only in /Applications/Affinity Designer.app/Contents/Frameworks/libcocoaui.framework/Versions/A/Resources/en.lproj/: UnsharpMaskEffect.nib
Only in /Applications/Affinity Designer.app/Contents/Frameworks/libcocoaui.framework/Versions/A/Resources/en.lproj/: VignetteEffect.nib
Only in /Applications/Affinity Designer.app/Contents/Frameworks/libcocoaui.framework/Versions/A/Resources/en.lproj/: WaveformPage.nib
diff -s /Applications/Affinity Designer.app/Contents/Frameworks/libcocoaui.framework/Versions/A/Resources/en.lproj/WelcomeWindowController.nib /Applications/Affinity Designer.app/Contents/Frameworks/libcocoaui.framework/Versions/A/Resources/ko.lproj/WelcomeWindowController.nib
< 		<string>Close</string>
> 		<string>닫기</string>
Only in /Applications/Affinity Designer.app/Contents/Frameworks/libcocoaui.framework/Versions/A/Resources/en.lproj/: XMPPage.nib
Only in /Applications/Affinity Designer.app/Contents/Frameworks/libcocoaui.framework/Versions/A/Resources/en.lproj/: ZMapBlurEffect.nib
Only in /Applications/Affinity Designer.app/Contents/Frameworks/libcocoaui.framework/Versions/A/Resources/en.lproj/: ZoomBlurEffect.nib
