Only in /Applications/Affinity Designer.app/Contents/Resources/ko.lproj/: .temp
diff -s /Applications/Affinity Designer.app/Contents/Resources/en.lproj/AboutDialog.nib /Applications/Affinity Designer.app/Contents/Resources/ko.lproj/AboutDialog.nib
169c169
< 		<string>Window</string>
---
> 		<string>윈도우</string>
515c515
< 		<string>System</string>
---
> 		<string>시스템</string>
diff -s /Applications/Affinity Designer.app/Contents/Resources/en.lproj/ContextMenu.nib /Applications/Affinity Designer.app/Contents/Resources/ko.lproj/ContextMenu.nib
438c438
< 		<string>Paste</string>
---
> 		<string>붙이기</string>
619c619
< 		<string>Create Slice</string>
---
> 		<string>슬라이스 생성</string>
693c693
< 		<string>Find in Layers Page</string>
---
> 		<string>레이어 페이지에서 찾기</string>
886c886
< 		<string>Cut</string>
---
> 		<string>오려두기</string>
921c921
< 		<string>Copy</string>
---
> 		<string>복사</string>
1028c1028
< 		<string>Group</string>
---
> 		<string>그룹</string>
1063c1063
< 		<string>Ungroup</string>
---
> 		<string>그룹 해제</string>
1098c1098
< 		<string>Ungroup All</string>
---
> 		<string>모든 그룹 해제</string>
1171c1171
< 		<string>Rotate Left</string>
---
> 		<string>왼쪽으로 회전</string>
1206c1206
< 		<string>Rotate Right</string>
---
> 		<string>오른쪽으로 회전</string>
1241c1241
< 		<string>Reset Rotation</string>
---
> 		<string>회전 재설정</string>
1329c1329
< 		<string>Arrange</string>
---
> 		<string>순서</string>
1408c1408
< 		<string>Move to Front</string>
---
> 		<string>맨 앞으로 가져오기</string>
1443c1443
< 		<string>Move Forward One</string>
---
> 		<string>앞으로 가져오기</string>
1478c1478
< 		<string>Move Back One</string>
---
> 		<string>뒤로 보내기</string>
1513c1513
< 		<string>Move to Back</string>
---
> 		<string>맨 뒤로 보내기</string>
1563c1563
< 		<string>Alignment</string>
---
> 		<string>정렬</string>
1653c1653
< 		<string>Align Left</string>
---
> 		<string>왼쪽 정렬</string>
1688c1688
< 		<string>Align Centre</string>
---
> 		<string>가로 가운데 정렬</string>
1723c1723
< 		<string>Align Right</string>
---
> 		<string>오른쪽 정렬</string>
1796c1796
< 		<string>Align Top</string>
---
> 		<string>위쪽 정렬</string>
1831c1831
< 		<string>Align Middle</string>
---
> 		<string>세로 가운데 정렬</string>
1866c1866
< 		<string>Align Bottom</string>
---
> 		<string>아래쪽 정렬</string>
1916c1916
< 		<string>Geometry</string>
---
> 		<string>기하</string>
1998c1998
< 		<string>Add</string>
---
> 		<string>추가</string>
2033c2033
< 		<string>Subtract</string>
---
> 		<string>제거</string>
2068c2068
< 		<string>Intersect</string>
---
> 		<string>교차</string>
2103c2103
< 		<string>Divide</string>
---
> 		<string>분할</string>
2138c2138
< 		<string>Combine</string>
---
> 		<string>배타</string>
2188c2188
< 		<string>Transform</string>
---
> 		<string>변형</string>
2270c2270
< 		<string>Rotate Left</string>
---
> 		<string>왼쪽으로 회전</string>
2305c2305
< 		<string>Rotate Right</string>
---
> 		<string>오른쪽으로 회전</string>
2378c2378
< 		<string>Flip Horizontal</string>
---
> 		<string>가로 뒤집기</string>
2413c2413
< 		<string>Flip Vertical</string>
---
> 		<string>세로 뒤집기</string>
2486c2486
< 		<string>Layer Effects…</string>
---
> 		<string>레이어 효과…</string>
2559c2559
< 		<string>Convert to Curves</string>
---
> 		<string>곡선으로 전환</string>
2594c2594
< 		<string>Rasterise…</string>
---
> 		<string>래스터화…</string>
2667c2667
< 		<string>Create Style</string>
---
> 		<string>스타일 생성</string>
2755c2755
< 		<string>Add to Swatches…</string>
---
> 		<string>견본에 추가…</string>
2773c2773
< 		<string>Add to Swatches…</string>
---
> 		<string>견본에 추가…</string>
2846c2846
< 		<string>From Fill</string>
---
> 		<string>칠</string>
2881c2881
< 		<string>From Line</string>
---
> 		<string>획</string>
2916c2916
< 		<string>From Both</string>
---
> 		<string>모두</string>
2989c2989
< 		<string>From Fill As Global</string>
---
> 		<string>칠 (전역)</string>
3024c3024
< 		<string>From Line As Global</string>
---
> 		<string>획 (전역)</string>
3059c3059
< 		<string>From Both As Global</string>
---
> 		<string>모두 (전역)</string>
3132c3132
< 		<string>Find in Layers Panel</string>
---
> 		<string>레이어 목록에서 찾기</string>
3221c3221
< 		<string>Find in Slice Page</string>
---
> 		<string>슬라이스 페이지에서 찾기</string>
3358c3358
< 		<string>Zoom In</string>
---
> 		<string>확대</string>
3393c3393
< 		<string>Zoom Out</string>
---
> 		<string>축소</string>
3466c3466
< 		<string>Zoom to Fit</string>
---
> 		<string>화면 크기에 맞추기</string>
3539c3539
< 		<string>Rotate Left</string>
---
> 		<string>왼쪽으로 회전</string>
3574c3574
< 		<string>Rotate Right</string>
---
> 		<string>오른쪽으로 회전</string>
3609c3609
< 		<string>Reset Rotation</string>
---
> 		<string>회전 재설정</string>
diff -s /Applications/Affinity Designer.app/Contents/Resources/en.lproj/Localizable.strings /Applications/Affinity Designer.app/Contents/Resources/ko.lproj/Localizable.strings
6c6
< 	<string>Add Document Snapshot</string>
---
> 	<string>문서 스냅샷 추가</string>
8c8
< 	<string>Add</string>
---
> 	<string>추가</string>
10c10
< 	<string>Add</string>
---
> 	<string>추가</string>
12c12
< 	<string>Add</string>
---
> 	<string>추가</string>
14c14
< 	<string>After</string>
---
> 	<string>이후</string>
16c16
< 	<string>Align Bottom Edges</string>
---
> 	<string>아래쪽 정렬</string>
18c18
< 	<string>Align Bottom Edges</string>
---
> 	<string>아래쪽 정렬</string>
20c20
< 	<string>Align Bottom Edges</string>
---
> 	<string>아래쪽 정렬</string>
22c22
< 	<string>Align Horizontal Centres</string>
---
> 	<string>가로 가운데 정렬</string>
24c24
< 	<string>Align Horizontal Centres</string>
---
> 	<string>가로 가운데 정렬</string>
26c26
< 	<string>Align Horizontal Centres</string>
---
> 	<string>가로 가운데 정렬</string>
28c28
< 	<string>Align Left Edges</string>
---
> 	<string>왼쪽 정렬</string>
30c30
< 	<string>Align Left Edges</string>
---
> 	<string>왼쪽 정렬</string>
32c32
< 	<string>Align Left Edges</string>
---
> 	<string>왼쪽 정렬</string>
34c34
< 	<string>Align Left Edges</string>
---
> 	<string>왼쪽 정렬</string>
36c36
< 	<string>Align Right Edges</string>
---
> 	<string>오른쪽 정렬</string>
38c38
< 	<string>Align Right Edges</string>
---
> 	<string>오른쪽 정렬</string>
40c40
< 	<string>Align Right Edges</string>
---
> 	<string>오른쪽 정렬</string>
42c42
< 	<string>Align Top Edges</string>
---
> 	<string>위쪽 정렬</string>
44c44
< 	<string>Align Top Edges</string>
---
> 	<string>위쪽 정렬</string>
46c46
< 	<string>Align Top Edges</string>
---
> 	<string>위쪽 정렬</string>
48c48
< 	<string>Align Vertical Centres</string>
---
> 	<string>세로 가운데 정렬</string>
50c50
< 	<string>Align Vertical Centres</string>
---
> 	<string>세로 가운데 정렬</string>
52c52
< 	<string>Align Vertical Centres</string>
---
> 	<string>세로 가운데 정렬</string>
54c54
< 	<string>Align</string>
---
> 	<string>정렬하기</string>
56c56
< 	<string>Align</string>
---
> 	<string>정렬하기</string>
58c58
< 	<string>Alignment</string>
---
> 	<string>정렬</string>
60c60
< 	<string>Alignment</string>
---
> 	<string>정렬</string>
62c62
< 	<string>Apply</string>
---
> 	<string>적용</string>
64c64
< 	<string>Arrange</string>
---
> 	<string>순서</string>
66c66
< 	<string>Arrange</string>
---
> 	<string>순서</string>
68c68
< 	<string>Assistant Options</string>
---
> 	<string>손쉬운 사용 설정</string>
70c70
< 	<string>Assistant Options</string>
---
> 	<string>손쉬운 사용 설정</string>
72c72
< 	<string>Auto Colours</string>
---
> 	<string>자동 색상</string>
74c74
< 	<string>Auto Colours</string>
---
> 	<string>자동 색상</string>
76c76
< 	<string>Auto Contrast</string>
---
> 	<string>자동 대비</string>
78c78
< 	<string>Auto Contrast</string>
---
> 	<string>자동 대비</string>
80c80
< 	<string>Auto Levels</string>
---
> 	<string>자동 레벨</string>
82c82
< 	<string>Auto Levels</string>
---
> 	<string>자동 레벨</string>
84c84
< 	<string>Auto Levels</string>
---
> 	<string>자동 레벨</string>
86c86
< 	<string>Auto White Balance</string>
---
> 	<string>자동 화이트 밸런스</string>
88c88
< 	<string>Auto White Balance</string>
---
> 	<string>자동 화이트 밸런스</string>
90c90
< 	<string>Auto White Balance</string>
---
> 	<string>자동 화이트 밸런스</string>
92c92
< 	<string>Back One</string>
---
> 	<string>뒤로 보내기</string>
94c94
< 	<string>Back One</string>
---
> 	<string>뒤로 보내기</string>
96c96
< 	<string>Back One</string>
---
> 	<string>뒤로 보내기</string>
98c98
< 	<string>Back One</string>
---
> 	<string>뒤로 보내기</string>
100c100
< 	<string>Before / After</string>
---
> 	<string>이전 / 이후</string>
102c102
< 	<string>Before</string>
---
> 	<string>이전</string>
104c104
< 	<string>Brush</string>
---
> 	<string>붓</string>
106c106
< 	<string>Cancel</string>
---
> 	<string>취소</string>
126c126
< 	<string>Click</string>
---
> 	<string>클릭</string>
130c130
< 	<string>Combine</string>
---
> 	<string>배타</string>
132c132
< 	<string>Combine</string>
---
> 	<string>배타</string>
134c134
< 	<string>Combine</string>
---
> 	<string>배타</string>
136c136
< 	<string>Combine toolbar button</string>
---
> 	<string>배타 툴바 버튼</string>
142c142
< 	<string>Cycle View Mode</string>
---
> 	<string>뷰 모드 순환</string>
144c144
< 	<string>Defaults</string>
---
> 	<string>기본값</string>
146c146
< 	<string>Desaturate</string>
---
> 	<string>채도 낮추기</string>
148c148
< 	<string>Deselect</string>
---
> 	<string>선택 해제</string>
150c150
< 	<string>Deselect</string>
---
> 	<string>선택 해제</string>
152c152
< 	<string>Develop Persona</string>
---
> 	<string>개발 페르소나</string>
154c154
< 	<string>Develop Persona</string>
---
> 	<string>개발 페르소나</string>
156c156
< 	<string>Develop Persona</string>
---
> 	<string>개발 페르소나</string>
158c158
< 	<string>Develop</string>
---
> 	<string>개발</string>
160c160
< 	<string>Develop</string>
---
> 	<string>개발</string>
164c164
< 	<string>Distribute Bottom Edges</string>
---
> 	<string>아래쪽 분배</string>
166c166
< 	<string>Distribute Bottom Edges</string>
---
> 	<string>아래쪽 분배</string>
168c168
< 	<string>Distribute Bottom Edges</string>
---
> 	<string>아래쪽 분배</string>
170c170
< 	<string>Distribute Horizontal Centres</string>
---
> 	<string>가로 가운데 분배</string>
172c172
< 	<string>Distribute Horizontal Centres</string>
---
> 	<string>가로 가운데 분배</string>
174c174
< 	<string>Distribute Horizontal Centres</string>
---
> 	<string>가로 가운데 분배</string>
176c176
< 	<string>Distribute Left Edges</string>
---
> 	<string>왼쪽 분배</string>
178c178
< 	<string>Distribute Left Edges</string>
---
> 	<string>왼쪽 분배</string>
180c180
< 	<string>Distribute Left Edges</string>
---
> 	<string>왼쪽 분배</string>
182c182
< 	<string>Distribute Right Edges</string>
---
> 	<string>오른쪽 분배</string>
184c184
< 	<string>Distribute Right Edges</string>
---
> 	<string>오른쪽 분배</string>
186c186
< 	<string>Distribute Right Edges</string>
---
> 	<string>오른쪽 분배</string>
188c188
< 	<string>Distribute Top Edges</string>
---
> 	<string>위쪽 분배</string>
190c190
< 	<string>Distribute Top Edges</string>
---
> 	<string>위쪽 분배</string>
192c192
< 	<string>Distribute Top Edges</string>
---
> 	<string>위쪽 분배</string>
194c194
< 	<string>Distribute Vertical Centres</string>
---
> 	<string>세로 가운데 분배</string>
196c196
< 	<string>Distribute Vertical Centres</string>
---
> 	<string>세로 가운데 분배</string>
198c198
< 	<string>Distribute Vertical Centres</string>
---
> 	<string>세로 가운데 분배</string>
200c200
< 	<string>Distribute</string>
---
> 	<string>분배</string>
202c202
< 	<string>Distribute</string>
---
> 	<string>분배</string>
204c204
< 	<string>Divide</string>
---
> 	<string>분할</string>
206c206
< 	<string>Divide</string>
---
> 	<string>분할</string>
208c208
< 	<string>Divide</string>
---
> 	<string>분할</string>
210c210
< 	<string>Divide toolbar button</string>
---
> 	<string>분할 툴바 버튼</string>
212c212
< 	<string>Drag</string>
---
> 	<string>드래그</string>
214c214
< 	<string>Draw Persona</string>
---
> 	<string>그림 페르소나</string>
216c216
< 	<string>Draw Persona</string>
---
> 	<string>그림 페르소나</string>
218c218
< 	<string>Draw Persona</string>
---
> 	<string>그림 페르소나</string>
228c228
< 	<string>Enhancement</string>
---
> 	<string>개선</string>
232c232
< 	<string>Export Persona</string>
---
> 	<string>출력 페르소나</string>
234c234
< 	<string>Export Persona</string>
---
> 	<string>출력 페르소나</string>
236c236
< 	<string>Export Persona</string>
---
> 	<string>출력 페르소나</string>
238c238
< 	<string>Export</string>
---
> 	<string>출력</string>
248c248
< 	<string>Flip Horizontal</string>
---
> 	<string>가로 뒤집기</string>
250c250
< 	<string>Flip Horizontal</string>
---
> 	<string>가로 뒤집기</string>
252c252
< 	<string>Flip Horizontal</string>
---
> 	<string>가로 뒤집기</string>
254c254
< 	<string>Flip Horizontal</string>
---
> 	<string>가로 뒤집기</string>
256c256
< 	<string>Flip Vertical</string>
---
> 	<string>세로 뒤집기</string>
258c258
< 	<string>Flip Vertical</string>
---
> 	<string>세로 뒤집기</string>
260c260
< 	<string>Flip Vertical</string>
---
> 	<string>세로 뒤집기</string>
262c262
< 	<string>Flip Vertical</string>
---
> 	<string>세로 뒤집기</string>
266c266
< 	<string>Force Pixel Alignment</string>
---
> 	<string>강제 픽셀 정렬</string>
268c268
< 	<string>Forward One</string>
---
> 	<string>앞으로 가져오기</string>
270c270
< 	<string>Forward One</string>
---
> 	<string>앞으로 가져오기</string>
272c272
< 	<string>Forward One</string>
---
> 	<string>앞으로 가져오기</string>
274c274
< 	<string>Forward One</string>
---
> 	<string>앞으로 가져오기</string>
276c276
< 	<string>Geometry</string>
---
> 	<string>기하</string>
284c284
< 	<string>Hold</string>
---
> 	<string>유지</string>
292c292
< 	<string>Insert Behind</string>
---
> 	<string>뒤로 삽입</string>
294c294
< 	<string>Insert Inside</string>
---
> 	<string>안으로 삽입</string>
296c296
< 	<string>Insert Top</string>
---
> 	<string>위로 삽입</string>
298c298
< 	<string>Insert at the top of the layer</string>
---
> 	<string>위로 삽입</string>
300c300
< 	<string>Insert behind the selection</string>
---
> 	<string>뒤로 삽입</string>
302c302
< 	<string>Insert inside the selection</string>
---
> 	<string>안으로 삽입</string>
304c304
< 	<string>Insertion</string>
---
> 	<string>삽입</string>
306c306
< 	<string>Intersect</string>
---
> 	<string>교차</string>
308c308
< 	<string>Intersect</string>
---
> 	<string>교차</string>
310c310
< 	<string>Intersect</string>
---
> 	<string>교차</string>
312c312
< 	<string>Intersect toolbar button</string>
---
> 	<string>교차 툴바 버튼</string>
316c316
< 	<string>Invert Selection</string>
---
> 	<string>선택 항목 반전</string>
318c318
< 	<string>Invert Selection</string>
---
> 	<string>선택 항목 반전</string>
320c320
< 	<string>Layout Persona</string>
---
> 	<string>구조 페르소나</string>
322c322
< 	<string>Layout Persona</string>
---
> 	<string>구조 페르소나</string>
324c324
< 	<string>Layout Persona</string>
---
> 	<string>구조 페르소나</string>
326c326
< 	<string>Layout Persona</string>
---
> 	<string>구조 페르소나</string>
328c328
< 	<string>Layout</string>
---
> 	<string>구조</string>
330c330
< 	<string>Learn Spelling</string>
---
> 	<string>철자 학습</string>
332c332
< 	<string>Library Persona</string>
---
> 	<string>라이브러리 페르소나</string>
334c334
< 	<string>Library</string>
---
> 	<string>라이브러리</string>
336c336
< 	<string>Liquify Persona</string>
---
> 	<string>액화 페르소나</string>
338c338
< 	<string>Liquify Persona</string>
---
> 	<string>액화 페르소나</string>
340c340
< 	<string>Liquify Persona</string>
---
> 	<string>액화 페르소나</string>
342c342
< 	<string>Liquify</string>
---
> 	<string>액화</string>
350c350
< 	<string>Mask All</string>
---
> 	<string>모두 마스크</string>
352c352
< 	<string>Mask</string>
---
> 	<string>마스크</string>
354c354
< 	<string>Mesh</string>
---
> 	<string>그물</string>
356c356
< 	<string>Mirror</string>
---
> 	<string>거울</string>
358c358
< 	<string>Mirror</string>
---
> 	<string>거울</string>
362c362
< 	<string>Move By Whole Pixels</string>
---
> 	<string>전체 픽셀 이동</string>
364c364
< 	<string>Move By Whole Pixels</string>
---
> 	<string>전체 픽셀 이동</string>
366c366
< 	<string>Move To Front</string>
---
> 	<string>맨 앞으로 가져오기</string>
368c368
< 	<string>Move selection back one level</string>
---
> 	<string>뒤로 보내기</string>
370c370
< 	<string>Move selection back one level</string>
---
> 	<string>뒤로 보내기</string>
372c372
< 	<string>Move selection forward one level</string>
---
> 	<string>앞으로 가져오기</string>
374c374
< 	<string>Move selection forward one level</string>
---
> 	<string>앞으로 가져오기</string>
376c376
< 	<string>Move selection to the back</string>
---
> 	<string>맨 뒤로 보내기</string>
378c378
< 	<string>Move selection to the back</string>
---
> 	<string>맨 뒤로 보내기</string>
380c380
< 	<string>Move selection to the front</string>
---
> 	<string>맨 앞으로 가져오기</string>
382c382
< 	<string>Move selection to the front</string>
---
> 	<string>맨 앞으로 가져오기</string>
384c384
< 	<string>Move to Back</string>
---
> 	<string>맨 뒤로 보내기</string>
386c386
< 	<string>Move to Back</string>
---
> 	<string>맨 뒤로 보내기</string>
388c388
< 	<string>Move to Front</string>
---
> 	<string>맨 앞으로 가져오기</string>
390c390
< 	<string>Move to Front</string>
---
> 	<string>맨 앞으로 가져오기</string>
392c392
< 	<string>Move to Front</string>
---
> 	<string>맨 앞으로 가져오기</string>
394c394
< 	<string>Move to Front</string>
---
> 	<string>맨 앞으로 가져오기</string>
396c396
< 	<string>No</string>
---
> 	<string>아니오</string>
400c400
< 	<string>None</string>
---
> 	<string>없음</string>
402c402
< 	<string>None</string>
---
> 	<string>없음</string>
406c406
< 	<string>Opacity:</string>
---
> 	<string>불투명도:</string>
408c408
< 	<string>Order</string>
---
> 	<string>순서</string>
410c410
< 	<string>Outline</string>
---
> 	<string>윤곽</string>
412c412
< 	<string>Outline view mode</string>
---
> 	<string>윤곽 뷰 모드</string>
414c414
< 	<string>Panorama Persona</string>
---
> 	<string>파노라마 페르소나</string>
416c416
< 	<string>Panorama</string>
---
> 	<string>파노라마</string>
418c418
< 	<string>Personas</string>
---
> 	<string>페르소나</string>
420c420
< 	<string>Photo Persona</string>
---
> 	<string>사진 페르소나</string>
422c422
< 	<string>Photo Persona</string>
---
> 	<string>사진 페르소나</string>
424c424
< 	<string>Photo Persona</string>
---
> 	<string>사진 페르소나</string>
426c426
< 	<string>Photo</string>
---
> 	<string>사진</string>
428c428
< 	<string>Pixel Align</string>
---
> 	<string>픽셀 정렬</string>
430c430
< 	<string>Pixel Persona</string>
---
> 	<string>픽셀 페르소나</string>
432c432
< 	<string>Pixel Persona</string>
---
> 	<string>픽셀 페르소나</string>
434c434
< 	<string>Pixel Persona</string>
---
> 	<string>픽셀 페르소나</string>
436c436
< 	<string>Pixel</string>
---
> 	<string>픽셀</string>
438c438
< 	<string>Pixel view mode</string>
---
> 	<string>픽셀 뷰 모드</string>
440c440
< 	<string>Pixels</string>
---
> 	<string>픽셀</string>
462c462
< 	<string>Quick Mask</string>
---
> 	<string>빠른 마스크</string>
468c468
< 	<string>Reset Selection Box</string>
---
> 	<string>선택 항목 상자 재설정</string>
470c470
< 	<string>Retina Pixels</string>
---
> 	<string>레티나 픽셀</string>
472c472
< 	<string>Retina pixel view mode</string>
---
> 	<string>레티나 픽셀 뷰 모드</string>
474c474
< 	<string>Retina pixel view mode</string>
---
> 	<string>레티나 픽셀 뷰 모드</string>
476c476
< 	<string>Revert Defaults</string>
---
> 	<string>기본값 되돌리기</string>
478c478
< 	<string>Revert defaults</string>
---
> 	<string>기본값 되돌리기</string>
480c480
< 	<string>Rotate Anticlockwise</string>
---
> 	<string>반시계방향으로 회전</string>
482c482
< 	<string>Rotate Anticlockwise</string>
---
> 	<string>반시계방향으로 회전</string>
484c484
< 	<string>Rotate Anticlockwise</string>
---
> 	<string>반시계방향으로 회전</string>
486c486
< 	<string>Rotate Anticlockwise</string>
---
> 	<string>반시계방향으로 회전</string>
488c488
< 	<string>Rotate Clockwise</string>
---
> 	<string>시계방향으로 회전</string>
490c490
< 	<string>Rotate Clockwise</string>
---
> 	<string>시계방향으로 회전</string>
492c492
< 	<string>Rotate Clockwise</string>
---
> 	<string>시계방향으로 회전</string>
494c494
< 	<string>Rotate Clockwise</string>
---
> 	<string>시계방향으로 회전</string>
504c504
< 	<string>Select All</string>
---
> 	<string>전체 선택</string>
506c506
< 	<string>Select All</string>
---
> 	<string>전체 선택</string>
508c508
< 	<string>Selection</string>
---
> 	<string>선택 항목</string>
510c510
< 	<string>Send To Back</string>
---
> 	<string>맨 뒤로 보내기</string>
512c512
< 	<string>Send to Back</string>
---
> 	<string>맨 뒤로 보내기</string>
514c514
< 	<string>Send to Back</string>
---
> 	<string>맨 뒤로 보내기</string>
516c516
< 	<string>Send to Back</string>
---
> 	<string>맨 뒤로 보내기</string>
542c542
< 	<string>Snapping Options</string>
---
> 	<string>스내핑 설정</string>
544c544
< 	<string>Snapping Options</string>
---
> 	<string>스내핑 설정</string>
546c546
< 	<string>Snapping</string>
---
> 	<string>스내핑</string>
548c548
< 	<string>Snapping</string>
---
> 	<string>스내핑</string>
550c550
< 	<string>Snapping</string>
---
> 	<string>스내핑</string>
552c552
< 	<string>Space Horizontally</string>
---
> 	<string>가로 공간</string>
554c554
< 	<string>Space Horizontally</string>
---
> 	<string>가로 공간</string>
556c556
< 	<string>Space Horizontally</string>
---
> 	<string>가로 공간</string>
558c558
< 	<string>Space Vertically</string>
---
> 	<string>세로 공간</string>
560c560
< 	<string>Space Vertically</string>
---
> 	<string>세로 공간</string>
562c562
< 	<string>Space Vertically</string>
---
> 	<string>세로 공간</string>
564c564
< 	<string>Spacing</string>
---
> 	<string>공간</string>
566c566
< 	<string>Split View</string>
---
> 	<string>분할 뷰 모드</string>
568c568
< 	<string>Split</string>
---
> 	<string>분할</string>
570c570
< 	<string>Split</string>
---
> 	<string>분할</string>
574c574
< 	<string>Subtract</string>
---
> 	<string>제거</string>
576c576
< 	<string>Subtract</string>
---
> 	<string>제거</string>
578c578
< 	<string>Subtract</string>
---
> 	<string>제거</string>
580c580
< 	<string>Subtract</string>
---
> 	<string>제거</string>
582c582
< 	<string>Subtract toolbar button</string>
---
> 	<string>제거 툴바 버튼</string>
590c590
< 	<string>Switch to Next View</string>
---
> 	<string>다음 뷰로 전환</string>
592c592
< 	<string>Sync After</string>
---
> 	<string>이후 항목 동기화</string>
594c594
< 	<string>Sync After</string>
---
> 	<string>이후 항목 동기화</string>
596c596
< 	<string>Sync Before</string>
---
> 	<string>이전 항목 동기화</string>
598c598
< 	<string>Sync Before</string>
---
> 	<string>이전 항목 동기화</string>
600c600
< 	<string>Synchronise Defaults</string>
---
> 	<string>기본값 동기화</string>
602c602
< 	<string>Synchronise defaults from selection</string>
---
> 	<string>선택 항목에서 기본값 동기화</string>
716c716
< 	<string>Tone Mapping Persona</string>
---
> 	<string>톤 맵핑 페르소나</string>
718c718
< 	<string>Tone Mapping Persona</string>
---
> 	<string>톤 맵핑 페르소나</string>
720c720
< 	<string>Tone Mapping Persona</string>
---
> 	<string>톤 맵핑 페르소나</string>
722c722
< 	<string>Tone Mapping</string>
---
> 	<string>톤 맵핑</string>
724c724
< 	<string>Transform</string>
---
> 	<string>변형</string>
728c728
< 	<string>Union</string>
---
> 	<string>병합</string>
730c730
< 	<string>Union toolbar button</string>
---
> 	<string>병합 툴바 버튼</string>
734c734
< 	<string>Vibrance</string>
---
> 	<string>활기</string>
736c736
< 	<string>View Mode</string>
---
> 	<string>뷰 모드</string>
742c742
< 	<string>Width:</string>
---
> 	<string>두께:</string>
744c744
< 	<string>Width:</string>
---
> 	<string>두께:</string>
746c746
< 	<string>Yes</string>
---
> 	<string>네</string>
748c748
< 	<string>Zoom In</string>
---
> 	<string>확대</string>
750c750
< 	<string>Zoom Out</string>
---
> 	<string>축소</string>
diff -s /Applications/Affinity Designer.app/Contents/Resources/en.lproj/MainMenuDesignerExport.nib /Applications/Affinity Designer.app/Contents/Resources/ko.lproj/MainMenuDesignerExport.nib
477c477
< 		<string>Open Recent</string>
---
> 		<string>최근 사용 열기</string>
528c528
< 		<string>Clear Menu</string>
---
> 		<string>메뉴 지우기</string>
667c667
< 		<string>Views</string>
---
> 		<string>뷰</string>
716c716
< 		<string>Studio</string>
---
> 		<string>작업실</string>
781c781
< 		<string>Show Left Studio</string>
---
> 		<string>왼쪽 작업실 나타내기</string>
816c816
< 		<string>Show Right Studio</string>
---
> 		<string>오른쪽 작업실 나타내기</string>
892c892
< 		<string>Hide Studio</string>
---
> 		<string>작업실 가리기</string>
928c928
< 		<string>Reset Studio</string>
---
> 		<string>작업실 재설정</string>
973c973
< 		<string>Share</string>
---
> 		<string>공유</string>
1062c1062
< 		<string>Separated Mode</string>
---
> 		<string>분리 모드</string>
1125c1125
< 		<string>Minimize</string>
---
> 		<string>최소화</string>
1180c1180
< 		<string>Zoom</string>
---
> 		<string>맞추기</string>
1257c1257
< 		<string>Hide Others</string>
---
> 		<string>기타 가리기</string>
1318c1318
< 		<string>Preferences…</string>
---
> 		<string>환경설정…</string>
1379c1379
< 		<string>Quit</string>
---
> 		<string>Designer 종료</string>
1448c1448
< 		<string>Show All</string>
---
> 		<string>모두 보기</string>
1503c1503
< 		<string>Hide</string>
---
> 		<string>가리기</string>
1561c1561
< 		<string>About…</string>
---
> 		<string>Affinity Designer에 관하여…</string>
1638c1638
< 		<string>Save As…</string>
---
> 		<string>다른 이름으로 저장…</string>
1712c1712
< 		<string>Save</string>
---
> 		<string>저장</string>
1773c1773
< 		<string>Close</string>
---
> 		<string>닫기</string>
1834c1834
< 		<string>New</string>
---
> 		<string>신규</string>
1895c1895
< 		<string>Open…</string>
---
> 		<string>열기…</string>
1956c1956
< 		<string>Print…</string>
---
> 		<string>인쇄…</string>
2050c2050
< 		<string>Customise Tools…</string>
---
> 		<string>도구 사용자화…</string>
2110c2110
< 		<string>Customise Toolbar…</string>
---
> 		<string>툴바 사용자화…</string>
2170c2170
< 		<string>Show Toolbar</string>
---
> 		<string>툴바 나타내기</string>
2231c2231
< 		<string>Zoom to Fit</string>
---
> 		<string>화면 크기에 맞추기</string>
2364c2364
< 		<string>Show Margins</string>
---
> 		<string>여백선 나타내기</string>
2424c2424
< 		<string>Show Guides</string>
---
> 		<string>안내선 나타내기</string>
2485c2485
< 		<string>Show Grid</string>
---
> 		<string>격자선 나타내기</string>
2544c2544
< 		<string>New View</string>
---
> 		<string>새로운 뷰</string>
2604c2604
< 		<string>Export…</string>
---
> 		<string>출력…</string>
2681c2681
< 		<string>Pixels</string>
---
> 		<string>픽셀</string>
2740c2740
< 		<string>Snapping Manager…</string>
---
> 		<string>스내핑 관리자…</string>
2800c2800
< 		<string>Zoom In</string>
---
> 		<string>확대</string>
2861c2861
< 		<string>Zoom Out</string>
---
> 		<string>축소</string>
2920c2920
< 		<string>Assistant Manager…</string>
---
> 		<string>손쉬운 사용 관리자…</string>
2978c2978
< 		<string>Vector</string>
---
> 		<string>벡터</string>
3084c3084
< 		<string>Show Rulers</string>
---
> 		<string>눈금자 나타내기</string>
3145c3145
< 		<string>Toggle Full Screen</string>
---
> 		<string>전체 화면 시작</string>
3279c3279
< 		<string>Select All</string>
---
> 		<string>전체 선택</string>
3362c3362
< 		<string>Affinity Designer Help</string>
---
> 		<string>Affinity Designer 도움말</string>
3421c3421
< 		<string>Pixel Persona</string>
---
> 		<string>픽셀 페르소나</string>
3511c3511
< 		<string>Redo</string>
---
> 		<string>다시 실행</string>
3565c3565
< 		<string>Delete</string>
---
> 		<string>지우기</string>
3621c3621
< 		<string>Copy</string>
---
> 		<string>복사</string>
3682c3682
< 		<string>Actual Size</string>
---
> 		<string>실제 크기</string>
3829c3829
< 		<string>Toggle UI</string>
---
> 		<string>UI 가리기</string>
3888c3888
< 		<string>Welcome...</string>
---
> 		<string>환영...</string>
3946c3946
< 		<string>Rotate Left</string>
---
> 		<string>왼쪽으로 회전</string>
4006c4006
< 		<string>Select Next</string>
---
> 		<string>다음 항목 선택</string>
4065c4065
< 		<string>Merge All Windows</string>
---
> 		<string>모든 윈도우 합치기</string>
4123c4123
< 		<string>Show Tools</string>
---
> 		<string>도구 나타내기</string>
4183c4183
< 		<string>Undo</string>
---
> 		<string>실행 취소</string>
4242c4242
< 		<string>Grid and Axis Manager…</string>
---
> 		<string>격자선 관리자…</string>
4300c4300
< 		<string>Show Context Toolbar</string>
---
> 		<string>상황별 툴바 나타내기</string>
4358c4358
< 		<string>Reset Rotation</string>
---
> 		<string>회전 재설정</string>
4418c4418
< 		<string>Pixel Size</string>
---
> 		<string>픽셀 크기</string>
4479c4479
< 		<string>New From Clipboard</string>
---
> 		<string>클립보드에서 신규</string>
4551c4551
< 		<string>Apple Colour Picker...</string>
---
> 		<string>Apple 색상 선택기...</string>
4611c4611
< 		<string>Deselect</string>
---
> 		<string>선택 해제</string>
4693c4693
< 		<string>Rotate Right</string>
---
> 		<string>오른쪽으로 회전</string>
4814c4814
< 		<string>Pixels (Retina)</string>
---
> 		<string>픽셀 (레티나)</string>
4875c4875
< 		<string>Zoom to Selection</string>
---
> 		<string>선택 항목에 맞추기</string>
4935c4935
< 		<string>Select Previous</string>
---
> 		<string>이전 항목 선택</string>
5055c5055
< 		<string>Draw Persona</string>
---
> 		<string>그림 페르소나</string>
5113c5113
< 		<string>Support...</string>
---
> 		<string>지원...</string>
5171c5171
< 		<string>Clip to Canvas</string>
---
> 		<string>캔버스에 클립</string>
5227c5227
< 		<string>Cut</string>
---
> 		<string>오려두기</string>
5283c5283
< 		<string>Paste</string>
---
> 		<string>붙이기</string>
5342c5342
< 		<string>Tutorial...</string>
---
> 		<string>튜토리얼...</string>
5425c5425
< 		<string>Outline</string>
---
> 		<string>윤곽</string>
5483c5483
< 		<string>Dock Tools</string>
---
> 		<string>도구 고정</string>
6254c6254
< 		<string>Persona</string>
---
> 		<string>페르소나</string>
6491c6491
< 		<string>Services</string>
---
> 		<string>서비스</string>
6656c6656
< 		<string>File</string>
---
> 		<string>파일</string>
7082c7082
< 		<string>Edit</string>
---
> 		<string>편집</string>
7256c7256
< 		<string>Select</string>
---
> 		<string>선택</string>
7378c7378
< 		<string>View</string>
---
> 		<string>뷰</string>
7682c7682
< 		<string>View Mode</string>
---
> 		<string>뷰 모드</string>
8212c8212
< 		<string>Window</string>
---
> 		<string>윈도우</string>
8369c8369
< 		<string>Bring All to Front</string>
---
> 		<string>모두 앞으로 가져오기</string>
8422c8422
< 		<string>Help</string>
---
> 		<string>도움말</string>
diff -s /Applications/Affinity Designer.app/Contents/Resources/en.lproj/MainMenuPixel.nib /Applications/Affinity Designer.app/Contents/Resources/ko.lproj/MainMenuPixel.nib
849c849
< 		<string>Open Recent</string>
---
> 		<string>최근 사용 열기</string>
900c900
< 		<string>Clear Menu</string>
---
> 		<string>메뉴 지우기</string>
1039c1039
< 		<string>Views</string>
---
> 		<string>뷰</string>
1088c1088
< 		<string>Studio</string>
---
> 		<string>작업실</string>
1153c1153
< 		<string>Show Left Studio</string>
---
> 		<string>왼쪽 작업실 나타내기</string>
1188c1188
< 		<string>Show Right Studio</string>
---
> 		<string>오른쪽 작업실 나타내기</string>
1264c1264
< 		<string>Hide Studio</string>
---
> 		<string>작업실 가리기</string>
1300c1300
< 		<string>Reset Studio</string>
---
> 		<string>작업실 재설정</string>
1345c1345
< 		<string>Share</string>
---
> 		<string>공유</string>
1429c1429
< 		<string>Minimize</string>
---
> 		<string>최소화</string>
1494c1494
< 		<string>Zoom</string>
---
> 		<string>맞추기</string>
1571c1571
< 		<string>Hide Others</string>
---
> 		<string>기타 가리기</string>
1632c1632
< 		<string>Preferences…</string>
---
> 		<string>환경설정…</string>
1706c1706
< 		<string>Quit</string>
---
> 		<string>Designer 종료</string>
1775c1775
< 		<string>Show All</string>
---
> 		<string>모두 보기</string>
1830c1830
< 		<string>Hide</string>
---
> 		<string>가리기</string>
1888c1888
< 		<string>About…</string>
---
> 		<string>Affinity Designer에 관하여…</string>
1965c1965
< 		<string>Redo</string>
---
> 		<string>다시 실행</string>
2034c2034
< 		<string>Copy</string>
---
> 		<string>복사</string>
2090c2090
< 		<string>Paste</string>
---
> 		<string>붙이기</string>
2146c2146
< 		<string>Cut</string>
---
> 		<string>오려두기</string>
2207c2207
< 		<string>Undo</string>
---
> 		<string>실행 취소</string>
2280c2280
< 		<string>Select All</string>
---
> 		<string>전체 선택</string>
2334c2334
< 		<string>Delete</string>
---
> 		<string>지우기</string>
2412c2412
< 		<string>Save As…</string>
---
> 		<string>다른 이름으로 저장…</string>
2471c2471
< 		<string>Edit in Photo…</string>
---
> 		<string>Photo에서 편집…</string>
2531c2531
< 		<string>Close</string>
---
> 		<string>닫기</string>
2592c2592
< 		<string>Document Setup…</string>
---
> 		<string>문서 설정…</string>
2653c2653
< 		<string>New</string>
---
> 		<string>신규</string>
2714c2714
< 		<string>Open…</string>
---
> 		<string>열기…</string>
2775c2775
< 		<string>Print…</string>
---
> 		<string>인쇄…</string>
2869c2869
< 		<string>Customise Tools…</string>
---
> 		<string>도구 사용자화…</string>
2929c2929
< 		<string>Customise Toolbar…</string>
---
> 		<string>툴바 사용자화…</string>
2989c2989
< 		<string>Show Toolbar</string>
---
> 		<string>툴바 나타내기</string>
3072c3072
< 		<string>Affinity Designer Help</string>
---
> 		<string>Affinity Designer 도움말</string>
3150c3150
< 		<string>Ungroup</string>
---
> 		<string>그룹 해제</string>
3211c3211
< 		<string>Group</string>
---
> 		<string>그룹</string>
3272c3272
< 		<string>Duplicate</string>
---
> 		<string>복제</string>
3333c3333
< 		<string>Zoom to Fit</string>
---
> 		<string>화면 크기에 맞추기</string>
3466c3466
< 		<string>Show Margins</string>
---
> 		<string>여백선 나타내기</string>
3526c3526
< 		<string>Show Guides</string>
---
> 		<string>안내선 나타내기</string>
3587c3587
< 		<string>Show Grid</string>
---
> 		<string>격자선 나타내기</string>
3646c3646
< 		<string>New View</string>
---
> 		<string>새로운 뷰</string>
3706c3706
< 		<string>Export…</string>
---
> 		<string>출력…</string>
3783c3783
< 		<string>Pixels</string>
---
> 		<string>픽셀</string>
3842c3842
< 		<string>Place…</string>
---
> 		<string>다른 문서 넣기…</string>
3900c3900
< 		<string>Snapping Manager…</string>
---
> 		<string>스내핑 관리자…</string>
3955c3955
< 		<string>Paste Style</string>
---
> 		<string>스타일 붙이기</string>
4016c4016
< 		<string>Zoom In</string>
---
> 		<string>확대</string>
4077c4077
< 		<string>Zoom Out</string>
---
> 		<string>축소</string>
4136c4136
< 		<string>Rasterise…</string>
---
> 		<string>래스터화…</string>
4194c4194
< 		<string>Assistant Manager…</string>
---
> 		<string>손쉬운 사용 관리자…</string>
4252c4252
< 		<string>Vector</string>
---
> 		<string>벡터</string>
4312c4312
< 		<string>Media Browser…</string>
---
> 		<string>미디어 브라우저…</string>
4432c4432
< 		<string>Show Rulers</string>
---
> 		<string>눈금자 나타내기</string>
4491c4491
< 		<string>Outline…</string>
---
> 		<string>윤곽…</string>
4566c4566
< 		<string>Select Highlights</string>
---
> 		<string>빛 선택</string>
4643c4643
< 		<string>Move Back One</string>
---
> 		<string>뒤로 보내기</string>
4715c4715
< 		<string>Create Compound</string>
---
> 		<string>결합 생성</string>
4775c4775
< 		<string>Release Compound</string>
---
> 		<string>결합 해제</string>
4850c4850
< 		<string>Recolour</string>
---
> 		<string>재색상</string>
4925c4925
< 		<string>Distribute Vertically</string>
---
> 		<string>세로 분배</string>
4983c4983
< 		<string>Apple Colour Picker...</string>
---
> 		<string>Apple 색상 선택기...</string>
5058c5058
< 		<string>Flip Vertical</string>
---
> 		<string>세로 뒤집기</string>
5116c5116
< 		<string>Merge All Windows</string>
---
> 		<string>모든 윈도우 합치기</string>
5174c5174
< 		<string>Show Tools</string>
---
> 		<string>도구 나타내기</string>
5232c5232
< 		<string>Show Context Toolbar</string>
---
> 		<string>상황별 툴바 나타내기</string>
5290c5290
< 		<string>Move to Previous View Point</string>
---
> 		<string>이전 뷰 포인트로 이동</string>
5365c5365
< 		<string>Select Reds</string>
---
> 		<string>빨강 선택</string>
5425c5425
< 		<string>Align Centre</string>
---
> 		<string>가로 가운데 정렬</string>
5483c5483
< 		<string>Align Top</string>
---
> 		<string>위쪽 정렬</string>
5598c5598
< 		<string>Colour Balance</string>
---
> 		<string>색상 밸런스</string>
5673c5673
< 		<string>Divide</string>
---
> 		<string>분할</string>
5744c5744
< 		<string>Refine Edges…</string>
---
> 		<string>모서리 다듬기…</string>
5819c5819
< 		<string>Default</string>
---
> 		<string>기본값</string>
5877c5877
< 		<string>Split View</string>
---
> 		<string>분할 뷰 모드</string>
5937c5937
< 		<string>Select Previous</string>
---
> 		<string>이전 항목 선택</string>
5995c5995
< 		<string>Smooth…</string>
---
> 		<string>부드럽게…</string>
6053c6053
< 		<string>Feather…</string>
---
> 		<string>깃털…</string>
6111c6111
< 		<string>Support...</string>
---
> 		<string>지원...</string>
6171c6171
< 		<string>New Pixel Layer</string>
---
> 		<string>새로운 픽셀 레이어</string>
6232c6232
< 		<string>Pixel Size</string>
---
> 		<string>픽셀 크기</string>
6293c6293
< 		<string>Unlock All</string>
---
> 		<string>모두 잠금 해제</string>
6352c6352
< 		<string>Export Persona</string>
---
> 		<string>출력 페르소나</string>
6410c6410
< 		<string>Rotate Left</string>
---
> 		<string>왼쪽으로 회전</string>
6468c6468
< 		<string>Intersect</string>
---
> 		<string>교차</string>
6526c6526
< 		<string>Select Sampled Colour…</string>
---
> 		<string>표본 색상 선택…</string>
6581c6581
< 		<string>Paste FX</string>
---
> 		<string>효과 붙이기</string>
6641c6641
< 		<string>Move to Front</string>
---
> 		<string>맨 앞으로 가져오기</string>
6700c6700
< 		<string>Rotate Right</string>
---
> 		<string>오른쪽으로 회전</string>
6758c6758
< 		<string>Brightness / Contrast</string>
---
> 		<string>명암 / 대비</string>
6904c6904
< 		<string>Welcome...</string>
---
> 		<string>환영...</string>
6962c6962
< 		<string>Select Greens</string>
---
> 		<string>초록 선택</string>
7020c7020
< 		<string>Tutorial...</string>
---
> 		<string>튜토리얼...</string>
7080c7080
< 		<string>Align Right</string>
---
> 		<string>오른쪽 정렬</string>
7140c7140
< 		<string>Curves</string>
---
> 		<string>곡선</string>
7199c7199
< 		<string>Single View</string>
---
> 		<string>단일 뷰 모드</string>
7257c7257
< 		<string>Inside</string>
---
> 		<string>안으로</string>
7315c7315
< 		<string>Separated Mode</string>
---
> 		<string>분리 모드</string>
7373c7373
< 		<string>Align Bottom</string>
---
> 		<string>아래쪽 정렬</string>
7491c7491
< 		<string>Unlock</string>
---
> 		<string>잠금 해제</string>
7550c7550
< 		<string>Gradient Map</string>
---
> 		<string>그레이디언트 맵</string>
7610c7610
< 		<string>Zoom to Selection</string>
---
> 		<string>선택 항목에 맞추기</string>
7668c7668
< 		<string>Guides Manager…</string>
---
> 		<string>안내선 관리자…</string>
7726c7726
< 		<string>Toggle UI</string>
---
> 		<string>UI 가리기</string>
7785c7785
< 		<string>Exposure</string>
---
> 		<string>노출</string>
7843c7843
< 		<string>Select Midtones</string>
---
> 		<string>중간 선택</string>
7903c7903
< 		<string>Invert Pixel Selection</string>
---
> 		<string>픽셀 선택 항목 반전</string>
7962c7962
< 		<string>Reset Rotation</string>
---
> 		<string>회전 재설정</string>
8081c8081
< 		<string>Rotate Right</string>
---
> 		<string>오른쪽으로 회전</string>
8197c8197
< 		<string>Shadows / Highlights</string>
---
> 		<string>그림자 / 빛</string>
8257c8257
< 		<string>Lock</string>
---
> 		<string>잠금</string>
8315c8315
< 		<string>Find in Layers Panel</string>
---
> 		<string>레이어 목록에서 찾기</string>
8373c8373
< 		<string>Dock Tools</string>
---
> 		<string>도구 고정</string>
8431c8431
< 		<string>Behind</string>
---
> 		<string>뒤로</string>
8509c8509
< 		<string>Paste Inside</string>
---
> 		<string>안으로 붙이기</string>
8628c8628
< 		<string>Grid and Axis Manager…</string>
---
> 		<string>격자선 관리자…</string>
8686c8686
< 		<string>Invert</string>
---
> 		<string>반전</string>
8744c8744
< 		<string>Threshold</string>
---
> 		<string>역치</string>
8804c8804
< 		<string>New Layer</string>
---
> 		<string>새로운 레이어</string>
8862c8862
< 		<string>Draw Persona</string>
---
> 		<string>그림 페르소나</string>
8920c8920
< 		<string>Select Shadows</string>
---
> 		<string>그림자 선택</string>
8975c8975
< 		<string>Paste Without Format</string>
---
> 		<string>포맷 없이 붙이기</string>
9033c9033
< 		<string>Clip to Canvas</string>
---
> 		<string>캔버스에 클립</string>
9092c9092
< 		<string>Space Vertically</string>
---
> 		<string>세로 공간</string>
9150c9150
< 		<string>Top</string>
---
> 		<string>위로</string>
9208c9208
< 		<string>Flip Horizontal</string>
---
> 		<string>가로 뒤집기</string>
9268c9268
< 		<string>Actual Size</string>
---
> 		<string>실제 크기</string>
9329c9329
< 		<string>Align Left</string>
---
> 		<string>왼쪽 정렬</string>
9387c9387
< 		<string>Layer Effects…</string>
---
> 		<string>레이어 효과…</string>
9445c9445
< 		<string>Align Middle</string>
---
> 		<string>세로 가운데 정렬</string>
9503c9503
< 		<string>Add</string>
---
> 		<string>추가</string>
9563c9563
< 		<string>Toggle Full Screen</string>
---
> 		<string>전체 화면 시작</string>
9624c9624
< 		<string>Move to Back</string>
---
> 		<string>맨 뒤로 보내기</string>
9684c9684
< 		<string>Deselect</string>
---
> 		<string>선택 해제</string>
9745c9745
< 		<string>Outline</string>
---
> 		<string>윤곽</string>
9803c9803
< 		<string>Promote Group to Layer</string>
---
> 		<string>그룹을 레이어로 승격</string>
9861c9861
< 		<string>White Balance</string>
---
> 		<string>화이트 밸런스</string>
9942c9942
< 		<string>Rasterise to Mask</string>
---
> 		<string>마스크 래스터화</string>
10000c10000
< 		<string>Combine</string>
---
> 		<string>배타</string>
10058c10058
< 		<string>Show</string>
---
> 		<string>보기</string>
10118c10118
< 		<string>Pixels (Retina)</string>
---
> 		<string>픽셀 (레티나)</string>
10177c10177
< 		<string>Posterise</string>
---
> 		<string>포스터화</string>
10237c10237
< 		<string>New From Clipboard</string>
---
> 		<string>클립보드에서 신규</string>
10308c10308
< 		<string>Rotate Left</string>
---
> 		<string>왼쪽으로 회전</string>
10366c10366
< 		<string>Distribute Horizontally</string>
---
> 		<string>가로 분배</string>
10426c10426
< 		<string>Move Forward One</string>
---
> 		<string>앞으로 가져오기</string>
10484c10484
< 		<string>Reveal in Finder</string>
---
> 		<string>Finder에서 찾기</string>
10542c10542
< 		<string>Selective Colour</string>
---
> 		<string>색상 선택</string>
10600c10600
< 		<string>Move to Next View Point</string>
---
> 		<string>다음 뷰 포인트로 이동</string>
10658c10658
< 		<string>Grow / Shrink…</string>
---
> 		<string>팽창 / 수축…</string>
10718c10718
< 		<string>Ungroup All</string>
---
> 		<string>모든 그룹 해제</string>
10776c10776
< 		<string>Channel Mixer</string>
---
> 		<string>채널 혼합</string>
10836c10836
< 		<string>Black &amp; White</string>
---
> 		<string>흑백</string>
10895c10895
< 		<string>Subtract</string>
---
> 		<string>제거</string>
10953c10953
< 		<string>Vibrance</string>
---
> 		<string>활기</string>
11011c11011
< 		<string>Soft Proof</string>
---
> 		<string>미리보기</string>
11071c11071
< 		<string>Save</string>
---
> 		<string>저장</string>
11190c11190
< 		<string>Space Horizontally</string>
---
> 		<string>가로 공간</string>
11368c11368
< 		<string>Save History With Document</string>
---
> 		<string>편집 기록 저장</string>
11428c11428
< 		<string>Select Next</string>
---
> 		<string>다음 항목 선택</string>
11486c11486
< 		<string>Levels</string>
---
> 		<string>레벨</string>
11544c11544
< 		<string>Select Blues</string>
---
> 		<string>파랑 선택</string>
12801c12801
< 		<string>Persona</string>
---
> 		<string>페르소나</string>
13038c13038
< 		<string>Services</string>
---
> 		<string>서비스</string>
13203c13203
< 		<string>File</string>
---
> 		<string>파일</string>
13783c13783
< 		<string>Edit</string>
---
> 		<string>편집</string>
13933c13933
< 		<string>Layer</string>
---
> 		<string>레이어</string>
14201c14201
< 		<string>Arrange</string>
---
> 		<string>순서</string>
14277c14277
< 		<string>Alignment</string>
---
> 		<string>정렬</string>
14503c14503
< 		<string>Geometry</string>
---
> 		<string>기하</string>
14583c14583
< 		<string>Transform</string>
---
> 		<string>변형</string>
14701c14701
< 		<string>Insertion</string>
---
> 		<string>삽입</string>
14815,14816c14815,14816
< 		<string>New Adjustment</string>
< 		<string>New Adjustment</string>
---
> 		<string>새로운 조정</string>
> 		<string>새로운 조정</string>
15262c15262
< 		<string>Select</string>
---
> 		<string>선택</string>
15466,15467c15466,15467
< 		<string>Colour Range</string>
< 		<string>Colour Range</string>
---
> 		<string>색상 영역</string>
> 		<string>색상 영역</string>
15539c15539
< 		<string>Tonal Range</string>
---
> 		<string>색조 영역</string>
15651c15651
< 		<string>View</string>
---
> 		<string>뷰</string>
15975c15975
< 		<string>View Mode</string>
---
> 		<string>뷰 모드</string>
16593c16593
< 		<string>Window</string>
---
> 		<string>윈도우</string>
16752c16752
< 		<string>Bring All to Front</string>
---
> 		<string>모두 앞으로 가져오기</string>
16805c16805
< 		<string>Help</string>
---
> 		<string>도움말</string>
diff -s /Applications/Affinity Designer.app/Contents/Resources/en.lproj/MainMenuVector.nib /Applications/Affinity Designer.app/Contents/Resources/ko.lproj/MainMenuVector.nib
1217c1217
< 		<string>Open Recent</string>
---
> 		<string>최근 사용 열기</string>
1268c1268
< 		<string>Clear Menu</string>
---
> 		<string>메뉴 지우기</string>
1407c1407
< 		<string>Views</string>
---
> 		<string>뷰</string>
1456c1456
< 		<string>Studio</string>
---
> 		<string>작업실</string>
1521c1521
< 		<string>Show Left Studio</string>
---
> 		<string>왼쪽 작업실 나타내기</string>
1556c1556
< 		<string>Show Right Studio</string>
---
> 		<string>오른쪽 작업실 나타내기</string>
1632c1632
< 		<string>Hide Studio</string>
---
> 		<string>작업실 가리기</string>
1668c1668
< 		<string>Reset Studio</string>
---
> 		<string>작업실 재설정</string>
1713c1713
< 		<string>Share</string>
---
> 		<string>공유</string>
1810c1810
< 		<string>Minimize</string>
---
> 		<string>최소화</string>
1875c1875
< 		<string>Zoom</string>
---
> 		<string>맞추기</string>
1935c1935
< 		<string>Toggle Full Screen</string>
---
> 		<string>전체 화면 시작</string>
2026c2026
< 		<string>Hide Others</string>
---
> 		<string>기타 가리기</string>
2087c2087
< 		<string>Preferences…</string>
---
> 		<string>환경설정…</string>
2148c2148
< 		<string>Quit</string>
---
> 		<string>Designer 종료</string>
2217c2217
< 		<string>Show All</string>
---
> 		<string>모두 보기</string>
2272c2272
< 		<string>Hide</string>
---
> 		<string>가리기</string>
2330c2330
< 		<string>About…</string>
---
> 		<string>Affinity Designer에 관하여…</string>
2407c2407
< 		<string>Redo</string>
---
> 		<string>다시 실행</string>
2463c2463
< 		<string>Copy</string>
---
> 		<string>복사</string>
2519c2519
< 		<string>Paste</string>
---
> 		<string>붙이기</string>
2575c2575
< 		<string>Cut</string>
---
> 		<string>오려두기</string>
2636c2636
< 		<string>Undo</string>
---
> 		<string>실행 취소</string>
2709c2709
< 		<string>Select All</string>
---
> 		<string>전체 선택</string>
2763c2763
< 		<string>Delete</string>
---
> 		<string>지우기</string>
2841c2841
< 		<string>Save As…</string>
---
> 		<string>다른 이름으로 저장…</string>
2900c2900
< 		<string>Edit in Photo…</string>
---
> 		<string>Photo에서 편집…</string>
2960c2960
< 		<string>Close</string>
---
> 		<string>닫기</string>
3021c3021
< 		<string>Document Setup…</string>
---
> 		<string>문서 설정…</string>
3082c3082
< 		<string>New</string>
---
> 		<string>신규</string>
3143c3143
< 		<string>Open…</string>
---
> 		<string>열기…</string>
3204c3204
< 		<string>Print…</string>
---
> 		<string>인쇄…</string>
3298c3298
< 		<string>Customise Tools…</string>
---
> 		<string>도구 사용자화…</string>
3358c3358
< 		<string>Customise Toolbar…</string>
---
> 		<string>툴바 사용자화…</string>
3418c3418
< 		<string>Show Toolbar</string>
---
> 		<string>툴바 나타내기</string>
3501c3501
< 		<string>Affinity Designer Help</string>
---
> 		<string>Affinity Designer 도움말</string>
3579c3579
< 		<string>Ungroup</string>
---
> 		<string>그룹 해제</string>
3640c3640
< 		<string>Group</string>
---
> 		<string>그룹</string>
3701c3701
< 		<string>Duplicate</string>
---
> 		<string>복제</string>
3762c3762
< 		<string>Zoom to Fit</string>
---
> 		<string>화면 크기에 맞추기</string>
3895c3895
< 		<string>Show Margins</string>
---
> 		<string>여백선 나타내기</string>
3955c3955
< 		<string>Show Guides</string>
---
> 		<string>안내선 나타내기</string>
4016c4016
< 		<string>Show Grid</string>
---
> 		<string>격자선 나타내기</string>
4075c4075
< 		<string>New View</string>
---
> 		<string>새로운 뷰</string>
4152c4152
< 		<string>Pixels</string>
---
> 		<string>픽셀</string>
4213c4213
< 		<string>Lock</string>
---
> 		<string>잠금</string>
4274c4274
< 		<string>Unlock</string>
---
> 		<string>잠금 해제</string>
4352c4352
< 		<string>Align Left</string>
---
> 		<string>왼쪽 정렬</string>
4425c4425
< 		<string>Align Centre</string>
---
> 		<string>가로 가운데 정렬</string>
4483c4483
< 		<string>Justify Centre</string>
---
> 		<string>가운데 균등 정렬</string>
4543c4543
< 		<string>Align Right</string>
---
> 		<string>오른쪽 정렬</string>
4628c4628
< 		<string>Bold</string>
---
> 		<string>강조</string>
4689c4689
< 		<string>Italic</string>
---
> 		<string>기울임</string>
4750c4750
< 		<string>Underline</string>
---
> 		<string>밑줄</string>
4826c4826
< 		<string>Use Default</string>
---
> 		<string>기준선 재설정</string>
4886c4886
< 		<string>Superscript</string>
---
> 		<string>윗첨자</string>
4947c4947
< 		<string>Subscript</string>
---
> 		<string>아랫첨자</string>
5023c5023
< 		<string>Use None</string>
---
> 		<string>합자 없음</string>
5214c5214
< 		<string>Tighten</string>
---
> 		<string>좁게</string>
5275c5275
< 		<string>Loosen More</string>
---
> 		<string>더 넓게</string>
5334c5334
< 		<string>Create Style</string>
---
> 		<string>스타일 생성</string>
5394c5394
< 		<string>Convert to Curves</string>
---
> 		<string>곡선으로 전환</string>
5466c5466
< 		<string>Place…</string>
---
> 		<string>다른 문서 넣기…</string>
5524c5524
< 		<string>Snapping Manager…</string>
---
> 		<string>스내핑 관리자…</string>
5579c5579
< 		<string>Paste Style</string>
---
> 		<string>스타일 붙이기</string>
5640c5640
< 		<string>Zoom In</string>
---
> 		<string>확대</string>
5700c5700
< 		<string>Zoom Out</string>
---
> 		<string>축소</string>
5758c5758
< 		<string>Rasterise…</string>
---
> 		<string>래스터화…</string>
5816c5816
< 		<string>Assistant Manager…</string>
---
> 		<string>손쉬운 사용 관리자…</string>
5874c5874
< 		<string>Vector</string>
---
> 		<string>벡터</string>
6084c6084
< 		<string>Show Character</string>
---
> 		<string>서체 작업실</string>
6144c6144
< 		<string>Media Browser…</string>
---
> 		<string>미디어 브라우저…</string>
6264c6264
< 		<string>Show Rulers</string>
---
> 		<string>눈금자 나타내기</string>
6322c6322
< 		<string>Apple Colour Picker...</string>
---
> 		<string>Apple 색상 선택기...</string>
6399c6399
< 		<string>Line Break</string>
---
> 		<string>줄바꿈</string>
6457c6457
< 		<string>Em Space</string>
---
> 		<string>전각 공백</string>
6515c6515
< 		<string>En Space</string>
---
> 		<string>반각 공백</string>
6573c6573
< 		<string>Non-Breaking Hyphen</string>
---
> 		<string>줄 바꿈 없는 하이픈</string>
6631c6631
< 		<string>Zero Width Space</string>
---
> 		<string>폭 없는 공백</string>
6689c6689
< 		<string>Soft Hyphen</string>
---
> 		<string>하이픈</string>
6749c6749
< 		<string>Non-Breaking Space</string>
---
> 		<string>줄 바꿈 없는 공백</string>
6825c6825
< 		<string>None</string>
---
> 		<string>없음</string>
6883c6883
< 		<string>Small Caps</string>
---
> 		<string>작은 대문자</string>
6941c6941
< 		<string>All Caps</string>
---
> 		<string>모두 대문자</string>
6999c6999
< 		<string>Reset Rotation</string>
---
> 		<string>회전 재설정</string>
7134c7134
< 		<string>Set No Paragraph Style</string>
---
> 		<string>문단 스타일 벗기기</string>
7209c7209
< 		<string>Ignore Text Wraps</string>
---
> 		<string>줄바꿈 무시</string>
7286c7286
< 		<string>Move Back One</string>
---
> 		<string>뒤로 보내기</string>
7355c7355
< 		<string>Paste Inside</string>
---
> 		<string>안으로 붙이기</string>
7503c7503
< 		<string>Unlock All</string>
---
> 		<string>모두 잠금 해제</string>
7578c7578
< 		<string>Recolour</string>
---
> 		<string>재색상</string>
7636c7636
< 		<string>Insert Filler Text</string>
---
> 		<string>Lorem Ipsum</string>
7694c7694
< 		<string>Tight</string>
---
> 		<string>좁게</string>
7754c7754
< 		<string>Lower Baseline</string>
---
> 		<string>기준선 내리기</string>
7813c7813
< 		<string>Strikeout</string>
---
> 		<string>취소선</string>
7890c7890
< 		<string>Precise Bigger</string>
---
> 		<string>정밀하게 늘리기</string>
8050c8050
< 		<string>Flip Vertical</string>
---
> 		<string>세로 뒤집기</string>
8108c8108
< 		<string>Show Glyph Browser</string>
---
> 		<string>문자 탐색 작업실</string>
8183c8183
< 		<string>Synchronise from Selection</string>
---
> 		<string>선택 항목에서 기본값 동기화</string>
8241c8241
< 		<string>Show Context Toolbar</string>
---
> 		<string>상황별 툴바 나타내기</string>
8318c8318
< 		<string>Precise Decrease</string>
---
> 		<string>정밀하게 줄이기</string>
8374c8374
< 		<string>Paste FX</string>
---
> 		<string>효과 붙이기</string>
8432c8432
< 		<string>Colour Balance</string>
---
> 		<string>색상 밸런스</string>
8507c8507
< 		<string>Distribute Horizontally</string>
---
> 		<string>가로 분배</string>
8565c8565
< 		<string>Figure Dash</string>
---
> 		<string>숫자 줄표</string>
8623c8623
< 		<string>Align Centre</string>
---
> 		<string>가로 가운데 정렬</string>
8681c8681
< 		<string>Align Top</string>
---
> 		<string>위쪽 정렬</string>
8741c8741
< 		<string>New Pixel Layer</string>
---
> 		<string>새로운 픽셀 레이어</string>
8800c8800
< 		<string>Clip to Canvas</string>
---
> 		<string>캔버스에 클립</string>
8859c8859
< 		<string>Delete Paragraph Style</string>
---
> 		<string>문단 스타일 지우기</string>
8919c8919
< 		<string>New From Clipboard</string>
---
> 		<string>클립보드에서 신규</string>
9007c9007
< 		<string>Check Spelling</string>
---
> 		<string>철자 확인</string>
9065c9065
< 		<string>Split View</string>
---
> 		<string>분할 뷰 모드</string>
9140c9140
< 		<string>Top</string>
---
> 		<string>위로</string>
9215c9215
< 		<string>Default</string>
---
> 		<string>기본값</string>
9275c9275
< 		<string>Release Compound</string>
---
> 		<string>결합 해제</string>
9335c9335
< 		<string>Select Previous</string>
---
> 		<string>이전 항목 선택</string>
9393c9393
< 		<string>Space Horizontally</string>
---
> 		<string>가로 공간</string>
9509c9509
< 		<string>Inside</string>
---
> 		<string>안으로</string>
9650c9650
< 		<string>Justify Left</string>
---
> 		<string>왼쪽 균등 정렬</string>
9709c9709
< 		<string>Detach and Delete All Styles</string>
---
> 		<string>모든 스타일 벗기고 삭제</string>
9769c9769
< 		<string>En Dash</string>
---
> 		<string>반각 줄표</string>
9829c9829
< 		<string>Decrease</string>
---
> 		<string>줄이기</string>
9905c9905
< 		<string>Intersect</string>
---
> 		<string>교차</string>
9963c9963
< 		<string>Import Text Styles…</string>
---
> 		<string>문자 스타일 불러오기…</string>
10023c10023
< 		<string>Move to Front</string>
---
> 		<string>맨 앞으로 가져오기</string>
10082c10082
< 		<string>Rotate Right</string>
---
> 		<string>오른쪽으로 회전</string>
10142c10142
< 		<string>New Layer</string>
---
> 		<string>새로운 레이어</string>
10200c10200
< 		<string>Rotate Left</string>
---
> 		<string>왼쪽으로 회전</string>
10258c10258
< 		<string>Show</string>
---
> 		<string>보기</string>
10316c10316
< 		<string>Brightness / Contrast</string>
---
> 		<string>명암 / 대비</string>
10489c10489
< 		<string>Welcome...</string>
---
> 		<string>환영...</string>
10547c10547
< 		<string>Space Vertically</string>
---
> 		<string>세로 공간</string>
10605c10605
< 		<string>Create Character Style</string>
---
> 		<string>문자 스타일 생성</string>
10665c10665
< 		<string>Tighten More</string>
---
> 		<string>더 좁게</string>
10783c10783
< 		<string>Curves</string>
---
> 		<string>곡선</string>
10842c10842
< 		<string>Single View</string>
---
> 		<string>단일 뷰 모드</string>
10900c10900
< 		<string>Divide</string>
---
> 		<string>분할</string>
11019c11019
< 		<string>Revert</string>
---
> 		<string>되돌리기</string>
11077c11077
< 		<string>Pixel Persona</string>
---
> 		<string>픽셀 페르소나</string>
11135c11135
< 		<string>Separated Mode</string>
---
> 		<string>분리 모드</string>
11195c11195
< 		<string>Precise Lower Baseline</string>
---
> 		<string>기준선 정밀하게 내리기</string>
11254c11254
< 		<string>Align Bottom</string>
---
> 		<string>아래쪽 정렬</string>
11312c11312
< 		<string>Update Paragraph Style</string>
---
> 		<string>문단 스타일 업데이트</string>
11428c11428
< 		<string>Gradient Map</string>
---
> 		<string>그레이디언트 맵</string>
11486c11486
< 		<string>Guides Manager…</string>
---
> 		<string>안내선 관리자…</string>
11544c11544
< 		<string>Exposure</string>
---
> 		<string>노출</string>
11604c11604
< 		<string>Raise Baseline</string>
---
> 		<string>기준선 올리기</string>
11723c11723
< 		<string>Precise Smaller</string>
---
> 		<string>정밀하게 줄이기</string>
11782c11782
< 		<string>Set No Character Style</string>
---
> 		<string>문자 스타일 벗기기</string>
11842c11842
< 		<string>Invert Pixel Selection</string>
---
> 		<string>픽셀 선택 항목 반전</string>
11959c11959
< 		<string>Rotate Right</string>
---
> 		<string>오른쪽으로 회전</string>
12017c12017
< 		<string>Shadows / Highlights</string>
---
> 		<string>그림자 / 빛</string>
12077c12077
< 		<string>Bigger</string>
---
> 		<string>늘리기</string>
12135c12135
< 		<string>Export Persona</string>
---
> 		<string>출력 페르소나</string>
12251c12251
< 		<string>Support...</string>
---
> 		<string>지원...</string>
12309c12309
< 		<string>Toggle UI</string>
---
> 		<string>UI 가리기</string>
12368c12368
< 		<string>Justify</string>
---
> 		<string>맞춤</string>
12443c12443
< 		<string>On App Screen</string>
---
> 		<string>응용프로그램 화면</string>
12501c12501
< 		<string>Reapply Text Styles</string>
---
> 		<string>텍스트 스타일 재적용</string>
12559c12559
< 		<string>Show Paragraph</string>
---
> 		<string>문단 작업실</string>
12617c12617
< 		<string>Distribute Vertically</string>
---
> 		<string>세로 분배</string>
12675c12675
< 		<string>Reveal in Finder</string>
---
> 		<string>Finder에서 찾기</string>
12733c12733
< 		<string>Move to Next View Point</string>
---
> 		<string>다음 뷰 포인트로 이동</string>
12791c12791
< 		<string>Invert</string>
---
> 		<string>반전</string>
12849c12849
< 		<string>Save</string>
---
> 		<string>저장</string>
12909c12909
< 		<string>Increase</string>
---
> 		<string>늘리기</string>
12968c12968
< 		<string>Threshold</string>
---
> 		<string>역치</string>
13143c13143
< 		<string>Promote Group to Layer</string>
---
> 		<string>그룹을 레이어로 승격</string>
13203c13203
< 		<string>Export…</string>
---
> 		<string>출력…</string>
13261c13261
< 		<string>In Place</string>
---
> 		<string>제자리에</string>
13321c13321
< 		<string>Precise Raise Baseline</string>
---
> 		<string>기준선 정밀하게 올리기</string>
13380c13380
< 		<string>Tutorial...</string>
---
> 		<string>튜토리얼...</string>
13438c13438
< 		<string>Convert Object to Artboard</string>
---
> 		<string>오브젝트를 아트보드로 전환</string>
13498c13498
< 		<string>Spelling Options…</string>
---
> 		<string>철자 설정…</string>
13556c13556
< 		<string>Convert Artboard to Object</string>
---
> 		<string>아트보드를 오브젝트로 전환</string>
13614c13614
< 		<string>Expand Stroke</string>
---
> 		<string>획 펼치기</string>
13672c13672
< 		<string>Create Compound</string>
---
> 		<string>결합 생성</string>
13845c13845
< 		<string>Merge All Windows</string>
---
> 		<string>모든 윈도우 합치기</string>
13903c13903
< 		<string>Create Paragraph Style</string>
---
> 		<string>문단 스타일 생성</string>
13961c13961
< 		<string>Save Text Styles as Default</string>
---
> 		<string>문자 스타일을 기본값으로 저장</string>
14019c14019
< 		<string>Justify Right</string>
---
> 		<string>오른쪽 균등 정렬</string>
14077c14077
< 		<string>Lens Filter</string>
---
> 		<string>렌즈 필터</string>
14135c14135
< 		<string>Flip Horizontal</string>
---
> 		<string>가로 뒤집기</string>
14193c14193
< 		<string>Bottom</string>
---
> 		<string>아래</string>
14310c14310
< 		<string>Show Typography</string>
---
> 		<string>타이포그래피 작업실</string>
14369c14369
< 		<string>Save History With Document</string>
---
> 		<string>편집 기록 저장</string>
14427c14427
< 		<string>Layer Effects…</string>
---
> 		<string>레이어 효과…</string>
14485c14485
< 		<string>Align Middle</string>
---
> 		<string>세로 가운데 정렬</string>
14543c14543
< 		<string>Add</string>
---
> 		<string>추가</string>
14603c14603
< 		<string>Zoom to Selection</string>
---
> 		<string>선택 항목에 맞추기</string>
14661c14661
< 		<string>Use All</string>
---
> 		<string>모두 합자</string>
14721c14721
< 		<string>Pixel Size</string>
---
> 		<string>픽셀 크기</string>
14782c14782
< 		<string>Move to Back</string>
---
> 		<string>맨 뒤로 보내기</string>
14842c14842
< 		<string>Deselect</string>
---
> 		<string>선택 해제</string>
14901c14901
< 		<string>White Balance</string>
---
> 		<string>화이트 밸런스</string>
14959c14959
< 		<string>Move to Previous View Point</string>
---
> 		<string>이전 뷰 포인트로 이동</string>
15017c15017
< 		<string>Combine</string>
---
> 		<string>배타</string>
15075c15075
< 		<string>Show Text Styles</string>
---
> 		<string>텍스트 스타일 작업실</string>
15133c15133
< 		<string>Convert to Text Frame</string>
---
> 		<string>텍스트 액자로 전환</string>
15193c15193
< 		<string>Loosen</string>
---
> 		<string>넓게</string>
15252c15252
< 		<string>Centre</string>
---
> 		<string>가운데</string>
15312c15312
< 		<string>Pixels (Retina)</string>
---
> 		<string>픽셀 (레티나)</string>
15371c15371
< 		<string>Posterise</string>
---
> 		<string>포스터화</string>
15429c15429
< 		<string>Grid and Axis Manager…</string>
---
> 		<string>격자선 관리자…</string>
15487c15487
< 		<string>Check Spelling While Typing</string>
---
> 		<string>작성하는 동안 철자 확인</string>
15545c15545
< 		<string>Dock Tools</string>
---
> 		<string>도구 고정</string>
15603c15603
< 		<string>Rasterise to Mask</string>
---
> 		<string>마스크 래스터화</string>
15661c15661
< 		<string>Factory Reset</string>
---
> 		<string>기본값 재설정</string>
15721c15721
< 		<string>Em Dash</string>
---
> 		<string>전각 줄표</string>
15779c15779
< 		<string>Find in Layers Panel</string>
---
> 		<string>레이어 목록에서 찾기</string>
15837c15837
< 		<string>Rotate Left</string>
---
> 		<string>왼쪽으로 회전</string>
15895c15895
< 		<string>Justify All</string>
---
> 		<string>양쪽 균등 정렬</string>
15955c15955
< 		<string>Smaller</string>
---
> 		<string>줄이기</string>
16015c16015
< 		<string>Move Forward One</string>
---
> 		<string>앞으로 가져오기</string>
16073c16073
< 		<string>Update Character Style</string>
---
> 		<string>문자 스타일 업데이트</string>
16131c16131
< 		<string>Insert Text from File…</string>
---
> 		<string>파일에서 텍스트 삽입하기…</string>
16189c16189
< 		<string>Ignore Misspelt Word</string>
---
> 		<string>철자 오류 무시</string>
16362c16362
< 		<string>Selective Colour</string>
---
> 		<string>색상 선택</string>
16483c16483
< 		<string>Ungroup All</string>
---
> 		<string>모든 그룹 해제</string>
16541c16541
< 		<string>Show Tools</string>
---
> 		<string>도구 나타내기</string>
16657c16657
< 		<string>Channel Mixer</string>
---
> 		<string>채널 혼합</string>
16717c16717
< 		<string>Black &amp; White</string>
---
> 		<string>흑백</string>
16776c16776
< 		<string>Subtract</string>
---
> 		<string>제거</string>
16834c16834
< 		<string>Vibrance</string>
---
> 		<string>활기</string>
16892c16892
< 		<string>Soft Proof</string>
---
> 		<string>미리보기</string>
17010c17010
< 		<string>Behind</string>
---
> 		<string>뒤로</string>
17070c17070
< 		<string>Outline</string>
---
> 		<string>윤곽</string>
17130c17130
< 		<string>Actual Size</string>
---
> 		<string>실제 크기</string>
17191c17191
< 		<string>Precise Increase</string>
---
> 		<string>정밀하게 늘리기</string>
17250c17250
< 		<string>Always Show Selection in Layers Panel </string>
---
> 		<string>항상 레이어 목록에서 선택 항목 나타내기</string>
17308c17308
< 		<string>Delete Character Style</string>
---
> 		<string>문자 스타일 지우기</string>
17368c17368
< 		<string>Select Next</string>
---
> 		<string>다음 항목 선택</string>
17480c17480
< 		<string>Paste Without Format</string>
---
> 		<string>포맷 없이 붙이기</string>
17538c17538
< 		<string>Levels</string>
---
> 		<string>레벨</string>
17596c17596
< 		<string>Convert to Text Path</string>
---
> 		<string>텍스트 경로로 전환</string>
19408c19408
< 		<string>Persona</string>
---
> 		<string>페르소나</string>
19645c19645
< 		<string>Services</string>
---
> 		<string>서비스</string>
19810c19810
< 		<string>File</string>
---
> 		<string>파일</string>
20390c20390
< 		<string>Edit</string>
---
> 		<string>편집</string>
20588c20588
< 		<string>Defaults</string>
---
> 		<string>기본값</string>
20664c20664
< 		<string>Text</string>
---
> 		<string>문자</string>
20866,20867c20866,20867
< 		<string>Character Traits</string>
< 		<string>Character Traits</string>
---
> 		<string>문자 특성</string>
> 		<string>문자 특성</string>
20944c20944
< 		<string>Size</string>
---
> 		<string>크기</string>
21020c21020
< 		<string>Spacing</string>
---
> 		<string>공간</string>
21146c21146
< 		<string>Ligatures</string>
---
> 		<string>합자</string>
21218c21218
< 		<string>Baseline</string>
---
> 		<string>기준선</string>
21348,21349c21348,21349
< 		<string>Capitalisation</string>
< 		<string>Capitalisation</string>
---
> 		<string>대문자화</string>
> 		<string>대문자화</string>
21459c21459
< 		<string>Alignment</string>
---
> 		<string>정렬</string>
21589,21590c21589,21590
< 		<string>Paragraph Leading</string>
< 		<string>Paragraph Leading</string>
---
> 		<string>줄 간격</string>
> 		<string>줄 간격</string>
21704,21705c21704,21705
< 		<string>Text Styles</string>
< 		<string>Text Styles</string>
---
> 		<string>텍스트 스타일</string>
> 		<string>텍스트 스타일</string>
21931,21932c21931,21932
< 		<string>Insert Character</string>
< 		<string>Insert Character</string>
---
> 		<string>문자 삽입</string>
> 		<string>문자 삽입</string>
22196,22197c22196,22197
< 		<string>Vertical Alignment</string>
< 		<string>Vertical Alignment</string>
---
> 		<string>세로 정렬</string>
> 		<string>세로 정렬</string>
22311c22311
< 		<string>Spelling</string>
---
> 		<string>철자</string>
22473c22473
< 		<string>Layer</string>
---
> 		<string>레이어</string>
22769c22769
< 		<string>Arrange</string>
---
> 		<string>순서</string>
23070c23070
< 		<string>Geometry</string>
---
> 		<string>기하</string>
23150c23150
< 		<string>Transform</string>
---
> 		<string>변형</string>
23268c23268
< 		<string>Insertion</string>
---
> 		<string>삽입</string>
23382,23383c23382,23383
< 		<string>New Adjustment</string>
< 		<string>New Adjustment</string>
---
> 		<string>새로운 조정</string>
> 		<string>새로운 조정</string>
23839c23839
< 		<string>Fill Mode</string>
---
> 		<string>채우기 모드</string>
23909c23909
< 		<string>Select</string>
---
> 		<string>선택</string>
24035c24035
< 		<string>View</string>
---
> 		<string>뷰</string>
24359c24359
< 		<string>View Mode</string>
---
> 		<string>뷰 모드</string>
24977c24977
< 		<string>Window</string>
---
> 		<string>윈도우</string>
25144c25144
< 		<string>Bring All to Front</string>
---
> 		<string>모두 앞으로 가져오기</string>
25304c25304
< 		<string>Help</string>
---
> 		<string>도움말</string>
25612c25612
< 		<string>Text Wrap</string>
---
> 		<string>줄바꿈</string>
diff -s /Applications/Affinity Designer.app/Contents/Resources/en.lproj/Startup.nib /Applications/Affinity Designer.app/Contents/Resources/ko.lproj/Startup.nib
169c169
< 		<string>Window</string>
---
> 		<string>윈도우</string>
547c547
< 		<string>System</string>
---
> 		<string>시스템</string>
1262c1262
< 		<string>Hide Others</string>
---
> 		<string>기타 가리기</string>
1317c1317
< 		<string>Show All</string>
---
> 		<string>모두 보기</string>
1646c1646
< 		<string>Preferences…</string>
---
> 		<string>환경설정…</string>
1739c1739
< 		<string>Services</string>
---
> 		<string>서비스</string>
Only in /Applications/Affinity Designer.app/Contents/Resources/en.lproj/: [No
diff -s /Applications/Affinity Designer.app/Contents/Resources/en.lproj/assets.strings /Applications/Affinity Designer.app/Contents/Resources/ko.lproj/assets.strings
14c14
< 	<string>Add</string>
---
> 	<string>추가</string>
36c36
< 	<string>Cancel</string>
---
> 	<string>취소</string>
42c42
< 	<string>Context</string>
---
> 	<string>문단</string>
52c52
< 	<string>Delete</string>
---
> 	<string>지우기</string>
124c124
< 	<string>New</string>
---
> 	<string>신규</string>
126c126
< 	<string>New Document</string>
---
> 	<string>신규 문서</string>
130c130
< 	<string>News</string>
---
> 	<string>뉴스</string>
180c180
< 	<string>Share</string>
---
> 	<string>공유</string>
194c194
< 	<string>Tables</string>
---
> 	<string>표</string>
diff -s /Applications/Affinity Designer.app/Contents/Resources/en.lproj/fills.strings /Applications/Affinity Designer.app/Contents/Resources/ko.lproj/fills.strings
6c6
< 	<string>Black</string>
---
> 	<string>검정</string>
8c8
< 	<string>Black 10%</string>
---
> 	<string>검정 10%</string>
10c10
< 	<string>Black 15%</string>
---
> 	<string>검정 15%</string>
12c12
< 	<string>Black 20%</string>
---
> 	<string>검정 20%</string>
14c14
< 	<string>Black 25%</string>
---
> 	<string>검정 25%</string>
16c16
< 	<string>Black 30%</string>
---
> 	<string>검정 30%</string>
18c18
< 	<string>Black 35%</string>
---
> 	<string>검정 35%</string>
20c20
< 	<string>Black 40%</string>
---
> 	<string>검정 40%</string>
22c22
< 	<string>Black 45%</string>
---
> 	<string>검정 45%</string>
24c24
< 	<string>Black 5%</string>
---
> 	<string>검정 5%</string>
26c26
< 	<string>Black 50%</string>
---
> 	<string>검정 50%</string>
28c28
< 	<string>Black 55%</string>
---
> 	<string>검정 55%</string>
30c30
< 	<string>Black 60%</string>
---
> 	<string>검정 60%</string>
32c32
< 	<string>Black 65%</string>
---
> 	<string>검정 65%</string>
34c34
< 	<string>Black 70%</string>
---
> 	<string>검정 70%</string>
36c36
< 	<string>Black 75%</string>
---
> 	<string>검정 75%</string>
38c38
< 	<string>Black 80%</string>
---
> 	<string>검정 80%</string>
40c40
< 	<string>Black 85%</string>
---
> 	<string>검정 85%</string>
42c42
< 	<string>Black 90%</string>
---
> 	<string>검정 90%</string>
44c44
< 	<string>Black 95%</string>
---
> 	<string>검정 95%</string>
46c46
< 	<string>Black to transparent</string>
---
> 	<string>검정에서 투명</string>
48c48
< 	<string>Black to white</string>
---
> 	<string>검정에서 하양</string>
50c50
< 	<string>Colours</string>
---
> 	<string>색상</string>
52c52
< 	<string>Gradients</string>
---
> 	<string>그레이디언트</string>
54c54
< 	<string>Greys</string>
---
> 	<string>회색</string>
362c362
< 	<string>White</string>
---
> 	<string>하양</string>
364c364
< 	<string>White to black</string>
---
> 	<string>하양에서 검정</string>
366c366
< 	<string>White to transparent</string>
---
> 	<string>하양에서 투명</string>
diff -s /Applications/Affinity Designer.app/Contents/Resources/en.lproj/objectstyles.strings /Applications/Affinity Designer.app/Contents/Resources/ko.lproj/objectstyles.strings
6c6
< 	<string>Default</string>
---
> 	<string>기본값</string>
8c8
< 	<string>Glass</string>
---
> 	<string>유리</string>
10c10
< 	<string>Metal</string>
---
> 	<string>금속</string>
12c12
< 	<string>Onyx</string>
---
> 	<string>오닉스</string>
14c14
< 	<string>Rainbow</string>
---
> 	<string>무지개</string>
16c16
< 	<string>Salmon</string>
---
> 	<string>연어</string>
18c18
< 	<string>Style</string>
---
> 	<string>스타일</string>
20c20
< 	<string>Sunset</string>
---
> 	<string>석양</string>
diff -s /Applications/Affinity Designer.app/Contents/Resources/en.lproj/raster_brushes.strings /Applications/Affinity Designer.app/Contents/Resources/ko.lproj/raster_brushes.strings
10c10
< 	<string>Basic</string>
---
> 	<string>기본</string>
46c46
< 	<string>Effects</string>
---
> 	<string>효과</string>
diff -s /Applications/Affinity Designer.app/Contents/Resources/en.lproj/vector_brushes.strings /Applications/Affinity Designer.app/Contents/Resources/ko.lproj/vector_brushes.strings
8c8
< 	<string>Basic</string>
---
> 	<string>기본</string>
