4c4
< s/g>About…</g>Affinity Designer에 관하여…</
---
> s/g>About…</g>Affinity Photo에 관하여…</
13c13
< s/g>Affinity Designer Help</g>Affinity Designer 도움말</
---
> s/g>Affinity Photo Help</g>Affinity Photo 도움말</
32c32
< s/g>Always Show Selection in Layers Panel </g>항상 레이어 목록에서 선택 항목 나타내기</
---
> s/g>Always Show Selection in Layers Panel </g>레이어 패널에서 선택 항목 항상 보기 </
182c182
< s/g>Edit in Photo…</g>Photo에서 편집…</
---
> s/g>Edit in Designer…</g>Designer에서 편집…</
216c216
< s/g>Find in Layers Panel</g>레이어 목록에서 찾기</
---
> s/g>Find in Layers Panel</g>레이어 패널에서 찾기</
422c422
< s/g>Quit</g>Affinity Designer 종료</
---
> s/g>Quit</g>Affinity Photo 종료</
501c501
< s/g>Show Character</g>문자 보기</
---
> s/g>Show Character</g>서체 작업실</
516c516
< s/g>Show this Panel on Startup</g>처음 시작할 때 이 창을 보기</
---
> s/g>Show this Panel on Startup</g>시작할 때 이 패널 보기</
522c522
< s/g>Smaller</g>더 작게</
---
> s/g>Smaller</g>줄이기</
612c612
< s/g>View Samples</g>표본 나타내기</
---
> s/g>View Samples</g>표본 보기</
614c614
< s/g>View Tutorials</g>튜토리얼 나타내기</
---
> s/g>View Tutorials</g>튜토리얼 보기</
618c618
< s/g>Welcome to Affinity Designer./g>Affinity Designer에 어서오세요./
---
> s/g>Welcome to Affinity Photo./g>Affinity Photo에 어서오세요./
