Binary files /Applications/Affinity Designer Beta.app/Contents/Frameworks/libcocoaui.framework/Versions/A/Resources/en.lproj/AddMasterWindowController.nib and /Applications/Affinity Designer Beta.app/Contents/Frameworks/libcocoaui.framework/Versions/A/Resources/ja.lproj/AddMasterWindowController.nib differ
Binary files /Applications/Affinity Designer Beta.app/Contents/Frameworks/libcocoaui.framework/Versions/A/Resources/en.lproj/AddPageWindowController.nib and /Applications/Affinity Designer Beta.app/Contents/Frameworks/libcocoaui.framework/Versions/A/Resources/ja.lproj/AddPageWindowController.nib differ
Binary files /Applications/Affinity Designer Beta.app/Contents/Frameworks/libcocoaui.framework/Versions/A/Resources/en.lproj/AdjustmentItemView.nib and /Applications/Affinity Designer Beta.app/Contents/Frameworks/libcocoaui.framework/Versions/A/Resources/ja.lproj/AdjustmentItemView.nib differ
Files /Applications/Affinity Designer Beta.app/Contents/Frameworks/libcocoaui.framework/Versions/A/Resources/en.lproj/AdjustmentPage.nib and /Applications/Affinity Designer Beta.app/Contents/Frameworks/libcocoaui.framework/Versions/A/Resources/ja.lproj/AdjustmentPage.nib are identical
Binary files /Applications/Affinity Designer Beta.app/Contents/Frameworks/libcocoaui.framework/Versions/A/Resources/en.lproj/Adjustments.nib and /Applications/Affinity Designer Beta.app/Contents/Frameworks/libcocoaui.framework/Versions/A/Resources/ja.lproj/Adjustments.nib differ
Binary files /Applications/Affinity Designer Beta.app/Contents/Frameworks/libcocoaui.framework/Versions/A/Resources/en.lproj/AdvancedBlendingController.nib and /Applications/Affinity Designer Beta.app/Contents/Frameworks/libcocoaui.framework/Versions/A/Resources/ja.lproj/AdvancedBlendingController.nib differ
Binary files /Applications/Affinity Designer Beta.app/Contents/Frameworks/libcocoaui.framework/Versions/A/Resources/en.lproj/AffineEffect.nib and /Applications/Affinity Designer Beta.app/Contents/Frameworks/libcocoaui.framework/Versions/A/Resources/ja.lproj/AffineEffect.nib differ
Binary files /Applications/Affinity Designer Beta.app/Contents/Frameworks/libcocoaui.framework/Versions/A/Resources/en.lproj/AlignViewController.nib and /Applications/Affinity Designer Beta.app/Contents/Frameworks/libcocoaui.framework/Versions/A/Resources/ja.lproj/AlignViewController.nib differ
Binary files /Applications/Affinity Designer Beta.app/Contents/Frameworks/libcocoaui.framework/Versions/A/Resources/en.lproj/ApplyImageEffect.nib and /Applications/Affinity Designer Beta.app/Contents/Frameworks/libcocoaui.framework/Versions/A/Resources/ja.lproj/ApplyImageEffect.nib differ
Binary files /Applications/Affinity Designer Beta.app/Contents/Frameworks/libcocoaui.framework/Versions/A/Resources/en.lproj/ApplyMasterWindowController.nib and /Applications/Affinity Designer Beta.app/Contents/Frameworks/libcocoaui.framework/Versions/A/Resources/ja.lproj/ApplyMasterWindowController.nib differ
Binary files /Applications/Affinity Designer Beta.app/Contents/Frameworks/libcocoaui.framework/Versions/A/Resources/en.lproj/AssetsPage.nib and /Applications/Affinity Designer Beta.app/Contents/Frameworks/libcocoaui.framework/Versions/A/Resources/ja.lproj/AssetsPage.nib differ
Files /Applications/Affinity Designer Beta.app/Contents/Frameworks/libcocoaui.framework/Versions/A/Resources/en.lproj/AssignICCProfilePanel.nib and /Applications/Affinity Designer Beta.app/Contents/Frameworks/libcocoaui.framework/Versions/A/Resources/ja.lproj/AssignICCProfilePanel.nib are identical
Binary files /Applications/Affinity Designer Beta.app/Contents/Frameworks/libcocoaui.framework/Versions/A/Resources/en.lproj/AssistantOptions.nib and /Applications/Affinity Designer Beta.app/Contents/Frameworks/libcocoaui.framework/Versions/A/Resources/ja.lproj/AssistantOptions.nib differ
Files /Applications/Affinity Designer Beta.app/Contents/Frameworks/libcocoaui.framework/Versions/A/Resources/en.lproj/AutoCorrectRulesTableView.nib and /Applications/Affinity Designer Beta.app/Contents/Frameworks/libcocoaui.framework/Versions/A/Resources/ja.lproj/AutoCorrectRulesTableView.nib are identical
Binary files /Applications/Affinity Designer Beta.app/Contents/Frameworks/libcocoaui.framework/Versions/A/Resources/en.lproj/BaselineGridViewController.nib and /Applications/Affinity Designer Beta.app/Contents/Frameworks/libcocoaui.framework/Versions/A/Resources/ja.lproj/BaselineGridViewController.nib differ
Files /Applications/Affinity Designer Beta.app/Contents/Frameworks/libcocoaui.framework/Versions/A/Resources/en.lproj/BaselineGridVisibiityViewController.nib and /Applications/Affinity Designer Beta.app/Contents/Frameworks/libcocoaui.framework/Versions/A/Resources/ja.lproj/BaselineGridVisibiityViewController.nib are identical
Binary files /Applications/Affinity Designer Beta.app/Contents/Frameworks/libcocoaui.framework/Versions/A/Resources/en.lproj/BaselineGridVisibilityViewController.nib and /Applications/Affinity Designer Beta.app/Contents/Frameworks/libcocoaui.framework/Versions/A/Resources/ja.lproj/BaselineGridVisibilityViewController.nib differ
Binary files /Applications/Affinity Designer Beta.app/Contents/Frameworks/libcocoaui.framework/Versions/A/Resources/en.lproj/BaselineGridWindowController.nib and /Applications/Affinity Designer Beta.app/Contents/Frameworks/libcocoaui.framework/Versions/A/Resources/ja.lproj/BaselineGridWindowController.nib differ
Binary files /Applications/Affinity Designer Beta.app/Contents/Frameworks/libcocoaui.framework/Versions/A/Resources/en.lproj/BatchJobItemView.nib and /Applications/Affinity Designer Beta.app/Contents/Frameworks/libcocoaui.framework/Versions/A/Resources/ja.lproj/BatchJobItemView.nib differ
Binary files /Applications/Affinity Designer Beta.app/Contents/Frameworks/libcocoaui.framework/Versions/A/Resources/en.lproj/BatchJobSubItemView.nib and /Applications/Affinity Designer Beta.app/Contents/Frameworks/libcocoaui.framework/Versions/A/Resources/ja.lproj/BatchJobSubItemView.nib differ
Binary files /Applications/Affinity Designer Beta.app/Contents/Frameworks/libcocoaui.framework/Versions/A/Resources/en.lproj/BatchPage.nib and /Applications/Affinity Designer Beta.app/Contents/Frameworks/libcocoaui.framework/Versions/A/Resources/ja.lproj/BatchPage.nib differ
Binary files /Applications/Affinity Designer Beta.app/Contents/Frameworks/libcocoaui.framework/Versions/A/Resources/en.lproj/BilateralEffect.nib and /Applications/Affinity Designer Beta.app/Contents/Frameworks/libcocoaui.framework/Versions/A/Resources/ja.lproj/BilateralEffect.nib differ
Binary files /Applications/Affinity Designer Beta.app/Contents/Frameworks/libcocoaui.framework/Versions/A/Resources/en.lproj/BlendModePropertiesViewController.nib and /Applications/Affinity Designer Beta.app/Contents/Frameworks/libcocoaui.framework/Versions/A/Resources/ja.lproj/BlendModePropertiesViewController.nib differ
Binary files /Applications/Affinity Designer Beta.app/Contents/Frameworks/libcocoaui.framework/Versions/A/Resources/en.lproj/BoxEffect.nib and /Applications/Affinity Designer Beta.app/Contents/Frameworks/libcocoaui.framework/Versions/A/Resources/ja.lproj/BoxEffect.nib differ
Binary files /Applications/Affinity Designer Beta.app/Contents/Frameworks/libcocoaui.framework/Versions/A/Resources/en.lproj/BrushEditPanel.nib and /Applications/Affinity Designer Beta.app/Contents/Frameworks/libcocoaui.framework/Versions/A/Resources/ja.lproj/BrushEditPanel.nib differ
Files /Applications/Affinity Designer Beta.app/Contents/Frameworks/libcocoaui.framework/Versions/A/Resources/en.lproj/BrushItemView.nib and /Applications/Affinity Designer Beta.app/Contents/Frameworks/libcocoaui.framework/Versions/A/Resources/ja.lproj/BrushItemView.nib are identical
Binary files /Applications/Affinity Designer Beta.app/Contents/Frameworks/libcocoaui.framework/Versions/A/Resources/en.lproj/BrushPage.nib and /Applications/Affinity Designer Beta.app/Contents/Frameworks/libcocoaui.framework/Versions/A/Resources/ja.lproj/BrushPage.nib differ
Binary files /Applications/Affinity Designer Beta.app/Contents/Frameworks/libcocoaui.framework/Versions/A/Resources/en.lproj/CameraShakeBlurEffect.nib and /Applications/Affinity Designer Beta.app/Contents/Frameworks/libcocoaui.framework/Versions/A/Resources/ja.lproj/CameraShakeBlurEffect.nib differ
Files /Applications/Affinity Designer Beta.app/Contents/Frameworks/libcocoaui.framework/Versions/A/Resources/en.lproj/CategoryViewCategory.nib and /Applications/Affinity Designer Beta.app/Contents/Frameworks/libcocoaui.framework/Versions/A/Resources/ja.lproj/CategoryViewCategory.nib are identical
Binary files /Applications/Affinity Designer Beta.app/Contents/Frameworks/libcocoaui.framework/Versions/A/Resources/en.lproj/CellFormatView.nib and /Applications/Affinity Designer Beta.app/Contents/Frameworks/libcocoaui.framework/Versions/A/Resources/ja.lproj/CellFormatView.nib differ
Binary files /Applications/Affinity Designer Beta.app/Contents/Frameworks/libcocoaui.framework/Versions/A/Resources/en.lproj/ChannelItemView.nib and /Applications/Affinity Designer Beta.app/Contents/Frameworks/libcocoaui.framework/Versions/A/Resources/ja.lproj/ChannelItemView.nib differ
Binary files /Applications/Affinity Designer Beta.app/Contents/Frameworks/libcocoaui.framework/Versions/A/Resources/en.lproj/ChannelRasterSelectionItemView.nib and /Applications/Affinity Designer Beta.app/Contents/Frameworks/libcocoaui.framework/Versions/A/Resources/ja.lproj/ChannelRasterSelectionItemView.nib differ
Binary files /Applications/Affinity Designer Beta.app/Contents/Frameworks/libcocoaui.framework/Versions/A/Resources/en.lproj/ChannelSelectionItemView.nib and /Applications/Affinity Designer Beta.app/Contents/Frameworks/libcocoaui.framework/Versions/A/Resources/ja.lproj/ChannelSelectionItemView.nib differ
Binary files /Applications/Affinity Designer Beta.app/Contents/Frameworks/libcocoaui.framework/Versions/A/Resources/en.lproj/ChannelSeparatorItemView.nib and /Applications/Affinity Designer Beta.app/Contents/Frameworks/libcocoaui.framework/Versions/A/Resources/ja.lproj/ChannelSeparatorItemView.nib differ
Binary files /Applications/Affinity Designer Beta.app/Contents/Frameworks/libcocoaui.framework/Versions/A/Resources/en.lproj/ChannelSpareSelectionItemView.nib and /Applications/Affinity Designer Beta.app/Contents/Frameworks/libcocoaui.framework/Versions/A/Resources/ja.lproj/ChannelSpareSelectionItemView.nib differ
Files /Applications/Affinity Designer Beta.app/Contents/Frameworks/libcocoaui.framework/Versions/A/Resources/en.lproj/ChannelsPage.nib and /Applications/Affinity Designer Beta.app/Contents/Frameworks/libcocoaui.framework/Versions/A/Resources/ja.lproj/ChannelsPage.nib are identical
Binary files /Applications/Affinity Designer Beta.app/Contents/Frameworks/libcocoaui.framework/Versions/A/Resources/en.lproj/CharacterPage.nib and /Applications/Affinity Designer Beta.app/Contents/Frameworks/libcocoaui.framework/Versions/A/Resources/ja.lproj/CharacterPage.nib differ
Binary files /Applications/Affinity Designer Beta.app/Contents/Frameworks/libcocoaui.framework/Versions/A/Resources/en.lproj/ClarityEffect.nib and /Applications/Affinity Designer Beta.app/Contents/Frameworks/libcocoaui.framework/Versions/A/Resources/ja.lproj/ClarityEffect.nib differ
Binary files /Applications/Affinity Designer Beta.app/Contents/Frameworks/libcocoaui.framework/Versions/A/Resources/en.lproj/ClearUserDataWindowController.nib and /Applications/Affinity Designer Beta.app/Contents/Frameworks/libcocoaui.framework/Versions/A/Resources/ja.lproj/ClearUserDataWindowController.nib differ
Binary files /Applications/Affinity Designer Beta.app/Contents/Frameworks/libcocoaui.framework/Versions/A/Resources/en.lproj/CloneBrushSourceItemView.nib and /Applications/Affinity Designer Beta.app/Contents/Frameworks/libcocoaui.framework/Versions/A/Resources/ja.lproj/CloneBrushSourceItemView.nib differ
Binary files /Applications/Affinity Designer Beta.app/Contents/Frameworks/libcocoaui.framework/Versions/A/Resources/en.lproj/CloneBrushSourcesPage.nib and /Applications/Affinity Designer Beta.app/Contents/Frameworks/libcocoaui.framework/Versions/A/Resources/ja.lproj/CloneBrushSourcesPage.nib differ
Binary files /Applications/Affinity Designer Beta.app/Contents/Frameworks/libcocoaui.framework/Versions/A/Resources/en.lproj/CloudConflictPanel.nib and /Applications/Affinity Designer Beta.app/Contents/Frameworks/libcocoaui.framework/Versions/A/Resources/ja.lproj/CloudConflictPanel.nib differ
Binary files /Applications/Affinity Designer Beta.app/Contents/Frameworks/libcocoaui.framework/Versions/A/Resources/en.lproj/CloudUpdatePanel.nib and /Applications/Affinity Designer Beta.app/Contents/Frameworks/libcocoaui.framework/Versions/A/Resources/ja.lproj/CloudUpdatePanel.nib differ
Files /Applications/Affinity Designer Beta.app/Contents/Frameworks/libcocoaui.framework/Versions/A/Resources/en.lproj/ColourCMYKSliderView.nib and /Applications/Affinity Designer Beta.app/Contents/Frameworks/libcocoaui.framework/Versions/A/Resources/ja.lproj/ColourCMYKSliderView.nib are identical
Binary files /Applications/Affinity Designer Beta.app/Contents/Frameworks/libcocoaui.framework/Versions/A/Resources/en.lproj/ColourEditor.nib and /Applications/Affinity Designer Beta.app/Contents/Frameworks/libcocoaui.framework/Versions/A/Resources/ja.lproj/ColourEditor.nib differ
Binary files /Applications/Affinity Designer Beta.app/Contents/Frameworks/libcocoaui.framework/Versions/A/Resources/en.lproj/ColourGreySliderView.nib and /Applications/Affinity Designer Beta.app/Contents/Frameworks/libcocoaui.framework/Versions/A/Resources/ja.lproj/ColourGreySliderView.nib differ
Files /Applications/Affinity Designer Beta.app/Contents/Frameworks/libcocoaui.framework/Versions/A/Resources/en.lproj/ColourHLSwatchModel.nib and /Applications/Affinity Designer Beta.app/Contents/Frameworks/libcocoaui.framework/Versions/A/Resources/ja.lproj/ColourHLSwatchModel.nib are identical
Files /Applications/Affinity Designer Beta.app/Contents/Frameworks/libcocoaui.framework/Versions/A/Resources/en.lproj/ColourHSLSliderView.nib and /Applications/Affinity Designer Beta.app/Contents/Frameworks/libcocoaui.framework/Versions/A/Resources/ja.lproj/ColourHSLSliderView.nib are identical
Files /Applications/Affinity Designer Beta.app/Contents/Frameworks/libcocoaui.framework/Versions/A/Resources/en.lproj/ColourHSSwatchModel.nib and /Applications/Affinity Designer Beta.app/Contents/Frameworks/libcocoaui.framework/Versions/A/Resources/ja.lproj/ColourHSSwatchModel.nib are identical
Files /Applications/Affinity Designer Beta.app/Contents/Frameworks/libcocoaui.framework/Versions/A/Resources/en.lproj/ColourLABSliderView.nib and /Applications/Affinity Designer Beta.app/Contents/Frameworks/libcocoaui.framework/Versions/A/Resources/ja.lproj/ColourLABSliderView.nib are identical
Binary files /Applications/Affinity Designer Beta.app/Contents/Frameworks/libcocoaui.framework/Versions/A/Resources/en.lproj/ColourPage.nib and /Applications/Affinity Designer Beta.app/Contents/Frameworks/libcocoaui.framework/Versions/A/Resources/ja.lproj/ColourPage.nib differ
Binary files /Applications/Affinity Designer Beta.app/Contents/Frameworks/libcocoaui.framework/Versions/A/Resources/en.lproj/ColourPickerPanel.nib and /Applications/Affinity Designer Beta.app/Contents/Frameworks/libcocoaui.framework/Versions/A/Resources/ja.lproj/ColourPickerPanel.nib differ
Binary files /Applications/Affinity Designer Beta.app/Contents/Frameworks/libcocoaui.framework/Versions/A/Resources/en.lproj/ColourPickerViewController.nib and /Applications/Affinity Designer Beta.app/Contents/Frameworks/libcocoaui.framework/Versions/A/Resources/ja.lproj/ColourPickerViewController.nib differ
Files /Applications/Affinity Designer Beta.app/Contents/Frameworks/libcocoaui.framework/Versions/A/Resources/en.lproj/ColourRGBHexSliderView.nib and /Applications/Affinity Designer Beta.app/Contents/Frameworks/libcocoaui.framework/Versions/A/Resources/ja.lproj/ColourRGBHexSliderView.nib are identical
Files /Applications/Affinity Designer Beta.app/Contents/Frameworks/libcocoaui.framework/Versions/A/Resources/en.lproj/ColourRGBSliderView.nib and /Applications/Affinity Designer Beta.app/Contents/Frameworks/libcocoaui.framework/Versions/A/Resources/ja.lproj/ColourRGBSliderView.nib are identical
Files /Applications/Affinity Designer Beta.app/Contents/Frameworks/libcocoaui.framework/Versions/A/Resources/en.lproj/ColourSLSwatchModel.nib and /Applications/Affinity Designer Beta.app/Contents/Frameworks/libcocoaui.framework/Versions/A/Resources/ja.lproj/ColourSLSwatchModel.nib are identical
Binary files /Applications/Affinity Designer Beta.app/Contents/Frameworks/libcocoaui.framework/Versions/A/Resources/en.lproj/ColourTintSliderView.nib and /Applications/Affinity Designer Beta.app/Contents/Frameworks/libcocoaui.framework/Versions/A/Resources/ja.lproj/ColourTintSliderView.nib differ
Files /Applications/Affinity Designer Beta.app/Contents/Frameworks/libcocoaui.framework/Versions/A/Resources/en.lproj/ColourWheelModel.nib and /Applications/Affinity Designer Beta.app/Contents/Frameworks/libcocoaui.framework/Versions/A/Resources/ja.lproj/ColourWheelModel.nib are identical
Binary files /Applications/Affinity Designer Beta.app/Contents/Frameworks/libcocoaui.framework/Versions/A/Resources/en.lproj/ConstraintsPage.nib and /Applications/Affinity Designer Beta.app/Contents/Frameworks/libcocoaui.framework/Versions/A/Resources/ja.lproj/ConstraintsPage.nib differ
Binary files /Applications/Affinity Designer Beta.app/Contents/Frameworks/libcocoaui.framework/Versions/A/Resources/en.lproj/CreatePaletteFromImageWindowController.nib and /Applications/Affinity Designer Beta.app/Contents/Frameworks/libcocoaui.framework/Versions/A/Resources/ja.lproj/CreatePaletteFromImageWindowController.nib differ
Binary files /Applications/Affinity Designer Beta.app/Contents/Frameworks/libcocoaui.framework/Versions/A/Resources/en.lproj/CustomBlurEffect.nib and /Applications/Affinity Designer Beta.app/Contents/Frameworks/libcocoaui.framework/Versions/A/Resources/ja.lproj/CustomBlurEffect.nib differ
Binary files /Applications/Affinity Designer Beta.app/Contents/Frameworks/libcocoaui.framework/Versions/A/Resources/en.lproj/DateTimeFormatViewController.nib and /Applications/Affinity Designer Beta.app/Contents/Frameworks/libcocoaui.framework/Versions/A/Resources/ja.lproj/DateTimeFormatViewController.nib differ
Binary files /Applications/Affinity Designer Beta.app/Contents/Frameworks/libcocoaui.framework/Versions/A/Resources/en.lproj/DebugPage.nib and /Applications/Affinity Designer Beta.app/Contents/Frameworks/libcocoaui.framework/Versions/A/Resources/ja.lproj/DebugPage.nib differ
Binary files /Applications/Affinity Designer Beta.app/Contents/Frameworks/libcocoaui.framework/Versions/A/Resources/en.lproj/DeformEffect.nib and /Applications/Affinity Designer Beta.app/Contents/Frameworks/libcocoaui.framework/Versions/A/Resources/ja.lproj/DeformEffect.nib differ
Binary files /Applications/Affinity Designer Beta.app/Contents/Frameworks/libcocoaui.framework/Versions/A/Resources/en.lproj/DefringeEffect.nib and /Applications/Affinity Designer Beta.app/Contents/Frameworks/libcocoaui.framework/Versions/A/Resources/ja.lproj/DefringeEffect.nib differ
Binary files /Applications/Affinity Designer Beta.app/Contents/Frameworks/libcocoaui.framework/Versions/A/Resources/en.lproj/DeleteMasterPagesWindowController.nib and /Applications/Affinity Designer Beta.app/Contents/Frameworks/libcocoaui.framework/Versions/A/Resources/ja.lproj/DeleteMasterPagesWindowController.nib differ
Binary files /Applications/Affinity Designer Beta.app/Contents/Frameworks/libcocoaui.framework/Versions/A/Resources/en.lproj/DeletePagesWindowController.nib and /Applications/Affinity Designer Beta.app/Contents/Frameworks/libcocoaui.framework/Versions/A/Resources/ja.lproj/DeletePagesWindowController.nib differ
Binary files /Applications/Affinity Designer Beta.app/Contents/Frameworks/libcocoaui.framework/Versions/A/Resources/en.lproj/DenoiseEffect.nib and /Applications/Affinity Designer Beta.app/Contents/Frameworks/libcocoaui.framework/Versions/A/Resources/ja.lproj/DenoiseEffect.nib differ
Binary files /Applications/Affinity Designer Beta.app/Contents/Frameworks/libcocoaui.framework/Versions/A/Resources/en.lproj/DepthOfFieldEffect.nib and /Applications/Affinity Designer Beta.app/Contents/Frameworks/libcocoaui.framework/Versions/A/Resources/ja.lproj/DepthOfFieldEffect.nib differ
Binary files /Applications/Affinity Designer Beta.app/Contents/Frameworks/libcocoaui.framework/Versions/A/Resources/en.lproj/DevelopAssistantOptions.nib and /Applications/Affinity Designer Beta.app/Contents/Frameworks/libcocoaui.framework/Versions/A/Resources/ja.lproj/DevelopAssistantOptions.nib differ
Binary files /Applications/Affinity Designer Beta.app/Contents/Frameworks/libcocoaui.framework/Versions/A/Resources/en.lproj/DevelopBasicItemViews.nib and /Applications/Affinity Designer Beta.app/Contents/Frameworks/libcocoaui.framework/Versions/A/Resources/ja.lproj/DevelopBasicItemViews.nib differ
Binary files /Applications/Affinity Designer Beta.app/Contents/Frameworks/libcocoaui.framework/Versions/A/Resources/en.lproj/DevelopBasicPage.nib and /Applications/Affinity Designer Beta.app/Contents/Frameworks/libcocoaui.framework/Versions/A/Resources/ja.lproj/DevelopBasicPage.nib differ
Binary files /Applications/Affinity Designer Beta.app/Contents/Frameworks/libcocoaui.framework/Versions/A/Resources/en.lproj/DevelopCameraItemViews.nib and /Applications/Affinity Designer Beta.app/Contents/Frameworks/libcocoaui.framework/Versions/A/Resources/ja.lproj/DevelopCameraItemViews.nib differ
Binary files /Applications/Affinity Designer Beta.app/Contents/Frameworks/libcocoaui.framework/Versions/A/Resources/en.lproj/DevelopCameraPage.nib and /Applications/Affinity Designer Beta.app/Contents/Frameworks/libcocoaui.framework/Versions/A/Resources/ja.lproj/DevelopCameraPage.nib differ
Binary files /Applications/Affinity Designer Beta.app/Contents/Frameworks/libcocoaui.framework/Versions/A/Resources/en.lproj/DevelopDetailsItemViews.nib and /Applications/Affinity Designer Beta.app/Contents/Frameworks/libcocoaui.framework/Versions/A/Resources/ja.lproj/DevelopDetailsItemViews.nib differ
Binary files /Applications/Affinity Designer Beta.app/Contents/Frameworks/libcocoaui.framework/Versions/A/Resources/en.lproj/DevelopDetailsPage.nib and /Applications/Affinity Designer Beta.app/Contents/Frameworks/libcocoaui.framework/Versions/A/Resources/ja.lproj/DevelopDetailsPage.nib differ
Binary files /Applications/Affinity Designer Beta.app/Contents/Frameworks/libcocoaui.framework/Versions/A/Resources/en.lproj/DevelopFocusPage.nib and /Applications/Affinity Designer Beta.app/Contents/Frameworks/libcocoaui.framework/Versions/A/Resources/ja.lproj/DevelopFocusPage.nib differ
Binary files /Applications/Affinity Designer Beta.app/Contents/Frameworks/libcocoaui.framework/Versions/A/Resources/en.lproj/DevelopLensItemViews.nib and /Applications/Affinity Designer Beta.app/Contents/Frameworks/libcocoaui.framework/Versions/A/Resources/ja.lproj/DevelopLensItemViews.nib differ
Binary files /Applications/Affinity Designer Beta.app/Contents/Frameworks/libcocoaui.framework/Versions/A/Resources/en.lproj/DevelopLensPage.nib and /Applications/Affinity Designer Beta.app/Contents/Frameworks/libcocoaui.framework/Versions/A/Resources/ja.lproj/DevelopLensPage.nib differ
Binary files /Applications/Affinity Designer Beta.app/Contents/Frameworks/libcocoaui.framework/Versions/A/Resources/en.lproj/DevelopMapPage.nib and /Applications/Affinity Designer Beta.app/Contents/Frameworks/libcocoaui.framework/Versions/A/Resources/ja.lproj/DevelopMapPage.nib differ
Binary files /Applications/Affinity Designer Beta.app/Contents/Frameworks/libcocoaui.framework/Versions/A/Resources/en.lproj/DevelopOverlayItemView.nib and /Applications/Affinity Designer Beta.app/Contents/Frameworks/libcocoaui.framework/Versions/A/Resources/ja.lproj/DevelopOverlayItemView.nib differ
Binary files /Applications/Affinity Designer Beta.app/Contents/Frameworks/libcocoaui.framework/Versions/A/Resources/en.lproj/DevelopOverlaysPage.nib and /Applications/Affinity Designer Beta.app/Contents/Frameworks/libcocoaui.framework/Versions/A/Resources/ja.lproj/DevelopOverlaysPage.nib differ
Binary files /Applications/Affinity Designer Beta.app/Contents/Frameworks/libcocoaui.framework/Versions/A/Resources/en.lproj/DevelopSnapshotItemView.nib and /Applications/Affinity Designer Beta.app/Contents/Frameworks/libcocoaui.framework/Versions/A/Resources/ja.lproj/DevelopSnapshotItemView.nib differ
Binary files /Applications/Affinity Designer Beta.app/Contents/Frameworks/libcocoaui.framework/Versions/A/Resources/en.lproj/DevelopSnapshotsPage.nib and /Applications/Affinity Designer Beta.app/Contents/Frameworks/libcocoaui.framework/Versions/A/Resources/ja.lproj/DevelopSnapshotsPage.nib differ
Binary files /Applications/Affinity Designer Beta.app/Contents/Frameworks/libcocoaui.framework/Versions/A/Resources/en.lproj/DevelopTonesItemViews.nib and /Applications/Affinity Designer Beta.app/Contents/Frameworks/libcocoaui.framework/Versions/A/Resources/ja.lproj/DevelopTonesItemViews.nib differ
Binary files /Applications/Affinity Designer Beta.app/Contents/Frameworks/libcocoaui.framework/Versions/A/Resources/en.lproj/DevelopTonesPage.nib and /Applications/Affinity Designer Beta.app/Contents/Frameworks/libcocoaui.framework/Versions/A/Resources/ja.lproj/DevelopTonesPage.nib differ
Binary files /Applications/Affinity Designer Beta.app/Contents/Frameworks/libcocoaui.framework/Versions/A/Resources/en.lproj/DiffuseEffect.nib and /Applications/Affinity Designer Beta.app/Contents/Frameworks/libcocoaui.framework/Versions/A/Resources/ja.lproj/DiffuseEffect.nib differ
Binary files /Applications/Affinity Designer Beta.app/Contents/Frameworks/libcocoaui.framework/Versions/A/Resources/en.lproj/DiffuseGlowEffect.nib and /Applications/Affinity Designer Beta.app/Contents/Frameworks/libcocoaui.framework/Versions/A/Resources/ja.lproj/DiffuseGlowEffect.nib differ
Binary files /Applications/Affinity Designer Beta.app/Contents/Frameworks/libcocoaui.framework/Versions/A/Resources/en.lproj/DisplacementMapEffect.nib and /Applications/Affinity Designer Beta.app/Contents/Frameworks/libcocoaui.framework/Versions/A/Resources/ja.lproj/DisplacementMapEffect.nib differ
Binary files /Applications/Affinity Designer Beta.app/Contents/Frameworks/libcocoaui.framework/Versions/A/Resources/en.lproj/DocumentMarginsWindowController.nib and /Applications/Affinity Designer Beta.app/Contents/Frameworks/libcocoaui.framework/Versions/A/Resources/ja.lproj/DocumentMarginsWindowController.nib differ
Binary files /Applications/Affinity Designer Beta.app/Contents/Frameworks/libcocoaui.framework/Versions/A/Resources/en.lproj/DocumentSetupWindowController.nib and /Applications/Affinity Designer Beta.app/Contents/Frameworks/libcocoaui.framework/Versions/A/Resources/ja.lproj/DocumentSetupWindowController.nib differ
Binary files /Applications/Affinity Designer Beta.app/Contents/Frameworks/libcocoaui.framework/Versions/A/Resources/en.lproj/DustScratchEffect.nib and /Applications/Affinity Designer Beta.app/Contents/Frameworks/libcocoaui.framework/Versions/A/Resources/ja.lproj/DustScratchEffect.nib differ
Binary files /Applications/Affinity Designer Beta.app/Contents/Frameworks/libcocoaui.framework/Versions/A/Resources/en.lproj/EditTopicWindowController.nib and /Applications/Affinity Designer Beta.app/Contents/Frameworks/libcocoaui.framework/Versions/A/Resources/ja.lproj/EditTopicWindowController.nib differ
Binary files /Applications/Affinity Designer Beta.app/Contents/Frameworks/libcocoaui.framework/Versions/A/Resources/en.lproj/EffectItemDetailedViews.nib and /Applications/Affinity Designer Beta.app/Contents/Frameworks/libcocoaui.framework/Versions/A/Resources/ja.lproj/EffectItemDetailedViews.nib differ
Binary files /Applications/Affinity Designer Beta.app/Contents/Frameworks/libcocoaui.framework/Versions/A/Resources/en.lproj/EffectItemViews.nib and /Applications/Affinity Designer Beta.app/Contents/Frameworks/libcocoaui.framework/Versions/A/Resources/ja.lproj/EffectItemViews.nib differ
Binary files /Applications/Affinity Designer Beta.app/Contents/Frameworks/libcocoaui.framework/Versions/A/Resources/en.lproj/EffectsPage.nib and /Applications/Affinity Designer Beta.app/Contents/Frameworks/libcocoaui.framework/Versions/A/Resources/ja.lproj/EffectsPage.nib differ
Binary files /Applications/Affinity Designer Beta.app/Contents/Frameworks/libcocoaui.framework/Versions/A/Resources/en.lproj/EffectsSettings.nib and /Applications/Affinity Designer Beta.app/Contents/Frameworks/libcocoaui.framework/Versions/A/Resources/ja.lproj/EffectsSettings.nib differ
Binary files /Applications/Affinity Designer Beta.app/Contents/Frameworks/libcocoaui.framework/Versions/A/Resources/en.lproj/EffectsSettingsListItem.nib and /Applications/Affinity Designer Beta.app/Contents/Frameworks/libcocoaui.framework/Versions/A/Resources/ja.lproj/EffectsSettingsListItem.nib differ
Binary files /Applications/Affinity Designer Beta.app/Contents/Frameworks/libcocoaui.framework/Versions/A/Resources/en.lproj/EmbossEffect.nib and /Applications/Affinity Designer Beta.app/Contents/Frameworks/libcocoaui.framework/Versions/A/Resources/ja.lproj/EmbossEffect.nib differ
Binary files /Applications/Affinity Designer Beta.app/Contents/Frameworks/libcocoaui.framework/Versions/A/Resources/en.lproj/EquationTransformEffect.nib and /Applications/Affinity Designer Beta.app/Contents/Frameworks/libcocoaui.framework/Versions/A/Resources/ja.lproj/EquationTransformEffect.nib differ
Binary files /Applications/Affinity Designer Beta.app/Contents/Frameworks/libcocoaui.framework/Versions/A/Resources/en.lproj/EulaWindowController.nib and /Applications/Affinity Designer Beta.app/Contents/Frameworks/libcocoaui.framework/Versions/A/Resources/ja.lproj/EulaWindowController.nib differ
Binary files /Applications/Affinity Designer Beta.app/Contents/Frameworks/libcocoaui.framework/Versions/A/Resources/en.lproj/ExportCubePanel.nib and /Applications/Affinity Designer Beta.app/Contents/Frameworks/libcocoaui.framework/Versions/A/Resources/ja.lproj/ExportCubePanel.nib differ
Binary files /Applications/Affinity Designer Beta.app/Contents/Frameworks/libcocoaui.framework/Versions/A/Resources/en.lproj/ExportFileItemView.nib and /Applications/Affinity Designer Beta.app/Contents/Frameworks/libcocoaui.framework/Versions/A/Resources/ja.lproj/ExportFileItemView.nib differ
Binary files /Applications/Affinity Designer Beta.app/Contents/Frameworks/libcocoaui.framework/Versions/A/Resources/en.lproj/ExportLayerItemView.nib and /Applications/Affinity Designer Beta.app/Contents/Frameworks/libcocoaui.framework/Versions/A/Resources/ja.lproj/ExportLayerItemView.nib differ
Binary files /Applications/Affinity Designer Beta.app/Contents/Frameworks/libcocoaui.framework/Versions/A/Resources/en.lproj/ExportLayerPage.nib and /Applications/Affinity Designer Beta.app/Contents/Frameworks/libcocoaui.framework/Versions/A/Resources/ja.lproj/ExportLayerPage.nib differ
Binary files /Applications/Affinity Designer Beta.app/Contents/Frameworks/libcocoaui.framework/Versions/A/Resources/en.lproj/ExportListConflicts.nib and /Applications/Affinity Designer Beta.app/Contents/Frameworks/libcocoaui.framework/Versions/A/Resources/ja.lproj/ExportListConflicts.nib differ
Binary files /Applications/Affinity Designer Beta.app/Contents/Frameworks/libcocoaui.framework/Versions/A/Resources/en.lproj/ExportOptionsPresetDetail.nib and /Applications/Affinity Designer Beta.app/Contents/Frameworks/libcocoaui.framework/Versions/A/Resources/ja.lproj/ExportOptionsPresetDetail.nib differ
Binary files /Applications/Affinity Designer Beta.app/Contents/Frameworks/libcocoaui.framework/Versions/A/Resources/en.lproj/ExportOptionsView.nib and /Applications/Affinity Designer Beta.app/Contents/Frameworks/libcocoaui.framework/Versions/A/Resources/ja.lproj/ExportOptionsView.nib differ
Binary files /Applications/Affinity Designer Beta.app/Contents/Frameworks/libcocoaui.framework/Versions/A/Resources/en.lproj/ExportPage.nib and /Applications/Affinity Designer Beta.app/Contents/Frameworks/libcocoaui.framework/Versions/A/Resources/ja.lproj/ExportPage.nib differ
Binary files /Applications/Affinity Designer Beta.app/Contents/Frameworks/libcocoaui.framework/Versions/A/Resources/en.lproj/ExportWindowController.nib and /Applications/Affinity Designer Beta.app/Contents/Frameworks/libcocoaui.framework/Versions/A/Resources/ja.lproj/ExportWindowController.nib differ
Binary files /Applications/Affinity Designer Beta.app/Contents/Frameworks/libcocoaui.framework/Versions/A/Resources/en.lproj/ExportableItemView.nib and /Applications/Affinity Designer Beta.app/Contents/Frameworks/libcocoaui.framework/Versions/A/Resources/ja.lproj/ExportableItemView.nib differ
Binary files /Applications/Affinity Designer Beta.app/Contents/Frameworks/libcocoaui.framework/Versions/A/Resources/en.lproj/ExportableItemsPage.nib and /Applications/Affinity Designer Beta.app/Contents/Frameworks/libcocoaui.framework/Versions/A/Resources/ja.lproj/ExportableItemsPage.nib differ
Binary files /Applications/Affinity Designer Beta.app/Contents/Frameworks/libcocoaui.framework/Versions/A/Resources/en.lproj/ExportablePathView.nib and /Applications/Affinity Designer Beta.app/Contents/Frameworks/libcocoaui.framework/Versions/A/Resources/ja.lproj/ExportablePathView.nib differ
Binary files /Applications/Affinity Designer Beta.app/Contents/Frameworks/libcocoaui.framework/Versions/A/Resources/en.lproj/ExportableScalePathView.nib and /Applications/Affinity Designer Beta.app/Contents/Frameworks/libcocoaui.framework/Versions/A/Resources/ja.lproj/ExportableScalePathView.nib differ
Binary files /Applications/Affinity Designer Beta.app/Contents/Frameworks/libcocoaui.framework/Versions/A/Resources/en.lproj/ExpressionConstantItemViews.nib and /Applications/Affinity Designer Beta.app/Contents/Frameworks/libcocoaui.framework/Versions/A/Resources/ja.lproj/ExpressionConstantItemViews.nib differ
Binary files /Applications/Affinity Designer Beta.app/Contents/Frameworks/libcocoaui.framework/Versions/A/Resources/en.lproj/ExpressionConstantsView.nib and /Applications/Affinity Designer Beta.app/Contents/Frameworks/libcocoaui.framework/Versions/A/Resources/ja.lproj/ExpressionConstantsView.nib differ
Binary files /Applications/Affinity Designer Beta.app/Contents/Frameworks/libcocoaui.framework/Versions/A/Resources/en.lproj/FFTDenoiseEffect.nib and /Applications/Affinity Designer Beta.app/Contents/Frameworks/libcocoaui.framework/Versions/A/Resources/ja.lproj/FFTDenoiseEffect.nib differ
Binary files /Applications/Affinity Designer Beta.app/Contents/Frameworks/libcocoaui.framework/Versions/A/Resources/en.lproj/FadeRewindEffect.nib and /Applications/Affinity Designer Beta.app/Contents/Frameworks/libcocoaui.framework/Versions/A/Resources/ja.lproj/FadeRewindEffect.nib differ
Binary files /Applications/Affinity Designer Beta.app/Contents/Frameworks/libcocoaui.framework/Versions/A/Resources/en.lproj/FeatherSelection.nib and /Applications/Affinity Designer Beta.app/Contents/Frameworks/libcocoaui.framework/Versions/A/Resources/ja.lproj/FeatherSelection.nib differ
Binary files /Applications/Affinity Designer Beta.app/Contents/Frameworks/libcocoaui.framework/Versions/A/Resources/en.lproj/FeatureVariantItemView.nib and /Applications/Affinity Designer Beta.app/Contents/Frameworks/libcocoaui.framework/Versions/A/Resources/ja.lproj/FeatureVariantItemView.nib differ
Binary files /Applications/Affinity Designer Beta.app/Contents/Frameworks/libcocoaui.framework/Versions/A/Resources/en.lproj/FieldBlurEffect.nib and /Applications/Affinity Designer Beta.app/Contents/Frameworks/libcocoaui.framework/Versions/A/Resources/ja.lproj/FieldBlurEffect.nib differ
Binary files /Applications/Affinity Designer Beta.app/Contents/Frameworks/libcocoaui.framework/Versions/A/Resources/en.lproj/FieldEditViewController.nib and /Applications/Affinity Designer Beta.app/Contents/Frameworks/libcocoaui.framework/Versions/A/Resources/ja.lproj/FieldEditViewController.nib differ
Binary files /Applications/Affinity Designer Beta.app/Contents/Frameworks/libcocoaui.framework/Versions/A/Resources/en.lproj/FieldFormatPopupController.nib and /Applications/Affinity Designer Beta.app/Contents/Frameworks/libcocoaui.framework/Versions/A/Resources/ja.lproj/FieldFormatPopupController.nib differ
Binary files /Applications/Affinity Designer Beta.app/Contents/Frameworks/libcocoaui.framework/Versions/A/Resources/en.lproj/FieldsPage.nib and /Applications/Affinity Designer Beta.app/Contents/Frameworks/libcocoaui.framework/Versions/A/Resources/ja.lproj/FieldsPage.nib differ
Files /Applications/Affinity Designer Beta.app/Contents/Frameworks/libcocoaui.framework/Versions/A/Resources/en.lproj/FilesystemPage.nib and /Applications/Affinity Designer Beta.app/Contents/Frameworks/libcocoaui.framework/Versions/A/Resources/ja.lproj/FilesystemPage.nib are identical
Binary files /Applications/Affinity Designer Beta.app/Contents/Frameworks/libcocoaui.framework/Versions/A/Resources/en.lproj/FillEffect.nib and /Applications/Affinity Designer Beta.app/Contents/Frameworks/libcocoaui.framework/Versions/A/Resources/ja.lproj/FillEffect.nib differ
Binary files /Applications/Affinity Designer Beta.app/Contents/Frameworks/libcocoaui.framework/Versions/A/Resources/en.lproj/FillViewController.nib and /Applications/Affinity Designer Beta.app/Contents/Frameworks/libcocoaui.framework/Versions/A/Resources/ja.lproj/FillViewController.nib differ
Binary files /Applications/Affinity Designer Beta.app/Contents/Frameworks/libcocoaui.framework/Versions/A/Resources/en.lproj/FindAndReplacePage.nib and /Applications/Affinity Designer Beta.app/Contents/Frameworks/libcocoaui.framework/Versions/A/Resources/ja.lproj/FindAndReplacePage.nib differ
Files /Applications/Affinity Designer Beta.app/Contents/Frameworks/libcocoaui.framework/Versions/A/Resources/en.lproj/FontFamilyViewController.nib and /Applications/Affinity Designer Beta.app/Contents/Frameworks/libcocoaui.framework/Versions/A/Resources/ja.lproj/FontFamilyViewController.nib are identical
Binary files /Applications/Affinity Designer Beta.app/Contents/Frameworks/libcocoaui.framework/Versions/A/Resources/en.lproj/FontManagerWindowController.nib and /Applications/Affinity Designer Beta.app/Contents/Frameworks/libcocoaui.framework/Versions/A/Resources/ja.lproj/FontManagerWindowController.nib differ
Binary files /Applications/Affinity Designer Beta.app/Contents/Frameworks/libcocoaui.framework/Versions/A/Resources/en.lproj/FrequencySeparationEffect.nib and /Applications/Affinity Designer Beta.app/Contents/Frameworks/libcocoaui.framework/Versions/A/Resources/ja.lproj/FrequencySeparationEffect.nib differ
Only in /Applications/Affinity Designer Beta.app/Contents/Frameworks/libcocoaui.framework/Versions/A/Resources/en.lproj/: GPUItemView.nib
Only in /Applications/Affinity Designer Beta.app/Contents/Frameworks/libcocoaui.framework/Versions/A/Resources/en.lproj/: GPUPage.nib
Binary files /Applications/Affinity Designer Beta.app/Contents/Frameworks/libcocoaui.framework/Versions/A/Resources/en.lproj/GaussianEffect.nib and /Applications/Affinity Designer Beta.app/Contents/Frameworks/libcocoaui.framework/Versions/A/Resources/ja.lproj/GaussianEffect.nib differ
Binary files /Applications/Affinity Designer Beta.app/Contents/Frameworks/libcocoaui.framework/Versions/A/Resources/en.lproj/GeolocationViewController.nib and /Applications/Affinity Designer Beta.app/Contents/Frameworks/libcocoaui.framework/Versions/A/Resources/ja.lproj/GeolocationViewController.nib differ
Binary files /Applications/Affinity Designer Beta.app/Contents/Frameworks/libcocoaui.framework/Versions/A/Resources/en.lproj/GlyphBrowserPage.nib and /Applications/Affinity Designer Beta.app/Contents/Frameworks/libcocoaui.framework/Versions/A/Resources/ja.lproj/GlyphBrowserPage.nib differ
Binary files /Applications/Affinity Designer Beta.app/Contents/Frameworks/libcocoaui.framework/Versions/A/Resources/en.lproj/GlyphPickerView.nib and /Applications/Affinity Designer Beta.app/Contents/Frameworks/libcocoaui.framework/Versions/A/Resources/ja.lproj/GlyphPickerView.nib differ
Binary files /Applications/Affinity Designer Beta.app/Contents/Frameworks/libcocoaui.framework/Versions/A/Resources/en.lproj/GotoMasterPageWindowController.nib and /Applications/Affinity Designer Beta.app/Contents/Frameworks/libcocoaui.framework/Versions/A/Resources/ja.lproj/GotoMasterPageWindowController.nib differ
Binary files /Applications/Affinity Designer Beta.app/Contents/Frameworks/libcocoaui.framework/Versions/A/Resources/en.lproj/GotoPageWindowController.nib and /Applications/Affinity Designer Beta.app/Contents/Frameworks/libcocoaui.framework/Versions/A/Resources/ja.lproj/GotoPageWindowController.nib differ
Binary files /Applications/Affinity Designer Beta.app/Contents/Frameworks/libcocoaui.framework/Versions/A/Resources/en.lproj/GradientEditorView.nib and /Applications/Affinity Designer Beta.app/Contents/Frameworks/libcocoaui.framework/Versions/A/Resources/ja.lproj/GradientEditorView.nib differ
Binary files /Applications/Affinity Designer Beta.app/Contents/Frameworks/libcocoaui.framework/Versions/A/Resources/en.lproj/GridsViewController.nib and /Applications/Affinity Designer Beta.app/Contents/Frameworks/libcocoaui.framework/Versions/A/Resources/ja.lproj/GridsViewController.nib differ
Binary files /Applications/Affinity Designer Beta.app/Contents/Frameworks/libcocoaui.framework/Versions/A/Resources/en.lproj/GridsViewControllerAdvance.nib and /Applications/Affinity Designer Beta.app/Contents/Frameworks/libcocoaui.framework/Versions/A/Resources/ja.lproj/GridsViewControllerAdvance.nib differ
Binary files /Applications/Affinity Designer Beta.app/Contents/Frameworks/libcocoaui.framework/Versions/A/Resources/en.lproj/GridsWindowController.nib and /Applications/Affinity Designer Beta.app/Contents/Frameworks/libcocoaui.framework/Versions/A/Resources/ja.lproj/GridsWindowController.nib differ
Binary files /Applications/Affinity Designer Beta.app/Contents/Frameworks/libcocoaui.framework/Versions/A/Resources/en.lproj/GrowShrinkSelection.nib and /Applications/Affinity Designer Beta.app/Contents/Frameworks/libcocoaui.framework/Versions/A/Resources/ja.lproj/GrowShrinkSelection.nib differ
Binary files /Applications/Affinity Designer Beta.app/Contents/Frameworks/libcocoaui.framework/Versions/A/Resources/en.lproj/GuidesWindowController.nib and /Applications/Affinity Designer Beta.app/Contents/Frameworks/libcocoaui.framework/Versions/A/Resources/ja.lproj/GuidesWindowController.nib differ
Binary files /Applications/Affinity Designer Beta.app/Contents/Frameworks/libcocoaui.framework/Versions/A/Resources/en.lproj/HDRPreviewPage.nib and /Applications/Affinity Designer Beta.app/Contents/Frameworks/libcocoaui.framework/Versions/A/Resources/ja.lproj/HDRPreviewPage.nib differ
Binary files /Applications/Affinity Designer Beta.app/Contents/Frameworks/libcocoaui.framework/Versions/A/Resources/en.lproj/HalftoneEffect.nib and /Applications/Affinity Designer Beta.app/Contents/Frameworks/libcocoaui.framework/Versions/A/Resources/ja.lproj/HalftoneEffect.nib differ
Binary files /Applications/Affinity Designer Beta.app/Contents/Frameworks/libcocoaui.framework/Versions/A/Resources/en.lproj/HazeRemovalEffect.nib and /Applications/Affinity Designer Beta.app/Contents/Frameworks/libcocoaui.framework/Versions/A/Resources/ja.lproj/HazeRemovalEffect.nib differ
Binary files /Applications/Affinity Designer Beta.app/Contents/Frameworks/libcocoaui.framework/Versions/A/Resources/en.lproj/HighPassEffect.nib and /Applications/Affinity Designer Beta.app/Contents/Frameworks/libcocoaui.framework/Versions/A/Resources/ja.lproj/HighPassEffect.nib differ
Binary files /Applications/Affinity Designer Beta.app/Contents/Frameworks/libcocoaui.framework/Versions/A/Resources/en.lproj/HistogramPage.nib and /Applications/Affinity Designer Beta.app/Contents/Frameworks/libcocoaui.framework/Versions/A/Resources/ja.lproj/HistogramPage.nib differ
Binary files /Applications/Affinity Designer Beta.app/Contents/Frameworks/libcocoaui.framework/Versions/A/Resources/en.lproj/HistoryItemView.nib and /Applications/Affinity Designer Beta.app/Contents/Frameworks/libcocoaui.framework/Versions/A/Resources/ja.lproj/HistoryItemView.nib differ
Binary files /Applications/Affinity Designer Beta.app/Contents/Frameworks/libcocoaui.framework/Versions/A/Resources/en.lproj/HistoryPage.nib and /Applications/Affinity Designer Beta.app/Contents/Frameworks/libcocoaui.framework/Versions/A/Resources/ja.lproj/HistoryPage.nib differ
Binary files /Applications/Affinity Designer Beta.app/Contents/Frameworks/libcocoaui.framework/Versions/A/Resources/en.lproj/HyperlinkPage.nib and /Applications/Affinity Designer Beta.app/Contents/Frameworks/libcocoaui.framework/Versions/A/Resources/ja.lproj/HyperlinkPage.nib differ
Binary files /Applications/Affinity Designer Beta.app/Contents/Frameworks/libcocoaui.framework/Versions/A/Resources/en.lproj/IndexCrossReferenceWindowController.nib and /Applications/Affinity Designer Beta.app/Contents/Frameworks/libcocoaui.framework/Versions/A/Resources/ja.lproj/IndexCrossReferenceWindowController.nib differ
Binary files /Applications/Affinity Designer Beta.app/Contents/Frameworks/libcocoaui.framework/Versions/A/Resources/en.lproj/IndexFindResultsViewController.nib and /Applications/Affinity Designer Beta.app/Contents/Frameworks/libcocoaui.framework/Versions/A/Resources/ja.lproj/IndexFindResultsViewController.nib differ
Binary files /Applications/Affinity Designer Beta.app/Contents/Frameworks/libcocoaui.framework/Versions/A/Resources/en.lproj/IndexMarkWindowController.nib and /Applications/Affinity Designer Beta.app/Contents/Frameworks/libcocoaui.framework/Versions/A/Resources/ja.lproj/IndexMarkWindowController.nib differ
Binary files /Applications/Affinity Designer Beta.app/Contents/Frameworks/libcocoaui.framework/Versions/A/Resources/en.lproj/IndexPage.nib and /Applications/Affinity Designer Beta.app/Contents/Frameworks/libcocoaui.framework/Versions/A/Resources/ja.lproj/IndexPage.nib differ
Binary files /Applications/Affinity Designer Beta.app/Contents/Frameworks/libcocoaui.framework/Versions/A/Resources/en.lproj/InfoItemView.nib and /Applications/Affinity Designer Beta.app/Contents/Frameworks/libcocoaui.framework/Versions/A/Resources/ja.lproj/InfoItemView.nib differ
Binary files /Applications/Affinity Designer Beta.app/Contents/Frameworks/libcocoaui.framework/Versions/A/Resources/en.lproj/InformationPage.nib and /Applications/Affinity Designer Beta.app/Contents/Frameworks/libcocoaui.framework/Versions/A/Resources/ja.lproj/InformationPage.nib differ
Binary files /Applications/Affinity Designer Beta.app/Contents/Frameworks/libcocoaui.framework/Versions/A/Resources/en.lproj/KeyboardShortcutWindowController.nib and /Applications/Affinity Designer Beta.app/Contents/Frameworks/libcocoaui.framework/Versions/A/Resources/ja.lproj/KeyboardShortcutWindowController.nib differ
Files /Applications/Affinity Designer Beta.app/Contents/Frameworks/libcocoaui.framework/Versions/A/Resources/en.lproj/KeywordsPage.nib and /Applications/Affinity Designer Beta.app/Contents/Frameworks/libcocoaui.framework/Versions/A/Resources/ja.lproj/KeywordsPage.nib are identical
Binary files /Applications/Affinity Designer Beta.app/Contents/Frameworks/libcocoaui.framework/Versions/A/Resources/en.lproj/LayerItemView.nib and /Applications/Affinity Designer Beta.app/Contents/Frameworks/libcocoaui.framework/Versions/A/Resources/ja.lproj/LayerItemView.nib differ
Binary files /Applications/Affinity Designer Beta.app/Contents/Frameworks/libcocoaui.framework/Versions/A/Resources/en.lproj/LayerPage.nib and /Applications/Affinity Designer Beta.app/Contents/Frameworks/libcocoaui.framework/Versions/A/Resources/ja.lproj/LayerPage.nib differ
Binary files /Applications/Affinity Designer Beta.app/Contents/Frameworks/libcocoaui.framework/Versions/A/Resources/en.lproj/LayerPropertiesViewController.nib and /Applications/Affinity Designer Beta.app/Contents/Frameworks/libcocoaui.framework/Versions/A/Resources/ja.lproj/LayerPropertiesViewController.nib differ
Binary files /Applications/Affinity Designer Beta.app/Contents/Frameworks/libcocoaui.framework/Versions/A/Resources/en.lproj/LensBlurEffect.nib and /Applications/Affinity Designer Beta.app/Contents/Frameworks/libcocoaui.framework/Versions/A/Resources/ja.lproj/LensBlurEffect.nib differ
Binary files /Applications/Affinity Designer Beta.app/Contents/Frameworks/libcocoaui.framework/Versions/A/Resources/en.lproj/LensDistortionEffect.nib and /Applications/Affinity Designer Beta.app/Contents/Frameworks/libcocoaui.framework/Versions/A/Resources/ja.lproj/LensDistortionEffect.nib differ
Binary files /Applications/Affinity Designer Beta.app/Contents/Frameworks/libcocoaui.framework/Versions/A/Resources/en.lproj/LightingEffect.nib and /Applications/Affinity Designer Beta.app/Contents/Frameworks/libcocoaui.framework/Versions/A/Resources/ja.lproj/LightingEffect.nib differ
Binary files /Applications/Affinity Designer Beta.app/Contents/Frameworks/libcocoaui.framework/Versions/A/Resources/en.lproj/LinePage.nib and /Applications/Affinity Designer Beta.app/Contents/Frameworks/libcocoaui.framework/Versions/A/Resources/ja.lproj/LinePage.nib differ
Binary files /Applications/Affinity Designer Beta.app/Contents/Frameworks/libcocoaui.framework/Versions/A/Resources/en.lproj/LiquifyBrushPage.nib and /Applications/Affinity Designer Beta.app/Contents/Frameworks/libcocoaui.framework/Versions/A/Resources/ja.lproj/LiquifyBrushPage.nib differ
Binary files /Applications/Affinity Designer Beta.app/Contents/Frameworks/libcocoaui.framework/Versions/A/Resources/en.lproj/LiquifyMaskPage.nib and /Applications/Affinity Designer Beta.app/Contents/Frameworks/libcocoaui.framework/Versions/A/Resources/ja.lproj/LiquifyMaskPage.nib differ
Binary files /Applications/Affinity Designer Beta.app/Contents/Frameworks/libcocoaui.framework/Versions/A/Resources/en.lproj/LiquifyMeshPage.nib and /Applications/Affinity Designer Beta.app/Contents/Frameworks/libcocoaui.framework/Versions/A/Resources/ja.lproj/LiquifyMeshPage.nib differ
Binary files /Applications/Affinity Designer Beta.app/Contents/Frameworks/libcocoaui.framework/Versions/A/Resources/en.lproj/LoadOptionsWindow.nib and /Applications/Affinity Designer Beta.app/Contents/Frameworks/libcocoaui.framework/Versions/A/Resources/ja.lproj/LoadOptionsWindow.nib differ
Binary files /Applications/Affinity Designer Beta.app/Contents/Frameworks/libcocoaui.framework/Versions/A/Resources/en.lproj/LoadingFontProgressWindowController.nib and /Applications/Affinity Designer Beta.app/Contents/Frameworks/libcocoaui.framework/Versions/A/Resources/ja.lproj/LoadingFontProgressWindowController.nib differ
Binary files /Applications/Affinity Designer Beta.app/Contents/Frameworks/libcocoaui.framework/Versions/A/Resources/en.lproj/Localizable.strings and /Applications/Affinity Designer Beta.app/Contents/Frameworks/libcocoaui.framework/Versions/A/Resources/ja.lproj/Localizable.strings differ
Binary files /Applications/Affinity Designer Beta.app/Contents/Frameworks/libcocoaui.framework/Versions/A/Resources/en.lproj/MacroCategoryItemView.nib and /Applications/Affinity Designer Beta.app/Contents/Frameworks/libcocoaui.framework/Versions/A/Resources/ja.lproj/MacroCategoryItemView.nib differ
Binary files /Applications/Affinity Designer Beta.app/Contents/Frameworks/libcocoaui.framework/Versions/A/Resources/en.lproj/MacroEditViewController.nib and /Applications/Affinity Designer Beta.app/Contents/Frameworks/libcocoaui.framework/Versions/A/Resources/ja.lproj/MacroEditViewController.nib differ
Binary files /Applications/Affinity Designer Beta.app/Contents/Frameworks/libcocoaui.framework/Versions/A/Resources/en.lproj/MacroEffect.nib and /Applications/Affinity Designer Beta.app/Contents/Frameworks/libcocoaui.framework/Versions/A/Resources/ja.lproj/MacroEffect.nib differ
Binary files /Applications/Affinity Designer Beta.app/Contents/Frameworks/libcocoaui.framework/Versions/A/Resources/en.lproj/MacroItemView.nib and /Applications/Affinity Designer Beta.app/Contents/Frameworks/libcocoaui.framework/Versions/A/Resources/ja.lproj/MacroItemView.nib differ
Binary files /Applications/Affinity Designer Beta.app/Contents/Frameworks/libcocoaui.framework/Versions/A/Resources/en.lproj/MacroPage.nib and /Applications/Affinity Designer Beta.app/Contents/Frameworks/libcocoaui.framework/Versions/A/Resources/ja.lproj/MacroPage.nib differ
Binary files /Applications/Affinity Designer Beta.app/Contents/Frameworks/libcocoaui.framework/Versions/A/Resources/en.lproj/MacroSelectLayerPanel.nib and /Applications/Affinity Designer Beta.app/Contents/Frameworks/libcocoaui.framework/Versions/A/Resources/ja.lproj/MacroSelectLayerPanel.nib differ
Binary files /Applications/Affinity Designer Beta.app/Contents/Frameworks/libcocoaui.framework/Versions/A/Resources/en.lproj/MacrosItemView.nib and /Applications/Affinity Designer Beta.app/Contents/Frameworks/libcocoaui.framework/Versions/A/Resources/ja.lproj/MacrosItemView.nib differ
Binary files /Applications/Affinity Designer Beta.app/Contents/Frameworks/libcocoaui.framework/Versions/A/Resources/en.lproj/MacrosPage.nib and /Applications/Affinity Designer Beta.app/Contents/Frameworks/libcocoaui.framework/Versions/A/Resources/ja.lproj/MacrosPage.nib differ
Files /Applications/Affinity Designer Beta.app/Contents/Frameworks/libcocoaui.framework/Versions/A/Resources/en.lproj/MainWindow.nib and /Applications/Affinity Designer Beta.app/Contents/Frameworks/libcocoaui.framework/Versions/A/Resources/ja.lproj/MainWindow.nib are identical
Binary files /Applications/Affinity Designer Beta.app/Contents/Frameworks/libcocoaui.framework/Versions/A/Resources/en.lproj/MasterPlacementController.nib and /Applications/Affinity Designer Beta.app/Contents/Frameworks/libcocoaui.framework/Versions/A/Resources/ja.lproj/MasterPlacementController.nib differ
Binary files /Applications/Affinity Designer Beta.app/Contents/Frameworks/libcocoaui.framework/Versions/A/Resources/en.lproj/MatteEffect.nib and /Applications/Affinity Designer Beta.app/Contents/Frameworks/libcocoaui.framework/Versions/A/Resources/ja.lproj/MatteEffect.nib differ
Binary files /Applications/Affinity Designer Beta.app/Contents/Frameworks/libcocoaui.framework/Versions/A/Resources/en.lproj/MaximumEffect.nib and /Applications/Affinity Designer Beta.app/Contents/Frameworks/libcocoaui.framework/Versions/A/Resources/ja.lproj/MaximumEffect.nib differ
Binary files /Applications/Affinity Designer Beta.app/Contents/Frameworks/libcocoaui.framework/Versions/A/Resources/en.lproj/MedianEffect.nib and /Applications/Affinity Designer Beta.app/Contents/Frameworks/libcocoaui.framework/Versions/A/Resources/ja.lproj/MedianEffect.nib differ
Binary files /Applications/Affinity Designer Beta.app/Contents/Frameworks/libcocoaui.framework/Versions/A/Resources/en.lproj/MergeTableFormats.nib and /Applications/Affinity Designer Beta.app/Contents/Frameworks/libcocoaui.framework/Versions/A/Resources/ja.lproj/MergeTableFormats.nib differ
Binary files /Applications/Affinity Designer Beta.app/Contents/Frameworks/libcocoaui.framework/Versions/A/Resources/en.lproj/MergeTextStyles.nib and /Applications/Affinity Designer Beta.app/Contents/Frameworks/libcocoaui.framework/Versions/A/Resources/ja.lproj/MergeTextStyles.nib differ
Binary files /Applications/Affinity Designer Beta.app/Contents/Frameworks/libcocoaui.framework/Versions/A/Resources/en.lproj/MinimumEffect.nib and /Applications/Affinity Designer Beta.app/Contents/Frameworks/libcocoaui.framework/Versions/A/Resources/ja.lproj/MinimumEffect.nib differ
Binary files /Applications/Affinity Designer Beta.app/Contents/Frameworks/libcocoaui.framework/Versions/A/Resources/en.lproj/MirrorEffect.nib and /Applications/Affinity Designer Beta.app/Contents/Frameworks/libcocoaui.framework/Versions/A/Resources/ja.lproj/MirrorEffect.nib differ
Binary files /Applications/Affinity Designer Beta.app/Contents/Frameworks/libcocoaui.framework/Versions/A/Resources/en.lproj/MotionBlurEffect.nib and /Applications/Affinity Designer Beta.app/Contents/Frameworks/libcocoaui.framework/Versions/A/Resources/ja.lproj/MotionBlurEffect.nib differ
Binary files /Applications/Affinity Designer Beta.app/Contents/Frameworks/libcocoaui.framework/Versions/A/Resources/en.lproj/NavigatorPage.nib and /Applications/Affinity Designer Beta.app/Contents/Frameworks/libcocoaui.framework/Versions/A/Resources/ja.lproj/NavigatorPage.nib differ
Binary files /Applications/Affinity Designer Beta.app/Contents/Frameworks/libcocoaui.framework/Versions/A/Resources/en.lproj/NewBatchPanel.nib and /Applications/Affinity Designer Beta.app/Contents/Frameworks/libcocoaui.framework/Versions/A/Resources/ja.lproj/NewBatchPanel.nib differ
Files /Applications/Affinity Designer Beta.app/Contents/Frameworks/libcocoaui.framework/Versions/A/Resources/en.lproj/NewClarityEffect.nib and /Applications/Affinity Designer Beta.app/Contents/Frameworks/libcocoaui.framework/Versions/A/Resources/ja.lproj/NewClarityEffect.nib are identical
Binary files /Applications/Affinity Designer Beta.app/Contents/Frameworks/libcocoaui.framework/Versions/A/Resources/en.lproj/NewDocPanel MultiSpread.nib and /Applications/Affinity Designer Beta.app/Contents/Frameworks/libcocoaui.framework/Versions/A/Resources/ja.lproj/NewDocPanel MultiSpread.nib differ
Binary files /Applications/Affinity Designer Beta.app/Contents/Frameworks/libcocoaui.framework/Versions/A/Resources/en.lproj/NewDocPanel.nib and /Applications/Affinity Designer Beta.app/Contents/Frameworks/libcocoaui.framework/Versions/A/Resources/ja.lproj/NewDocPanel.nib differ
Binary files /Applications/Affinity Designer Beta.app/Contents/Frameworks/libcocoaui.framework/Versions/A/Resources/en.lproj/NewFocusMergePanel.nib and /Applications/Affinity Designer Beta.app/Contents/Frameworks/libcocoaui.framework/Versions/A/Resources/ja.lproj/NewFocusMergePanel.nib differ
Binary files /Applications/Affinity Designer Beta.app/Contents/Frameworks/libcocoaui.framework/Versions/A/Resources/en.lproj/NewHDRMergePanel.nib and /Applications/Affinity Designer Beta.app/Contents/Frameworks/libcocoaui.framework/Versions/A/Resources/ja.lproj/NewHDRMergePanel.nib differ
Binary files /Applications/Affinity Designer Beta.app/Contents/Frameworks/libcocoaui.framework/Versions/A/Resources/en.lproj/NewPanoramaPanel.nib and /Applications/Affinity Designer Beta.app/Contents/Frameworks/libcocoaui.framework/Versions/A/Resources/ja.lproj/NewPanoramaPanel.nib differ
Files /Applications/Affinity Designer Beta.app/Contents/Frameworks/libcocoaui.framework/Versions/A/Resources/en.lproj/NewShadowsHighlightsEffect.nib and /Applications/Affinity Designer Beta.app/Contents/Frameworks/libcocoaui.framework/Versions/A/Resources/ja.lproj/NewShadowsHighlightsEffect.nib are identical
Binary files /Applications/Affinity Designer Beta.app/Contents/Frameworks/libcocoaui.framework/Versions/A/Resources/en.lproj/NewStackPanel.nib and /Applications/Affinity Designer Beta.app/Contents/Frameworks/libcocoaui.framework/Versions/A/Resources/ja.lproj/NewStackPanel.nib differ
Binary files /Applications/Affinity Designer Beta.app/Contents/Frameworks/libcocoaui.framework/Versions/A/Resources/en.lproj/NoiseEffect.nib and /Applications/Affinity Designer Beta.app/Contents/Frameworks/libcocoaui.framework/Versions/A/Resources/ja.lproj/NoiseEffect.nib differ
Files /Applications/Affinity Designer Beta.app/Contents/Frameworks/libcocoaui.framework/Versions/A/Resources/en.lproj/NoiseReductionEffect.nib and /Applications/Affinity Designer Beta.app/Contents/Frameworks/libcocoaui.framework/Versions/A/Resources/ja.lproj/NoiseReductionEffect.nib are identical
Binary files /Applications/Affinity Designer Beta.app/Contents/Frameworks/libcocoaui.framework/Versions/A/Resources/en.lproj/OpenAccessoryViewController.nib and /Applications/Affinity Designer Beta.app/Contents/Frameworks/libcocoaui.framework/Versions/A/Resources/ja.lproj/OpenAccessoryViewController.nib differ
Binary files /Applications/Affinity Designer Beta.app/Contents/Frameworks/libcocoaui.framework/Versions/A/Resources/en.lproj/OpenImageAccessoryViewController.nib and /Applications/Affinity Designer Beta.app/Contents/Frameworks/libcocoaui.framework/Versions/A/Resources/ja.lproj/OpenImageAccessoryViewController.nib differ
Binary files /Applications/Affinity Designer Beta.app/Contents/Frameworks/libcocoaui.framework/Versions/A/Resources/en.lproj/OpenTypeWindowController.nib and /Applications/Affinity Designer Beta.app/Contents/Frameworks/libcocoaui.framework/Versions/A/Resources/ja.lproj/OpenTypeWindowController.nib differ
Binary files /Applications/Affinity Designer Beta.app/Contents/Frameworks/libcocoaui.framework/Versions/A/Resources/en.lproj/OutlineSelection.nib and /Applications/Affinity Designer Beta.app/Contents/Frameworks/libcocoaui.framework/Versions/A/Resources/ja.lproj/OutlineSelection.nib differ
Binary files /Applications/Affinity Designer Beta.app/Contents/Frameworks/libcocoaui.framework/Versions/A/Resources/en.lproj/Page Setup.nib and /Applications/Affinity Designer Beta.app/Contents/Frameworks/libcocoaui.framework/Versions/A/Resources/ja.lproj/Page Setup.nib differ
Files /Applications/Affinity Designer Beta.app/Contents/Frameworks/libcocoaui.framework/Versions/A/Resources/en.lproj/PageNavigationBar.nib and /Applications/Affinity Designer Beta.app/Contents/Frameworks/libcocoaui.framework/Versions/A/Resources/ja.lproj/PageNavigationBar.nib are identical
Binary files /Applications/Affinity Designer Beta.app/Contents/Frameworks/libcocoaui.framework/Versions/A/Resources/en.lproj/PageSetupWindowController.nib and /Applications/Affinity Designer Beta.app/Contents/Frameworks/libcocoaui.framework/Versions/A/Resources/ja.lproj/PageSetupWindowController.nib differ
Files /Applications/Affinity Designer Beta.app/Contents/Frameworks/libcocoaui.framework/Versions/A/Resources/en.lproj/PagesPage.nib and /Applications/Affinity Designer Beta.app/Contents/Frameworks/libcocoaui.framework/Versions/A/Resources/ja.lproj/PagesPage.nib are identical
Binary files /Applications/Affinity Designer Beta.app/Contents/Frameworks/libcocoaui.framework/Versions/A/Resources/en.lproj/PaletteModel.nib and /Applications/Affinity Designer Beta.app/Contents/Frameworks/libcocoaui.framework/Versions/A/Resources/ja.lproj/PaletteModel.nib differ
Binary files /Applications/Affinity Designer Beta.app/Contents/Frameworks/libcocoaui.framework/Versions/A/Resources/en.lproj/PalettisationView.nib and /Applications/Affinity Designer Beta.app/Contents/Frameworks/libcocoaui.framework/Versions/A/Resources/ja.lproj/PalettisationView.nib differ
Files /Applications/Affinity Designer Beta.app/Contents/Frameworks/libcocoaui.framework/Versions/A/Resources/en.lproj/PanoramaItemView.nib and /Applications/Affinity Designer Beta.app/Contents/Frameworks/libcocoaui.framework/Versions/A/Resources/ja.lproj/PanoramaItemView.nib are identical
Binary files /Applications/Affinity Designer Beta.app/Contents/Frameworks/libcocoaui.framework/Versions/A/Resources/en.lproj/PanoramaSourceItemView.nib and /Applications/Affinity Designer Beta.app/Contents/Frameworks/libcocoaui.framework/Versions/A/Resources/ja.lproj/PanoramaSourceItemView.nib differ
Binary files /Applications/Affinity Designer Beta.app/Contents/Frameworks/libcocoaui.framework/Versions/A/Resources/en.lproj/ParagraphPage.nib and /Applications/Affinity Designer Beta.app/Contents/Frameworks/libcocoaui.framework/Versions/A/Resources/ja.lproj/ParagraphPage.nib differ
Binary files /Applications/Affinity Designer Beta.app/Contents/Frameworks/libcocoaui.framework/Versions/A/Resources/en.lproj/PerlinNoiseEffect.nib and /Applications/Affinity Designer Beta.app/Contents/Frameworks/libcocoaui.framework/Versions/A/Resources/ja.lproj/PerlinNoiseEffect.nib differ
Binary files /Applications/Affinity Designer Beta.app/Contents/Frameworks/libcocoaui.framework/Versions/A/Resources/en.lproj/PerspectiveEffect.nib and /Applications/Affinity Designer Beta.app/Contents/Frameworks/libcocoaui.framework/Versions/A/Resources/ja.lproj/PerspectiveEffect.nib differ
Binary files /Applications/Affinity Designer Beta.app/Contents/Frameworks/libcocoaui.framework/Versions/A/Resources/en.lproj/PictureFramePage.nib and /Applications/Affinity Designer Beta.app/Contents/Frameworks/libcocoaui.framework/Versions/A/Resources/ja.lproj/PictureFramePage.nib differ
Binary files /Applications/Affinity Designer Beta.app/Contents/Frameworks/libcocoaui.framework/Versions/A/Resources/en.lproj/PinchPunchEffect.nib and /Applications/Affinity Designer Beta.app/Contents/Frameworks/libcocoaui.framework/Versions/A/Resources/ja.lproj/PinchPunchEffect.nib differ
Binary files /Applications/Affinity Designer Beta.app/Contents/Frameworks/libcocoaui.framework/Versions/A/Resources/en.lproj/PixelateEffect.nib and /Applications/Affinity Designer Beta.app/Contents/Frameworks/libcocoaui.framework/Versions/A/Resources/ja.lproj/PixelateEffect.nib differ
Binary files /Applications/Affinity Designer Beta.app/Contents/Frameworks/libcocoaui.framework/Versions/A/Resources/en.lproj/PlaceToolSourcesPage.nib and /Applications/Affinity Designer Beta.app/Contents/Frameworks/libcocoaui.framework/Versions/A/Resources/ja.lproj/PlaceToolSourcesPage.nib differ
Binary files /Applications/Affinity Designer Beta.app/Contents/Frameworks/libcocoaui.framework/Versions/A/Resources/en.lproj/PlanesPage.nib and /Applications/Affinity Designer Beta.app/Contents/Frameworks/libcocoaui.framework/Versions/A/Resources/ja.lproj/PlanesPage.nib differ
Binary files /Applications/Affinity Designer Beta.app/Contents/Frameworks/libcocoaui.framework/Versions/A/Resources/en.lproj/Preferences.nib and /Applications/Affinity Designer Beta.app/Contents/Frameworks/libcocoaui.framework/Versions/A/Resources/ja.lproj/Preferences.nib differ
Binary files /Applications/Affinity Designer Beta.app/Contents/Frameworks/libcocoaui.framework/Versions/A/Resources/en.lproj/PresetCreate.nib and /Applications/Affinity Designer Beta.app/Contents/Frameworks/libcocoaui.framework/Versions/A/Resources/ja.lproj/PresetCreate.nib differ
Binary files /Applications/Affinity Designer Beta.app/Contents/Frameworks/libcocoaui.framework/Versions/A/Resources/en.lproj/PresetItemView.nib and /Applications/Affinity Designer Beta.app/Contents/Frameworks/libcocoaui.framework/Versions/A/Resources/ja.lproj/PresetItemView.nib differ
Binary files /Applications/Affinity Designer Beta.app/Contents/Frameworks/libcocoaui.framework/Versions/A/Resources/en.lproj/PresetManager.nib and /Applications/Affinity Designer Beta.app/Contents/Frameworks/libcocoaui.framework/Versions/A/Resources/ja.lproj/PresetManager.nib differ
Binary files /Applications/Affinity Designer Beta.app/Contents/Frameworks/libcocoaui.framework/Versions/A/Resources/en.lproj/PresetRename.nib and /Applications/Affinity Designer Beta.app/Contents/Frameworks/libcocoaui.framework/Versions/A/Resources/ja.lproj/PresetRename.nib differ
Binary files /Applications/Affinity Designer Beta.app/Contents/Frameworks/libcocoaui.framework/Versions/A/Resources/en.lproj/PresetReplace.nib and /Applications/Affinity Designer Beta.app/Contents/Frameworks/libcocoaui.framework/Versions/A/Resources/ja.lproj/PresetReplace.nib differ
Files /Applications/Affinity Designer Beta.app/Contents/Frameworks/libcocoaui.framework/Versions/A/Resources/en.lproj/PresetsPage.nib and /Applications/Affinity Designer Beta.app/Contents/Frameworks/libcocoaui.framework/Versions/A/Resources/ja.lproj/PresetsPage.nib are identical
Binary files /Applications/Affinity Designer Beta.app/Contents/Frameworks/libcocoaui.framework/Versions/A/Resources/en.lproj/PressureViewController.nib and /Applications/Affinity Designer Beta.app/Contents/Frameworks/libcocoaui.framework/Versions/A/Resources/ja.lproj/PressureViewController.nib differ
Binary files /Applications/Affinity Designer Beta.app/Contents/Frameworks/libcocoaui.framework/Versions/A/Resources/en.lproj/PrintLayoutAccessoryViewController.nib and /Applications/Affinity Designer Beta.app/Contents/Frameworks/libcocoaui.framework/Versions/A/Resources/ja.lproj/PrintLayoutAccessoryViewController.nib differ
Binary files /Applications/Affinity Designer Beta.app/Contents/Frameworks/libcocoaui.framework/Versions/A/Resources/en.lproj/PrintersMarksAccessoryView.nib and /Applications/Affinity Designer Beta.app/Contents/Frameworks/libcocoaui.framework/Versions/A/Resources/ja.lproj/PrintersMarksAccessoryView.nib differ
Binary files /Applications/Affinity Designer Beta.app/Contents/Frameworks/libcocoaui.framework/Versions/A/Resources/en.lproj/PrintingAccessoryViewController.nib and /Applications/Affinity Designer Beta.app/Contents/Frameworks/libcocoaui.framework/Versions/A/Resources/ja.lproj/PrintingAccessoryViewController.nib differ
Binary files /Applications/Affinity Designer Beta.app/Contents/Frameworks/libcocoaui.framework/Versions/A/Resources/en.lproj/ProceduralTexture.nib and /Applications/Affinity Designer Beta.app/Contents/Frameworks/libcocoaui.framework/Versions/A/Resources/ja.lproj/ProceduralTexture.nib differ
Binary files /Applications/Affinity Designer Beta.app/Contents/Frameworks/libcocoaui.framework/Versions/A/Resources/en.lproj/ProceduralTextureEquationView.nib and /Applications/Affinity Designer Beta.app/Contents/Frameworks/libcocoaui.framework/Versions/A/Resources/ja.lproj/ProceduralTextureEquationView.nib differ
Binary files /Applications/Affinity Designer Beta.app/Contents/Frameworks/libcocoaui.framework/Versions/A/Resources/en.lproj/ProductKeyWindow.nib and /Applications/Affinity Designer Beta.app/Contents/Frameworks/libcocoaui.framework/Versions/A/Resources/ja.lproj/ProductKeyWindow.nib differ
Binary files /Applications/Affinity Designer Beta.app/Contents/Frameworks/libcocoaui.framework/Versions/A/Resources/en.lproj/ProfileEditorView.nib and /Applications/Affinity Designer Beta.app/Contents/Frameworks/libcocoaui.framework/Versions/A/Resources/ja.lproj/ProfileEditorView.nib differ
Binary files /Applications/Affinity Designer Beta.app/Contents/Frameworks/libcocoaui.framework/Versions/A/Resources/en.lproj/ProgressPanel.nib and /Applications/Affinity Designer Beta.app/Contents/Frameworks/libcocoaui.framework/Versions/A/Resources/ja.lproj/ProgressPanel.nib differ
Binary files /Applications/Affinity Designer Beta.app/Contents/Frameworks/libcocoaui.framework/Versions/A/Resources/en.lproj/RadialBlurEffect.nib and /Applications/Affinity Designer Beta.app/Contents/Frameworks/libcocoaui.framework/Versions/A/Resources/ja.lproj/RadialBlurEffect.nib differ
Binary files /Applications/Affinity Designer Beta.app/Contents/Frameworks/libcocoaui.framework/Versions/A/Resources/en.lproj/RasteriseOptionsPanel.nib and /Applications/Affinity Designer Beta.app/Contents/Frameworks/libcocoaui.framework/Versions/A/Resources/ja.lproj/RasteriseOptionsPanel.nib differ
Binary files /Applications/Affinity Designer Beta.app/Contents/Frameworks/libcocoaui.framework/Versions/A/Resources/en.lproj/RefineSelection.nib and /Applications/Affinity Designer Beta.app/Contents/Frameworks/libcocoaui.framework/Versions/A/Resources/ja.lproj/RefineSelection.nib differ
Binary files /Applications/Affinity Designer Beta.app/Contents/Frameworks/libcocoaui.framework/Versions/A/Resources/en.lproj/RemoveVignetteEffect.nib and /Applications/Affinity Designer Beta.app/Contents/Frameworks/libcocoaui.framework/Versions/A/Resources/ja.lproj/RemoveVignetteEffect.nib differ
Binary files /Applications/Affinity Designer Beta.app/Contents/Frameworks/libcocoaui.framework/Versions/A/Resources/en.lproj/ResizeCanvasPanel.nib and /Applications/Affinity Designer Beta.app/Contents/Frameworks/libcocoaui.framework/Versions/A/Resources/ja.lproj/ResizeCanvasPanel.nib differ
Binary files /Applications/Affinity Designer Beta.app/Contents/Frameworks/libcocoaui.framework/Versions/A/Resources/en.lproj/ResizePanel.nib and /Applications/Affinity Designer Beta.app/Contents/Frameworks/libcocoaui.framework/Versions/A/Resources/ja.lproj/ResizePanel.nib differ
Binary files /Applications/Affinity Designer Beta.app/Contents/Frameworks/libcocoaui.framework/Versions/A/Resources/en.lproj/ResizePixelArtPanel.nib and /Applications/Affinity Designer Beta.app/Contents/Frameworks/libcocoaui.framework/Versions/A/Resources/ja.lproj/ResizePixelArtPanel.nib differ
Binary files /Applications/Affinity Designer Beta.app/Contents/Frameworks/libcocoaui.framework/Versions/A/Resources/en.lproj/ResourceManagerWindowController.nib and /Applications/Affinity Designer Beta.app/Contents/Frameworks/libcocoaui.framework/Versions/A/Resources/ja.lproj/ResourceManagerWindowController.nib differ
Binary files /Applications/Affinity Designer Beta.app/Contents/Frameworks/libcocoaui.framework/Versions/A/Resources/en.lproj/RippleEffect.nib and /Applications/Affinity Designer Beta.app/Contents/Frameworks/libcocoaui.framework/Versions/A/Resources/ja.lproj/RippleEffect.nib differ
Binary files /Applications/Affinity Designer Beta.app/Contents/Frameworks/libcocoaui.framework/Versions/A/Resources/en.lproj/SaveAccessoryViewController.nib and /Applications/Affinity Designer Beta.app/Contents/Frameworks/libcocoaui.framework/Versions/A/Resources/ja.lproj/SaveAccessoryViewController.nib differ
Binary files /Applications/Affinity Designer Beta.app/Contents/Frameworks/libcocoaui.framework/Versions/A/Resources/en.lproj/ScanningController.nib and /Applications/Affinity Designer Beta.app/Contents/Frameworks/libcocoaui.framework/Versions/A/Resources/ja.lproj/ScanningController.nib differ
Binary files /Applications/Affinity Designer Beta.app/Contents/Frameworks/libcocoaui.framework/Versions/A/Resources/en.lproj/SectionsWindowController.nib and /Applications/Affinity Designer Beta.app/Contents/Frameworks/libcocoaui.framework/Versions/A/Resources/ja.lproj/SectionsWindowController.nib differ
Binary files /Applications/Affinity Designer Beta.app/Contents/Frameworks/libcocoaui.framework/Versions/A/Resources/en.lproj/SelectDocument.nib and /Applications/Affinity Designer Beta.app/Contents/Frameworks/libcocoaui.framework/Versions/A/Resources/ja.lproj/SelectDocument.nib differ
Binary files /Applications/Affinity Designer Beta.app/Contents/Frameworks/libcocoaui.framework/Versions/A/Resources/en.lproj/SelectSampledColour.nib and /Applications/Affinity Designer Beta.app/Contents/Frameworks/libcocoaui.framework/Versions/A/Resources/ja.lproj/SelectSampledColour.nib differ
Binary files /Applications/Affinity Designer Beta.app/Contents/Frameworks/libcocoaui.framework/Versions/A/Resources/en.lproj/ShadowsHighlightsEffect.nib and /Applications/Affinity Designer Beta.app/Contents/Frameworks/libcocoaui.framework/Versions/A/Resources/ja.lproj/ShadowsHighlightsEffect.nib differ
Binary files /Applications/Affinity Designer Beta.app/Contents/Frameworks/libcocoaui.framework/Versions/A/Resources/en.lproj/ShearEffect.nib and /Applications/Affinity Designer Beta.app/Contents/Frameworks/libcocoaui.framework/Versions/A/Resources/ja.lproj/ShearEffect.nib differ
Binary files /Applications/Affinity Designer Beta.app/Contents/Frameworks/libcocoaui.framework/Versions/A/Resources/en.lproj/SmoothSelection.nib and /Applications/Affinity Designer Beta.app/Contents/Frameworks/libcocoaui.framework/Versions/A/Resources/ja.lproj/SmoothSelection.nib differ
Binary files /Applications/Affinity Designer Beta.app/Contents/Frameworks/libcocoaui.framework/Versions/A/Resources/en.lproj/SnappingOptions.nib and /Applications/Affinity Designer Beta.app/Contents/Frameworks/libcocoaui.framework/Versions/A/Resources/ja.lproj/SnappingOptions.nib differ
Binary files /Applications/Affinity Designer Beta.app/Contents/Frameworks/libcocoaui.framework/Versions/A/Resources/en.lproj/SnappingOptionsViewController.nib and /Applications/Affinity Designer Beta.app/Contents/Frameworks/libcocoaui.framework/Versions/A/Resources/ja.lproj/SnappingOptionsViewController.nib differ
Binary files /Applications/Affinity Designer Beta.app/Contents/Frameworks/libcocoaui.framework/Versions/A/Resources/en.lproj/SnapshotItemView.nib and /Applications/Affinity Designer Beta.app/Contents/Frameworks/libcocoaui.framework/Versions/A/Resources/ja.lproj/SnapshotItemView.nib differ
Binary files /Applications/Affinity Designer Beta.app/Contents/Frameworks/libcocoaui.framework/Versions/A/Resources/en.lproj/SnapshotsPage.nib and /Applications/Affinity Designer Beta.app/Contents/Frameworks/libcocoaui.framework/Versions/A/Resources/ja.lproj/SnapshotsPage.nib differ
Binary files /Applications/Affinity Designer Beta.app/Contents/Frameworks/libcocoaui.framework/Versions/A/Resources/en.lproj/SpellingWindowController.nib and /Applications/Affinity Designer Beta.app/Contents/Frameworks/libcocoaui.framework/Versions/A/Resources/ja.lproj/SpellingWindowController.nib differ
Binary files /Applications/Affinity Designer Beta.app/Contents/Frameworks/libcocoaui.framework/Versions/A/Resources/en.lproj/SphereEffect.nib and /Applications/Affinity Designer Beta.app/Contents/Frameworks/libcocoaui.framework/Versions/A/Resources/ja.lproj/SphereEffect.nib differ
Binary files /Applications/Affinity Designer Beta.app/Contents/Frameworks/libcocoaui.framework/Versions/A/Resources/en.lproj/SpreadPropertiesWindowController.nib and /Applications/Affinity Designer Beta.app/Contents/Frameworks/libcocoaui.framework/Versions/A/Resources/ja.lproj/SpreadPropertiesWindowController.nib differ
Binary files /Applications/Affinity Designer Beta.app/Contents/Frameworks/libcocoaui.framework/Versions/A/Resources/en.lproj/StockPage.nib and /Applications/Affinity Designer Beta.app/Contents/Frameworks/libcocoaui.framework/Versions/A/Resources/ja.lproj/StockPage.nib differ
Binary files /Applications/Affinity Designer Beta.app/Contents/Frameworks/libcocoaui.framework/Versions/A/Resources/en.lproj/StyleItemView.nib and /Applications/Affinity Designer Beta.app/Contents/Frameworks/libcocoaui.framework/Versions/A/Resources/ja.lproj/StyleItemView.nib differ
Binary files /Applications/Affinity Designer Beta.app/Contents/Frameworks/libcocoaui.framework/Versions/A/Resources/en.lproj/StylesPage.nib and /Applications/Affinity Designer Beta.app/Contents/Frameworks/libcocoaui.framework/Versions/A/Resources/ja.lproj/StylesPage.nib differ
Binary files /Applications/Affinity Designer Beta.app/Contents/Frameworks/libcocoaui.framework/Versions/A/Resources/en.lproj/SuggestionsViewController.nib and /Applications/Affinity Designer Beta.app/Contents/Frameworks/libcocoaui.framework/Versions/A/Resources/ja.lproj/SuggestionsViewController.nib differ
Binary files /Applications/Affinity Designer Beta.app/Contents/Frameworks/libcocoaui.framework/Versions/A/Resources/en.lproj/SwatchesPage.nib and /Applications/Affinity Designer Beta.app/Contents/Frameworks/libcocoaui.framework/Versions/A/Resources/ja.lproj/SwatchesPage.nib differ
Binary files /Applications/Affinity Designer Beta.app/Contents/Frameworks/libcocoaui.framework/Versions/A/Resources/en.lproj/SymbolItemView.nib and /Applications/Affinity Designer Beta.app/Contents/Frameworks/libcocoaui.framework/Versions/A/Resources/ja.lproj/SymbolItemView.nib differ
Binary files /Applications/Affinity Designer Beta.app/Contents/Frameworks/libcocoaui.framework/Versions/A/Resources/en.lproj/SymbolsPage.nib and /Applications/Affinity Designer Beta.app/Contents/Frameworks/libcocoaui.framework/Versions/A/Resources/ja.lproj/SymbolsPage.nib differ
Binary files /Applications/Affinity Designer Beta.app/Contents/Frameworks/libcocoaui.framework/Versions/A/Resources/en.lproj/TabStopViewController.nib and /Applications/Affinity Designer Beta.app/Contents/Frameworks/libcocoaui.framework/Versions/A/Resources/ja.lproj/TabStopViewController.nib differ
Files /Applications/Affinity Designer Beta.app/Contents/Frameworks/libcocoaui.framework/Versions/A/Resources/en.lproj/TableExtenderViewController.nib and /Applications/Affinity Designer Beta.app/Contents/Frameworks/libcocoaui.framework/Versions/A/Resources/ja.lproj/TableExtenderViewController.nib are identical
Binary files /Applications/Affinity Designer Beta.app/Contents/Frameworks/libcocoaui.framework/Versions/A/Resources/en.lproj/TableFormatEditor.nib and /Applications/Affinity Designer Beta.app/Contents/Frameworks/libcocoaui.framework/Versions/A/Resources/ja.lproj/TableFormatEditor.nib differ
Files /Applications/Affinity Designer Beta.app/Contents/Frameworks/libcocoaui.framework/Versions/A/Resources/en.lproj/TableFormatItemView.nib and /Applications/Affinity Designer Beta.app/Contents/Frameworks/libcocoaui.framework/Versions/A/Resources/ja.lproj/TableFormatItemView.nib are identical
Binary files /Applications/Affinity Designer Beta.app/Contents/Frameworks/libcocoaui.framework/Versions/A/Resources/en.lproj/TableFormatPage.nib and /Applications/Affinity Designer Beta.app/Contents/Frameworks/libcocoaui.framework/Versions/A/Resources/ja.lproj/TableFormatPage.nib differ
Binary files /Applications/Affinity Designer Beta.app/Contents/Frameworks/libcocoaui.framework/Versions/A/Resources/en.lproj/TablePage.nib and /Applications/Affinity Designer Beta.app/Contents/Frameworks/libcocoaui.framework/Versions/A/Resources/ja.lproj/TablePage.nib differ
Binary files /Applications/Affinity Designer Beta.app/Contents/Frameworks/libcocoaui.framework/Versions/A/Resources/en.lproj/TableSortOptions.nib and /Applications/Affinity Designer Beta.app/Contents/Frameworks/libcocoaui.framework/Versions/A/Resources/ja.lproj/TableSortOptions.nib differ
Binary files /Applications/Affinity Designer Beta.app/Contents/Frameworks/libcocoaui.framework/Versions/A/Resources/en.lproj/TextFramePage.nib and /Applications/Affinity Designer Beta.app/Contents/Frameworks/libcocoaui.framework/Versions/A/Resources/ja.lproj/TextFramePage.nib differ
Binary files /Applications/Affinity Designer Beta.app/Contents/Frameworks/libcocoaui.framework/Versions/A/Resources/en.lproj/TextStyleEditor.nib and /Applications/Affinity Designer Beta.app/Contents/Frameworks/libcocoaui.framework/Versions/A/Resources/ja.lproj/TextStyleEditor.nib differ
Binary files /Applications/Affinity Designer Beta.app/Contents/Frameworks/libcocoaui.framework/Versions/A/Resources/en.lproj/TextStylesPage.nib and /Applications/Affinity Designer Beta.app/Contents/Frameworks/libcocoaui.framework/Versions/A/Resources/ja.lproj/TextStylesPage.nib differ
Binary files /Applications/Affinity Designer Beta.app/Contents/Frameworks/libcocoaui.framework/Versions/A/Resources/en.lproj/TextWrappingDialogController.nib and /Applications/Affinity Designer Beta.app/Contents/Frameworks/libcocoaui.framework/Versions/A/Resources/ja.lproj/TextWrappingDialogController.nib differ
Binary files /Applications/Affinity Designer Beta.app/Contents/Frameworks/libcocoaui.framework/Versions/A/Resources/en.lproj/ToastPanelController.nib and /Applications/Affinity Designer Beta.app/Contents/Frameworks/libcocoaui.framework/Versions/A/Resources/ja.lproj/ToastPanelController.nib differ
Binary files /Applications/Affinity Designer Beta.app/Contents/Frameworks/libcocoaui.framework/Versions/A/Resources/en.lproj/TocPage.nib and /Applications/Affinity Designer Beta.app/Contents/Frameworks/libcocoaui.framework/Versions/A/Resources/ja.lproj/TocPage.nib differ
Binary files /Applications/Affinity Designer Beta.app/Contents/Frameworks/libcocoaui.framework/Versions/A/Resources/en.lproj/ToneMapItemViews.nib and /Applications/Affinity Designer Beta.app/Contents/Frameworks/libcocoaui.framework/Versions/A/Resources/ja.lproj/ToneMapItemViews.nib differ
Binary files /Applications/Affinity Designer Beta.app/Contents/Frameworks/libcocoaui.framework/Versions/A/Resources/en.lproj/ToneMapOverlayItemView.nib and /Applications/Affinity Designer Beta.app/Contents/Frameworks/libcocoaui.framework/Versions/A/Resources/ja.lproj/ToneMapOverlayItemView.nib differ
Binary files /Applications/Affinity Designer Beta.app/Contents/Frameworks/libcocoaui.framework/Versions/A/Resources/en.lproj/ToneMapOverlaysPage.nib and /Applications/Affinity Designer Beta.app/Contents/Frameworks/libcocoaui.framework/Versions/A/Resources/ja.lproj/ToneMapOverlaysPage.nib differ
Binary files /Applications/Affinity Designer Beta.app/Contents/Frameworks/libcocoaui.framework/Versions/A/Resources/en.lproj/ToneMapPage.nib and /Applications/Affinity Designer Beta.app/Contents/Frameworks/libcocoaui.framework/Versions/A/Resources/ja.lproj/ToneMapPage.nib differ
Binary files /Applications/Affinity Designer Beta.app/Contents/Frameworks/libcocoaui.framework/Versions/A/Resources/en.lproj/ToneMapPresetsPage.nib and /Applications/Affinity Designer Beta.app/Contents/Frameworks/libcocoaui.framework/Versions/A/Resources/ja.lproj/ToneMapPresetsPage.nib differ
Binary files /Applications/Affinity Designer Beta.app/Contents/Frameworks/libcocoaui.framework/Versions/A/Resources/en.lproj/ToolPresetsPage.nib and /Applications/Affinity Designer Beta.app/Contents/Frameworks/libcocoaui.framework/Versions/A/Resources/ja.lproj/ToolPresetsPage.nib differ
Binary files /Applications/Affinity Designer Beta.app/Contents/Frameworks/libcocoaui.framework/Versions/A/Resources/en.lproj/ToolUIPaletteViewController.nib and /Applications/Affinity Designer Beta.app/Contents/Frameworks/libcocoaui.framework/Versions/A/Resources/ja.lproj/ToolUIPaletteViewController.nib differ
Binary files /Applications/Affinity Designer Beta.app/Contents/Frameworks/libcocoaui.framework/Versions/A/Resources/en.lproj/ToolbarPalette.nib and /Applications/Affinity Designer Beta.app/Contents/Frameworks/libcocoaui.framework/Versions/A/Resources/ja.lproj/ToolbarPalette.nib differ
Binary files /Applications/Affinity Designer Beta.app/Contents/Frameworks/libcocoaui.framework/Versions/A/Resources/en.lproj/TransformPage.nib and /Applications/Affinity Designer Beta.app/Contents/Frameworks/libcocoaui.framework/Versions/A/Resources/ja.lproj/TransformPage.nib differ
Binary files /Applications/Affinity Designer Beta.app/Contents/Frameworks/libcocoaui.framework/Versions/A/Resources/en.lproj/TransparencyEditorController.nib and /Applications/Affinity Designer Beta.app/Contents/Frameworks/libcocoaui.framework/Versions/A/Resources/ja.lproj/TransparencyEditorController.nib differ
Binary files /Applications/Affinity Designer Beta.app/Contents/Frameworks/libcocoaui.framework/Versions/A/Resources/en.lproj/TransparencyViewController.nib and /Applications/Affinity Designer Beta.app/Contents/Frameworks/libcocoaui.framework/Versions/A/Resources/ja.lproj/TransparencyViewController.nib differ
Binary files /Applications/Affinity Designer Beta.app/Contents/Frameworks/libcocoaui.framework/Versions/A/Resources/en.lproj/TwirlEffect.nib and /Applications/Affinity Designer Beta.app/Contents/Frameworks/libcocoaui.framework/Versions/A/Resources/ja.lproj/TwirlEffect.nib differ
Binary files /Applications/Affinity Designer Beta.app/Contents/Frameworks/libcocoaui.framework/Versions/A/Resources/en.lproj/UnsharpMaskEffect.nib and /Applications/Affinity Designer Beta.app/Contents/Frameworks/libcocoaui.framework/Versions/A/Resources/ja.lproj/UnsharpMaskEffect.nib differ
Binary files /Applications/Affinity Designer Beta.app/Contents/Frameworks/libcocoaui.framework/Versions/A/Resources/en.lproj/VignetteEffect.nib and /Applications/Affinity Designer Beta.app/Contents/Frameworks/libcocoaui.framework/Versions/A/Resources/ja.lproj/VignetteEffect.nib differ
Binary files /Applications/Affinity Designer Beta.app/Contents/Frameworks/libcocoaui.framework/Versions/A/Resources/en.lproj/VoronoiEffect.nib and /Applications/Affinity Designer Beta.app/Contents/Frameworks/libcocoaui.framework/Versions/A/Resources/ja.lproj/VoronoiEffect.nib differ
Binary files /Applications/Affinity Designer Beta.app/Contents/Frameworks/libcocoaui.framework/Versions/A/Resources/en.lproj/WaveformPage.nib and /Applications/Affinity Designer Beta.app/Contents/Frameworks/libcocoaui.framework/Versions/A/Resources/ja.lproj/WaveformPage.nib differ
Binary files /Applications/Affinity Designer Beta.app/Contents/Frameworks/libcocoaui.framework/Versions/A/Resources/en.lproj/WelcomeWindowController.nib and /Applications/Affinity Designer Beta.app/Contents/Frameworks/libcocoaui.framework/Versions/A/Resources/ja.lproj/WelcomeWindowController.nib differ
Binary files /Applications/Affinity Designer Beta.app/Contents/Frameworks/libcocoaui.framework/Versions/A/Resources/en.lproj/XMPPage.nib and /Applications/Affinity Designer Beta.app/Contents/Frameworks/libcocoaui.framework/Versions/A/Resources/ja.lproj/XMPPage.nib differ
Binary files /Applications/Affinity Designer Beta.app/Contents/Frameworks/libcocoaui.framework/Versions/A/Resources/en.lproj/ZMapBlurEffect.nib and /Applications/Affinity Designer Beta.app/Contents/Frameworks/libcocoaui.framework/Versions/A/Resources/ja.lproj/ZMapBlurEffect.nib differ
Binary files /Applications/Affinity Designer Beta.app/Contents/Frameworks/libcocoaui.framework/Versions/A/Resources/en.lproj/ZoomBlurEffect.nib and /Applications/Affinity Designer Beta.app/Contents/Frameworks/libcocoaui.framework/Versions/A/Resources/ja.lproj/ZoomBlurEffect.nib differ
