Only in /Applications/Affinity Photo.app/Contents/Frameworks/libcocoaui.framework/Versions/A/Resources/en.lproj/: AddPageWindowController.nib
Only in /Applications/Affinity Photo.app/Contents/Frameworks/libcocoaui.framework/Versions/A/Resources/en.lproj/: AdjustmentItemView.nib
Only in /Applications/Affinity Photo.app/Contents/Frameworks/libcocoaui.framework/Versions/A/Resources/en.lproj/: AdjustmentPage.nib
Only in /Applications/Affinity Photo.app/Contents/Frameworks/libcocoaui.framework/Versions/A/Resources/en.lproj/: Adjustments.nib
Only in /Applications/Affinity Photo.app/Contents/Frameworks/libcocoaui.framework/Versions/A/Resources/en.lproj/: AdvancedBlendingController.nib
Only in /Applications/Affinity Photo.app/Contents/Frameworks/libcocoaui.framework/Versions/A/Resources/en.lproj/: AffineEffect.nib
Only in /Applications/Affinity Photo.app/Contents/Frameworks/libcocoaui.framework/Versions/A/Resources/en.lproj/: AlignViewController.nib
Only in /Applications/Affinity Photo.app/Contents/Frameworks/libcocoaui.framework/Versions/A/Resources/en.lproj/: ApplyImageEffect.nib
Only in /Applications/Affinity Photo.app/Contents/Frameworks/libcocoaui.framework/Versions/A/Resources/en.lproj/: AssetsPage.nib
Only in /Applications/Affinity Photo.app/Contents/Frameworks/libcocoaui.framework/Versions/A/Resources/en.lproj/: AssistantOptions.nib
Only in /Applications/Affinity Photo.app/Contents/Frameworks/libcocoaui.framework/Versions/A/Resources/en.lproj/: BatchJobItemView.nib
Only in /Applications/Affinity Photo.app/Contents/Frameworks/libcocoaui.framework/Versions/A/Resources/en.lproj/: BatchJobSubItemView.nib
Only in /Applications/Affinity Photo.app/Contents/Frameworks/libcocoaui.framework/Versions/A/Resources/en.lproj/: BatchPage.nib
Only in /Applications/Affinity Photo.app/Contents/Frameworks/libcocoaui.framework/Versions/A/Resources/en.lproj/: BilateralEffect.nib
Only in /Applications/Affinity Photo.app/Contents/Frameworks/libcocoaui.framework/Versions/A/Resources/en.lproj/: BlendModePropertiesViewController.nib
Only in /Applications/Affinity Photo.app/Contents/Frameworks/libcocoaui.framework/Versions/A/Resources/en.lproj/: BoxEffect.nib
Only in /Applications/Affinity Photo.app/Contents/Frameworks/libcocoaui.framework/Versions/A/Resources/en.lproj/: BrushEditPanel.nib
Only in /Applications/Affinity Photo.app/Contents/Frameworks/libcocoaui.framework/Versions/A/Resources/en.lproj/: BrushItemView.nib
Only in /Applications/Affinity Photo.app/Contents/Frameworks/libcocoaui.framework/Versions/A/Resources/en.lproj/: BrushPage.nib
Only in /Applications/Affinity Photo.app/Contents/Frameworks/libcocoaui.framework/Versions/A/Resources/en.lproj/: CameraShakeBlurEffect.nib
Only in /Applications/Affinity Photo.app/Contents/Frameworks/libcocoaui.framework/Versions/A/Resources/en.lproj/: CategoryViewCategory.nib
Only in /Applications/Affinity Photo.app/Contents/Frameworks/libcocoaui.framework/Versions/A/Resources/en.lproj/: ChannelItemView.nib
Only in /Applications/Affinity Photo.app/Contents/Frameworks/libcocoaui.framework/Versions/A/Resources/en.lproj/: ChannelRasterSelectionItemView.nib
Only in /Applications/Affinity Photo.app/Contents/Frameworks/libcocoaui.framework/Versions/A/Resources/en.lproj/: ChannelSelectionItemView.nib
Only in /Applications/Affinity Photo.app/Contents/Frameworks/libcocoaui.framework/Versions/A/Resources/en.lproj/: ChannelSeparatorItemView.nib
Only in /Applications/Affinity Photo.app/Contents/Frameworks/libcocoaui.framework/Versions/A/Resources/en.lproj/: ChannelSpareSelectionItemView.nib
Only in /Applications/Affinity Photo.app/Contents/Frameworks/libcocoaui.framework/Versions/A/Resources/en.lproj/: ChannelsPage.nib
Only in /Applications/Affinity Photo.app/Contents/Frameworks/libcocoaui.framework/Versions/A/Resources/en.lproj/: CharacterPage.nib
Only in /Applications/Affinity Photo.app/Contents/Frameworks/libcocoaui.framework/Versions/A/Resources/en.lproj/: ClarityEffect.nib
Only in /Applications/Affinity Photo.app/Contents/Frameworks/libcocoaui.framework/Versions/A/Resources/en.lproj/: ClearUserDataWindowController.nib
Only in /Applications/Affinity Photo.app/Contents/Frameworks/libcocoaui.framework/Versions/A/Resources/en.lproj/: CloneBrushSourceItemView.nib
Only in /Applications/Affinity Photo.app/Contents/Frameworks/libcocoaui.framework/Versions/A/Resources/en.lproj/: CloneBrushSourcesPage.nib
Only in /Applications/Affinity Photo.app/Contents/Frameworks/libcocoaui.framework/Versions/A/Resources/en.lproj/: CloudConflictPanel.nib
Only in /Applications/Affinity Photo.app/Contents/Frameworks/libcocoaui.framework/Versions/A/Resources/en.lproj/: CloudUpdatePanel.nib
Only in /Applications/Affinity Photo.app/Contents/Frameworks/libcocoaui.framework/Versions/A/Resources/en.lproj/: ColourCMYKSliderView.nib
Only in /Applications/Affinity Photo.app/Contents/Frameworks/libcocoaui.framework/Versions/A/Resources/en.lproj/: ColourEditor.nib
Only in /Applications/Affinity Photo.app/Contents/Frameworks/libcocoaui.framework/Versions/A/Resources/en.lproj/: ColourGreySliderView.nib
Only in /Applications/Affinity Photo.app/Contents/Frameworks/libcocoaui.framework/Versions/A/Resources/en.lproj/: ColourHLSwatchModel.nib
Only in /Applications/Affinity Photo.app/Contents/Frameworks/libcocoaui.framework/Versions/A/Resources/en.lproj/: ColourHSLSliderView.nib
Only in /Applications/Affinity Photo.app/Contents/Frameworks/libcocoaui.framework/Versions/A/Resources/en.lproj/: ColourHSSwatchModel.nib
Only in /Applications/Affinity Photo.app/Contents/Frameworks/libcocoaui.framework/Versions/A/Resources/en.lproj/: ColourLABSliderView.nib
Only in /Applications/Affinity Photo.app/Contents/Frameworks/libcocoaui.framework/Versions/A/Resources/en.lproj/: ColourPage.nib
Only in /Applications/Affinity Photo.app/Contents/Frameworks/libcocoaui.framework/Versions/A/Resources/en.lproj/: ColourPickerPanel.nib
Only in /Applications/Affinity Photo.app/Contents/Frameworks/libcocoaui.framework/Versions/A/Resources/en.lproj/: ColourPickerViewController.nib
Only in /Applications/Affinity Photo.app/Contents/Frameworks/libcocoaui.framework/Versions/A/Resources/en.lproj/: ColourRGBHexSliderView.nib
Only in /Applications/Affinity Photo.app/Contents/Frameworks/libcocoaui.framework/Versions/A/Resources/en.lproj/: ColourRGBSliderView.nib
Only in /Applications/Affinity Photo.app/Contents/Frameworks/libcocoaui.framework/Versions/A/Resources/en.lproj/: ColourSLSwatchModel.nib
Only in /Applications/Affinity Photo.app/Contents/Frameworks/libcocoaui.framework/Versions/A/Resources/en.lproj/: ColourTintSliderView.nib
Only in /Applications/Affinity Photo.app/Contents/Frameworks/libcocoaui.framework/Versions/A/Resources/en.lproj/: ColourWheelModel.nib
Only in /Applications/Affinity Photo.app/Contents/Frameworks/libcocoaui.framework/Versions/A/Resources/en.lproj/: ConstraintsPage.nib
Only in /Applications/Affinity Photo.app/Contents/Frameworks/libcocoaui.framework/Versions/A/Resources/en.lproj/: CreatePaletteFromImageWindowController.nib
Only in /Applications/Affinity Photo.app/Contents/Frameworks/libcocoaui.framework/Versions/A/Resources/en.lproj/: CustomBlurEffect.nib
Only in /Applications/Affinity Photo.app/Contents/Frameworks/libcocoaui.framework/Versions/A/Resources/en.lproj/: DebugPage.nib
Only in /Applications/Affinity Photo.app/Contents/Frameworks/libcocoaui.framework/Versions/A/Resources/en.lproj/: DeformEffect.nib
Only in /Applications/Affinity Photo.app/Contents/Frameworks/libcocoaui.framework/Versions/A/Resources/en.lproj/: DefringeEffect.nib
Only in /Applications/Affinity Photo.app/Contents/Frameworks/libcocoaui.framework/Versions/A/Resources/en.lproj/: DenoiseEffect.nib
Only in /Applications/Affinity Photo.app/Contents/Frameworks/libcocoaui.framework/Versions/A/Resources/en.lproj/: DepthOfFieldEffect.nib
Only in /Applications/Affinity Photo.app/Contents/Frameworks/libcocoaui.framework/Versions/A/Resources/en.lproj/: DevelopAssistantOptions.nib
Only in /Applications/Affinity Photo.app/Contents/Frameworks/libcocoaui.framework/Versions/A/Resources/en.lproj/: DevelopBasicItemViews.nib
Only in /Applications/Affinity Photo.app/Contents/Frameworks/libcocoaui.framework/Versions/A/Resources/en.lproj/: DevelopBasicPage.nib
Only in /Applications/Affinity Photo.app/Contents/Frameworks/libcocoaui.framework/Versions/A/Resources/en.lproj/: DevelopCameraItemViews.nib
Only in /Applications/Affinity Photo.app/Contents/Frameworks/libcocoaui.framework/Versions/A/Resources/en.lproj/: DevelopCameraPage.nib
Only in /Applications/Affinity Photo.app/Contents/Frameworks/libcocoaui.framework/Versions/A/Resources/en.lproj/: DevelopDetailsItemViews.nib
Only in /Applications/Affinity Photo.app/Contents/Frameworks/libcocoaui.framework/Versions/A/Resources/en.lproj/: DevelopDetailsPage.nib
Only in /Applications/Affinity Photo.app/Contents/Frameworks/libcocoaui.framework/Versions/A/Resources/en.lproj/: DevelopFocusPage.nib
Only in /Applications/Affinity Photo.app/Contents/Frameworks/libcocoaui.framework/Versions/A/Resources/en.lproj/: DevelopLensItemViews.nib
Only in /Applications/Affinity Photo.app/Contents/Frameworks/libcocoaui.framework/Versions/A/Resources/en.lproj/: DevelopLensPage.nib
Only in /Applications/Affinity Photo.app/Contents/Frameworks/libcocoaui.framework/Versions/A/Resources/en.lproj/: DevelopMapPage.nib
Only in /Applications/Affinity Photo.app/Contents/Frameworks/libcocoaui.framework/Versions/A/Resources/en.lproj/: DevelopOverlayItemView.nib
Only in /Applications/Affinity Photo.app/Contents/Frameworks/libcocoaui.framework/Versions/A/Resources/en.lproj/: DevelopOverlaysPage.nib
Only in /Applications/Affinity Photo.app/Contents/Frameworks/libcocoaui.framework/Versions/A/Resources/en.lproj/: DevelopSnapshotItemView.nib
Only in /Applications/Affinity Photo.app/Contents/Frameworks/libcocoaui.framework/Versions/A/Resources/en.lproj/: DevelopSnapshotsPage.nib
Only in /Applications/Affinity Photo.app/Contents/Frameworks/libcocoaui.framework/Versions/A/Resources/en.lproj/: DevelopTonesItemViews.nib
Only in /Applications/Affinity Photo.app/Contents/Frameworks/libcocoaui.framework/Versions/A/Resources/en.lproj/: DevelopTonesPage.nib
Only in /Applications/Affinity Photo.app/Contents/Frameworks/libcocoaui.framework/Versions/A/Resources/en.lproj/: DiffuseEffect.nib
Only in /Applications/Affinity Photo.app/Contents/Frameworks/libcocoaui.framework/Versions/A/Resources/en.lproj/: DiffuseGlowEffect.nib
Only in /Applications/Affinity Photo.app/Contents/Frameworks/libcocoaui.framework/Versions/A/Resources/en.lproj/: DisplacementMapEffect.nib
Only in /Applications/Affinity Photo.app/Contents/Frameworks/libcocoaui.framework/Versions/A/Resources/en.lproj/: DocumentMarginsWindowController.nib
Only in /Applications/Affinity Photo.app/Contents/Frameworks/libcocoaui.framework/Versions/A/Resources/en.lproj/: DocumentSetupWindowController.nib
Only in /Applications/Affinity Photo.app/Contents/Frameworks/libcocoaui.framework/Versions/A/Resources/en.lproj/: DustScratchEffect.nib
Only in /Applications/Affinity Photo.app/Contents/Frameworks/libcocoaui.framework/Versions/A/Resources/en.lproj/: EffectItemDetailedViews.nib
Only in /Applications/Affinity Photo.app/Contents/Frameworks/libcocoaui.framework/Versions/A/Resources/en.lproj/: EffectItemViews.nib
Only in /Applications/Affinity Photo.app/Contents/Frameworks/libcocoaui.framework/Versions/A/Resources/en.lproj/: EffectsPage.nib
Only in /Applications/Affinity Photo.app/Contents/Frameworks/libcocoaui.framework/Versions/A/Resources/en.lproj/: EffectsSettings.nib
Only in /Applications/Affinity Photo.app/Contents/Frameworks/libcocoaui.framework/Versions/A/Resources/en.lproj/: EffectsSettingsListItem.nib
Only in /Applications/Affinity Photo.app/Contents/Frameworks/libcocoaui.framework/Versions/A/Resources/en.lproj/: EmbossEffect.nib
Only in /Applications/Affinity Photo.app/Contents/Frameworks/libcocoaui.framework/Versions/A/Resources/en.lproj/: EquationTransformEffect.nib
Only in /Applications/Affinity Photo.app/Contents/Frameworks/libcocoaui.framework/Versions/A/Resources/en.lproj/: ExportCubePanel.nib
Only in /Applications/Affinity Photo.app/Contents/Frameworks/libcocoaui.framework/Versions/A/Resources/en.lproj/: ExportFileItemView.nib
Only in /Applications/Affinity Photo.app/Contents/Frameworks/libcocoaui.framework/Versions/A/Resources/en.lproj/: ExportLayerItemView.nib
Only in /Applications/Affinity Photo.app/Contents/Frameworks/libcocoaui.framework/Versions/A/Resources/en.lproj/: ExportLayerPage.nib
Only in /Applications/Affinity Photo.app/Contents/Frameworks/libcocoaui.framework/Versions/A/Resources/en.lproj/: ExportListConflicts.nib
Only in /Applications/Affinity Photo.app/Contents/Frameworks/libcocoaui.framework/Versions/A/Resources/en.lproj/: ExportOptionsPresetDetail.nib
Only in /Applications/Affinity Photo.app/Contents/Frameworks/libcocoaui.framework/Versions/A/Resources/en.lproj/: ExportOptionsView.nib
Only in /Applications/Affinity Photo.app/Contents/Frameworks/libcocoaui.framework/Versions/A/Resources/en.lproj/: ExportPage.nib
Only in /Applications/Affinity Photo.app/Contents/Frameworks/libcocoaui.framework/Versions/A/Resources/en.lproj/: ExportWindowController.nib
Only in /Applications/Affinity Photo.app/Contents/Frameworks/libcocoaui.framework/Versions/A/Resources/en.lproj/: ExportableItemView.nib
Only in /Applications/Affinity Photo.app/Contents/Frameworks/libcocoaui.framework/Versions/A/Resources/en.lproj/: ExportableItemsPage.nib
Only in /Applications/Affinity Photo.app/Contents/Frameworks/libcocoaui.framework/Versions/A/Resources/en.lproj/: ExportablePathView.nib
Only in /Applications/Affinity Photo.app/Contents/Frameworks/libcocoaui.framework/Versions/A/Resources/en.lproj/: ExportableScalePathView.nib
Only in /Applications/Affinity Photo.app/Contents/Frameworks/libcocoaui.framework/Versions/A/Resources/en.lproj/: FFTDenoiseEffect.nib
Only in /Applications/Affinity Photo.app/Contents/Frameworks/libcocoaui.framework/Versions/A/Resources/en.lproj/: FadeRewindEffect.nib
Only in /Applications/Affinity Photo.app/Contents/Frameworks/libcocoaui.framework/Versions/A/Resources/en.lproj/: FeatherSelection.nib
Only in /Applications/Affinity Photo.app/Contents/Frameworks/libcocoaui.framework/Versions/A/Resources/en.lproj/: FieldBlurEffect.nib
Only in /Applications/Affinity Photo.app/Contents/Frameworks/libcocoaui.framework/Versions/A/Resources/en.lproj/: FilesystemPage.nib
Only in /Applications/Affinity Photo.app/Contents/Frameworks/libcocoaui.framework/Versions/A/Resources/en.lproj/: FillEffect.nib
Only in /Applications/Affinity Photo.app/Contents/Frameworks/libcocoaui.framework/Versions/A/Resources/en.lproj/: FillViewController.nib
Only in /Applications/Affinity Photo.app/Contents/Frameworks/libcocoaui.framework/Versions/A/Resources/en.lproj/: FontFamilyViewController.nib
Only in /Applications/Affinity Photo.app/Contents/Frameworks/libcocoaui.framework/Versions/A/Resources/en.lproj/: FontManagerWindowController.nib
Only in /Applications/Affinity Photo.app/Contents/Frameworks/libcocoaui.framework/Versions/A/Resources/en.lproj/: FrequencySeparationEffect.nib
Only in /Applications/Affinity Photo.app/Contents/Frameworks/libcocoaui.framework/Versions/A/Resources/en.lproj/: GaussianEffect.nib
Only in /Applications/Affinity Photo.app/Contents/Frameworks/libcocoaui.framework/Versions/A/Resources/en.lproj/: GeolocationViewController.nib
Only in /Applications/Affinity Photo.app/Contents/Frameworks/libcocoaui.framework/Versions/A/Resources/en.lproj/: GlyphBrowserPage.nib
Only in /Applications/Affinity Photo.app/Contents/Frameworks/libcocoaui.framework/Versions/A/Resources/en.lproj/: GradientEditorController.nib
Only in /Applications/Affinity Photo.app/Contents/Frameworks/libcocoaui.framework/Versions/A/Resources/en.lproj/: GradientEditorView.nib
Only in /Applications/Affinity Photo.app/Contents/Frameworks/libcocoaui.framework/Versions/A/Resources/en.lproj/: GridsViewController.nib
Only in /Applications/Affinity Photo.app/Contents/Frameworks/libcocoaui.framework/Versions/A/Resources/en.lproj/: GridsViewControllerAdvance.nib
Only in /Applications/Affinity Photo.app/Contents/Frameworks/libcocoaui.framework/Versions/A/Resources/en.lproj/: GridsWindowController.nib
Only in /Applications/Affinity Photo.app/Contents/Frameworks/libcocoaui.framework/Versions/A/Resources/en.lproj/: GrowShrinkSelection.nib
Only in /Applications/Affinity Photo.app/Contents/Frameworks/libcocoaui.framework/Versions/A/Resources/en.lproj/: GuidesWindowController.nib
Only in /Applications/Affinity Photo.app/Contents/Frameworks/libcocoaui.framework/Versions/A/Resources/en.lproj/: HDRPreviewPage.nib
Only in /Applications/Affinity Photo.app/Contents/Frameworks/libcocoaui.framework/Versions/A/Resources/en.lproj/: HalftoneEffect.nib
Only in /Applications/Affinity Photo.app/Contents/Frameworks/libcocoaui.framework/Versions/A/Resources/en.lproj/: HazeRemovalEffect.nib
Only in /Applications/Affinity Photo.app/Contents/Frameworks/libcocoaui.framework/Versions/A/Resources/en.lproj/: HighPassEffect.nib
Only in /Applications/Affinity Photo.app/Contents/Frameworks/libcocoaui.framework/Versions/A/Resources/en.lproj/: HistogramPage.nib
Only in /Applications/Affinity Photo.app/Contents/Frameworks/libcocoaui.framework/Versions/A/Resources/en.lproj/: HistoryItemView.nib
Only in /Applications/Affinity Photo.app/Contents/Frameworks/libcocoaui.framework/Versions/A/Resources/en.lproj/: HistoryPage.nib
Only in /Applications/Affinity Photo.app/Contents/Frameworks/libcocoaui.framework/Versions/A/Resources/en.lproj/: ICCProfilePanel.nib
Only in /Applications/Affinity Photo.app/Contents/Frameworks/libcocoaui.framework/Versions/A/Resources/en.lproj/: InfoItemView.nib
Only in /Applications/Affinity Photo.app/Contents/Frameworks/libcocoaui.framework/Versions/A/Resources/en.lproj/: InformationPage.nib
Only in /Applications/Affinity Photo.app/Contents/Frameworks/libcocoaui.framework/Versions/A/Resources/en.lproj/: KeyboardShortcutWindowController.nib
Only in /Applications/Affinity Photo.app/Contents/Frameworks/libcocoaui.framework/Versions/A/Resources/en.lproj/: KeywordsPage.nib
Only in /Applications/Affinity Photo.app/Contents/Frameworks/libcocoaui.framework/Versions/A/Resources/en.lproj/: LayerItemView.nib
Only in /Applications/Affinity Photo.app/Contents/Frameworks/libcocoaui.framework/Versions/A/Resources/en.lproj/: LayerPage.nib
Only in /Applications/Affinity Photo.app/Contents/Frameworks/libcocoaui.framework/Versions/A/Resources/en.lproj/: LayerPropertiesViewController.nib
Only in /Applications/Affinity Photo.app/Contents/Frameworks/libcocoaui.framework/Versions/A/Resources/en.lproj/: LensBlurEffect.nib
Only in /Applications/Affinity Photo.app/Contents/Frameworks/libcocoaui.framework/Versions/A/Resources/en.lproj/: LensDistortionEffect.nib
Only in /Applications/Affinity Photo.app/Contents/Frameworks/libcocoaui.framework/Versions/A/Resources/en.lproj/: LightingEffect.nib
Only in /Applications/Affinity Photo.app/Contents/Frameworks/libcocoaui.framework/Versions/A/Resources/en.lproj/: LinePage.nib
Only in /Applications/Affinity Photo.app/Contents/Frameworks/libcocoaui.framework/Versions/A/Resources/en.lproj/: LiquifyBrushPage.nib
Only in /Applications/Affinity Photo.app/Contents/Frameworks/libcocoaui.framework/Versions/A/Resources/en.lproj/: LiquifyMaskPage.nib
Only in /Applications/Affinity Photo.app/Contents/Frameworks/libcocoaui.framework/Versions/A/Resources/en.lproj/: LiquifyMeshPage.nib
Only in /Applications/Affinity Photo.app/Contents/Frameworks/libcocoaui.framework/Versions/A/Resources/en.lproj/: LoadOptionsWindow.nib
diff -s /Applications/Affinity Photo.app/Contents/Frameworks/libcocoaui.framework/Versions/A/Resources/en.lproj/Localizable.strings /Applications/Affinity Photo.app/Contents/Frameworks/libcocoaui.framework/Versions/A/Resources/ko.lproj/Localizable.strings
726c726
< 	<string>Add</string>
---
> 	<string>추가</string>
728c728
< 	<string>Add</string>
---
> 	<string>추가</string>
730c730
< 	<string>Add</string>
---
> 	<string>추가</string>
732c732
< 	<string>Add</string>
---
> 	<string>추가</string>
734c734
< 	<string>Add</string>
---
> 	<string>추가</string>
736c736
< 	<string>Add</string>
---
> 	<string>추가</string>
738c738
< 	<string>Add</string>
---
> 	<string>추가</string>
740c740
< 	<string>Add</string>
---
> 	<string>추가</string>
742c742
< 	<string>Add</string>
---
> 	<string>추가</string>
744c744
< 	<string>Add</string>
---
> 	<string>추가</string>
746c746
< 	<string>Add</string>
---
> 	<string>추가</string>
748c748
< 	<string>Add</string>
---
> 	<string>추가</string>
750c750
< 	<string>Add</string>
---
> 	<string>추가</string>
752c752
< 	<string>Add</string>
---
> 	<string>추가</string>
754c754
< 	<string>Add</string>
---
> 	<string>추가</string>
756c756
< 	<string>Add</string>
---
> 	<string>추가</string>
758c758
< 	<string>Add</string>
---
> 	<string>추가</string>
760c760
< 	<string>Add</string>
---
> 	<string>추가</string>
762c762
< 	<string>Add</string>
---
> 	<string>추가</string>
764c764
< 	<string>Add</string>
---
> 	<string>추가</string>
766c766
< 	<string>Add</string>
---
> 	<string>추가</string>
768c768
< 	<string>Add</string>
---
> 	<string>추가</string>
968c968
< 	<string>After</string>
---
> 	<string>이후</string>
970c970
< 	<string>After</string>
---
> 	<string>이후</string>
976c976
< 	<string>Align Bottom</string>
---
> 	<string>아래쪽 정렬</string>
978c978
< 	<string>Align Bottom</string>
---
> 	<string>아래쪽 정렬</string>
980c980
< 	<string>Align Bottom</string>
---
> 	<string>아래쪽 정렬</string>
982c982
< 	<string>Align Centre</string>
---
> 	<string>가로 가운데 정렬</string>
984c984
< 	<string>Align Centre</string>
---
> 	<string>가로 가운데 정렬</string>
986c986
< 	<string>Align Centre</string>
---
> 	<string>가로 가운데 정렬</string>
1006c1006
< 	<string>Align Left</string>
---
> 	<string>왼쪽 정렬</string>
1008c1008
< 	<string>Align Left</string>
---
> 	<string>왼쪽 정렬</string>
1010c1010
< 	<string>Align Left</string>
---
> 	<string>왼쪽 정렬</string>
1014c1014
< 	<string>Align Middle</string>
---
> 	<string>세로 가운데 정렬</string>
1016c1016
< 	<string>Align Middle</string>
---
> 	<string>세로 가운데 정렬</string>
1018c1018
< 	<string>Align Middle</string>
---
> 	<string>세로 가운데 정렬</string>
1024c1024
< 	<string>Align Right</string>
---
> 	<string>오른쪽 정렬</string>
1026c1026
< 	<string>Align Right</string>
---
> 	<string>오른쪽 정렬</string>
1028c1028
< 	<string>Align Right</string>
---
> 	<string>오른쪽 정렬</string>
1042c1042
< 	<string>Align Top</string>
---
> 	<string>위쪽 정렬</string>
1044c1044
< 	<string>Align Top</string>
---
> 	<string>위쪽 정렬</string>
1046c1046
< 	<string>Align Top</string>
---
> 	<string>위쪽 정렬</string>
1062c1062
< 	<string>Align</string>
---
> 	<string>정렬하기</string>
1090c1090
< 	<string>Alignment</string>
---
> 	<string>정렬</string>
1092c1092
< 	<string>Alignment</string>
---
> 	<string>정렬</string>
1094c1094
< 	<string>Alignment</string>
---
> 	<string>정렬</string>
1096c1096
< 	<string>Alignment</string>
---
> 	<string>정렬</string>
1102c1102
< 	<string>All Caps</string>
---
> 	<string>모두 대문자</string>
1104c1104
< 	<string>All Caps</string>
---
> 	<string>모두 대문자</string>
1106c1106
< 	<string>All Caps</string>
---
> 	<string>모두 대문자</string>
1312c1312
< 	<string>Apply</string>
---
> 	<string>적용</string>
1314c1314
< 	<string>Apply</string>
---
> 	<string>적용</string>
1316c1316
< 	<string>Apply</string>
---
> 	<string>적용</string>
1318c1318
< 	<string>Apply</string>
---
> 	<string>적용</string>
1320c1320
< 	<string>Apply</string>
---
> 	<string>적용</string>
1322c1322
< 	<string>Apply</string>
---
> 	<string>적용</string>
1324c1324
< 	<string>Apply</string>
---
> 	<string>적용</string>
1326c1326
< 	<string>Apply</string>
---
> 	<string>적용</string>
1328c1328
< 	<string>Apply</string>
---
> 	<string>적용</string>
1330c1330
< 	<string>Apply</string>
---
> 	<string>적용</string>
1332c1332
< 	<string>Apply</string>
---
> 	<string>적용</string>
1444c1444
< 	<string>Arrange</string>
---
> 	<string>순서</string>
1446c1446
< 	<string>Arrange</string>
---
> 	<string>순서</string>
1448c1448
< 	<string>Arrange</string>
---
> 	<string>순서</string>
1570c1570
< 	<string>Auto Colours</string>
---
> 	<string>자동 색상</string>
1572c1572
< 	<string>Auto Colours</string>
---
> 	<string>자동 색상</string>
1574c1574
< 	<string>Auto Colours</string>
---
> 	<string>자동 색상</string>
1576c1576
< 	<string>Auto Contrast</string>
---
> 	<string>자동 대비</string>
1578c1578
< 	<string>Auto Contrast</string>
---
> 	<string>자동 대비</string>
1580c1580
< 	<string>Auto Contrast</string>
---
> 	<string>자동 대비</string>
1582c1582
< 	<string>Auto Contrast</string>
---
> 	<string>자동 대비</string>
1586c1586
< 	<string>Auto Levels</string>
---
> 	<string>자동 레벨</string>
1588c1588
< 	<string>Auto Levels</string>
---
> 	<string>자동 레벨</string>
1590c1590
< 	<string>Auto Levels</string>
---
> 	<string>자동 레벨</string>
1592c1592
< 	<string>Auto Levels</string>
---
> 	<string>자동 레벨</string>
1598c1598
< 	<string>Auto White Balance</string>
---
> 	<string>자동 화이트 밸런스</string>
1600c1600
< 	<string>Auto White Balance</string>
---
> 	<string>자동 화이트 밸런스</string>
1602c1602
< 	<string>Auto White Balance</string>
---
> 	<string>자동 화이트 밸런스</string>
1604c1604
< 	<string>Auto White Balance</string>
---
> 	<string>자동 화이트 밸런스</string>
1692c1692
< 	<string>Back One</string>
---
> 	<string>뒤로 보내기</string>
1756c1756
< 	<string>Baseline</string>
---
> 	<string>기준선</string>
1768c1768
< 	<string>Basic</string>
---
> 	<string>기본</string>
1770c1770
< 	<string>Basic</string>
---
> 	<string>기본</string>
1772c1772
< 	<string>Basic</string>
---
> 	<string>기본</string>
1774c1774
< 	<string>Basic</string>
---
> 	<string>기본</string>
1780c1780
< 	<string>Before</string>
---
> 	<string>이전</string>
1782c1782
< 	<string>Before</string>
---
> 	<string>이전</string>
1784c1784
< 	<string>Behind</string>
---
> 	<string>뒤로</string>
1848c1848
< 	<string>Black &amp; White</string>
---
> 	<string>흑백</string>
1850c1850
< 	<string>Black &amp; White</string>
---
> 	<string>흑백</string>
1852c1852
< 	<string>Black &amp; White</string>
---
> 	<string>흑백</string>
1854c1854
< 	<string>Black &amp; White</string>
---
> 	<string>흑백</string>
1884c1884
< 	<string>Black</string>
---
> 	<string>검정</string>
1886c1886
< 	<string>Black</string>
---
> 	<string>검정</string>
1888c1888
< 	<string>Black</string>
---
> 	<string>검정</string>
1890c1890
< 	<string>Black</string>
---
> 	<string>검정</string>
1998c1998
< 	<string>Bold</string>
---
> 	<string>볼드체</string>
2000c2000
< 	<string>Bold</string>
---
> 	<string>볼드체</string>
2026c2026
< 	<string>Bottom</string>
---
> 	<string>아래</string>
2028c2028
< 	<string>Bottom</string>
---
> 	<string>아래</string>
2030c2030
< 	<string>Bottom</string>
---
> 	<string>아래</string>
2032c2032
< 	<string>Bottom</string>
---
> 	<string>아래</string>
2034c2034
< 	<string>Bottom</string>
---
> 	<string>아래</string>
2078c2078
< 	<string>Brightness / Contrast</string>
---
> 	<string>명암 / 대비</string>
2080c2080
< 	<string>Brightness / Contrast</string>
---
> 	<string>명암 / 대비</string>
2082c2082
< 	<string>Brightness / Contrast</string>
---
> 	<string>명암 / 대비</string>
2110c2110
< 	<string>Brush</string>
---
> 	<string>붓</string>
2112c2112
< 	<string>Brush</string>
---
> 	<string>붓</string>
2114c2114
< 	<string>Brush</string>
---
> 	<string>붓</string>
2116c2116
< 	<string>Brush</string>
---
> 	<string>붓</string>
2118c2118
< 	<string>Brush</string>
---
> 	<string>붓</string>
2120c2120
< 	<string>Brush</string>
---
> 	<string>붓</string>
2122c2122
< 	<string>Brush</string>
---
> 	<string>붓</string>
2288c2288
< 	<string>Cancel</string>
---
> 	<string>취소</string>
2290c2290
< 	<string>Cancel</string>
---
> 	<string>취소</string>
2292c2292
< 	<string>Cancel</string>
---
> 	<string>취소</string>
2294c2294
< 	<string>Cancel</string>
---
> 	<string>취소</string>
2296c2296
< 	<string>Cancel</string>
---
> 	<string>취소</string>
2298c2298
< 	<string>Cancel</string>
---
> 	<string>취소</string>
2300c2300
< 	<string>Cancel</string>
---
> 	<string>취소</string>
2302c2302
< 	<string>Cancel</string>
---
> 	<string>취소</string>
2304c2304
< 	<string>Cancel</string>
---
> 	<string>취소</string>
2306c2306
< 	<string>Cancel</string>
---
> 	<string>취소</string>
2308c2308
< 	<string>Cancel</string>
---
> 	<string>취소</string>
2310c2310
< 	<string>Cancel</string>
---
> 	<string>취소</string>
2312c2312
< 	<string>Cancel</string>
---
> 	<string>취소</string>
2314c2314
< 	<string>Cancel</string>
---
> 	<string>취소</string>
2316c2316
< 	<string>Cancel</string>
---
> 	<string>취소</string>
2318c2318
< 	<string>Cancel</string>
---
> 	<string>취소</string>
2320c2320
< 	<string>Cancel</string>
---
> 	<string>취소</string>
2322c2322
< 	<string>Cancel</string>
---
> 	<string>취소</string>
2324c2324
< 	<string>Cancel</string>
---
> 	<string>취소</string>
2326c2326
< 	<string>Cancel</string>
---
> 	<string>취소</string>
2418c2418
< 	<string>Centre</string>
---
> 	<string>가운데</string>
2420c2420
< 	<string>Centre</string>
---
> 	<string>가운데</string>
2422c2422
< 	<string>Centre</string>
---
> 	<string>가운데</string>
2424c2424
< 	<string>Centre</string>
---
> 	<string>가운데</string>
2426c2426
< 	<string>Centre</string>
---
> 	<string>가운데</string>
2428c2428
< 	<string>Centre</string>
---
> 	<string>가운데</string>
2430c2430
< 	<string>Centre</string>
---
> 	<string>가운데</string>
2432c2432
< 	<string>Centre</string>
---
> 	<string>가운데</string>
2434c2434
< 	<string>Centre</string>
---
> 	<string>가운데</string>
2436c2436
< 	<string>Centre</string>
---
> 	<string>가운데</string>
2438c2438
< 	<string>Centre</string>
---
> 	<string>가운데</string>
2440c2440
< 	<string>Centre</string>
---
> 	<string>가운데</string>
2442c2442
< 	<string>Centre</string>
---
> 	<string>가운데</string>
2444c2444
< 	<string>Centre</string>
---
> 	<string>가운데</string>
2446c2446
< 	<string>Centre</string>
---
> 	<string>가운데</string>
2474c2474
< 	<string>Channel Mixer</string>
---
> 	<string>채널 혼합</string>
2476c2476
< 	<string>Channel Mixer</string>
---
> 	<string>채널 혼합</string>
2478c2478
< 	<string>Channel Mixer</string>
---
> 	<string>채널 혼합</string>
2526c2526
< 	<string>Check Spelling While Typing</string>
---
> 	<string>작성하는 동안 철자 확인</string>
2718c2718
< 	<string>Click</string>
---
> 	<string>클릭</string>
2756c2756
< 	<string>Close</string>
---
> 	<string>닫기</string>
2758c2758
< 	<string>Close</string>
---
> 	<string>닫기</string>
2760c2760
< 	<string>Close</string>
---
> 	<string>닫기</string>
2762c2762
< 	<string>Close</string>
---
> 	<string>닫기</string>
2764c2764
< 	<string>Close</string>
---
> 	<string>닫기</string>
2766c2766
< 	<string>Close</string>
---
> 	<string>닫기</string>
2816c2816
< 	<string>Colour Balance</string>
---
> 	<string>색상 밸런스</string>
2818c2818
< 	<string>Colour Balance</string>
---
> 	<string>색상 밸런스</string>
2820c2820
< 	<string>Colour Balance</string>
---
> 	<string>색상 밸런스</string>
2852c2852
< 	<string>Colour</string>
---
> 	<string>색상</string>
2854c2854
< 	<string>Colour</string>
---
> 	<string>색상</string>
2856c2856
< 	<string>Colour</string>
---
> 	<string>색상</string>
2858c2858
< 	<string>Colour</string>
---
> 	<string>색상</string>
2860c2860
< 	<string>Colour</string>
---
> 	<string>색상</string>
2862c2862
< 	<string>Colour</string>
---
> 	<string>색상</string>
2864c2864
< 	<string>Colour</string>
---
> 	<string>색상</string>
2866c2866
< 	<string>Colour</string>
---
> 	<string>색상</string>
2868c2868
< 	<string>Colour</string>
---
> 	<string>색상</string>
2870c2870
< 	<string>Colour</string>
---
> 	<string>색상</string>
2872c2872
< 	<string>Colour</string>
---
> 	<string>색상</string>
2874c2874
< 	<string>Colour</string>
---
> 	<string>색상</string>
2876c2876
< 	<string>Colour</string>
---
> 	<string>색상</string>
2878c2878
< 	<string>Colour</string>
---
> 	<string>색상</string>
2880c2880
< 	<string>Colour</string>
---
> 	<string>색상</string>
2900c2900
< 	<string>Colours</string>
---
> 	<string>색상</string>
2902c2902
< 	<string>Colours</string>
---
> 	<string>색상</string>
2904c2904
< 	<string>Colours</string>
---
> 	<string>색상</string>
2918c2918
< 	<string>Combine</string>
---
> 	<string>배타</string>
2920c2920
< 	<string>Combine</string>
---
> 	<string>배타</string>
2922c2922
< 	<string>Combine</string>
---
> 	<string>배타</string>
3002c3002
< 	<string>Context</string>
---
> 	<string>문단</string>
3004c3004
< 	<string>Context</string>
---
> 	<string>문단</string>
3096c3096
< 	<string>Convert to Curves</string>
---
> 	<string>곡선으로 전환</string>
3098c3098
< 	<string>Convert to Curves</string>
---
> 	<string>곡선으로 전환</string>
3100c3100
< 	<string>Convert to Curves</string>
---
> 	<string>곡선으로 전환</string>
3142c3142
< 	<string>Copy</string>
---
> 	<string>복사</string>
3144c3144
< 	<string>Copy</string>
---
> 	<string>복사</string>
3180c3180
< 	<string>Create Slice</string>
---
> 	<string>슬라이스 생성</string>
3336c3336
< 	<string>Curves</string>
---
> 	<string>곡선</string>
3338c3338
< 	<string>Curves</string>
---
> 	<string>곡선</string>
3340c3340
< 	<string>Curves</string>
---
> 	<string>곡선</string>
3342c3342
< 	<string>Curves</string>
---
> 	<string>곡선</string>
3368c3368
< 	<string>Cut</string>
---
> 	<string>오려두기</string>
3370c3370
< 	<string>Cut</string>
---
> 	<string>오려두기</string>
3516c3516
< 	<string>Default</string>
---
> 	<string>기본값</string>
3518c3518
< 	<string>Default</string>
---
> 	<string>기본값</string>
3520c3520
< 	<string>Default</string>
---
> 	<string>기본값</string>
3522c3522
< 	<string>Default</string>
---
> 	<string>기본값</string>
3524c3524
< 	<string>Default</string>
---
> 	<string>기본값</string>
3526c3526
< 	<string>Default</string>
---
> 	<string>기본값</string>
3528c3528
< 	<string>Default</string>
---
> 	<string>기본값</string>
3530c3530
< 	<string>Default</string>
---
> 	<string>기본값</string>
3532c3532
< 	<string>Default</string>
---
> 	<string>기본값</string>
3542c3542
< 	<string>Defaults</string>
---
> 	<string>기본값</string>
3544c3544
< 	<string>Defaults</string>
---
> 	<string>기본값</string>
3546c3546
< 	<string>Defaults</string>
---
> 	<string>기본값</string>
3548c3548
< 	<string>Defaults</string>
---
> 	<string>기본값</string>
3612c3612
< 	<string>Delete</string>
---
> 	<string>지우기</string>
3614c3614
< 	<string>Delete</string>
---
> 	<string>지우기</string>
3616c3616
< 	<string>Delete</string>
---
> 	<string>지우기</string>
3618c3618
< 	<string>Delete</string>
---
> 	<string>지우기</string>
3620c3620
< 	<string>Delete</string>
---
> 	<string>지우기</string>
3622c3622
< 	<string>Delete</string>
---
> 	<string>지우기</string>
3624c3624
< 	<string>Delete</string>
---
> 	<string>지우기</string>
3626c3626
< 	<string>Delete</string>
---
> 	<string>지우기</string>
3628c3628
< 	<string>Delete</string>
---
> 	<string>지우기</string>
3630c3630
< 	<string>Delete</string>
---
> 	<string>지우기</string>
3632c3632
< 	<string>Delete</string>
---
> 	<string>지우기</string>
3634c3634
< 	<string>Delete</string>
---
> 	<string>지우기</string>
3636c3636
< 	<string>Delete</string>
---
> 	<string>지우기</string>
3638c3638
< 	<string>Delete</string>
---
> 	<string>지우기</string>
3716c3716
< 	<string>Depth</string>
---
> 	<string>깊이</string>
3718c3718
< 	<string>Depth</string>
---
> 	<string>깊이</string>
3726c3726
< 	<string>Desaturate</string>
---
> 	<string>채도 낮추기</string>
3728c3728
< 	<string>Desaturate</string>
---
> 	<string>채도 낮추기</string>
3730c3730
< 	<string>Desaturate</string>
---
> 	<string>채도 낮추기</string>
3762c3762
< 	<string>Deselect</string>
---
> 	<string>선택 해제</string>
3764c3764
< 	<string>Deselect</string>
---
> 	<string>선택 해제</string>
3766c3766
< 	<string>Deselect</string>
---
> 	<string>선택 해제</string>
3768c3768
< 	<string>Deselect</string>
---
> 	<string>선택 해제</string>
3770c3770
< 	<string>Deselect</string>
---
> 	<string>선택 해제</string>
3850c3850
< 	<string>Develop Persona</string>
---
> 	<string>개발 페르소나</string>
3854c3854
< 	<string>Develop</string>
---
> 	<string>개발</string>
3856c3856
< 	<string>Develop</string>
---
> 	<string>개발</string>
3858c3858
< 	<string>Develop</string>
---
> 	<string>개발</string>
3860c3860
< 	<string>Develop</string>
---
> 	<string>개발</string>
3994c3994
< 	<string>Distribute</string>
---
> 	<string>분배</string>
4000c4000
< 	<string>Divide</string>
---
> 	<string>분할</string>
4002c4002
< 	<string>Divide</string>
---
> 	<string>분할</string>
4012c4012
< 	<string>Document Setup…</string>
---
> 	<string>문서 설정…</string>
4134c4134
< 	<string>Drag</string>
---
> 	<string>드래그</string>
4148c4148
< 	<string>Duplicate</string>
---
> 	<string>복제</string>
4150c4150
< 	<string>Duplicate</string>
---
> 	<string>복제</string>
4152c4152
< 	<string>Duplicate</string>
---
> 	<string>복제</string>
4154c4154
< 	<string>Duplicate</string>
---
> 	<string>복제</string>
4232c4232
< 	<string>Edit</string>
---
> 	<string>편집</string>
4584c4584
< 	<string>Exposure</string>
---
> 	<string>노출</string>
4586c4586
< 	<string>Exposure</string>
---
> 	<string>노출</string>
4588c4588
< 	<string>Exposure</string>
---
> 	<string>노출</string>
4590c4590
< 	<string>Exposure</string>
---
> 	<string>노출</string>
4592c4592
< 	<string>Exposure</string>
---
> 	<string>노출</string>
4594c4594
< 	<string>Exposure</string>
---
> 	<string>노출</string>
4596c4596
< 	<string>Exposure</string>
---
> 	<string>노출</string>
4598c4598
< 	<string>Exposure</string>
---
> 	<string>노출</string>
4650c4650
< 	<string>Factory Reset</string>
---
> 	<string>기본값 재설정</string>
4898c4898
< 	<string>Flip Horizontal</string>
---
> 	<string>가로 뒤집기</string>
4900c4900
< 	<string>Flip Horizontal</string>
---
> 	<string>가로 뒤집기</string>
4902c4902
< 	<string>Flip Vertical</string>
---
> 	<string>세로 뒤집기</string>
4904c4904
< 	<string>Flip Vertical</string>
---
> 	<string>세로 뒤집기</string>
5024c5024
< 	<string>Forward One</string>
---
> 	<string>앞으로 가져오기</string>
5124c5124
< 	<string>General</string>
---
> 	<string>일반</string>
5126c5126
< 	<string>General</string>
---
> 	<string>일반</string>
5128c5128
< 	<string>General</string>
---
> 	<string>일반</string>
5130c5130
< 	<string>General</string>
---
> 	<string>일반</string>
5132c5132
< 	<string>General</string>
---
> 	<string>일반</string>
5138c5138
< 	<string>Geometry</string>
---
> 	<string>기하</string>
5194c5194
< 	<string>Gradient Map</string>
---
> 	<string>그레이디언트 맵</string>
5196c5196
< 	<string>Gradient Map</string>
---
> 	<string>그레이디언트 맵</string>
5198c5198
< 	<string>Gradient Map</string>
---
> 	<string>그레이디언트 맵</string>
5306c5306
< 	<string>Group</string>
---
> 	<string>그룹</string>
5308c5308
< 	<string>Group</string>
---
> 	<string>그룹</string>
5310c5310
< 	<string>Group</string>
---
> 	<string>그룹</string>
5312c5312
< 	<string>Group</string>
---
> 	<string>그룹</string>
5314c5314
< 	<string>Group</string>
---
> 	<string>그룹</string>
5316c5316
< 	<string>Group</string>
---
> 	<string>그룹</string>
5508c5508
< 	<string>Help</string>
---
> 	<string>도움말</string>
5510c5510
< 	<string>Help</string>
---
> 	<string>도움말</string>
5610c5610
< 	<string>Hold</string>
---
> 	<string>유지</string>
5616c5616
< 	<string>Home</string>
---
> 	<string>홈</string>
5618c5618
< 	<string>Home</string>
---
> 	<string>홈</string>
5836c5836
< 	<string>Inside</string>
---
> 	<string>안으로</string>
5838c5838
< 	<string>Inside</string>
---
> 	<string>안으로</string>
5840c5840
< 	<string>Inside</string>
---
> 	<string>안으로</string>
5842c5842
< 	<string>Inside</string>
---
> 	<string>안으로</string>
5888c5888
< 	<string>Intersect</string>
---
> 	<string>교차</string>
5890c5890
< 	<string>Intersect</string>
---
> 	<string>교차</string>
5892c5892
< 	<string>Intersect</string>
---
> 	<string>교차</string>
5894c5894
< 	<string>Intersect</string>
---
> 	<string>교차</string>
5896c5896
< 	<string>Intersect</string>
---
> 	<string>교차</string>
5898c5898
< 	<string>Intersect</string>
---
> 	<string>교차</string>
5900c5900
< 	<string>Intersect</string>
---
> 	<string>교차</string>
5902c5902
< 	<string>Intersect</string>
---
> 	<string>교차</string>
5904c5904
< 	<string>Intersect</string>
---
> 	<string>교차</string>
5906c5906
< 	<string>Intersect</string>
---
> 	<string>교차</string>
5908c5908
< 	<string>Intersect</string>
---
> 	<string>교차</string>
5910c5910
< 	<string>Intersect</string>
---
> 	<string>교차</string>
5912c5912
< 	<string>Intersect</string>
---
> 	<string>교차</string>
5938c5938
< 	<string>Invert Selection</string>
---
> 	<string>선택 항목 반전</string>
5942c5942
< 	<string>Invert</string>
---
> 	<string>반전</string>
5944c5944
< 	<string>Invert</string>
---
> 	<string>반전</string>
5946c5946
< 	<string>Invert</string>
---
> 	<string>반전</string>
5948c5948
< 	<string>Invert</string>
---
> 	<string>반전</string>
5950c5950
< 	<string>Invert</string>
---
> 	<string>반전</string>
5952c5952
< 	<string>Invert</string>
---
> 	<string>반전</string>
5974c5974
< 	<string>Italic</string>
---
> 	<string>이탤릭체</string>
6046c6046
< 	<string>Justify</string>
---
> 	<string>맞춤</string>
6048c6048
< 	<string>Justify</string>
---
> 	<string>맞춤</string>
6184c6184
< 	<string>Large</string>
---
> 	<string>크게</string>
6186c6186
< 	<string>Large</string>
---
> 	<string>크게</string>
6214c6214
< 	<string>Layer</string>
---
> 	<string>레이어</string>
6216c6216
< 	<string>Layer</string>
---
> 	<string>레이어</string>
6236c6236
< 	<string>Layout</string>
---
> 	<string>구조</string>
6342c6342
< 	<string>Lens Filter</string>
---
> 	<string>렌즈 필터</string>
6344c6344
< 	<string>Lens Filter</string>
---
> 	<string>렌즈 필터</string>
6346c6346
< 	<string>Lens Filter</string>
---
> 	<string>렌즈 필터</string>
6364c6364
< 	<string>Levels</string>
---
> 	<string>레벨</string>
6366c6366
< 	<string>Levels</string>
---
> 	<string>레벨</string>
6368c6368
< 	<string>Levels</string>
---
> 	<string>레벨</string>
6370c6370
< 	<string>Levels</string>
---
> 	<string>레벨</string>
6372c6372
< 	<string>Levels</string>
---
> 	<string>레벨</string>
6376c6376
< 	<string>Library</string>
---
> 	<string>라이브러리</string>
6378c6378
< 	<string>Ligatures</string>
---
> 	<string>합자</string>
6512c6512
< 	<string>Liquify Persona</string>
---
> 	<string>액화 페르소나</string>
6556c6556
< 	<string>Liquify</string>
---
> 	<string>액화</string>
6558c6558
< 	<string>Liquify</string>
---
> 	<string>액화</string>
6560c6560
< 	<string>Liquify</string>
---
> 	<string>액화</string>
6740c6740
< 	<string>Lock</string>
---
> 	<string>잠금</string>
6742c6742
< 	<string>Lock</string>
---
> 	<string>잠금</string>
6872c6872
< 	<string>Mask All</string>
---
> 	<string>모두 마스크</string>
6876c6876
< 	<string>Mask</string>
---
> 	<string>마스크</string>
6878c6878
< 	<string>Mask</string>
---
> 	<string>마스크</string>
6880c6880
< 	<string>Mask</string>
---
> 	<string>마스크</string>
6882c6882
< 	<string>Mask</string>
---
> 	<string>마스크</string>
6884c6884
< 	<string>Mask</string>
---
> 	<string>마스크</string>
6992c6992
< 	<string>Medium</string>
---
> 	<string>중간</string>
7044c7044
< 	<string>Mesh</string>
---
> 	<string>그물</string>
7046c7046
< 	<string>Mesh</string>
---
> 	<string>그물</string>
7138c7138
< 	<string>Mirror</string>
---
> 	<string>거울</string>
7140c7140
< 	<string>Mirror</string>
---
> 	<string>거울</string>
7142c7142
< 	<string>Mirror</string>
---
> 	<string>거울</string>
7144c7144
< 	<string>Mirror</string>
---
> 	<string>거울</string>
7146c7146
< 	<string>Mirror</string>
---
> 	<string>거울</string>
7148c7148
< 	<string>Mirror</string>
---
> 	<string>거울</string>
7150c7150
< 	<string>Mirror</string>
---
> 	<string>거울</string>
7152c7152
< 	<string>Mirror</string>
---
> 	<string>거울</string>
7154c7154
< 	<string>Mirror</string>
---
> 	<string>거울</string>
7156c7156
< 	<string>Mirror</string>
---
> 	<string>거울</string>
7158c7158
< 	<string>Mirror</string>
---
> 	<string>거울</string>
7160c7160
< 	<string>Mirror</string>
---
> 	<string>거울</string>
7162c7162
< 	<string>Mirror</string>
---
> 	<string>거울</string>
7180c7180
< 	<string>Miscellaneous</string>
---
> 	<string>기타</string>
7282c7282
< 	<string>Move To Front</string>
---
> 	<string>맨 앞으로 가져오기</string>
7352c7352
< 	<string>Move to Back</string>
---
> 	<string>맨 뒤로 보내기</string>
7354c7354
< 	<string>Move to Front</string>
---
> 	<string>맨 앞으로 가져오기</string>
7456c7456
< 	<string>New Layer</string>
---
> 	<string>새로운 레이어</string>
7458c7458
< 	<string>New Layer</string>
---
> 	<string>새로운 레이어</string>
7460c7460
< 	<string>New Layer</string>
---
> 	<string>새로운 레이어</string>
7462c7462
< 	<string>New Layer</string>
---
> 	<string>새로운 레이어</string>
7474c7474
< 	<string>New Pixel Layer</string>
---
> 	<string>새로운 픽셀 레이어</string>
7476c7476
< 	<string>New Pixel Layer</string>
---
> 	<string>새로운 픽셀 레이어</string>
7478c7478
< 	<string>New Pixel Layer</string>
---
> 	<string>새로운 픽셀 레이어</string>
7490c7490
< 	<string>New</string>
---
> 	<string>신규</string>
7492c7492
< 	<string>New</string>
---
> 	<string>신규</string>
7494c7494
< 	<string>New</string>
---
> 	<string>신규</string>
7496c7496
< 	<string>New</string>
---
> 	<string>신규</string>
7498c7498
< 	<string>New</string>
---
> 	<string>신규</string>
7500c7500
< 	<string>New</string>
---
> 	<string>신규</string>
7502c7502
< 	<string>New</string>
---
> 	<string>신규</string>
7504c7504
< 	<string>New</string>
---
> 	<string>신규</string>
7506c7506
< 	<string>New</string>
---
> 	<string>신규</string>
7508c7508
< 	<string>New</string>
---
> 	<string>신규</string>
7562c7562
< 	<string>No</string>
---
> 	<string>아니오</string>
7564c7564
< 	<string>No</string>
---
> 	<string>아니오</string>
7566c7566
< 	<string>No</string>
---
> 	<string>아니오</string>
7568c7568
< 	<string>No</string>
---
> 	<string>아니오</string>
7634c7634
< 	<string>None</string>
---
> 	<string>없음</string>
7636c7636
< 	<string>None</string>
---
> 	<string>없음</string>
7638c7638
< 	<string>None</string>
---
> 	<string>없음</string>
7640c7640
< 	<string>None</string>
---
> 	<string>없음</string>
7642c7642
< 	<string>None</string>
---
> 	<string>없음</string>
7644c7644
< 	<string>None</string>
---
> 	<string>없음</string>
7646c7646
< 	<string>None</string>
---
> 	<string>없음</string>
7648c7648
< 	<string>None</string>
---
> 	<string>없음</string>
7650c7650
< 	<string>None</string>
---
> 	<string>없음</string>
7652c7652
< 	<string>None</string>
---
> 	<string>없음</string>
7654c7654
< 	<string>None</string>
---
> 	<string>없음</string>
7656c7656
< 	<string>None</string>
---
> 	<string>없음</string>
7658c7658
< 	<string>None</string>
---
> 	<string>없음</string>
7660c7660
< 	<string>None</string>
---
> 	<string>없음</string>
7662c7662
< 	<string>None</string>
---
> 	<string>없음</string>
7664c7664
< 	<string>None</string>
---
> 	<string>없음</string>
7666c7666
< 	<string>None</string>
---
> 	<string>없음</string>
7668c7668
< 	<string>None</string>
---
> 	<string>없음</string>
7670c7670
< 	<string>None</string>
---
> 	<string>없음</string>
7672c7672
< 	<string>None</string>
---
> 	<string>없음</string>
7674c7674
< 	<string>None</string>
---
> 	<string>없음</string>
7676c7676
< 	<string>None</string>
---
> 	<string>없음</string>
7678c7678
< 	<string>None</string>
---
> 	<string>없음</string>
7680c7680
< 	<string>None</string>
---
> 	<string>없음</string>
7682c7682
< 	<string>None</string>
---
> 	<string>없음</string>
7684c7684
< 	<string>None</string>
---
> 	<string>없음</string>
7686c7686
< 	<string>None</string>
---
> 	<string>없음</string>
7688c7688
< 	<string>None</string>
---
> 	<string>없음</string>
7690c7690
< 	<string>None</string>
---
> 	<string>없음</string>
7692c7692
< 	<string>None</string>
---
> 	<string>없음</string>
7870c7870
< 	<string>Opacity</string>
---
> 	<string>불투명도</string>
7872c7872
< 	<string>Opacity</string>
---
> 	<string>불투명도</string>
7874c7874
< 	<string>Opacity</string>
---
> 	<string>불투명도</string>
7876c7876
< 	<string>Opacity</string>
---
> 	<string>불투명도</string>
7878c7878
< 	<string>Opacity</string>
---
> 	<string>불투명도</string>
7880c7880
< 	<string>Opacity</string>
---
> 	<string>불투명도</string>
7882c7882
< 	<string>Opacity</string>
---
> 	<string>불투명도</string>
7884c7884
< 	<string>Opacity</string>
---
> 	<string>불투명도</string>
7886c7886
< 	<string>Opacity</string>
---
> 	<string>불투명도</string>
7888c7888
< 	<string>Opacity</string>
---
> 	<string>불투명도</string>
7890c7890
< 	<string>Opacity</string>
---
> 	<string>불투명도</string>
7892c7892
< 	<string>Opacity</string>
---
> 	<string>불투명도</string>
7894c7894
< 	<string>Opacity</string>
---
> 	<string>불투명도</string>
7896c7896
< 	<string>Opacity</string>
---
> 	<string>불투명도</string>
7898c7898
< 	<string>Opacity</string>
---
> 	<string>불투명도</string>
7900c7900
< 	<string>Opacity</string>
---
> 	<string>불투명도</string>
7902c7902
< 	<string>Opacity</string>
---
> 	<string>불투명도</string>
7904c7904
< 	<string>Opacity</string>
---
> 	<string>불투명도</string>
7906c7906
< 	<string>Opacity</string>
---
> 	<string>불투명도</string>
7908c7908
< 	<string>Opacity</string>
---
> 	<string>불투명도</string>
7910c7910
< 	<string>Opacity</string>
---
> 	<string>불투명도</string>
7912c7912
< 	<string>Opacity</string>
---
> 	<string>불투명도</string>
7914c7914
< 	<string>Opacity:</string>
---
> 	<string>불투명도:</string>
7916c7916
< 	<string>Opacity:</string>
---
> 	<string>불투명도:</string>
7966c7966
< 	<string>Order</string>
---
> 	<string>순서</string>
8016c8016
< 	<string>Outline</string>
---
> 	<string>윤곽</string>
8018c8018
< 	<string>Outline</string>
---
> 	<string>윤곽</string>
8192c8192
< 	<string>Panorama Persona</string>
---
> 	<string>파노라마 페르소나</string>
8196c8196
< 	<string>Panorama</string>
---
> 	<string>파노라마</string>
8242c8242
< 	<string>Paste FX</string>
---
> 	<string>효과 붙이기</string>
8244c8244
< 	<string>Paste Inside</string>
---
> 	<string>안으로 붙이기</string>
8246c8246
< 	<string>Paste Style</string>
---
> 	<string>스타일 붙이기</string>
8250c8250
< 	<string>Paste</string>
---
> 	<string>붙이기</string>
8252c8252
< 	<string>Paste</string>
---
> 	<string>붙이기</string>
8318c8318
< 	<string>Percentage</string>
---
> 	<string>백분율</string>
8328c8328
< 	<string>Performance</string>
---
> 	<string>성능</string>
8402c8402
< 	<string>Photo</string>
---
> 	<string>사진</string>
8404c8404
< 	<string>Photo</string>
---
> 	<string>사진</string>
8406c8406
< 	<string>Photo</string>
---
> 	<string>사진</string>
8476c8476
< 	<string>Pixel</string>
---
> 	<string>픽셀</string>
8478c8478
< 	<string>Pixel</string>
---
> 	<string>픽셀</string>
8480c8480
< 	<string>Pixel</string>
---
> 	<string>픽셀</string>
8510c8510
< 	<string>Pixels</string>
---
> 	<string>픽셀</string>
8512c8512
< 	<string>Pixels</string>
---
> 	<string>픽셀</string>
8514c8514
< 	<string>Pixels</string>
---
> 	<string>픽셀</string>
8516c8516
< 	<string>Pixels</string>
---
> 	<string>픽셀</string>
8690c8690
< 	<string>Posterise</string>
---
> 	<string>포스터화</string>
8692c8692
< 	<string>Posterise</string>
---
> 	<string>포스터화</string>
8694c8694
< 	<string>Posterise</string>
---
> 	<string>포스터화</string>
8702c8702
< 	<string>Preferences…</string>
---
> 	<string>환경설정…</string>
9072c9072
< 	<string>Recent</string>
---
> 	<string>최근 사용 항목</string>
9074c9074
< 	<string>Recent</string>
---
> 	<string>최근 사용 항목</string>
9082c9082
< 	<string>Recolour</string>
---
> 	<string>재색상</string>
9084c9084
< 	<string>Recolour</string>
---
> 	<string>재색상</string>
9086c9086
< 	<string>Recolour</string>
---
> 	<string>재색상</string>
9146c9146
< 	<string>Redo</string>
---
> 	<string>다시 실행</string>
9148c9148
< 	<string>Redo</string>
---
> 	<string>다시 실행</string>
9150c9150
< 	<string>Redo</string>
---
> 	<string>다시 실행</string>
9152c9152
< 	<string>Redo</string>
---
> 	<string>다시 실행</string>
9286c9286
< 	<string>Rename Palette...</string>
---
> 	<string>팔레트 이름 변경...</string>
9410c9410
< 	<string>Reset Selection Box</string>
---
> 	<string>선택 항목 상자 재설정</string>
9494c9494
< 	<string>Retina Pixels</string>
---
> 	<string>레티나 픽셀</string>
9538c9538
< 	<string>Revert</string>
---
> 	<string>되돌리기</string>
9612c9612
< 	<string>Rotate Anticlockwise</string>
---
> 	<string>반시계방향으로 회전</string>
9614c9614
< 	<string>Rotate Anticlockwise</string>
---
> 	<string>반시계방향으로 회전</string>
9620c9620
< 	<string>Rotate Clockwise</string>
---
> 	<string>시계방향으로 회전</string>
9622c9622
< 	<string>Rotate Clockwise</string>
---
> 	<string>시계방향으로 회전</string>
9824c9824
< 	<string>Save</string>
---
> 	<string>저장</string>
9826c9826
< 	<string>Save</string>
---
> 	<string>저장</string>
9828c9828
< 	<string>Save</string>
---
> 	<string>저장</string>
9830c9830
< 	<string>Save</string>
---
> 	<string>저장</string>
9992c9992
< 	<string>Select All</string>
---
> 	<string>전체 선택</string>
9994c9994
< 	<string>Select All</string>
---
> 	<string>전체 선택</string>
9996c9996
< 	<string>Select All</string>
---
> 	<string>전체 선택</string>
9998c9998
< 	<string>Select All</string>
---
> 	<string>전체 선택</string>
10046c10046
< 	<string>Select</string>
---
> 	<string>선택</string>
10162c10162
< 	<string>Selection</string>
---
> 	<string>선택 항목</string>
10164c10164
< 	<string>Selection</string>
---
> 	<string>선택 항목</string>
10166c10166
< 	<string>Selection</string>
---
> 	<string>선택 항목</string>
10168c10168
< 	<string>Selection</string>
---
> 	<string>선택 항목</string>
10170c10170
< 	<string>Selection</string>
---
> 	<string>선택 항목</string>
10172c10172
< 	<string>Selection</string>
---
> 	<string>선택 항목</string>
10194c10194
< 	<string>Selective Colour</string>
---
> 	<string>색상 선택</string>
10196c10196
< 	<string>Selective Colour</string>
---
> 	<string>색상 선택</string>
10198c10198
< 	<string>Selective Colour</string>
---
> 	<string>색상 선택</string>
11014c11014
< 	<string>Shadows / Highlights</string>
---
> 	<string>그림자 / 빛</string>
11016c11016
< 	<string>Shadows / Highlights</string>
---
> 	<string>그림자 / 빛</string>
11018c11018
< 	<string>Shadows / Highlights</string>
---
> 	<string>그림자 / 빛</string>
11020c11020
< 	<string>Shadows / Highlights</string>
---
> 	<string>그림자 / 빛</string>
11130c11130
< 	<string>Show All</string>
---
> 	<string>모두 보기</string>
11134c11134
< 	<string>Show Grid</string>
---
> 	<string>격자선 나타내기</string>
11136c11136
< 	<string>Show Guides</string>
---
> 	<string>안내선 나타내기</string>
11194c11194
< 	<string>Size</string>
---
> 	<string>크기</string>
11196c11196
< 	<string>Size</string>
---
> 	<string>크기</string>
11198c11198
< 	<string>Size</string>
---
> 	<string>크기</string>
11200c11200
< 	<string>Size</string>
---
> 	<string>크기</string>
11202c11202
< 	<string>Size</string>
---
> 	<string>크기</string>
11284c11284
< 	<string>Small Caps</string>
---
> 	<string>작은 대문자</string>
11286c11286
< 	<string>Small Caps</string>
---
> 	<string>작은 대문자</string>
11288c11288
< 	<string>Small Caps</string>
---
> 	<string>작은 대문자</string>
11294c11294
< 	<string>Small</string>
---
> 	<string>작게</string>
11296c11296
< 	<string>Small</string>
---
> 	<string>작게</string>
11390c11390
< 	<string>Snapping</string>
---
> 	<string>스내핑</string>
11406c11406
< 	<string>Soft Proof</string>
---
> 	<string>미리보기</string>
11408c11408
< 	<string>Soft Proof</string>
---
> 	<string>미리보기</string>
11410c11410
< 	<string>Soft Proof</string>
---
> 	<string>미리보기</string>
11496c11496
< 	<string>Space Horizontally</string>
---
> 	<string>가로 공간</string>
11508c11508
< 	<string>Space Vertically</string>
---
> 	<string>세로 공간</string>
11524c11524
< 	<string>Spacing</string>
---
> 	<string>공간</string>
11526c11526
< 	<string>Spacing</string>
---
> 	<string>공간</string>
11528c11528
< 	<string>Spacing</string>
---
> 	<string>공간</string>
11602c11602
< 	<string>Split</string>
---
> 	<string>분할</string>
11762c11762
< 	<string>Strikeout</string>
---
> 	<string>취소선</string>
11792c11792
< 	<string>Style</string>
---
> 	<string>스타일</string>
11794c11794
< 	<string>Style</string>
---
> 	<string>스타일</string>
11796c11796
< 	<string>Style</string>
---
> 	<string>스타일</string>
11822c11822
< 	<string>Subscript</string>
---
> 	<string>아랫첨자</string>
11824c11824
< 	<string>Subscript</string>
---
> 	<string>아랫첨자</string>
11826c11826
< 	<string>Subscript</string>
---
> 	<string>아랫첨자</string>
11828c11828
< 	<string>Subscript</string>
---
> 	<string>아랫첨자</string>
11830c11830
< 	<string>Subscript</string>
---
> 	<string>아랫첨자</string>
11832c11832
< 	<string>Subscript</string>
---
> 	<string>아랫첨자</string>
11836c11836
< 	<string>Subtract</string>
---
> 	<string>제거</string>
11838c11838
< 	<string>Subtract</string>
---
> 	<string>제거</string>
11840c11840
< 	<string>Subtract</string>
---
> 	<string>제거</string>
11842c11842
< 	<string>Subtract</string>
---
> 	<string>제거</string>
11844c11844
< 	<string>Subtract</string>
---
> 	<string>제거</string>
11846c11846
< 	<string>Subtract</string>
---
> 	<string>제거</string>
11848c11848
< 	<string>Subtract</string>
---
> 	<string>제거</string>
11850c11850
< 	<string>Subtract</string>
---
> 	<string>제거</string>
11852c11852
< 	<string>Subtract</string>
---
> 	<string>제거</string>
11854c11854
< 	<string>Subtract</string>
---
> 	<string>제거</string>
11856c11856
< 	<string>Subtract</string>
---
> 	<string>제거</string>
11858c11858
< 	<string>Subtract</string>
---
> 	<string>제거</string>
11860c11860
< 	<string>Subtract</string>
---
> 	<string>제거</string>
11862c11862
< 	<string>Subtract</string>
---
> 	<string>제거</string>
11864c11864
< 	<string>Subtract</string>
---
> 	<string>제거</string>
11866c11866
< 	<string>Subtract</string>
---
> 	<string>제거</string>
11868c11868
< 	<string>Subtract</string>
---
> 	<string>제거</string>
11870c11870
< 	<string>Subtract</string>
---
> 	<string>제거</string>
11876c11876
< 	<string>Superscript</string>
---
> 	<string>윗첨자</string>
11878c11878
< 	<string>Superscript</string>
---
> 	<string>윗첨자</string>
11880c11880
< 	<string>Superscript</string>
---
> 	<string>윗첨자</string>
11882c11882
< 	<string>Superscript</string>
---
> 	<string>윗첨자</string>
11884c11884
< 	<string>Superscript</string>
---
> 	<string>윗첨자</string>
11886c11886
< 	<string>Superscript</string>
---
> 	<string>윗첨자</string>
11948c11948
< 	<string>Sync After</string>
---
> 	<string>이후 항목 동기화</string>
11950c11950
< 	<string>Sync After</string>
---
> 	<string>이후 항목 동기화</string>
11952c11952
< 	<string>Sync Before</string>
---
> 	<string>이전 항목 동기화</string>
11954c11954
< 	<string>Sync Before</string>
---
> 	<string>이전 항목 동기화</string>
11968c11968
< 	<string>Synchronise from Selection</string>
---
> 	<string>선택 항목에서 기본값 동기화</string>
11978c11978
< 	<string>System</string>
---
> 	<string>시스템</string>
12124c12124
< 	<string>Text Styles</string>
---
> 	<string>텍스트 스타일</string>
12126c12126
< 	<string>Text Styles</string>
---
> 	<string>텍스트 스타일</string>
12128c12128
< 	<string>Text</string>
---
> 	<string>문자</string>
12130c12130
< 	<string>Text</string>
---
> 	<string>문자</string>
12132c12132
< 	<string>Text</string>
---
> 	<string>문자</string>
12134c12134
< 	<string>Text</string>
---
> 	<string>문자</string>
12136c12136
< 	<string>Text</string>
---
> 	<string>문자</string>
12464c12464
< 	<string>Threshold</string>
---
> 	<string>역치</string>
12466c12466
< 	<string>Threshold</string>
---
> 	<string>역치</string>
12468c12468
< 	<string>Threshold</string>
---
> 	<string>역치</string>
12470c12470
< 	<string>Threshold</string>
---
> 	<string>역치</string>
12472c12472
< 	<string>Threshold</string>
---
> 	<string>역치</string>
12474c12474
< 	<string>Threshold</string>
---
> 	<string>역치</string>
12652c12652
< 	<string>Tone Mapping Persona</string>
---
> 	<string>톤 맵핑 페르소나</string>
12654c12654
< 	<string>Tone Mapping</string>
---
> 	<string>톤 맵핑</string>
12660c12660
< 	<string>Tones</string>
---
> 	<string>색조</string>
12662c12662
< 	<string>Tools</string>
---
> 	<string>도구</string>
12664c12664
< 	<string>Tools</string>
---
> 	<string>도구</string>
12666c12666
< 	<string>Tools</string>
---
> 	<string>도구</string>
12668c12668
< 	<string>Tools</string>
---
> 	<string>도구</string>
12670c12670
< 	<string>Tools</string>
---
> 	<string>도구</string>
12690c12690
< 	<string>Top</string>
---
> 	<string>위로</string>
12692c12692
< 	<string>Top</string>
---
> 	<string>위로</string>
12694c12694
< 	<string>Top</string>
---
> 	<string>위로</string>
12696c12696
< 	<string>Top</string>
---
> 	<string>위로</string>
12698c12698
< 	<string>Top</string>
---
> 	<string>위로</string>
12728c12728
< 	<string>Transform</string>
---
> 	<string>변형</string>
12730c12730
< 	<string>Transform</string>
---
> 	<string>변형</string>
12732c12732
< 	<string>Transform</string>
---
> 	<string>변형</string>
12932c12932
< 	<string>Underline</string>
---
> 	<string>밑줄</string>
12934c12934
< 	<string>Underline</string>
---
> 	<string>밑줄</string>
12936c12936
< 	<string>Underline</string>
---
> 	<string>밑줄</string>
12954c12954
< 	<string>Undo</string>
---
> 	<string>실행 취소</string>
12956c12956
< 	<string>Undo</string>
---
> 	<string>실행 취소</string>
12958c12958
< 	<string>Undo</string>
---
> 	<string>실행 취소</string>
12960c12960
< 	<string>Undo</string>
---
> 	<string>실행 취소</string>
12962c12962
< 	<string>Undo</string>
---
> 	<string>실행 취소</string>
12984c12984
< 	<string>Ungroup</string>
---
> 	<string>그룹 해제</string>
12986c12986
< 	<string>Ungroup</string>
---
> 	<string>그룹 해제</string>
12988c12988
< 	<string>Ungroup</string>
---
> 	<string>그룹 해제</string>
13000c13000
< 	<string>Union</string>
---
> 	<string>병합</string>
13122c13122
< 	<string>Unlock All</string>
---
> 	<string>모두 잠금 해제</string>
13124c13124
< 	<string>Unlock</string>
---
> 	<string>잠금 해제</string>
13260c13260
< 	<string>Vector</string>
---
> 	<string>벡터</string>
13262c13262
< 	<string>Vector</string>
---
> 	<string>벡터</string>
13264c13264
< 	<string>Vector</string>
---
> 	<string>벡터</string>
13294c13294
< 	<string>Vibrance</string>
---
> 	<string>활기</string>
13296c13296
< 	<string>Vibrance</string>
---
> 	<string>활기</string>
13298c13298
< 	<string>Vibrance</string>
---
> 	<string>활기</string>
13300c13300
< 	<string>Vibrance</string>
---
> 	<string>활기</string>
13302c13302
< 	<string>Vibrance</string>
---
> 	<string>활기</string>
13304c13304
< 	<string>Vibrance</string>
---
> 	<string>활기</string>
13306c13306
< 	<string>Vibrance</string>
---
> 	<string>활기</string>
13308c13308
< 	<string>Vibrance</string>
---
> 	<string>활기</string>
13310c13310
< 	<string>Vibrance</string>
---
> 	<string>활기</string>
13312c13312
< 	<string>Vibrance</string>
---
> 	<string>활기</string>
13326c13326
< 	<string>View</string>
---
> 	<string>뷰</string>
13390c13390
< 	<string>White Balance</string>
---
> 	<string>화이트 밸런스</string>
13392c13392
< 	<string>White Balance</string>
---
> 	<string>화이트 밸런스</string>
13394c13394
< 	<string>White Balance</string>
---
> 	<string>화이트 밸런스</string>
13396c13396
< 	<string>White Balance</string>
---
> 	<string>화이트 밸런스</string>
13402c13402
< 	<string>White</string>
---
> 	<string>하양</string>
13458c13458
< 	<string>Width:</string>
---
> 	<string>두께:</string>
13460c13460
< 	<string>Width:</string>
---
> 	<string>두께:</string>
13462c13462
< 	<string>Width:</string>
---
> 	<string>두께:</string>
13464c13464
< 	<string>Width:</string>
---
> 	<string>두께:</string>
13466c13466
< 	<string>Window</string>
---
> 	<string>윈도우</string>
13468c13468
< 	<string>Window</string>
---
> 	<string>윈도우</string>
13586c13586
< 	<string>Yes</string>
---
> 	<string>예</string>
13588c13588
< 	<string>Yes</string>
---
> 	<string>예</string>
13590c13590
< 	<string>Yes</string>
---
> 	<string>예</string>
13592c13592
< 	<string>Yes</string>
---
> 	<string>예</string>
13670c13670
< 	<string>Zoom</string>
---
> 	<string>맞추기</string>
13672c13672
< 	<string>Zoom</string>
---
> 	<string>맞추기</string>
13674c13674
< 	<string>Zoom</string>
---
> 	<string>맞추기</string>
13676c13676
< 	<string>Zoom</string>
---
> 	<string>맞추기</string>
13680c13680
< 	<string>Zoom to Fit</string>
---
> 	<string>화면 크기에 맞추기</string>
13682c13682
< 	<string>Zoom to Selection</string>
---
> 	<string>선택 항목에 맞추기</string>
Only in /Applications/Affinity Photo.app/Contents/Frameworks/libcocoaui.framework/Versions/A/Resources/en.lproj/: MacroCategoryItemView.nib
Only in /Applications/Affinity Photo.app/Contents/Frameworks/libcocoaui.framework/Versions/A/Resources/en.lproj/: MacroEditViewController.nib
Only in /Applications/Affinity Photo.app/Contents/Frameworks/libcocoaui.framework/Versions/A/Resources/en.lproj/: MacroEffect.nib
Only in /Applications/Affinity Photo.app/Contents/Frameworks/libcocoaui.framework/Versions/A/Resources/en.lproj/: MacroItemView.nib
Only in /Applications/Affinity Photo.app/Contents/Frameworks/libcocoaui.framework/Versions/A/Resources/en.lproj/: MacroPage.nib
Only in /Applications/Affinity Photo.app/Contents/Frameworks/libcocoaui.framework/Versions/A/Resources/en.lproj/: MacroSelectLayerPanel.nib
Only in /Applications/Affinity Photo.app/Contents/Frameworks/libcocoaui.framework/Versions/A/Resources/en.lproj/: MacrosItemView.nib
Only in /Applications/Affinity Photo.app/Contents/Frameworks/libcocoaui.framework/Versions/A/Resources/en.lproj/: MacrosPage.nib
Only in /Applications/Affinity Photo.app/Contents/Frameworks/libcocoaui.framework/Versions/A/Resources/en.lproj/: MainWindow.nib
Only in /Applications/Affinity Photo.app/Contents/Frameworks/libcocoaui.framework/Versions/A/Resources/en.lproj/: MatteEffect.nib
Only in /Applications/Affinity Photo.app/Contents/Frameworks/libcocoaui.framework/Versions/A/Resources/en.lproj/: MaximumEffect.nib
Only in /Applications/Affinity Photo.app/Contents/Frameworks/libcocoaui.framework/Versions/A/Resources/en.lproj/: MedianEffect.nib
Only in /Applications/Affinity Photo.app/Contents/Frameworks/libcocoaui.framework/Versions/A/Resources/en.lproj/: MergeTextStyles.nib
Only in /Applications/Affinity Photo.app/Contents/Frameworks/libcocoaui.framework/Versions/A/Resources/en.lproj/: MinimumEffect.nib
Only in /Applications/Affinity Photo.app/Contents/Frameworks/libcocoaui.framework/Versions/A/Resources/en.lproj/: MirrorEffect.nib
Only in /Applications/Affinity Photo.app/Contents/Frameworks/libcocoaui.framework/Versions/A/Resources/en.lproj/: MotionBlurEffect.nib
Only in /Applications/Affinity Photo.app/Contents/Frameworks/libcocoaui.framework/Versions/A/Resources/en.lproj/: NavigatorPage.nib
Only in /Applications/Affinity Photo.app/Contents/Frameworks/libcocoaui.framework/Versions/A/Resources/en.lproj/: NewBatchPanel.nib
Only in /Applications/Affinity Photo.app/Contents/Frameworks/libcocoaui.framework/Versions/A/Resources/en.lproj/: NewDocPanel MultiSpread.nib
Only in /Applications/Affinity Photo.app/Contents/Frameworks/libcocoaui.framework/Versions/A/Resources/en.lproj/: NewDocPanel.nib
Only in /Applications/Affinity Photo.app/Contents/Frameworks/libcocoaui.framework/Versions/A/Resources/en.lproj/: NewFocusMergePanel.nib
Only in /Applications/Affinity Photo.app/Contents/Frameworks/libcocoaui.framework/Versions/A/Resources/en.lproj/: NewHDRMergePanel.nib
Only in /Applications/Affinity Photo.app/Contents/Frameworks/libcocoaui.framework/Versions/A/Resources/en.lproj/: NewPanoramaPanel.nib
Only in /Applications/Affinity Photo.app/Contents/Frameworks/libcocoaui.framework/Versions/A/Resources/en.lproj/: NewStackPanel.nib
Only in /Applications/Affinity Photo.app/Contents/Frameworks/libcocoaui.framework/Versions/A/Resources/en.lproj/: NoiseEffect.nib
Only in /Applications/Affinity Photo.app/Contents/Frameworks/libcocoaui.framework/Versions/A/Resources/en.lproj/: OpenAccessoryViewController.nib
Only in /Applications/Affinity Photo.app/Contents/Frameworks/libcocoaui.framework/Versions/A/Resources/en.lproj/: OpenImageAccessoryViewController.nib
Only in /Applications/Affinity Photo.app/Contents/Frameworks/libcocoaui.framework/Versions/A/Resources/en.lproj/: OpenTypeWindowController.nib
Only in /Applications/Affinity Photo.app/Contents/Frameworks/libcocoaui.framework/Versions/A/Resources/en.lproj/: OutlineSelection.nib
Only in /Applications/Affinity Photo.app/Contents/Frameworks/libcocoaui.framework/Versions/A/Resources/en.lproj/: Page Setup.nib
Only in /Applications/Affinity Photo.app/Contents/Frameworks/libcocoaui.framework/Versions/A/Resources/en.lproj/: PageSetupWindowController.nib
Only in /Applications/Affinity Photo.app/Contents/Frameworks/libcocoaui.framework/Versions/A/Resources/en.lproj/: PagesPage.nib
Only in /Applications/Affinity Photo.app/Contents/Frameworks/libcocoaui.framework/Versions/A/Resources/en.lproj/: PaletteModel.nib
Only in /Applications/Affinity Photo.app/Contents/Frameworks/libcocoaui.framework/Versions/A/Resources/en.lproj/: PalettisationView.nib
Only in /Applications/Affinity Photo.app/Contents/Frameworks/libcocoaui.framework/Versions/A/Resources/en.lproj/: PanoramaItemView.nib
Only in /Applications/Affinity Photo.app/Contents/Frameworks/libcocoaui.framework/Versions/A/Resources/en.lproj/: PanoramaSourceItemView.nib
Only in /Applications/Affinity Photo.app/Contents/Frameworks/libcocoaui.framework/Versions/A/Resources/en.lproj/: ParagraphPage.nib
Only in /Applications/Affinity Photo.app/Contents/Frameworks/libcocoaui.framework/Versions/A/Resources/en.lproj/: PerlinNoiseEffect.nib
Only in /Applications/Affinity Photo.app/Contents/Frameworks/libcocoaui.framework/Versions/A/Resources/en.lproj/: PerspectiveEffect.nib
Only in /Applications/Affinity Photo.app/Contents/Frameworks/libcocoaui.framework/Versions/A/Resources/en.lproj/: PinchPunchEffect.nib
Only in /Applications/Affinity Photo.app/Contents/Frameworks/libcocoaui.framework/Versions/A/Resources/en.lproj/: PixelateEffect.nib
Only in /Applications/Affinity Photo.app/Contents/Frameworks/libcocoaui.framework/Versions/A/Resources/en.lproj/: Preferences.nib
Only in /Applications/Affinity Photo.app/Contents/Frameworks/libcocoaui.framework/Versions/A/Resources/en.lproj/: PresetsPage.nib
Only in /Applications/Affinity Photo.app/Contents/Frameworks/libcocoaui.framework/Versions/A/Resources/en.lproj/: PressureViewController.nib
Only in /Applications/Affinity Photo.app/Contents/Frameworks/libcocoaui.framework/Versions/A/Resources/en.lproj/: PrintersMarksAccessoryView.nib
Only in /Applications/Affinity Photo.app/Contents/Frameworks/libcocoaui.framework/Versions/A/Resources/en.lproj/: PrintingAccessoryViewController.nib
Only in /Applications/Affinity Photo.app/Contents/Frameworks/libcocoaui.framework/Versions/A/Resources/en.lproj/: ProfileEditorView.nib
Only in /Applications/Affinity Photo.app/Contents/Frameworks/libcocoaui.framework/Versions/A/Resources/en.lproj/: ProgressPanel.nib
Only in /Applications/Affinity Photo.app/Contents/Frameworks/libcocoaui.framework/Versions/A/Resources/en.lproj/: RadialBlurEffect.nib
Only in /Applications/Affinity Photo.app/Contents/Frameworks/libcocoaui.framework/Versions/A/Resources/en.lproj/: RasteriseOptionsPanel.nib
Only in /Applications/Affinity Photo.app/Contents/Frameworks/libcocoaui.framework/Versions/A/Resources/en.lproj/: RefineSelection.nib
Only in /Applications/Affinity Photo.app/Contents/Frameworks/libcocoaui.framework/Versions/A/Resources/en.lproj/: RemoveVignetteEffect.nib
Only in /Applications/Affinity Photo.app/Contents/Frameworks/libcocoaui.framework/Versions/A/Resources/en.lproj/: ResizeCanvasPanel.nib
Only in /Applications/Affinity Photo.app/Contents/Frameworks/libcocoaui.framework/Versions/A/Resources/en.lproj/: ResizePanel.nib
Only in /Applications/Affinity Photo.app/Contents/Frameworks/libcocoaui.framework/Versions/A/Resources/en.lproj/: ResizePixelArtPanel.nib
Only in /Applications/Affinity Photo.app/Contents/Frameworks/libcocoaui.framework/Versions/A/Resources/en.lproj/: ResourceManagerWindowController.nib
Only in /Applications/Affinity Photo.app/Contents/Frameworks/libcocoaui.framework/Versions/A/Resources/en.lproj/: RippleEffect.nib
Only in /Applications/Affinity Photo.app/Contents/Frameworks/libcocoaui.framework/Versions/A/Resources/en.lproj/: SaveAccessoryViewController.nib
Only in /Applications/Affinity Photo.app/Contents/Frameworks/libcocoaui.framework/Versions/A/Resources/en.lproj/: ScanningController.nib
Only in /Applications/Affinity Photo.app/Contents/Frameworks/libcocoaui.framework/Versions/A/Resources/en.lproj/: SelectDocument.nib
Only in /Applications/Affinity Photo.app/Contents/Frameworks/libcocoaui.framework/Versions/A/Resources/en.lproj/: SelectSampledColour.nib
Only in /Applications/Affinity Photo.app/Contents/Frameworks/libcocoaui.framework/Versions/A/Resources/en.lproj/: ShadowsHighlightsEffect.nib
Only in /Applications/Affinity Photo.app/Contents/Frameworks/libcocoaui.framework/Versions/A/Resources/en.lproj/: ShearEffect.nib
Only in /Applications/Affinity Photo.app/Contents/Frameworks/libcocoaui.framework/Versions/A/Resources/en.lproj/: SmoothSelection.nib
Only in /Applications/Affinity Photo.app/Contents/Frameworks/libcocoaui.framework/Versions/A/Resources/en.lproj/: SnappingOptions.nib
Only in /Applications/Affinity Photo.app/Contents/Frameworks/libcocoaui.framework/Versions/A/Resources/en.lproj/: SnappingOptionsViewController.nib
Only in /Applications/Affinity Photo.app/Contents/Frameworks/libcocoaui.framework/Versions/A/Resources/en.lproj/: SnapshotItemView.nib
Only in /Applications/Affinity Photo.app/Contents/Frameworks/libcocoaui.framework/Versions/A/Resources/en.lproj/: SnapshotsPage.nib
Only in /Applications/Affinity Photo.app/Contents/Frameworks/libcocoaui.framework/Versions/A/Resources/en.lproj/: SpellingWindowController.nib
Only in /Applications/Affinity Photo.app/Contents/Frameworks/libcocoaui.framework/Versions/A/Resources/en.lproj/: SphereEffect.nib
Only in /Applications/Affinity Photo.app/Contents/Frameworks/libcocoaui.framework/Versions/A/Resources/en.lproj/: StockPage.nib
Only in /Applications/Affinity Photo.app/Contents/Frameworks/libcocoaui.framework/Versions/A/Resources/en.lproj/: StyleItemView.nib
Only in /Applications/Affinity Photo.app/Contents/Frameworks/libcocoaui.framework/Versions/A/Resources/en.lproj/: StylesPage.nib
Only in /Applications/Affinity Photo.app/Contents/Frameworks/libcocoaui.framework/Versions/A/Resources/en.lproj/: SwatchesPage.nib
Only in /Applications/Affinity Photo.app/Contents/Frameworks/libcocoaui.framework/Versions/A/Resources/en.lproj/: SymbolItemView.nib
Only in /Applications/Affinity Photo.app/Contents/Frameworks/libcocoaui.framework/Versions/A/Resources/en.lproj/: SymbolsPage.nib
Only in /Applications/Affinity Photo.app/Contents/Frameworks/libcocoaui.framework/Versions/A/Resources/en.lproj/: TextFramePage.nib
Only in /Applications/Affinity Photo.app/Contents/Frameworks/libcocoaui.framework/Versions/A/Resources/en.lproj/: TextStyleEditor.nib
Only in /Applications/Affinity Photo.app/Contents/Frameworks/libcocoaui.framework/Versions/A/Resources/en.lproj/: TextStylesPage.nib
Only in /Applications/Affinity Photo.app/Contents/Frameworks/libcocoaui.framework/Versions/A/Resources/en.lproj/: TextWrappingDialogController.nib
Only in /Applications/Affinity Photo.app/Contents/Frameworks/libcocoaui.framework/Versions/A/Resources/en.lproj/: ToastPanelController.nib
Only in /Applications/Affinity Photo.app/Contents/Frameworks/libcocoaui.framework/Versions/A/Resources/en.lproj/: ToneMapItemViews.nib
Only in /Applications/Affinity Photo.app/Contents/Frameworks/libcocoaui.framework/Versions/A/Resources/en.lproj/: ToneMapOverlayItemView.nib
Only in /Applications/Affinity Photo.app/Contents/Frameworks/libcocoaui.framework/Versions/A/Resources/en.lproj/: ToneMapOverlaysPage.nib
Only in /Applications/Affinity Photo.app/Contents/Frameworks/libcocoaui.framework/Versions/A/Resources/en.lproj/: ToneMapPage.nib
Only in /Applications/Affinity Photo.app/Contents/Frameworks/libcocoaui.framework/Versions/A/Resources/en.lproj/: ToneMapPresetsPage.nib
Only in /Applications/Affinity Photo.app/Contents/Frameworks/libcocoaui.framework/Versions/A/Resources/en.lproj/: ToolUIPaletteViewController.nib
Only in /Applications/Affinity Photo.app/Contents/Frameworks/libcocoaui.framework/Versions/A/Resources/en.lproj/: ToolbarPalette.nib
Only in /Applications/Affinity Photo.app/Contents/Frameworks/libcocoaui.framework/Versions/A/Resources/en.lproj/: TransformPage.nib
Only in /Applications/Affinity Photo.app/Contents/Frameworks/libcocoaui.framework/Versions/A/Resources/en.lproj/: TransparencyEditorController.nib
Only in /Applications/Affinity Photo.app/Contents/Frameworks/libcocoaui.framework/Versions/A/Resources/en.lproj/: TransparencyViewController.nib
Only in /Applications/Affinity Photo.app/Contents/Frameworks/libcocoaui.framework/Versions/A/Resources/en.lproj/: TwirlEffect.nib
Only in /Applications/Affinity Photo.app/Contents/Frameworks/libcocoaui.framework/Versions/A/Resources/en.lproj/: UnsharpMaskEffect.nib
Only in /Applications/Affinity Photo.app/Contents/Frameworks/libcocoaui.framework/Versions/A/Resources/en.lproj/: VignetteEffect.nib
Only in /Applications/Affinity Photo.app/Contents/Frameworks/libcocoaui.framework/Versions/A/Resources/en.lproj/: WaveformPage.nib
Only in /Applications/Affinity Photo.app/Contents/Frameworks/libcocoaui.framework/Versions/A/Resources/en.lproj/: WelcomeWindowController.nib
Only in /Applications/Affinity Photo.app/Contents/Frameworks/libcocoaui.framework/Versions/A/Resources/en.lproj/: XMPPage.nib
Only in /Applications/Affinity Photo.app/Contents/Frameworks/libcocoaui.framework/Versions/A/Resources/en.lproj/: ZMapBlurEffect.nib
Only in /Applications/Affinity Photo.app/Contents/Frameworks/libcocoaui.framework/Versions/A/Resources/en.lproj/: ZoomBlurEffect.nib
