diff -s /Applications/Affinity Photo.app/Contents/Resources/en.lproj/ContextMenu.nib /Applications/Affinity Photo.app/Contents/Resources/ko.lproj/ContextMenu.nib
438c438
< 		<string>Paste</string>
---
> 		<string>붙이기</string>
619c619
< 		<string>Create Slice</string>
---
> 		<string>슬라이스 생성</string>
693c693
< 		<string>Find in Layers Page</string>
---
> 		<string>레이어 페이지에서 찾기</string>
886c886
< 		<string>Cut</string>
---
> 		<string>오려두기</string>
921c921
< 		<string>Copy</string>
---
> 		<string>복사</string>
1028c1028
< 		<string>Group</string>
---
> 		<string>그룹</string>
1063c1063
< 		<string>Ungroup</string>
---
> 		<string>그룹 해제</string>
1098c1098
< 		<string>Ungroup All</string>
---
> 		<string>모든 그룹 해제</string>
1171c1171
< 		<string>Rotate Left</string>
---
> 		<string>왼쪽으로 회전</string>
1206c1206
< 		<string>Rotate Right</string>
---
> 		<string>오른쪽으로 회전</string>
1241c1241
< 		<string>Reset Rotation</string>
---
> 		<string>회전 재설정</string>
1329c1329
< 		<string>Arrange</string>
---
> 		<string>순서</string>
1408c1408
< 		<string>Move to Front</string>
---
> 		<string>맨 앞으로 가져오기</string>
1443c1443
< 		<string>Move Forward One</string>
---
> 		<string>앞으로 가져오기</string>
1478c1478
< 		<string>Move Back One</string>
---
> 		<string>뒤로 보내기</string>
1513c1513
< 		<string>Move to Back</string>
---
> 		<string>맨 뒤로 보내기</string>
1563c1563
< 		<string>Alignment</string>
---
> 		<string>정렬</string>
1653c1653
< 		<string>Align Left</string>
---
> 		<string>왼쪽 정렬</string>
1688c1688
< 		<string>Align Centre</string>
---
> 		<string>가로 가운데 정렬</string>
1723c1723
< 		<string>Align Right</string>
---
> 		<string>오른쪽 정렬</string>
1796c1796
< 		<string>Align Top</string>
---
> 		<string>위쪽 정렬</string>
1831c1831
< 		<string>Align Middle</string>
---
> 		<string>세로 가운데 정렬</string>
1866c1866
< 		<string>Align Bottom</string>
---
> 		<string>아래쪽 정렬</string>
1916c1916
< 		<string>Geometry</string>
---
> 		<string>기하</string>
1998c1998
< 		<string>Add</string>
---
> 		<string>추가</string>
2033c2033
< 		<string>Subtract</string>
---
> 		<string>제거</string>
2068c2068
< 		<string>Intersect</string>
---
> 		<string>교차</string>
2103c2103
< 		<string>Divide</string>
---
> 		<string>분할</string>
2138c2138
< 		<string>Combine</string>
---
> 		<string>배타</string>
2188c2188
< 		<string>Transform</string>
---
> 		<string>변형</string>
2270c2270
< 		<string>Rotate Left</string>
---
> 		<string>왼쪽으로 회전</string>
2305c2305
< 		<string>Rotate Right</string>
---
> 		<string>오른쪽으로 회전</string>
2378c2378
< 		<string>Flip Horizontal</string>
---
> 		<string>가로 뒤집기</string>
2413c2413
< 		<string>Flip Vertical</string>
---
> 		<string>세로 뒤집기</string>
2486c2486
< 		<string>Layer Effects…</string>
---
> 		<string>레이어 효과…</string>
2559c2559
< 		<string>Convert to Curves</string>
---
> 		<string>곡선으로 전환</string>
2594c2594
< 		<string>Rasterise…</string>
---
> 		<string>래스터화…</string>
2667c2667
< 		<string>Create Style</string>
---
> 		<string>스타일 생성</string>
2755c2755
< 		<string>Add to Swatches…</string>
---
> 		<string>견본에 추가…</string>
2773c2773
< 		<string>Add to Swatches…</string>
---
> 		<string>견본에 추가…</string>
2846c2846
< 		<string>From Fill</string>
---
> 		<string>칠</string>
2881c2881
< 		<string>From Line</string>
---
> 		<string>획</string>
2916c2916
< 		<string>From Both</string>
---
> 		<string>모두</string>
2989c2989
< 		<string>From Fill As Global</string>
---
> 		<string>칠 (전역)</string>
3024c3024
< 		<string>From Line As Global</string>
---
> 		<string>획 (전역)</string>
3059c3059
< 		<string>From Both As Global</string>
---
> 		<string>모두 (전역)</string>
3132c3132
< 		<string>Find in Layers Panel</string>
---
> 		<string>레이어 패널에서 찾기</string>
3221c3221
< 		<string>Find in Slice Page</string>
---
> 		<string>슬라이스 페이지에서 찾기</string>
3358c3358
< 		<string>Zoom In</string>
---
> 		<string>확대</string>
3393c3393
< 		<string>Zoom Out</string>
---
> 		<string>축소</string>
3466c3466
< 		<string>Zoom to Fit</string>
---
> 		<string>화면 크기에 맞추기</string>
3539c3539
< 		<string>Rotate Left</string>
---
> 		<string>왼쪽으로 회전</string>
3574c3574
< 		<string>Rotate Right</string>
---
> 		<string>오른쪽으로 회전</string>
3609c3609
< 		<string>Reset Rotation</string>
---
> 		<string>회전 재설정</string>
diff -s /Applications/Affinity Photo.app/Contents/Resources/en.lproj/Localizable.strings /Applications/Affinity Photo.app/Contents/Resources/ko.lproj/Localizable.strings
6c6
< 	<string>Add Document Snapshot</string>
---
> 	<string>문서 스냅샷 추가</string>
8c8
< 	<string>Add</string>
---
> 	<string>추가</string>
10c10
< 	<string>Add</string>
---
> 	<string>추가</string>
12c12
< 	<string>Add</string>
---
> 	<string>추가</string>
14c14
< 	<string>After</string>
---
> 	<string>이후</string>
16c16
< 	<string>Align Bottom Edges</string>
---
> 	<string>아래쪽 정렬</string>
18c18
< 	<string>Align Bottom Edges</string>
---
> 	<string>아래쪽 정렬</string>
20c20
< 	<string>Align Bottom Edges</string>
---
> 	<string>아래쪽 정렬</string>
22c22
< 	<string>Align Horizontal Centres</string>
---
> 	<string>가로 가운데 정렬</string>
24c24
< 	<string>Align Horizontal Centres</string>
---
> 	<string>가로 가운데 정렬</string>
26c26
< 	<string>Align Horizontal Centres</string>
---
> 	<string>가로 가운데 정렬</string>
28c28
< 	<string>Align Left Edges</string>
---
> 	<string>왼쪽 정렬</string>
30c30
< 	<string>Align Left Edges</string>
---
> 	<string>왼쪽 정렬</string>
32c32
< 	<string>Align Left Edges</string>
---
> 	<string>왼쪽 정렬</string>
34c34
< 	<string>Align Left Edges</string>
---
> 	<string>왼쪽 정렬</string>
36c36
< 	<string>Align Right Edges</string>
---
> 	<string>오른쪽 정렬</string>
38c38
< 	<string>Align Right Edges</string>
---
> 	<string>오른쪽 정렬</string>
40c40
< 	<string>Align Right Edges</string>
---
> 	<string>오른쪽 정렬</string>
42c42
< 	<string>Align Top Edges</string>
---
> 	<string>위쪽 정렬</string>
44c44
< 	<string>Align Top Edges</string>
---
> 	<string>위쪽 정렬</string>
46c46
< 	<string>Align Top Edges</string>
---
> 	<string>위쪽 정렬</string>
48c48
< 	<string>Align Vertical Centres</string>
---
> 	<string>세로 가운데 정렬</string>
50c50
< 	<string>Align Vertical Centres</string>
---
> 	<string>세로 가운데 정렬</string>
52c52
< 	<string>Align Vertical Centres</string>
---
> 	<string>세로 가운데 정렬</string>
54c54
< 	<string>Align</string>
---
> 	<string>정렬하기</string>
56c56
< 	<string>Align</string>
---
> 	<string>정렬하기</string>
58c58
< 	<string>Alignment</string>
---
> 	<string>정렬</string>
60c60
< 	<string>Alignment</string>
---
> 	<string>정렬</string>
62c62
< 	<string>Apply</string>
---
> 	<string>적용</string>
64c64
< 	<string>Arrange</string>
---
> 	<string>순서</string>
66c66
< 	<string>Arrange</string>
---
> 	<string>순서</string>
68c68
< 	<string>Assistant Options</string>
---
> 	<string>손쉬운 사용 설정</string>
70c70
< 	<string>Assistant Options</string>
---
> 	<string>손쉬운 사용 설정</string>
72c72
< 	<string>Auto Colours</string>
---
> 	<string>자동 색상</string>
74c74
< 	<string>Auto Colours</string>
---
> 	<string>자동 색상</string>
76c76
< 	<string>Auto Contrast</string>
---
> 	<string>자동 대비</string>
78c78
< 	<string>Auto Contrast</string>
---
> 	<string>자동 대비</string>
80c80
< 	<string>Auto Levels</string>
---
> 	<string>자동 레벨</string>
82c82
< 	<string>Auto Levels</string>
---
> 	<string>자동 레벨</string>
84c84
< 	<string>Auto Levels</string>
---
> 	<string>자동 레벨</string>
86c86
< 	<string>Auto White Balance</string>
---
> 	<string>자동 화이트 밸런스</string>
88c88
< 	<string>Auto White Balance</string>
---
> 	<string>자동 화이트 밸런스</string>
90c90
< 	<string>Auto White Balance</string>
---
> 	<string>자동 화이트 밸런스</string>
92c92
< 	<string>Back One</string>
---
> 	<string>뒤로 보내기</string>
94c94
< 	<string>Back One</string>
---
> 	<string>뒤로 보내기</string>
96c96
< 	<string>Back One</string>
---
> 	<string>뒤로 보내기</string>
98c98
< 	<string>Back One</string>
---
> 	<string>뒤로 보내기</string>
100c100
< 	<string>Before / After</string>
---
> 	<string>이전 / 이후</string>
102c102
< 	<string>Before</string>
---
> 	<string>이전</string>
104c104
< 	<string>Brush</string>
---
> 	<string>붓</string>
106c106
< 	<string>Cancel</string>
---
> 	<string>취소</string>
126c126
< 	<string>Click</string>
---
> 	<string>클릭</string>
130c130
< 	<string>Combine</string>
---
> 	<string>배타</string>
132c132
< 	<string>Combine</string>
---
> 	<string>배타</string>
134c134
< 	<string>Combine</string>
---
> 	<string>배타</string>
136c136
< 	<string>Combine toolbar button</string>
---
> 	<string>배타 툴바 버튼</string>
142c142
< 	<string>Cycle View Mode</string>
---
> 	<string>뷰 모드 순환</string>
144c144
< 	<string>Defaults</string>
---
> 	<string>기본값</string>
146c146
< 	<string>Desaturate</string>
---
> 	<string>채도 낮추기</string>
148c148
< 	<string>Deselect</string>
---
> 	<string>선택 해제</string>
150c150
< 	<string>Deselect</string>
---
> 	<string>선택 해제</string>
152c152
< 	<string>Develop Persona</string>
---
> 	<string>개발 페르소나</string>
154c154
< 	<string>Develop Persona</string>
---
> 	<string>개발 페르소나</string>
156c156
< 	<string>Develop Persona</string>
---
> 	<string>개발 페르소나</string>
158c158
< 	<string>Develop</string>
---
> 	<string>개발</string>
160c160
< 	<string>Develop</string>
---
> 	<string>개발</string>
164c164
< 	<string>Distribute Bottom Edges</string>
---
> 	<string>아래쪽 분배</string>
166c166
< 	<string>Distribute Bottom Edges</string>
---
> 	<string>아래쪽 분배</string>
168c168
< 	<string>Distribute Bottom Edges</string>
---
> 	<string>아래쪽 분배</string>
170c170
< 	<string>Distribute Horizontal Centres</string>
---
> 	<string>가로 가운데 분배</string>
172c172
< 	<string>Distribute Horizontal Centres</string>
---
> 	<string>가로 가운데 분배</string>
174c174
< 	<string>Distribute Horizontal Centres</string>
---
> 	<string>가로 가운데 분배</string>
176c176
< 	<string>Distribute Left Edges</string>
---
> 	<string>왼쪽 분배</string>
178c178
< 	<string>Distribute Left Edges</string>
---
> 	<string>왼쪽 분배</string>
180c180
< 	<string>Distribute Left Edges</string>
---
> 	<string>왼쪽 분배</string>
182c182
< 	<string>Distribute Right Edges</string>
---
> 	<string>오른쪽 분배</string>
184c184
< 	<string>Distribute Right Edges</string>
---
> 	<string>오른쪽 분배</string>
186c186
< 	<string>Distribute Right Edges</string>
---
> 	<string>오른쪽 분배</string>
188c188
< 	<string>Distribute Top Edges</string>
---
> 	<string>위쪽 분배</string>
190c190
< 	<string>Distribute Top Edges</string>
---
> 	<string>위쪽 분배</string>
192c192
< 	<string>Distribute Top Edges</string>
---
> 	<string>위쪽 분배</string>
194c194
< 	<string>Distribute Vertical Centres</string>
---
> 	<string>세로 가운데 분배</string>
196c196
< 	<string>Distribute Vertical Centres</string>
---
> 	<string>세로 가운데 분배</string>
198c198
< 	<string>Distribute Vertical Centres</string>
---
> 	<string>세로 가운데 분배</string>
200c200
< 	<string>Distribute</string>
---
> 	<string>분배</string>
202c202
< 	<string>Distribute</string>
---
> 	<string>분배</string>
204c204
< 	<string>Divide</string>
---
> 	<string>분할</string>
206c206
< 	<string>Divide</string>
---
> 	<string>분할</string>
208c208
< 	<string>Divide</string>
---
> 	<string>분할</string>
210c210
< 	<string>Divide toolbar button</string>
---
> 	<string>분할 툴바 버튼</string>
212c212
< 	<string>Drag</string>
---
> 	<string>드래그</string>
214c214
< 	<string>Draw Persona</string>
---
> 	<string>그림 페르소나</string>
216c216
< 	<string>Draw Persona</string>
---
> 	<string>그림 페르소나</string>
218c218
< 	<string>Draw Persona</string>
---
> 	<string>그림 페르소나</string>
228c228
< 	<string>Enhancement</string>
---
> 	<string>개선</string>
232c232
< 	<string>Export Persona</string>
---
> 	<string>출력 페르소나</string>
234c234
< 	<string>Export Persona</string>
---
> 	<string>출력 페르소나</string>
236c236
< 	<string>Export Persona</string>
---
> 	<string>출력 페르소나</string>
238c238
< 	<string>Export</string>
---
> 	<string>출력</string>
248c248
< 	<string>Flip Horizontal</string>
---
> 	<string>가로 뒤집기</string>
250c250
< 	<string>Flip Horizontal</string>
---
> 	<string>가로 뒤집기</string>
252c252
< 	<string>Flip Horizontal</string>
---
> 	<string>가로 뒤집기</string>
254c254
< 	<string>Flip Horizontal</string>
---
> 	<string>가로 뒤집기</string>
256c256
< 	<string>Flip Vertical</string>
---
> 	<string>세로 뒤집기</string>
258c258
< 	<string>Flip Vertical</string>
---
> 	<string>세로 뒤집기</string>
260c260
< 	<string>Flip Vertical</string>
---
> 	<string>세로 뒤집기</string>
262c262
< 	<string>Flip Vertical</string>
---
> 	<string>세로 뒤집기</string>
266c266
< 	<string>Force Pixel Alignment</string>
---
> 	<string>강제 픽셀 정렬</string>
268c268
< 	<string>Forward One</string>
---
> 	<string>앞으로 가져오기</string>
270c270
< 	<string>Forward One</string>
---
> 	<string>앞으로 가져오기</string>
272c272
< 	<string>Forward One</string>
---
> 	<string>앞으로 가져오기</string>
274c274
< 	<string>Forward One</string>
---
> 	<string>앞으로 가져오기</string>
276c276
< 	<string>Geometry</string>
---
> 	<string>기하</string>
284c284
< 	<string>Hold</string>
---
> 	<string>유지</string>
292c292
< 	<string>Insert Behind</string>
---
> 	<string>뒤로 삽입</string>
294c294
< 	<string>Insert Inside</string>
---
> 	<string>안으로 삽입</string>
296c296
< 	<string>Insert Top</string>
---
> 	<string>위로 삽입</string>
298c298
< 	<string>Insert at the top of the layer</string>
---
> 	<string>위로 삽입</string>
300c300
< 	<string>Insert behind the selection</string>
---
> 	<string>뒤로 삽입</string>
302c302
< 	<string>Insert inside the selection</string>
---
> 	<string>안으로 삽입</string>
304c304
< 	<string>Insertion</string>
---
> 	<string>삽입</string>
306c306
< 	<string>Intersect</string>
---
> 	<string>교차</string>
308c308
< 	<string>Intersect</string>
---
> 	<string>교차</string>
310c310
< 	<string>Intersect</string>
---
> 	<string>교차</string>
312c312
< 	<string>Intersect toolbar button</string>
---
> 	<string>교차 툴바 버튼</string>
316c316
< 	<string>Invert Selection</string>
---
> 	<string>선택 항목 반전</string>
318c318
< 	<string>Invert Selection</string>
---
> 	<string>선택 항목 반전</string>
320c320
< 	<string>Layout Persona</string>
---
> 	<string>구조 페르소나</string>
322c322
< 	<string>Layout Persona</string>
---
> 	<string>구조 페르소나</string>
324c324
< 	<string>Layout Persona</string>
---
> 	<string>구조 페르소나</string>
326c326
< 	<string>Layout Persona</string>
---
> 	<string>구조 페르소나</string>
328c328
< 	<string>Layout</string>
---
> 	<string>구조</string>
330c330
< 	<string>Learn Spelling</string>
---
> 	<string>철자 학습</string>
332c332
< 	<string>Library Persona</string>
---
> 	<string>라이브러리 페르소나</string>
334c334
< 	<string>Library</string>
---
> 	<string>라이브러리</string>
336c336
< 	<string>Liquify Persona</string>
---
> 	<string>액화 페르소나</string>
338c338
< 	<string>Liquify Persona</string>
---
> 	<string>액화 페르소나</string>
340c340
< 	<string>Liquify Persona</string>
---
> 	<string>액화 페르소나</string>
342c342
< 	<string>Liquify</string>
---
> 	<string>액화</string>
350c350
< 	<string>Mask All</string>
---
> 	<string>모두 마스크</string>
352c352
< 	<string>Mask</string>
---
> 	<string>마스크</string>
354c354
< 	<string>Mesh</string>
---
> 	<string>그물</string>
356c356
< 	<string>Mirror</string>
---
> 	<string>거울</string>
358c358
< 	<string>Mirror</string>
---
> 	<string>거울</string>
362c362
< 	<string>Move By Whole Pixels</string>
---
> 	<string>전체 픽셀 이동</string>
364c364
< 	<string>Move By Whole Pixels</string>
---
> 	<string>전체 픽셀 이동</string>
366c366
< 	<string>Move To Front</string>
---
> 	<string>맨 앞으로 가져오기</string>
368c368
< 	<string>Move selection back one level</string>
---
> 	<string>뒤로 보내기</string>
370c370
< 	<string>Move selection back one level</string>
---
> 	<string>뒤로 보내기</string>
372c372
< 	<string>Move selection forward one level</string>
---
> 	<string>앞으로 가져오기</string>
374c374
< 	<string>Move selection forward one level</string>
---
> 	<string>앞으로 가져오기</string>
376c376
< 	<string>Move selection to the back</string>
---
> 	<string>맨 뒤로 보내기</string>
378c378
< 	<string>Move selection to the back</string>
---
> 	<string>맨 뒤로 보내기</string>
380c380
< 	<string>Move selection to the front</string>
---
> 	<string>맨 앞으로 가져오기</string>
382c382
< 	<string>Move selection to the front</string>
---
> 	<string>맨 앞으로 가져오기</string>
384c384
< 	<string>Move to Back</string>
---
> 	<string>맨 뒤로 보내기</string>
386c386
< 	<string>Move to Back</string>
---
> 	<string>맨 뒤로 보내기</string>
388c388
< 	<string>Move to Front</string>
---
> 	<string>맨 앞으로 가져오기</string>
390c390
< 	<string>Move to Front</string>
---
> 	<string>맨 앞으로 가져오기</string>
392c392
< 	<string>Move to Front</string>
---
> 	<string>맨 앞으로 가져오기</string>
394c394
< 	<string>Move to Front</string>
---
> 	<string>맨 앞으로 가져오기</string>
396c396
< 	<string>No</string>
---
> 	<string>아니오</string>
400c400
< 	<string>None</string>
---
> 	<string>없음</string>
402c402
< 	<string>None</string>
---
> 	<string>없음</string>
406c406
< 	<string>Opacity:</string>
---
> 	<string>불투명도:</string>
408c408
< 	<string>Order</string>
---
> 	<string>순서</string>
410c410
< 	<string>Outline</string>
---
> 	<string>윤곽</string>
412c412
< 	<string>Outline view mode</string>
---
> 	<string>윤곽 뷰 모드</string>
414c414
< 	<string>Panorama Persona</string>
---
> 	<string>파노라마 페르소나</string>
416c416
< 	<string>Panorama</string>
---
> 	<string>파노라마</string>
418c418
< 	<string>Personas</string>
---
> 	<string>페르소나</string>
420c420
< 	<string>Photo Persona</string>
---
> 	<string>사진 페르소나</string>
422c422
< 	<string>Photo Persona</string>
---
> 	<string>사진 페르소나</string>
424c424
< 	<string>Photo Persona</string>
---
> 	<string>사진 페르소나</string>
426c426
< 	<string>Photo</string>
---
> 	<string>사진</string>
428c428
< 	<string>Pixel Align</string>
---
> 	<string>픽셀 정렬</string>
430c430
< 	<string>Pixel Persona</string>
---
> 	<string>픽셀 페르소나</string>
432c432
< 	<string>Pixel Persona</string>
---
> 	<string>픽셀 페르소나</string>
434c434
< 	<string>Pixel Persona</string>
---
> 	<string>픽셀 페르소나</string>
436c436
< 	<string>Pixel</string>
---
> 	<string>픽셀</string>
438c438
< 	<string>Pixel view mode</string>
---
> 	<string>픽셀 뷰 모드</string>
440c440
< 	<string>Pixels</string>
---
> 	<string>픽셀</string>
462c462
< 	<string>Quick Mask</string>
---
> 	<string>빠른 마스크</string>
468c468
< 	<string>Reset Selection Box</string>
---
> 	<string>선택 항목 상자 재설정</string>
470c470
< 	<string>Retina Pixels</string>
---
> 	<string>레티나 픽셀</string>
472c472
< 	<string>Retina pixel view mode</string>
---
> 	<string>레티나 픽셀 뷰 모드</string>
474c474
< 	<string>Retina pixel view mode</string>
---
> 	<string>레티나 픽셀 뷰 모드</string>
476c476
< 	<string>Revert Defaults</string>
---
> 	<string>기본값 되돌리기</string>
478c478
< 	<string>Revert defaults</string>
---
> 	<string>기본값 되돌리기</string>
480c480
< 	<string>Rotate Anticlockwise</string>
---
> 	<string>반시계방향으로 회전</string>
482c482
< 	<string>Rotate Anticlockwise</string>
---
> 	<string>반시계방향으로 회전</string>
484c484
< 	<string>Rotate Anticlockwise</string>
---
> 	<string>반시계방향으로 회전</string>
486c486
< 	<string>Rotate Anticlockwise</string>
---
> 	<string>반시계방향으로 회전</string>
488c488
< 	<string>Rotate Clockwise</string>
---
> 	<string>시계방향으로 회전</string>
490c490
< 	<string>Rotate Clockwise</string>
---
> 	<string>시계방향으로 회전</string>
492c492
< 	<string>Rotate Clockwise</string>
---
> 	<string>시계방향으로 회전</string>
494c494
< 	<string>Rotate Clockwise</string>
---
> 	<string>시계방향으로 회전</string>
504c504
< 	<string>Select All</string>
---
> 	<string>전체 선택</string>
506c506
< 	<string>Select All</string>
---
> 	<string>전체 선택</string>
508c508
< 	<string>Selection</string>
---
> 	<string>선택 항목</string>
510c510
< 	<string>Send To Back</string>
---
> 	<string>맨 뒤로 보내기</string>
512c512
< 	<string>Send to Back</string>
---
> 	<string>맨 뒤로 보내기</string>
514c514
< 	<string>Send to Back</string>
---
> 	<string>맨 뒤로 보내기</string>
516c516
< 	<string>Send to Back</string>
---
> 	<string>맨 뒤로 보내기</string>
542c542
< 	<string>Snapping Options</string>
---
> 	<string>스내핑 설정</string>
544c544
< 	<string>Snapping Options</string>
---
> 	<string>스내핑 설정</string>
546c546
< 	<string>Snapping</string>
---
> 	<string>스내핑</string>
548c548
< 	<string>Snapping</string>
---
> 	<string>스내핑</string>
550c550
< 	<string>Snapping</string>
---
> 	<string>스내핑</string>
552c552
< 	<string>Space Horizontally</string>
---
> 	<string>가로 공간</string>
554c554
< 	<string>Space Horizontally</string>
---
> 	<string>가로 공간</string>
556c556
< 	<string>Space Horizontally</string>
---
> 	<string>가로 공간</string>
558c558
< 	<string>Space Vertically</string>
---
> 	<string>세로 공간</string>
560c560
< 	<string>Space Vertically</string>
---
> 	<string>세로 공간</string>
562c562
< 	<string>Space Vertically</string>
---
> 	<string>세로 공간</string>
564c564
< 	<string>Spacing</string>
---
> 	<string>공간</string>
566c566
< 	<string>Split View</string>
---
> 	<string>분할 뷰 모드</string>
568c568
< 	<string>Split</string>
---
> 	<string>분할</string>
570c570
< 	<string>Split</string>
---
> 	<string>분할</string>
574c574
< 	<string>Subtract</string>
---
> 	<string>제거</string>
576c576
< 	<string>Subtract</string>
---
> 	<string>제거</string>
578c578
< 	<string>Subtract</string>
---
> 	<string>제거</string>
580c580
< 	<string>Subtract</string>
---
> 	<string>제거</string>
582c582
< 	<string>Subtract toolbar button</string>
---
> 	<string>제거 툴바 버튼</string>
590c590
< 	<string>Switch to Next View</string>
---
> 	<string>다음 뷰로 전환</string>
592c592
< 	<string>Sync After</string>
---
> 	<string>이후 항목 동기화</string>
594c594
< 	<string>Sync After</string>
---
> 	<string>이후 항목 동기화</string>
596c596
< 	<string>Sync Before</string>
---
> 	<string>이전 항목 동기화</string>
598c598
< 	<string>Sync Before</string>
---
> 	<string>이전 항목 동기화</string>
600c600
< 	<string>Synchronise Defaults</string>
---
> 	<string>기본값 동기화</string>
602c602
< 	<string>Synchronise defaults from selection</string>
---
> 	<string>선택 항목에서 기본값 동기화</string>
716c716
< 	<string>Tone Mapping Persona</string>
---
> 	<string>톤 맵핑 페르소나</string>
718c718
< 	<string>Tone Mapping Persona</string>
---
> 	<string>톤 맵핑 페르소나</string>
720c720
< 	<string>Tone Mapping Persona</string>
---
> 	<string>톤 맵핑 페르소나</string>
722c722
< 	<string>Tone Mapping</string>
---
> 	<string>톤 맵핑</string>
724c724
< 	<string>Transform</string>
---
> 	<string>변형</string>
728c728
< 	<string>Union</string>
---
> 	<string>병합</string>
730c730
< 	<string>Union toolbar button</string>
---
> 	<string>병합 툴바 버튼</string>
734c734
< 	<string>Vibrance</string>
---
> 	<string>활기</string>
736c736
< 	<string>View Mode</string>
---
> 	<string>뷰 모드</string>
739c739
< 	<string>Welcome to Affinity Photo.
---
> 	<string>Affinity Photo에 어서오세요.
742c742
< 	<string>Width:</string>
---
> 	<string>두께:</string>
744c744
< 	<string>Width:</string>
---
> 	<string>두께:</string>
746c746
< 	<string>Yes</string>
---
> 	<string>네</string>
748c748
< 	<string>Zoom In</string>
---
> 	<string>확대</string>
750c750
< 	<string>Zoom Out</string>
---
> 	<string>축소</string>
diff -s /Applications/Affinity Photo.app/Contents/Resources/en.lproj/MainMenuDevelop.nib /Applications/Affinity Photo.app/Contents/Resources/ko.lproj/MainMenuDevelop.nib
425c425
< 		<string>Open Recent</string>
---
> 		<string>최근 사용 열기</string>
476c476
< 		<string>Clear Menu</string>
---
> 		<string>메뉴 지우기</string>
615c615
< 		<string>Views</string>
---
> 		<string>뷰</string>
664c664
< 		<string>Studio</string>
---
> 		<string>작업실</string>
729c729
< 		<string>Show Left Studio</string>
---
> 		<string>왼쪽 작업실 보기</string>
764c764
< 		<string>Show Right Studio</string>
---
> 		<string>오른쪽 작업실 보기</string>
840c840
< 		<string>Hide Studio</string>
---
> 		<string>작업실 가리기</string>
876c876
< 		<string>Reset Studio</string>
---
> 		<string>작업실 재설정</string>
955c955
< 		<string>Separated Mode</string>
---
> 		<string>분리 모드</string>
1018c1018
< 		<string>Minimize</string>
---
> 		<string>최소화</string>
1073c1073
< 		<string>Zoom</string>
---
> 		<string>맞추기</string>
1150c1150
< 		<string>Hide Others</string>
---
> 		<string>기타 가리기</string>
1211c1211
< 		<string>Preferences…</string>
---
> 		<string>환경설정…</string>
1272c1272
< 		<string>Quit</string>
---
> 		<string>Affinity Photo 종료</string>
1341c1341
< 		<string>Show All</string>
---
> 		<string>모두 보기</string>
1396c1396
< 		<string>Hide</string>
---
> 		<string>가리기</string>
1454c1454
< 		<string>About…</string>
---
> 		<string>Affinity Photo에 관하여…</string>
1531c1531
< 		<string>Redo</string>
---
> 		<string>다시 실행</string>
1605c1605
< 		<string>Undo</string>
---
> 		<string>실행 취소</string>
1683c1683
< 		<string>Close</string>
---
> 		<string>닫기</string>
1744c1744
< 		<string>New</string>
---
> 		<string>신규</string>
1805c1805
< 		<string>Open…</string>
---
> 		<string>열기…</string>
1899c1899
< 		<string>Customise Tools…</string>
---
> 		<string>도구 사용자화…</string>
1959c1959
< 		<string>Customise Toolbar…</string>
---
> 		<string>툴바 사용자화…</string>
2019c2019
< 		<string>Show Toolbar</string>
---
> 		<string>툴바 보기</string>
2078c2078
< 		<string>New View</string>
---
> 		<string>새로운 뷰</string>
2184c2184
< 		<string>Zoom In</string>
---
> 		<string>확대</string>
2424c2424
< 		<string>Rotate Right</string>
---
> 		<string>오른쪽으로 회전</string>
2482c2482
< 		<string>Rotate Left</string>
---
> 		<string>왼쪽으로 회전</string>
2621c2621
< 		<string>Paste</string>
---
> 		<string>붙이기</string>
2802c2802
< 		<string>Assistant Manager…</string>
---
> 		<string>손쉬운 사용 관리자…</string>
2862c2862
< 		<string>Toggle Full Screen</string>
---
> 		<string>전체 화면 시작</string>
2923c2923
< 		<string>Show Guides</string>
---
> 		<string>안내선 보기</string>
2995c2995
< 		<string>Toggle UI</string>
---
> 		<string>UI 가리기</string>
3056c3056
< 		<string>Zoom to Fit</string>
---
> 		<string>화면 크기에 맞추기</string>
3173c3173
< 		<string>Show Context Toolbar</string>
---
> 		<string>상황별 툴바 보기</string>
3233c3233
< 		<string>Media Browser…</string>
---
> 		<string>미디어 브라우저…</string>
3292c3292
< 		<string>Show Tools</string>
---
> 		<string>도구 보기</string>
3350c3350
< 		<string>Dock Tools</string>
---
> 		<string>도구 고정</string>
3524c3524
< 		<string>Snapping Manager…</string>
---
> 		<string>스내핑 관리자…</string>
3584c3584
< 		<string>Zoom Out</string>
---
> 		<string>축소</string>
3645c3645
< 		<string>Affinity Photo Help</string>
---
> 		<string>Affinity Photo 도움말</string>
3823c3823
< 		<string>Reset Rotation</string>
---
> 		<string>회전 재설정</string>
3878c3878
< 		<string>Copy</string>
---
> 		<string>복사</string>
3939c3939
< 		<string>Actual Size</string>
---
> 		<string>실제 크기</string>
4056c4056
< 		<string>Cut</string>
---
> 		<string>오려두기</string>
4119c4119
< 		<string>Show Grid</string>
---
> 		<string>격자선 보기</string>
4178c4178
< 		<string>Show Margins</string>
---
> 		<string>여백선 보기</string>
4238c4238
< 		<string>New From Clipboard</string>
---
> 		<string>클립보드에서 신규</string>
4312c4312
< 		<string>Show Rulers</string>
---
> 		<string>눈금자 보기</string>
4373c4373
< 		<string>Show Pixel Selection</string>
---
> 		<string>픽셀 선택 항목 보기</string>
4512c4512
< 		<string>Merge All Windows</string>
---
> 		<string>모든 윈도우 합치기</string>
4633c4633
< 		<string>Pixel Size</string>
---
> 		<string>픽셀 크기</string>
4692c4692
< 		<string>Grid and Axis Manager…</string>
---
> 		<string>격자선 관리자…</string>
5305c5305
< 		<string>Persona</string>
---
> 		<string>페르소나</string>
5490c5490
< 		<string>Services</string>
---
> 		<string>서비스</string>
5655c5655
< 		<string>File</string>
---
> 		<string>파일</string>
5942c5942
< 		<string>Edit</string>
---
> 		<string>편집</string>
6068c6068
< 		<string>View</string>
---
> 		<string>뷰</string>
6734c6734
< 		<string>Window</string>
---
> 		<string>윈도우</string>
6891c6891
< 		<string>Bring All to Front</string>
---
> 		<string>모두 앞으로 가져오기</string>
6944c6944
< 		<string>Help</string>
---
> 		<string>도움말</string>
diff -s /Applications/Affinity Photo.app/Contents/Resources/en.lproj/MainMenuHDR.nib /Applications/Affinity Photo.app/Contents/Resources/ko.lproj/MainMenuHDR.nib
413c413
< 		<string>Open Recent</string>
---
> 		<string>최근 사용 열기</string>
464c464
< 		<string>Clear Menu</string>
---
> 		<string>메뉴 지우기</string>
603c603
< 		<string>Views</string>
---
> 		<string>뷰</string>
652c652
< 		<string>Studio</string>
---
> 		<string>작업실</string>
717c717
< 		<string>Show Left Studio</string>
---
> 		<string>왼쪽 작업실 보기</string>
752c752
< 		<string>Show Right Studio</string>
---
> 		<string>오른쪽 작업실 보기</string>
828c828
< 		<string>Hide Studio</string>
---
> 		<string>작업실 가리기</string>
864c864
< 		<string>Reset Studio</string>
---
> 		<string>작업실 재설정</string>
943c943
< 		<string>Separated Mode</string>
---
> 		<string>분리 모드</string>
1006c1006
< 		<string>Minimize</string>
---
> 		<string>최소화</string>
1061c1061
< 		<string>Zoom</string>
---
> 		<string>맞추기</string>
1138c1138
< 		<string>Hide Others</string>
---
> 		<string>기타 가리기</string>
1199c1199
< 		<string>Preferences…</string>
---
> 		<string>환경설정…</string>
1260c1260
< 		<string>Quit</string>
---
> 		<string>Affinity Photo 종료</string>
1329c1329
< 		<string>Show All</string>
---
> 		<string>모두 보기</string>
1384c1384
< 		<string>Hide</string>
---
> 		<string>가리기</string>
1442c1442
< 		<string>About…</string>
---
> 		<string>Affinity Photo에 관하여…</string>
1519c1519
< 		<string>Redo</string>
---
> 		<string>다시 실행</string>
1593c1593
< 		<string>Undo</string>
---
> 		<string>실행 취소</string>
1671c1671
< 		<string>Close</string>
---
> 		<string>닫기</string>
1732c1732
< 		<string>New</string>
---
> 		<string>신규</string>
1793c1793
< 		<string>Open…</string>
---
> 		<string>열기…</string>
1887c1887
< 		<string>Customise Tools…</string>
---
> 		<string>도구 사용자화…</string>
1947c1947
< 		<string>Customise Toolbar…</string>
---
> 		<string>툴바 사용자화…</string>
2007c2007
< 		<string>Show Toolbar</string>
---
> 		<string>툴바 보기</string>
2066c2066
< 		<string>New View</string>
---
> 		<string>새로운 뷰</string>
2167c2167
< 		<string>Cut</string>
---
> 		<string>오려두기</string>
2297c2297
< 		<string>Copy</string>
---
> 		<string>복사</string>
2533c2533
< 		<string>Paste</string>
---
> 		<string>붙이기</string>
2592c2592
< 		<string>Reset Rotation</string>
---
> 		<string>회전 재설정</string>
2820c2820
< 		<string>Pixel Size</string>
---
> 		<string>픽셀 크기</string>
2881c2881
< 		<string>Zoom Out</string>
---
> 		<string>축소</string>
2940c2940
< 		<string>Show Context Toolbar</string>
---
> 		<string>상황별 툴바 보기</string>
3000c3000
< 		<string>Show Rulers</string>
---
> 		<string>눈금자 보기</string>
3074c3074
< 		<string>Toggle Full Screen</string>
---
> 		<string>전체 화면 시작</string>
3193c3193
< 		<string>Affinity Photo Help</string>
---
> 		<string>Affinity Photo 도움말</string>
3254c3254
< 		<string>Zoom to Fit</string>
---
> 		<string>화면 크기에 맞추기</string>
3373c3373
< 		<string>Actual Size</string>
---
> 		<string>실제 크기</string>
3554c3554
< 		<string>Dock Tools</string>
---
> 		<string>도구 고정</string>
3612c3612
< 		<string>Show Margins</string>
---
> 		<string>여백선 보기</string>
3672c3672
< 		<string>Zoom In</string>
---
> 		<string>확대</string>
3731c3731
< 		<string>Rotate Left</string>
---
> 		<string>왼쪽으로 회전</string>
3791c3791
< 		<string>New From Clipboard</string>
---
> 		<string>클립보드에서 신규</string>
3865c3865
< 		<string>Show Pixel Selection</string>
---
> 		<string>픽셀 선택 항목 보기</string>
3925c3925
< 		<string>Show Guides</string>
---
> 		<string>안내선 보기</string>
3984c3984
< 		<string>Rotate Right</string>
---
> 		<string>오른쪽으로 회전</string>
4042c4042
< 		<string>Show Tools</string>
---
> 		<string>도구 보기</string>
4181c4181
< 		<string>Toggle UI</string>
---
> 		<string>UI 가리기</string>
4323c4323
< 		<string>Media Browser…</string>
---
> 		<string>미디어 브라우저…</string>
4386c4386
< 		<string>Show Grid</string>
---
> 		<string>격자선 보기</string>
4506c4506
< 		<string>Merge All Windows</string>
---
> 		<string>모든 윈도우 합치기</string>
5103c5103
< 		<string>Persona</string>
---
> 		<string>페르소나</string>
5288c5288
< 		<string>Services</string>
---
> 		<string>서비스</string>
5453c5453
< 		<string>File</string>
---
> 		<string>파일</string>
5740c5740
< 		<string>Edit</string>
---
> 		<string>편집</string>
5866c5866
< 		<string>View</string>
---
> 		<string>뷰</string>
6520c6520
< 		<string>Window</string>
---
> 		<string>윈도우</string>
6677c6677
< 		<string>Bring All to Front</string>
---
> 		<string>모두 앞으로 가져오기</string>
6730c6730
< 		<string>Help</string>
---
> 		<string>도움말</string>
diff -s /Applications/Affinity Photo.app/Contents/Resources/en.lproj/MainMenuLiquify.nib /Applications/Affinity Photo.app/Contents/Resources/ko.lproj/MainMenuLiquify.nib
429c429
< 		<string>Open Recent</string>
---
> 		<string>최근 사용 열기</string>
480c480
< 		<string>Clear Menu</string>
---
> 		<string>메뉴 지우기</string>
619c619
< 		<string>Views</string>
---
> 		<string>뷰</string>
668c668
< 		<string>Studio</string>
---
> 		<string>작업실</string>
733c733
< 		<string>Show Left Studio</string>
---
> 		<string>왼쪽 작업실 보기</string>
768c768
< 		<string>Show Right Studio</string>
---
> 		<string>오른쪽 작업실 보기</string>
844c844
< 		<string>Hide Studio</string>
---
> 		<string>작업실 가리기</string>
880c880
< 		<string>Reset Studio</string>
---
> 		<string>작업실 재설정</string>
959c959
< 		<string>Separated Mode</string>
---
> 		<string>분리 모드</string>
1022c1022
< 		<string>Minimize</string>
---
> 		<string>최소화</string>
1077c1077
< 		<string>Zoom</string>
---
> 		<string>맞추기</string>
1154c1154
< 		<string>Hide Others</string>
---
> 		<string>기타 가리기</string>
1215c1215
< 		<string>Preferences…</string>
---
> 		<string>환경설정…</string>
1276c1276
< 		<string>Quit</string>
---
> 		<string>Affinity Photo 종료</string>
1345c1345
< 		<string>Show All</string>
---
> 		<string>모두 보기</string>
1400c1400
< 		<string>Hide</string>
---
> 		<string>가리기</string>
1458c1458
< 		<string>About…</string>
---
> 		<string>Affinity Photo에 관하여…</string>
1535c1535
< 		<string>Redo</string>
---
> 		<string>다시 실행</string>
1609c1609
< 		<string>Undo</string>
---
> 		<string>실행 취소</string>
1687c1687
< 		<string>Close</string>
---
> 		<string>닫기</string>
1748c1748
< 		<string>New</string>
---
> 		<string>신규</string>
1809c1809
< 		<string>Open…</string>
---
> 		<string>열기…</string>
1903c1903
< 		<string>Customise Tools…</string>
---
> 		<string>도구 사용자화…</string>
1963c1963
< 		<string>Customise Toolbar…</string>
---
> 		<string>툴바 사용자화…</string>
2023c2023
< 		<string>Show Toolbar</string>
---
> 		<string>툴바 보기</string>
2082c2082
< 		<string>New View</string>
---
> 		<string>새로운 뷰</string>
2183c2183
< 		<string>Cut</string>
---
> 		<string>오려두기</string>
2313c2313
< 		<string>Copy</string>
---
> 		<string>복사</string>
2494c2494
< 		<string>Develop Persona</string>
---
> 		<string>개발 페르소나</string>
2565c2565
< 		<string>Merge All Windows</string>
---
> 		<string>모든 윈도우 합치기</string>
2620c2620
< 		<string>Paste</string>
---
> 		<string>붙이기</string>
2702c2702
< 		<string>Reset Rotation</string>
---
> 		<string>회전 재설정</string>
2991c2991
< 		<string>Pixel Size</string>
---
> 		<string>픽셀 크기</string>
3110c3110
< 		<string>Zoom Out</string>
---
> 		<string>축소</string>
3171c3171
< 		<string>New From Clipboard</string>
---
> 		<string>클립보드에서 신규</string>
3243c3243
< 		<string>Show Context Toolbar</string>
---
> 		<string>상황별 툴바 보기</string>
3303c3303
< 		<string>Show Rulers</string>
---
> 		<string>눈금자 보기</string>
3377c3377
< 		<string>Toggle Full Screen</string>
---
> 		<string>전체 화면 시작</string>
3438c3438
< 		<string>Affinity Photo Help</string>
---
> 		<string>Affinity Photo 도움말</string>
3499c3499
< 		<string>Zoom to Fit</string>
---
> 		<string>화면 크기에 맞추기</string>
3560c3560
< 		<string>Actual Size</string>
---
> 		<string>실제 크기</string>
3680c3680
< 		<string>Dock Tools</string>
---
> 		<string>도구 고정</string>
3738c3738
< 		<string>Show Margins</string>
---
> 		<string>여백선 보기</string>
3798c3798
< 		<string>Zoom In</string>
---
> 		<string>확대</string>
3857c3857
< 		<string>Photo Persona</string>
---
> 		<string>사진 페르소나</string>
3915c3915
< 		<string>Rotate Left</string>
---
> 		<string>왼쪽으로 회전</string>
4036c4036
< 		<string>Show Pixel Selection</string>
---
> 		<string>픽셀 선택 항목 보기</string>
4154c4154
< 		<string>Show Guides</string>
---
> 		<string>안내선 보기</string>
4271c4271
< 		<string>Rotate Right</string>
---
> 		<string>오른쪽으로 회전</string>
4329c4329
< 		<string>Show Tools</string>
---
> 		<string>도구 보기</string>
4445c4445
< 		<string>Toggle UI</string>
---
> 		<string>UI 가리기</string>
4504c4504
< 		<string>Export Persona</string>
---
> 		<string>출력 페르소나</string>
4562c4562
< 		<string>Tone Mapping Persona</string>
---
> 		<string>톤 맵핑 페르소나</string>
4703c4703
< 		<string>Media Browser…</string>
---
> 		<string>미디어 브라우저…</string>
4766c4766
< 		<string>Show Grid</string>
---
> 		<string>격자선 보기</string>
5371c5371
< 		<string>Persona</string>
---
> 		<string>페르소나</string>
5616c5616
< 		<string>Services</string>
---
> 		<string>서비스</string>
5781c5781
< 		<string>File</string>
---
> 		<string>파일</string>
6068c6068
< 		<string>Edit</string>
---
> 		<string>편집</string>
6194c6194
< 		<string>View</string>
---
> 		<string>뷰</string>
6848c6848
< 		<string>Window</string>
---
> 		<string>윈도우</string>
7005c7005
< 		<string>Bring All to Front</string>
---
> 		<string>모두 앞으로 가져오기</string>
7058c7058
< 		<string>Help</string>
---
> 		<string>도움말</string>
diff -s /Applications/Affinity Photo.app/Contents/Resources/en.lproj/MainMenuPanorama.nib /Applications/Affinity Photo.app/Contents/Resources/ko.lproj/MainMenuPanorama.nib
421c421
< 		<string>Open Recent</string>
---
> 		<string>최근 사용 열기</string>
472c472
< 		<string>Clear Menu</string>
---
> 		<string>메뉴 지우기</string>
611c611
< 		<string>Views</string>
---
> 		<string>뷰</string>
660c660
< 		<string>Studio</string>
---
> 		<string>작업실</string>
725c725
< 		<string>Show Left Studio</string>
---
> 		<string>왼쪽 작업실 보기</string>
760c760
< 		<string>Show Right Studio</string>
---
> 		<string>오른쪽 작업실 보기</string>
836c836
< 		<string>Hide Studio</string>
---
> 		<string>작업실 가리기</string>
872c872
< 		<string>Reset Studio</string>
---
> 		<string>작업실 재설정</string>
951c951
< 		<string>Separated Mode</string>
---
> 		<string>분리 모드</string>
1014c1014
< 		<string>Minimize</string>
---
> 		<string>최소화</string>
1069c1069
< 		<string>Zoom</string>
---
> 		<string>맞추기</string>
1146c1146
< 		<string>Hide Others</string>
---
> 		<string>기타 가리기</string>
1207c1207
< 		<string>Preferences…</string>
---
> 		<string>환경설정…</string>
1268c1268
< 		<string>Quit</string>
---
> 		<string>Affinity Photo 종료</string>
1337c1337
< 		<string>Show All</string>
---
> 		<string>모두 보기</string>
1392c1392
< 		<string>Hide</string>
---
> 		<string>가리기</string>
1450c1450
< 		<string>About…</string>
---
> 		<string>Affinity Photo에 관하여…</string>
1527c1527
< 		<string>Redo</string>
---
> 		<string>다시 실행</string>
1601c1601
< 		<string>Undo</string>
---
> 		<string>실행 취소</string>
1679c1679
< 		<string>Close</string>
---
> 		<string>닫기</string>
1740c1740
< 		<string>New</string>
---
> 		<string>신규</string>
1801c1801
< 		<string>Open…</string>
---
> 		<string>열기…</string>
1895c1895
< 		<string>Customise Tools…</string>
---
> 		<string>도구 사용자화…</string>
1955c1955
< 		<string>Customise Toolbar…</string>
---
> 		<string>툴바 사용자화…</string>
2015c2015
< 		<string>Show Toolbar</string>
---
> 		<string>툴바 보기</string>
2074c2074
< 		<string>New View</string>
---
> 		<string>새로운 뷰</string>
2175c2175
< 		<string>Cut</string>
---
> 		<string>오려두기</string>
2305c2305
< 		<string>Copy</string>
---
> 		<string>복사</string>
2486c2486
< 		<string>Develop Persona</string>
---
> 		<string>개발 페르소나</string>
2554c2554
< 		<string>Paste</string>
---
> 		<string>붙이기</string>
2613c2613
< 		<string>Reset Rotation</string>
---
> 		<string>회전 재설정</string>
2899c2899
< 		<string>Pixel Size</string>
---
> 		<string>픽셀 크기</string>
2960c2960
< 		<string>Zoom Out</string>
---
> 		<string>축소</string>
3019c3019
< 		<string>Show Context Toolbar</string>
---
> 		<string>상황별 툴바 보기</string>
3079c3079
< 		<string>Show Rulers</string>
---
> 		<string>눈금자 보기</string>
3153c3153
< 		<string>Toggle Full Screen</string>
---
> 		<string>전체 화면 시작</string>
3272c3272
< 		<string>Affinity Photo Help</string>
---
> 		<string>Affinity Photo 도움말</string>
3333c3333
< 		<string>Zoom to Fit</string>
---
> 		<string>화면 크기에 맞추기</string>
3394c3394
< 		<string>Actual Size</string>
---
> 		<string>실제 크기</string>
3598c3598
< 		<string>Dock Tools</string>
---
> 		<string>도구 고정</string>
3679c3679
< 		<string>Show Margins</string>
---
> 		<string>여백선 보기</string>
3739c3739
< 		<string>Zoom In</string>
---
> 		<string>확대</string>
3798c3798
< 		<string>Photo Persona</string>
---
> 		<string>사진 페르소나</string>
3856c3856
< 		<string>Rotate Left</string>
---
> 		<string>왼쪽으로 회전</string>
3974c3974
< 		<string>New From Clipboard</string>
---
> 		<string>클립보드에서 신규</string>
4046c4046
< 		<string>Merge All Windows</string>
---
> 		<string>모든 윈도우 합치기</string>
4106c4106
< 		<string>Show Guides</string>
---
> 		<string>안내선 보기</string>
4165c4165
< 		<string>Rotate Right</string>
---
> 		<string>오른쪽으로 회전</string>
4223c4223
< 		<string>Show Tools</string>
---
> 		<string>도구 보기</string>
4339c4339
< 		<string>Toggle UI</string>
---
> 		<string>UI 가리기</string>
4398c4398
< 		<string>Export Persona</string>
---
> 		<string>출력 페르소나</string>
4516c4516
< 		<string>Media Browser…</string>
---
> 		<string>미디어 브라우저…</string>
4579c4579
< 		<string>Show Grid</string>
---
> 		<string>격자선 보기</string>
5237c5237
< 		<string>Persona</string>
---
> 		<string>페르소나</string>
5478c5478
< 		<string>Services</string>
---
> 		<string>서비스</string>
5643c5643
< 		<string>File</string>
---
> 		<string>파일</string>
5930c5930
< 		<string>Edit</string>
---
> 		<string>편집</string>
6056c6056
< 		<string>View</string>
---
> 		<string>뷰</string>
6706c6706
< 		<string>Window</string>
---
> 		<string>윈도우</string>
6863c6863
< 		<string>Bring All to Front</string>
---
> 		<string>모두 앞으로 가져오기</string>
6916c6916
< 		<string>Help</string>
---
> 		<string>도움말</string>
diff -s /Applications/Affinity Photo.app/Contents/Resources/en.lproj/MainMenuPhotoExport.nib /Applications/Affinity Photo.app/Contents/Resources/ko.lproj/MainMenuPhotoExport.nib
481c481
< 		<string>Open Recent</string>
---
> 		<string>최근 사용 열기</string>
532c532
< 		<string>Clear Menu</string>
---
> 		<string>메뉴 지우기</string>
671c671
< 		<string>Views</string>
---
> 		<string>뷰</string>
720c720
< 		<string>Studio</string>
---
> 		<string>작업실</string>
785c785
< 		<string>Show Left Studio</string>
---
> 		<string>왼쪽 작업실 보기</string>
820c820
< 		<string>Show Right Studio</string>
---
> 		<string>오른쪽 작업실 보기</string>
896c896
< 		<string>Hide Studio</string>
---
> 		<string>작업실 가리기</string>
932c932
< 		<string>Reset Studio</string>
---
> 		<string>작업실 재설정</string>
977c977
< 		<string>Share</string>
---
> 		<string>공유</string>
1066c1066
< 		<string>Separated Mode</string>
---
> 		<string>분리 모드</string>
1129c1129
< 		<string>Minimize</string>
---
> 		<string>최소화</string>
1184c1184
< 		<string>Zoom</string>
---
> 		<string>맞추기</string>
1261c1261
< 		<string>Hide Others</string>
---
> 		<string>기타 가리기</string>
1322c1322
< 		<string>Preferences…</string>
---
> 		<string>환경설정…</string>
1383c1383
< 		<string>Quit</string>
---
> 		<string>Affinity Photo 종료</string>
1452c1452
< 		<string>Show All</string>
---
> 		<string>모두 보기</string>
1507c1507
< 		<string>Hide</string>
---
> 		<string>가리기</string>
1565c1565
< 		<string>About…</string>
---
> 		<string>Affinity Photo에 관하여…</string>
1642c1642
< 		<string>Save As…</string>
---
> 		<string>다른 이름으로 저장…</string>
1716c1716
< 		<string>Save</string>
---
> 		<string>저장</string>
1777c1777
< 		<string>Close</string>
---
> 		<string>닫기</string>
1838c1838
< 		<string>New</string>
---
> 		<string>신규</string>
1899c1899
< 		<string>Open…</string>
---
> 		<string>열기…</string>
1960c1960
< 		<string>Print…</string>
---
> 		<string>인쇄…</string>
2054c2054
< 		<string>Customise Tools…</string>
---
> 		<string>도구 사용자화…</string>
2114c2114
< 		<string>Customise Toolbar…</string>
---
> 		<string>툴바 사용자화…</string>
2174c2174
< 		<string>Show Toolbar</string>
---
> 		<string>툴바 보기</string>
2235c2235
< 		<string>Zoom to Fit</string>
---
> 		<string>화면 크기에 맞추기</string>
2368c2368
< 		<string>Show Margins</string>
---
> 		<string>여백선 보기</string>
2428c2428
< 		<string>Show Guides</string>
---
> 		<string>안내선 보기</string>
2489c2489
< 		<string>Show Grid</string>
---
> 		<string>격자선 보기</string>
2548c2548
< 		<string>New View</string>
---
> 		<string>새로운 뷰</string>
2608c2608
< 		<string>Export…</string>
---
> 		<string>출력…</string>
2666c2666
< 		<string>Snapping Manager…</string>
---
> 		<string>스내핑 관리자…</string>
2726c2726
< 		<string>Zoom In</string>
---
> 		<string>확대</string>
2787c2787
< 		<string>Zoom Out</string>
---
> 		<string>축소</string>
2846c2846
< 		<string>Assistant Manager…</string>
---
> 		<string>손쉬운 사용 관리자…</string>
2952c2952
< 		<string>Show Rulers</string>
---
> 		<string>눈금자 보기</string>
3013c3013
< 		<string>Toggle Full Screen</string>
---
> 		<string>전체 화면 시작</string>
3133c3133
< 		<string>Photo Persona</string>
---
> 		<string>사진 페르소나</string>
3228c3228
< 		<string>Affinity Photo Help</string>
---
> 		<string>Affinity Photo 도움말</string>
3364c3364
< 		<string>Redo</string>
---
> 		<string>다시 실행</string>
3418c3418
< 		<string>Delete</string>
---
> 		<string>지우기</string>
3479c3479
< 		<string>Actual Size</string>
---
> 		<string>실제 크기</string>
3626c3626
< 		<string>Toggle UI</string>
---
> 		<string>UI 가리기</string>
3743c3743
< 		<string>Show Tools</string>
---
> 		<string>도구 보기</string>
3803c3803
< 		<string>Undo</string>
---
> 		<string>실행 취소</string>
3862c3862
< 		<string>Show Context Toolbar</string>
---
> 		<string>상황별 툴바 보기</string>
3922c3922
< 		<string>Pixel Size</string>
---
> 		<string>픽셀 크기</string>
4097c4097
< 		<string>Develop Persona</string>
---
> 		<string>개발 페르소나</string>
4152c4152
< 		<string>Copy</string>
---
> 		<string>복사</string>
4375c4375
< 		<string>Deselect</string>
---
> 		<string>선택 해제</string>
4431c4431
< 		<string>Cut</string>
---
> 		<string>오려두기</string>
4490c4490
< 		<string>Tone Mapping Persona</string>
---
> 		<string>톤 맵핑 페르소나</string>
4548c4548
< 		<string>Merge All Windows</string>
---
> 		<string>모든 윈도우 합치기</string>
4606c4606
< 		<string>Rotate Right</string>
---
> 		<string>오른쪽으로 회전</string>
4666c4666
< 		<string>Zoom to Selection</string>
---
> 		<string>선택 항목에 맞추기</string>
4726c4726
< 		<string>New From Clipboard</string>
---
> 		<string>클립보드에서 신규</string>
4856c4856
< 		<string>Paste</string>
---
> 		<string>붙이기</string>
4996c4996
< 		<string>Liquify Persona</string>
---
> 		<string>액화 페르소나</string>
5117c5117
< 		<string>Select Previous</string>
---
> 		<string>이전 항목 선택</string>
5231c5231
< 		<string>Select All</string>
---
> 		<string>전체 선택</string>
5290c5290
< 		<string>Reset Rotation</string>
---
> 		<string>회전 재설정</string>
5348c5348
< 		<string>Rotate Left</string>
---
> 		<string>왼쪽으로 회전</string>
5464c5464
< 		<string>Dock Tools</string>
---
> 		<string>도구 고정</string>
5524c5524
< 		<string>Select Next</string>
---
> 		<string>다음 항목 선택</string>
6275c6275
< 		<string>Persona</string>
---
> 		<string>페르소나</string>
6520c6520
< 		<string>Services</string>
---
> 		<string>서비스</string>
6685c6685
< 		<string>File</string>
---
> 		<string>파일</string>
7175c7175
< 		<string>Edit</string>
---
> 		<string>편집</string>
7349c7349
< 		<string>Select</string>
---
> 		<string>선택</string>
7471c7471
< 		<string>View</string>
---
> 		<string>뷰</string>
8133c8133
< 		<string>Window</string>
---
> 		<string>윈도우</string>
8290c8290
< 		<string>Bring All to Front</string>
---
> 		<string>모두 앞으로 가져오기</string>
8343c8343
< 		<string>Help</string>
---
> 		<string>도움말</string>
diff -s /Applications/Affinity Photo.app/Contents/Resources/en.lproj/MainMenuRaster.nib /Applications/Affinity Photo.app/Contents/Resources/ko.lproj/MainMenuRaster.nib
1898c1898
< 		<string>Views</string>
---
> 		<string>뷰</string>
1967c1967
< 		<string>Studio</string>
---
> 		<string>작업실</string>
2032c2032
< 		<string>Show Left Studio</string>
---
> 		<string>왼쪽 작업실 보기</string>
2068c2068
< 		<string>Show Right Studio</string>
---
> 		<string>오른쪽 작업실 보기</string>
2143c2143
< 		<string>Hide Studio</string>
---
> 		<string>작업실 가리기</string>
2179c2179
< 		<string>Reset Studio</string>
---
> 		<string>작업실 재설정</string>
2317c2317
< 		<string>Share</string>
---
> 		<string>공유</string>
2366c2366
< 		<string>Restore Snapshot</string>
---
> 		<string>스냅샷 복원</string>
2415c2415
< 		<string>Open Recent</string>
---
> 		<string>최근 사용 열기</string>
2464c2464
< 		<string>Clear Menu</string>
---
> 		<string>메뉴 지우기</string>
2538c2538
< 		<string>Minimize</string>
---
> 		<string>최소화</string>
2603c2603
< 		<string>Zoom</string>
---
> 		<string>맞추기</string>
2680c2680
< 		<string>Hide Others</string>
---
> 		<string>기타 가리기</string>
2741c2741
< 		<string>Preferences…</string>
---
> 		<string>환경설정…</string>
2802c2802
< 		<string>Quit</string>
---
> 		<string>Affinity Photo 종료</string>
2871c2871
< 		<string>Show All</string>
---
> 		<string>모두 보기</string>
2926c2926
< 		<string>Hide</string>
---
> 		<string>가리기</string>
2984c2984
< 		<string>About…</string>
---
> 		<string>Affinity Photo에 관하여…</string>
3061c3061
< 		<string>Redo</string>
---
> 		<string>다시 실행</string>
3130c3130
< 		<string>Copy</string>
---
> 		<string>복사</string>
3186c3186
< 		<string>Paste</string>
---
> 		<string>붙이기</string>
3242c3242
< 		<string>Cut</string>
---
> 		<string>오려두기</string>
3303c3303
< 		<string>Undo</string>
---
> 		<string>실행 취소</string>
3454c3454
< 		<string>Save As…</string>
---
> 		<string>다른 이름으로 저장…</string>
3515c3515
< 		<string>Save</string>
---
> 		<string>저장</string>
3574c3574
< 		<string>Save History With Document</string>
---
> 		<string>편집 기록 저장</string>
3634c3634
< 		<string>New</string>
---
> 		<string>신규</string>
3695c3695
< 		<string>Open…</string>
---
> 		<string>열기…</string>
3756c3756
< 		<string>Print…</string>
---
> 		<string>인쇄…</string>
3832c3832
< 		<string>Customise Tools…</string>
---
> 		<string>도구 사용자화…</string>
3905c3905
< 		<string>Customise Toolbar…</string>
---
> 		<string>툴바 사용자화…</string>
3965c3965
< 		<string>Show Toolbar</string>
---
> 		<string>툴바 보기</string>
4048c4048
< 		<string>Affinity Photo Help</string>
---
> 		<string>Affinity Photo 도움말</string>
4242c4242
< 		<string>New Layer</string>
---
> 		<string>새로운 레이어</string>
4760c4760
< 		<string>Ungroup</string>
---
> 		<string>그룹 해제</string>
4821c4821
< 		<string>Group</string>
---
> 		<string>그룹</string>
4882c4882
< 		<string>Deselect</string>
---
> 		<string>선택 해제</string>
5001c5001
< 		<string>Invert Pixel Selection</string>
---
> 		<string>픽셀 선택 항목 반전</string>
5057c5057
< 		<string>Select All</string>
---
> 		<string>전체 선택</string>
5442c5442
< 		<string>Place…</string>
---
> 		<string>다른 문서 넣기…</string>
5577c5577
< 		<string>Zoom to Fit</string>
---
> 		<string>화면 크기에 맞추기</string>
5727c5727
< 		<string>Select Reds</string>
---
> 		<string>빨강 선택</string>
5785c5785
< 		<string>Select Greens</string>
---
> 		<string>초록 선택</string>
5843c5843
< 		<string>Select Blues</string>
---
> 		<string>파랑 선택</string>
5918c5918
< 		<string>Select Midtones</string>
---
> 		<string>중간 선택</string>
5976c5976
< 		<string>Select Shadows</string>
---
> 		<string>그림자 선택</string>
6034c6034
< 		<string>Select Highlights</string>
---
> 		<string>빛 선택</string>
6094c6094
< 		<string>Grow / Shrink…</string>
---
> 		<string>팽창 / 수축…</string>
6153c6153
< 		<string>Show Margins</string>
---
> 		<string>여백선 보기</string>
6213c6213
< 		<string>Show Guides</string>
---
> 		<string>안내선 보기</string>
6276c6276
< 		<string>Show Grid</string>
---
> 		<string>격자선 보기</string>
6393c6393
< 		<string>New View</string>
---
> 		<string>새로운 뷰</string>
7053c7053
< 		<string>Merge Visible</string>
---
> 		<string>보이는 항목 병합</string>
7366c7366
< 		<string>Refine Edges…</string>
---
> 		<string>모서리 다듬기…</string>
8008c8008
< 		<string>Select Sampled Colour…</string>
---
> 		<string>표본 색상 선택…</string>
8199c8199
< 		<string>Auto Levels</string>
---
> 		<string>자동 레벨</string>
8378c8378
< 		<string>Snapping Manager…</string>
---
> 		<string>스내핑 관리자…</string>
8491c8491
< 		<string>Paste Style</string>
---
> 		<string>스타일 붙이기</string>
8551c8551
< 		<string>Zoom In</string>
---
> 		<string>확대</string>
8612c8612
< 		<string>Zoom Out</string>
---
> 		<string>축소</string>
8671c8671
< 		<string>Assistant Manager…</string>
---
> 		<string>손쉬운 사용 관리자…</string>
8789c8789
< 		<string>Media Browser…</string>
---
> 		<string>미디어 브라우저…</string>
9025c9025
< 		<string>Show Rulers</string>
---
> 		<string>눈금자 보기</string>
9352c9352
< 		<string>Revert</string>
---
> 		<string>되돌리기</string>
9410c9410
< 		<string>Align Left</string>
---
> 		<string>왼쪽 정렬</string>
9500c9500
< 		<string>Precise Bigger</string>
---
> 		<string>정밀하게 늘리기</string>
9722c9722
< 		<string>Update Paragraph Style</string>
---
> 		<string>문단 스타일 업데이트</string>
9797c9797
< 		<string>Combine</string>
---
> 		<string>배타</string>
9885c9885
< 		<string>En Space</string>
---
> 		<string>반각 공백</string>
10037c10037
< 		<string>Show Character</string>
---
> 		<string>문자 보기</string>
10095c10095
< 		<string>Merge All Windows</string>
---
> 		<string>모든 윈도우 합치기</string>
10213c10213
< 		<string>Flip Horizontal</string>
---
> 		<string>가로 뒤집기</string>
10352c10352
< 		<string>Superscript</string>
---
> 		<string>윗첨자</string>
10470c10470
< 		<string>Actual Size</string>
---
> 		<string>실제 크기</string>
10778c10778
< 		<string>Reveal in Finder</string>
---
> 		<string>Finder에서 찾기</string>
10909c10909
< 		<string>None</string>
---
> 		<string>없음</string>
10969c10969
< 		<string>Merge Selected</string>
---
> 		<string>선택 항목 병합</string>
11046c11046
< 		<string>Tighten More</string>
---
> 		<string>더 좁게</string>
11105c11105
< 		<string>Recolour Adjustment</string>
---
> 		<string>재색상 조정</string>
11163c11163
< 		<string>Grid and Axis Manager…</string>
---
> 		<string>격자선 관리자…</string>
11284c11284
< 		<string>En Dash</string>
---
> 		<string>반각 줄표</string>
11342c11342
< 		<string>Show Context Toolbar</string>
---
> 		<string>상황별 툴바 보기</string>
11623c11623
< 		<string>Decrease</string>
---
> 		<string>줄이기</string>
11757c11757
< 		<string>Centre</string>
---
> 		<string>가운데</string>
11815c11815
< 		<string>Insert Text from File…</string>
---
> 		<string>파일에서 텍스트 삽입하기…</string>
11895c11895
< 		<string>Strikeout</string>
---
> 		<string>취소선</string>
12130c12130
< 		<string>Synchronise from Selection</string>
---
> 		<string>선택 항목에서 기본값 동기화</string>
12188c12188
< 		<string>Auto Colours</string>
---
> 		<string>자동 색상</string>
12246c12246
< 		<string>Save Text Styles as Default</string>
---
> 		<string>텍스트 스타일을 기본값으로 저장</string>
12420c12420
< 		<string>Liquify Persona</string>
---
> 		<string>액화 페르소나</string>
12480c12480
< 		<string>Duplicate</string>
---
> 		<string>복제</string>
12718c12718
< 		<string>Unlock</string>
---
> 		<string>잠금 해제</string>
12834c12834
< 		<string>Bottom</string>
---
> 		<string>아래</string>
12950c12950
< 		<string>Factory Reset</string>
---
> 		<string>기본값 재설정</string>
13066c13066
< 		<string>Zero Width Space</string>
---
> 		<string>폭 없는 공백</string>
13434c13434
< 		<string>Divide</string>
---
> 		<string>분할</string>
13550c13550
< 		<string>Create Character Style</string>
---
> 		<string>문자 스타일 생성</string>
13610c13610
< 		<string>Flip Vertical</string>
---
> 		<string>세로 뒤집기</string>
13669c13669
< 		<string>Intersect</string>
---
> 		<string>교차</string>
13729c13729
< 		<string>Loosen</string>
---
> 		<string>넓게</string>
13788c13788
< 		<string>Move to Previous View Point</string>
---
> 		<string>이전 뷰 포인트로 이동</string>
13846c13846
< 		<string>Import Text Styles…</string>
---
> 		<string>텍스트 스타일 입력…</string>
13904c13904
< 		<string>Auto White Balance</string>
---
> 		<string>자동 화이트 밸런스</string>
14043c14043
< 		<string>Rotate Right</string>
---
> 		<string>오른쪽으로 회전</string>
14124c14124
< 		<string>Underline</string>
---
> 		<string>밑줄</string>
14182c14182
< 		<string>Separated Mode</string>
---
> 		<string>분리 모드</string>
14242c14242
< 		<string>Rotate 90° Anticlockwise</string>
---
> 		<string>반시계방향으로 90° 회전</string>
14301c14301
< 		<string>Show All Text</string>
---
> 		<string>모든 텍스트 보기</string>
14477c14477
< 		<string>Precise Decrease</string>
---
> 		<string>정밀하게 줄이기</string>
14533c14533
< 		<string>Paste Without Format</string>
---
> 		<string>포맷 없이 붙이기</string>
14591c14591
< 		<string>Update Character Style</string>
---
> 		<string>문자 스타일 업데이트</string>
14651c14651
< 		<string>Precise Smaller</string>
---
> 		<string>정밀하게 줄이기</string>
14727c14727
< 		<string>Align Centre</string>
---
> 		<string>가로 가운데 정렬</string>
14785c14785
< 		<string>Align Right</string>
---
> 		<string>오른쪽 정렬</string>
14843c14843
< 		<string>Reapply Text Styles</string>
---
> 		<string>텍스트 스타일 다시 적용</string>
14918c14918
< 		<string>On App Screen</string>
---
> 		<string>응용프로그램 화면</string>
14978c14978
< 		<string>Toggle Full Screen</string>
---
> 		<string>전체 화면 시작</string>
15037c15037
< 		<string>Show Text Styles</string>
---
> 		<string>텍스트 스타일 보기</string>
15213c15213
< 		<string>Bigger</string>
---
> 		<string>늘리기</string>
15290c15290
< 		<string>Spelling Options…</string>
---
> 		<string>철자 설정…</string>
15424c15424
< 		<string>Align Bottom</string>
---
> 		<string>아래쪽 정렬</string>
15540c15540
< 		<string>Justify Right</string>
---
> 		<string>오른쪽 균등 정렬</string>
15656c15656
< 		<string>Export…</string>
---
> 		<string>출력…</string>
15714c15714
< 		<string>Toggle UI</string>
---
> 		<string>UI 가리기</string>
15773c15773
< 		<string>Justify Left</string>
---
> 		<string>왼쪽 균등 정렬</string>
15831c15831
< 		<string>Outline…</string>
---
> 		<string>윤곽…</string>
15891c15891
< 		<string>Precise Increase</string>
---
> 		<string>정밀하게 늘리기</string>
16068c16068
< 		<string>Move To Front</string>
---
> 		<string>맨 앞으로 가져오기</string>
16127c16127
< 		<string>Always Show Selection in Layers Panel </string>
---
> 		<string>레이어 패널에서 선택 항목 항상 보기 </string>
16422c16422
< 		<string>Move Back One</string>
---
> 		<string>뒤로 보내기</string>
16481c16481
< 		<string>Use Default</string>
---
> 		<string>기준선 재설정</string>
16539c16539
< 		<string>Show Glyph Browser</string>
---
> 		<string>문자 브라우저 보기</string>
16715c16715
< 		<string>Show Pixel Selection</string>
---
> 		<string>픽셀 선택 항목 보기</string>
16889c16889
< 		<string>Em Space</string>
---
> 		<string>전각 공백</string>
17008c17008
< 		<string>Flip Vertical</string>
---
> 		<string>세로 뒤집기</string>
17066c17066
< 		<string>Figure Dash</string>
---
> 		<string>숫자 줄표</string>
17184c17184
< 		<string>Unlock All</string>
---
> 		<string>모두 잠금 해제</string>
17242c17242
< 		<string>Guides Manager…</string>
---
> 		<string>안내선 관리자…</string>
17416c17416
< 		<string>In Place</string>
---
> 		<string>제자리에</string>
17531c17531
< 		<string>Soft Hyphen</string>
---
> 		<string>하이픈</string>
17589c17589
< 		<string>Flip Horizontal</string>
---
> 		<string>가로 뒤집기</string>
17707c17707
< 		<string>Invert</string>
---
> 		<string>반전</string>
18054c18054
< 		<string>Smooth…</string>
---
> 		<string>부드럽게…</string>
18228c18228
< 		<string>Add</string>
---
> 		<string>추가</string>
18419c18419
< 		<string>Use All</string>
---
> 		<string>모두 합자</string>
18537c18537
< 		<string>Justify</string>
---
> 		<string>맞춤</string>
18904c18904
< 		<string>Show Paragraph</string>
---
> 		<string>문단 보기</string>
19019c19019
< 		<string>Ignore Misspelt Word</string>
---
> 		<string>철자 오류 무시</string>
19135c19135
< 		<string>Check Spelling While Typing</string>
---
> 		<string>작성하는 동안 철자 확인</string>
19253c19253
< 		<string>Close</string>
---
> 		<string>닫기</string>
19429c19429
< 		<string>Show Tools</string>
---
> 		<string>도구 보기</string>
19487c19487
< 		<string>Use None</string>
---
> 		<string>합자 없음</string>
19603c19603
< 		<string>Rasterise…</string>
---
> 		<string>래스터화…</string>
19716c19716
< 		<string>Paste Inside</string>
---
> 		<string>안으로 붙이기</string>
19774c19774
< 		<string>Bold</string>
---
> 		<string>강조</string>
19890c19890
< 		<string>Set No Paragraph Style</string>
---
> 		<string>문단 스타일 벗기기</string>
20008c20008
< 		<string>Line Break</string>
---
> 		<string>줄바꿈</string>
20066c20066
< 		<string>Set No Character Style</string>
---
> 		<string>문자 스타일 벗기기</string>
20182c20182
< 		<string>Reset Rotation</string>
---
> 		<string>회전 재설정</string>
20242c20242
< 		<string>Subscript</string>
---
> 		<string>아랫첨자</string>
20476c20476
< 		<string>Create Style</string>
---
> 		<string>스타일 생성</string>
20534c20534
< 		<string>Delete Character Style</string>
---
> 		<string>문자 스타일 지우기</string>
20883c20883
< 		<string>Pixel Size</string>
---
> 		<string>픽셀 크기</string>
20944c20944
< 		<string>Lock</string>
---
> 		<string>잠금</string>
21004c21004
< 		<string>Rotate 90° Clockwise</string>
---
> 		<string>시계방향으로 90° 회전</string>
21063c21063
< 		<string>Check Spelling</string>
---
> 		<string>철자 확인</string>
21123c21123
< 		<string>Non-Breaking Space</string>
---
> 		<string>줄 바꿈 없는 공백</string>
21253c21253
< 		<string>Align Middle</string>
---
> 		<string>세로 가운데 정렬</string>
21311c21311
< 		<string>Justify All</string>
---
> 		<string>양쪽 균등 정렬</string>
21427c21427
< 		<string>Rotate 90° Clockwise</string>
---
> 		<string>시계방향으로 90° 회전</string>
21485c21485
< 		<string>Align Centre</string>
---
> 		<string>가로 가운데 정렬</string>
21661c21661
< 		<string>Move Forward One</string>
---
> 		<string>앞으로 가져오기</string>
21835c21835
< 		<string>Justify Centre</string>
---
> 		<string>가운데 균등 정렬</string>
21893c21893
< 		<string>Hide All Text</string>
---
> 		<string>모든 텍스트 숨기기</string>
21951c21951
< 		<string>Subtract</string>
---
> 		<string>제거</string>
22183c22183
< 		<string>Italic</string>
---
> 		<string>기울임</string>
22241c22241
< 		<string>Auto Contrast</string>
---
> 		<string>자동 대비</string>
22299c22299
< 		<string>Margins…</string>
---
> 		<string>여백…</string>
22415c22415
< 		<string>Align Top</string>
---
> 		<string>위쪽 정렬</string>
22475c22475
< 		<string>Smaller</string>
---
> 		<string>더 작게</string>
22649c22649
< 		<string>Dock Tools</string>
---
> 		<string>도구 고정</string>
22826c22826
< 		<string>Rotate Left</string>
---
> 		<string>왼쪽으로 회전</string>
22886c22886
< 		<string>Show Typography</string>
---
> 		<string>타이포그래피 보기</string>
23118c23118
< 		<string>Move to Next View Point</string>
---
> 		<string>다음 뷰 포인트로 이동</string>
23176c23176
< 		<string>Insert Filler Text</string>
---
> 		<string>Lorem Ipsum</string>
23234c23234
< 		<string>Non-Breaking Hyphen</string>
---
> 		<string>줄 바꿈 없는 하이픈</string>
23352c23352
< 		<string>Tighten</string>
---
> 		<string>좁게</string>
23647c23647
< 		<string>Merge Down</string>
---
> 		<string>아래 항목 병합</string>
23824c23824
< 		<string>Create Paragraph Style</string>
---
> 		<string>문단 스타일 생성</string>
23998c23998
< 		<string>Delete Paragraph Style</string>
---
> 		<string>문단 스타일 지우기</string>
24116c24116
< 		<string>Em Dash</string>
---
> 		<string>전각 줄표</string>
24232c24232
< 		<string>All Caps</string>
---
> 		<string>모두 대문자</string>
24285c24285
< 		<string>Delete</string>
---
> 		<string>지우기</string>
24343c24343
< 		<string>Export Persona</string>
---
> 		<string>출력 페르소나</string>
24456c24456
< 		<string>Paste FX</string>
---
> 		<string>효과 붙이기</string>
24574c24574
< 		<string>New From Clipboard</string>
---
> 		<string>클립보드에서 신규</string>
24748c24748
< 		<string>Rotate 90° Anticlockwise</string>
---
> 		<string>반시계방향으로 90° 회전</string>
24865c24865
< 		<string>Increase</string>
---
> 		<string>늘리기</string>
24924c24924
< 		<string>Detach and Delete All Styles</string>
---
> 		<string>모든 스타일 벗기고 삭제</string>
25101c25101
< 		<string>Small Caps</string>
---
> 		<string>작은 대문자</string>
25217c25217
< 		<string>Develop Persona</string>
---
> 		<string>개발 페르소나</string>
25275c25275
< 		<string>Tone Mapping Persona</string>
---
> 		<string>톤 맵핑 페르소나</string>
25335c25335
< 		<string>Loosen More</string>
---
> 		<string>더 넓게</string>
25570c25570
< 		<string>Add Snapshot</string>
---
> 		<string>스냅샷 추가</string>
25630c25630
< 		<string>Feather…</string>
---
> 		<string>깃털…</string>
25689c25689
< 		<string>Top</string>
---
> 		<string>위로</string>
28387c28387
< 		<string>Persona</string>
---
> 		<string>페르소나</string>
28632c28632
< 		<string>Services</string>
---
> 		<string>서비스</string>
28797c28797
< 		<string>File</string>
---
> 		<string>파일</string>
29537c29537
< 		<string>Edit</string>
---
> 		<string>편집</string>
29789c29789
< 		<string>Defaults</string>
---
> 		<string>기본값</string>
29865c29865
< 		<string>Text</string>
---
> 		<string>텍스트</string>
30079,30080c30079,30080
< 		<string>Character Traits</string>
< 		<string>Character Traits</string>
---
> 		<string>문자 특성</string>
> 		<string>문자 특성</string>
30157c30157
< 		<string>Size</string>
---
> 		<string>크기</string>
30233c30233
< 		<string>Spacing</string>
---
> 		<string>공간</string>
30359c30359
< 		<string>Ligatures</string>
---
> 		<string>합자</string>
30431c30431
< 		<string>Baseline</string>
---
> 		<string>기준선</string>
30503,30504c30503,30504
< 		<string>Capitalisation</string>
< 		<string>Capitalisation</string>
---
> 		<string>대문자화</string>
> 		<string>대문자화</string>
30614c30614
< 		<string>Alignment</string>
---
> 		<string>정렬</string>
30744,30745c30744,30745
< 		<string>Paragraph Leading</string>
< 		<string>Paragraph Leading</string>
---
> 		<string>줄 간격</string>
> 		<string>줄 간격</string>
30859,30860c30859,30860
< 		<string>Text Styles</string>
< 		<string>Text Styles</string>
---
> 		<string>텍스트 스타일</string>
> 		<string>텍스트 스타일</string>
31086,31087c31086,31087
< 		<string>Insert Character</string>
< 		<string>Insert Character</string>
---
> 		<string>문자 삽입</string>
> 		<string>문자 삽입</string>
31351,31352c31351,31352
< 		<string>Vertical Alignment</string>
< 		<string>Vertical Alignment</string>
---
> 		<string>세로 정렬</string>
> 		<string>세로 정렬</string>
31466c31466
< 		<string>Spelling</string>
---
> 		<string>철자</string>
31664c31664
< 		<string>Document</string>
---
> 		<string>문서</string>
31822c31822
< 		<string>Restore Snapshot</string>
---
> 		<string>스냅샷 복원</string>
31910,31911c31910,31911
< 		<string>Colour Format</string>
< 		<string>Colour Format</string>
---
> 		<string>색상 포맷</string>
> 		<string>색상 포맷</string>
32311c32311
< 		<string>Layer</string>
---
> 		<string>레이어</string>
33596c33596
< 		<string>Geometry</string>
---
> 		<string>기하</string>
33676c33676
< 		<string>Select</string>
---
> 		<string>선택</string>
34015,34016c34015,34016
< 		<string>Colour Range</string>
< 		<string>Colour Range</string>
---
> 		<string>색상 범위</string>
> 		<string>색상 범위</string>
34088c34088
< 		<string>Tonal Range</string>
---
> 		<string>색조 범위</string>
34160,34161c34160,34161
< 		<string>Alpha Range</string>
< 		<string>Alpha Range</string>
---
> 		<string>알파 범위</string>
> 		<string>알파 범위</string>
34309c34309
< 		<string>Arrange</string>
---
> 		<string>순서</string>
34663c34663
< 		<string>Filters</string>
---
> 		<string>필터</string>
35059c35059
< 		<string>Distort</string>
---
> 		<string>왜곡</string>
35408c35408
< 		<string>Colours</string>
---
> 		<string>색상</string>
35657c35657
< 		<string>View</string>
---
> 		<string>뷰</string>
36381c36381
< 		<string>Window</string>
---
> 		<string>윈도우</string>
36548c36548
< 		<string>Bring All to Front</string>
---
> 		<string>모두 앞으로 가져오기</string>
36710c36710
< 		<string>Help</string>
---
> 		<string>도움말</string>
diff -s /Applications/Affinity Photo.app/Contents/Resources/en.lproj/adjustments.strings /Applications/Affinity Photo.app/Contents/Resources/ko.lproj/adjustments.strings
34c34
< 	<string>Curves</string>
---
> 	<string>곡선</string>
40c40
< 	<string>Desaturate</string>
---
> 	<string>채도 낮추기</string>
50c50
< 	<string>Exposure</string>
---
> 	<string>노출</string>
70c70
< 	<string>Invert</string>
---
> 	<string>반전</string>
76c76
< 	<string>Levels</string>
---
> 	<string>레벨</string>
86c86
< 	<string>Posterise</string>
---
> 	<string>포스터화</string>
92c92
< 	<string>Recolour</string>
---
> 	<string>재색상</string>
104c104
< 	<string>Threshold</string>
---
> 	<string>역치</string>
112c112
< 	<string>Vibrance</string>
---
> 	<string>활기</string>
diff -s /Applications/Affinity Photo.app/Contents/Resources/en.lproj/fills.strings /Applications/Affinity Photo.app/Contents/Resources/ko.lproj/fills.strings
6c6
< 	<string>Black</string>
---
> 	<string>검정</string>
8c8
< 	<string>Black 10%</string>
---
> 	<string>검정 10%</string>
10c10
< 	<string>Black 15%</string>
---
> 	<string>검정 15%</string>
12c12
< 	<string>Black 20%</string>
---
> 	<string>검정 20%</string>
14c14
< 	<string>Black 25%</string>
---
> 	<string>검정 25%</string>
16c16
< 	<string>Black 30%</string>
---
> 	<string>검정 30%</string>
18c18
< 	<string>Black 35%</string>
---
> 	<string>검정 35%</string>
20c20
< 	<string>Black 40%</string>
---
> 	<string>검정 40%</string>
22c22
< 	<string>Black 45%</string>
---
> 	<string>검정 45%</string>
24c24
< 	<string>Black 5%</string>
---
> 	<string>검정 5%</string>
26c26
< 	<string>Black 50%</string>
---
> 	<string>검정 50%</string>
28c28
< 	<string>Black 55%</string>
---
> 	<string>검정 55%</string>
30c30
< 	<string>Black 60%</string>
---
> 	<string>검정 60%</string>
32c32
< 	<string>Black 65%</string>
---
> 	<string>검정 65%</string>
34c34
< 	<string>Black 70%</string>
---
> 	<string>검정 70%</string>
36c36
< 	<string>Black 75%</string>
---
> 	<string>검정 75%</string>
38c38
< 	<string>Black 80%</string>
---
> 	<string>검정 80%</string>
40c40
< 	<string>Black 85%</string>
---
> 	<string>검정 85%</string>
42c42
< 	<string>Black 90%</string>
---
> 	<string>검정 90%</string>
44c44
< 	<string>Black 95%</string>
---
> 	<string>검정 95%</string>
46c46
< 	<string>Black to transparent</string>
---
> 	<string>검정에서 투명</string>
48c48
< 	<string>Black to white</string>
---
> 	<string>검정에서 하양</string>
50c50
< 	<string>Colours</string>
---
> 	<string>색상</string>
52c52
< 	<string>Gradients</string>
---
> 	<string>그레이디언트</string>
54c54
< 	<string>Greys</string>
---
> 	<string>회색</string>
362c362
< 	<string>White</string>
---
> 	<string>하양</string>
364c364
< 	<string>White to black</string>
---
> 	<string>하양에서 검정</string>
366c366
< 	<string>White to transparent</string>
---
> 	<string>하양에서 투명</string>
diff -s /Applications/Affinity Photo.app/Contents/Resources/en.lproj/macros.strings /Applications/Affinity Photo.app/Contents/Resources/ko.lproj/macros.strings
6c6
< 	<string>Black &amp; White</string>
---
> 	<string>흑백</string>
10c10
< 	<string>Default</string>
---
> 	<string>기본값</string>
12c12
< 	<string>Flip Horizontal</string>
---
> 	<string>가로 뒤집기</string>
14c14
< 	<string>Flip Vertical</string>
---
> 	<string>세로 뒤집기</string>
diff -s /Applications/Affinity Photo.app/Contents/Resources/en.lproj/objectstyles.strings /Applications/Affinity Photo.app/Contents/Resources/ko.lproj/objectstyles.strings
6c6
< 	<string>Default</string>
---
> 	<string>기본값</string>
8c8
< 	<string>Glass</string>
---
> 	<string>유리</string>
10c10
< 	<string>Metal</string>
---
> 	<string>금속</string>
12c12
< 	<string>Onyx</string>
---
> 	<string>오닉스</string>
14c14
< 	<string>Rainbow</string>
---
> 	<string>무지개</string>
16c16
< 	<string>Salmon</string>
---
> 	<string>연어</string>
18c18
< 	<string>Style</string>
---
> 	<string>스타일</string>
20c20
< 	<string>Sunset</string>
---
> 	<string>석양</string>
Files /Applications/Affinity Photo.app/Contents/Resources/en.lproj/raster_brushes.strings and /Applications/Affinity Photo.app/Contents/Resources/ko.lproj/raster_brushes.strings are identical
diff -s /Applications/Affinity Photo.app/Contents/Resources/en.lproj/tone_map.strings /Applications/Affinity Photo.app/Contents/Resources/ko.lproj/tone_map.strings
29,30c29,30
< 	<key>Default</key>
< 	<string>Default</string>
---
> 	<key>기본값</key>
> 	<string>기본값</string>
