< > 		<string>変換</string>
> > 		<string>전환</string>
> < 		<string>System</string>
> > 		<string>시스템</string>
< > 		<string>テキストセル</string>
< > 		<string>変換</string>
> > 		<string>텍스트 셀</string>
< > 		<string>キャンセル</string>
> > 		<string>취소</string>
< > 		<string>プロファイル</string>
> > 		<string>프로파일</string>
< > 		<string>カラーフォーマット</string>
< < 		<string>Grey/8</string>
< > 		<string>グレー/8</string>
< < 		<string>Grey/16</string>
< > 		<string>グレー/16</string>
< < 		<string>Perceptual</string>
< > 		<string>知覚</string>
< < 		<string>Relative Colourimetric</string>
< > 		<string>相対的な色彩を保持</string>
> > 		<string>색상 포맷</string>
< > 		<string>彩度</string>
< < 		<string>Absolute Colourimetric</string>
< > 		<string>絶対的な色彩を保持</string>
< < 		<string>Black Point Compensation</string>
< > 		<string>黒点補正</string>
< < 		<string>Rendering Intent</string>
< > 		<string>レンダリングインテント</string>
> > 		<string>채도</string>
