< 		<string>Missing:</string>
> 		<string>欠落:</string>
< 		<string>Modified:</string>
> 		<string>変更済み:</string>
< 		<string>Restricted:</string>
> 		<string>制限付き:</string>
< 		<string>Total:</string>
> 		<string>合計:</string>
< 		<string>Fonts</string>
> 		<string>フォント</string>
> 		<string>名前</string>
< 		<string>Text Cell</string>
> 		<string>テキストセル</string>
> 		<string>パッケージ</string>
> 		<string>テキストセル</string>
> 		<string>ステータス</string>
> 		<string>テキストセル</string>
> 		<string>インストール</string>
> 		<string>テキストセル</string>
< 		<string>Linked:</string>
> 		<string>リンク済み:</string>
< 		<string>Missing:</string>
> 		<string>欠落:</string>
< 		<string>Modified:</string>
> 		<string>変更済み:</string>
> 		<string>合計:</string>
< 		<string>Images</string>
> 		<string>画像</string>
> 		<string>名前</string>
> 		<string>テキストセル</string>
> 		<string>パッケージ</string>
> 		<string>テキストセル</string>
> 		<string>ステータス</string>
> 		<string>テキストセル</string>
< 		<string>Include Fonts</string>
> 		<string>フォントを含める</string>
< 		<string>Include Images</string>
> 		<string>画像を含める</string>
< 		<string>Options</string>
> 		<string>オプション</string>
< 		<string>Package Document</string>
> 		<string>パッケージドキュメント</string>
< 		<string>Summary</string>
> 		<string>概要</string>
> 		<string>フォント</string>
> 		<string>画像</string>
> 		<string>概要</string>
> 		<string>フォント</string>
> 		<string>画像</string>
> 		<string>テキストセル</string>
< 		<string>Package Document</string>
> 		<string>パッケージドキュメント</string>
< 		<string>Cancel</string>
> 		<string>キャンセル</string>
< 		<string>Table View Cell</string>
> 		<string>表ビューセル</string>
