< < 		<string>Missing:</string>
< > 		<string>欠落:</string>
< < 		<string>Modified:</string>
< > 		<string>変更済み:</string>
< < 		<string>Restricted:</string>
< > 		<string>制限付き:</string>
< < 		<string>Total:</string>
< > 		<string>合計:</string>
< < 		<string>Fonts</string>
< > 		<string>フォント</string>
< > 		<string>名前</string>
> < 		<string>System</string>
> > 		<string>시스템</string>
> < 		<string>Name</string>
> > 		<string>이름</string>
< > 		<string>テキストセル</string>
< > 		<string>パッケージ</string>
< > 		<string>テキストセル</string>
< > 		<string>ステータス</string>
< > 		<string>テキストセル</string>
< > 		<string>インストール</string>
< > 		<string>テキストセル</string>
< < 		<string>Linked:</string>
< > 		<string>リンク済み:</string>
< < 		<string>Missing:</string>
< > 		<string>欠落:</string>
< < 		<string>Modified:</string>
< > 		<string>変更済み:</string>
< > 		<string>合計:</string>
> > 		<string>텍스트 셀</string>
< > 		<string>画像</string>
< > 		<string>名前</string>
< > 		<string>テキストセル</string>
< > 		<string>パッケージ</string>
< > 		<string>テキストセル</string>
< > 		<string>ステータス</string>
< > 		<string>テキストセル</string>
< < 		<string>Include Fonts</string>
< > 		<string>フォントを含める</string>
< < 		<string>Include Images</string>
< > 		<string>画像を含める</string>
> > 		<string>이미지</string>
< > 		<string>オプション</string>
< < 		<string>Package Document</string>
< > 		<string>パッケージドキュメント</string>
> > 		<string>설정</string>
< > 		<string>概要</string>
< > 		<string>フォント</string>
< > 		<string>画像</string>
< > 		<string>概要</string>
< > 		<string>フォント</string>
< > 		<string>画像</string>
< > 		<string>テキストセル</string>
< < 		<string>Package Document</string>
< > 		<string>パッケージドキュメント</string>
> > 		<string>요약</string>
< > 		<string>キャンセル</string>
< < 		<string>Table View Cell</string>
< > 		<string>表ビューセル</string>
> > 		<string>취소</string>
