Files /Applications/Affinity Designer.app/Contents/Frameworks/libcocoaui.framework/Versions/A/Resources/en.lproj/AddPageWindowController.nib and /Applications/Affinity Designer.app/Contents/Frameworks/libcocoaui.framework/Versions/A/Resources/ko.lproj/AddPageWindowController.nib are identical
Files /Applications/Affinity Designer.app/Contents/Frameworks/libcocoaui.framework/Versions/A/Resources/en.lproj/AdjustmentItemView.nib and /Applications/Affinity Designer.app/Contents/Frameworks/libcocoaui.framework/Versions/A/Resources/ko.lproj/AdjustmentItemView.nib are identical
Files /Applications/Affinity Designer.app/Contents/Frameworks/libcocoaui.framework/Versions/A/Resources/en.lproj/AdjustmentPage.nib and /Applications/Affinity Designer.app/Contents/Frameworks/libcocoaui.framework/Versions/A/Resources/ko.lproj/AdjustmentPage.nib are identical
Files /Applications/Affinity Designer.app/Contents/Frameworks/libcocoaui.framework/Versions/A/Resources/en.lproj/Adjustments.nib and /Applications/Affinity Designer.app/Contents/Frameworks/libcocoaui.framework/Versions/A/Resources/ko.lproj/Adjustments.nib are identical
Files /Applications/Affinity Designer.app/Contents/Frameworks/libcocoaui.framework/Versions/A/Resources/en.lproj/AdvancedBlendingController.nib and /Applications/Affinity Designer.app/Contents/Frameworks/libcocoaui.framework/Versions/A/Resources/ko.lproj/AdvancedBlendingController.nib are identical
Files /Applications/Affinity Designer.app/Contents/Frameworks/libcocoaui.framework/Versions/A/Resources/en.lproj/AffineEffect.nib and /Applications/Affinity Designer.app/Contents/Frameworks/libcocoaui.framework/Versions/A/Resources/ko.lproj/AffineEffect.nib are identical
Files /Applications/Affinity Designer.app/Contents/Frameworks/libcocoaui.framework/Versions/A/Resources/en.lproj/AlignViewController.nib and /Applications/Affinity Designer.app/Contents/Frameworks/libcocoaui.framework/Versions/A/Resources/ko.lproj/AlignViewController.nib are identical
Files /Applications/Affinity Designer.app/Contents/Frameworks/libcocoaui.framework/Versions/A/Resources/en.lproj/ApplyImageEffect.nib and /Applications/Affinity Designer.app/Contents/Frameworks/libcocoaui.framework/Versions/A/Resources/ko.lproj/ApplyImageEffect.nib are identical
Files /Applications/Affinity Designer.app/Contents/Frameworks/libcocoaui.framework/Versions/A/Resources/en.lproj/AssetsPage.nib and /Applications/Affinity Designer.app/Contents/Frameworks/libcocoaui.framework/Versions/A/Resources/ko.lproj/AssetsPage.nib are identical
Files /Applications/Affinity Designer.app/Contents/Frameworks/libcocoaui.framework/Versions/A/Resources/en.lproj/AssistantOptions.nib and /Applications/Affinity Designer.app/Contents/Frameworks/libcocoaui.framework/Versions/A/Resources/ko.lproj/AssistantOptions.nib are identical
Files /Applications/Affinity Designer.app/Contents/Frameworks/libcocoaui.framework/Versions/A/Resources/en.lproj/BatchJobItemView.nib and /Applications/Affinity Designer.app/Contents/Frameworks/libcocoaui.framework/Versions/A/Resources/ko.lproj/BatchJobItemView.nib are identical
Files /Applications/Affinity Designer.app/Contents/Frameworks/libcocoaui.framework/Versions/A/Resources/en.lproj/BatchJobSubItemView.nib and /Applications/Affinity Designer.app/Contents/Frameworks/libcocoaui.framework/Versions/A/Resources/ko.lproj/BatchJobSubItemView.nib are identical
Files /Applications/Affinity Designer.app/Contents/Frameworks/libcocoaui.framework/Versions/A/Resources/en.lproj/BatchPage.nib and /Applications/Affinity Designer.app/Contents/Frameworks/libcocoaui.framework/Versions/A/Resources/ko.lproj/BatchPage.nib are identical
Files /Applications/Affinity Designer.app/Contents/Frameworks/libcocoaui.framework/Versions/A/Resources/en.lproj/BilateralEffect.nib and /Applications/Affinity Designer.app/Contents/Frameworks/libcocoaui.framework/Versions/A/Resources/ko.lproj/BilateralEffect.nib are identical
Files /Applications/Affinity Designer.app/Contents/Frameworks/libcocoaui.framework/Versions/A/Resources/en.lproj/BlendModePropertiesViewController.nib and /Applications/Affinity Designer.app/Contents/Frameworks/libcocoaui.framework/Versions/A/Resources/ko.lproj/BlendModePropertiesViewController.nib are identical
Files /Applications/Affinity Designer.app/Contents/Frameworks/libcocoaui.framework/Versions/A/Resources/en.lproj/BoxEffect.nib and /Applications/Affinity Designer.app/Contents/Frameworks/libcocoaui.framework/Versions/A/Resources/ko.lproj/BoxEffect.nib are identical
Files /Applications/Affinity Designer.app/Contents/Frameworks/libcocoaui.framework/Versions/A/Resources/en.lproj/BrushEditPanel.nib and /Applications/Affinity Designer.app/Contents/Frameworks/libcocoaui.framework/Versions/A/Resources/ko.lproj/BrushEditPanel.nib are identical
Files /Applications/Affinity Designer.app/Contents/Frameworks/libcocoaui.framework/Versions/A/Resources/en.lproj/BrushItemView.nib and /Applications/Affinity Designer.app/Contents/Frameworks/libcocoaui.framework/Versions/A/Resources/ko.lproj/BrushItemView.nib are identical
Files /Applications/Affinity Designer.app/Contents/Frameworks/libcocoaui.framework/Versions/A/Resources/en.lproj/BrushPage.nib and /Applications/Affinity Designer.app/Contents/Frameworks/libcocoaui.framework/Versions/A/Resources/ko.lproj/BrushPage.nib are identical
Files /Applications/Affinity Designer.app/Contents/Frameworks/libcocoaui.framework/Versions/A/Resources/en.lproj/CameraShakeBlurEffect.nib and /Applications/Affinity Designer.app/Contents/Frameworks/libcocoaui.framework/Versions/A/Resources/ko.lproj/CameraShakeBlurEffect.nib are identical
Files /Applications/Affinity Designer.app/Contents/Frameworks/libcocoaui.framework/Versions/A/Resources/en.lproj/CategoryViewCategory.nib and /Applications/Affinity Designer.app/Contents/Frameworks/libcocoaui.framework/Versions/A/Resources/ko.lproj/CategoryViewCategory.nib are identical
Files /Applications/Affinity Designer.app/Contents/Frameworks/libcocoaui.framework/Versions/A/Resources/en.lproj/ChannelItemView.nib and /Applications/Affinity Designer.app/Contents/Frameworks/libcocoaui.framework/Versions/A/Resources/ko.lproj/ChannelItemView.nib are identical
Files /Applications/Affinity Designer.app/Contents/Frameworks/libcocoaui.framework/Versions/A/Resources/en.lproj/ChannelRasterSelectionItemView.nib and /Applications/Affinity Designer.app/Contents/Frameworks/libcocoaui.framework/Versions/A/Resources/ko.lproj/ChannelRasterSelectionItemView.nib are identical
Files /Applications/Affinity Designer.app/Contents/Frameworks/libcocoaui.framework/Versions/A/Resources/en.lproj/ChannelSelectionItemView.nib and /Applications/Affinity Designer.app/Contents/Frameworks/libcocoaui.framework/Versions/A/Resources/ko.lproj/ChannelSelectionItemView.nib are identical
Files /Applications/Affinity Designer.app/Contents/Frameworks/libcocoaui.framework/Versions/A/Resources/en.lproj/ChannelSeparatorItemView.nib and /Applications/Affinity Designer.app/Contents/Frameworks/libcocoaui.framework/Versions/A/Resources/ko.lproj/ChannelSeparatorItemView.nib are identical
Files /Applications/Affinity Designer.app/Contents/Frameworks/libcocoaui.framework/Versions/A/Resources/en.lproj/ChannelSpareSelectionItemView.nib and /Applications/Affinity Designer.app/Contents/Frameworks/libcocoaui.framework/Versions/A/Resources/ko.lproj/ChannelSpareSelectionItemView.nib are identical
Files /Applications/Affinity Designer.app/Contents/Frameworks/libcocoaui.framework/Versions/A/Resources/en.lproj/ChannelsPage.nib and /Applications/Affinity Designer.app/Contents/Frameworks/libcocoaui.framework/Versions/A/Resources/ko.lproj/ChannelsPage.nib are identical
Files /Applications/Affinity Designer.app/Contents/Frameworks/libcocoaui.framework/Versions/A/Resources/en.lproj/CharacterPage.nib and /Applications/Affinity Designer.app/Contents/Frameworks/libcocoaui.framework/Versions/A/Resources/ko.lproj/CharacterPage.nib are identical
Files /Applications/Affinity Designer.app/Contents/Frameworks/libcocoaui.framework/Versions/A/Resources/en.lproj/ClarityEffect.nib and /Applications/Affinity Designer.app/Contents/Frameworks/libcocoaui.framework/Versions/A/Resources/ko.lproj/ClarityEffect.nib are identical
Files /Applications/Affinity Designer.app/Contents/Frameworks/libcocoaui.framework/Versions/A/Resources/en.lproj/ClearUserDataWindowController.nib and /Applications/Affinity Designer.app/Contents/Frameworks/libcocoaui.framework/Versions/A/Resources/ko.lproj/ClearUserDataWindowController.nib are identical
Files /Applications/Affinity Designer.app/Contents/Frameworks/libcocoaui.framework/Versions/A/Resources/en.lproj/CloneBrushSourceItemView.nib and /Applications/Affinity Designer.app/Contents/Frameworks/libcocoaui.framework/Versions/A/Resources/ko.lproj/CloneBrushSourceItemView.nib are identical
Files /Applications/Affinity Designer.app/Contents/Frameworks/libcocoaui.framework/Versions/A/Resources/en.lproj/CloneBrushSourcesPage.nib and /Applications/Affinity Designer.app/Contents/Frameworks/libcocoaui.framework/Versions/A/Resources/ko.lproj/CloneBrushSourcesPage.nib are identical
Files /Applications/Affinity Designer.app/Contents/Frameworks/libcocoaui.framework/Versions/A/Resources/en.lproj/CloudConflictPanel.nib and /Applications/Affinity Designer.app/Contents/Frameworks/libcocoaui.framework/Versions/A/Resources/ko.lproj/CloudConflictPanel.nib are identical
Files /Applications/Affinity Designer.app/Contents/Frameworks/libcocoaui.framework/Versions/A/Resources/en.lproj/CloudUpdatePanel.nib and /Applications/Affinity Designer.app/Contents/Frameworks/libcocoaui.framework/Versions/A/Resources/ko.lproj/CloudUpdatePanel.nib are identical
Files /Applications/Affinity Designer.app/Contents/Frameworks/libcocoaui.framework/Versions/A/Resources/en.lproj/ColourCMYKSliderView.nib and /Applications/Affinity Designer.app/Contents/Frameworks/libcocoaui.framework/Versions/A/Resources/ko.lproj/ColourCMYKSliderView.nib are identical
Files /Applications/Affinity Designer.app/Contents/Frameworks/libcocoaui.framework/Versions/A/Resources/en.lproj/ColourEditor.nib and /Applications/Affinity Designer.app/Contents/Frameworks/libcocoaui.framework/Versions/A/Resources/ko.lproj/ColourEditor.nib are identical
Files /Applications/Affinity Designer.app/Contents/Frameworks/libcocoaui.framework/Versions/A/Resources/en.lproj/ColourGreySliderView.nib and /Applications/Affinity Designer.app/Contents/Frameworks/libcocoaui.framework/Versions/A/Resources/ko.lproj/ColourGreySliderView.nib are identical
Files /Applications/Affinity Designer.app/Contents/Frameworks/libcocoaui.framework/Versions/A/Resources/en.lproj/ColourHLSwatchModel.nib and /Applications/Affinity Designer.app/Contents/Frameworks/libcocoaui.framework/Versions/A/Resources/ko.lproj/ColourHLSwatchModel.nib are identical
Files /Applications/Affinity Designer.app/Contents/Frameworks/libcocoaui.framework/Versions/A/Resources/en.lproj/ColourHSLSliderView.nib and /Applications/Affinity Designer.app/Contents/Frameworks/libcocoaui.framework/Versions/A/Resources/ko.lproj/ColourHSLSliderView.nib are identical
Files /Applications/Affinity Designer.app/Contents/Frameworks/libcocoaui.framework/Versions/A/Resources/en.lproj/ColourHSSwatchModel.nib and /Applications/Affinity Designer.app/Contents/Frameworks/libcocoaui.framework/Versions/A/Resources/ko.lproj/ColourHSSwatchModel.nib are identical
Files /Applications/Affinity Designer.app/Contents/Frameworks/libcocoaui.framework/Versions/A/Resources/en.lproj/ColourLABSliderView.nib and /Applications/Affinity Designer.app/Contents/Frameworks/libcocoaui.framework/Versions/A/Resources/ko.lproj/ColourLABSliderView.nib are identical
Files /Applications/Affinity Designer.app/Contents/Frameworks/libcocoaui.framework/Versions/A/Resources/en.lproj/ColourPage.nib and /Applications/Affinity Designer.app/Contents/Frameworks/libcocoaui.framework/Versions/A/Resources/ko.lproj/ColourPage.nib are identical
Files /Applications/Affinity Designer.app/Contents/Frameworks/libcocoaui.framework/Versions/A/Resources/en.lproj/ColourPickerPanel.nib and /Applications/Affinity Designer.app/Contents/Frameworks/libcocoaui.framework/Versions/A/Resources/ko.lproj/ColourPickerPanel.nib are identical
Files /Applications/Affinity Designer.app/Contents/Frameworks/libcocoaui.framework/Versions/A/Resources/en.lproj/ColourPickerViewController.nib and /Applications/Affinity Designer.app/Contents/Frameworks/libcocoaui.framework/Versions/A/Resources/ko.lproj/ColourPickerViewController.nib are identical
Files /Applications/Affinity Designer.app/Contents/Frameworks/libcocoaui.framework/Versions/A/Resources/en.lproj/ColourRGBHexSliderView.nib and /Applications/Affinity Designer.app/Contents/Frameworks/libcocoaui.framework/Versions/A/Resources/ko.lproj/ColourRGBHexSliderView.nib are identical
Files /Applications/Affinity Designer.app/Contents/Frameworks/libcocoaui.framework/Versions/A/Resources/en.lproj/ColourRGBSliderView.nib and /Applications/Affinity Designer.app/Contents/Frameworks/libcocoaui.framework/Versions/A/Resources/ko.lproj/ColourRGBSliderView.nib are identical
Files /Applications/Affinity Designer.app/Contents/Frameworks/libcocoaui.framework/Versions/A/Resources/en.lproj/ColourSLSwatchModel.nib and /Applications/Affinity Designer.app/Contents/Frameworks/libcocoaui.framework/Versions/A/Resources/ko.lproj/ColourSLSwatchModel.nib are identical
Files /Applications/Affinity Designer.app/Contents/Frameworks/libcocoaui.framework/Versions/A/Resources/en.lproj/ColourTintSliderView.nib and /Applications/Affinity Designer.app/Contents/Frameworks/libcocoaui.framework/Versions/A/Resources/ko.lproj/ColourTintSliderView.nib are identical
Files /Applications/Affinity Designer.app/Contents/Frameworks/libcocoaui.framework/Versions/A/Resources/en.lproj/ColourWheelModel.nib and /Applications/Affinity Designer.app/Contents/Frameworks/libcocoaui.framework/Versions/A/Resources/ko.lproj/ColourWheelModel.nib are identical
Files /Applications/Affinity Designer.app/Contents/Frameworks/libcocoaui.framework/Versions/A/Resources/en.lproj/ConstraintsPage.nib and /Applications/Affinity Designer.app/Contents/Frameworks/libcocoaui.framework/Versions/A/Resources/ko.lproj/ConstraintsPage.nib are identical
Files /Applications/Affinity Designer.app/Contents/Frameworks/libcocoaui.framework/Versions/A/Resources/en.lproj/CreatePaletteFromImageWindowController.nib and /Applications/Affinity Designer.app/Contents/Frameworks/libcocoaui.framework/Versions/A/Resources/ko.lproj/CreatePaletteFromImageWindowController.nib are identical
Files /Applications/Affinity Designer.app/Contents/Frameworks/libcocoaui.framework/Versions/A/Resources/en.lproj/CustomBlurEffect.nib and /Applications/Affinity Designer.app/Contents/Frameworks/libcocoaui.framework/Versions/A/Resources/ko.lproj/CustomBlurEffect.nib are identical
Files /Applications/Affinity Designer.app/Contents/Frameworks/libcocoaui.framework/Versions/A/Resources/en.lproj/DebugPage.nib and /Applications/Affinity Designer.app/Contents/Frameworks/libcocoaui.framework/Versions/A/Resources/ko.lproj/DebugPage.nib are identical
Files /Applications/Affinity Designer.app/Contents/Frameworks/libcocoaui.framework/Versions/A/Resources/en.lproj/DeformEffect.nib and /Applications/Affinity Designer.app/Contents/Frameworks/libcocoaui.framework/Versions/A/Resources/ko.lproj/DeformEffect.nib are identical
Files /Applications/Affinity Designer.app/Contents/Frameworks/libcocoaui.framework/Versions/A/Resources/en.lproj/DefringeEffect.nib and /Applications/Affinity Designer.app/Contents/Frameworks/libcocoaui.framework/Versions/A/Resources/ko.lproj/DefringeEffect.nib are identical
Files /Applications/Affinity Designer.app/Contents/Frameworks/libcocoaui.framework/Versions/A/Resources/en.lproj/DenoiseEffect.nib and /Applications/Affinity Designer.app/Contents/Frameworks/libcocoaui.framework/Versions/A/Resources/ko.lproj/DenoiseEffect.nib are identical
Files /Applications/Affinity Designer.app/Contents/Frameworks/libcocoaui.framework/Versions/A/Resources/en.lproj/DepthOfFieldEffect.nib and /Applications/Affinity Designer.app/Contents/Frameworks/libcocoaui.framework/Versions/A/Resources/ko.lproj/DepthOfFieldEffect.nib are identical
Files /Applications/Affinity Designer.app/Contents/Frameworks/libcocoaui.framework/Versions/A/Resources/en.lproj/DevelopAssistantOptions.nib and /Applications/Affinity Designer.app/Contents/Frameworks/libcocoaui.framework/Versions/A/Resources/ko.lproj/DevelopAssistantOptions.nib are identical
Files /Applications/Affinity Designer.app/Contents/Frameworks/libcocoaui.framework/Versions/A/Resources/en.lproj/DevelopBasicItemViews.nib and /Applications/Affinity Designer.app/Contents/Frameworks/libcocoaui.framework/Versions/A/Resources/ko.lproj/DevelopBasicItemViews.nib are identical
Files /Applications/Affinity Designer.app/Contents/Frameworks/libcocoaui.framework/Versions/A/Resources/en.lproj/DevelopBasicPage.nib and /Applications/Affinity Designer.app/Contents/Frameworks/libcocoaui.framework/Versions/A/Resources/ko.lproj/DevelopBasicPage.nib are identical
Files /Applications/Affinity Designer.app/Contents/Frameworks/libcocoaui.framework/Versions/A/Resources/en.lproj/DevelopCameraItemViews.nib and /Applications/Affinity Designer.app/Contents/Frameworks/libcocoaui.framework/Versions/A/Resources/ko.lproj/DevelopCameraItemViews.nib are identical
Files /Applications/Affinity Designer.app/Contents/Frameworks/libcocoaui.framework/Versions/A/Resources/en.lproj/DevelopCameraPage.nib and /Applications/Affinity Designer.app/Contents/Frameworks/libcocoaui.framework/Versions/A/Resources/ko.lproj/DevelopCameraPage.nib are identical
Files /Applications/Affinity Designer.app/Contents/Frameworks/libcocoaui.framework/Versions/A/Resources/en.lproj/DevelopDetailsItemViews.nib and /Applications/Affinity Designer.app/Contents/Frameworks/libcocoaui.framework/Versions/A/Resources/ko.lproj/DevelopDetailsItemViews.nib are identical
Files /Applications/Affinity Designer.app/Contents/Frameworks/libcocoaui.framework/Versions/A/Resources/en.lproj/DevelopDetailsPage.nib and /Applications/Affinity Designer.app/Contents/Frameworks/libcocoaui.framework/Versions/A/Resources/ko.lproj/DevelopDetailsPage.nib are identical
Files /Applications/Affinity Designer.app/Contents/Frameworks/libcocoaui.framework/Versions/A/Resources/en.lproj/DevelopFocusPage.nib and /Applications/Affinity Designer.app/Contents/Frameworks/libcocoaui.framework/Versions/A/Resources/ko.lproj/DevelopFocusPage.nib are identical
Files /Applications/Affinity Designer.app/Contents/Frameworks/libcocoaui.framework/Versions/A/Resources/en.lproj/DevelopLensItemViews.nib and /Applications/Affinity Designer.app/Contents/Frameworks/libcocoaui.framework/Versions/A/Resources/ko.lproj/DevelopLensItemViews.nib are identical
Files /Applications/Affinity Designer.app/Contents/Frameworks/libcocoaui.framework/Versions/A/Resources/en.lproj/DevelopLensPage.nib and /Applications/Affinity Designer.app/Contents/Frameworks/libcocoaui.framework/Versions/A/Resources/ko.lproj/DevelopLensPage.nib are identical
Files /Applications/Affinity Designer.app/Contents/Frameworks/libcocoaui.framework/Versions/A/Resources/en.lproj/DevelopOverlayItemView.nib and /Applications/Affinity Designer.app/Contents/Frameworks/libcocoaui.framework/Versions/A/Resources/ko.lproj/DevelopOverlayItemView.nib are identical
Files /Applications/Affinity Designer.app/Contents/Frameworks/libcocoaui.framework/Versions/A/Resources/en.lproj/DevelopOverlaysPage.nib and /Applications/Affinity Designer.app/Contents/Frameworks/libcocoaui.framework/Versions/A/Resources/ko.lproj/DevelopOverlaysPage.nib are identical
Files /Applications/Affinity Designer.app/Contents/Frameworks/libcocoaui.framework/Versions/A/Resources/en.lproj/DevelopSnapshotItemView.nib and /Applications/Affinity Designer.app/Contents/Frameworks/libcocoaui.framework/Versions/A/Resources/ko.lproj/DevelopSnapshotItemView.nib are identical
Files /Applications/Affinity Designer.app/Contents/Frameworks/libcocoaui.framework/Versions/A/Resources/en.lproj/DevelopSnapshotsPage.nib and /Applications/Affinity Designer.app/Contents/Frameworks/libcocoaui.framework/Versions/A/Resources/ko.lproj/DevelopSnapshotsPage.nib are identical
Files /Applications/Affinity Designer.app/Contents/Frameworks/libcocoaui.framework/Versions/A/Resources/en.lproj/DevelopTonesItemViews.nib and /Applications/Affinity Designer.app/Contents/Frameworks/libcocoaui.framework/Versions/A/Resources/ko.lproj/DevelopTonesItemViews.nib are identical
Files /Applications/Affinity Designer.app/Contents/Frameworks/libcocoaui.framework/Versions/A/Resources/en.lproj/DevelopTonesPage.nib and /Applications/Affinity Designer.app/Contents/Frameworks/libcocoaui.framework/Versions/A/Resources/ko.lproj/DevelopTonesPage.nib are identical
Files /Applications/Affinity Designer.app/Contents/Frameworks/libcocoaui.framework/Versions/A/Resources/en.lproj/DiffuseEffect.nib and /Applications/Affinity Designer.app/Contents/Frameworks/libcocoaui.framework/Versions/A/Resources/ko.lproj/DiffuseEffect.nib are identical
Files /Applications/Affinity Designer.app/Contents/Frameworks/libcocoaui.framework/Versions/A/Resources/en.lproj/DiffuseGlowEffect.nib and /Applications/Affinity Designer.app/Contents/Frameworks/libcocoaui.framework/Versions/A/Resources/ko.lproj/DiffuseGlowEffect.nib are identical
Files /Applications/Affinity Designer.app/Contents/Frameworks/libcocoaui.framework/Versions/A/Resources/en.lproj/DisplacementMapEffect.nib and /Applications/Affinity Designer.app/Contents/Frameworks/libcocoaui.framework/Versions/A/Resources/ko.lproj/DisplacementMapEffect.nib are identical
Files /Applications/Affinity Designer.app/Contents/Frameworks/libcocoaui.framework/Versions/A/Resources/en.lproj/DocumentMarginsWindowController.nib and /Applications/Affinity Designer.app/Contents/Frameworks/libcocoaui.framework/Versions/A/Resources/ko.lproj/DocumentMarginsWindowController.nib are identical
Files /Applications/Affinity Designer.app/Contents/Frameworks/libcocoaui.framework/Versions/A/Resources/en.lproj/DocumentSetupWindowController.nib and /Applications/Affinity Designer.app/Contents/Frameworks/libcocoaui.framework/Versions/A/Resources/ko.lproj/DocumentSetupWindowController.nib are identical
Files /Applications/Affinity Designer.app/Contents/Frameworks/libcocoaui.framework/Versions/A/Resources/en.lproj/DustScratchEffect.nib and /Applications/Affinity Designer.app/Contents/Frameworks/libcocoaui.framework/Versions/A/Resources/ko.lproj/DustScratchEffect.nib are identical
Files /Applications/Affinity Designer.app/Contents/Frameworks/libcocoaui.framework/Versions/A/Resources/en.lproj/EffectItemDetailedViews.nib and /Applications/Affinity Designer.app/Contents/Frameworks/libcocoaui.framework/Versions/A/Resources/ko.lproj/EffectItemDetailedViews.nib are identical
Files /Applications/Affinity Designer.app/Contents/Frameworks/libcocoaui.framework/Versions/A/Resources/en.lproj/EffectItemViews.nib and /Applications/Affinity Designer.app/Contents/Frameworks/libcocoaui.framework/Versions/A/Resources/ko.lproj/EffectItemViews.nib are identical
Files /Applications/Affinity Designer.app/Contents/Frameworks/libcocoaui.framework/Versions/A/Resources/en.lproj/EffectsPage.nib and /Applications/Affinity Designer.app/Contents/Frameworks/libcocoaui.framework/Versions/A/Resources/ko.lproj/EffectsPage.nib are identical
Files /Applications/Affinity Designer.app/Contents/Frameworks/libcocoaui.framework/Versions/A/Resources/en.lproj/EffectsSettings.nib and /Applications/Affinity Designer.app/Contents/Frameworks/libcocoaui.framework/Versions/A/Resources/ko.lproj/EffectsSettings.nib are identical
Files /Applications/Affinity Designer.app/Contents/Frameworks/libcocoaui.framework/Versions/A/Resources/en.lproj/EffectsSettingsListItem.nib and /Applications/Affinity Designer.app/Contents/Frameworks/libcocoaui.framework/Versions/A/Resources/ko.lproj/EffectsSettingsListItem.nib are identical
Files /Applications/Affinity Designer.app/Contents/Frameworks/libcocoaui.framework/Versions/A/Resources/en.lproj/EmbossEffect.nib and /Applications/Affinity Designer.app/Contents/Frameworks/libcocoaui.framework/Versions/A/Resources/ko.lproj/EmbossEffect.nib are identical
Files /Applications/Affinity Designer.app/Contents/Frameworks/libcocoaui.framework/Versions/A/Resources/en.lproj/EquationTransformEffect.nib and /Applications/Affinity Designer.app/Contents/Frameworks/libcocoaui.framework/Versions/A/Resources/ko.lproj/EquationTransformEffect.nib are identical
Files /Applications/Affinity Designer.app/Contents/Frameworks/libcocoaui.framework/Versions/A/Resources/en.lproj/ExportCubePanel.nib and /Applications/Affinity Designer.app/Contents/Frameworks/libcocoaui.framework/Versions/A/Resources/ko.lproj/ExportCubePanel.nib are identical
Files /Applications/Affinity Designer.app/Contents/Frameworks/libcocoaui.framework/Versions/A/Resources/en.lproj/ExportFileItemView.nib and /Applications/Affinity Designer.app/Contents/Frameworks/libcocoaui.framework/Versions/A/Resources/ko.lproj/ExportFileItemView.nib are identical
Files /Applications/Affinity Designer.app/Contents/Frameworks/libcocoaui.framework/Versions/A/Resources/en.lproj/ExportLayerItemView.nib and /Applications/Affinity Designer.app/Contents/Frameworks/libcocoaui.framework/Versions/A/Resources/ko.lproj/ExportLayerItemView.nib are identical
Files /Applications/Affinity Designer.app/Contents/Frameworks/libcocoaui.framework/Versions/A/Resources/en.lproj/ExportLayerPage.nib and /Applications/Affinity Designer.app/Contents/Frameworks/libcocoaui.framework/Versions/A/Resources/ko.lproj/ExportLayerPage.nib are identical
Files /Applications/Affinity Designer.app/Contents/Frameworks/libcocoaui.framework/Versions/A/Resources/en.lproj/ExportListConflicts.nib and /Applications/Affinity Designer.app/Contents/Frameworks/libcocoaui.framework/Versions/A/Resources/ko.lproj/ExportListConflicts.nib are identical
Files /Applications/Affinity Designer.app/Contents/Frameworks/libcocoaui.framework/Versions/A/Resources/en.lproj/ExportOptionsPresetDetail.nib and /Applications/Affinity Designer.app/Contents/Frameworks/libcocoaui.framework/Versions/A/Resources/ko.lproj/ExportOptionsPresetDetail.nib are identical
Files /Applications/Affinity Designer.app/Contents/Frameworks/libcocoaui.framework/Versions/A/Resources/en.lproj/ExportOptionsView.nib and /Applications/Affinity Designer.app/Contents/Frameworks/libcocoaui.framework/Versions/A/Resources/ko.lproj/ExportOptionsView.nib are identical
Files /Applications/Affinity Designer.app/Contents/Frameworks/libcocoaui.framework/Versions/A/Resources/en.lproj/ExportPage.nib and /Applications/Affinity Designer.app/Contents/Frameworks/libcocoaui.framework/Versions/A/Resources/ko.lproj/ExportPage.nib are identical
Files /Applications/Affinity Designer.app/Contents/Frameworks/libcocoaui.framework/Versions/A/Resources/en.lproj/ExportWindowController.nib and /Applications/Affinity Designer.app/Contents/Frameworks/libcocoaui.framework/Versions/A/Resources/ko.lproj/ExportWindowController.nib are identical
Files /Applications/Affinity Designer.app/Contents/Frameworks/libcocoaui.framework/Versions/A/Resources/en.lproj/ExportableItemView.nib and /Applications/Affinity Designer.app/Contents/Frameworks/libcocoaui.framework/Versions/A/Resources/ko.lproj/ExportableItemView.nib are identical
Files /Applications/Affinity Designer.app/Contents/Frameworks/libcocoaui.framework/Versions/A/Resources/en.lproj/ExportableItemsPage.nib and /Applications/Affinity Designer.app/Contents/Frameworks/libcocoaui.framework/Versions/A/Resources/ko.lproj/ExportableItemsPage.nib are identical
Files /Applications/Affinity Designer.app/Contents/Frameworks/libcocoaui.framework/Versions/A/Resources/en.lproj/ExportablePathView.nib and /Applications/Affinity Designer.app/Contents/Frameworks/libcocoaui.framework/Versions/A/Resources/ko.lproj/ExportablePathView.nib are identical
Files /Applications/Affinity Designer.app/Contents/Frameworks/libcocoaui.framework/Versions/A/Resources/en.lproj/ExportableScalePathView.nib and /Applications/Affinity Designer.app/Contents/Frameworks/libcocoaui.framework/Versions/A/Resources/ko.lproj/ExportableScalePathView.nib are identical
Files /Applications/Affinity Designer.app/Contents/Frameworks/libcocoaui.framework/Versions/A/Resources/en.lproj/FFTDenoiseEffect.nib and /Applications/Affinity Designer.app/Contents/Frameworks/libcocoaui.framework/Versions/A/Resources/ko.lproj/FFTDenoiseEffect.nib are identical
Files /Applications/Affinity Designer.app/Contents/Frameworks/libcocoaui.framework/Versions/A/Resources/en.lproj/FadeRewindEffect.nib and /Applications/Affinity Designer.app/Contents/Frameworks/libcocoaui.framework/Versions/A/Resources/ko.lproj/FadeRewindEffect.nib are identical
Files /Applications/Affinity Designer.app/Contents/Frameworks/libcocoaui.framework/Versions/A/Resources/en.lproj/FeatherSelection.nib and /Applications/Affinity Designer.app/Contents/Frameworks/libcocoaui.framework/Versions/A/Resources/ko.lproj/FeatherSelection.nib are identical
Files /Applications/Affinity Designer.app/Contents/Frameworks/libcocoaui.framework/Versions/A/Resources/en.lproj/FieldBlurEffect.nib and /Applications/Affinity Designer.app/Contents/Frameworks/libcocoaui.framework/Versions/A/Resources/ko.lproj/FieldBlurEffect.nib are identical
Files /Applications/Affinity Designer.app/Contents/Frameworks/libcocoaui.framework/Versions/A/Resources/en.lproj/FilesystemPage.nib and /Applications/Affinity Designer.app/Contents/Frameworks/libcocoaui.framework/Versions/A/Resources/ko.lproj/FilesystemPage.nib are identical
Files /Applications/Affinity Designer.app/Contents/Frameworks/libcocoaui.framework/Versions/A/Resources/en.lproj/FillEffect.nib and /Applications/Affinity Designer.app/Contents/Frameworks/libcocoaui.framework/Versions/A/Resources/ko.lproj/FillEffect.nib are identical
Files /Applications/Affinity Designer.app/Contents/Frameworks/libcocoaui.framework/Versions/A/Resources/en.lproj/FillViewController.nib and /Applications/Affinity Designer.app/Contents/Frameworks/libcocoaui.framework/Versions/A/Resources/ko.lproj/FillViewController.nib are identical
Files /Applications/Affinity Designer.app/Contents/Frameworks/libcocoaui.framework/Versions/A/Resources/en.lproj/FontFamilyViewController.nib and /Applications/Affinity Designer.app/Contents/Frameworks/libcocoaui.framework/Versions/A/Resources/ko.lproj/FontFamilyViewController.nib are identical
Files /Applications/Affinity Designer.app/Contents/Frameworks/libcocoaui.framework/Versions/A/Resources/en.lproj/FontManagerWindowController.nib and /Applications/Affinity Designer.app/Contents/Frameworks/libcocoaui.framework/Versions/A/Resources/ko.lproj/FontManagerWindowController.nib are identical
Files /Applications/Affinity Designer.app/Contents/Frameworks/libcocoaui.framework/Versions/A/Resources/en.lproj/FrequencySeparationEffect.nib and /Applications/Affinity Designer.app/Contents/Frameworks/libcocoaui.framework/Versions/A/Resources/ko.lproj/FrequencySeparationEffect.nib are identical
Files /Applications/Affinity Designer.app/Contents/Frameworks/libcocoaui.framework/Versions/A/Resources/en.lproj/GaussianEffect.nib and /Applications/Affinity Designer.app/Contents/Frameworks/libcocoaui.framework/Versions/A/Resources/ko.lproj/GaussianEffect.nib are identical
Files /Applications/Affinity Designer.app/Contents/Frameworks/libcocoaui.framework/Versions/A/Resources/en.lproj/GeolocationViewController.nib and /Applications/Affinity Designer.app/Contents/Frameworks/libcocoaui.framework/Versions/A/Resources/ko.lproj/GeolocationViewController.nib are identical
Files /Applications/Affinity Designer.app/Contents/Frameworks/libcocoaui.framework/Versions/A/Resources/en.lproj/GlyphBrowserPage.nib and /Applications/Affinity Designer.app/Contents/Frameworks/libcocoaui.framework/Versions/A/Resources/ko.lproj/GlyphBrowserPage.nib are identical
Files /Applications/Affinity Designer.app/Contents/Frameworks/libcocoaui.framework/Versions/A/Resources/en.lproj/GradientEditorController.nib and /Applications/Affinity Designer.app/Contents/Frameworks/libcocoaui.framework/Versions/A/Resources/ko.lproj/GradientEditorController.nib are identical
Files /Applications/Affinity Designer.app/Contents/Frameworks/libcocoaui.framework/Versions/A/Resources/en.lproj/GradientEditorView.nib and /Applications/Affinity Designer.app/Contents/Frameworks/libcocoaui.framework/Versions/A/Resources/ko.lproj/GradientEditorView.nib are identical
Files /Applications/Affinity Designer.app/Contents/Frameworks/libcocoaui.framework/Versions/A/Resources/en.lproj/GridsViewController.nib and /Applications/Affinity Designer.app/Contents/Frameworks/libcocoaui.framework/Versions/A/Resources/ko.lproj/GridsViewController.nib are identical
Files /Applications/Affinity Designer.app/Contents/Frameworks/libcocoaui.framework/Versions/A/Resources/en.lproj/GridsViewControllerAdvance.nib and /Applications/Affinity Designer.app/Contents/Frameworks/libcocoaui.framework/Versions/A/Resources/ko.lproj/GridsViewControllerAdvance.nib are identical
Files /Applications/Affinity Designer.app/Contents/Frameworks/libcocoaui.framework/Versions/A/Resources/en.lproj/GridsWindowController.nib and /Applications/Affinity Designer.app/Contents/Frameworks/libcocoaui.framework/Versions/A/Resources/ko.lproj/GridsWindowController.nib are identical
Files /Applications/Affinity Designer.app/Contents/Frameworks/libcocoaui.framework/Versions/A/Resources/en.lproj/GrowShrinkSelection.nib and /Applications/Affinity Designer.app/Contents/Frameworks/libcocoaui.framework/Versions/A/Resources/ko.lproj/GrowShrinkSelection.nib are identical
Files /Applications/Affinity Designer.app/Contents/Frameworks/libcocoaui.framework/Versions/A/Resources/en.lproj/GuidesWindowController.nib and /Applications/Affinity Designer.app/Contents/Frameworks/libcocoaui.framework/Versions/A/Resources/ko.lproj/GuidesWindowController.nib are identical
Files /Applications/Affinity Designer.app/Contents/Frameworks/libcocoaui.framework/Versions/A/Resources/en.lproj/HDRPreviewPage.nib and /Applications/Affinity Designer.app/Contents/Frameworks/libcocoaui.framework/Versions/A/Resources/ko.lproj/HDRPreviewPage.nib are identical
Files /Applications/Affinity Designer.app/Contents/Frameworks/libcocoaui.framework/Versions/A/Resources/en.lproj/HalftoneEffect.nib and /Applications/Affinity Designer.app/Contents/Frameworks/libcocoaui.framework/Versions/A/Resources/ko.lproj/HalftoneEffect.nib are identical
Files /Applications/Affinity Designer.app/Contents/Frameworks/libcocoaui.framework/Versions/A/Resources/en.lproj/HazeRemovalEffect.nib and /Applications/Affinity Designer.app/Contents/Frameworks/libcocoaui.framework/Versions/A/Resources/ko.lproj/HazeRemovalEffect.nib are identical
Files /Applications/Affinity Designer.app/Contents/Frameworks/libcocoaui.framework/Versions/A/Resources/en.lproj/HighPassEffect.nib and /Applications/Affinity Designer.app/Contents/Frameworks/libcocoaui.framework/Versions/A/Resources/ko.lproj/HighPassEffect.nib are identical
Files /Applications/Affinity Designer.app/Contents/Frameworks/libcocoaui.framework/Versions/A/Resources/en.lproj/HistogramPage.nib and /Applications/Affinity Designer.app/Contents/Frameworks/libcocoaui.framework/Versions/A/Resources/ko.lproj/HistogramPage.nib are identical
Files /Applications/Affinity Designer.app/Contents/Frameworks/libcocoaui.framework/Versions/A/Resources/en.lproj/HistoryItemView.nib and /Applications/Affinity Designer.app/Contents/Frameworks/libcocoaui.framework/Versions/A/Resources/ko.lproj/HistoryItemView.nib are identical
Files /Applications/Affinity Designer.app/Contents/Frameworks/libcocoaui.framework/Versions/A/Resources/en.lproj/HistoryPage.nib and /Applications/Affinity Designer.app/Contents/Frameworks/libcocoaui.framework/Versions/A/Resources/ko.lproj/HistoryPage.nib are identical
Files /Applications/Affinity Designer.app/Contents/Frameworks/libcocoaui.framework/Versions/A/Resources/en.lproj/ICCProfilePanel.nib and /Applications/Affinity Designer.app/Contents/Frameworks/libcocoaui.framework/Versions/A/Resources/ko.lproj/ICCProfilePanel.nib are identical
Files /Applications/Affinity Designer.app/Contents/Frameworks/libcocoaui.framework/Versions/A/Resources/en.lproj/InfoItemView.nib and /Applications/Affinity Designer.app/Contents/Frameworks/libcocoaui.framework/Versions/A/Resources/ko.lproj/InfoItemView.nib are identical
Files /Applications/Affinity Designer.app/Contents/Frameworks/libcocoaui.framework/Versions/A/Resources/en.lproj/InformationPage.nib and /Applications/Affinity Designer.app/Contents/Frameworks/libcocoaui.framework/Versions/A/Resources/ko.lproj/InformationPage.nib are identical
Files /Applications/Affinity Designer.app/Contents/Frameworks/libcocoaui.framework/Versions/A/Resources/en.lproj/KeyboardShortcutWindowController.nib and /Applications/Affinity Designer.app/Contents/Frameworks/libcocoaui.framework/Versions/A/Resources/ko.lproj/KeyboardShortcutWindowController.nib are identical
Files /Applications/Affinity Designer.app/Contents/Frameworks/libcocoaui.framework/Versions/A/Resources/en.lproj/KeywordsPage.nib and /Applications/Affinity Designer.app/Contents/Frameworks/libcocoaui.framework/Versions/A/Resources/ko.lproj/KeywordsPage.nib are identical
Files /Applications/Affinity Designer.app/Contents/Frameworks/libcocoaui.framework/Versions/A/Resources/en.lproj/LayerItemView.nib and /Applications/Affinity Designer.app/Contents/Frameworks/libcocoaui.framework/Versions/A/Resources/ko.lproj/LayerItemView.nib are identical
Files /Applications/Affinity Designer.app/Contents/Frameworks/libcocoaui.framework/Versions/A/Resources/en.lproj/LayerPage.nib and /Applications/Affinity Designer.app/Contents/Frameworks/libcocoaui.framework/Versions/A/Resources/ko.lproj/LayerPage.nib are identical
Files /Applications/Affinity Designer.app/Contents/Frameworks/libcocoaui.framework/Versions/A/Resources/en.lproj/LayerPropertiesViewController.nib and /Applications/Affinity Designer.app/Contents/Frameworks/libcocoaui.framework/Versions/A/Resources/ko.lproj/LayerPropertiesViewController.nib are identical
Files /Applications/Affinity Designer.app/Contents/Frameworks/libcocoaui.framework/Versions/A/Resources/en.lproj/LensBlurEffect.nib and /Applications/Affinity Designer.app/Contents/Frameworks/libcocoaui.framework/Versions/A/Resources/ko.lproj/LensBlurEffect.nib are identical
Files /Applications/Affinity Designer.app/Contents/Frameworks/libcocoaui.framework/Versions/A/Resources/en.lproj/LensDistortionEffect.nib and /Applications/Affinity Designer.app/Contents/Frameworks/libcocoaui.framework/Versions/A/Resources/ko.lproj/LensDistortionEffect.nib are identical
Files /Applications/Affinity Designer.app/Contents/Frameworks/libcocoaui.framework/Versions/A/Resources/en.lproj/LightingEffect.nib and /Applications/Affinity Designer.app/Contents/Frameworks/libcocoaui.framework/Versions/A/Resources/ko.lproj/LightingEffect.nib are identical
Files /Applications/Affinity Designer.app/Contents/Frameworks/libcocoaui.framework/Versions/A/Resources/en.lproj/LinePage.nib and /Applications/Affinity Designer.app/Contents/Frameworks/libcocoaui.framework/Versions/A/Resources/ko.lproj/LinePage.nib are identical
Files /Applications/Affinity Designer.app/Contents/Frameworks/libcocoaui.framework/Versions/A/Resources/en.lproj/LiquifyBrushPage.nib and /Applications/Affinity Designer.app/Contents/Frameworks/libcocoaui.framework/Versions/A/Resources/ko.lproj/LiquifyBrushPage.nib are identical
Files /Applications/Affinity Designer.app/Contents/Frameworks/libcocoaui.framework/Versions/A/Resources/en.lproj/LiquifyMaskPage.nib and /Applications/Affinity Designer.app/Contents/Frameworks/libcocoaui.framework/Versions/A/Resources/ko.lproj/LiquifyMaskPage.nib are identical
Files /Applications/Affinity Designer.app/Contents/Frameworks/libcocoaui.framework/Versions/A/Resources/en.lproj/LiquifyMeshPage.nib and /Applications/Affinity Designer.app/Contents/Frameworks/libcocoaui.framework/Versions/A/Resources/ko.lproj/LiquifyMeshPage.nib are identical
Files /Applications/Affinity Designer.app/Contents/Frameworks/libcocoaui.framework/Versions/A/Resources/en.lproj/LoadOptionsWindow.nib and /Applications/Affinity Designer.app/Contents/Frameworks/libcocoaui.framework/Versions/A/Resources/ko.lproj/LoadOptionsWindow.nib are identical
Files /Applications/Affinity Designer.app/Contents/Frameworks/libcocoaui.framework/Versions/A/Resources/en.lproj/Localizable.strings and /Applications/Affinity Designer.app/Contents/Frameworks/libcocoaui.framework/Versions/A/Resources/ko.lproj/Localizable.strings are identical
Files /Applications/Affinity Designer.app/Contents/Frameworks/libcocoaui.framework/Versions/A/Resources/en.lproj/MacroCategoryItemView.nib and /Applications/Affinity Designer.app/Contents/Frameworks/libcocoaui.framework/Versions/A/Resources/ko.lproj/MacroCategoryItemView.nib are identical
Files /Applications/Affinity Designer.app/Contents/Frameworks/libcocoaui.framework/Versions/A/Resources/en.lproj/MacroEditViewController.nib and /Applications/Affinity Designer.app/Contents/Frameworks/libcocoaui.framework/Versions/A/Resources/ko.lproj/MacroEditViewController.nib are identical
Files /Applications/Affinity Designer.app/Contents/Frameworks/libcocoaui.framework/Versions/A/Resources/en.lproj/MacroEffect.nib and /Applications/Affinity Designer.app/Contents/Frameworks/libcocoaui.framework/Versions/A/Resources/ko.lproj/MacroEffect.nib are identical
Files /Applications/Affinity Designer.app/Contents/Frameworks/libcocoaui.framework/Versions/A/Resources/en.lproj/MacroItemView.nib and /Applications/Affinity Designer.app/Contents/Frameworks/libcocoaui.framework/Versions/A/Resources/ko.lproj/MacroItemView.nib are identical
Files /Applications/Affinity Designer.app/Contents/Frameworks/libcocoaui.framework/Versions/A/Resources/en.lproj/MacroPage.nib and /Applications/Affinity Designer.app/Contents/Frameworks/libcocoaui.framework/Versions/A/Resources/ko.lproj/MacroPage.nib are identical
Files /Applications/Affinity Designer.app/Contents/Frameworks/libcocoaui.framework/Versions/A/Resources/en.lproj/MacroSelectLayerPanel.nib and /Applications/Affinity Designer.app/Contents/Frameworks/libcocoaui.framework/Versions/A/Resources/ko.lproj/MacroSelectLayerPanel.nib are identical
Files /Applications/Affinity Designer.app/Contents/Frameworks/libcocoaui.framework/Versions/A/Resources/en.lproj/MacrosItemView.nib and /Applications/Affinity Designer.app/Contents/Frameworks/libcocoaui.framework/Versions/A/Resources/ko.lproj/MacrosItemView.nib are identical
Files /Applications/Affinity Designer.app/Contents/Frameworks/libcocoaui.framework/Versions/A/Resources/en.lproj/MacrosPage.nib and /Applications/Affinity Designer.app/Contents/Frameworks/libcocoaui.framework/Versions/A/Resources/ko.lproj/MacrosPage.nib are identical
Files /Applications/Affinity Designer.app/Contents/Frameworks/libcocoaui.framework/Versions/A/Resources/en.lproj/MainWindow.nib and /Applications/Affinity Designer.app/Contents/Frameworks/libcocoaui.framework/Versions/A/Resources/ko.lproj/MainWindow.nib are identical
Files /Applications/Affinity Designer.app/Contents/Frameworks/libcocoaui.framework/Versions/A/Resources/en.lproj/MatteEffect.nib and /Applications/Affinity Designer.app/Contents/Frameworks/libcocoaui.framework/Versions/A/Resources/ko.lproj/MatteEffect.nib are identical
Files /Applications/Affinity Designer.app/Contents/Frameworks/libcocoaui.framework/Versions/A/Resources/en.lproj/MaximumEffect.nib and /Applications/Affinity Designer.app/Contents/Frameworks/libcocoaui.framework/Versions/A/Resources/ko.lproj/MaximumEffect.nib are identical
Files /Applications/Affinity Designer.app/Contents/Frameworks/libcocoaui.framework/Versions/A/Resources/en.lproj/MedianEffect.nib and /Applications/Affinity Designer.app/Contents/Frameworks/libcocoaui.framework/Versions/A/Resources/ko.lproj/MedianEffect.nib are identical
Files /Applications/Affinity Designer.app/Contents/Frameworks/libcocoaui.framework/Versions/A/Resources/en.lproj/MergeTextStyles.nib and /Applications/Affinity Designer.app/Contents/Frameworks/libcocoaui.framework/Versions/A/Resources/ko.lproj/MergeTextStyles.nib are identical
Files /Applications/Affinity Designer.app/Contents/Frameworks/libcocoaui.framework/Versions/A/Resources/en.lproj/MinimumEffect.nib and /Applications/Affinity Designer.app/Contents/Frameworks/libcocoaui.framework/Versions/A/Resources/ko.lproj/MinimumEffect.nib are identical
Files /Applications/Affinity Designer.app/Contents/Frameworks/libcocoaui.framework/Versions/A/Resources/en.lproj/MirrorEffect.nib and /Applications/Affinity Designer.app/Contents/Frameworks/libcocoaui.framework/Versions/A/Resources/ko.lproj/MirrorEffect.nib are identical
Files /Applications/Affinity Designer.app/Contents/Frameworks/libcocoaui.framework/Versions/A/Resources/en.lproj/MotionBlurEffect.nib and /Applications/Affinity Designer.app/Contents/Frameworks/libcocoaui.framework/Versions/A/Resources/ko.lproj/MotionBlurEffect.nib are identical
Files /Applications/Affinity Designer.app/Contents/Frameworks/libcocoaui.framework/Versions/A/Resources/en.lproj/NavigatorPage.nib and /Applications/Affinity Designer.app/Contents/Frameworks/libcocoaui.framework/Versions/A/Resources/ko.lproj/NavigatorPage.nib are identical
Files /Applications/Affinity Designer.app/Contents/Frameworks/libcocoaui.framework/Versions/A/Resources/en.lproj/NewBatchPanel.nib and /Applications/Affinity Designer.app/Contents/Frameworks/libcocoaui.framework/Versions/A/Resources/ko.lproj/NewBatchPanel.nib are identical
Files /Applications/Affinity Designer.app/Contents/Frameworks/libcocoaui.framework/Versions/A/Resources/en.lproj/NewDocPanel MultiSpread.nib and /Applications/Affinity Designer.app/Contents/Frameworks/libcocoaui.framework/Versions/A/Resources/ko.lproj/NewDocPanel MultiSpread.nib are identical
Files /Applications/Affinity Designer.app/Contents/Frameworks/libcocoaui.framework/Versions/A/Resources/en.lproj/NewDocPanel.nib and /Applications/Affinity Designer.app/Contents/Frameworks/libcocoaui.framework/Versions/A/Resources/ko.lproj/NewDocPanel.nib are identical
Files /Applications/Affinity Designer.app/Contents/Frameworks/libcocoaui.framework/Versions/A/Resources/en.lproj/NewFocusMergePanel.nib and /Applications/Affinity Designer.app/Contents/Frameworks/libcocoaui.framework/Versions/A/Resources/ko.lproj/NewFocusMergePanel.nib are identical
Files /Applications/Affinity Designer.app/Contents/Frameworks/libcocoaui.framework/Versions/A/Resources/en.lproj/NewHDRMergePanel.nib and /Applications/Affinity Designer.app/Contents/Frameworks/libcocoaui.framework/Versions/A/Resources/ko.lproj/NewHDRMergePanel.nib are identical
Files /Applications/Affinity Designer.app/Contents/Frameworks/libcocoaui.framework/Versions/A/Resources/en.lproj/NewPanoramaPanel.nib and /Applications/Affinity Designer.app/Contents/Frameworks/libcocoaui.framework/Versions/A/Resources/ko.lproj/NewPanoramaPanel.nib are identical
Files /Applications/Affinity Designer.app/Contents/Frameworks/libcocoaui.framework/Versions/A/Resources/en.lproj/NewStackPanel.nib and /Applications/Affinity Designer.app/Contents/Frameworks/libcocoaui.framework/Versions/A/Resources/ko.lproj/NewStackPanel.nib are identical
Files /Applications/Affinity Designer.app/Contents/Frameworks/libcocoaui.framework/Versions/A/Resources/en.lproj/NoiseEffect.nib and /Applications/Affinity Designer.app/Contents/Frameworks/libcocoaui.framework/Versions/A/Resources/ko.lproj/NoiseEffect.nib are identical
Files /Applications/Affinity Designer.app/Contents/Frameworks/libcocoaui.framework/Versions/A/Resources/en.lproj/OpenAccessoryViewController.nib and /Applications/Affinity Designer.app/Contents/Frameworks/libcocoaui.framework/Versions/A/Resources/ko.lproj/OpenAccessoryViewController.nib are identical
Files /Applications/Affinity Designer.app/Contents/Frameworks/libcocoaui.framework/Versions/A/Resources/en.lproj/OpenImageAccessoryViewController.nib and /Applications/Affinity Designer.app/Contents/Frameworks/libcocoaui.framework/Versions/A/Resources/ko.lproj/OpenImageAccessoryViewController.nib are identical
Files /Applications/Affinity Designer.app/Contents/Frameworks/libcocoaui.framework/Versions/A/Resources/en.lproj/OpenTypeWindowController.nib and /Applications/Affinity Designer.app/Contents/Frameworks/libcocoaui.framework/Versions/A/Resources/ko.lproj/OpenTypeWindowController.nib are identical
Files /Applications/Affinity Designer.app/Contents/Frameworks/libcocoaui.framework/Versions/A/Resources/en.lproj/OutlineSelection.nib and /Applications/Affinity Designer.app/Contents/Frameworks/libcocoaui.framework/Versions/A/Resources/ko.lproj/OutlineSelection.nib are identical
Files /Applications/Affinity Designer.app/Contents/Frameworks/libcocoaui.framework/Versions/A/Resources/en.lproj/Page Setup.nib and /Applications/Affinity Designer.app/Contents/Frameworks/libcocoaui.framework/Versions/A/Resources/ko.lproj/Page Setup.nib are identical
Files /Applications/Affinity Designer.app/Contents/Frameworks/libcocoaui.framework/Versions/A/Resources/en.lproj/PageSetupWindowController.nib and /Applications/Affinity Designer.app/Contents/Frameworks/libcocoaui.framework/Versions/A/Resources/ko.lproj/PageSetupWindowController.nib are identical
Files /Applications/Affinity Designer.app/Contents/Frameworks/libcocoaui.framework/Versions/A/Resources/en.lproj/PagesPage.nib and /Applications/Affinity Designer.app/Contents/Frameworks/libcocoaui.framework/Versions/A/Resources/ko.lproj/PagesPage.nib are identical
Files /Applications/Affinity Designer.app/Contents/Frameworks/libcocoaui.framework/Versions/A/Resources/en.lproj/PaletteModel.nib and /Applications/Affinity Designer.app/Contents/Frameworks/libcocoaui.framework/Versions/A/Resources/ko.lproj/PaletteModel.nib are identical
Files /Applications/Affinity Designer.app/Contents/Frameworks/libcocoaui.framework/Versions/A/Resources/en.lproj/PalettisationView.nib and /Applications/Affinity Designer.app/Contents/Frameworks/libcocoaui.framework/Versions/A/Resources/ko.lproj/PalettisationView.nib are identical
Files /Applications/Affinity Designer.app/Contents/Frameworks/libcocoaui.framework/Versions/A/Resources/en.lproj/PanoramaItemView.nib and /Applications/Affinity Designer.app/Contents/Frameworks/libcocoaui.framework/Versions/A/Resources/ko.lproj/PanoramaItemView.nib are identical
Files /Applications/Affinity Designer.app/Contents/Frameworks/libcocoaui.framework/Versions/A/Resources/en.lproj/PanoramaSourceItemView.nib and /Applications/Affinity Designer.app/Contents/Frameworks/libcocoaui.framework/Versions/A/Resources/ko.lproj/PanoramaSourceItemView.nib are identical
Files /Applications/Affinity Designer.app/Contents/Frameworks/libcocoaui.framework/Versions/A/Resources/en.lproj/ParagraphPage.nib and /Applications/Affinity Designer.app/Contents/Frameworks/libcocoaui.framework/Versions/A/Resources/ko.lproj/ParagraphPage.nib are identical
Files /Applications/Affinity Designer.app/Contents/Frameworks/libcocoaui.framework/Versions/A/Resources/en.lproj/PerlinNoiseEffect.nib and /Applications/Affinity Designer.app/Contents/Frameworks/libcocoaui.framework/Versions/A/Resources/ko.lproj/PerlinNoiseEffect.nib are identical
Files /Applications/Affinity Designer.app/Contents/Frameworks/libcocoaui.framework/Versions/A/Resources/en.lproj/PerspectiveEffect.nib and /Applications/Affinity Designer.app/Contents/Frameworks/libcocoaui.framework/Versions/A/Resources/ko.lproj/PerspectiveEffect.nib are identical
Files /Applications/Affinity Designer.app/Contents/Frameworks/libcocoaui.framework/Versions/A/Resources/en.lproj/PinchPunchEffect.nib and /Applications/Affinity Designer.app/Contents/Frameworks/libcocoaui.framework/Versions/A/Resources/ko.lproj/PinchPunchEffect.nib are identical
Files /Applications/Affinity Designer.app/Contents/Frameworks/libcocoaui.framework/Versions/A/Resources/en.lproj/PixelateEffect.nib and /Applications/Affinity Designer.app/Contents/Frameworks/libcocoaui.framework/Versions/A/Resources/ko.lproj/PixelateEffect.nib are identical
Files /Applications/Affinity Designer.app/Contents/Frameworks/libcocoaui.framework/Versions/A/Resources/en.lproj/Preferences.nib and /Applications/Affinity Designer.app/Contents/Frameworks/libcocoaui.framework/Versions/A/Resources/ko.lproj/Preferences.nib are identical
Files /Applications/Affinity Designer.app/Contents/Frameworks/libcocoaui.framework/Versions/A/Resources/en.lproj/PresetsPage.nib and /Applications/Affinity Designer.app/Contents/Frameworks/libcocoaui.framework/Versions/A/Resources/ko.lproj/PresetsPage.nib are identical
Files /Applications/Affinity Designer.app/Contents/Frameworks/libcocoaui.framework/Versions/A/Resources/en.lproj/PressureViewController.nib and /Applications/Affinity Designer.app/Contents/Frameworks/libcocoaui.framework/Versions/A/Resources/ko.lproj/PressureViewController.nib are identical
Files /Applications/Affinity Designer.app/Contents/Frameworks/libcocoaui.framework/Versions/A/Resources/en.lproj/PrintersMarksAccessoryView.nib and /Applications/Affinity Designer.app/Contents/Frameworks/libcocoaui.framework/Versions/A/Resources/ko.lproj/PrintersMarksAccessoryView.nib are identical
Files /Applications/Affinity Designer.app/Contents/Frameworks/libcocoaui.framework/Versions/A/Resources/en.lproj/PrintingAccessoryViewController.nib and /Applications/Affinity Designer.app/Contents/Frameworks/libcocoaui.framework/Versions/A/Resources/ko.lproj/PrintingAccessoryViewController.nib are identical
Files /Applications/Affinity Designer.app/Contents/Frameworks/libcocoaui.framework/Versions/A/Resources/en.lproj/ProfileEditorView.nib and /Applications/Affinity Designer.app/Contents/Frameworks/libcocoaui.framework/Versions/A/Resources/ko.lproj/ProfileEditorView.nib are identical
Files /Applications/Affinity Designer.app/Contents/Frameworks/libcocoaui.framework/Versions/A/Resources/en.lproj/ProgressPanel.nib and /Applications/Affinity Designer.app/Contents/Frameworks/libcocoaui.framework/Versions/A/Resources/ko.lproj/ProgressPanel.nib are identical
Files /Applications/Affinity Designer.app/Contents/Frameworks/libcocoaui.framework/Versions/A/Resources/en.lproj/RadialBlurEffect.nib and /Applications/Affinity Designer.app/Contents/Frameworks/libcocoaui.framework/Versions/A/Resources/ko.lproj/RadialBlurEffect.nib are identical
Files /Applications/Affinity Designer.app/Contents/Frameworks/libcocoaui.framework/Versions/A/Resources/en.lproj/RasteriseOptionsPanel.nib and /Applications/Affinity Designer.app/Contents/Frameworks/libcocoaui.framework/Versions/A/Resources/ko.lproj/RasteriseOptionsPanel.nib are identical
Files /Applications/Affinity Designer.app/Contents/Frameworks/libcocoaui.framework/Versions/A/Resources/en.lproj/RefineSelection.nib and /Applications/Affinity Designer.app/Contents/Frameworks/libcocoaui.framework/Versions/A/Resources/ko.lproj/RefineSelection.nib are identical
Files /Applications/Affinity Designer.app/Contents/Frameworks/libcocoaui.framework/Versions/A/Resources/en.lproj/RemoveVignetteEffect.nib and /Applications/Affinity Designer.app/Contents/Frameworks/libcocoaui.framework/Versions/A/Resources/ko.lproj/RemoveVignetteEffect.nib are identical
Files /Applications/Affinity Designer.app/Contents/Frameworks/libcocoaui.framework/Versions/A/Resources/en.lproj/ResizeCanvasPanel.nib and /Applications/Affinity Designer.app/Contents/Frameworks/libcocoaui.framework/Versions/A/Resources/ko.lproj/ResizeCanvasPanel.nib are identical
Files /Applications/Affinity Designer.app/Contents/Frameworks/libcocoaui.framework/Versions/A/Resources/en.lproj/ResizePanel.nib and /Applications/Affinity Designer.app/Contents/Frameworks/libcocoaui.framework/Versions/A/Resources/ko.lproj/ResizePanel.nib are identical
Files /Applications/Affinity Designer.app/Contents/Frameworks/libcocoaui.framework/Versions/A/Resources/en.lproj/ResizePixelArtPanel.nib and /Applications/Affinity Designer.app/Contents/Frameworks/libcocoaui.framework/Versions/A/Resources/ko.lproj/ResizePixelArtPanel.nib are identical
Files /Applications/Affinity Designer.app/Contents/Frameworks/libcocoaui.framework/Versions/A/Resources/en.lproj/ResourceManagerWindowController.nib and /Applications/Affinity Designer.app/Contents/Frameworks/libcocoaui.framework/Versions/A/Resources/ko.lproj/ResourceManagerWindowController.nib are identical
Files /Applications/Affinity Designer.app/Contents/Frameworks/libcocoaui.framework/Versions/A/Resources/en.lproj/RippleEffect.nib and /Applications/Affinity Designer.app/Contents/Frameworks/libcocoaui.framework/Versions/A/Resources/ko.lproj/RippleEffect.nib are identical
Files /Applications/Affinity Designer.app/Contents/Frameworks/libcocoaui.framework/Versions/A/Resources/en.lproj/SaveAccessoryViewController.nib and /Applications/Affinity Designer.app/Contents/Frameworks/libcocoaui.framework/Versions/A/Resources/ko.lproj/SaveAccessoryViewController.nib are identical
Files /Applications/Affinity Designer.app/Contents/Frameworks/libcocoaui.framework/Versions/A/Resources/en.lproj/ScanningController.nib and /Applications/Affinity Designer.app/Contents/Frameworks/libcocoaui.framework/Versions/A/Resources/ko.lproj/ScanningController.nib are identical
Files /Applications/Affinity Designer.app/Contents/Frameworks/libcocoaui.framework/Versions/A/Resources/en.lproj/SelectDocument.nib and /Applications/Affinity Designer.app/Contents/Frameworks/libcocoaui.framework/Versions/A/Resources/ko.lproj/SelectDocument.nib are identical
Files /Applications/Affinity Designer.app/Contents/Frameworks/libcocoaui.framework/Versions/A/Resources/en.lproj/SelectSampledColour.nib and /Applications/Affinity Designer.app/Contents/Frameworks/libcocoaui.framework/Versions/A/Resources/ko.lproj/SelectSampledColour.nib are identical
Files /Applications/Affinity Designer.app/Contents/Frameworks/libcocoaui.framework/Versions/A/Resources/en.lproj/ShadowsHighlightsEffect.nib and /Applications/Affinity Designer.app/Contents/Frameworks/libcocoaui.framework/Versions/A/Resources/ko.lproj/ShadowsHighlightsEffect.nib are identical
Files /Applications/Affinity Designer.app/Contents/Frameworks/libcocoaui.framework/Versions/A/Resources/en.lproj/ShearEffect.nib and /Applications/Affinity Designer.app/Contents/Frameworks/libcocoaui.framework/Versions/A/Resources/ko.lproj/ShearEffect.nib are identical
Files /Applications/Affinity Designer.app/Contents/Frameworks/libcocoaui.framework/Versions/A/Resources/en.lproj/SmoothSelection.nib and /Applications/Affinity Designer.app/Contents/Frameworks/libcocoaui.framework/Versions/A/Resources/ko.lproj/SmoothSelection.nib are identical
Files /Applications/Affinity Designer.app/Contents/Frameworks/libcocoaui.framework/Versions/A/Resources/en.lproj/SnappingOptions.nib and /Applications/Affinity Designer.app/Contents/Frameworks/libcocoaui.framework/Versions/A/Resources/ko.lproj/SnappingOptions.nib are identical
Files /Applications/Affinity Designer.app/Contents/Frameworks/libcocoaui.framework/Versions/A/Resources/en.lproj/SnappingOptionsViewController.nib and /Applications/Affinity Designer.app/Contents/Frameworks/libcocoaui.framework/Versions/A/Resources/ko.lproj/SnappingOptionsViewController.nib are identical
Files /Applications/Affinity Designer.app/Contents/Frameworks/libcocoaui.framework/Versions/A/Resources/en.lproj/SnapshotItemView.nib and /Applications/Affinity Designer.app/Contents/Frameworks/libcocoaui.framework/Versions/A/Resources/ko.lproj/SnapshotItemView.nib are identical
Files /Applications/Affinity Designer.app/Contents/Frameworks/libcocoaui.framework/Versions/A/Resources/en.lproj/SnapshotsPage.nib and /Applications/Affinity Designer.app/Contents/Frameworks/libcocoaui.framework/Versions/A/Resources/ko.lproj/SnapshotsPage.nib are identical
Files /Applications/Affinity Designer.app/Contents/Frameworks/libcocoaui.framework/Versions/A/Resources/en.lproj/SpellingWindowController.nib and /Applications/Affinity Designer.app/Contents/Frameworks/libcocoaui.framework/Versions/A/Resources/ko.lproj/SpellingWindowController.nib are identical
Files /Applications/Affinity Designer.app/Contents/Frameworks/libcocoaui.framework/Versions/A/Resources/en.lproj/SphereEffect.nib and /Applications/Affinity Designer.app/Contents/Frameworks/libcocoaui.framework/Versions/A/Resources/ko.lproj/SphereEffect.nib are identical
Files /Applications/Affinity Designer.app/Contents/Frameworks/libcocoaui.framework/Versions/A/Resources/en.lproj/StockPage.nib and /Applications/Affinity Designer.app/Contents/Frameworks/libcocoaui.framework/Versions/A/Resources/ko.lproj/StockPage.nib are identical
Files /Applications/Affinity Designer.app/Contents/Frameworks/libcocoaui.framework/Versions/A/Resources/en.lproj/StyleItemView.nib and /Applications/Affinity Designer.app/Contents/Frameworks/libcocoaui.framework/Versions/A/Resources/ko.lproj/StyleItemView.nib are identical
Files /Applications/Affinity Designer.app/Contents/Frameworks/libcocoaui.framework/Versions/A/Resources/en.lproj/StylesPage.nib and /Applications/Affinity Designer.app/Contents/Frameworks/libcocoaui.framework/Versions/A/Resources/ko.lproj/StylesPage.nib are identical
Files /Applications/Affinity Designer.app/Contents/Frameworks/libcocoaui.framework/Versions/A/Resources/en.lproj/SwatchesPage.nib and /Applications/Affinity Designer.app/Contents/Frameworks/libcocoaui.framework/Versions/A/Resources/ko.lproj/SwatchesPage.nib are identical
Files /Applications/Affinity Designer.app/Contents/Frameworks/libcocoaui.framework/Versions/A/Resources/en.lproj/SymbolItemView.nib and /Applications/Affinity Designer.app/Contents/Frameworks/libcocoaui.framework/Versions/A/Resources/ko.lproj/SymbolItemView.nib are identical
Files /Applications/Affinity Designer.app/Contents/Frameworks/libcocoaui.framework/Versions/A/Resources/en.lproj/SymbolsPage.nib and /Applications/Affinity Designer.app/Contents/Frameworks/libcocoaui.framework/Versions/A/Resources/ko.lproj/SymbolsPage.nib are identical
Files /Applications/Affinity Designer.app/Contents/Frameworks/libcocoaui.framework/Versions/A/Resources/en.lproj/TextFramePage.nib and /Applications/Affinity Designer.app/Contents/Frameworks/libcocoaui.framework/Versions/A/Resources/ko.lproj/TextFramePage.nib are identical
Files /Applications/Affinity Designer.app/Contents/Frameworks/libcocoaui.framework/Versions/A/Resources/en.lproj/TextStyleEditor.nib and /Applications/Affinity Designer.app/Contents/Frameworks/libcocoaui.framework/Versions/A/Resources/ko.lproj/TextStyleEditor.nib are identical
Files /Applications/Affinity Designer.app/Contents/Frameworks/libcocoaui.framework/Versions/A/Resources/en.lproj/TextStylesPage.nib and /Applications/Affinity Designer.app/Contents/Frameworks/libcocoaui.framework/Versions/A/Resources/ko.lproj/TextStylesPage.nib are identical
Files /Applications/Affinity Designer.app/Contents/Frameworks/libcocoaui.framework/Versions/A/Resources/en.lproj/TextWrappingDialogController.nib and /Applications/Affinity Designer.app/Contents/Frameworks/libcocoaui.framework/Versions/A/Resources/ko.lproj/TextWrappingDialogController.nib are identical
Files /Applications/Affinity Designer.app/Contents/Frameworks/libcocoaui.framework/Versions/A/Resources/en.lproj/ToastPanelController.nib and /Applications/Affinity Designer.app/Contents/Frameworks/libcocoaui.framework/Versions/A/Resources/ko.lproj/ToastPanelController.nib are identical
Files /Applications/Affinity Designer.app/Contents/Frameworks/libcocoaui.framework/Versions/A/Resources/en.lproj/ToneMapItemViews.nib and /Applications/Affinity Designer.app/Contents/Frameworks/libcocoaui.framework/Versions/A/Resources/ko.lproj/ToneMapItemViews.nib are identical
Files /Applications/Affinity Designer.app/Contents/Frameworks/libcocoaui.framework/Versions/A/Resources/en.lproj/ToneMapOverlayItemView.nib and /Applications/Affinity Designer.app/Contents/Frameworks/libcocoaui.framework/Versions/A/Resources/ko.lproj/ToneMapOverlayItemView.nib are identical
Files /Applications/Affinity Designer.app/Contents/Frameworks/libcocoaui.framework/Versions/A/Resources/en.lproj/ToneMapOverlaysPage.nib and /Applications/Affinity Designer.app/Contents/Frameworks/libcocoaui.framework/Versions/A/Resources/ko.lproj/ToneMapOverlaysPage.nib are identical
Files /Applications/Affinity Designer.app/Contents/Frameworks/libcocoaui.framework/Versions/A/Resources/en.lproj/ToneMapPage.nib and /Applications/Affinity Designer.app/Contents/Frameworks/libcocoaui.framework/Versions/A/Resources/ko.lproj/ToneMapPage.nib are identical
Files /Applications/Affinity Designer.app/Contents/Frameworks/libcocoaui.framework/Versions/A/Resources/en.lproj/ToneMapPresetsPage.nib and /Applications/Affinity Designer.app/Contents/Frameworks/libcocoaui.framework/Versions/A/Resources/ko.lproj/ToneMapPresetsPage.nib are identical
Files /Applications/Affinity Designer.app/Contents/Frameworks/libcocoaui.framework/Versions/A/Resources/en.lproj/ToolUIPaletteViewController.nib and /Applications/Affinity Designer.app/Contents/Frameworks/libcocoaui.framework/Versions/A/Resources/ko.lproj/ToolUIPaletteViewController.nib are identical
Files /Applications/Affinity Designer.app/Contents/Frameworks/libcocoaui.framework/Versions/A/Resources/en.lproj/ToolbarPalette.nib and /Applications/Affinity Designer.app/Contents/Frameworks/libcocoaui.framework/Versions/A/Resources/ko.lproj/ToolbarPalette.nib are identical
Files /Applications/Affinity Designer.app/Contents/Frameworks/libcocoaui.framework/Versions/A/Resources/en.lproj/TransformPage.nib and /Applications/Affinity Designer.app/Contents/Frameworks/libcocoaui.framework/Versions/A/Resources/ko.lproj/TransformPage.nib are identical
Files /Applications/Affinity Designer.app/Contents/Frameworks/libcocoaui.framework/Versions/A/Resources/en.lproj/TransparencyEditorController.nib and /Applications/Affinity Designer.app/Contents/Frameworks/libcocoaui.framework/Versions/A/Resources/ko.lproj/TransparencyEditorController.nib are identical
Files /Applications/Affinity Designer.app/Contents/Frameworks/libcocoaui.framework/Versions/A/Resources/en.lproj/TransparencyViewController.nib and /Applications/Affinity Designer.app/Contents/Frameworks/libcocoaui.framework/Versions/A/Resources/ko.lproj/TransparencyViewController.nib are identical
Files /Applications/Affinity Designer.app/Contents/Frameworks/libcocoaui.framework/Versions/A/Resources/en.lproj/TwirlEffect.nib and /Applications/Affinity Designer.app/Contents/Frameworks/libcocoaui.framework/Versions/A/Resources/ko.lproj/TwirlEffect.nib are identical
Files /Applications/Affinity Designer.app/Contents/Frameworks/libcocoaui.framework/Versions/A/Resources/en.lproj/UnsharpMaskEffect.nib and /Applications/Affinity Designer.app/Contents/Frameworks/libcocoaui.framework/Versions/A/Resources/ko.lproj/UnsharpMaskEffect.nib are identical
Files /Applications/Affinity Designer.app/Contents/Frameworks/libcocoaui.framework/Versions/A/Resources/en.lproj/VignetteEffect.nib and /Applications/Affinity Designer.app/Contents/Frameworks/libcocoaui.framework/Versions/A/Resources/ko.lproj/VignetteEffect.nib are identical
Files /Applications/Affinity Designer.app/Contents/Frameworks/libcocoaui.framework/Versions/A/Resources/en.lproj/WaveformPage.nib and /Applications/Affinity Designer.app/Contents/Frameworks/libcocoaui.framework/Versions/A/Resources/ko.lproj/WaveformPage.nib are identical
Files /Applications/Affinity Designer.app/Contents/Frameworks/libcocoaui.framework/Versions/A/Resources/en.lproj/WelcomeWindowController.nib and /Applications/Affinity Designer.app/Contents/Frameworks/libcocoaui.framework/Versions/A/Resources/ko.lproj/WelcomeWindowController.nib are identical
Files /Applications/Affinity Designer.app/Contents/Frameworks/libcocoaui.framework/Versions/A/Resources/en.lproj/XMPPage.nib and /Applications/Affinity Designer.app/Contents/Frameworks/libcocoaui.framework/Versions/A/Resources/ko.lproj/XMPPage.nib are identical
Files /Applications/Affinity Designer.app/Contents/Frameworks/libcocoaui.framework/Versions/A/Resources/en.lproj/ZMapBlurEffect.nib and /Applications/Affinity Designer.app/Contents/Frameworks/libcocoaui.framework/Versions/A/Resources/ko.lproj/ZMapBlurEffect.nib are identical
Files /Applications/Affinity Designer.app/Contents/Frameworks/libcocoaui.framework/Versions/A/Resources/en.lproj/ZoomBlurEffect.nib and /Applications/Affinity Designer.app/Contents/Frameworks/libcocoaui.framework/Versions/A/Resources/ko.lproj/ZoomBlurEffect.nib are identical
