14c14
< 				<integer>455</integer>
---
> 				<integer>460</integer>
19c19
< 				<integer>453</integer>
---
> 				<integer>458</integer>
24c24
< 				<integer>454</integer>
---
> 				<integer>459</integer>
29c29
< 				<integer>454</integer>
---
> 				<integer>459</integer>
39c39
< 				<integer>298</integer>
---
> 				<integer>303</integer>
44c44
< 				<integer>302</integer>
---
> 				<integer>307</integer>
49c49
< 				<integer>303</integer>
---
> 				<integer>308</integer>
54c54
< 				<integer>304</integer>
---
> 				<integer>309</integer>
130c130
< 					<integer>149</integer>
---
> 					<integer>154</integer>
134c134
< 					<integer>155</integer>
---
> 					<integer>160</integer>
138c138
< 					<integer>182</integer>
---
> 					<integer>187</integer>
142c142
< 					<integer>185</integer>
---
> 					<integer>190</integer>
146c146
< 					<integer>187</integer>
---
> 					<integer>192</integer>
150c150
< 					<integer>189</integer>
---
> 					<integer>194</integer>
154c154
< 					<integer>191</integer>
---
> 					<integer>196</integer>
158c158
< 					<integer>193</integer>
---
> 					<integer>198</integer>
162c162
< 					<integer>195</integer>
---
> 					<integer>200</integer>
166c166
< 					<integer>196</integer>
---
> 					<integer>201</integer>
170c170
< 					<integer>200</integer>
---
> 					<integer>205</integer>
174c174
< 					<integer>204</integer>
---
> 					<integer>209</integer>
178c178
< 					<integer>208</integer>
---
> 					<integer>213</integer>
182c182
< 					<integer>210</integer>
---
> 					<integer>215</integer>
186c186
< 					<integer>212</integer>
---
> 					<integer>217</integer>
190c190
< 					<integer>214</integer>
---
> 					<integer>219</integer>
194c194
< 					<integer>216</integer>
---
> 					<integer>221</integer>
198c198
< 					<integer>218</integer>
---
> 					<integer>223</integer>
202c202
< 					<integer>220</integer>
---
> 					<integer>225</integer>
206c206
< 					<integer>224</integer>
---
> 					<integer>229</integer>
210c210
< 					<integer>226</integer>
---
> 					<integer>231</integer>
214c214
< 					<integer>228</integer>
---
> 					<integer>233</integer>
218c218
< 					<integer>230</integer>
---
> 					<integer>235</integer>
222c222
< 					<integer>232</integer>
---
> 					<integer>237</integer>
226c226
< 					<integer>234</integer>
---
> 					<integer>239</integer>
230c230
< 					<integer>238</integer>
---
> 					<integer>243</integer>
234c234
< 					<integer>240</integer>
---
> 					<integer>245</integer>
238c238
< 					<integer>242</integer>
---
> 					<integer>247</integer>
242c242
< 					<integer>244</integer>
---
> 					<integer>249</integer>
246c246
< 					<integer>246</integer>
---
> 					<integer>251</integer>
250c250
< 					<integer>248</integer>
---
> 					<integer>253</integer>
254c254
< 					<integer>250</integer>
---
> 					<integer>255</integer>
258c258
< 					<integer>252</integer>
---
> 					<integer>257</integer>
262c262
< 					<integer>254</integer>
---
> 					<integer>259</integer>
266c266
< 					<integer>256</integer>
---
> 					<integer>261</integer>
270c270
< 					<integer>258</integer>
---
> 					<integer>263</integer>
274c274
< 					<integer>260</integer>
---
> 					<integer>265</integer>
278c278
< 					<integer>262</integer>
---
> 					<integer>267</integer>
282c282
< 					<integer>264</integer>
---
> 					<integer>269</integer>
286c286
< 					<integer>266</integer>
---
> 					<integer>271</integer>
290c290
< 					<integer>268</integer>
---
> 					<integer>273</integer>
294c294
< 					<integer>270</integer>
---
> 					<integer>275</integer>
298c298
< 					<integer>272</integer>
---
> 					<integer>277</integer>
302c302
< 					<integer>274</integer>
---
> 					<integer>279</integer>
306c306
< 					<integer>276</integer>
---
> 					<integer>281</integer>
310c310
< 					<integer>278</integer>
---
> 					<integer>283</integer>
314c314
< 					<integer>280</integer>
---
> 					<integer>285</integer>
318c318
< 					<integer>282</integer>
---
> 					<integer>287</integer>
322c322
< 					<integer>284</integer>
---
> 					<integer>289</integer>
326c326
< 					<integer>286</integer>
---
> 					<integer>291</integer>
330c330
< 					<integer>288</integer>
---
> 					<integer>293</integer>
334c334
< 					<integer>290</integer>
---
> 					<integer>295</integer>
338c338
< 					<integer>292</integer>
---
> 					<integer>297</integer>
342c342
< 					<integer>294</integer>
---
> 					<integer>299</integer>
346c346
< 					<integer>296</integer>
---
> 					<integer>301</integer>
438c438
< 		<string>Paste</string>
---
> 		<string>ペースト</string>
619c619
< 		<string>Create Slice</string>
---
> 		<string>スライスを作成</string>
693c693
< 		<string>Find in Layers Page</string>
---
> 		<string>レイヤーページで検索</string>
709c709
< 				<integer>148</integer>
---
> 				<integer>153</integer>
756,759d755
< 					<integer>43</integer>
< 				</dict>
< 				<dict>
< 					<key>CF$UID</key>
764c760
< 					<integer>46</integer>
---
> 					<integer>45</integer>
768c764
< 					<integer>48</integer>
---
> 					<integer>47</integer>
772c768
< 					<integer>50</integer>
---
> 					<integer>49</integer>
780c776
< 					<integer>53</integer>
---
> 					<integer>52</integer>
784c780
< 					<integer>55</integer>
---
> 					<integer>54</integer>
788c784
< 					<integer>57</integer>
---
> 					<integer>56</integer>
796c792
< 					<integer>71</integer>
---
> 					<integer>59</integer>
800c796
< 					<integer>88</integer>
---
> 					<integer>73</integer>
804c800
< 					<integer>102</integer>
---
> 					<integer>91</integer>
808c804
< 					<integer>115</integer>
---
> 					<integer>106</integer>
812c808
< 					<integer>116</integer>
---
> 					<integer>120</integer>
816c812
< 					<integer>118</integer>
---
> 					<integer>121</integer>
820c816
< 					<integer>119</integer>
---
> 					<integer>123</integer>
824c820
< 					<integer>121</integer>
---
> 					<integer>124</integer>
828c824
< 					<integer>123</integer>
---
> 					<integer>126</integer>
832c828
< 					<integer>124</integer>
---
> 					<integer>128</integer>
836c832
< 					<integer>126</integer>
---
> 					<integer>129</integer>
840c836
< 					<integer>127</integer>
---
> 					<integer>131</integer>
844c840
< 					<integer>145</integer>
---
> 					<integer>132</integer>
848c844,848
< 					<integer>146</integer>
---
> 					<integer>150</integer>
> 				</dict>
> 				<dict>
> 					<key>CF$UID</key>
> 					<integer>151</integer>
886c886
< 		<string>Cut</string>
---
> 		<string>カット</string>
921c921
< 		<string>Copy</string>
---
> 		<string>コピー</string>
953c953
< 				<integer>13</integer>
---
> 				<integer>43</integer>
955a956
> 		<string>ペースト</string>
1025c1026
< 				<integer>45</integer>
---
> 				<integer>46</integer>
1028c1029
< 		<string>Group</string>
---
> 		<string>グループ化</string>
1060c1061
< 				<integer>47</integer>
---
> 				<integer>48</integer>
1063c1064
< 		<string>Ungroup</string>
---
> 		<string>グループ解除</string>
1095c1096
< 				<integer>49</integer>
---
> 				<integer>50</integer>
1098c1099
< 		<string>Ungroup All</string>
---
> 		<string>すべてグループ解除</string>
1168c1169
< 				<integer>52</integer>
---
> 				<integer>53</integer>
1171c1172
< 		<string>Rotate Left</string>
---
> 		<string>左に回転</string>
1203c1204
< 				<integer>54</integer>
---
> 				<integer>55</integer>
1206c1207
< 		<string>Rotate Right</string>
---
> 		<string>右に回転</string>
1238c1239
< 				<integer>56</integer>
---
> 				<integer>57</integer>
1241c1242
< 		<string>Reset Rotation</string>
---
> 		<string>回転をリセット</string>
1289c1290
< 				<integer>60</integer>
---
> 				<integer>61</integer>
1316c1317
< 				<integer>61</integer>
---
> 				<integer>62</integer>
1321c1322
< 				<integer>61</integer>
---
> 				<integer>62</integer>
1326c1327
< 				<integer>59</integer>
---
> 				<integer>60</integer>
1329c1330
< 		<string>Arrange</string>
---
> 		<string>配置</string>
1340c1341
< 				<integer>62</integer>
---
> 				<integer>64</integer>
1345c1346
< 				<integer>59</integer>
---
> 				<integer>63</integer>
1347a1349
> 		<string>配置</string>
1358,1361d1359
< 					<integer>63</integer>
< 				</dict>
< 				<dict>
< 					<key>CF$UID</key>
1371a1370,1373
> 				<dict>
> 					<key>CF$UID</key>
> 					<integer>71</integer>
> 				</dict>
1388c1390
< 				<integer>61</integer>
---
> 				<integer>62</integer>
1405c1407
< 				<integer>64</integer>
---
> 				<integer>66</integer>
1408c1410
< 		<string>Move to Front</string>
---
> 		<string>最前面に移動</string>
1423c1425
< 				<integer>61</integer>
---
> 				<integer>62</integer>
1440c1442
< 				<integer>66</integer>
---
> 				<integer>68</integer>
1443c1445
< 		<string>Move Forward One</string>
---
> 		<string>前面へ</string>
1458c1460
< 				<integer>61</integer>
---
> 				<integer>62</integer>
1475c1477
< 				<integer>68</integer>
---
> 				<integer>70</integer>
1478c1480
< 		<string>Move Back One</string>
---
> 		<string>背面へ</string>
1493c1495
< 				<integer>61</integer>
---
> 				<integer>62</integer>
1510c1512
< 				<integer>70</integer>
---
> 				<integer>72</integer>
1513c1515
< 		<string>Move to Back</string>
---
> 		<string>最背面に移動</string>
1523c1525
< 				<integer>60</integer>
---
> 				<integer>61</integer>
1550c1552
< 				<integer>73</integer>
---
> 				<integer>75</integer>
1555c1557
< 				<integer>73</integer>
---
> 				<integer>75</integer>
1560c1562
< 				<integer>72</integer>
---
> 				<integer>74</integer>
1563c1565
< 		<string>Alignment</string>
---
> 		<string>整列</string>
1573c1575
< 				<integer>74</integer>
---
> 				<integer>77</integer>
1578c1580
< 				<integer>72</integer>
---
> 				<integer>76</integer>
1580a1583
> 		<string>整列</string>
1591c1594
< 					<integer>75</integer>
---
> 					<integer>78</integer>
1595c1598
< 					<integer>77</integer>
---
> 					<integer>80</integer>
1599c1602
< 					<integer>79</integer>
---
> 					<integer>82</integer>
1603c1606
< 					<integer>81</integer>
---
> 					<integer>84</integer>
1607c1610
< 					<integer>82</integer>
---
> 					<integer>85</integer>
1611c1614
< 					<integer>84</integer>
---
> 					<integer>87</integer>
1615c1618
< 					<integer>86</integer>
---
> 					<integer>89</integer>
1633c1636
< 				<integer>73</integer>
---
> 				<integer>75</integer>
1650c1653
< 				<integer>76</integer>
---
> 				<integer>79</integer>
1653c1656
< 		<string>Align Left</string>
---
> 		<string>左揃え</string>
1668c1671
< 				<integer>73</integer>
---
> 				<integer>75</integer>
1685c1688
< 				<integer>78</integer>
---
> 				<integer>81</integer>
1688c1691
< 		<string>Align Centre</string>
---
> 		<string>中央揃え</string>
1703c1706
< 				<integer>73</integer>
---
> 				<integer>75</integer>
1720c1723
< 				<integer>80</integer>
---
> 				<integer>83</integer>
1723c1726
< 		<string>Align Right</string>
---
> 		<string>右揃え</string>
1742c1745
< 				<integer>73</integer>
---
> 				<integer>75</integer>
1776c1779
< 				<integer>73</integer>
---
> 				<integer>75</integer>
1793c1796
< 				<integer>83</integer>
---
> 				<integer>86</integer>
1796c1799
< 		<string>Align Top</string>
---
> 		<string>上揃え</string>
1811c1814
< 				<integer>73</integer>
---
> 				<integer>75</integer>
1828c1831
< 				<integer>85</integer>
---
> 				<integer>88</integer>
1831c1834
< 		<string>Align Middle</string>
---
> 		<string>上下中央揃え</string>
1846c1849
< 				<integer>73</integer>
---
> 				<integer>75</integer>
1863c1866
< 				<integer>87</integer>
---
> 				<integer>90</integer>
1866c1869
< 		<string>Align Bottom</string>
---
> 		<string>下揃え</string>
1876c1879
< 				<integer>60</integer>
---
> 				<integer>61</integer>
1903c1906
< 				<integer>90</integer>
---
> 				<integer>93</integer>
1908c1911
< 				<integer>90</integer>
---
> 				<integer>93</integer>
1913c1916
< 				<integer>89</integer>
---
> 				<integer>92</integer>
1916c1919
< 		<string>Geometry</string>
---
> 		<string>ジオメトリ</string>
1926c1929
< 				<integer>91</integer>
---
> 				<integer>95</integer>
1931c1934
< 				<integer>89</integer>
---
> 				<integer>94</integer>
1933a1937
> 		<string>ジオメトリ</string>
1944c1948
< 					<integer>92</integer>
---
> 					<integer>96</integer>
1948c1952
< 					<integer>94</integer>
---
> 					<integer>98</integer>
1952c1956
< 					<integer>96</integer>
---
> 					<integer>100</integer>
1956c1960
< 					<integer>98</integer>
---
> 					<integer>102</integer>
1960c1964
< 					<integer>100</integer>
---
> 					<integer>104</integer>
1978c1982
< 				<integer>90</integer>
---
> 				<integer>93</integer>
1995c1999
< 				<integer>93</integer>
---
> 				<integer>97</integer>
1998c2002
< 		<string>Add</string>
---
> 		<string>追加</string>
2013c2017
< 				<integer>90</integer>
---
> 				<integer>93</integer>
2030c2034
< 				<integer>95</integer>
---
> 				<integer>99</integer>
2033c2037
< 		<string>Subtract</string>
---
> 		<string>減算</string>
2048c2052
< 				<integer>90</integer>
---
> 				<integer>93</integer>
2065c2069
< 				<integer>97</integer>
---
> 				<integer>101</integer>
2068c2072
< 		<string>Intersect</string>
---
> 		<string>交差</string>
2083c2087
< 				<integer>90</integer>
---
> 				<integer>93</integer>
2100c2104
< 				<integer>99</integer>
---
> 				<integer>103</integer>
2103c2107
< 		<string>Divide</string>
---
> 		<string>除算</string>
2118c2122
< 				<integer>90</integer>
---
> 				<integer>93</integer>
2135c2139
< 				<integer>101</integer>
---
> 				<integer>105</integer>
2138c2142
< 		<string>Combine</string>
---
> 		<string>合成</string>
2148c2152
< 				<integer>60</integer>
---
> 				<integer>61</integer>
2175c2179
< 				<integer>104</integer>
---
> 				<integer>108</integer>
2180c2184
< 				<integer>104</integer>
---
> 				<integer>108</integer>
2185c2189
< 				<integer>103</integer>
---
> 				<integer>107</integer>
2188c2192
< 		<string>Transform</string>
---
> 		<string>変換</string>
2198c2202
< 				<integer>105</integer>
---
> 				<integer>110</integer>
2203c2207
< 				<integer>103</integer>
---
> 				<integer>109</integer>
2205a2210
> 		<string>変換</string>
2216c2221
< 					<integer>106</integer>
---
> 					<integer>111</integer>
2220c2225
< 					<integer>108</integer>
---
> 					<integer>113</integer>
2224c2229
< 					<integer>110</integer>
---
> 					<integer>115</integer>
2228c2233
< 					<integer>111</integer>
---
> 					<integer>116</integer>
2232c2237
< 					<integer>113</integer>
---
> 					<integer>118</integer>
2250c2255
< 				<integer>104</integer>
---
> 				<integer>108</integer>
2267c2272
< 				<integer>107</integer>
---
> 				<integer>112</integer>
2270c2275
< 		<string>Rotate Left</string>
---
> 		<string>左に回転</string>
2285c2290
< 				<integer>104</integer>
---
> 				<integer>108</integer>
2302c2307
< 				<integer>109</integer>
---
> 				<integer>114</integer>
2305c2310
< 		<string>Rotate Right</string>
---
> 		<string>右に回転</string>
2324c2329
< 				<integer>104</integer>
---
> 				<integer>108</integer>
2358c2363
< 				<integer>104</integer>
---
> 				<integer>108</integer>
2375c2380
< 				<integer>112</integer>
---
> 				<integer>117</integer>
2378c2383
< 		<string>Flip Horizontal</string>
---
> 		<string>左右反転</string>
2393c2398
< 				<integer>104</integer>
---
> 				<integer>108</integer>
2410c2415
< 				<integer>114</integer>
---
> 				<integer>119</integer>
2413c2418
< 		<string>Flip Vertical</string>
---
> 		<string>上下反転</string>
2483c2488
< 				<integer>117</integer>
---
> 				<integer>122</integer>
2486c2491
< 		<string>Layer Effects…</string>
---
> 		<string>レイヤーエフェクト…</string>
2556c2561
< 				<integer>120</integer>
---
> 				<integer>125</integer>
2559c2564
< 		<string>Convert to Curves</string>
---
> 		<string>カーブに変換</string>
2591c2596
< 				<integer>122</integer>
---
> 				<integer>127</integer>
2594c2599
< 		<string>Rasterise…</string>
---
> 		<string>ラスタライズ…</string>
2664c2669
< 				<integer>125</integer>
---
> 				<integer>130</integer>
2667c2672
< 		<string>Create Style</string>
---
> 		<string>スタイルを作成</string>
2715c2720
< 				<integer>60</integer>
---
> 				<integer>61</integer>
2742c2747
< 				<integer>129</integer>
---
> 				<integer>134</integer>
2747c2752
< 				<integer>129</integer>
---
> 				<integer>134</integer>
2752c2757
< 				<integer>128</integer>
---
> 				<integer>133</integer>
2755c2760
< 		<string>Add to Swatches…</string>
---
> 		<string>見本に追加…</string>
2765c2770
< 				<integer>131</integer>
---
> 				<integer>136</integer>
2770c2775
< 				<integer>130</integer>
---
> 				<integer>135</integer>
2773c2778
< 		<string>Add to Swatches…</string>
---
> 		<string>見本に追加…</string>
2784c2789
< 					<integer>132</integer>
---
> 					<integer>137</integer>
2788c2793
< 					<integer>134</integer>
---
> 					<integer>139</integer>
2792c2797
< 					<integer>136</integer>
---
> 					<integer>141</integer>
2796c2801
< 					<integer>138</integer>
---
> 					<integer>143</integer>
2800c2805
< 					<integer>139</integer>
---
> 					<integer>144</integer>
2804c2809
< 					<integer>141</integer>
---
> 					<integer>146</integer>
2808c2813
< 					<integer>143</integer>
---
> 					<integer>148</integer>
2826c2831
< 				<integer>129</integer>
---
> 				<integer>134</integer>
2843c2848
< 				<integer>133</integer>
---
> 				<integer>138</integer>
2846c2851
< 		<string>From Fill</string>
---
> 		<string>塗りつぶしから</string>
2861c2866
< 				<integer>129</integer>
---
> 				<integer>134</integer>
2878c2883
< 				<integer>135</integer>
---
> 				<integer>140</integer>
2881c2886
< 		<string>From Line</string>
---
> 		<string>線から</string>
2896c2901
< 				<integer>129</integer>
---
> 				<integer>134</integer>
2913c2918
< 				<integer>137</integer>
---
> 				<integer>142</integer>
2916c2921
< 		<string>From Both</string>
---
> 		<string>両方から</string>
2935c2940
< 				<integer>129</integer>
---
> 				<integer>134</integer>
2969c2974
< 				<integer>129</integer>
---
> 				<integer>134</integer>
2986c2991
< 				<integer>140</integer>
---
> 				<integer>145</integer>
2989c2994
< 		<string>From Fill As Global</string>
---
> 		<string>グローバルとして塗りつぶしから</string>
3004c3009
< 				<integer>129</integer>
---
> 				<integer>134</integer>
3021c3026
< 				<integer>142</integer>
---
> 				<integer>147</integer>
3024c3029
< 		<string>From Line As Global</string>
---
> 		<string>グローバルとしてラインから</string>
3039c3044
< 				<integer>129</integer>
---
> 				<integer>134</integer>
3056c3061
< 				<integer>144</integer>
---
> 				<integer>149</integer>
3059c3064
< 		<string>From Both As Global</string>
---
> 		<string>グローバルとして両方から</string>
3129c3134
< 				<integer>147</integer>
---
> 				<integer>152</integer>
3132c3137
< 		<string>Find in Layers Panel</string>
---
> 		<string>レイヤーパネルで検索</string>
3143c3148
< 				<integer>150</integer>
---
> 				<integer>155</integer>
3148c3153
< 				<integer>154</integer>
---
> 				<integer>159</integer>
3165c3170
< 				<integer>151</integer>
---
> 				<integer>156</integer>
3183c3188
< 					<integer>152</integer>
---
> 					<integer>157</integer>
3201c3206
< 				<integer>150</integer>
---
> 				<integer>155</integer>
3218c3223
< 				<integer>153</integer>
---
> 				<integer>158</integer>
3221c3226
< 		<string>Find in Slice Page</string>
---
> 		<string>スライスページで検索</string>
3232c3237
< 				<integer>156</integer>
---
> 				<integer>161</integer>
3237c3242
< 				<integer>181</integer>
---
> 				<integer>186</integer>
3254c3259
< 				<integer>157</integer>
---
> 				<integer>162</integer>
3272c3277
< 					<integer>158</integer>
---
> 					<integer>163</integer>
3276c3281
< 					<integer>160</integer>
---
> 					<integer>165</integer>
3280c3285
< 					<integer>162</integer>
---
> 					<integer>167</integer>
3284c3289
< 					<integer>163</integer>
---
> 					<integer>168</integer>
3288c3293
< 					<integer>165</integer>
---
> 					<integer>170</integer>
3292c3297
< 					<integer>166</integer>
---
> 					<integer>171</integer>
3296c3301
< 					<integer>168</integer>
---
> 					<integer>173</integer>
3300c3305
< 					<integer>170</integer>
---
> 					<integer>175</integer>
3304c3309
< 					<integer>172</integer>
---
> 					<integer>177</integer>
3308c3313
< 					<integer>173</integer>
---
> 					<integer>178</integer>
3312c3317
< 					<integer>175</integer>
---
> 					<integer>180</integer>
3316c3321
< 					<integer>177</integer>
---
> 					<integer>182</integer>
3320c3325
< 					<integer>179</integer>
---
> 					<integer>184</integer>
3338c3343
< 				<integer>156</integer>
---
> 				<integer>161</integer>
3355c3360
< 				<integer>159</integer>
---
> 				<integer>164</integer>
3358c3363
< 		<string>Zoom In</string>
---
> 		<string>ズームイン</string>
3373c3378
< 				<integer>156</integer>
---
> 				<integer>161</integer>
3390c3395
< 				<integer>161</integer>
---
> 				<integer>166</integer>
3393c3398
< 		<string>Zoom Out</string>
---
> 		<string>ズームアウト</string>
3412c3417
< 				<integer>156</integer>
---
> 				<integer>161</integer>
3446c3451
< 				<integer>156</integer>
---
> 				<integer>161</integer>
3463c3468
< 				<integer>164</integer>
---
> 				<integer>169</integer>
3466c3471
< 		<string>Zoom to Fit</string>
---
> 		<string>画面サイズに合わせる</string>
3485c3490
< 				<integer>156</integer>
---
> 				<integer>161</integer>
3519c3524
< 				<integer>156</integer>
---
> 				<integer>161</integer>
3536c3541
< 				<integer>167</integer>
---
> 				<integer>172</integer>
3539c3544
< 		<string>Rotate Left</string>
---
> 		<string>左に回転</string>
3554c3559
< 				<integer>156</integer>
---
> 				<integer>161</integer>
3571c3576
< 				<integer>169</integer>
---
> 				<integer>174</integer>
3574c3579
< 		<string>Rotate Right</string>
---
> 		<string>右に回転</string>
3589c3594
< 				<integer>156</integer>
---
> 				<integer>161</integer>
3606c3611
< 				<integer>171</integer>
---
> 				<integer>176</integer>
3609c3614
< 		<string>Reset Rotation</string>
---
> 		<string>回転をリセット</string>
3628c3633
< 				<integer>156</integer>
---
> 				<integer>161</integer>
3662c3667
< 				<integer>156</integer>
---
> 				<integer>161</integer>
3679c3684
< 				<integer>174</integer>
---
> 				<integer>179</integer>
3697c3702
< 				<integer>156</integer>
---
> 				<integer>161</integer>
3714c3719
< 				<integer>176</integer>
---
> 				<integer>181</integer>
3732c3737
< 				<integer>156</integer>
---
> 				<integer>161</integer>
3749c3754
< 				<integer>178</integer>
---
> 				<integer>183</integer>
3767c3772
< 				<integer>156</integer>
---
> 				<integer>161</integer>
3784c3789
< 				<integer>180</integer>
---
> 				<integer>185</integer>
3793c3798
< 				<integer>184</integer>
---
> 				<integer>189</integer>
3798c3803
< 				<integer>183</integer>
---
> 				<integer>188</integer>
3821c3826
< 				<integer>184</integer>
---
> 				<integer>189</integer>
3826c3831
< 				<integer>186</integer>
---
> 				<integer>191</integer>
3839c3844
< 				<integer>184</integer>
---
> 				<integer>189</integer>
3844c3849
< 				<integer>188</integer>
---
> 				<integer>193</integer>
3857c3862
< 				<integer>184</integer>
---
> 				<integer>189</integer>
3867c3872
< 				<integer>190</integer>
---
> 				<integer>195</integer>
3872c3877
< 				<integer>124</integer>
---
> 				<integer>129</integer>
3880c3885
< 				<integer>184</integer>
---
> 				<integer>189</integer>
3890c3895
< 				<integer>192</integer>
---
> 				<integer>197</integer>
3895c3900
< 				<integer>119</integer>
---
> 				<integer>124</integer>
3903c3908
< 				<integer>184</integer>
---
> 				<integer>189</integer>
3913c3918
< 				<integer>194</integer>
---
> 				<integer>199</integer>
3918c3923
< 				<integer>116</integer>
---
> 				<integer>121</integer>
3926c3931
< 				<integer>184</integer>
---
> 				<integer>189</integer>
3931c3936
< 				<integer>188</integer>
---
> 				<integer>193</integer>
3943c3948
< 				<integer>184</integer>
---
> 				<integer>189</integer>
3948c3953
< 				<integer>197</integer>
---
> 				<integer>202</integer>
3953c3958
< 				<integer>199</integer>
---
> 				<integer>204</integer>
3958c3963
< 				<integer>92</integer>
---
> 				<integer>96</integer>
3970c3975
< 				<integer>198</integer>
---
> 				<integer>203</integer>
3979c3984
< 				<integer>184</integer>
---
> 				<integer>189</integer>
3984c3989
< 				<integer>201</integer>
---
> 				<integer>206</integer>
3989c3994
< 				<integer>203</integer>
---
> 				<integer>208</integer>
3994c3999
< 				<integer>160</integer>
---
> 				<integer>165</integer>
4006c4011
< 				<integer>202</integer>
---
> 				<integer>207</integer>
4015c4020
< 				<integer>184</integer>
---
> 				<integer>189</integer>
4020c4025
< 				<integer>205</integer>
---
> 				<integer>210</integer>
4025c4030
< 				<integer>207</integer>
---
> 				<integer>212</integer>
4030c4035
< 				<integer>79</integer>
---
> 				<integer>82</integer>
4042c4047
< 				<integer>206</integer>
---
> 				<integer>211</integer>
4051c4056
< 				<integer>184</integer>
---
> 				<integer>189</integer>
4056c4061
< 				<integer>201</integer>
---
> 				<integer>206</integer>
4061c4066
< 				<integer>209</integer>
---
> 				<integer>214</integer>
4066c4071
< 				<integer>53</integer>
---
> 				<integer>54</integer>
4074c4079
< 				<integer>184</integer>
---
> 				<integer>189</integer>
4079c4084
< 				<integer>205</integer>
---
> 				<integer>210</integer>
4084c4089
< 				<integer>211</integer>
---
> 				<integer>216</integer>
4089c4094
< 				<integer>111</integer>
---
> 				<integer>116</integer>
4097c4102
< 				<integer>184</integer>
---
> 				<integer>189</integer>
4102c4107
< 				<integer>201</integer>
---
> 				<integer>206</integer>
4107c4112
< 				<integer>213</integer>
---
> 				<integer>218</integer>
4112c4117
< 				<integer>168</integer>
---
> 				<integer>173</integer>
4120c4125
< 				<integer>184</integer>
---
> 				<integer>189</integer>
4125c4130
< 				<integer>205</integer>
---
> 				<integer>210</integer>
4130c4135
< 				<integer>215</integer>
---
> 				<integer>220</integer>
4135c4140
< 				<integer>108</integer>
---
> 				<integer>113</integer>
4143c4148
< 				<integer>184</integer>
---
> 				<integer>189</integer>
4148c4153
< 				<integer>201</integer>
---
> 				<integer>206</integer>
4153c4158
< 				<integer>217</integer>
---
> 				<integer>222</integer>
4166c4171
< 				<integer>184</integer>
---
> 				<integer>189</integer>
4171c4176
< 				<integer>201</integer>
---
> 				<integer>206</integer>
4176c4181
< 				<integer>219</integer>
---
> 				<integer>224</integer>
4181c4186
< 				<integer>179</integer>
---
> 				<integer>184</integer>
4189c4194
< 				<integer>184</integer>
---
> 				<integer>189</integer>
4194c4199
< 				<integer>221</integer>
---
> 				<integer>226</integer>
4199c4204
< 				<integer>223</integer>
---
> 				<integer>228</integer>
4216c4221
< 				<integer>222</integer>
---
> 				<integer>227</integer>
4225c4230
< 				<integer>184</integer>
---
> 				<integer>189</integer>
4235c4240
< 				<integer>225</integer>
---
> 				<integer>230</integer>
4240c4245
< 				<integer>139</integer>
---
> 				<integer>144</integer>
4248c4253
< 				<integer>184</integer>
---
> 				<integer>189</integer>
4253c4258
< 				<integer>205</integer>
---
> 				<integer>210</integer>
4258c4263
< 				<integer>227</integer>
---
> 				<integer>232</integer>
4263c4268
< 				<integer>86</integer>
---
> 				<integer>89</integer>
4271c4276
< 				<integer>184</integer>
---
> 				<integer>189</integer>
4276c4281
< 				<integer>205</integer>
---
> 				<integer>210</integer>
4281c4286
< 				<integer>229</integer>
---
> 				<integer>234</integer>
4286c4291
< 				<integer>67</integer>
---
> 				<integer>69</integer>
4294c4299
< 				<integer>184</integer>
---
> 				<integer>189</integer>
4299c4304
< 				<integer>197</integer>
---
> 				<integer>202</integer>
4304c4309
< 				<integer>231</integer>
---
> 				<integer>236</integer>
4309c4314
< 				<integer>96</integer>
---
> 				<integer>100</integer>
4317c4322
< 				<integer>184</integer>
---
> 				<integer>189</integer>
4322c4327
< 				<integer>201</integer>
---
> 				<integer>206</integer>
4327c4332
< 				<integer>233</integer>
---
> 				<integer>238</integer>
4332c4337
< 				<integer>175</integer>
---
> 				<integer>180</integer>
4340c4345
< 				<integer>184</integer>
---
> 				<integer>189</integer>
4345c4350
< 				<integer>235</integer>
---
> 				<integer>240</integer>
4350c4355
< 				<integer>237</integer>
---
> 				<integer>242</integer>
4355c4360
< 				<integer>46</integer>
---
> 				<integer>47</integer>
4367c4372
< 				<integer>236</integer>
---
> 				<integer>241</integer>
4376c4381
< 				<integer>184</integer>
---
> 				<integer>189</integer>
4386c4391
< 				<integer>239</integer>
---
> 				<integer>244</integer>
4391c4396
< 				<integer>132</integer>
---
> 				<integer>137</integer>
4399c4404
< 				<integer>184</integer>
---
> 				<integer>189</integer>
4404c4409
< 				<integer>201</integer>
---
> 				<integer>206</integer>
4409c4414
< 				<integer>241</integer>
---
> 				<integer>246</integer>
4414c4419
< 				<integer>177</integer>
---
> 				<integer>182</integer>
4422c4427
< 				<integer>184</integer>
---
> 				<integer>189</integer>
4432c4437
< 				<integer>243</integer>
---
> 				<integer>248</integer>
4437c4442
< 				<integer>134</integer>
---
> 				<integer>139</integer>
4445c4450
< 				<integer>184</integer>
---
> 				<integer>189</integer>
4450c4455
< 				<integer>235</integer>
---
> 				<integer>240</integer>
4455c4460
< 				<integer>245</integer>
---
> 				<integer>250</integer>
4460c4465
< 				<integer>44</integer>
---
> 				<integer>45</integer>
4468c4473
< 				<integer>184</integer>
---
> 				<integer>189</integer>
4473c4478
< 				<integer>201</integer>
---
> 				<integer>206</integer>
4478c4483
< 				<integer>247</integer>
---
> 				<integer>252</integer>
4483c4488
< 				<integer>158</integer>
---
> 				<integer>163</integer>
4491c4496
< 				<integer>184</integer>
---
> 				<integer>189</integer>
4496c4501
< 				<integer>205</integer>
---
> 				<integer>210</integer>
4501c4506
< 				<integer>249</integer>
---
> 				<integer>254</integer>
4506c4511
< 				<integer>106</integer>
---
> 				<integer>111</integer>
4514c4519
< 				<integer>184</integer>
---
> 				<integer>189</integer>
4519c4524
< 				<integer>201</integer>
---
> 				<integer>206</integer>
4524c4529
< 				<integer>251</integer>
---
> 				<integer>256</integer>
4529c4534
< 				<integer>166</integer>
---
> 				<integer>171</integer>
4537c4542
< 				<integer>184</integer>
---
> 				<integer>189</integer>
4542c4547
< 				<integer>205</integer>
---
> 				<integer>210</integer>
4547c4552
< 				<integer>253</integer>
---
> 				<integer>258</integer>
4552c4557
< 				<integer>65</integer>
---
> 				<integer>67</integer>
4560c4565
< 				<integer>184</integer>
---
> 				<integer>189</integer>
4565c4570
< 				<integer>205</integer>
---
> 				<integer>210</integer>
4570c4575
< 				<integer>255</integer>
---
> 				<integer>260</integer>
4575c4580
< 				<integer>69</integer>
---
> 				<integer>71</integer>
4583c4588
< 				<integer>184</integer>
---
> 				<integer>189</integer>
4588c4593
< 				<integer>205</integer>
---
> 				<integer>210</integer>
4593c4598
< 				<integer>257</integer>
---
> 				<integer>262</integer>
4598c4603
< 				<integer>77</integer>
---
> 				<integer>80</integer>
4606c4611
< 				<integer>184</integer>
---
> 				<integer>189</integer>
4616c4621
< 				<integer>259</integer>
---
> 				<integer>264</integer>
4621c4626
< 				<integer>143</integer>
---
> 				<integer>148</integer>
4629c4634
< 				<integer>184</integer>
---
> 				<integer>189</integer>
4634c4639
< 				<integer>201</integer>
---
> 				<integer>206</integer>
4639c4644
< 				<integer>261</integer>
---
> 				<integer>266</integer>
4644c4649
< 				<integer>55</integer>
---
> 				<integer>56</integer>
4652c4657
< 				<integer>184</integer>
---
> 				<integer>189</integer>
4657c4662
< 				<integer>201</integer>
---
> 				<integer>206</integer>
4662c4667
< 				<integer>263</integer>
---
> 				<integer>268</integer>
4667c4672
< 				<integer>146</integer>
---
> 				<integer>151</integer>
4675c4680
< 				<integer>184</integer>
---
> 				<integer>189</integer>
4685c4690
< 				<integer>265</integer>
---
> 				<integer>270</integer>
4690c4695
< 				<integer>141</integer>
---
> 				<integer>146</integer>
4698c4703
< 				<integer>184</integer>
---
> 				<integer>189</integer>
4703c4708
< 				<integer>201</integer>
---
> 				<integer>206</integer>
4708c4713
< 				<integer>267</integer>
---
> 				<integer>272</integer>
4713c4718
< 				<integer>170</integer>
---
> 				<integer>175</integer>
4721c4726
< 				<integer>184</integer>
---
> 				<integer>189</integer>
4726c4731
< 				<integer>201</integer>
---
> 				<integer>206</integer>
4731c4736
< 				<integer>269</integer>
---
> 				<integer>274</integer>
4736c4741
< 				<integer>51</integer>
---
> 				<integer>52</integer>
4744c4749
< 				<integer>184</integer>
---
> 				<integer>189</integer>
4749c4754
< 				<integer>205</integer>
---
> 				<integer>210</integer>
4754c4759
< 				<integer>271</integer>
---
> 				<integer>276</integer>
4759c4764
< 				<integer>113</integer>
---
> 				<integer>118</integer>
4767c4772
< 				<integer>184</integer>
---
> 				<integer>189</integer>
4772c4777
< 				<integer>201</integer>
---
> 				<integer>206</integer>
4777c4782
< 				<integer>273</integer>
---
> 				<integer>278</integer>
4782c4787
< 				<integer>152</integer>
---
> 				<integer>157</integer>
4790c4795
< 				<integer>184</integer>
---
> 				<integer>189</integer>
4795c4800
< 				<integer>205</integer>
---
> 				<integer>210</integer>
4800c4805
< 				<integer>275</integer>
---
> 				<integer>280</integer>
4805c4810
< 				<integer>84</integer>
---
> 				<integer>87</integer>
4813c4818
< 				<integer>184</integer>
---
> 				<integer>189</integer>
4818c4823
< 				<integer>197</integer>
---
> 				<integer>202</integer>
4823c4828
< 				<integer>277</integer>
---
> 				<integer>282</integer>
4828c4833
< 				<integer>94</integer>
---
> 				<integer>98</integer>
4836c4841
< 				<integer>184</integer>
---
> 				<integer>189</integer>
4841c4846
< 				<integer>197</integer>
---
> 				<integer>202</integer>
4846c4851
< 				<integer>279</integer>
---
> 				<integer>284</integer>
4851c4856
< 				<integer>100</integer>
---
> 				<integer>104</integer>
4859c4864
< 				<integer>184</integer>
---
> 				<integer>189</integer>
4869c4874
< 				<integer>281</integer>
---
> 				<integer>286</integer>
4874c4879
< 				<integer>136</integer>
---
> 				<integer>141</integer>
4882c4887
< 				<integer>184</integer>
---
> 				<integer>189</integer>
4887c4892
< 				<integer>221</integer>
---
> 				<integer>226</integer>
4892c4897
< 				<integer>283</integer>
---
> 				<integer>288</integer>
4897c4902
< 				<integer>121</integer>
---
> 				<integer>126</integer>
4905c4910
< 				<integer>184</integer>
---
> 				<integer>189</integer>
4910c4915
< 				<integer>205</integer>
---
> 				<integer>210</integer>
4915c4920
< 				<integer>285</integer>
---
> 				<integer>290</integer>
4920c4925
< 				<integer>63</integer>
---
> 				<integer>65</integer>
4928c4933
< 				<integer>184</integer>
---
> 				<integer>189</integer>
4933c4938
< 				<integer>205</integer>
---
> 				<integer>210</integer>
4938c4943
< 				<integer>287</integer>
---
> 				<integer>292</integer>
4943c4948
< 				<integer>75</integer>
---
> 				<integer>78</integer>
4951c4956
< 				<integer>184</integer>
---
> 				<integer>189</integer>
4956c4961
< 				<integer>197</integer>
---
> 				<integer>202</integer>
4961c4966
< 				<integer>289</integer>
---
> 				<integer>294</integer>
4966c4971
< 				<integer>98</integer>
---
> 				<integer>102</integer>
4974c4979
< 				<integer>184</integer>
---
> 				<integer>189</integer>
4979c4984
< 				<integer>201</integer>
---
> 				<integer>206</integer>
4984c4989
< 				<integer>291</integer>
---
> 				<integer>296</integer>
4989c4994
< 				<integer>163</integer>
---
> 				<integer>168</integer>
4997c5002
< 				<integer>184</integer>
---
> 				<integer>189</integer>
5002c5007
< 				<integer>235</integer>
---
> 				<integer>240</integer>
5007c5012
< 				<integer>293</integer>
---
> 				<integer>298</integer>
5012c5017
< 				<integer>48</integer>
---
> 				<integer>49</integer>
5020c5025
< 				<integer>184</integer>
---
> 				<integer>189</integer>
5025c5030
< 				<integer>205</integer>
---
> 				<integer>210</integer>
5030c5035
< 				<integer>295</integer>
---
> 				<integer>300</integer>
5035c5040
< 				<integer>82</integer>
---
> 				<integer>85</integer>
5043c5048
< 				<integer>184</integer>
---
> 				<integer>189</integer>
5048c5053
< 				<integer>201</integer>
---
> 				<integer>206</integer>
5053c5058
< 				<integer>297</integer>
---
> 				<integer>302</integer>
5058c5063
< 				<integer>173</integer>
---
> 				<integer>178</integer>
5066c5071
< 				<integer>301</integer>
---
> 				<integer>306</integer>
5072c5077
< 					<integer>299</integer>
---
> 					<integer>304</integer>
5076c5081
< 					<integer>235</integer>
---
> 					<integer>240</integer>
5080c5085
< 					<integer>221</integer>
---
> 					<integer>226</integer>
5084c5089
< 					<integer>205</integer>
---
> 					<integer>210</integer>
5088c5093
< 					<integer>201</integer>
---
> 					<integer>206</integer>
5092c5097
< 					<integer>197</integer>
---
> 					<integer>202</integer>
5120,5123d5124
< 					<integer>43</integer>
< 				</dict>
< 				<dict>
< 					<key>CF$UID</key>
5128c5129
< 					<integer>46</integer>
---
> 					<integer>45</integer>
5132c5133
< 					<integer>48</integer>
---
> 					<integer>47</integer>
5136c5137
< 					<integer>50</integer>
---
> 					<integer>49</integer>
5144c5145
< 					<integer>53</integer>
---
> 					<integer>52</integer>
5148c5149
< 					<integer>55</integer>
---
> 					<integer>54</integer>
5152c5153
< 					<integer>57</integer>
---
> 					<integer>56</integer>
5160c5161
< 					<integer>61</integer>
---
> 					<integer>59</integer>
5164c5165
< 					<integer>63</integer>
---
> 					<integer>62</integer>
5192,5196c5193
< 					<integer>77</integer>
< 				</dict>
< 				<dict>
< 					<key>CF$UID</key>
< 					<integer>79</integer>
---
> 					<integer>78</integer>
5200c5197
< 					<integer>81</integer>
---
> 					<integer>80</integer>
5212c5209
< 					<integer>86</integer>
---
> 					<integer>85</integer>
5216c5213
< 					<integer>88</integer>
---
> 					<integer>87</integer>
5220c5217
< 					<integer>90</integer>
---
> 					<integer>89</integer>
5224c5221
< 					<integer>92</integer>
---
> 					<integer>91</integer>
5228c5225
< 					<integer>94</integer>
---
> 					<integer>93</integer>
5260,5263d5256
< 					<integer>110</integer>
< 				</dict>
< 				<dict>
< 					<key>CF$UID</key>
5284c5277
< 					<integer>119</integer>
---
> 					<integer>120</integer>
5304c5297
< 					<integer>127</integer>
---
> 					<integer>128</integer>
5312c5305
< 					<integer>132</integer>
---
> 					<integer>131</integer>
5316c5309
< 					<integer>134</integer>
---
> 					<integer>132</integer>
5320c5313
< 					<integer>136</integer>
---
> 					<integer>134</integer>
5324c5317
< 					<integer>138</integer>
---
> 					<integer>137</integer>
5340c5333
< 					<integer>145</integer>
---
> 					<integer>144</integer>
5348c5341
< 					<integer>26</integer>
---
> 					<integer>148</integer>
5352c5345
< 					<integer>28</integer>
---
> 					<integer>150</integer>
5356c5349
< 					<integer>30</integer>
---
> 					<integer>151</integer>
5360c5353
< 					<integer>32</integer>
---
> 					<integer>26</integer>
5364c5357
< 					<integer>150</integer>
---
> 					<integer>28</integer>
5368c5361
< 					<integer>152</integer>
---
> 					<integer>30</integer>
5372c5365
< 					<integer>156</integer>
---
> 					<integer>32</integer>
5376c5369
< 					<integer>158</integer>
---
> 					<integer>155</integer>
5380c5373
< 					<integer>160</integer>
---
> 					<integer>157</integer>
5384c5377
< 					<integer>162</integer>
---
> 					<integer>161</integer>
5396c5389
< 					<integer>166</integer>
---
> 					<integer>167</integer>
5408c5401
< 					<integer>172</integer>
---
> 					<integer>171</integer>
5424c5417,5429
< 					<integer>179</integer>
---
> 					<integer>178</integer>
> 				</dict>
> 				<dict>
> 					<key>CF$UID</key>
> 					<integer>180</integer>
> 				</dict>
> 				<dict>
> 					<key>CF$UID</key>
> 					<integer>182</integer>
> 				</dict>
> 				<dict>
> 					<key>CF$UID</key>
> 					<integer>184</integer>
5437c5442
< 				<integer>300</integer>
---
> 				<integer>305</integer>
5454c5459
< 				<integer>301</integer>
---
> 				<integer>306</integer>
5548c5553
< 					<integer>58</integer>
---
> 					<integer>59</integer>
5552c5557
< 					<integer>61</integer>
---
> 					<integer>62</integer>
5556c5561
< 					<integer>61</integer>
---
> 					<integer>62</integer>
5560c5565
< 					<integer>61</integer>
---
> 					<integer>62</integer>
5564c5569
< 					<integer>61</integer>
---
> 					<integer>62</integer>
5572c5577
< 					<integer>71</integer>
---
> 					<integer>73</integer>
5576c5581
< 					<integer>73</integer>
---
> 					<integer>75</integer>
5580c5585
< 					<integer>73</integer>
---
> 					<integer>75</integer>
5584c5589
< 					<integer>73</integer>
---
> 					<integer>75</integer>
5588c5593
< 					<integer>73</integer>
---
> 					<integer>75</integer>
5592c5597
< 					<integer>73</integer>
---
> 					<integer>75</integer>
5596c5601
< 					<integer>73</integer>
---
> 					<integer>75</integer>
5600c5605
< 					<integer>73</integer>
---
> 					<integer>75</integer>
5608c5613
< 					<integer>88</integer>
---
> 					<integer>91</integer>
5612c5617
< 					<integer>90</integer>
---
> 					<integer>93</integer>
5616c5621
< 					<integer>90</integer>
---
> 					<integer>93</integer>
5620c5625
< 					<integer>90</integer>
---
> 					<integer>93</integer>
5624c5629
< 					<integer>90</integer>
---
> 					<integer>93</integer>
5628c5633
< 					<integer>90</integer>
---
> 					<integer>93</integer>
5636c5641
< 					<integer>102</integer>
---
> 					<integer>106</integer>
5640c5645
< 					<integer>104</integer>
---
> 					<integer>108</integer>
5644c5649
< 					<integer>104</integer>
---
> 					<integer>108</integer>
5648c5653
< 					<integer>104</integer>
---
> 					<integer>108</integer>
5652c5657
< 					<integer>104</integer>
---
> 					<integer>108</integer>
5656c5661
< 					<integer>104</integer>
---
> 					<integer>108</integer>
5696c5701
< 					<integer>127</integer>
---
> 					<integer>132</integer>
5700c5705
< 					<integer>129</integer>
---
> 					<integer>134</integer>
5704c5709
< 					<integer>129</integer>
---
> 					<integer>134</integer>
5708c5713
< 					<integer>129</integer>
---
> 					<integer>134</integer>
5712c5717
< 					<integer>129</integer>
---
> 					<integer>134</integer>
5716c5721
< 					<integer>129</integer>
---
> 					<integer>134</integer>
5720c5725
< 					<integer>129</integer>
---
> 					<integer>134</integer>
5724c5729
< 					<integer>129</integer>
---
> 					<integer>134</integer>
5756c5761
< 					<integer>150</integer>
---
> 					<integer>155</integer>
5764c5769
< 					<integer>156</integer>
---
> 					<integer>161</integer>
5768c5773
< 					<integer>156</integer>
---
> 					<integer>161</integer>
5772c5777
< 					<integer>156</integer>
---
> 					<integer>161</integer>
5776c5781
< 					<integer>156</integer>
---
> 					<integer>161</integer>
5780c5785
< 					<integer>156</integer>
---
> 					<integer>161</integer>
5784c5789
< 					<integer>156</integer>
---
> 					<integer>161</integer>
5788c5793
< 					<integer>156</integer>
---
> 					<integer>161</integer>
5792c5797
< 					<integer>156</integer>
---
> 					<integer>161</integer>
5796c5801
< 					<integer>156</integer>
---
> 					<integer>161</integer>
5800c5805
< 					<integer>156</integer>
---
> 					<integer>161</integer>
5804c5809
< 					<integer>156</integer>
---
> 					<integer>161</integer>
5808c5813
< 					<integer>156</integer>
---
> 					<integer>161</integer>
5812c5817
< 					<integer>156</integer>
---
> 					<integer>161</integer>
5820c5825
< 				<integer>301</integer>
---
> 				<integer>306</integer>
5830c5835
< 					<integer>299</integer>
---
> 					<integer>304</integer>
5834c5839
< 					<integer>235</integer>
---
> 					<integer>240</integer>
5838c5843
< 					<integer>221</integer>
---
> 					<integer>226</integer>
5842c5847
< 					<integer>205</integer>
---
> 					<integer>210</integer>
5846c5851
< 					<integer>201</integer>
---
> 					<integer>206</integer>
5850c5855
< 					<integer>197</integer>
---
> 					<integer>202</integer>
5878,5881d5882
< 					<integer>43</integer>
< 				</dict>
< 				<dict>
< 					<key>CF$UID</key>
5886c5887
< 					<integer>46</integer>
---
> 					<integer>45</integer>
5890c5891
< 					<integer>48</integer>
---
> 					<integer>47</integer>
5894c5895
< 					<integer>50</integer>
---
> 					<integer>49</integer>
5902c5903
< 					<integer>53</integer>
---
> 					<integer>52</integer>
5906c5907
< 					<integer>55</integer>
---
> 					<integer>54</integer>
5910c5911
< 					<integer>57</integer>
---
> 					<integer>56</integer>
5918c5919
< 					<integer>61</integer>
---
> 					<integer>59</integer>
5922c5923
< 					<integer>63</integer>
---
> 					<integer>62</integer>
5950,5954c5951
< 					<integer>77</integer>
< 				</dict>
< 				<dict>
< 					<key>CF$UID</key>
< 					<integer>79</integer>
---
> 					<integer>78</integer>
5958c5955
< 					<integer>81</integer>
---
> 					<integer>80</integer>
5970c5967
< 					<integer>86</integer>
---
> 					<integer>85</integer>
5974c5971
< 					<integer>88</integer>
---
> 					<integer>87</integer>
5978c5975
< 					<integer>90</integer>
---
> 					<integer>89</integer>
5982c5979
< 					<integer>92</integer>
---
> 					<integer>91</integer>
5986c5983
< 					<integer>94</integer>
---
> 					<integer>93</integer>
6018,6021d6014
< 					<integer>110</integer>
< 				</dict>
< 				<dict>
< 					<key>CF$UID</key>
6042c6035
< 					<integer>119</integer>
---
> 					<integer>120</integer>
6062c6055
< 					<integer>127</integer>
---
> 					<integer>128</integer>
6070c6063
< 					<integer>132</integer>
---
> 					<integer>131</integer>
6074c6067
< 					<integer>134</integer>
---
> 					<integer>132</integer>
6078c6071
< 					<integer>136</integer>
---
> 					<integer>134</integer>
6082c6075
< 					<integer>138</integer>
---
> 					<integer>137</integer>
6098c6091
< 					<integer>145</integer>
---
> 					<integer>144</integer>
6106c6099
< 					<integer>26</integer>
---
> 					<integer>148</integer>
6110c6103
< 					<integer>28</integer>
---
> 					<integer>150</integer>
6114c6107
< 					<integer>30</integer>
---
> 					<integer>151</integer>
6118c6111
< 					<integer>32</integer>
---
> 					<integer>26</integer>
6122c6115
< 					<integer>150</integer>
---
> 					<integer>28</integer>
6126c6119
< 					<integer>152</integer>
---
> 					<integer>30</integer>
6130c6123
< 					<integer>156</integer>
---
> 					<integer>32</integer>
6134c6127
< 					<integer>158</integer>
---
> 					<integer>155</integer>
6138c6131
< 					<integer>160</integer>
---
> 					<integer>157</integer>
6142c6135
< 					<integer>162</integer>
---
> 					<integer>161</integer>
6154c6147
< 					<integer>166</integer>
---
> 					<integer>167</integer>
6166c6159
< 					<integer>172</integer>
---
> 					<integer>171</integer>
6182c6175,6187
< 					<integer>179</integer>
---
> 					<integer>178</integer>
> 				</dict>
> 				<dict>
> 					<key>CF$UID</key>
> 					<integer>180</integer>
> 				</dict>
> 				<dict>
> 					<key>CF$UID</key>
> 					<integer>182</integer>
> 				</dict>
> 				<dict>
> 					<key>CF$UID</key>
> 					<integer>184</integer>
6198c6203
< 					<integer>149</integer>
---
> 					<integer>154</integer>
6202c6207
< 					<integer>155</integer>
---
> 					<integer>160</integer>
6206c6211
< 					<integer>182</integer>
---
> 					<integer>187</integer>
6210c6215
< 					<integer>185</integer>
---
> 					<integer>190</integer>
6214c6219
< 					<integer>187</integer>
---
> 					<integer>192</integer>
6218c6223
< 					<integer>189</integer>
---
> 					<integer>194</integer>
6222c6227
< 					<integer>191</integer>
---
> 					<integer>196</integer>
6226c6231
< 					<integer>193</integer>
---
> 					<integer>198</integer>
6230c6235
< 					<integer>195</integer>
---
> 					<integer>200</integer>
6234c6239
< 					<integer>196</integer>
---
> 					<integer>201</integer>
6238c6243
< 					<integer>200</integer>
---
> 					<integer>205</integer>
6242c6247
< 					<integer>204</integer>
---
> 					<integer>209</integer>
6246c6251
< 					<integer>208</integer>
---
> 					<integer>213</integer>
6250c6255
< 					<integer>210</integer>
---
> 					<integer>215</integer>
6254c6259
< 					<integer>212</integer>
---
> 					<integer>217</integer>
6258c6263
< 					<integer>214</integer>
---
> 					<integer>219</integer>
6262c6267
< 					<integer>216</integer>
---
> 					<integer>221</integer>
6266c6271
< 					<integer>218</integer>
---
> 					<integer>223</integer>
6270c6275
< 					<integer>220</integer>
---
> 					<integer>225</integer>
6274c6279
< 					<integer>224</integer>
---
> 					<integer>229</integer>
6278c6283
< 					<integer>226</integer>
---
> 					<integer>231</integer>
6282c6287
< 					<integer>228</integer>
---
> 					<integer>233</integer>
6286c6291
< 					<integer>230</integer>
---
> 					<integer>235</integer>
6290c6295
< 					<integer>232</integer>
---
> 					<integer>237</integer>
6294c6299
< 					<integer>234</integer>
---
> 					<integer>239</integer>
6298c6303
< 					<integer>238</integer>
---
> 					<integer>243</integer>
6302c6307
< 					<integer>240</integer>
---
> 					<integer>245</integer>
6306c6311
< 					<integer>242</integer>
---
> 					<integer>247</integer>
6310c6315
< 					<integer>244</integer>
---
> 					<integer>249</integer>
6314c6319
< 					<integer>246</integer>
---
> 					<integer>251</integer>
6318c6323
< 					<integer>248</integer>
---
> 					<integer>253</integer>
6322c6327
< 					<integer>250</integer>
---
> 					<integer>255</integer>
6326c6331
< 					<integer>252</integer>
---
> 					<integer>257</integer>
6330c6335
< 					<integer>254</integer>
---
> 					<integer>259</integer>
6334c6339
< 					<integer>256</integer>
---
> 					<integer>261</integer>
6338c6343
< 					<integer>258</integer>
---
> 					<integer>263</integer>
6342c6347
< 					<integer>260</integer>
---
> 					<integer>265</integer>
6346c6351
< 					<integer>262</integer>
---
> 					<integer>267</integer>
6350c6355
< 					<integer>264</integer>
---
> 					<integer>269</integer>
6354c6359
< 					<integer>266</integer>
---
> 					<integer>271</integer>
6358c6363
< 					<integer>268</integer>
---
> 					<integer>273</integer>
6362c6367
< 					<integer>270</integer>
---
> 					<integer>275</integer>
6366c6371
< 					<integer>272</integer>
---
> 					<integer>277</integer>
6370c6375
< 					<integer>274</integer>
---
> 					<integer>279</integer>
6374c6379
< 					<integer>276</integer>
---
> 					<integer>281</integer>
6378c6383
< 					<integer>278</integer>
---
> 					<integer>283</integer>
6382c6387
< 					<integer>280</integer>
---
> 					<integer>285</integer>
6386c6391
< 					<integer>282</integer>
---
> 					<integer>287</integer>
6390c6395
< 					<integer>284</integer>
---
> 					<integer>289</integer>
6394c6399
< 					<integer>286</integer>
---
> 					<integer>291</integer>
6398c6403
< 					<integer>288</integer>
---
> 					<integer>293</integer>
6402c6407
< 					<integer>290</integer>
---
> 					<integer>295</integer>
6406c6411
< 					<integer>292</integer>
---
> 					<integer>297</integer>
6410c6415
< 					<integer>294</integer>
---
> 					<integer>299</integer>
6414c6419
< 					<integer>296</integer>
---
> 					<integer>301</integer>
6422c6427
< 				<integer>301</integer>
---
> 				<integer>306</integer>
6428,6447d6432
< 					<integer>305</integer>
< 				</dict>
< 				<dict>
< 					<key>CF$UID</key>
< 					<integer>306</integer>
< 				</dict>
< 				<dict>
< 					<key>CF$UID</key>
< 					<integer>307</integer>
< 				</dict>
< 				<dict>
< 					<key>CF$UID</key>
< 					<integer>308</integer>
< 				</dict>
< 				<dict>
< 					<key>CF$UID</key>
< 					<integer>309</integer>
< 				</dict>
< 				<dict>
< 					<key>CF$UID</key>
7017a7003,7022
> 				<dict>
> 					<key>CF$UID</key>
> 					<integer>453</integer>
> 				</dict>
> 				<dict>
> 					<key>CF$UID</key>
> 					<integer>454</integer>
> 				</dict>
> 				<dict>
> 					<key>CF$UID</key>
> 					<integer>455</integer>
> 				</dict>
> 				<dict>
> 					<key>CF$UID</key>
> 					<integer>456</integer>
> 				</dict>
> 				<dict>
> 					<key>CF$UID</key>
> 					<integer>457</integer>
> 				</dict>
7181c7186
< 				<integer>301</integer>
---
> 				<integer>306</integer>
