14c14
< 				<integer>713</integer>
---
> 				<integer>727</integer>
19c19
< 				<integer>711</integer>
---
> 				<integer>725</integer>
24c24
< 				<integer>712</integer>
---
> 				<integer>726</integer>
29c29
< 				<integer>712</integer>
---
> 				<integer>726</integer>
44c44
< 				<integer>484</integer>
---
> 				<integer>498</integer>
49c49
< 				<integer>485</integer>
---
> 				<integer>499</integer>
54c54
< 				<integer>486</integer>
---
> 				<integer>500</integer>
477c477
< 		<string>Open Recent</string>
---
> 		<string>最近使用したファイルを開く</string>
528c528
< 		<string>Clear Menu</string>
---
> 		<string>最近使用したファイルのリストを消去</string>
667c667
< 		<string>Views</string>
---
> 		<string>ビュー</string>
716c716
< 		<string>Studio</string>
---
> 		<string>スタジオ</string>
781c781
< 		<string>Show Left Studio</string>
---
> 		<string>Left Studioの表示</string>
816c816
< 		<string>Show Right Studio</string>
---
> 		<string>Right Studioの表示</string>
892c892
< 		<string>Hide Studio</string>
---
> 		<string>スタジオを隠す</string>
928c928
< 		<string>Reset Studio</string>
---
> 		<string>スタジオをリセット</string>
973c973
< 		<string>Share</string>
---
> 		<string>共有</string>
1049c1049
< 				<integer>468</integer>
---
> 				<integer>480</integer>
1054c1054
< 				<integer>473</integer>
---
> 				<integer>485</integer>
1059c1059
< 				<integer>467</integer>
---
> 				<integer>479</integer>
1062c1062
< 		<string>Separated Mode</string>
---
> 		<string>分離モード</string>
1125c1125
< 		<string>Minimize</string>
---
> 		<string>最小化</string>
1180c1180
< 		<string>Zoom</string>
---
> 		<string>ズーム</string>
1244c1244
< 				<integer>416</integer>
---
> 				<integer>417</integer>
1249c1249
< 				<integer>427</integer>
---
> 				<integer>429</integer>
1254c1254
< 				<integer>414</integer>
---
> 				<integer>416</integer>
1257c1257
< 		<string>Hide Others</string>
---
> 		<string>他を隠す</string>
1318c1318
< 		<string>Preferences…</string>
---
> 		<string>環境設定…</string>
1379c1379
< 		<string>Quit</string>
---
> 		<string>終了</string>
1448c1448
< 		<string>Show All</string>
---
> 		<string>すべて表示</string>
1503c1503
< 		<string>Hide</string>
---
> 		<string>非表示</string>
1561c1561
< 		<string>About…</string>
---
> 		<string>Affinity Designerについて…</string>
1630c1630
< 				<integer>430</integer>
---
> 				<integer>433</integer>
1635c1635
< 				<integer>429</integer>
---
> 				<integer>432</integer>
1638c1638
< 		<string>Save As…</string>
---
> 		<string>別名で保存…</string>
1712c1712
< 		<string>Save</string>
---
> 		<string>保存</string>
1773c1773
< 		<string>Close</string>
---
> 		<string>閉じる</string>
1834c1834
< 		<string>New</string>
---
> 		<string>新規</string>
1895c1895
< 		<string>Open…</string>
---
> 		<string>開く…</string>
1956c1956
< 		<string>Print…</string>
---
> 		<string>プリント…</string>
2042c2042
< 				<integer>449</integer>
---
> 				<integer>457</integer>
2047c2047
< 				<integer>448</integer>
---
> 				<integer>456</integer>
2050c2050
< 		<string>Customise Tools…</string>
---
> 		<string>ツールのカスタマイズ…</string>
2110c2110
< 		<string>Customise Toolbar…</string>
---
> 		<string>ツールバーのカスタマイズ…</string>
2170c2170
< 		<string>Show Toolbar</string>
---
> 		<string>ツールバーの表示</string>
2231c2231
< 		<string>Zoom to Fit</string>
---
> 		<string>画面サイズに合わせる</string>
2364c2364
< 		<string>Show Margins</string>
---
> 		<string>マージンの表示</string>
2424c2424
< 		<string>Show Guides</string>
---
> 		<string>ガイドの表示</string>
2485c2485
< 		<string>Show Grid</string>
---
> 		<string>グリッドを表示</string>
2544c2544
< 		<string>New View</string>
---
> 		<string>新規ビュー</string>
2604c2604
< 		<string>Export…</string>
---
> 		<string>書き出し…</string>
2673c2673
< 				<integer>454</integer>
---
> 				<integer>463</integer>
2678c2678
< 				<integer>453</integer>
---
> 				<integer>462</integer>
2681c2681
< 		<string>Pixels</string>
---
> 		<string>ピクセル</string>
2740c2740
< 		<string>Snapping Manager…</string>
---
> 		<string>スナップの管理…</string>
2800c2800
< 		<string>Zoom In</string>
---
> 		<string>ズームイン</string>
2861c2861
< 		<string>Zoom Out</string>
---
> 		<string>ズームアウト</string>
2920c2920
< 		<string>Assistant Manager…</string>
---
> 		<string>アシスタントマネージャー…</string>
2978c2978
< 		<string>Vector</string>
---
> 		<string>ベクトル</string>
3084c3084
< 		<string>Show Rulers</string>
---
> 		<string>ルーラーを表示</string>
3145c3145
< 		<string>Toggle Full Screen</string>
---
> 		<string>フルスクリーン切り替え</string>
3271c3271
< 				<integer>445</integer>
---
> 				<integer>452</integer>
3276c3276
< 				<integer>444</integer>
---
> 				<integer>451</integer>
3279c3279
< 		<string>Select All</string>
---
> 		<string>すべてを選択</string>
3349c3349
< 				<integer>476</integer>
---
> 				<integer>489</integer>
3359c3359
< 				<integer>475</integer>
---
> 				<integer>488</integer>
3362c3362
< 		<string>Affinity Designer Help</string>
---
> 		<string>Affinity Designerヘルプ</string>
3421c3421
< 		<string>Pixel Persona</string>
---
> 		<string>ピクセルペルソナ</string>
3503c3503
< 				<integer>440</integer>
---
> 				<integer>446</integer>
3508c3508
< 				<integer>439</integer>
---
> 				<integer>445</integer>
3511c3511
< 		<string>Redo</string>
---
> 		<string>やり直し</string>
3565c3565
< 		<string>Delete</string>
---
> 		<string>削除</string>
3621c3621
< 		<string>Copy</string>
---
> 		<string>コピー</string>
3682c3682
< 		<string>Actual Size</string>
---
> 		<string>実寸</string>
3750c3750
< 				<integer>481</integer>
---
> 				<integer>495</integer>
3755c3755
< 				<integer>480</integer>
---
> 				<integer>494</integer>
3758c3758
< 		<string>Crash</string>
---
> 		<string>クラッシュ</string>
3829c3829
< 		<string>Toggle UI</string>
---
> 		<string>UI切り替え</string>
3888c3888
< 		<string>Welcome...</string>
---
> 		<string>ようこそ...</string>
3946c3946
< 		<string>Rotate Left</string>
---
> 		<string>左に回転</string>
4006c4006
< 		<string>Select Next</string>
---
> 		<string>次の要素を選択</string>
4065c4065
< 		<string>Merge All Windows</string>
---
> 		<string>すべてのウィンドウを結合</string>
4123c4123
< 		<string>Show Tools</string>
---
> 		<string>ツールを表示</string>
4183c4183
< 		<string>Undo</string>
---
> 		<string>取り消し</string>
4242c4242
< 		<string>Grid and Axis Manager…</string>
---
> 		<string>グリッドと軸の管理…</string>
4300c4300
< 		<string>Show Context Toolbar</string>
---
> 		<string>コンテキストツールバーを表示</string>
4358c4358
< 		<string>Reset Rotation</string>
---
> 		<string>回転をリセット</string>
4418c4418
< 		<string>Pixel Size</string>
---
> 		<string>ピクセルサイズ</string>
4479c4479
< 		<string>New From Clipboard</string>
---
> 		<string>クリップボードから新規作成</string>
4551c4551
< 		<string>Apple Colour Picker...</string>
---
> 		<string>Appleカラーピッカー...</string>
4611c4611
< 		<string>Deselect</string>
---
> 		<string>選択解除</string>
4693c4693
< 		<string>Rotate Right</string>
---
> 		<string>右に回転</string>
4814c4814
< 		<string>Pixels (Retina)</string>
---
> 		<string>ピクセル(Retina)</string>
4875c4875
< 		<string>Zoom to Selection</string>
---
> 		<string>選択範囲を拡大</string>
4935c4935
< 		<string>Select Previous</string>
---
> 		<string>前の要素を選択</string>
5055c5055
< 		<string>Draw Persona</string>
---
> 		<string>描画ペルソナ</string>
5113c5113
< 		<string>Support...</string>
---
> 		<string>サポート...</string>
5171c5171
< 		<string>Clip to Canvas</string>
---
> 		<string>キャンバスにクリップ</string>
5227c5227
< 		<string>Cut</string>
---
> 		<string>カット</string>
5283c5283
< 		<string>Paste</string>
---
> 		<string>ペースト</string>
5342c5342
< 		<string>Tutorial...</string>
---
> 		<string>チュートリアル...</string>
5425c5425
< 		<string>Outline</string>
---
> 		<string>アウトライン</string>
5483c5483
< 		<string>Dock Tools</string>
---
> 		<string>ツールをドッキング</string>
5541c5541
< 		<string>Save as Regression Unit</string>
---
> 		<string>回帰単位として保存</string>
5547c5547
< 				<integer>483</integer>
---
> 				<integer>497</integer>
5601c5601
< 					<integer>417</integer>
---
> 					<integer>418</integer>
5613c5613
< 					<integer>418</integer>
---
> 					<integer>419</integer>
5621c5621
< 					<integer>419</integer>
---
> 					<integer>420</integer>
5625c5625
< 					<integer>420</integer>
---
> 					<integer>421</integer>
5629c5629
< 					<integer>422</integer>
---
> 					<integer>423</integer>
5633c5633
< 					<integer>425</integer>
---
> 					<integer>427</integer>
5649c5649
< 					<integer>426</integer>
---
> 					<integer>428</integer>
5657c5657
< 					<integer>428</integer>
---
> 					<integer>430</integer>
5673c5673
< 					<integer>431</integer>
---
> 					<integer>434</integer>
5681c5681
< 					<integer>432</integer>
---
> 					<integer>435</integer>
5693c5693
< 					<integer>433</integer>
---
> 					<integer>437</integer>
5701c5701
< 					<integer>434</integer>
---
> 					<integer>438</integer>
5713c5713
< 					<integer>435</integer>
---
> 					<integer>439</integer>
5721c5721
< 					<integer>436</integer>
---
> 					<integer>440</integer>
5729c5729
< 					<integer>437</integer>
---
> 					<integer>442</integer>
5737c5737
< 					<integer>438</integer>
---
> 					<integer>443</integer>
5753c5753
< 					<integer>441</integer>
---
> 					<integer>447</integer>
5769c5769
< 					<integer>442</integer>
---
> 					<integer>448</integer>
5777c5777
< 					<integer>443</integer>
---
> 					<integer>449</integer>
5793c5793
< 					<integer>446</integer>
---
> 					<integer>453</integer>
5805c5805
< 					<integer>447</integer>
---
> 					<integer>454</integer>
5853c5853
< 					<integer>450</integer>
---
> 					<integer>458</integer>
5869c5869
< 					<integer>451</integer>
---
> 					<integer>459</integer>
5873c5873
< 					<integer>452</integer>
---
> 					<integer>460</integer>
5897c5897
< 					<integer>455</integer>
---
> 					<integer>464</integer>
5905c5905
< 					<integer>456</integer>
---
> 					<integer>465</integer>
5913c5913
< 					<integer>457</integer>
---
> 					<integer>466</integer>
5921c5921
< 					<integer>458</integer>
---
> 					<integer>468</integer>
5941c5941
< 					<integer>459</integer>
---
> 					<integer>469</integer>
5945c5945
< 					<integer>460</integer>
---
> 					<integer>470</integer>
5973c5973
< 					<integer>461</integer>
---
> 					<integer>472</integer>
5993c5993
< 					<integer>462</integer>
---
> 					<integer>473</integer>
6001c6001
< 					<integer>463</integer>
---
> 					<integer>474</integer>
6013c6013
< 					<integer>464</integer>
---
> 					<integer>475</integer>
6029c6029
< 					<integer>465</integer>
---
> 					<integer>476</integer>
6037c6037
< 					<integer>466</integer>
---
> 					<integer>477</integer>
6053c6053
< 					<integer>469</integer>
---
> 					<integer>481</integer>
6065c6065
< 					<integer>470</integer>
---
> 					<integer>482</integer>
6073c6073
< 					<integer>471</integer>
---
> 					<integer>483</integer>
6077c6077
< 					<integer>474</integer>
---
> 					<integer>486</integer>
6089c6089
< 					<integer>477</integer>
---
> 					<integer>490</integer>
6101c6101
< 					<integer>478</integer>
---
> 					<integer>491</integer>
6109c6109
< 					<integer>479</integer>
---
> 					<integer>492</integer>
6152c6152
< 				<integer>482</integer>
---
> 				<integer>496</integer>
6160c6160
< 		<string>MainMenu</string>
---
> 		<string>メインメニュー</string>
6175c6175
< 					<integer>428</integer>
---
> 					<integer>430</integer>
6179c6179
< 					<integer>438</integer>
---
> 					<integer>443</integer>
6183c6183
< 					<integer>443</integer>
---
> 					<integer>449</integer>
6187c6187
< 					<integer>447</integer>
---
> 					<integer>454</integer>
6191c6191
< 					<integer>466</integer>
---
> 					<integer>477</integer>
6195c6195
< 					<integer>474</integer>
---
> 					<integer>486</integer>
6199c6199
< 					<integer>479</integer>
---
> 					<integer>492</integer>
6254c6254
< 		<string>Persona</string>
---
> 		<string>ペルソナ</string>
6255a6256
> 		<string>ペルソナ</string>
6270c6271
< 					<integer>417</integer>
---
> 					<integer>418</integer>
6282c6283
< 					<integer>418</integer>
---
> 					<integer>419</integer>
6290c6291
< 					<integer>419</integer>
---
> 					<integer>420</integer>
6294c6295
< 					<integer>420</integer>
---
> 					<integer>421</integer>
6298c6299
< 					<integer>425</integer>
---
> 					<integer>427</integer>
6314c6315
< 					<integer>426</integer>
---
> 					<integer>428</integer>
6478c6479
< 				<integer>422</integer>
---
> 				<integer>423</integer>
6483c6484
< 				<integer>422</integer>
---
> 				<integer>423</integer>
6488c6489
< 				<integer>421</integer>
---
> 				<integer>422</integer>
6491c6492
< 		<string>Services</string>
---
> 		<string>サービス</string>
6501c6502
< 				<integer>423</integer>
---
> 				<integer>425</integer>
6506c6507
< 				<integer>424</integer>
---
> 				<integer>426</integer>
6511c6512
< 				<integer>421</integer>
---
> 				<integer>424</integer>
6513a6515
> 		<string>サービス</string>
6653c6655
< 				<integer>429</integer>
---
> 				<integer>431</integer>
6656c6658,6659
< 		<string>File</string>
---
> 		<string>ファイル</string>
> 		<string>ファイル</string>
6675c6678
< 					<integer>431</integer>
---
> 					<integer>434</integer>
6683c6686
< 					<integer>432</integer>
---
> 					<integer>435</integer>
6687c6690
< 					<integer>433</integer>
---
> 					<integer>437</integer>
6695c6698
< 					<integer>434</integer>
---
> 					<integer>438</integer>
6707c6710
< 					<integer>435</integer>
---
> 					<integer>439</integer>
6715c6718
< 					<integer>436</integer>
---
> 					<integer>440</integer>
6719c6722
< 					<integer>437</integer>
---
> 					<integer>442</integer>
6817c6820
< 				<integer>10</integer>
---
> 				<integer>436</integer>
6819a6823
> 		<string>最近使用したファイルを開く</string>
6988c6992
< 				<integer>49</integer>
---
> 				<integer>441</integer>
6990a6995
> 		<string>共有</string>
7079c7084
< 				<integer>439</integer>
---
> 				<integer>444</integer>
7082c7087,7088
< 		<string>Edit</string>
---
> 		<string>編集</string>
> 		<string>編集</string>
7101c7107
< 					<integer>441</integer>
---
> 					<integer>447</integer>
7117c7123
< 					<integer>442</integer>
---
> 					<integer>448</integer>
7253c7259
< 				<integer>444</integer>
---
> 				<integer>450</integer>
7256c7262,7263
< 		<string>Select</string>
---
> 		<string>選択</string>
> 		<string>選択</string>
7275c7282
< 					<integer>446</integer>
---
> 					<integer>453</integer>
7375c7382
< 				<integer>448</integer>
---
> 				<integer>455</integer>
7378c7385,7386
< 		<string>View</string>
---
> 		<string>ビュー</string>
> 		<string>ビュー</string>
7429c7437
< 					<integer>450</integer>
---
> 					<integer>458</integer>
7445c7453
< 					<integer>451</integer>
---
> 					<integer>459</integer>
7449c7457
< 					<integer>452</integer>
---
> 					<integer>460</integer>
7453c7461
< 					<integer>456</integer>
---
> 					<integer>465</integer>
7461c7469
< 					<integer>457</integer>
---
> 					<integer>466</integer>
7465c7473
< 					<integer>458</integer>
---
> 					<integer>468</integer>
7485c7493
< 					<integer>459</integer>
---
> 					<integer>469</integer>
7489c7497
< 					<integer>460</integer>
---
> 					<integer>470</integer>
7493c7501
< 					<integer>461</integer>
---
> 					<integer>472</integer>
7513c7521
< 					<integer>462</integer>
---
> 					<integer>473</integer>
7521c7529
< 					<integer>463</integer>
---
> 					<integer>474</integer>
7533c7541
< 					<integer>464</integer>
---
> 					<integer>475</integer>
7549c7557
< 					<integer>465</integer>
---
> 					<integer>476</integer>
7679c7687
< 				<integer>453</integer>
---
> 				<integer>461</integer>
7682c7690,7691
< 		<string>View Mode</string>
---
> 		<string>ビューモード</string>
> 		<string>ビューモード</string>
7709c7718
< 					<integer>455</integer>
---
> 					<integer>464</integer>
7841c7850
< 				<integer>30</integer>
---
> 				<integer>467</integer>
7843a7853
> 		<string>ビュー</string>
7968c7978
< 				<integer>34</integer>
---
> 				<integer>471</integer>
7970a7981
> 		<string>スタジオ</string>
8209c8220
< 				<integer>467</integer>
---
> 				<integer>478</integer>
8212c8223,8224
< 		<string>Window</string>
---
> 		<string>ウィンドウ</string>
> 		<string>ウィンドウ</string>
8231c8243
< 					<integer>469</integer>
---
> 					<integer>481</integer>
8243c8255
< 					<integer>470</integer>
---
> 					<integer>482</integer>
8251c8263
< 					<integer>471</integer>
---
> 					<integer>483</integer>
8366c8378
< 				<integer>472</integer>
---
> 				<integer>484</integer>
8369c8381
< 		<string>Bring All to Front</string>
---
> 		<string>すべて前面に移動</string>
8419c8431
< 				<integer>475</integer>
---
> 				<integer>487</integer>
8422c8434,8435
< 		<string>Help</string>
---
> 		<string>ヘルプ</string>
> 		<string>ヘルプ</string>
8437c8450
< 					<integer>477</integer>
---
> 					<integer>490</integer>
8449c8462
< 					<integer>478</integer>
---
> 					<integer>491</integer>
8581c8594
< 				<integer>480</integer>
---
> 				<integer>493</integer>
8584c8597,8598
< 		<string>Debug</string>
---
> 		<string>デバッグ</string>
> 		<string>デバッグ</string>
8617c8631
< 				<integer>483</integer>
---
> 				<integer>497</integer>
8699c8713
< 					<integer>420</integer>
---
> 					<integer>421</integer>
8731c8745
< 					<integer>428</integer>
---
> 					<integer>430</integer>
8755c8769
< 					<integer>432</integer>
---
> 					<integer>435</integer>
8795c8809
< 					<integer>436</integer>
---
> 					<integer>440</integer>
8811c8825
< 					<integer>438</integer>
---
> 					<integer>443</integer>
8851c8865
< 					<integer>443</integer>
---
> 					<integer>449</integer>
8879c8893
< 					<integer>447</integer>
---
> 					<integer>454</integer>
8947c8961
< 					<integer>452</integer>
---
> 					<integer>460</integer>
8987c9001
< 					<integer>457</integer>
---
> 					<integer>466</integer>
9019c9033
< 					<integer>460</integer>
---
> 					<integer>470</integer>
9111c9125
< 					<integer>466</integer>
---
> 					<integer>477</integer>
9151c9165
< 					<integer>474</integer>
---
> 					<integer>486</integer>
9183c9197
< 					<integer>479</integer>
---
> 					<integer>492</integer>
9199c9213
< 				<integer>483</integer>
---
> 				<integer>497</integer>
9257c9271
< 					<integer>417</integer>
---
> 					<integer>418</integer>
9269c9283
< 					<integer>418</integer>
---
> 					<integer>419</integer>
9277c9291
< 					<integer>419</integer>
---
> 					<integer>420</integer>
9281c9295
< 					<integer>420</integer>
---
> 					<integer>421</integer>
9285c9299
< 					<integer>422</integer>
---
> 					<integer>423</integer>
9289c9303
< 					<integer>425</integer>
---
> 					<integer>427</integer>
9305c9319
< 					<integer>426</integer>
---
> 					<integer>428</integer>
9313c9327
< 					<integer>428</integer>
---
> 					<integer>430</integer>
9329c9343
< 					<integer>431</integer>
---
> 					<integer>434</integer>
9337c9351
< 					<integer>432</integer>
---
> 					<integer>435</integer>
9349c9363
< 					<integer>433</integer>
---
> 					<integer>437</integer>
9357c9371
< 					<integer>434</integer>
---
> 					<integer>438</integer>
9369c9383
< 					<integer>435</integer>
---
> 					<integer>439</integer>
9377c9391
< 					<integer>436</integer>
---
> 					<integer>440</integer>
9385c9399
< 					<integer>437</integer>
---
> 					<integer>442</integer>
9393c9407
< 					<integer>438</integer>
---
> 					<integer>443</integer>
9409c9423
< 					<integer>441</integer>
---
> 					<integer>447</integer>
9425c9439
< 					<integer>442</integer>
---
> 					<integer>448</integer>
9433c9447
< 					<integer>443</integer>
---
> 					<integer>449</integer>
9449c9463
< 					<integer>446</integer>
---
> 					<integer>453</integer>
9461c9475
< 					<integer>447</integer>
---
> 					<integer>454</integer>
9509c9523
< 					<integer>450</integer>
---
> 					<integer>458</integer>
9525c9539
< 					<integer>451</integer>
---
> 					<integer>459</integer>
9529c9543
< 					<integer>452</integer>
---
> 					<integer>460</integer>
9553c9567
< 					<integer>455</integer>
---
> 					<integer>464</integer>
9561c9575
< 					<integer>456</integer>
---
> 					<integer>465</integer>
9569c9583
< 					<integer>457</integer>
---
> 					<integer>466</integer>
9577c9591
< 					<integer>458</integer>
---
> 					<integer>468</integer>
9597c9611
< 					<integer>459</integer>
---
> 					<integer>469</integer>
9601c9615
< 					<integer>460</integer>
---
> 					<integer>470</integer>
9629c9643
< 					<integer>461</integer>
---
> 					<integer>472</integer>
9649c9663
< 					<integer>462</integer>
---
> 					<integer>473</integer>
9657c9671
< 					<integer>463</integer>
---
> 					<integer>474</integer>
9669c9683
< 					<integer>464</integer>
---
> 					<integer>475</integer>
9685c9699
< 					<integer>465</integer>
---
> 					<integer>476</integer>
9693c9707
< 					<integer>466</integer>
---
> 					<integer>477</integer>
9709c9723
< 					<integer>469</integer>
---
> 					<integer>481</integer>
9721c9735
< 					<integer>470</integer>
---
> 					<integer>482</integer>
9729c9743
< 					<integer>471</integer>
---
> 					<integer>483</integer>
9733c9747
< 					<integer>474</integer>
---
> 					<integer>486</integer>
9745c9759
< 					<integer>477</integer>
---
> 					<integer>490</integer>
9757c9771
< 					<integer>478</integer>
---
> 					<integer>491</integer>
9765c9779
< 					<integer>479</integer>
---
> 					<integer>492</integer>
10105c10119
< 				<integer>483</integer>
---
> 				<integer>497</integer>
10111,10166d10124
< 					<integer>487</integer>
< 				</dict>
< 				<dict>
< 					<key>CF$UID</key>
< 					<integer>488</integer>
< 				</dict>
< 				<dict>
< 					<key>CF$UID</key>
< 					<integer>489</integer>
< 				</dict>
< 				<dict>
< 					<key>CF$UID</key>
< 					<integer>490</integer>
< 				</dict>
< 				<dict>
< 					<key>CF$UID</key>
< 					<integer>491</integer>
< 				</dict>
< 				<dict>
< 					<key>CF$UID</key>
< 					<integer>492</integer>
< 				</dict>
< 				<dict>
< 					<key>CF$UID</key>
< 					<integer>493</integer>
< 				</dict>
< 				<dict>
< 					<key>CF$UID</key>
< 					<integer>494</integer>
< 				</dict>
< 				<dict>
< 					<key>CF$UID</key>
< 					<integer>495</integer>
< 				</dict>
< 				<dict>
< 					<key>CF$UID</key>
< 					<integer>496</integer>
< 				</dict>
< 				<dict>
< 					<key>CF$UID</key>
< 					<integer>497</integer>
< 				</dict>
< 				<dict>
< 					<key>CF$UID</key>
< 					<integer>498</integer>
< 				</dict>
< 				<dict>
< 					<key>CF$UID</key>
< 					<integer>499</integer>
< 				</dict>
< 				<dict>
< 					<key>CF$UID</key>
< 					<integer>500</integer>
< 				</dict>
< 				<dict>
< 					<key>CF$UID</key>
11004a10963,11018
> 				<dict>
> 					<key>CF$UID</key>
> 					<integer>711</integer>
> 				</dict>
> 				<dict>
> 					<key>CF$UID</key>
> 					<integer>712</integer>
> 				</dict>
> 				<dict>
> 					<key>CF$UID</key>
> 					<integer>713</integer>
> 				</dict>
> 				<dict>
> 					<key>CF$UID</key>
> 					<integer>714</integer>
> 				</dict>
> 				<dict>
> 					<key>CF$UID</key>
> 					<integer>715</integer>
> 				</dict>
> 				<dict>
> 					<key>CF$UID</key>
> 					<integer>716</integer>
> 				</dict>
> 				<dict>
> 					<key>CF$UID</key>
> 					<integer>717</integer>
> 				</dict>
> 				<dict>
> 					<key>CF$UID</key>
> 					<integer>718</integer>
> 				</dict>
> 				<dict>
> 					<key>CF$UID</key>
> 					<integer>719</integer>
> 				</dict>
> 				<dict>
> 					<key>CF$UID</key>
> 					<integer>720</integer>
> 				</dict>
> 				<dict>
> 					<key>CF$UID</key>
> 					<integer>721</integer>
> 				</dict>
> 				<dict>
> 					<key>CF$UID</key>
> 					<integer>722</integer>
> 				</dict>
> 				<dict>
> 					<key>CF$UID</key>
> 					<integer>723</integer>
> 				</dict>
> 				<dict>
> 					<key>CF$UID</key>
> 					<integer>724</integer>
> 				</dict>
11244c11258
< 				<integer>483</integer>
---
> 				<integer>497</integer>
