< 		<string>Allow JPEG compression</string>
> 		<string>JPEG圧縮を許可</string>
< 		<string>Embed ICC profile</string>
> 		<string>ICCプロファイルを埋め込む</string>
< 		<string>Minimise size</string>
> 		<string>サイズを最小にする</string>
< 		<string>Progressive</string>
> 		<string>プログレッシブ</string>
< 		<string>Palettised</string>
> 		<string>減色済み</string>
< 		<string>Use hex colours</string>
> 		<string>16進数カラーを使用</string>
< 		<string>Flatten transforms</string>
> 		<string>変換のフラット化</string>
< 		<string>Add line breaks</string>
> 		<string>改行を追加</string>
< 		<string>Export text as curves</string>
> 		<string>テキストをカーブとして書き出し</string>
< 		<string>Colours:</string>
> 		<string>カラー:</string>
< 		<string>OtherViews</string>
> 		<string>他の表示</string>
> 		<string>他の表示</string>
< 		<string>File format:</string>
> 		<string>ファイル形式:</string>
< 		<string>Above:</string>
> 		<string>上:</string>
< 		<string>Relative coordinates</string>
> 		<string>相対座標</string>
< 		<string>Embed metadata</string>
> 		<string>メタデータを埋め込む</string>
> 		<string>他の表示</string>
< 		<string>Colour profile from name</string>
> 		<string>名前に基づくカラープロファイル</string>
< 		<string>Compression:</string>
> 		<string>圧縮:</string>
< 		<string>None</string>
> 		<string>なし</string>
< 		<string>PXR24 (Lossy)</string>
> 		<string>PXR24(非可逆)</string>
< 		<string>B44 (Lossy)</string>
> 		<string>B44(非可逆)</string>
< 		<string>B44A (Lossy)</string>
> 		<string>B44A(非可逆)</string>
< 		<string>DWAA (Lossy)</string>
> 		<string>DWAA(非可逆)</string>
< 		<string>DWAB (Lossy)</string>
> 		<string>DWAB(非可逆)</string>
< 		<string>Include unknown channels</string>
> 		<string>不明なチャンネルを含める</string>
< 		<string>Multi channel</string>
> 		<string>マルチチャンネル</string>
< 		<string>Image pixels:</string>
> 		<string>画像のピクセル数:</string>
< 		<string>16-bit (HALF)</string>
> 		<string>16ビット(HALF)</string>
< 		<string>32-bit (FLOAT)</string>
> 		<string>32ビット(FLOAT)</string>
< 		<string>Other pixels:</string>
> 		<string>その他のピクセル数:</string>
< 		<string>16-bit (HALF)</string>
> 		<string>16ビット(HALF)</string>
< 		<string>32-bit (FLOAT)</string>
> 		<string>32ビット(FLOAT)</string>
< 		<string>Spacial pixels:</string>
> 		<string>空間のピクセル数:</string>
< 		<string>16-bit (HALF)</string>
> 		<string>16ビット(HALF)</string>
< 		<string>32-bit (FLOAT)</string>
> 		<string>32ビット(FLOAT)</string>
< 		<string>ICC profile:</string>
> 		<string>ICCプロファイル:</string>
> 		<string>他の表示</string>
< 		<string>Downsample images</string>
> 		<string>画像のダウンサンプル</string>
< 		<string>Convert clips to paths</string>
> 		<string>クリップをパスに変換</string>
< 		<string>Embed metadata</string>
> 		<string>メタデータを埋め込む</string>
< 		<string>Button</string>
> 		<string>ボタン</string>
< 		<string>Matte:</string>
> 		<string>マット:</string>
< 		<string>Create preset...</string>
> 		<string>プリセットの作成...</string>
< 		<string>Delete preset</string>
> 		<string>プリセットの削除</string>
< 		<string>Rename preset...</string>
> 		<string>プリセット名の変更...</string>
< 		<string>Palette:</string>
> 		<string>パレット:</string>
> 		<string>他の表示</string>
< 		<string>Automatic</string>
> 		<string>自動</string>
< 		<string>Black &amp; White</string>
> 		<string>白黒</string>
< 		<string>Grayscale</string>
> 		<string>グレースケール</string>
< 		<string>Web colours</string>
> 		<string>Webカラー</string>
< 		<string>Custom</string>
> 		<string>カスタム</string>
< 		<string>Allow advanced features</string>
> 		<string>拡張機能を許可</string>
> 		<string>他の表示</string>
< 		<string>PDF 1.7 (Acrobat 8)</string>
> 		<string>PDF 1.7(Acrobat 8)</string>
< 		<string>PDF 1.6 (Acrobat 7)</string>
> 		<string>PDF 1.6(Acrobat 7)</string>
< 		<string>PDF 1.5 (Acrobat 6)</string>
> 		<string>PDF 1.5(Acrobat 6)</string>
< 		<string>PDF 1.4 (Acrobat 5)</string>
> 		<string>PDF 1.4(Acrobat 5)</string>
< 		<string>Embed  fonts:</string>
> 		<string>フォントを埋め込む:</string>
< 		<string>No Fonts</string>
> 		<string>フォントなし</string>
< 		<string>Text as Curves</string>
> 		<string>曲線状のテキスト</string>
< 		<string>All Fonts</string>
> 		<string>すべてのフォント</string>
< 		<string>Uncommon Fonts</string>
> 		<string>一般的でないフォント</string>
< 		<string>Embed profiles</string>
> 		<string>プロファイルを埋め込む</string>
< 		<string>Honour spot colours</string>
> 		<string>スポットカラーを有効化</string>
< 		<string>Include colour bars</string>
> 		<string>カラーバーを含む</string>
< 		<string>Include crop marks</string>
> 		<string>切り抜きマークを含む</string>
< 		<string>Include page information</string>
> 		<string>ページ情報を含める</string>
< 		<string>Include printers marks</string>
> 		<string>プリンターマークを含める</string>
< 		<string>Include registration marks</string>
> 		<string>登録マークを含む</string>
< 		<string>Overprint black</string>
> 		<string>オーバープリントブラック</string>
< 		<string>Subset fonts</string>
> 		<string>サブセットフォント</string>
< 		<string>Pixel format:</string>
> 		<string>ピクセル形式:</string>
> 		<string>他の表示</string>
< 		<string>Use document format</string>
> 		<string>ドキュメント形式を使用</string>
< 		<string>RGB 8-bit</string>
> 		<string>RGB 8ビット</string>
< 		<string>RGB 16-bit</string>
> 		<string>RGB 16ビット</string>
< 		<string>Greyscale 8-bit</string>
> 		<string>グレースケール 8ビット</string>
< 		<string>Greyscale 16-bit</string>
> 		<string>グレースケール 16ビット</string>
< 		<string>CMYK 8-bit</string>
> 		<string>CMYK 8ビット</string>
< 		<string>LAB 16-bit</string>
> 		<string>LAB(16ビット)</string>
< 		<string>Embed metadata</string>
> 		<string>メタデータを埋め込む</string>
< 		<string>Preset:</string>
> 		<string>プリセット:</string>
> 		<string>他の表示</string>
< 		<string>Preserve editability</string>
> 		<string>編集可能性を維持</string>
> 		<string>他の表示</string>
< 		<string>Preserve accuracy</string>
> 		<string>精度を維持</string>
< 		<string>Preserve editability</string>
> 		<string>編集可能性を維持</string>
> 		<string>他の表示</string>
< 		<string>Preserve accuracy</string>
> 		<string>精度を維持</string>
< 		<string>Compatibility mode</string>
> 		<string>互換性モード</string>
< 		<string>Embed metadata</string>
> 		<string>メタデータを埋め込む</string>
< 		<string>Preserve editability</string>
> 		<string>編集可能性を維持</string>
> 		<string>他の表示</string>
< 		<string>Preserve accuracy</string>
> 		<string>精度を維持</string>
< 		<string>Rasterise all layers</string>
> 		<string>すべてのレイヤーをラスタライズ</string>
< 		<string>Preserve editability</string>
> 		<string>編集可能性を維持</string>
> 		<string>他の表示</string>
< 		<string>Preserve accuracy</string>
> 		<string>精度を維持</string>
< 		<string>Preserve editability</string>
> 		<string>編集可能性を維持</string>
> 		<string>他の表示</string>
< 		<string>Preserve accuracy</string>
> 		<string>精度を維持</string>
> 		<string>他の表示</string>
< 		<string>Nearest Neighbour</string>
> 		<string>最近傍</string>
< 		<string>Bilinear</string>
> 		<string>バイリニア</string>
< 		<string>Bicubic</string>
> 		<string>バイキュービック</string>
< 		<string>Lanczos 3 (separable)</string>
> 		<string>Lanczos 3(分離可能)</string>
< 		<string>Lanczos 3 (non-separable)</string>
> 		<string>Lanczos 3(分離不可)</string>
< 		<string>Smallest file sizes</string>
> 		<string>最小ファイルサイズ</string>
< 		<string>Quality:</string>
> 		<string>品質:</string>
< 		<string>Unsupported properties</string>
> 		<string>サポートされていないプロパティ</string>
> 		<string>他の表示</string>
< 		<string>Nothing</string>
> 		<string>なし</string>
< 		<string>Everything</string>
> 		<string>すべて</string>
< 		<string>Resampler:</string>
> 		<string>リサンプラー:</string>
> 		<string>バイリニア</string>
> 		<string>他の表示</string>
< 		<string>Nearest Neighbour</string>
> 		<string>最近傍</string>
> 		<string>バイキュービック</string>
< 		<string>Lanczos 3 (separable)</string>
> 		<string>Lanczos 3(分離可能)</string>
< 		<string>Lanczos 3 (non-separable)</string>
> 		<string>Lanczos 3(分離不可)</string>
> 		<string>ボタン</string>
> 		<string>マット:</string>
< 		<string>Resampler:</string>
> 		<string>リサンプラー:</string>
> 		<string>バイリニア</string>
> 		<string>他の表示</string>
< 		<string>Nearest Neighbour</string>
> 		<string>最近傍</string>
> 		<string>バイキュービック</string>
< 		<string>Lanczos 3 (separable)</string>
> 		<string>Lanczos 3(分離可能)</string>
< 		<string>Lanczos 3 (non-separable)</string>
> 		<string>Lanczos 3(分離不可)</string>
< 		<string>Use relative coordinates</string>
> 		<string>相対座標を使用</string>
< 		<string>Use tile patterns</string>
> 		<string>タイルパターンを使用</string>
< 		<string>Set viewBox</string>
> 		<string>viewBoxを設定する</string>
< 		<string>Longer text spans</string>
> 		<string>より長いテキスト範囲</string>
< 		<string>Empty</string>
> 		<string>空</string>
< 		<string>PNG, GIF</string>
> 		<string>PNG、GIF</string>
< 		<string>Embed metadata</string>
> 		<string>メタデータを埋め込む</string>
> 		<string>空</string>
< 		<string>Raster</string>
> 		<string>ラスター</string>
< 		<string>Rasterise:</string>
> 		<string>ラスタライズ:</string>
< 		<string>Resampler:</string>
> 		<string>リサンプラー:</string>
> 		<string>他の表示</string>
< 		<string>Nearest Neighbour</string>
> 		<string>最近傍</string>
> 		<string>バイリニア</string>
> 		<string>バイキュービック</string>
< 		<string>Lanczos 3 (separable)</string>
> 		<string>Lanczos 3(分離可能)</string>
< 		<string>Lanczos 3 (non-separable)</string>
> 		<string>Lanczos 3(分離不可)</string>
< 		<string>Use document resolution</string>
> 		<string>ドキュメント解像度を使用</string>
< 		<string>Use DPI:</string>
> 		<string>次のDPIを使用:</string>
< 		<string>Radio</string>
> 		<string>ラジオ</string>
< 		<string>Quality:</string>
> 		<string>品質:</string>
< 		<string>Postscript level:</string>
> 		<string>PostScriptレベル:</string>
< 		<string>Compatibility:</string>
> 		<string>互換性:</string>
< 		<string>Colour Space:</string>
> 		<string>色空間:</string>
< 		<string>Profile:</string>
> 		<string>プロファイル:</string>
< 		<string>Vector</string>
> 		<string>ベクトル</string>
< 		<string>Resample:</string>
> 		<string>リサンプル:</string>
< 		<string>Gradients:</string>
> 		<string>グラデーション:</string>
< 		<string>Adjustments:</string>
> 		<string>調整:</string>
< 		<string>Layer effects:</string>
> 		<string>レイヤーエフェクト:</string>
< 		<string>Lines:</string>
> 		<string>行数:</string>
< 		<string>Adv Blending:</string>
> 		<string>高度なブレンディング:</string>
< 		<string>Box</string>
> 		<string>ボックス</string>
< 		<string>An OCIO colour profile will be applied if one can be identified from the output filename</string>
> 		<string>PSDベクトルマスクを処理しない多くのサードパーティアプリケーションでは、互換性モードが必要になります。結果として得られるファイルサイズは大きくなります。</string>
< 		<string>Choose how to handle exporting adjustment layers. Affinity handles adjustments in a different way to other apps, so editable adjustments may appear different in other applications. Some third party applications may also not support adjustments.</string>
> 		<string>zip圧縮を使用して、結果として得られるファイルサイズを小さくします。ファイルは一部のサードパーティアプリケーションとの互換性が失われる可能性があります。</string>
< 		<string>Choose how to handle exporting gradients. Affinity handles gradients in a different way to other apps, so editable gradients may appear different in other applications.</string>
> 		<string>すべての画像ピクセル(RGB、アルファ[A]、輝度[Y]、色度[RY,BY]の各チャンネルを含む)で使用するピクセルデータタイプを選択します</string>
< 		<string>Choose how to handle exporting layer effects. Affinity handles layer effects in a different way to other apps, so editable layer effects may appear different in other applications. Some third party applications may also not support layer effects.</string>
> 		<string>すべての空間ピクセル(XYZ、Z、ZBackを含む)で使用するピクセルデータタイプを選択します</string>
< 		<string>Choose how to handle exporting vector strokes. Some third party applications may not support vector strokes even if they support vector masks.</string>
> 		<string>トップレベルのクリッピングカーブをベクトルパスに変換</string>
< 		<string>Choose the pixel data type to use for all image pixels (inluding RGB, Alpha [A], Luminance [Y] and Chroma [RY,BY] channels)</string>
> 		<string>マルチチャンネルファイルとして書き出し、チャンネルの名前付けに基づいてレイヤーをチャンネルに分割します</string>
< 		<string>Choose the pixel data type to use for all other pixels (inluding unknown channels)</string>
> 		<string>メタデータが埋め込まれます</string>
< 		<string>Choose the pixel data type to use for all spacial pixels (inluding XYZ, Z and ZBack)</string>
> 		<string>メタデータが埋め込まれます</string>
< 		<string>Chose how to handle exporting advanced blending options. Some third party applications may not support advanced blending options.</string>
> 		<string>メタデータが埋め込まれます</string>
< 		<string>Chose the resampler to use when resizing raster elements</string>
> 		<string>メタデータが埋め込まれます</string>
< 		<string>Compatibility mode is required for many third party applications that do not handle PSD vector masks. Results in larger file sizes.</string>
> 		<string>メタデータが埋め込まれます</string>
< 		<string>Convert top level clipping cuves to vector paths</string>
> 		<string>ラスター要素のサイズ変更時に使用するリサンプラーを決定します</string>
< 		<string>Export as a multi channel file, where layers are split into channels based on channel naming</string>
> 		<string>レイヤーコンテンツ(ラスターおよびベクトルマスク、レイヤー効果および調整など)をラスタライズします</string>
< 		<string>Export layers with indeterminable channels as a single channel base on luminance</string>
> 		<string>不確定なチャンネルを輝度に基づく単一のチャネルとして用いてレイヤーを書き出します</string>
< 		<string>Metadata will be embedded</string>
> 		<string>他のすべてのピクセル(不明なチャンネルを含む)で使用するピクセルデータタイプを選択します</string>
< 		<string>Metadata will be embedded</string>
> 		<string>出力ファイル名に基づいて見つけたOCIOカラープロファイルが適用されます</string>
< 		<string>Metadata will be embedded</string>
> 		<string>書き出し用の高度なブレンディングオプションの処理方法を決定します。一部のサードパーティアプリケーションでは、高度なブレンディングオプションがサポートされていない場合があります。</string>
< 		<string>Metadata will be embedded</string>
> 		<string>書き出し用グラデーションの処理方法を決定します。Affinityではグラデーションの処理方法が他のアプリとは異なるので、編集可能なグラデーションは他のアプリケーションで同じように表示されない可能性があります。</string>
< 		<string>Metadata will be embedded</string>
> 		<string>書き出し用ベクトルストロークの処理方法を決定します。一部のサードパーティアプリケーションでは、たとえベクトルマスクがサポートされていても、ベクトルストロークはサポートされていない場合があります。</string>
< 		<string>Rasterise layer contents (including raster and vector masks, layer effects and adjustments)</string>
> 		<string>書き出し用レイヤー効果の処理方法を決定します。Affinityではレイヤー効果の処理方法が他のアプリとは異なるので、編集可能なレイヤー効果は他のアプリケーションで同じように表示されない可能性があります。一部のサードパーティアプリケーションでは、レイヤー効果がサポートされていない場合もあります。</string>
< 		<string>Selection contains multiple DPI settings</string>
> 		<string>書き出し用調整レイヤーの処理方法を決定します。Affinityでは調整の処理方法が他のアプリとは異なるので、編集可能な調整は他のアプリケーションで同じように表示されない可能性があります。一部のサードパーティアプリケーションでは、調整がサポートされていない場合もあります。</string>
< 		<string>Selection contains multiple DPI settings</string>
> 		<string>選択範囲にラスターとしての書き出しに関する複数のオプションが含まれています</string>
< 		<string>Selection contains multiple ICC embedding options</string>
> 		<string>選択範囲に最小ファイルサイズに関する複数のオプションが含まれています</string>
< 		<string>Selection contains multiple ICC profiles</string>
> 		<string>選択範囲に複数のDPI設定が含まれています</string>
< 		<string>Selection contains multiple adjustment strategies</string>
> 		<string>選択範囲に複数のDPI設定が含まれています</string>
< 		<string>Selection contains multiple advanced blending strategies</string>
> 		<string>選択範囲に複数のICCプロファイルが含まれています</string>
< 		<string>Selection contains multiple colour counts</string>
> 		<string>選択範囲に複数のICC埋め込みオプションが含まれています</string>
< 		<string>Selection contains multiple compatibility mode options</string>
> 		<string>選択範囲に複数のグラデーション方式が含まれています</string>
< 		<string>Selection contains multiple compression settings</string>
> 		<string>選択範囲に複数のダウンサンプル設定が含まれています</string>
< 		<string>Selection contains multiple compression types</string>
> 		<string>選択範囲に複数のパスに変換設定が含まれています</string>
< 		<string>Selection contains multiple convert to paths settings</string>
> 		<string>選択範囲に複数のパレットタイプが含まれています</string>
< 		<string>Selection contains multiple downsample settings</string>
> 		<string>選択範囲に複数のピクセルタイプが含まれています</string>
< 		<string>Selection contains multiple embed metadata options</string>
> 		<string>選択範囲に複数のピクセルタイプが含まれています</string>
< 		<string>Selection contains multiple embed metadata options</string>
> 		<string>選択範囲に複数のピクセルタイプが含まれています</string>
< 		<string>Selection contains multiple embed metadata options</string>
> 		<string>選択範囲に複数のピクセル形式が含まれています</string>
< 		<string>Selection contains multiple embed metadata options</string>
> 		<string>選択範囲に複数のプログレッシブ設定が含まれています</string>
< 		<string>Selection contains multiple embed metadata options</string>
> 		<string>選択範囲に複数のマットカラーが含まれています</string>
< 		<string>Selection contains multiple export as raster options</string>
> 		<string>選択範囲に複数のマットカラーが含まれています</string>
< 		<string>Selection contains multiple gradient strategies</string>
> 		<string>選択範囲に複数のライン方式が含まれています</string>
< 		<string>Selection contains multiple layer effects strategies</string>
> 		<string>選択範囲に複数のラスタライズ設定が含まれています</string>
< 		<string>Selection contains multiple line strategies</string>
> 		<string>選択範囲に複数のリサンプラーが含まれています</string>
< 		<string>Selection contains multiple matte colours</string>
> 		<string>選択範囲に複数のリサンプラータイプが含まれています</string>
< 		<string>Selection contains multiple matte colours</string>
> 		<string>選択範囲に複数のリサンプラータイプが含まれています</string>
< 		<string>Selection contains multiple palette types</string>
> 		<string>選択範囲に複数のリサンプラータイプが含まれています</string>
< 		<string>Selection contains multiple palettise choices</string>
> 		<string>選択範囲に複数のレイヤー効果方式が含まれています</string>
< 		<string>Selection contains multiple pixel formats</string>
> 		<string>選択範囲に複数の互換性モードオプションが含まれています</string>
< 		<string>Selection contains multiple pixel types</string>
> 		<string>選択範囲に複数の品質値が含まれています</string>
< 		<string>Selection contains multiple pixel types</string>
> 		<string>選択範囲に複数の品質値が含まれています</string>
< 		<string>Selection contains multiple pixel types</string>
> 		<string>選択範囲に複数の圧縮タイプが含まれています</string>
< 		<string>Selection contains multiple progressive settings</string>
> 		<string>選択範囲に複数の圧縮設定が含まれています</string>
< 		<string>Selection contains multiple quality values</string>
> 		<string>選択範囲に複数の埋め込みメタデータオプションが含まれています</string>
< 		<string>Selection contains multiple quality values</string>
> 		<string>選択範囲に複数の埋め込みメタデータオプションが含まれています</string>
< 		<string>Selection contains multiple rasterise settings</string>
> 		<string>選択範囲に複数の埋め込みメタデータオプションが含まれています</string>
< 		<string>Selection contains multiple resampler types</string>
> 		<string>選択範囲に複数の埋め込みメタデータオプションが含まれています</string>
< 		<string>Selection contains multiple resampler types</string>
> 		<string>選択範囲に複数の埋め込みメタデータオプションが含まれています</string>
< 		<string>Selection contains multiple resampler types</string>
> 		<string>選択範囲に複数の減色の選択肢が含まれています</string>
< 		<string>Selection contains multiple resamplers</string>
> 		<string>選択範囲に複数の色数が含まれています</string>
< 		<string>Selection contains multiple settings</string>
> 		<string>選択範囲に複数の設定が含まれています</string>
< 		<string>Selection contains multiple settings</string>
> 		<string>選択範囲に複数の設定が含まれています</string>
< 		<string>Selection contains multiple settings</string>
> 		<string>選択範囲に複数の設定が含まれています</string>
< 		<string>Selection contains multiple settings</string>
> 		<string>選択範囲に複数の設定が含まれています</string>
< 		<string>Selection contains multiple settings</string>
> 		<string>選択範囲に複数の設定が含まれています</string>
< 		<string>Selection contains multiple settings</string>
> 		<string>選択範囲に複数の設定が含まれています</string>
< 		<string>Selection contains multiple settings</string>
> 		<string>選択範囲に複数の設定が含まれています</string>
< 		<string>Selection contains multiple settings</string>
> 		<string>選択範囲に複数の設定が含まれています</string>
< 		<string>Selection contains multiple settings</string>
> 		<string>選択範囲に複数の設定が含まれています</string>
< 		<string>Selection contains multiple settings</string>
> 		<string>選択範囲に複数の設定が含まれています</string>
< 		<string>Selection contains multiple settings</string>
> 		<string>選択範囲に複数の設定が含まれています</string>
< 		<string>Selection contains multiple settings</string>
> 		<string>選択範囲に複数の設定が含まれています</string>
< 		<string>Selection contains multiple settings</string>
> 		<string>選択範囲に複数の設定が含まれています</string>
< 		<string>Selection contains multiple settings</string>
> 		<string>選択範囲に複数の設定が含まれています</string>
< 		<string>Selection contains multiple settings</string>
> 		<string>選択範囲に複数の設定が含まれています</string>
< 		<string>Selection contains multiple settings</string>
> 		<string>選択範囲に複数の設定が含まれています</string>
< 		<string>Selection contains multiple settings</string>
> 		<string>選択範囲に複数の設定が含まれています</string>
< 		<string>Selection contains multiple settings</string>
> 		<string>選択範囲に複数の設定が含まれています</string>
< 		<string>Selection contains multiple settings</string>
> 		<string>選択範囲に複数の設定が含まれています</string>
< 		<string>Selection contains multiple settings</string>
> 		<string>選択範囲に複数の設定が含まれています</string>
< 		<string>Selection contains multiple settings</string>
> 		<string>選択範囲に複数の設定が含まれています</string>
< 		<string>Selection contains multiple settings</string>
> 		<string>選択範囲に複数の設定が含まれています</string>
< 		<string>Selection contains multiple settings</string>
> 		<string>選択範囲に複数の設定が含まれています</string>
< 		<string>Selection contains multiple settings</string>
> 		<string>選択範囲に複数の設定が含まれています</string>
< 		<string>Selection contains multiple settings</string>
> 		<string>選択範囲に複数の設定が含まれています</string>
< 		<string>Selection contains multiple settings</string>
> 		<string>選択範囲に複数の設定が含まれています</string>
< 		<string>Selection contains multiple settings</string>
> 		<string>選択範囲に複数の設定が含まれています</string>
< 		<string>Selection contains multiple settings</string>
> 		<string>選択範囲に複数の設定が含まれています</string>
< 		<string>Selection contains multiple settings</string>
> 		<string>選択範囲に複数の設定が含まれています</string>
< 		<string>Selection contains multiple smallest file size options</string>
> 		<string>選択範囲に複数の調整方式が含まれています</string>
< 		<string>Use Zip compression where it results in smaller file sizes. Files may not be compatible with some third party applications.</string>
> 		<string>選択範囲に高度なブレンディング方式が複数含まれています</string>
