< 		<string>Spacing:</string>
> 		<string>간격:</string>
< 		<string>Divisions:</string>
> 		<string>구획:</string>
< 		<string>Gutter:</string>
> 		<string>여백:</string>
< 		<string>Aspect ratio:</string>
> 		<string>종횡비:</string>
< 		<string>Angle:</string>
> 		<string>각도:</string>
< 		<string>Second axis</string>
> 		<string>두 번째 축</string>
< 		<string>Spacing:</string>
> 		<string>간격:</string>
< 		<string>Divisions:</string>
> 		<string>구획:</string>
< 		<string>First axis</string>
> 		<string>첫 번째 축</string>
< 		<string>Intermediate angles:</string>
> 		<string>사이 각도:</string>
< 		<string>Do not add</string>
> 		<string>추가하지 않음</string>
< 		<string>Add for constraining</string>
> 		<string>규제 대상에 추가</string>
< 		<string>Add for snapping</string>
> 		<string>스내핑 대상에 추가</string>
< 		<string>Plane perpendicular axis:</string>
> 		<string>평면 직교 축:</string>
< 		<string>Do not add</string>
> 		<string>추가하지 않음</string>
< 		<string>Add for constraining</string>
> 		<string>규제 대상에 추가</string>
< 		<string>Add for snapping</string>
> 		<string>스내핑 대상에 추가</string>
< 		<string>Horizontal axis:</string>
> 		<string>가로 축:</string>
< 		<string>Do not add</string>
> 		<string>추가하지 않음</string>
< 		<string>Add for constraining</string>
> 		<string>규제 대상에 추가</string>
< 		<string>Add for snapping</string>
> 		<string>스내핑 대상에 추가</string>
< 		<string>Vertical axis:</string>
> 		<string>세로 축:</string>
< 		<string>Do not add</string>
> 		<string>추가하지 않음</string>
< 		<string>Add for constraining</string>
> 		<string>규제 대상에 추가</string>
< 		<string>Add for snapping</string>
> 		<string>스내핑 대상에 추가</string>
< 		<string>Snapping axis setup</string>
> 		<string>스내핑 축 설정</string>
< 		<string>Spacing:</string>
> 		<string>간격:</string>
< 		<string>Divisions:</string>
> 		<string>구획:</string>
< 		<string>Aspect ratio:</string>
> 		<string>종횡비:</string>
< 		<string>Up axis</string>
> 		<string>위쪽 축</string>
< 		<string>Grid type:</string>
> 		<string>격자 종류:</string>
< 		<string>Standard</string>
> 		<string>표준</string>
< 		<string>Isometric</string>
> 		<string>등각투상</string>
< 		<string>2:1 Isometric</string>
> 		<string>2:1 등각투상</string>
< 		<string>Oblique</string>
> 		<string>사투상</string>
< 		<string>First axis</string>
> 		<string>첫 번째 축</string>
< 		<string>Grid setup</string>
> 		<string>격자 설정</string>
< 		<string>Angle too close to first and second axis angle</string>
> 		<string>첫 번째 및 두 번째 축 각도와 너무 가깝습니다.</string>
< 		<string>Angle too close to first axis angle</string>
> 		<string>첫 번째 축 각도와 너무 가깝습니다.</string>
< 		<string>Angle too close to first axis angle</string>
> 		<string>첫 번째 축 각도와 너무 가깝습니다.</string>
< 		<string>Angle too close to second axis angle</string>
> 		<string>두 번째 축 각도와 너무 가깝습니다.</string>
