< 		<string>Edit Table Format</string>
> 		<string>テーブルフォーマットの編集</string>
< 		<string>Name:</string>
> 		<string>名前:</string>
< 		<string>Cell Formats</string>
> 		<string>セルフォーマット</string>
< 		<string>Cancel</string>
> 		<string>キャンセル</string>
< 		<string>Text Cell</string>
> 		<string>テキストセル</string>
< 		<string>Apply style to selection</string>
> 		<string>スタイルを選択範囲に適用</string>
> 		<string>名前:</string>
< 		<string>Fill:</string>
> 		<string>塗りつぶし:</string>
< 		<string>Button</string>
> 		<string>ボタン</string>
< 		<string>Border:</string>
> 		<string>枠線:</string>
> 		<string>ボタン</string>
< 		<string>Reset</string>
> 		<string>リセット</string>
< 		<string>Left:</string>
> 		<string>左:</string>
< 		<string>Top:</string>
> 		<string>上:</string>
< 		<string>Right:</string>
> 		<string>右:</string>
< 		<string>Bottom:</string>
> 		<string>下:</string>
< 		<string>Style:</string>
> 		<string>スタイル:</string>
< 		<string>{{50, 6}, {214, 26}}</string>
> 		<string>{{50, 6}, {214, 25}}</string>
< 		<string>Item 1</string>
> 		<string>アイテム1</string>
< 		<string>Item 2</string>
> 		<string>アイテム2</string>
< 		<string>Item 3</string>
> 		<string>アイテム3</string>
> 		<string>ボタン</string>
< 		<string>Stroke:</string>
> 		<string>境界線:</string>
> 		<string>ボタン</string>
> 		<string>塗りつぶし:</string>
< 		<string>Insets</string>
> 		<string>インセット</string>
> 		<string>上:</string>
> 		<string>右:</string>
> 		<string>下:</string>
> 		<string>左:</string>
< 		<string>Text</string>
> 		<string>テキスト</string>
< 		<string>Name</string>
> 		<string>名前</string>
< 		<string>Frame</string>
> 		<string>フレーム</string>
> 		<string>インセット</string>
< 		<string>Vertical Alignment</string>
> 		<string>垂直方向揃え</string>
< 		<string>Stroke and Fill</string>
> 		<string>境界線と塗りつぶし</string>
< 		<string>Table View Cell</string>
> 		<string>テーブルビューセル</string>
< 		<string>Add Column</string>
> 		<string>すべて</string>
< 		<string>Add Row</string>
> 		<string>すべて垂直方向</string>
< 		<string>All</string>
> 		<string>すべて水平方向</string>
< 		<string>All horizontal</string>
> 		<string>インセットのリンク</string>
< 		<string>All vertical</string>
> 		<string>インセットのリンク</string>
< 		<string>Bottom</string>
> 		<string>インセットのリンク</string>
< 		<string>Bottom Text Inset</string>
> 		<string>フレームの塗りつぶし</string>
< 		<string>Bottom Text Inset</string>
> 		<string>フレームの塗りつぶし</string>
< 		<string>Delete Column</string>
> 		<string>フレーム境界線</string>
< 		<string>Delete Row</string>
> 		<string>フレーム境界線</string>
< 		<string>Frame Fill</string>
> 		<string>フレーム境界線の塗りつぶし</string>
< 		<string>Frame Fill</string>
> 		<string>フレーム境界線の塗りつぶし</string>
< 		<string>Frame Stroke</string>
> 		<string>上</string>
< 		<string>Frame Stroke</string>
> 		<string>上のテキストインセット</string>
< 		<string>Frame Stroke Fill</string>
> 		<string>上のテキストインセット</string>
< 		<string>Frame Stroke Fill</string>
> 		<string>下</string>
< 		<string>Inside</string>
> 		<string>下のテキストインセット</string>
< 		<string>Inside horizontal</string>
> 		<string>下のテキストインセット</string>
< 		<string>Inside vertical</string>
> 		<string>内側</string>
< 		<string>Left</string>
> 		<string>内側垂直方向</string>
< 		<string>Left Text Inset</string>
> 		<string>内側水平方向</string>
< 		<string>Left Text Inset</string>
> 		<string>列の追加</string>
< 		<string>Link Insets</string>
> 		<string>列を削除</string>
< 		<string>Link Insets</string>
> 		<string>右</string>
< 		<string>Link Insets</string>
> 		<string>右のテキストインセット</string>
< 		<string>Outside</string>
> 		<string>右のテキストインセット</string>
< 		<string>Outside horizontal</string>
> 		<string>外側</string>
< 		<string>Outside vertical</string>
> 		<string>外側垂直方向</string>
< 		<string>Right</string>
> 		<string>外側水平方向</string>
< 		<string>Right Text Inset</string>
> 		<string>左</string>
< 		<string>Right Text Inset</string>
> 		<string>左のテキストインセット</string>
< 		<string>Top</string>
> 		<string>左のテキストインセット</string>
< 		<string>Top Text Inset</string>
> 		<string>行の追加</string>
< 		<string>Top Text Inset</string>
> 		<string>行を削除</string>
< 		<string>Edit Table Format</string>
> 		<string>テーブルフォーマットの編集</string>
