1217c1217
< 		<string>Open Recent</string>
---
> 		<string>최근 사용 열기</string>
1268c1268
< 		<string>Clear Menu</string>
---
> 		<string>메뉴 지우기</string>
1407c1407
< 		<string>Views</string>
---
> 		<string>뷰</string>
1456c1456
< 		<string>Studio</string>
---
> 		<string>작업실</string>
1521c1521
< 		<string>Show Left Studio</string>
---
> 		<string>왼쪽 작업실 나타내기</string>
1556c1556
< 		<string>Show Right Studio</string>
---
> 		<string>오른쪽 작업실 나타내기</string>
1632c1632
< 		<string>Hide Studio</string>
---
> 		<string>작업실 가리기</string>
1668c1668
< 		<string>Reset Studio</string>
---
> 		<string>작업실 재설정</string>
1713c1713
< 		<string>Share</string>
---
> 		<string>공유</string>
1810c1810
< 		<string>Minimize</string>
---
> 		<string>최소화</string>
1875c1875
< 		<string>Zoom</string>
---
> 		<string>맞추기</string>
1935c1935
< 		<string>Toggle Full Screen</string>
---
> 		<string>전체화면</string>
2026c2026
< 		<string>Hide Others</string>
---
> 		<string>기타 가리기</string>
2087c2087
< 		<string>Preferences…</string>
---
> 		<string>환경설정…</string>
2148c2148
< 		<string>Quit</string>
---
> 		<string>Designer 종료</string>
2217c2217
< 		<string>Show All</string>
---
> 		<string>모두 보기</string>
2272c2272
< 		<string>Hide</string>
---
> 		<string>Designer 가리기</string>
2330c2330
< 		<string>About…</string>
---
> 		<string>Designer에 관하여…</string>
2407c2407
< 		<string>Redo</string>
---
> 		<string>실행 취소</string>
2463c2463
< 		<string>Copy</string>
---
> 		<string>복사</string>
2519c2519
< 		<string>Paste</string>
---
> 		<string>붙이기</string>
2575c2575
< 		<string>Cut</string>
---
> 		<string>오려두기</string>
2636c2636
< 		<string>Undo</string>
---
> 		<string>실행 취소</string>
2709c2709
< 		<string>Select All</string>
---
> 		<string>전체 선택</string>
2763c2763
< 		<string>Delete</string>
---
> 		<string>지우기</string>
2841c2841
< 		<string>Save As…</string>
---
> 		<string>다른 이름으로 저장…</string>
2900c2900
< 		<string>Edit in Photo…</string>
---
> 		<string>Photo에서 편집…</string>
2960c2960
< 		<string>Close</string>
---
> 		<string>닫기</string>
3021c3021
< 		<string>Document Setup…</string>
---
> 		<string>문서 설정…</string>
3082c3082
< 		<string>New</string>
---
> 		<string>신규</string>
3143c3143
< 		<string>Open…</string>
---
> 		<string>열기…</string>
3204c3204
< 		<string>Print…</string>
---
> 		<string>인쇄…</string>
3298c3298
< 		<string>Customise Tools…</string>
---
> 		<string>도구 사용자화…</string>
3358c3358
< 		<string>Customise Toolbar…</string>
---
> 		<string>툴바 사용자화…</string>
3418c3418
< 		<string>Show Toolbar</string>
---
> 		<string>툴바 나타내기</string>
3501c3501
< 		<string>Affinity Designer Help</string>
---
> 		<string>Affinity Designer 도움말</string>
3579c3579
< 		<string>Ungroup</string>
---
> 		<string>그룹 해제</string>
3640c3640
< 		<string>Group</string>
---
> 		<string>그룹</string>
3701c3701
< 		<string>Duplicate</string>
---
> 		<string>복제</string>
3762c3762
< 		<string>Zoom to Fit</string>
---
> 		<string>화면 크기에 맞추기</string>
3895c3895
< 		<string>Show Margins</string>
---
> 		<string>여백선 나타내기</string>
3955c3955
< 		<string>Show Guides</string>
---
> 		<string>안내선 나타내기</string>
4016c4016
< 		<string>Show Grid</string>
---
> 		<string>격자선 나타내기</string>
4075c4075
< 		<string>New View</string>
---
> 		<string>새로운 뷰</string>
4152c4152
< 		<string>Pixels</string>
---
> 		<string>픽셀</string>
4213c4213
< 		<string>Lock</string>
---
> 		<string>잠금</string>
4274c4274
< 		<string>Unlock</string>
---
> 		<string>잠금 해제</string>
4352c4352
< 		<string>Align Left</string>
---
> 		<string>왼쪽 정렬</string>
4425c4425
< 		<string>Align Centre</string>
---
> 		<string>가운데 정렬</string>
4483c4483
< 		<string>Justify Centre</string>
---
> 		<string>가운데 균등 정렬</string>
4543c4543
< 		<string>Align Right</string>
---
> 		<string>오른쪽 정렬</string>
4628c4628
< 		<string>Bold</string>
---
> 		<string>볼드체</string>
4689c4689
< 		<string>Italic</string>
---
> 		<string>이탤릭체</string>
4750c4750
< 		<string>Underline</string>
---
> 		<string>밑줄</string>
4826c4826
< 		<string>Use Default</string>
---
> 		<string>기준선 재설정</string>
4886c4886
< 		<string>Superscript</string>
---
> 		<string>윗첨자</string>
4947c4947
< 		<string>Subscript</string>
---
> 		<string>아랫첨자</string>
5023c5023
< 		<string>Use None</string>
---
> 		<string>합자 없음</string>
5214c5214
< 		<string>Tighten</string>
---
> 		<string>좁게</string>
5275c5275
< 		<string>Loosen More</string>
---
> 		<string>더 넓게</string>
5334c5334
< 		<string>Create Style</string>
---
> 		<string>스타일 생성</string>
5394c5394
< 		<string>Convert to Curves</string>
---
> 		<string>곡선으로 전환</string>
5466c5466
< 		<string>Place…</string>
---
> 		<string>다른 문서 넣기…</string>
5524c5524
< 		<string>Snapping Manager…</string>
---
> 		<string>스내핑 관리자…</string>
5579c5579
< 		<string>Paste Style</string>
---
> 		<string>스타일 붙이기</string>
5640c5640
< 		<string>Zoom In</string>
---
> 		<string>확대</string>
5700c5700
< 		<string>Zoom Out</string>
---
> 		<string>축소</string>
5758c5758
< 		<string>Rasterise…</string>
---
> 		<string>래스터화…</string>
5816c5816
< 		<string>Assistant Manager…</string>
---
> 		<string>손쉬운 사용 관리자…</string>
5874c5874
< 		<string>Vector</string>
---
> 		<string>벡터</string>
6084c6084
< 		<string>Show Character</string>
---
> 		<string>서체 작업실</string>
6144c6144
< 		<string>Media Browser…</string>
---
> 		<string>미디어 브라우저…</string>
6264c6264
< 		<string>Show Rulers</string>
---
> 		<string>눈금자 나타내기</string>
6322c6322
< 		<string>Apple Colour Picker...</string>
---
> 		<string>Apple 색상 선택기...</string>
6399c6399
< 		<string>Line Break</string>
---
> 		<string>줄바꿈</string>
6457c6457
< 		<string>Em Space</string>
---
> 		<string>전각 공백</string>
6515c6515
< 		<string>En Space</string>
---
> 		<string>반각 공백</string>
6573c6573
< 		<string>Non-Breaking Hyphen</string>
---
> 		<string>줄 바꿈 없는 하이픈</string>
6631c6631
< 		<string>Zero Width Space</string>
---
> 		<string>폭 없는 공백</string>
6689c6689
< 		<string>Soft Hyphen</string>
---
> 		<string>하이픈</string>
6749c6749
< 		<string>Non-Breaking Space</string>
---
> 		<string>줄 바꿈 없는 공백</string>
6825c6825
< 		<string>None</string>
---
> 		<string>없음</string>
6883c6883
< 		<string>Small Caps</string>
---
> 		<string>작은 대문자</string>
6941c6941
< 		<string>All Caps</string>
---
> 		<string>모두 대문자</string>
6999c6999
< 		<string>Reset Rotation</string>
---
> 		<string>회전 재설정</string>
7134c7134
< 		<string>Set No Paragraph Style</string>
---
> 		<string>문단 스타일 벗기기</string>
7209c7209
< 		<string>Ignore Text Wraps</string>
---
> 		<string>줄바꿈 무시</string>
7286c7286
< 		<string>Move Back One</string>
---
> 		<string>뒤로 보내기</string>
7355c7355
< 		<string>Paste Inside</string>
---
> 		<string>안으로 붙이기</string>
7503c7503
< 		<string>Unlock All</string>
---
> 		<string>모두 잠금 해제</string>
7578c7578
< 		<string>Recolour</string>
---
> 		<string>재색상</string>
7636c7636
< 		<string>Insert Filler Text</string>
---
> 		<string>Lorem Ipsum</string>
7694c7694
< 		<string>Tight</string>
---
> 		<string>좁게</string>
7754c7754
< 		<string>Lower Baseline</string>
---
> 		<string>기준선 내리기</string>
7813c7813
< 		<string>Strikeout</string>
---
> 		<string>취소선</string>
7890c7890
< 		<string>Precise Bigger</string>
---
> 		<string>정밀하게 늘리기</string>
8050c8050
< 		<string>Flip Vertical</string>
---
> 		<string>세로 뒤집기</string>
8108c8108
< 		<string>Show Glyph Browser</string>
---
> 		<string>문자 탐색 작업실</string>
8183c8183
< 		<string>Synchronise from Selection</string>
---
> 		<string>선택 항목에서 기본값 동기화</string>
8241c8241
< 		<string>Show Context Toolbar</string>
---
> 		<string>상황별 툴바 나타내기</string>
8318c8318
< 		<string>Precise Decrease</string>
---
> 		<string>정밀하게 줄이기</string>
8374c8374
< 		<string>Paste FX</string>
---
> 		<string>효과 붙이기</string>
8432c8432
< 		<string>Colour Balance</string>
---
> 		<string>색상 밸런스</string>
8507c8507
< 		<string>Distribute Horizontally</string>
---
> 		<string>가로 분배</string>
8565c8565
< 		<string>Figure Dash</string>
---
> 		<string>숫자 줄표</string>
8623c8623
< 		<string>Align Centre</string>
---
> 		<string>가로 가운데 정렬</string>
8681c8681
< 		<string>Align Top</string>
---
> 		<string>위로 정렬</string>
8741c8741
< 		<string>New Pixel Layer</string>
---
> 		<string>새로운 픽셀 레이어</string>
8800c8800
< 		<string>Clip to Canvas</string>
---
> 		<string>캔버스에 클립</string>
8859c8859
< 		<string>Delete Paragraph Style</string>
---
> 		<string>문단 스타일 지우기</string>
8919c8919
< 		<string>New From Clipboard</string>
---
> 		<string>클립보드에서 신규</string>
9007c9007
< 		<string>Check Spelling</string>
---
> 		<string>철자 확인</string>
9065c9065
< 		<string>Split View</string>
---
> 		<string>분할 뷰 모드</string>
9140c9140
< 		<string>Top</string>
---
> 		<string>위로</string>
9215c9215
< 		<string>Default</string>
---
> 		<string>기본값</string>
9275c9275
< 		<string>Release Compound</string>
---
> 		<string>결합 해제</string>
9335c9335
< 		<string>Select Previous</string>
---
> 		<string>이전 항목 선택</string>
9393c9393
< 		<string>Space Horizontally</string>
---
> 		<string>가로 공간</string>
9509c9509
< 		<string>Inside</string>
---
> 		<string>안으로</string>
9650c9650
< 		<string>Justify Left</string>
---
> 		<string>왼쪽 균등 정렬</string>
9709c9709
< 		<string>Detach and Delete All Styles</string>
---
> 		<string>모든 스타일 벗기고 삭제</string>
9769c9769
< 		<string>En Dash</string>
---
> 		<string>반각 줄표</string>
9829c9829
< 		<string>Decrease</string>
---
> 		<string>줄이기</string>
9905c9905
< 		<string>Intersect</string>
---
> 		<string>교차</string>
9963c9963
< 		<string>Import Text Styles…</string>
---
> 		<string>문자 스타일 불러오기…</string>
10023c10023
< 		<string>Move to Front</string>
---
> 		<string>맨 앞으로 가져오기</string>
10082c10082
< 		<string>Rotate Right</string>
---
> 		<string>오른쪽으로 회전</string>
10142c10142
< 		<string>New Layer</string>
---
> 		<string>새로운 레이어</string>
10200c10200
< 		<string>Rotate Left</string>
---
> 		<string>왼쪽으로 회전</string>
10258c10258
< 		<string>Show</string>
---
> 		<string>보기</string>
10316c10316
< 		<string>Brightness / Contrast</string>
---
> 		<string>명암 / 대비</string>
10489c10489
< 		<string>Welcome...</string>
---
> 		<string>환영...</string>
10547c10547
< 		<string>Space Vertically</string>
---
> 		<string>세로 공간</string>
10605c10605
< 		<string>Create Character Style</string>
---
> 		<string>문자 스타일 생성</string>
10665c10665
< 		<string>Tighten More</string>
---
> 		<string>더 좁게</string>
10783c10783
< 		<string>Curves</string>
---
> 		<string>곡선</string>
10842c10842
< 		<string>Single View</string>
---
> 		<string>단일 뷰 모드</string>
10900c10900
< 		<string>Divide</string>
---
> 		<string>분할</string>
11019c11019
< 		<string>Revert</string>
---
> 		<string>되돌리기</string>
11077c11077
< 		<string>Pixel Persona</string>
---
> 		<string>픽셀 페르소나</string>
11135c11135
< 		<string>Separated Mode</string>
---
> 		<string>분리 모드</string>
11195c11195
< 		<string>Precise Lower Baseline</string>
---
> 		<string>기준선 정밀하게 내리기</string>
11254c11254
< 		<string>Align Bottom</string>
---
> 		<string>아래로 정렬</string>
11312c11312
< 		<string>Update Paragraph Style</string>
---
> 		<string>문단 스타일 업데이트</string>
11428c11428
< 		<string>Gradient Map</string>
---
> 		<string>그레이디언트 맵</string>
11486c11486
< 		<string>Guides Manager…</string>
---
> 		<string>안내선 관리자…</string>
11544c11544
< 		<string>Exposure</string>
---
> 		<string>노출</string>
11604c11604
< 		<string>Raise Baseline</string>
---
> 		<string>기준선 올리기</string>
11723c11723
< 		<string>Precise Smaller</string>
---
> 		<string>정밀하게 줄이기</string>
11782c11782
< 		<string>Set No Character Style</string>
---
> 		<string>문자 스타일 벗기기</string>
11842c11842
< 		<string>Invert Pixel Selection</string>
---
> 		<string>픽셀 선택 항목 반전</string>
11959c11959
< 		<string>Rotate Right</string>
---
> 		<string>시계방향으로 회전</string>
12017c12017
< 		<string>Shadows / Highlights</string>
---
> 		<string>그림자 / 빛</string>
12077c12077
< 		<string>Bigger</string>
---
> 		<string>늘리기</string>
12135c12135
< 		<string>Export Persona</string>
---
> 		<string>출력 페르소나</string>
12251c12251
< 		<string>Support...</string>
---
> 		<string>지원...</string>
12309c12309
< 		<string>Toggle UI</string>
---
> 		<string>UI 가리기</string>
12368c12368
< 		<string>Justify</string>
---
> 		<string>맞춤</string>
12443c12443
< 		<string>On App Screen</string>
---
> 		<string>응용프로그램 화면</string>
12501c12501
< 		<string>Reapply Text Styles</string>
---
> 		<string>텍스트 스타일 재적용</string>
12559c12559
< 		<string>Show Paragraph</string>
---
> 		<string>문단 작업실</string>
12617c12617
< 		<string>Distribute Vertically</string>
---
> 		<string>세로 분배</string>
12675c12675
< 		<string>Reveal in Finder</string>
---
> 		<string>Finder에서 찾기</string>
12733c12733
< 		<string>Move to Next View Point</string>
---
> 		<string>다음 뷰 포인트로 이동</string>
12791c12791
< 		<string>Invert</string>
---
> 		<string>반전</string>
12849c12849
< 		<string>Save</string>
---
> 		<string>저장</string>
12909c12909
< 		<string>Increase</string>
---
> 		<string>늘리기</string>
12968c12968
< 		<string>Threshold</string>
---
> 		<string>역치</string>
13143c13143
< 		<string>Promote Group to Layer</string>
---
> 		<string>그룹을 레이어로 승격</string>
13203c13203
< 		<string>Export…</string>
---
> 		<string>출력…</string>
13321c13321
< 		<string>Precise Raise Baseline</string>
---
> 		<string>기준선 정밀하게 올리기</string>
13380c13380
< 		<string>Tutorial...</string>
---
> 		<string>튜토리얼...</string>
13438c13438
< 		<string>Convert Object to Artboard</string>
---
> 		<string>오브젝트를 아트보드로 전환</string>
13498c13498
< 		<string>Spelling Options…</string>
---
> 		<string>철자 설정…</string>
13556c13556
< 		<string>Convert Artboard to Object</string>
---
> 		<string>아트보드를 오브젝트로 전환</string>
13614c13614
< 		<string>Expand Stroke</string>
---
> 		<string>획 확장</string>
13672c13672
< 		<string>Create Compound</string>
---
> 		<string>결합 생성</string>
13845c13845
< 		<string>Merge All Windows</string>
---
> 		<string>모든 윈도우 합치기</string>
13903c13903
< 		<string>Create Paragraph Style</string>
---
> 		<string>문단 스타일 생성</string>
13961c13961
< 		<string>Save Text Styles as Default</string>
---
> 		<string>문자 스타일을 기본값으로 저장</string>
14019c14019
< 		<string>Justify Right</string>
---
> 		<string>오른쪽 균등 정렬</string>
14077c14077
< 		<string>Lens Filter</string>
---
> 		<string>렌즈 필터</string>
14135c14135
< 		<string>Flip Horizontal</string>
---
> 		<string>가로 뒤집기</string>
14193c14193
< 		<string>Bottom</string>
---
> 		<string>아래</string>
14310c14310
< 		<string>Show Typography</string>
---
> 		<string>타이포그래피 작업실</string>
14369c14369
< 		<string>Save History With Document</string>
---
> 		<string>편집 기록 저장</string>
14427c14427
< 		<string>Layer Effects…</string>
---
> 		<string>레이어 효과…</string>
14485c14485
< 		<string>Align Middle</string>
---
> 		<string>세로 가운데 정렬</string>
14543c14543
< 		<string>Add</string>
---
> 		<string>추가</string>
14603c14603
< 		<string>Zoom to Selection</string>
---
> 		<string>선택 항목에 맞추기</string>
14661c14661
< 		<string>Use All</string>
---
> 		<string>모두 합자</string>
14721c14721
< 		<string>Pixel Size</string>
---
> 		<string>픽셀 크기</string>
14782c14782
< 		<string>Move to Back</string>
---
> 		<string>맨 뒤로 보내기</string>
14842c14842
< 		<string>Deselect</string>
---
> 		<string>선택 해제</string>
14901c14901
< 		<string>White Balance</string>
---
> 		<string>화이트 밸런스</string>
14959c14959
< 		<string>Move to Previous View Point</string>
---
> 		<string>이전 뷰 포인트로 이동</string>
15017c15017
< 		<string>Combine</string>
---
> 		<string>배타</string>
15075c15075
< 		<string>Show Text Styles</string>
---
> 		<string>텍스트 스타일 작업실</string>
15133c15133
< 		<string>Convert to Text Frame</string>
---
> 		<string>텍스트 액자로 전환</string>
15193c15193
< 		<string>Loosen</string>
---
> 		<string>넓게</string>
15252c15252
< 		<string>Centre</string>
---
> 		<string>가운데</string>
15312c15312
< 		<string>Pixels (Retina)</string>
---
> 		<string>픽셀 (레티나)</string>
15371c15371
< 		<string>Posterise</string>
---
> 		<string>포스터화</string>
15429c15429
< 		<string>Grid and Axis Manager…</string>
---
> 		<string>격자선 관리자…</string>
15487c15487
< 		<string>Check Spelling While Typing</string>
---
> 		<string>작성하는 동안 철자 확인</string>
15545c15545
< 		<string>Dock Tools</string>
---
> 		<string>도구 고정</string>
15603c15603
< 		<string>Rasterise to Mask</string>
---
> 		<string>마스크 래스터화</string>
15661c15661
< 		<string>Factory Reset</string>
---
> 		<string>기본값 재설정</string>
15721c15721
< 		<string>Em Dash</string>
---
> 		<string>전각 줄표</string>
15779c15779
< 		<string>Find in Layers Panel</string>
---
> 		<string>레이어 목록에서 찾기</string>
15837c15837
< 		<string>Rotate Left</string>
---
> 		<string>반시계방향으로 회전</string>
15895c15895
< 		<string>Justify All</string>
---
> 		<string>양쪽 균등 정렬</string>
15955c15955
< 		<string>Smaller</string>
---
> 		<string>줄이기</string>
16015c16015
< 		<string>Move Forward One</string>
---
> 		<string>앞으로 가져오기</string>
16073c16073
< 		<string>Update Character Style</string>
---
> 		<string>문자 스타일 업데이트</string>
16131c16131
< 		<string>Insert Text from File…</string>
---
> 		<string>파일에서 텍스트 삽입하기…</string>
16189c16189
< 		<string>Ignore Misspelt Word</string>
---
> 		<string>철자 오류 무시</string>
16362c16362
< 		<string>Selective Colour</string>
---
> 		<string>색상 선택</string>
16483c16483
< 		<string>Ungroup All</string>
---
> 		<string>모든 그룹 해제</string>
16541c16541
< 		<string>Show Tools</string>
---
> 		<string>도구 나타내기</string>
16657c16657
< 		<string>Channel Mixer</string>
---
> 		<string>채널 혼합</string>
16717c16717
< 		<string>Black &amp; White</string>
---
> 		<string>흑백</string>
16776c16776
< 		<string>Subtract</string>
---
> 		<string>제거</string>
16834c16834
< 		<string>Vibrance</string>
---
> 		<string>활기</string>
16892c16892
< 		<string>Soft Proof</string>
---
> 		<string>미리보기</string>
17010c17010
< 		<string>Behind</string>
---
> 		<string>뒤로</string>
17070c17070
< 		<string>Outline</string>
---
> 		<string>윤곽</string>
17130c17130
< 		<string>Actual Size</string>
---
> 		<string>실제 크기</string>
17191c17191
< 		<string>Precise Increase</string>
---
> 		<string>정밀하게 늘리기</string>
17250c17250
< 		<string>Always Show Selection in Layers Panel </string>
---
> 		<string>항상 레이어 목록에서 선택 항목 나타내기</string>
17308c17308
< 		<string>Delete Character Style</string>
---
> 		<string>문자 스타일 지우기</string>
17368c17368
< 		<string>Select Next</string>
---
> 		<string>다음 항목 선택</string>
17480c17480
< 		<string>Paste Without Format</string>
---
> 		<string>포맷 없이 붙이기</string>
17538c17538
< 		<string>Levels</string>
---
> 		<string>레벨</string>
17596c17596
< 		<string>Convert to Text Path</string>
---
> 		<string>텍스트 경로로 전환</string>
19408c19408
< 		<string>Persona</string>
---
> 		<string>페르소나</string>
19645c19645
< 		<string>Services</string>
---
> 		<string>서비스</string>
19810c19810
< 		<string>File</string>
---
> 		<string>파일</string>
20390c20390
< 		<string>Edit</string>
---
> 		<string>편집</string>
20588c20588
< 		<string>Defaults</string>
---
> 		<string>기본값</string>
20664c20664
< 		<string>Text</string>
---
> 		<string>문자</string>
20866,20867c20866,20867
< 		<string>Character Traits</string>
< 		<string>Character Traits</string>
---
> 		<string>문자 특성</string>
> 		<string>문자 특성</string>
20944c20944
< 		<string>Size</string>
---
> 		<string>크기</string>
21020c21020
< 		<string>Spacing</string>
---
> 		<string>자간</string>
21146c21146
< 		<string>Ligatures</string>
---
> 		<string>합자</string>
21218c21218
< 		<string>Baseline</string>
---
> 		<string>기준선</string>
21348,21349c21348,21349
< 		<string>Capitalisation</string>
< 		<string>Capitalisation</string>
---
> 		<string>대문자화</string>
> 		<string>대문자화</string>
21459c21459
< 		<string>Alignment</string>
---
> 		<string>정렬</string>
21589,21590c21589,21590
< 		<string>Paragraph Leading</string>
< 		<string>Paragraph Leading</string>
---
> 		<string>줄간격</string>
> 		<string>줄간격</string>
21704c21704
< 		<string>Text Styles</string>
---
> 		<string>텍스트 스타일</string>
21931,21932c21931,21932
< 		<string>Insert Character</string>
< 		<string>Insert Character</string>
---
> 		<string>문자 삽입</string>
> 		<string>문자 삽입</string>
22196,22197c22196,22197
< 		<string>Vertical Alignment</string>
< 		<string>Vertical Alignment</string>
---
> 		<string>세로 정렬</string>
> 		<string>세로 정렬</string>
22311c22311
< 		<string>Spelling</string>
---
> 		<string>철자</string>
22473c22473
< 		<string>Layer</string>
---
> 		<string>레이어</string>
22769c22769
< 		<string>Arrange</string>
---
> 		<string>순서</string>
23070c23070
< 		<string>Geometry</string>
---
> 		<string>기하</string>
23150c23150
< 		<string>Transform</string>
---
> 		<string>변형</string>
23268c23268
< 		<string>Insertion</string>
---
> 		<string>삽입</string>
23382,23383c23382,23383
< 		<string>New Adjustment</string>
< 		<string>New Adjustment</string>
---
> 		<string>새로운 조정</string>
> 		<string>새로운 조정</string>
23839c23839
< 		<string>Fill Mode</string>
---
> 		<string>채우기 모드</string>
23909c23909
< 		<string>Select</string>
---
> 		<string>선택</string>
24035c24035
< 		<string>View</string>
---
> 		<string>뷰</string>
24359c24359
< 		<string>View Mode</string>
---
> 		<string>뷰 모드</string>
24977c24977
< 		<string>Window</string>
---
> 		<string>윈도우</string>
25144c25144
< 		<string>Bring All to Front</string>
---
> 		<string>모두 앞으로 가져오기</string>
25304c25304
< 		<string>Help</string>
---
> 		<string>도움말</string>
25612c25612
< 		<string>Text Wrap</string>
---
> 		<string>줄바꿈</string>
