2c2
< "Levels" = "Levels";
---
> "Levels" = "레벨";
5c5
< "Default" = "Default";
---
> "Default" = "기본값";
8c8
< "Darken" = "Darken";
---
> "Darken" = "어둡게";
11c11
< "Lighten" = "Lighten";
---
> "Lighten" = "밝게";
14c14
< "Default" = "Default";
---
> "Default" = "기본값";
17c17
< "Darken" = "Darken";
---
> "Darken" = "어둡게";
20c20
< "Lighten" = "Lighten";
---
> "Lighten" = "밝게";
26c26
< "Default" = "Default";
---
> "Default" = "기본값";
35c35
< "Default" = "Default";
---
> "Default" = "기본값";
47c47
< "Default" = "Default";
---
> "Default" = "기본값";
50c50
< "Desaturate" = "Desaturate";
---
> "Desaturate" = "채도 낮추기";
56c56
< "Default" = "Default";
---
> "Default" = "기본값";
59c59
< "Desaturate" = "Desaturate";
---
> "Desaturate" = "채도 낮추기";
68c68
< "Default" = "Default";
---
> "Default" = "기본값";
77c77
< "Default" = "Default";
---
> "Default" = "기본값";
89c89
< "Default" = "Default";
---
> "Default" = "기본값";
98c98
< "Default" = "Default";
---
> "Default" = "기본값";
110c110
< "Default" = "Default";
---
> "Default" = "기본값";
125c125
< "Default" = "Default";
---
> "Default" = "기본값";
140c140
< "Posterise" = "Posterise";
---
> "Posterise" = "포스터화";
143c143
< "Default" = "Default";
---
> "Default" = "기본값";
152c152
< "Default" = "Default";
---
> "Default" = "기본값";
161c161
< "Vibrance" = "Vibrance";
---
> "Vibrance" = "활기";
164c164
< "Default" = "Default";
---
> "Default" = "기본값";
173c173
< "Default" = "Default";
---
> "Default" = "기본값";
182c182
< "Exposure" = "Exposure";
---
> "Exposure" = "노출";
185c185
< "Default" = "Default";
---
> "Default" = "기본값";
200c200
< "Default" = "Default";
---
> "Default" = "기본값";
218c218
< "Default" = "Default";
---
> "Default" = "기본값";
233c233
< "Default" = "Default";
---
> "Default" = "기본값";
248c248
< "Threshold" = "Threshold";
---
> "Threshold" = "역치";
251c251
< "Default" = "Default";
---
> "Default" = "기본값";
260c260
< "Default" = "Default";
---
> "Default" = "기본값";
269c269
< "Curves" = "Curves";
---
> "Curves" = "곡선";
272c272
< "Default" = "Default";
---
> "Default" = "기본값";
275c275
< "Default" = "Default";
---
> "Default" = "기본값";
281c281
< "Default" = "Default";
---
> "Default" = "기본값";
284c284
< "Default" = "Default";
---
> "Default" = "기본값";
290c290
< "Default" = "Default";
---
> "Default" = "기본값";
299c299
< "Default" = "Default";
---
> "Default" = "기본값";
311c311
< "Default" = "Default";
---
> "Default" = "기본값";
314c314
< "Default" = "Default";
---
> "Default" = "기본값";
320c320
< "Default" = "Default";
---
> "Default" = "기본값";
323c323
< "Default" = "Default";
---
> "Default" = "기본값";
326c326
< "Invert" = "Invert";
---
> "Invert" = "반전";
329c329
< "Default" = "Default";
---
> "Default" = "기본값";
332c332
< "Default" = "Default";
---
> "Default" = "기본값";
338c338
< "Default" = "Default";
---
> "Default" = "기본값";
350c350
< "Default" = "Default";
---
> "Default" = "기본값";
365c365
< "Default" = "Default";
---
> "Default" = "기본값";
386c386
< "Default" = "Default";
---
> "Default" = "기본값";
410c410
< "Default" = "Default";
---
> "Default" = "기본값";
413c413
< "Default" = "Default";
---
> "Default" = "기본값";
419c419
< "Default" = "Default";
---
> "Default" = "기본값";
422c422
< "Default" = "Default";
---
> "Default" = "기본값";
428c428
< "Default" = "Default";
---
> "Default" = "기본값";
431c431
< "Default" = "Default";
---
> "Default" = "기본값";
