3c3
< "34.title" = "Copy";
---
> "34.title" = "コピー";
6c6
< "35.title" = "Cut";
---
> "35.title" = "カット";
9c9
< "36.title" = "Paste";
---
> "36.title" = "ペースト";
12c12
< "141.title" = "Create Style";
---
> "141.title" = "スタイルを作成";
15c15
< "143.title" = "Convert to Curves";
---
> "143.title" = "カーブに変換";
18c18
< "147.title" = "Layer Effects…";
---
> "147.title" = "レイヤーエフェクト…";
21c21
< "149.title" = "Paste";
---
> "149.title" = "ペースト";
24c24
< "217.title" = "Add to Swatches…";
---
> "217.title" = "スウォッチに追加…";
27c27
< "218.title" = "Add to Swatches…";
---
> "218.title" = "スウォッチに追加…";
30c30
< "0N8-CY-d8Y.title" = "Stretch";
---
> "0N8-CY-d8Y.title" = "ストレッチ";
33c33
< "0T4-D7-ytO.title" = "Separate Curves";
---
> "0T4-D7-ytO.title" = "カーブを分離";
36c36
< "0gv-T3-hTJ.title" = "Paragraph Leading";
---
> "0gv-T3-hTJ.title" = "段落の行送り";
39c39
< "0kp-9j-ZTs.title" = "Add";
---
> "0kp-9j-ZTs.title" = "追加";
42c42
< "0qg-wq-vB1.title" = "Paragraph Leading";
---
> "0qg-wq-vB1.title" = "段落の行送り";
45c45
< "1Cf-33-HkS.title" = "Delete Anchor";
---
> "1Cf-33-HkS.title" = "アンカーを削除";
48c48
< "1JA-h4-qtN.title" = "Soft Hyphen";
---
> "1JA-h4-qtN.title" = "ソフトハイフン";
51c51
< "27b-p3-mrp.title" = "Merge Curves";
---
> "27b-p3-mrp.title" = "カーブを結合";
54c54
< "29L-o9-QX6.title" = "Zoom Out";
---
> "29L-o9-QX6.title" = "ズームアウト";
57c57
< "2Iq-c8-LTY.title" = "Align Right";
---
> "2Iq-c8-LTY.title" = "右揃え";
60c60
< "3tf-se-YlN.title" = "Thin Space";
---
> "3tf-se-YlN.title" = "細いスペース";
63c63
< "41I-Gx-RfJ.title" = "Flip Horizontal";
---
> "41I-Gx-RfJ.title" = "左右反転";
66c66
< "4B7-f7-aAh.title" = "Convert to Image Resource";
---
> "4B7-f7-aAh.title" = "画像をリソースに変換";
69c69
< "4Ll-KN-sKC.title" = "Rotate Right";
---
> "4Ll-KN-sKC.title" = "右に回転";
72c72
< "4oi-qS-42Q.title" = "Alignment";
---
> "4oi-qS-42Q.title" = "行揃え";
75c75
< "4qB-F1-KCm.title" = "Bold";
---
> "4qB-F1-KCm.title" = "太字";
78c78
< "5B5-SS-R2u.title" = "Insert Endnote";
---
> "5B5-SS-R2u.title" = "文末脚注を挿入";
81c81
< "5tr-sf-w1C.title" = "Right Guillemet";
---
> "5tr-sf-w1C.title" = "右二重山括弧";
84c84
< "610-np-gG4.title" = "Rotate Right";
---
> "610-np-gG4.title" = "右に回転";
87c87
< "6DC-vC-82r.title" = "Right Indent Tab";
---
> "6DC-vC-82r.title" = "右インデントタブ";
90c90
< "6SS-nO-Ddq.title" = "Go to Hyperlink Target";
---
> "6SS-nO-Ddq.title" = "ハイパーリンクターゲットに移動";
93c93
< "6de-hM-EqY.title" = "Sentence Case";
---
> "6de-hM-EqY.title" = "センテンスケース";
96c96
< "6uF-o9-ieu.title" = "Convert Notes…";
---
> "6uF-o9-ieu.title" = "ノートを変換…";
99c99
< "7BX-ND-nXy.title" = "Inverted Question Mark";
---
> "7BX-ND-nXy.title" = "逆疑問符";
102c102
< "7CO-0b-tPT.title" = "Copyright";
---
> "7CO-0b-tPT.title" = "著作権";
105c105
< "7Sx-e9-hth.title" = "Cut";
---
> "7Sx-e9-hth.title" = "切り取り";
108c108
< "7cY-AC-2eM.title" = "Double Right Quote";
---
> "7cY-AC-2eM.title" = "右二重引用符";
111c111
< "7gb-6n-2ch.title" = "Insert Footnote";
---
> "7gb-6n-2ch.title" = "脚注を挿入";
114c114
< "7vz-4Z-vOy.title" = "Find in Layers Page";
---
> "7vz-4Z-vOy.title" = "レイヤーページ内で検索";
120c120
< "89W-ed-LIn.title" = "Lower Case";
---
> "89W-ed-LIn.title" = "小文字にする";
123c123
< "8HC-N4-Zh3.title" = "Precise Bigger";
---
> "8HC-N4-Zh3.title" = "厳密な拡大";
126c126
< "8Ma-ZA-zVf.title" = "Delete Hyperlink";
---
> "8Ma-ZA-zVf.title" = "ハイパーリンクを削除";
129c129
< "8Pb-SF-W4T.title" = "Create Slice";
---
> "8Pb-SF-W4T.title" = "スライスを作成";
132c132
< "8YW-Sw-Mwu.title" = "Insert Filler Text";
---
> "8YW-Sw-Mwu.title" = "フィラーテキストを挿入";
135c135
< "8fo-c0-h5z.title" = "Character Traits";
---
> "8fo-c0-h5z.title" = "文字の特性";
138c138
< "8ft-PE-PQz.title" = "Paragraph Marker";
---
> "8ft-PE-PQz.title" = "段落記号";
141c141
< "8t3-Iv-OUG.title" = "Increase";
---
> "8t3-Iv-OUG.title" = "拡大";
144c144
< "8wI-wf-gOv.title" = "Double Base Quote";
---
> "8wI-wf-gOv.title" = "二重ベース引用符";
147c147
< "9CO-xE-bRv.title" = "Find in Layers Panel";
---
> "9CO-xE-bRv.title" = "レイヤーパネル内で検索";
150c150
< "9Zs-Zf-HHC.title" = "From Fill As Global";
---
> "9Zs-Zf-HHC.title" = "塗りつぶしからグローバルとして";
153c153
< "9sr-oM-tXM.title" = "Align Bottom";
---
> "9sr-oM-tXM.title" = "下揃え";
156c156
< "9te-xW-Nbi.title" = "Strikeout";
---
> "9te-xW-Nbi.title" = "打ち消し線";
159c159
< "9yT-e1-2og.title" = "Small Caps";
---
> "9yT-e1-2og.title" = "スモールキャップス";
162c162
< "AXB-52-50I.title" = "Underline";
---
> "AXB-52-50I.title" = "下線";
165c165
< "Aaf-qg-jBp.title" = "Total Pages";
---
> "Aaf-qg-jBp.title" = "合計ページ数";
168c168
< "AqM-ug-zEz.title" = "Spaces and Tabs";
---
> "AqM-ug-zEz.title" = "スペースとタブ";
171c171
< "B37-ai-lSM.title" = "Size Frame to Content";
---
> "B37-ai-lSM.title" = "コンテンツに合わせてフレームのサイズを設定";
174c174
< "BAr-ll-u9A.title" = "Insert Hyperlink...";
---
> "BAr-ll-u9A.title" = "ハイパーリンクを挿入...";
177c177
< "BCg-6g-6C2.title" = "Arrange";
---
> "BCg-6g-6C2.title" = "重ね順";
180c180
< "BN8-Vw-8xy.title" = "Title Case";
---
> "BN8-Vw-8xy.title" = "タイトルケース";
183c183
< "BRB-V6-9t7.title" = "Move Back One";
---
> "BRB-V6-9t7.title" = "背面へ";
186c186
< "BVL-DB-jGf.title" = "Intersect";
---
> "BVL-DB-jGf.title" = "交差";
189c189
< "BY5-wY-Qeg.title" = "Approximately Equal";
---
> "BY5-wY-Qeg.title" = "ほぼ等しい";
192c192
< "BgU-ns-j3y.title" = "Set…";
---
> "BgU-ns-j3y.title" = "設定...";
195c195
< "CRL-RO-I84.title" = "Em Dash";
---
> "CRL-RO-I84.title" = "全角ダッシュ";
198c198
< "CXA-Vz-XGo.title" = "Size";
---
> "CXA-Vz-XGo.title" = "サイズ";
201c201
< "CdM-mx-kcC.title" = "Insert Anchor...";
---
> "CdM-mx-kcC.title" = "アンカーを挿入...";
204c204
< "Cj8-8k-Fuv.title" = "Rasterize & Trim…";
---
> "Cj8-8k-Fuv.title" = "ラスタライズ&トリム…";
207c207
< "CzI-Q9-cmh.title" = "Copy";
---
> "CzI-Q9-cmh.title" = "コピー";
210c210
< "DWt-ZE-Qjn.title" = "Narrow Non-Breaking Space";
---
> "DWt-ZE-Qjn.title" = "狭い分散禁止スペース";
213c213
< "E2q-cT-xOj.title" = "Punctuation Space";
---
> "E2q-cT-xOj.title" = "句読点幅スペース";
216c216
< "ECs-9v-dmM.title" = "Single Right Guillemet";
---
> "ECs-9v-dmM.title" = "右一重山括弧";
219c219
< "EOp-bk-Ej1.title" = "All Caps";
---
> "EOp-bk-Ej1.title" = "オールキャップス";
222c222
< "EPr-6z-AhC.title" = "Upper Case";
---
> "EPr-6z-AhC.title" = "大文字にする";
225c225
< "EYB-NC-Dge.title" = "Odd Page Break";
---
> "EYB-NC-Dge.title" = "奇数改ページ";
228c228
< "Ege-wu-TxG.title" = "Precise Increase";
---
> "Ege-wu-TxG.title" = "厳密な拡大";
231c231
< "F7W-aK-MHd.title" = "None";
---
> "F7W-aK-MHd.title" = "なし";
234c234
< "FBZ-UB-VVJ.title" = "Non-Breaking Space";
---
> "FBZ-UB-VVJ.title" = "分散禁止スペース";
237c237
< "FOB-zX-wio.title" = "Dagger";
---
> "FOB-zX-wio.title" = "ダガー";
240c240
< "FaU-xI-D5S.title" = "Double Dagger";
---
> "FaU-xI-D5S.title" = "ダブルダガー";
243c243
< "Fdg-4x-VeM.title" = "Paste as Content";
---
> "Fdg-4x-VeM.title" = "コンテンツとしてペースト";
246c246
< "Gib-8t-SU9.title" = "Em Space";
---
> "Gib-8t-SU9.title" = "全角スペース";
252c252
< "Gr4-WS-gTj.title" = "Ungroup";
---
> "Gr4-WS-gTj.title" = "グループ解除";
255c255
< "H0o-1b-qYP.title" = "From Fill";
---
> "H0o-1b-qYP.title" = "塗りつぶしから";
258c258
< "HEN-ef-xZj.title" = "Non-Breaking Space";
---
> "HEN-ef-xZj.title" = "分散禁止スペース";
261c261
< "HGj-HX-Hvl.title" = "Next Frame Page Number";
---
> "HGj-HX-Hvl.title" = "次のフレームページ番号";
267c267
< "HYH-BT-LD9.title" = "Frame Break";
---
> "HYH-BT-LD9.title" = "改フレーム";
270c270
< "Hci-Pi-a7v.title" = "Degree";
---
> "Hci-Pi-a7v.title" = "度";
273c273
< "I93-eX-W3c.title" = "Double Left Quote";
---
> "I93-eX-W3c.title" = "左二重引用符";
276c276
< "IQ5-WK-1o2.title" = "Go to Note Reference";
---
> "IQ5-WK-1o2.title" = "ノート参照に移動";
279c279
< "J58-Ju-JSM.title" = "Maths";
---
> "J58-Ju-JSM.title" = "数学記号";
282c282
< "JHc-ub-mAz.title" = "Em Dash";
---
> "JHc-ub-mAz.title" = "全角ダッシュ";
285c285
< "JZg-Eq-H9y.title" = "Maths";
---
> "JZg-Eq-H9y.title" = "数学記号";
288c288
< "Jd6-c7-MIG.title" = "None";
---
> "Jd6-c7-MIG.title" = "なし";
291c291
< "Ji7-4l-B30.title" = "Single Right Quote";
---
> "Ji7-4l-B30.title" = "右一重引用符";
294c294
< "JjF-5x-p4r.title" = "Dashes and Hyphens";
---
> "JjF-5x-p4r.title" = "ダッシュとハイフン";
297c297
< "JmW-vS-asN.title" = "Insert ";
---
> "JmW-vS-asN.title" = "挿入 ";
300c300
< "Jod-jE-WUv.title" = "Section Marker";
---
> "Jod-jE-WUv.title" = "セクション記号";
303c303
< "JxM-dY-BdK.title" = "Pi";
---
> "JxM-dY-BdK.title" = "パイ";
306c306
< "JyH-yJ-8cE.title" = "Scale to Min Fit";
---
> "JyH-yJ-8cE.title" = "最小フィットに合わせてスケーリング";
309c309
< "KUW-Ib-bGS.title" = "Zero-Width Space";
---
> "KUW-Ib-bGS.title" = "ゼロ幅スペース";
312c312
< "Kzn-LM-pYG.title" = "Single Left Quote";
---
> "Kzn-LM-pYG.title" = "左一重引用符";
315c315
< "LDS-PK-cBr.title" = "Geometry";
---
> "LDS-PK-cBr.title" = "ジオメトリ";
318c318
< "LT9-eT-zj7.title" = "Insert Field";
---
> "LT9-eT-zj7.title" = "フィールドを挿入";
321c321
< "Lgn-l3-DjU.title" = "Go to Hyperlink Target";
---
> "Lgn-l3-DjU.title" = "ハイパーリンクターゲットに移動";
324c324
< "Liq-Ss-rJt.title" = "Convert to Picture Frame";
---
> "Liq-Ss-rJt.title" = "ピクチャフレームに変換";
327c327
< "MKJ-NC-otr.title" = "Date and Time";
---
> "MKJ-NC-otr.title" = "日時";
330c330
< "Mia-ll-JPR.title" = "From Line";
---
> "Mia-ll-JPR.title" = "線から";
333c333
< "Mrd-kZ-gdM.title" = "Delete Hyperlink";
---
> "Mrd-kZ-gdM.title" = "ハイパーリンクを削除";
336c336
< "O9K-tS-HX7.title" = "Group";
---
> "O9K-tS-HX7.title" = "グループ化";
339c339
< "OFj-la-tfD.title" = "Italic";
---
> "OFj-la-tfD.title" = "斜体";
342c342
< "OLL-lv-TON.title" = "Size";
---
> "OLL-lv-TON.title" = "サイズ";
345c345
< "Ops-3G-WXH.title" = "Interactive";
---
> "Ops-3G-WXH.title" = "インタラクティブ";
348c348
< "P9e-zT-ghQ.title" = "Inverted Exclamation Mark";
---
> "P9e-zT-ghQ.title" = "逆感嘆符";
351c351
< "PL1-LL-rDB.title" = "Cut";
---
> "PL1-LL-rDB.title" = "カット";
354c354
< "Pup-6x-W4Q.title" = "Figure Space";
---
> "Pup-6x-W4Q.title" = "フィギュアスペース";
357c357
< "QC3-0w-tBs.title" = "Even Page Break";
---
> "QC3-0w-tBs.title" = "偶数改ページ";
360c360
< "QLm-it-BjS.title" = "Find in Layers Panel";
---
> "QLm-it-BjS.title" = "レイヤーパネル内で検索";
363c363
< "QXT-Rp-ke6.title" = "Smaller";
---
> "QXT-Rp-ke6.title" = "縮小";
366c366
< "QfL-a4-DFF.title" = "Last Page in Section Run";
---
> "QfL-a4-DFF.title" = "セクションの最後のページの実行";
369c369
< "Qik-Nf-m9g.title" = "Left Guillemet";
---
> "Qik-Nf-m9g.title" = "左二重山括弧";
372c372
< "QqR-Gg-oLz.title" = "Line Break";
---
> "QqR-Gg-oLz.title" = "改行";
375c375
< "Qsw-dh-qCG.title" = "Zero-Width Non-Joiner";
---
> "Qsw-dh-qCG.title" = "ゼロ幅非接合子";
378c378
< "R45-el-5eW.title" = "Delete Anchor";
---
> "R45-el-5eW.title" = "アンカーを削除";
381c381
< "RB0-bJ-bzZ.title" = "Figure Dash";
---
> "RB0-bJ-bzZ.title" = "フィギュアダッシュ";
384c384
< "RIB-pb-wni.title" = "Column Break";
---
> "RIB-pb-wni.title" = "改段";
387c387
< "RgH-Hw-ajK.title" = "Capitalization";
---
> "RgH-Hw-ajK.title" = "大文字に変更";
390c390
< "RxC-vj-hmf.title" = "Transform";
---
> "RxC-vj-hmf.title" = "変形";
393c393
< "Spz-Ij-hRZ.title" = "Zoom In";
---
> "Spz-Ij-hRZ.title" = "ズームイン";
396c396
< "SqE-gZ-spc.title" = "Less Than or Equal";
---
> "SqE-gZ-spc.title" = "以下";
399c399
< "T7R-b8-rol.title" = "Ellipsis";
---
> "T7R-b8-rol.title" = "省略記号";
402c402
< "TBb-kW-9PF.title" = "Plus Minus";
---
> "TBb-kW-9PF.title" = "プラスマイナス";
405c405
< "TOd-gP-7nM.title" = "Multiply";
---
> "TOd-gP-7nM.title" = "乗算";
408c408
< "TVG-ek-0bN.title" = "Alignment";
---
> "TVG-ek-0bN.title" = "行揃え";
411c411
< "Tej-Gp-a8B.title" = "Select Parent";
---
> "Tej-Gp-a8B.title" = "親を選択";
414c414
< "Uqz-gr-HFO.title" = "Rotate Left";
---
> "Uqz-gr-HFO.title" = "左に回転";
417c417
< "Utz-UF-jbh.title" = "Rotate Left";
---
> "Utz-UF-jbh.title" = "左に回転";
420c420
< "VCI-qn-BGi.title" = "Insert Special Character";
---
> "VCI-qn-BGi.title" = "特殊文字を挿入";
423c423
< "VLX-7A-JDw.title" = "Third Space";
---
> "VLX-7A-JDw.title" = "3分の1スペース";
426c426
< "VbE-SU-Ybh.title" = "Scale to Max Fit";
---
> "VbE-SU-Ybh.title" = "最大フィットに合わせてスケーリング";
429c429
< "W9S-Ct-9cM.title" = "Strikeout";
---
> "W9S-Ct-9cM.title" = "打ち消し線";
432c432
< "WDp-2b-lBZ.title" = "Bold";
---
> "WDp-2b-lBZ.title" = "太字";
435c435
< "WIQ-Un-ar7.title" = "Symbols";
---
> "WIQ-Un-ar7.title" = "シンボル";
438c438
< "WK1-Fu-8ad.title" = "Select Previous";
---
> "WK1-Fu-8ad.title" = "前の要素を選択";
441c441
< "Wj1-n9-xoN.title" = "Previous Frame Page Number";
---
> "Wj1-n9-xoN.title" = "前のフレームページ番号";
444c444
< "X4t-7t-Xra.title" = "Toggle Case";
---
> "X4t-7t-Xra.title" = "大文字と小文字を切り替え";
447c447
< "X9L-bX-IjJ.title" = "Precise Decrease";
---
> "X9L-bX-IjJ.title" = "厳密な縮小";
450c450
< "XTW-CE-FbV.title" = "More…";
---
> "XTW-CE-FbV.title" = "その他…";
453c453
< "XmB-YD-oCr.title" = "Insert Field";
---
> "XmB-YD-oCr.title" = "フィールドを挿入";
456c456
< "Y0A-yp-ts8.title" = "Anchor Properties...";
---
> "Y0A-yp-ts8.title" = "アンカープロパティ...";
459c459
< "Y9E-3K-iU7.title" = "Hair Space";
---
> "Y9E-3K-iU7.title" = "極細スペース";
462c462
< "YCo-Nt-doG.title" = "Move Forward One";
---
> "YCo-Nt-doG.title" = "前面へ";
465c465
< "YDZ-0y-MSD.title" = "Move Outside";
---
> "YDZ-0y-MSD.title" = "外側に移動";
468c468
< "YbQ-we-D5c.title" = "Section Name";
---
> "YbQ-we-D5c.title" = "セクション名";
471c471
< "Ygm-5H-FWP.title" = "Underline";
---
> "Ygm-5H-FWP.title" = "下線";
474c474
< "Ymr-Ti-V6P.title" = "Copy";
---
> "Ymr-Ti-V6P.title" = "コピー";
477c477
< "YpN-9b-Vht.title" = "Infinity";
---
> "YpN-9b-Vht.title" = "無限大";
480c480
< "ZGp-ZV-I71.title" = "Edit Cross-Reference...";
---
> "ZGp-ZV-I71.title" = "相互参照を編集...";
483c483
< "Zb4-l0-RiO.title" = "Move to Back";
---
> "Zb4-l0-RiO.title" = "最背面に移動";
486c486
< "a5h-Xl-0rc.title" = "Soft Hyphen";
---
> "a5h-Xl-0rc.title" = "ソフトハイフン";
489c489
< "aMs-6d-XhQ.title" = "Breaks";
---
> "aMs-6d-XhQ.title" = "区切り";
492c492
< "ad0-op-7F4.title" = "Toggle Case";
---
> "ad0-op-7F4.title" = "大文字と小文字を切り替え";
495c495
< "bJk-Dp-bOl.title" = "Align Center";
---
> "bJk-Dp-bOl.title" = "中央揃え";
498c498
< "bTR-r3-ewp.title" = "Bullet";
---
> "bTR-r3-ewp.title" = "箇条書き";
501c501
< "bTU-Md-PcT.title" = "Zero-Width Space";
---
> "bTU-Md-PcT.title" = "ゼロ幅スペース";
504c504
< "bWJ-66-gv3.title" = "Figure Dash";
---
> "bWJ-66-gv3.title" = "フィギュアダッシュ";
507c507
< "byJ-ok-QdC.title" = "Show Note Marks";
---
> "byJ-ok-QdC.title" = "ノートマークを表示";
510c510
< "cI5-Yu-0gN.title" = "Saved Date";
---
> "cI5-Yu-0gN.title" = "保存日";
513c513
< "cX2-T6-A4u.title" = "Printed or Exported Date";
---
> "cX2-T6-A4u.title" = "プリントまたは書き出し日";
516c516
< "czU-rr-HQu.title" = "From Both As Global";
---
> "czU-rr-HQu.title" = "両方からグローバルとして";
519c519
< "dIL-fD-cg2.title" = "Insert Sidenote";
---
> "dIL-fD-cg2.title" = "サイドノートを挿入";
522c522
< "dpW-5U-Fsy.title" = "Page Break";
---
> "dpW-5U-Fsy.title" = "改ページ";
525c525
< "dq6-SF-4V3.title" = "Sixth Space";
---
> "dq6-SF-4V3.title" = "6分の1スペース";
528c528
< "dsL-GU-Gzu.title" = "None";
---
> "dsL-GU-Gzu.title" = "なし";
531c531
< "dyP-EV-KRZ.title" = "Dashes and Hyphens";
---
> "dyP-EV-KRZ.title" = "ダッシュとハイフン";
534c534
< "eDq-cr-ID6.title" = "Indent to Here";
---
> "eDq-cr-ID6.title" = "ここにインデント";
537c537
< "eod-Ou-9Nd.title" = "Decrease";
---
> "eod-Ou-9Nd.title" = "縮小";
540c540
< "f6v-WP-Mg9.title" = "Sentence Case";
---
> "f6v-WP-Mg9.title" = "センテンスケース";
543c543
< "fnw-Lf-pF9.title" = "Quarter Space";
---
> "fnw-Lf-pF9.title" = "4分の1スペース";
546c546
< "fyF-tR-Yeo.title" = "Capitalization";
---
> "fyF-tR-Yeo.title" = "大文字に変更";
549c549
< "fzw-h6-YBD.title" = "Find...";
---
> "fzw-h6-YBD.title" = "検索...";
552c552
< "g45-92-6Ek.title" = "Clear";
---
> "g45-92-6Ek.title" = "クリア";
555c555
< "gGO-kO-9nq.title" = "Character Traits";
---
> "gGO-kO-9nq.title" = "文字の特性";
558c558
< "gZV-UP-i3Y.title" = "Page Number";
---
> "gZV-UP-i3Y.title" = "ページ番号";
561c561
< "glY-MW-1zQ.title" = "Find in Layers Panel";
---
> "glY-MW-1zQ.title" = "レイヤーパネル内で検索";
564c564
< "hD8-Up-zdN.title" = "Insert Hyperlink...";
---
> "hD8-Up-zdN.title" = "ハイパーリンクを挿入...";
567c567
< "hGK-Na-aeA.title" = "Created Date";
---
> "hGK-Na-aeA.title" = "作成日";
570c570
< "hRB-Og-cqK.title" = "From Line As Global";
---
> "hRB-Og-cqK.title" = "線からグローバルとして";
573c573
< "hYK-oH-jrE.title" = "Select Next";
---
> "hYK-oH-jrE.title" = "次の要素を選択";
576c576
< "hjz-7b-OQh.title" = "Preflight Comment";
---
> "hjz-7b-OQh.title" = "プリフライトコメント";
579c579
< "i4Q-ic-oRq.title" = "Character Traits";
---
> "i4Q-ic-oRq.title" = "文字の特性";
582c582
< "iB5-xd-LPa.title" = "Reset Rotation";
---
> "iB5-xd-LPa.title" = "回転をリセット";
585c585
< "iJG-E8-47u.title" = "Insert Filler Text";
---
> "iJG-E8-47u.title" = "フィラーテキストを挿入";
588c588
< "iWp-yO-7VJ.title" = "Edit Hyperlink...";
---
> "iWp-yO-7VJ.title" = "ハイパーリンクを編集...";
591c591
< "ihE-zg-TcW.title" = "Paste";
---
> "ihE-zg-TcW.title" = "貼り付け";
594c594
< "iiy-i2-XRL.title" = "Breaks";
---
> "iiy-i2-XRL.title" = "区切り";
597c597
< "j0R-gF-eZk.title" = "Flip Vertical";
---
> "j0R-gF-eZk.title" = "上下反転";
600c600
< "jJ2-zJ-y2X.title" = "Select Top";
---
> "jJ2-zJ-y2X.title" = "上を選択";
603c603
< "jNL-ui-0el.title" = "Move Selection to New Layer";
---
> "jNL-ui-0el.title" = "選択範囲を新しいレイヤーに移動";
606c606
< "jPB-QY-vim.title" = "Capitalization";
---
> "jPB-QY-vim.title" = "大文字に変更";
609c609
< "jrf-2b-hrA.title" = "Divide";
---
> "jrf-2b-hrA.title" = "分割";
612c612
< "juC-k4-a15.title" = "All Caps";
---
> "juC-k4-a15.title" = "オールキャップス";
615c615
< "jxY-qy-61n.title" = "Arrange";
---
> "jxY-qy-61n.title" = "重ね順";
618c618
< "k1C-6e-wc7.title" = "Insert Special Character";
---
> "k1C-6e-wc7.title" = "特殊文字を挿入";
621c621
< "k1o-sg-bjE.title" = "Bigger";
---
> "k1o-sg-bjE.title" = "拡大";
624c624
< "kQL-ge-Xek.title" = "Frame Properties";
---
> "kQL-ge-Xek.title" = "フレームのプロパティ";
627c627
< "kb7-tH-oJb.title" = "Convert to Text Frame";
---
> "kb7-tH-oJb.title" = "テキストフレームに変換";
630c630
< "kcS-aS-nOn.title" = "Running Header";
---
> "kcS-aS-nOn.title" = "ランニングヘッダー";
633c633
< "kjI-fD-GoB.title" = "Find in Slice Page";
---
> "kjI-fD-GoB.title" = "スライスページ内で検索";
636c636
< "lFz-Fq-bhn.title" = "Not Equal";
---
> "lFz-Fq-bhn.title" = "等しくない";
639c639
< "lIi-Fa-Mdt.title" = "Align Middle";
---
> "lIi-Fa-Mdt.title" = "上下中央揃え";
642c642
< "lIx-O0-gHC.title" = "Interactive";
---
> "lIx-O0-gHC.title" = "インタラクティブ";
645c645
< "lNY-UB-zUE.title" = "Subtract";
---
> "lNY-UB-zUE.title" = "減算";
648c648
< "lih-jg-84e.title" = "Fill Holes";
---
> "lih-jg-84e.title" = "穴を塗りつぶす";
651c651
< "lq6-dK-Dic.title" = "Remove Inner Curves";
---
> "lq6-dK-Dic.title" = "内側のカーブを削除";
654c654
< "m3Z-CG-KJP.title" = "Go to Note Body";
---
> "m3Z-CG-KJP.title" = "ノート本文に移動";
657c657
< "mZ8-51-zNO.title" = "Precise Smaller";
---
> "mZ8-51-zNO.title" = "厳密な縮小";
660c660
< "mqn-mX-9vI.title" = "Non-Breaking Hyphen";
---
> "mqn-mX-9vI.title" = "分散禁止ハイフン";
663c663
< "nQ4-ec-WVd.title" = "Geometry";
---
> "nQ4-ec-WVd.title" = "ジオメトリ";
666c666
< "ns6-h8-x4i.title" = "Spaces and Tabs";
---
> "ns6-h8-x4i.title" = "スペースとタブ";
669c669
< "oCU-WM-5oN.title" = "Italic";
---
> "oCU-WM-5oN.title" = "斜体";
672c672
< "oNd-QP-ozn.title" = "Combine";
---
> "oNd-QP-ozn.title" = "中マド";
675c675
< "oXy-Ar-CVe.title" = "Transform";
---
> "oXy-Ar-CVe.title" = "変形";
678c678
< "oyz-2F-tUv.title" = "Upper Case";
---
> "oyz-2F-tUv.title" = "大文字にする";
681c681
< "pFH-iB-qco.title" = "Tab";
---
> "pFH-iB-qco.title" = "タブ";
684c684
< "pUM-aU-UuK.title" = "Frame Properties";
---
> "pUM-aU-UuK.title" = "フレームのプロパティ";
687c687
< "pdE-Wg-Amt.title" = "From Both";
---
> "pdE-Wg-Amt.title" = "両方から";
690c690
< "pfc-Po-Ni6.title" = "Symbols";
---
> "pfc-Po-Ni6.title" = "シンボル";
693c693
< "pmX-7p-X8v.title" = "En Space";
---
> "pmX-7p-X8v.title" = "半角スペース";
696c696
< "q7I-Rn-iQ2.title" = "Rasterize…";
---
> "q7I-Rn-iQ2.title" = "ラスタライズ…";
699c699
< "q8m-YL-tf1.title" = "Greater Than or Equal";
---
> "q8m-YL-tf1.title" = "以上";
702c702
< "q8y-8K-2uK.title" = "Anchor Properties...";
---
> "q8y-8K-2uK.title" = "アンカープロパティ...";
705c705
< "q9P-XW-njc.title" = "Move to Front";
---
> "q9P-XW-njc.title" = "最前面に移動";
708c708
< "qAV-Cy-FGV.title" = "Em Space";
---
> "qAV-Cy-FGV.title" = "全角スペース";
711c711
< "qAy-uu-R0P.title" = "Align Left";
---
> "qAy-uu-R0P.title" = "左揃え";
714c714
< "qG2-K5-Br2.title" = "Paste";
---
> "qG2-K5-Br2.title" = "貼り付け";
717c717
< "qN9-Ui-y6I.title" = "Anchor to Center";
---
> "qN9-Ui-y6I.title" = "中心に固定";
720c720
< "r7N-Kd-wJ0.title" = "Small Caps";
---
> "r7N-Kd-wJ0.title" = "スモールキャップス";
723c723
< "rFc-PS-Dji.title" = "Select Bottom";
---
> "rFc-PS-Dji.title" = "下を選択";
726c726
< "rNP-eh-2yd.title" = "Divide";
---
> "rNP-eh-2yd.title" = "除算";
729c729
< "rQA-PT-2o5.title" = "Line Break";
---
> "rQA-PT-2o5.title" = "改行";
732c732
< "rbo-2N-vVg.title" = "Trademark";
---
> "rbo-2N-vVg.title" = "商標";
735c735
< "ryz-Es-heY.title" = "Zoom to Fit";
---
> "ryz-Es-heY.title" = "画面サイズに合わせる";
738c738
< "s1E-2u-8Q9.title" = "Edit Hyperlink...";
---
> "s1E-2u-8Q9.title" = "ハイパーリンクを編集...";
741c741
< "s3r-0S-sY4.title" = "Notes";
---
> "s3r-0S-sY4.title" = "ノート";
744c744
< "sDN-Vw-iT1.title" = "Per Mille";
---
> "sDN-Vw-iT1.title" = "パーミル";
747c747
< "sKo-Pd-l3Z.title" = "Insert Anchor...";
---
> "sKo-Pd-l3Z.title" = "アンカーを挿入...";
750c750
< "sfp-mi-XT3.title" = "Quotation Marks";
---
> "sfp-mi-XT3.title" = "引用符";
753c753
< "tAm-RZ-YQe.title" = "Capitalization";
---
> "tAm-RZ-YQe.title" = "大文字に変更";
756c756
< "tD5-mk-Ic1.title" = "Insert Special Character";
---
> "tD5-mk-Ic1.title" = "特殊文字を挿入";
759c759
< "tFK-NY-SaI.title" = "Non-Breaking Hyphen";
---
> "tFK-NY-SaI.title" = "分散禁止ハイフン";
762c762
< "tfj-7X-ryo.title" = "Registered Trademark";
---
> "tfj-7X-ryo.title" = "登録商標";
765c765
< "uKF-tL-iuy.title" = "En Space";
---
> "uKF-tL-iuy.title" = "半角スペース";
768c768
< "uNI-hf-V9k.title" = "Move Inside";
---
> "uNI-hf-V9k.title" = "内側に移動";
771c771
< "uPr-wp-VPK.title" = "Rasterize To Mask";
---
> "uPr-wp-VPK.title" = "マスクにラスタライズ";
774c774
< "uXb-4C-U4R.title" = "Title Case";
---
> "uXb-4C-U4R.title" = "タイトルケース";
777c777
< "ufX-cV-qvW.title" = "En Dash";
---
> "ufX-cV-qvW.title" = "半角ダッシュ";
780c780
< "usZ-xW-9ln.title" = "Ungroup All";
---
> "usZ-xW-9ln.title" = "すべてグループ解除";
783c783
< "vEz-32-UdD.title" = "Align Top";
---
> "vEz-32-UdD.title" = "上揃え";
786c786
< "vWx-pe-AWM.title" = "Show Anchors";
---
> "vWx-pe-AWM.title" = "アンカーを表示";
792c792
< "vwu-Tz-L0n.title" = "Insert Cross-Reference...";
---
> "vwu-Tz-L0n.title" = "相互参照を挿入...";
795c795
< "w6L-Zx-vbF.title" = "En Dash";
---
> "w6L-Zx-vbF.title" = "半角ダッシュ";
798c798
< "x55-h0-sbl.title" = "Quotation Marks";
---
> "x55-h0-sbl.title" = "引用符";
801c801
< "xDi-FF-KeS.title" = "Single Base Quote";
---
> "xDi-FF-KeS.title" = "一重ベース引用符";
804c804
< "xoJ-5c-Fpr.title" = "Preflight Comment";
---
> "xoJ-5c-Fpr.title" = "プリフライトコメント";
807c807
< "yHg-cS-wU3.title" = "Single Left Guillemet";
---
> "yHg-cS-wU3.title" = "左一重山括弧";
810c810
< "ywt-XU-etx.title" = "Lower Case";
---
> "ywt-XU-etx.title" = "小文字にする";
813c813
< "zTi-Tu-0NN.title" = "Insert Special Character";
---
> "zTi-Tu-0NN.title" = "特殊文字を挿入";
