2,4d1
< 113c113
< 116c116
< 119c119
6,16d2
< 125c125
< 158c158
< 161c161
< 164c164
< 167c167
< 170c170
< 173c173
< 176c176
< 17c17
< 20c20
< 23c23
18,23d3
< 35c35
< 38c38
< 53c53
< 56c56
< 59c59
< 71c71
25,32c5
< < "Arch A" = "Arch A";
< < "Arch B" = "Arch B";
< < "Arch C" = "Arch C";
< < "Arch D" = "Arch D";
< < "Arch E" = "Arch E";
< < "Arch E1" = "Arch E1";
< < "Architectural" = "Architectural";
< < "Business Card" = "Business Card";
---
> 92c92
34,36d6
< < "Ledger" = "Ledger";
< < "Legal" = "Legal";
< < "Letter" = "Letter";
38d7
< < "Press Ready" = "Press Ready";
40,62c9,13
< < "Social Media Portrait Post" = "Social Media Portrait Post";
< < "Social Media Square Post" = "Social Media Square Post";
< < "Social Media Story Post" = "Social Media Story Post";
< < "iPad Mini" = "iPad Mini";
< > "Arch A" = "アーキテクチャA";
< > "Arch B" = "アーキテクチャB";
< > "Arch C" = "アーキテクチャC";
< > "Arch D" = "アーキテクチャD";
< > "Arch E" = "アーキテクチャE";
< > "Arch E1" = "アーキテクチャE1";
< > "Architectural" = "アーキテクチャ";
< > "Business Card" = "名刺";
< > "Devices" = "デバイス";
< > "Ledger" = "レジャー";
< > "Legal" = "リーガル";
< > "Letter" = "レター";
< > "Photo" = "写真";
< > "Press Ready" = "プレス品質";
< > "Print" = "印刷";
< > "Social Media Portrait Post" = "ソーシャルメディアポートレートポスト";
< > "Social Media Square Post" = "ソーシャルメディア正方形ポスト";
< > "Social Media Story Post" = "ソーシャルメディアストーリーポスト";
< > "iPad Mini" = "iPad mini";
---
> < "Web" = "Web";
> > "Devices" = "기기";
> > "Photo" = "사진";
> > "Print" = "인쇄";
> > "Web" = "웹";
