2c2
< "Greys" = "Grays";
---
> "Greys" = "グレー";
5c5
< "Black" = "Black";
---
> "Black" = "黒";
8c8
< "Black 95%" = "Black 95%";
---
> "Black 95%" = "黒95%";
11c11
< "Black 90%" = "Black 90%";
---
> "Black 90%" = "黒90%";
14c14
< "Black 85%" = "Black 85%";
---
> "Black 85%" = "黒85%";
17c17
< "Black 80%" = "Black 80%";
---
> "Black 80%" = "黒80%";
20c20
< "Black 75%" = "Black 75%";
---
> "Black 75%" = "黒75%";
23c23
< "Black 70%" = "Black 70%";
---
> "Black 70%" = "黒70%";
26c26
< "Black 65%" = "Black 65%";
---
> "Black 65%" = "黒65%";
29c29
< "Black 60%" = "Black 60%";
---
> "Black 60%" = "黒60%";
32c32
< "Black 55%" = "Black 55%";
---
> "Black 55%" = "黒55%";
35c35
< "Black 50%" = "Black 50%";
---
> "Black 50%" = "黒50%";
38c38
< "Black 45%" = "Black 45%";
---
> "Black 45%" = "黒45%";
41c41
< "Black 40%" = "Black 40%";
---
> "Black 40%" = "黒40%";
44c44
< "Black 35%" = "Black 35%";
---
> "Black 35%" = "黒35%";
47c47
< "Black 30%" = "Black 30%";
---
> "Black 30%" = "黒30%";
50c50
< "Black 25%" = "Black 25%";
---
> "Black 25%" = "黒25%";
53c53
< "Black 20%" = "Black 20%";
---
> "Black 20%" = "黒20%";
56c56
< "Black 15%" = "Black 15%";
---
> "Black 15%" = "黒15%";
59c59
< "Black 10%" = "Black 10%";
---
> "Black 10%" = "黒10%";
62c62
< "Black 5%" = "Black 5%";
---
> "Black 5%" = "黒5%";
65c65
< "White" = "White";
---
> "White" = "白";
68c68
< "Colours" = "Colors";
---
> "Colours" = "カラー";
530c530
< "Gradients" = "Gradients";
---
> "Gradients" = "グラデーション";
533c533
< "Black to white" = "Black to white";
---
> "Black to white" = "黒から白";
536c536
< "White to black" = "White to black";
---
> "White to black" = "白から黒";
539c539
< "Black to transparent" = "Black to transparent";
---
> "Black to transparent" = "黒から透明";
542c542
< "White to transparent" = "White to transparent";
---
> "White to transparent" = "白から透明";
