---
---
---
---
---
---
---
---
---
---
---
---
---
---
---
---
---
---
---
---
---
---
---
---
---
---
---
---
---
---
---
---
---
---
---
---
---
---
---
---
---
---
---
---
---
---
---
---
---
---
---
---
---
---
---
---
---
---
---
---
---
---
---
---
---
---
---
---
---
---
---
---
---
---
---
---
---
---
---
---
---
---
---
---
---
---
---
---
---
---
---
---
---
---
---
---
---
---
---
---
---
---
---
---
---
---
---
---
---
---
---
---
---
---
---
---
---
---
---
---
---
---
---
---
---
---
---
---
---
---
---
---
---
---
---
---
---
---
---
---
---
---
---
---
---
---
---
---
---
---
---
---
---
---
---
---
---
---
---
---
101c101
104c104
107c107
110c110
113c113
116c116
119c119
11c11
122c122
125c125
128c128
131c131
134c134
137c137
140c140
143c143
146c146
149c149
14c14
152c152
155c155
158c158
161c161
164c164
167c167
170c170
173c173
176c176
179c179
17c17
182c182
185c185
188c188
191c191
194c194
197c197
200c200
203c203
206c206
209c209
20c20
212c212
215c215
218c218
221c221
224c224
227c227
230c230
233c233
236c236
239c239
23c23
242c242
245c245
248c248
251c251
254c254
257c257
260c260
263c263
266c266
269c269
26c26
272c272
275c275
278c278
281c281
284c284
287c287
290c290
293c293
296c296
299c299
29c29
2c2
302c302
305c305
308c308
314c314
317c317
320c320
323c323
326c326
329c329
32c32
332c332
338c338
341c341
344c344
347c347
350c350
353c353
356c356
359c359
35c35
362c362
365c365
368c368
371c371
374c374
377c377
380c380
383c383
386c386
389c389
38c38
392c392
395c395
398c398
401c401
404c404
407c407
410c410
413c413
416c416
419c419
41c41
422c422
425c425
428c428
431c431
434c434
437c437
440c440
443c443
446c446
449c449
44c44
452c452
455c455
461c461
464c464
467c467
470c470
473c473
476c476
479c479
47c47
482c482
488c488
491c491
50c50
53c53
56c56
59c59
5c5
62c62
65c65
68c68
71c71
74c74
77c77
80c80
83c83
86c86
89c89
8c8
92c92
95c95
98c98
< "32-bit Preview [Accelerator key]" = "32-bit Preview";
< "Add Document Snapshot [Raster]" = "Add Document Snapshot";
< "Adjustment [Accelerator key]" = "Adjustment";
< "Anchor [Accelerator key]" = "Anchor";
< "Appearance [Accelerator key]" = "Appearance";
< "Apply [Apply]" = "Apply";
< "Assets [Accelerator key]" = "Assets";
< "Astrophotography Stack [Persona Name]" = "Astrophotography Stack";
< "Astrophotogrphy Stack Persona [Astrophotogrphy Stack Persona]" = "Astrophotography Stack Persona";
< "AutoFit Column to Contents [Context menu]" = "AutoFit Column to Contents";
< "AutoFit Column(s) [Context menu]" = "AutoFit Column(s)";
< "AutoFit Row to Contents [Context menu]" = "AutoFit Row to Contents";
< "AutoFit Row(s) [Context menu]" = "AutoFit Row(s)";
< "Batch [Accelerator key]" = "Batch";
< "Books [Accelerator key]" = "Books";
< "Brushes [Accelerator key]" = "Brushes";
< "Cancel [Cancel]" = "Cancel";
< "Channels [Accelerator key]" = "Channels";
< "Character [Accelerator key]" = "Character";
< "Clear Mask [Liquify toolbar]" = "Clear Mask";
< "Colour [Accelerator key]" = "Color";
< "Constraint [Accelerator key]" = "Constraint";
< "Constraints [Accelerator key]" = "Constraints";
< "Convert Text to Field... [Context menu]" = "Convert Text to Field...";
< "Cycle Snapping Planes [Accelerator key]" = "Cycle Snapping Planes";
< "Cycle View Mode [Accelerator key]" = "Cycle View Mode";
< "Delete Column [Context menu]" = "Delete Column";
< "Delete Column(s) [Context menu]" = "Delete Column(s)";
< "Delete Row [Context menu]" = "Delete Row";
< "Delete Row(s) [Context menu]" = "Delete Row(s)";
< "Designer Persona. [ Workspace Warning Caption]" = "Designer Persona.";
< "Develop Basic [Accelerator key]" = "Develop Basic";
< "Develop Details [Accelerator key]" = "Develop Details";
< "Develop Focus [Accelerator key]" = "Develop Focus";
< "Develop Lens [Accelerator key]" = "Develop Lens";
< "Develop Location [Accelerator key]" = "Develop Location";
< "Develop Overlay [Accelerator key]" = "Develop Overlay";
< "Develop Persona [Develop Persona]" = "Develop Persona";
< "Develop Snapshot [Accelerator key]" = "Develop Snapshot";
< "Develop Tones [Accelerator key]" = "Develop Tones";
< "Develop [Develop tool context toolbar]" = "Develop";
< "Develop [Persona Name]" = "Develop";
< "Dismiss [Alert - Dismiss - Button]" = "Dismiss";
< "Edit Field... [Context menu]" = "Edit Field...";
< "Effects [Accelerator key]" = "Effects";
< "Enabling \"Save With History\" means that anybody you send this document to can see everything you did to create it.\r\n\r\nDo you still want to enable \"Save With History\"? [Save with History]" = "Enabling \"Save With History\" means that anybody you send this document to can see everything you did to create it.\r\n\r\nDo you still want to enable \"Save With History\"?";
< "Enter a name for the snapshot [Raster]" = "Enter a name for the snapshot";
< "Evenly Distribute Columns [Context menu]" = "Evenly Distribute Columns";
< "Evenly Distribute Rows [Context menu]" = "Evenly Distribute Rows";
< "Expand Field [Context menu]" = "Expand Field";
< "Export Options [Accelerator key]" = "Export Options";
< "Export [Persona Name]" = "Export";
< "Fade %@… [Raster menu]" = "Fade %@…";
< "Fade… [Raster menu]" = "Fade…";
< "Fields [Accelerator key]" = "Fields";
< "Files [Accelerator key]" = "Files";
< "Find and Replace [Accelerator key]" = "Find and Replace";
< "Find in Layers Panel [Accelerator key]" = "Find in Layers Panel";
< "Glyph Browser [Accelerator key]" = "Glyph Browser";
< "Histogram [Accelerator key]" = "Histogram";
< "History [Accelerator key]" = "History";
< "Hyperlink [Accelerator key]" = "Hyperlink";
< "Ignore Spelling [Context menu]" = "Ignore Spelling";
< "Index [Accelerator key]" = "Index";
< "Info [Accelerator key]" = "Info";
< "Information [Accelerator key]" = "Information";
< "Insert Column [Context menu]" = "Insert Column";
< "Insert Hyperlink [Accelerator key]" = "Insert Hyperlink";
< "Insert Row [Context menu]" = "Insert Row";
< "Invert Mask [Liquify toolbar]" = "Invert Mask";
< "Isometric [Accelerator key]" = "Isometric";
< "Layers [Accelerator key]" = "Layers";
< "Learn Spelling [Context Menu]" = "Learn Spelling";
< "Library [Accelerator key]" = "Library";
< "Links [Accelerator key]" = "Links";
< "Liquify Brush [Accelerator key]" = "Liquify Brush";
< "Liquify Mask [Accelerator key]" = "Liquify Mask";
< "Liquify Mesh [Accelerator key]" = "Liquify Mesh";
< "Liquify Persona [Liquify Persona]" = "Liquify Persona";
< "Liquify [Persona Name]" = "Liquify";
< "Location [Accelerator key]" = "Location";
< "Look Up \"%@\" [Context menu]" = "Look Up \"%@\"";
< "Macro [Accelerator key]" = "Macro";
< "Mask All [Liquify toolbar]" = "Mask All";
< "Merge Cells [Context menu]" = "Merge Cells";
< "Metadata [Accelerator key]" = "Metadata";
< "Navigator [Accelerator key]" = "Navigator";
< "Next Blend Mode [Accelerator key]" = "Next Blend Mode";
< "No [Save with History]" = "No";
< "Notes [Accelerator key]" = "Notes";
< "Pages [Accelerator key]" = "Pages";
< "Panorama Persona [Panorama Persona]" = "Panorama Persona";
< "Panorama [Persona Name]" = "Panorama";
< "Paragraph [Accelerator key]" = "Paragraph";
< "Photo Persona. [ Workspace Warning Caption]" = "Photo Persona.";
< "Pixel [Persona Name]" = "Pixel";
< "Please either commit or cancel the develop operation before switching to another Persona. [Alert - Cancel Develop operation]" = "Please either commit or cancel the develop operation before switching to another Persona.";
< "Please either commit or cancel the develop operation before switching to another Persona. [Alert - Cancel develop operation]" = "Please either commit or cancel the develop operation before switching to another Persona.";
< "Please either commit or cancel the liquify operation before switching to another Persona. [Alert cancel liquify operation]" = "Please either commit or cancel the liquify operation before switching to another Persona.";
< "Please either commit or cancel the panorama before switching to another Persona. [Alert cancel panorama]" = "Please either commit or cancel the panorama before switching to another Persona.";
< "Please either commit or cancel the stacked image before switching to another Persona. [Alert cancel astro stack]" = "Please either commit or cancel the stacked image before switching to another Persona.";
< "Please either commit or cancel the tone mapping operation before switching to another Persona. [Alert cancel tone mapping]" = "Please either commit or cancel the tone mapping operation before switching to another Persona.";
< "Please end your macro recording session before using Develop. [Alert - Macro Recording]" = "Please end your macro recording session before using Develop.";
< "Please end your macro recording session before using Tone Mapping. [Alert - Macro Recording]" = "Please end your macro recording session before using Tone Mapping.";
< "Please select a pixel layer or mask before entering Liquify. [Alert - Select raster larey or mask]" = "Please select a pixel layer or mask before entering Liquify.";
< "Please select an RGB pixel layer before entering Develop. [Alert - Select raster larey or mask]" = "Please select an RGB pixel layer before entering Develop.";
< "Please select an RGB pixel layer before entering HDR. [Alert - Select RGB raster layer]" = "Please select an RGB pixel layer before entering HDR.";
< "Preflight [Accelerator key]" = "Preflight";
< "Previous Blend Mode [Accelerator key]" = "Previous Blend Mode";
< "Quick FX [Accelerator key]" = "Quick FX";
< "RAW Options [Accelerator key]" = "RAW Options";
< "Repeat %@ [Raster menu]" = "Repeat %@";
< "Saving With History [Save with History]" = "Saving With History";
< "Scope [Accelerator key]" = "Scope";
< "Separate Cells [Context menu]" = "Separate Cells";
< "Set Fill None [Accelerator key]" = "Set Fill None";
< "Set Fill to 50% Grey [Accelerator key]" = "Set Fill to 50% Gray";
< "Set Fill to Black and White [Accelerator key]" = "Set Fill to Black and White";
< "Slices [Accelerator key]" = "Slices";
< "Snapshots [Accelerator key]" = "Snapshots";
< "Sort Ascending [Context menu]" = "Sort Ascending";
< "Sort Descending [Context menu]" = "Sort Descending";
< "Sort by Column Ascending [Context menu]" = "Sort by Column Ascending";
< "Sort by Column Descending [Context menu]" = "Sort by Column Descending";
< "Sort by Row Ascending [Context menu]" = "Sort by Row Ascending";
< "Sort by Row Descending [Context menu]" = "Sort by Row Descending";
< "Sources [Accelerator key]" = "Sources";
< "Stacked Images [Accelerator key]" = "Stacked Images";
< "Stacked Options [Accelerator key]" = "Stacked Options";
< "States [Accelerator key]" = "States";
< "Stock [Accelerator key]" = "Stock";
< "Stroke [Accelerator key]" = "Stroke";
< "Styles [Accelerator key]" = "Styles";
< "Swap Line and Fill [Accelerator key]" = "Swap Line and Fill";
< "Swatches [Accelerator key]" = "Swatches";
< "Switch to Next View [Accelerator key]" = "Switch to Next View";
< "Switch to Previous View [Accelerator key]" = "Switch to Previous View";
< "Symbol [Accelerator key]" = "Symbol";
< "Table Format [Accelerator key]" = "Table Format";
< "Table [Accelerator key]" = "Table";
< "Table of Contents [Accelerator key]" = "Table of Contents";
< "Tags [Accelerator key]" = "Tags";
< "Technical [Persona Name]" = "Technical";
< "Text Frame [Accelerator key]" = "Text Frame";
< "Text Styles [Accelerator key]" = "Text Styles";
< "Toggle Edit Selection As Layer [Toggle Edit Selection As Layer]" = "Toggle Edit Selection As Layer";
< "Toggle Fill Context [Accelerator key]" = "Toggle Fill Context";
< "Toggle Frequency Layer [Accelerator key]" = "Toggle Frequency Layer";
< "Toggle Snapping [Accelerator key]" = "Toggle Snapping";
< "Tone Map Overlays [Accelerator key]" = "Tone Map Overlays";
< "Tone Map Presets [Accelerator key]" = "Tone Map Presets";
< "Tone Map [Accelerator key]" = "Tone Map";
< "Tone Mapping Persona [Tone Mapping Persona]" = "Tone Mapping Persona";
< "Tone Mapping [Persona Name]" = "Tone Mapping";
< "Transform [Accelerator key]" = "Transform";
< "Unignore Spelling \"%@\" [Context menu]" = "Unignore Spelling \"%@\"";
< "Unlearn Spelling \"%@\" [Context menu]" = "Unlearn Spelling \"%@\"";
< "Yes [Save with History]" = "Yes";
< "Zoom In [Accelerator key]" = "Zoom In";
< "Zoom Out [Accelerator key]" = "Zoom Out";
> "32-bit Preview [Accelerator key]" = "32ビットプレビュー";
> "Add Document Snapshot [Raster]" = "ドキュメントのスナップショットを追加";
> "Adjustment [Accelerator key]" = "調整";
> "Anchor [Accelerator key]" = "アンカー";
> "Appearance [Accelerator key]" = "アピアランス";
> "Apply [Apply]" = "適用";
> "Assets [Accelerator key]" = "アセット";
> "Astrophotography Stack [Persona Name]" = "天体写真スタック";
> "Astrophotogrphy Stack Persona [Astrophotogrphy Stack Persona]" = "天体写真スタックペルソナ";
> "AutoFit Column to Contents [Context menu]" = "コンテンツに合わせて列を自動調整";
> "AutoFit Column(s) [Context menu]" = "列を自動調整";
> "AutoFit Row to Contents [Context menu]" = "コンテンツに合わせて行を自動調整";
> "AutoFit Row(s) [Context menu]" = "行を自動調整";
> "Batch [Accelerator key]" = "一括処理";
> "Books [Accelerator key]" = "書籍";
> "Brushes [Accelerator key]" = "ブラシ";
> "Cancel [Cancel]" = "キャンセル";
> "Channels [Accelerator key]" = "チャンネル";
> "Character [Accelerator key]" = "文字";
> "Clear Mask [Liquify toolbar]" = "マスクを消去";
> "Colour [Accelerator key]" = "カラー";
> "Constraint [Accelerator key]" = "制約";
> "Constraints [Accelerator key]" = "制約";
> "Convert Text to Field... [Context menu]" = "テキストをフィールドに変換...";
> "Cycle Snapping Planes [Accelerator key]" = "スナップ面を切り替え";
> "Cycle View Mode [Accelerator key]" = "サイクルビューモード";
> "Delete Column [Context menu]" = "列を削除";
> "Delete Column(s) [Context menu]" = "列を削除";
> "Delete Row [Context menu]" = "行を削除";
> "Delete Row(s) [Context menu]" = "行を削除";
> "Designer Persona. [ Workspace Warning Caption]" = "Designerペルソナ。";
> "Develop Basic [Accelerator key]" = "基本の現像";
> "Develop Details [Accelerator key]" = "詳細の現像";
> "Develop Focus [Accelerator key]" = "フォーカスの現像";
> "Develop Lens [Accelerator key]" = "レンズの現像";
> "Develop Location [Accelerator key]" = "場所の現像";
> "Develop Overlay [Accelerator key]" = "オーバーレイの現像";
> "Develop Persona [Develop Persona]" = "現像ペルソナ";
> "Develop Snapshot [Accelerator key]" = "スナップショットを現像";
> "Develop Tones [Accelerator key]" = "トーンを現像";
> "Develop [Develop tool context toolbar]" = "現像";
> "Develop [Persona Name]" = "現像";
> "Dismiss [Alert - Dismiss - Button]" = "解除";
> "Edit Field... [Context menu]" = "フィールドを編集...";
> "Effects [Accelerator key]" = "エフェクト";
> "Enabling \"Save With History\" means that anybody you send this document to can see everything you did to create it.\r\n\r\nDo you still want to enable \"Save With History\"? [Save with History]" = "\"履歴付きで保存\"を有効にすると、このドキュメントを受け取ったすべてのユーザーは、このドキュメントの作成のために実行されたすべての操作を確認できます。\r\n\r\n本当に\"履歴付きで保存\"を有効にしますか?";
> "Enter a name for the snapshot [Raster]" = "スナップショット名を入力";
> "Evenly Distribute Columns [Context menu]" = "列を均等配置";
> "Evenly Distribute Rows [Context menu]" = "行を均等配置";
> "Expand Field [Context menu]" = "フィールドを展開";
> "Export Options [Accelerator key]" = "書き出しオプション";
> "Export [Persona Name]" = "書き出し";
> "Fade %@… [Raster menu]" = "%@をフェード…";
> "Fade… [Raster menu]" = "フェード…";
> "Fields [Accelerator key]" = "フィールド";
> "Files [Accelerator key]" = "ファイル";
> "Find and Replace [Accelerator key]" = "検索して置換";
> "Find in Layers Panel [Accelerator key]" = "レイヤーパネル内で検索";
> "Glyph Browser [Accelerator key]" = "グリフブラウザ";
> "Histogram [Accelerator key]" = "ヒストグラム";
> "History [Accelerator key]" = "履歴";
> "Hyperlink [Accelerator key]" = "ハイパーリンク";
> "Ignore Spelling [Context menu]" = "スペルを無視";
> "Index [Accelerator key]" = "インデックス";
> "Info [Accelerator key]" = "情報";
> "Information [Accelerator key]" = "情報";
> "Insert Column [Context menu]" = "列を挿入";
> "Insert Hyperlink [Accelerator key]" = "ハイパーリンクを挿入";
> "Insert Row [Context menu]" = "行を挿入";
> "Invert Mask [Liquify toolbar]" = "マスクを反転";
> "Isometric [Accelerator key]" = "等角投影";
> "Layers [Accelerator key]" = "レイヤー";
> "Learn Spelling [Context Menu]" = "スペルを学習";
> "Library [Accelerator key]" = "ライブラリ";
> "Links [Accelerator key]" = "リンク";
> "Liquify Brush [Accelerator key]" = "ゆがみブラシ";
> "Liquify Mask [Accelerator key]" = "ゆがみマスク";
> "Liquify Mesh [Accelerator key]" = "ゆがみメッシュ";
> "Liquify Persona [Liquify Persona]" = "ゆがみペルソナ";
> "Liquify [Persona Name]" = "ゆがみ";
> "Location [Accelerator key]" = "場所";
> "Look Up \"%@\" [Context menu]" = "\"%@\"を検索";
> "Macro [Accelerator key]" = "マクロ";
> "Mask All [Liquify toolbar]" = "すべてマスク";
> "Merge Cells [Context menu]" = "セルを結合";
> "Metadata [Accelerator key]" = "メタデータ";
> "Navigator [Accelerator key]" = "ナビゲータ";
> "Next Blend Mode [Accelerator key]" = "次の描画モード";
> "No [Save with History]" = "いいえ";
> "Notes [Accelerator key]" = "ノート";
> "Pages [Accelerator key]" = "ページ";
> "Panorama Persona [Panorama Persona]" = "パノラマペルソナ";
> "Panorama [Persona Name]" = "パノラマ";
> "Paragraph [Accelerator key]" = "段落";
> "Photo Persona. [ Workspace Warning Caption]" = "Photoペルソナ。";
> "Pixel [Persona Name]" = "ピクセル";
> "Please either commit or cancel the develop operation before switching to another Persona. [Alert - Cancel Develop operation]" = "現像操作をコミットまたはキャンセルしてから別のペルソナに切り替えてください。";
> "Please either commit or cancel the develop operation before switching to another Persona. [Alert - Cancel develop operation]" = "現像操作をコミットまたはキャンセルしてから別のペルソナに切り替えてください。";
> "Please either commit or cancel the liquify operation before switching to another Persona. [Alert cancel liquify operation]" = "ゆがみ操作をコミットまたはキャンセルしてから別のペルソナに切り替えてください。";
> "Please either commit or cancel the panorama before switching to another Persona. [Alert cancel panorama]" = "別のペルソナに切り替える前に、パノラマをコミットまたはキャンセルしてください。";
> "Please either commit or cancel the stacked image before switching to another Persona. [Alert cancel astro stack]" = "別のペルソナに切り替える前に、スタックされた画像をコミットまたはキャンセルしてください。";
> "Please either commit or cancel the tone mapping operation before switching to another Persona. [Alert cancel tone mapping]" = "トーンマッピング操作をコミットまたはキャンセルしてから別のペルソナに切り替えてください。";
> "Please end your macro recording session before using Develop. [Alert - Macro Recording]" = "現像を使用する前にマクロ記録セッションを終了してください。";
> "Please end your macro recording session before using Tone Mapping. [Alert - Macro Recording]" = "トーンマッピングを使用する前にマクロ記録セッションを終了してください。";
> "Please select a pixel layer or mask before entering Liquify. [Alert - Select raster larey or mask]" = "ピクセルレイヤーまたはマスクを選択してから[ゆがみ]に入ってください。";
> "Please select an RGB pixel layer before entering Develop. [Alert - Select raster larey or mask]" = "RGBピクセルレイヤーを選択してから[現像]に入ってください。";
> "Please select an RGB pixel layer before entering HDR. [Alert - Select RGB raster layer]" = "RGBピクセルレイヤーを選択してから[HDR]に入ってください。";
> "Preflight [Accelerator key]" = "プリフライト";
> "Previous Blend Mode [Accelerator key]" = "前の描画モード";
> "Quick FX [Accelerator key]" = "クイックFX";
> "RAW Options [Accelerator key]" = "RAWオプション";
> "Repeat %@ [Raster menu]" = "%@をリピート";
> "Saving With History [Save with History]" = "履歴付きで保存中";
> "Scope [Accelerator key]" = "スコープ";
> "Separate Cells [Context menu]" = "セルを分離";
> "Set Fill None [Accelerator key]" = "塗りつぶしをなしに設定";
> "Set Fill to 50% Grey [Accelerator key]" = "塗りつぶしを50%グレーに設定";
> "Set Fill to Black and White [Accelerator key]" = "塗りつぶしを白黒に設定";
> "Slices [Accelerator key]" = "スライス";
> "Snapshots [Accelerator key]" = "スナップショット";
> "Sort Ascending [Context menu]" = "昇順に並べ替え";
> "Sort Descending [Context menu]" = "降順に並べ替え";
> "Sort by Column Ascending [Context menu]" = "列を昇順に並べ替え";
> "Sort by Column Descending [Context menu]" = "列を降順に並べ替え";
> "Sort by Row Ascending [Context menu]" = "行を昇順に並べ替え";
> "Sort by Row Descending [Context menu]" = "行を降順に並べ替え";
> "Sources [Accelerator key]" = "ソース";
> "Stacked Images [Accelerator key]" = "スタックされた画像";
> "Stacked Options [Accelerator key]" = "スタックしたオプション";
> "States [Accelerator key]" = "ステート";
> "Stock [Accelerator key]" = "ストック";
> "Stroke [Accelerator key]" = "境界線";
> "Styles [Accelerator key]" = "スタイル";
> "Swap Line and Fill [Accelerator key]" = "線と塗りつぶしを入れ換え";
> "Swatches [Accelerator key]" = "スウォッチ";
> "Switch to Next View [Accelerator key]" = "次のビューポイントに切り替え";
> "Switch to Previous View [Accelerator key]" = "前のビューに切り替え";
> "Symbol [Accelerator key]" = "シンボル";
> "Table Format [Accelerator key]" = "表フォーマット";
> "Table [Accelerator key]" = "表";
> "Table of Contents [Accelerator key]" = "目次";
> "Tags [Accelerator key]" = "タグ";
> "Technical [Persona Name]" = "技術的";
> "Text Frame [Accelerator key]" = "テキストフレーム";
> "Text Styles [Accelerator key]" = "テキストスタイル";
> "Toggle Edit Selection As Layer [Toggle Edit Selection As Layer]" = "選択範囲レイヤー編集を切り替え";
> "Toggle Fill Context [Accelerator key]" = "塗りつぶしコンテキストを切り替え";
> "Toggle Frequency Layer [Accelerator key]" = "周波数レイヤーを切り替え";
> "Toggle Snapping [Accelerator key]" = "スナップを切り替え";
> "Tone Map Overlays [Accelerator key]" = "トーンマップオーバーレイ";
> "Tone Map Presets [Accelerator key]" = "トーンマッププリセット";
> "Tone Map [Accelerator key]" = "トーンマップ";
> "Tone Mapping Persona [Tone Mapping Persona]" = "トーンマッピングペルソナ";
> "Tone Mapping [Persona Name]" = "トーンマッピング";
> "Transform [Accelerator key]" = "変形";
> "Unignore Spelling \"%@\" [Context menu]" = "スペル\"%@\"の無視を解除";
> "Unlearn Spelling \"%@\" [Context menu]" = "スペル\"%@\"の学習を解除";
> "Yes [Save with History]" = "はい";
> "Zoom In [Accelerator key]" = "ズームイン";
> "Zoom Out [Accelerator key]" = "ズームアウト";
