2c2
< "Cycle View Mode [Accelerator key]" = "Cycle View Mode";
---
> "Cycle View Mode [Accelerator key]" = "뷰 모드 순환";
5c5
< "Zoom In [Accelerator key]" = "Zoom In";
---
> "Zoom In [Accelerator key]" = "확대";
8c8
< "Zoom Out [Accelerator key]" = "Zoom Out";
---
> "Zoom Out [Accelerator key]" = "축소";
11c11
< "Switch to Next View [Accelerator key]" = "Switch to Next View";
---
> "Switch to Next View [Accelerator key]" = "다음 뷰로 전환";
17c17
< "Histogram [Accelerator key]" = "Histogram";
---
> "Histogram [Accelerator key]" = "히스토그램";
20c20
< "History [Accelerator key]" = "History";
---
> "History [Accelerator key]" = "편집 기록";
26c26
< "Location [Accelerator key]" = "Location";
---
> "Location [Accelerator key]" = "위치";
32c32
< "Navigator [Accelerator key]" = "Navigator";
---
> "Navigator [Accelerator key]" = "네비게이터";
38c38
< "Toggle Fill Context [Accelerator key]" = "Toggle Fill Context";
---
> "Toggle Fill Context [Accelerator key]" = "칠 상황 켜고 끄기";
41c41
< "Swap Line and Fill [Accelerator key]" = "Swap Line and Fill";
---
> "Swap Line and Fill [Accelerator key]" = "선과 칠 교대";
44c44
< "Set Fill None [Accelerator key]" = "Set Fill None";
---
> "Set Fill None [Accelerator key]" = "칠 없음";
47c47
< "Toggle Snapping [Accelerator key]" = "Toggle Snapping";
---
> "Toggle Snapping [Accelerator key]" = "스내핑 켜고 끄기";
53c53
< "Set Fill to Black and White [Accelerator key]" = "Set Fill to Black and White";
---
> "Set Fill to Black and White [Accelerator key]" = "흑백으로 칠";
59c59
< "32-bit Preview [Accelerator key]" = "32-bit Preview";
---
> "32-bit Preview [Accelerator key]" = "32-비트 미리보기";
62c62
< "Assets [Accelerator key]" = "Assets";
---
> "Assets [Accelerator key]" = "자산";
65c65
< "Brushes [Accelerator key]" = "Brushes";
---
> "Brushes [Accelerator key]" = "브러시";
68c68
< "Character [Accelerator key]" = "Character";
---
> "Character [Accelerator key]" = "문자";
77c77
< "Effects [Accelerator key]" = "Effects";
---
> "Effects [Accelerator key]" = "효과";
80c80
< "Glyph Browser [Accelerator key]" = "Glyph Browser";
---
> "Glyph Browser [Accelerator key]" = "글리프 브라우저";
83c83
< "Isometric [Accelerator key]" = "Isometric";
---
> "Isometric [Accelerator key]" = "등각투상";
86c86
< "Layers [Accelerator key]" = "Layers";
---
> "Layers [Accelerator key]" = "레이어";
89c89
< "Paragraph [Accelerator key]" = "Paragraph";
---
> "Paragraph [Accelerator key]" = "문단";
92c92
< "Snapshots [Accelerator key]" = "Snapshots";
---
> "Snapshots [Accelerator key]" = "스냅샷";
95c95
< "Stroke [Accelerator key]" = "Stroke";
---
> "Stroke [Accelerator key]" = "선";
98c98
< "Styles [Accelerator key]" = "Styles";
---
> "Styles [Accelerator key]" = "스타일";
101c101
< "Swatches [Accelerator key]" = "Swatches";
---
> "Swatches [Accelerator key]" = "견본";
107c107
< "Text Styles [Accelerator key]" = "Text Styles";
---
> "Text Styles [Accelerator key]" = "텍스트 스타일";
110c110
< "Transform [Accelerator key]" = "Transform";
---
> "Transform [Accelerator key]" = "변형";
119c119
< "Liquify Persona [Liquify Persona]" = "Liquify Persona";
---
> "Liquify Persona [Liquify Persona]" = "액화 페르소나";
122c122
< "Dismiss [Alert - Dismiss - Button]" = "Dismiss";
---
> "Dismiss [Alert - Dismiss - Button]" = "해제";
128c128
< "Tone Mapping Persona [Tone Mapping Persona]" = "Tone Mapping Persona";
---
> "Tone Mapping Persona [Tone Mapping Persona]" = "톤 맵핑 페르소나";
137c137
< "Develop Persona [Develop Persona]" = "Develop Persona";
---
> "Develop Persona [Develop Persona]" = "현상 페르소나";
143c143
< "Please select an RGB pixel layer before entering Develop. [Alert - Select raster larey or mask]" = "Please select an RGB pixel layer before entering Develop.";
---
> "Please select an RGB pixel layer before entering Develop. [Alert - Select raster larey or mask]" = "현상에 들어가기 전, RGB 픽셀 레이어를 선택해주세요.";
149c149
< "Ignore Spelling [Context menu]" = "Ignore Spelling";
---
> "Ignore Spelling [Context menu]" = "철자 무시";
152c152
< "Learn Spelling [Context Menu]" = "Learn Spelling";
---
> "Learn Spelling [Context Menu]" = "철자 학습";
227c227
< "Find in Layers Panel [Accelerator key]" = "Find in Layers Panel";
---
> "Find in Layers Panel [Accelerator key]" = "레이어 패널에서 찾기";
254c254
< "Stock [Accelerator key]" = "Stock";
---
> "Stock [Accelerator key]" = "재고";
275c275
< "Channels [Accelerator key]" = "Channels";
---
> "Channels [Accelerator key]" = "채널";
281c281
< "Info [Accelerator key]" = "Info";
---
> "Info [Accelerator key]" = "정보";
299c299
< "Adjustment [Accelerator key]" = "Adjustment";
---
> "Adjustment [Accelerator key]" = "조정";
308c308
< "Library [Accelerator key]" = "Library";
---
> "Library [Accelerator key]" = "보관함";
311c311
< "Macro [Accelerator key]" = "Macro";
---
> "Macro [Accelerator key]" = "매크로";
326c326
< "Apply [Apply]" = "Apply";
---
> "Apply [Apply]" = "적용";
335c335
< "Tone Mapping [Persona Name]" = "Tone Mapping";
---
> "Tone Mapping [Persona Name]" = "톤 맵핑";
353c353
< "Invert Mask [Liquify toolbar]" = "Invert Mask";
---
> "Invert Mask [Liquify toolbar]" = "마스크 반전";
356c356
< "Mask All [Liquify toolbar]" = "Mask All";
---
> "Mask All [Liquify toolbar]" = "모두 마스크";
359c359
< "Clear Mask [Liquify toolbar]" = "Clear Mask";
---
> "Clear Mask [Liquify toolbar]" = "마스크 해제";
386c386
< "Export Options [Accelerator key]" = "Export Options";
---
> "Export Options [Accelerator key]" = "내보내기 설정";
389c389
< "Slices [Accelerator key]" = "Slices";
---
> "Slices [Accelerator key]" = "슬라이스";
413c413
< "Repeat %@ [Raster menu]" = "Repeat %@";
---
> "Repeat %@ [Raster menu]" = "%@ 반복";
416c416
< "Add Document Snapshot [Raster]" = "Add Document Snapshot";
---
> "Add Document Snapshot [Raster]" = "문서 스냅샷 추가";
419c419
< "Enter a name for the snapshot [Raster]" = "Enter a name for the snapshot";
---
> "Enter a name for the snapshot [Raster]" = "스냅샷 이름을 입력합니다.";
422c422
< "Saving With History [Save with History]" = "Saving With History";
---
> "Saving With History [Save with History]" = "편집 기록과 함께 저장";
428c428
< "Yes [Save with History]" = "Yes";
---
> "Yes [Save with History]" = "예";
431c431
< "No [Save with History]" = "No";
---
> "No [Save with History]" = "아니오";
434c434
< "Constraints [Accelerator key]" = "Constraints";
---
> "Constraints [Accelerator key]" = "제약";
437c437
< "Appearance [Accelerator key]" = "Appearance";
---
> "Appearance [Accelerator key]" = "외관";
455c455
< "Develop [Develop tool context toolbar]" = "Develop";
---
> "Develop [Develop tool context toolbar]" = "현상";
458c458
< "Cancel [Cancel]" = "Cancel";
---
> "Cancel [Cancel]" = "취소";
461c461
< "Develop [Persona Name]" = "Develop";
---
> "Develop [Persona Name]" = "현상";
464c464
< "Export [Persona Name]" = "Export";
---
> "Export [Persona Name]" = "내보내기";
467c467
< "Panorama Persona [Panorama Persona]" = "Panorama Persona";
---
> "Panorama Persona [Panorama Persona]" = "파노라마 페르소나";
473c473
< "Panorama [Persona Name]" = "Panorama";
---
> "Panorama [Persona Name]" = "파노라마";
476c476
< "Pixel [Persona Name]" = "Pixel";
---
> "Pixel [Persona Name]" = "픽셀";
479c479
< "Photo [Persona Name]" = "Photo";
---
> "Photo [Persona Name]" = "사진";
485c485
< "Liquify [Persona Name]" = "Liquify";
---
> "Liquify [Persona Name]" = "액화";
