68,160d67
< ---
< ---
< ---
< ---
< ---
< ---
< ---
< ---
< ---
< ---
< ---
< ---
< ---
< ---
< ---
< ---
< ---
< ---
< ---
< ---
< ---
< ---
< ---
< ---
< ---
< ---
< ---
< ---
< ---
< ---
< ---
< ---
< ---
< ---
< ---
< ---
< ---
< ---
< ---
< ---
< ---
< ---
< ---
< ---
< ---
< ---
< ---
< ---
< ---
< ---
< ---
< ---
< ---
< ---
< ---
< ---
< ---
< ---
< ---
< ---
< ---
< ---
< ---
< ---
< ---
< ---
< ---
< ---
< ---
< ---
< ---
< ---
< ---
< ---
< ---
< ---
< ---
< ---
< ---
< ---
< ---
< ---
< ---
< ---
< ---
< ---
< ---
< ---
< ---
< ---
< ---
< ---
< ---
162d68
< 104c104
165,166d70
< 113c113
< 116c116
170d73
< 125c125
172,173d74
< 131c131
< 134c134
175d75
< 140c140
177d76
< 146c146
179d77
< 14c14
181,189d78
< 155c155
< 158c158
< 161c161
< 164c164
< 167c167
< 170c170
< 173c173
< 176c176
< 179c179
191,200d79
< 182c182
< 185c185
< 188c188
< 191c191
< 194c194
< 197c197
< 200c200
< 203c203
< 206c206
< 209c209
202,207d80
< 212c212
< 215c215
< 218c218
< 221c221
< 224c224
< 227c227
209,217d81
< 233c233
< 236c236
< 239c239
< 23c23
< 242c242
< 245c245
< 248c248
< 251c251
< 254c254
219,222d82
< 260c260
< 263c263
< 266c266
< 269c269
224,226d83
< 272c272
< 275c275
< 278c278
228d84
< 284c284
230,234d85
< 290c290
< 293c293
< 296c296
< 299c299
< 29c29
236d86
< 302c302
238d87
< 308c308
241,244d89
< 320c320
< 323c323
< 326c326
< 329c329
247d91
< 338c338
249,253d92
< 344c344
< 347c347
< 350c350
< 353c353
< 356c356
255d93
< 35c35
258,265d95
< 368c368
< 371c371
< 374c374
< 377c377
< 380c380
< 383c383
< 386c386
< 389c389
269,275d98
< 398c398
< 401c401
< 404c404
< 407c407
< 410c410
< 413c413
< 416c416
281d103
< 431c431
286,287d107
< 446c446
< 449c449
289,290d108
< 452c452
< 455c455
296d113
< 476c476
300c117
< 488c488
---
> 485c485
302d118
< 50c50
304d119
< 56c56
311d125
< 74c74
324d137
< < "Anchor [Accelerator key]" = "Anchor";
328,335d140
< < "Astrophotography Stack [Persona Name]" = "Astrophotography Stack";
< < "Astrophotogrphy Stack Persona [Astrophotogrphy Stack Persona]" = "Astrophotography Stack Persona";
< < "AutoFit Column to Contents [Context menu]" = "AutoFit Column to Contents";
< < "AutoFit Column(s) [Context menu]" = "AutoFit Column(s)";
< < "AutoFit Row to Contents [Context menu]" = "AutoFit Row to Contents";
< < "AutoFit Row(s) [Context menu]" = "AutoFit Row(s)";
< < "Batch [Accelerator key]" = "Batch";
< < "Books [Accelerator key]" = "Books";
342d146
< < "Constraint [Accelerator key]" = "Constraint";
344,345d147
< < "Convert Text to Field... [Context menu]" = "Convert Text to Field...";
< < "Cycle Snapping Planes [Accelerator key]" = "Cycle Snapping Planes";
347,357d148
< < "Delete Column [Context menu]" = "Delete Column";
< < "Delete Column(s) [Context menu]" = "Delete Column(s)";
< < "Delete Row [Context menu]" = "Delete Row";
< < "Delete Row(s) [Context menu]" = "Delete Row(s)";
< < "Designer Persona. [ Workspace Warning Caption]" = "Designer Persona.";
< < "Develop Basic [Accelerator key]" = "Develop Basic";
< < "Develop Details [Accelerator key]" = "Develop Details";
< < "Develop Focus [Accelerator key]" = "Develop Focus";
< < "Develop Lens [Accelerator key]" = "Develop Lens";
< < "Develop Location [Accelerator key]" = "Develop Location";
< < "Develop Overlay [Accelerator key]" = "Develop Overlay";
359,360d149
< < "Develop Snapshot [Accelerator key]" = "Develop Snapshot";
< < "Develop Tones [Accelerator key]" = "Develop Tones";
364d152
< < "Edit Field... [Context menu]" = "Edit Field...";
366d153
< < "Enabling \"Save With History\" means that anybody you send this document to can see everything you did to create it.\r\n\r\nDo you still want to enable \"Save With History\"? [Save with History]" = "Enabling \"Save With History\" means that anybody you send this document to can see everything you did to create it.\r\n\r\nDo you still want to enable \"Save With History\"?";
368,370d154
< < "Evenly Distribute Columns [Context menu]" = "Evenly Distribute Columns";
< < "Evenly Distribute Rows [Context menu]" = "Evenly Distribute Rows";
< < "Expand Field [Context menu]" = "Expand Field";
373,377d156
< < "Fade %@… [Raster menu]" = "Fade %@…";
< < "Fade… [Raster menu]" = "Fade…";
< < "Fields [Accelerator key]" = "Fields";
< < "Files [Accelerator key]" = "Files";
< < "Find and Replace [Accelerator key]" = "Find and Replace";
382d160
< < "Hyperlink [Accelerator key]" = "Hyperlink";
384d161
< < "Index [Accelerator key]" = "Index";
386,389d162
< < "Information [Accelerator key]" = "Information";
< < "Insert Column [Context menu]" = "Insert Column";
< < "Insert Hyperlink [Accelerator key]" = "Insert Hyperlink";
< < "Insert Row [Context menu]" = "Insert Row";
395,398d167
< < "Links [Accelerator key]" = "Links";
< < "Liquify Brush [Accelerator key]" = "Liquify Brush";
< < "Liquify Mask [Accelerator key]" = "Liquify Mask";
< < "Liquify Mesh [Accelerator key]" = "Liquify Mesh";
402d170
< < "Look Up \"%@\" [Context menu]" = "Look Up \"%@\"";
405,406d172
< < "Merge Cells [Context menu]" = "Merge Cells";
< < "Metadata [Accelerator key]" = "Metadata";
408d173
< < "Next Blend Mode [Accelerator key]" = "Next Blend Mode";
410,411d174
< < "Notes [Accelerator key]" = "Notes";
< < "Pages [Accelerator key]" = "Pages";
415c178
< < "Photo Persona. [ Workspace Warning Caption]" = "Photo Persona.";
---
> < "Photo [Persona Name]" = "Photo";
417,425d179
< < "Please either commit or cancel the develop operation before switching to another Persona. [Alert - Cancel Develop operation]" = "Please either commit or cancel the develop operation before switching to another Persona.";
< < "Please either commit or cancel the develop operation before switching to another Persona. [Alert - Cancel develop operation]" = "Please either commit or cancel the develop operation before switching to another Persona.";
< < "Please either commit or cancel the liquify operation before switching to another Persona. [Alert cancel liquify operation]" = "Please either commit or cancel the liquify operation before switching to another Persona.";
< < "Please either commit or cancel the panorama before switching to another Persona. [Alert cancel panorama]" = "Please either commit or cancel the panorama before switching to another Persona.";
< < "Please either commit or cancel the stacked image before switching to another Persona. [Alert cancel astro stack]" = "Please either commit or cancel the stacked image before switching to another Persona.";
< < "Please either commit or cancel the tone mapping operation before switching to another Persona. [Alert cancel tone mapping]" = "Please either commit or cancel the tone mapping operation before switching to another Persona.";
< < "Please end your macro recording session before using Develop. [Alert - Macro Recording]" = "Please end your macro recording session before using Develop.";
< < "Please end your macro recording session before using Tone Mapping. [Alert - Macro Recording]" = "Please end your macro recording session before using Tone Mapping.";
< < "Please select a pixel layer or mask before entering Liquify. [Alert - Select raster larey or mask]" = "Please select a pixel layer or mask before entering Liquify.";
427,431d180
< < "Please select an RGB pixel layer before entering HDR. [Alert - Select RGB raster layer]" = "Please select an RGB pixel layer before entering HDR.";
< < "Preflight [Accelerator key]" = "Preflight";
< < "Previous Blend Mode [Accelerator key]" = "Previous Blend Mode";
< < "Quick FX [Accelerator key]" = "Quick FX";
< < "RAW Options [Accelerator key]" = "RAW Options";
434,435d182
< < "Scope [Accelerator key]" = "Scope";
< < "Separate Cells [Context menu]" = "Separate Cells";
437d183
< < "Set Fill to 50% Grey [Accelerator key]" = "Set Fill to 50% Gray";
441,450d186
< < "Sort Ascending [Context menu]" = "Sort Ascending";
< < "Sort Descending [Context menu]" = "Sort Descending";
< < "Sort by Column Ascending [Context menu]" = "Sort by Column Ascending";
< < "Sort by Column Descending [Context menu]" = "Sort by Column Descending";
< < "Sort by Row Ascending [Context menu]" = "Sort by Row Ascending";
< < "Sort by Row Descending [Context menu]" = "Sort by Row Descending";
< < "Sources [Accelerator key]" = "Sources";
< < "Stacked Images [Accelerator key]" = "Stacked Images";
< < "Stacked Options [Accelerator key]" = "Stacked Options";
< < "States [Accelerator key]" = "States";
457,464d192
< < "Switch to Previous View [Accelerator key]" = "Switch to Previous View";
< < "Symbol [Accelerator key]" = "Symbol";
< < "Table Format [Accelerator key]" = "Table Format";
< < "Table [Accelerator key]" = "Table";
< < "Table of Contents [Accelerator key]" = "Table of Contents";
< < "Tags [Accelerator key]" = "Tags";
< < "Technical [Persona Name]" = "Technical";
< < "Text Frame [Accelerator key]" = "Text Frame";
466d193
< < "Toggle Edit Selection As Layer [Toggle Edit Selection As Layer]" = "Toggle Edit Selection As Layer";
468d194
< < "Toggle Frequency Layer [Accelerator key]" = "Toggle Frequency Layer";
470,472d195
< < "Tone Map Overlays [Accelerator key]" = "Tone Map Overlays";
< < "Tone Map Presets [Accelerator key]" = "Tone Map Presets";
< < "Tone Map [Accelerator key]" = "Tone Map";
476,477d198
< < "Unignore Spelling \"%@\" [Context menu]" = "Unignore Spelling \"%@\"";
< < "Unlearn Spelling \"%@\" [Context menu]" = "Unlearn Spelling \"%@\"";
481,640c202,268
< > "32-bit Preview [Accelerator key]" = "32ビットプレビュー";
< > "Add Document Snapshot [Raster]" = "ドキュメントのスナップショットを追加";
< > "Adjustment [Accelerator key]" = "調整";
< > "Anchor [Accelerator key]" = "アンカー";
< > "Appearance [Accelerator key]" = "アピアランス";
< > "Apply [Apply]" = "適用";
< > "Assets [Accelerator key]" = "アセット";
< > "Astrophotography Stack [Persona Name]" = "天体写真スタック";
< > "Astrophotogrphy Stack Persona [Astrophotogrphy Stack Persona]" = "天体写真スタックペルソナ";
< > "AutoFit Column to Contents [Context menu]" = "コンテンツに合わせて列を自動調整";
< > "AutoFit Column(s) [Context menu]" = "列を自動調整";
< > "AutoFit Row to Contents [Context menu]" = "コンテンツに合わせて行を自動調整";
< > "AutoFit Row(s) [Context menu]" = "行を自動調整";
< > "Batch [Accelerator key]" = "一括処理";
< > "Books [Accelerator key]" = "書籍";
< > "Brushes [Accelerator key]" = "ブラシ";
< > "Cancel [Cancel]" = "キャンセル";
< > "Channels [Accelerator key]" = "チャンネル";
< > "Character [Accelerator key]" = "文字";
< > "Clear Mask [Liquify toolbar]" = "マスクを消去";
< > "Colour [Accelerator key]" = "カラー";
< > "Constraint [Accelerator key]" = "制約";
< > "Constraints [Accelerator key]" = "制約";
< > "Convert Text to Field... [Context menu]" = "テキストをフィールドに変換...";
< > "Cycle Snapping Planes [Accelerator key]" = "スナップ面を切り替え";
< > "Cycle View Mode [Accelerator key]" = "サイクルビューモード";
< > "Delete Column [Context menu]" = "列を削除";
< > "Delete Column(s) [Context menu]" = "列を削除";
< > "Delete Row [Context menu]" = "行を削除";
< > "Delete Row(s) [Context menu]" = "行を削除";
< > "Designer Persona. [ Workspace Warning Caption]" = "Designerペルソナ。";
< > "Develop Basic [Accelerator key]" = "基本の現像";
< > "Develop Details [Accelerator key]" = "詳細の現像";
< > "Develop Focus [Accelerator key]" = "フォーカスの現像";
< > "Develop Lens [Accelerator key]" = "レンズの現像";
< > "Develop Location [Accelerator key]" = "場所の現像";
< > "Develop Overlay [Accelerator key]" = "オーバーレイの現像";
< > "Develop Persona [Develop Persona]" = "現像ペルソナ";
< > "Develop Snapshot [Accelerator key]" = "スナップショットを現像";
< > "Develop Tones [Accelerator key]" = "トーンを現像";
< > "Develop [Develop tool context toolbar]" = "現像";
< > "Develop [Persona Name]" = "現像";
< > "Dismiss [Alert - Dismiss - Button]" = "解除";
< > "Edit Field... [Context menu]" = "フィールドを編集...";
< > "Effects [Accelerator key]" = "エフェクト";
< > "Enabling \"Save With History\" means that anybody you send this document to can see everything you did to create it.\r\n\r\nDo you still want to enable \"Save With History\"? [Save with History]" = "\"履歴付きで保存\"を有効にすると、このドキュメントを受け取ったすべてのユーザーは、このドキュメントの作成のために実行されたすべての操作を確認できます。\r\n\r\n本当に\"履歴付きで保存\"を有効にしますか?";
< > "Enter a name for the snapshot [Raster]" = "スナップショット名を入力";
< > "Evenly Distribute Columns [Context menu]" = "列を均等配置";
< > "Evenly Distribute Rows [Context menu]" = "行を均等配置";
< > "Expand Field [Context menu]" = "フィールドを展開";
< > "Export Options [Accelerator key]" = "書き出しオプション";
< > "Export [Persona Name]" = "書き出し";
< > "Fade %@… [Raster menu]" = "%@をフェード…";
< > "Fade… [Raster menu]" = "フェード…";
< > "Fields [Accelerator key]" = "フィールド";
< > "Files [Accelerator key]" = "ファイル";
< > "Find and Replace [Accelerator key]" = "検索して置換";
< > "Find in Layers Panel [Accelerator key]" = "レイヤーパネル内で検索";
< > "Glyph Browser [Accelerator key]" = "グリフブラウザ";
< > "Histogram [Accelerator key]" = "ヒストグラム";
< > "History [Accelerator key]" = "履歴";
< > "Hyperlink [Accelerator key]" = "ハイパーリンク";
< > "Ignore Spelling [Context menu]" = "スペルを無視";
< > "Index [Accelerator key]" = "インデックス";
< > "Info [Accelerator key]" = "情報";
< > "Information [Accelerator key]" = "情報";
< > "Insert Column [Context menu]" = "列を挿入";
< > "Insert Hyperlink [Accelerator key]" = "ハイパーリンクを挿入";
< > "Insert Row [Context menu]" = "行を挿入";
< > "Invert Mask [Liquify toolbar]" = "マスクを反転";
< > "Isometric [Accelerator key]" = "等角投影";
< > "Layers [Accelerator key]" = "レイヤー";
< > "Learn Spelling [Context Menu]" = "スペルを学習";
< > "Library [Accelerator key]" = "ライブラリ";
< > "Links [Accelerator key]" = "リンク";
< > "Liquify Brush [Accelerator key]" = "ゆがみブラシ";
< > "Liquify Mask [Accelerator key]" = "ゆがみマスク";
< > "Liquify Mesh [Accelerator key]" = "ゆがみメッシュ";
< > "Liquify Persona [Liquify Persona]" = "ゆがみペルソナ";
< > "Liquify [Persona Name]" = "ゆがみ";
< > "Location [Accelerator key]" = "場所";
< > "Look Up \"%@\" [Context menu]" = "\"%@\"を検索";
< > "Macro [Accelerator key]" = "マクロ";
< > "Mask All [Liquify toolbar]" = "すべてマスク";
< > "Merge Cells [Context menu]" = "セルを結合";
< > "Metadata [Accelerator key]" = "メタデータ";
< > "Navigator [Accelerator key]" = "ナビゲータ";
< > "Next Blend Mode [Accelerator key]" = "次の描画モード";
< > "No [Save with History]" = "いいえ";
< > "Notes [Accelerator key]" = "ノート";
< > "Pages [Accelerator key]" = "ページ";
< > "Panorama Persona [Panorama Persona]" = "パノラマペルソナ";
< > "Panorama [Persona Name]" = "パノラマ";
< > "Paragraph [Accelerator key]" = "段落";
< > "Photo Persona. [ Workspace Warning Caption]" = "Photoペルソナ。";
< > "Pixel [Persona Name]" = "ピクセル";
< > "Please either commit or cancel the develop operation before switching to another Persona. [Alert - Cancel Develop operation]" = "現像操作をコミットまたはキャンセルしてから別のペルソナに切り替えてください。";
< > "Please either commit or cancel the develop operation before switching to another Persona. [Alert - Cancel develop operation]" = "現像操作をコミットまたはキャンセルしてから別のペルソナに切り替えてください。";
< > "Please either commit or cancel the liquify operation before switching to another Persona. [Alert cancel liquify operation]" = "ゆがみ操作をコミットまたはキャンセルしてから別のペルソナに切り替えてください。";
< > "Please either commit or cancel the panorama before switching to another Persona. [Alert cancel panorama]" = "別のペルソナに切り替える前に、パノラマをコミットまたはキャンセルしてください。";
< > "Please either commit or cancel the stacked image before switching to another Persona. [Alert cancel astro stack]" = "別のペルソナに切り替える前に、スタックされた画像をコミットまたはキャンセルしてください。";
< > "Please either commit or cancel the tone mapping operation before switching to another Persona. [Alert cancel tone mapping]" = "トーンマッピング操作をコミットまたはキャンセルしてから別のペルソナに切り替えてください。";
< > "Please end your macro recording session before using Develop. [Alert - Macro Recording]" = "現像を使用する前にマクロ記録セッションを終了してください。";
< > "Please end your macro recording session before using Tone Mapping. [Alert - Macro Recording]" = "トーンマッピングを使用する前にマクロ記録セッションを終了してください。";
< > "Please select a pixel layer or mask before entering Liquify. [Alert - Select raster larey or mask]" = "ピクセルレイヤーまたはマスクを選択してから[ゆがみ]に入ってください。";
< > "Please select an RGB pixel layer before entering Develop. [Alert - Select raster larey or mask]" = "RGBピクセルレイヤーを選択してから[現像]に入ってください。";
< > "Please select an RGB pixel layer before entering HDR. [Alert - Select RGB raster layer]" = "RGBピクセルレイヤーを選択してから[HDR]に入ってください。";
< > "Preflight [Accelerator key]" = "プリフライト";
< > "Previous Blend Mode [Accelerator key]" = "前の描画モード";
< > "Quick FX [Accelerator key]" = "クイックFX";
< > "RAW Options [Accelerator key]" = "RAWオプション";
< > "Repeat %@ [Raster menu]" = "%@をリピート";
< > "Saving With History [Save with History]" = "履歴付きで保存中";
< > "Scope [Accelerator key]" = "スコープ";
< > "Separate Cells [Context menu]" = "セルを分離";
< > "Set Fill None [Accelerator key]" = "塗りつぶしをなしに設定";
< > "Set Fill to 50% Grey [Accelerator key]" = "塗りつぶしを50%グレーに設定";
< > "Set Fill to Black and White [Accelerator key]" = "塗りつぶしを白黒に設定";
< > "Slices [Accelerator key]" = "スライス";
< > "Snapshots [Accelerator key]" = "スナップショット";
< > "Sort Ascending [Context menu]" = "昇順に並べ替え";
< > "Sort Descending [Context menu]" = "降順に並べ替え";
< > "Sort by Column Ascending [Context menu]" = "列を昇順に並べ替え";
< > "Sort by Column Descending [Context menu]" = "列を降順に並べ替え";
< > "Sort by Row Ascending [Context menu]" = "行を昇順に並べ替え";
< > "Sort by Row Descending [Context menu]" = "行を降順に並べ替え";
< > "Sources [Accelerator key]" = "ソース";
< > "Stacked Images [Accelerator key]" = "スタックされた画像";
< > "Stacked Options [Accelerator key]" = "スタックしたオプション";
< > "States [Accelerator key]" = "ステート";
< > "Stock [Accelerator key]" = "ストック";
< > "Stroke [Accelerator key]" = "境界線";
< > "Styles [Accelerator key]" = "スタイル";
< > "Swap Line and Fill [Accelerator key]" = "線と塗りつぶしを入れ換え";
< > "Swatches [Accelerator key]" = "スウォッチ";
< > "Switch to Next View [Accelerator key]" = "次のビューポイントに切り替え";
< > "Switch to Previous View [Accelerator key]" = "前のビューに切り替え";
< > "Symbol [Accelerator key]" = "シンボル";
< > "Table Format [Accelerator key]" = "表フォーマット";
< > "Table [Accelerator key]" = "表";
< > "Table of Contents [Accelerator key]" = "目次";
< > "Tags [Accelerator key]" = "タグ";
< > "Technical [Persona Name]" = "技術的";
< > "Text Frame [Accelerator key]" = "テキストフレーム";
< > "Text Styles [Accelerator key]" = "テキストスタイル";
< > "Toggle Edit Selection As Layer [Toggle Edit Selection As Layer]" = "選択範囲レイヤー編集を切り替え";
< > "Toggle Fill Context [Accelerator key]" = "塗りつぶしコンテキストを切り替え";
< > "Toggle Frequency Layer [Accelerator key]" = "周波数レイヤーを切り替え";
< > "Toggle Snapping [Accelerator key]" = "スナップを切り替え";
< > "Tone Map Overlays [Accelerator key]" = "トーンマップオーバーレイ";
< > "Tone Map Presets [Accelerator key]" = "トーンマッププリセット";
< > "Tone Map [Accelerator key]" = "トーンマップ";
< > "Tone Mapping Persona [Tone Mapping Persona]" = "トーンマッピングペルソナ";
< > "Tone Mapping [Persona Name]" = "トーンマッピング";
< > "Transform [Accelerator key]" = "変形";
< > "Unignore Spelling \"%@\" [Context menu]" = "スペル\"%@\"の無視を解除";
< > "Unlearn Spelling \"%@\" [Context menu]" = "スペル\"%@\"の学習を解除";
< > "Yes [Save with History]" = "はい";
< > "Zoom In [Accelerator key]" = "ズームイン";
< > "Zoom Out [Accelerator key]" = "ズームアウト";
---
> > "32-bit Preview [Accelerator key]" = "32-비트 미리보기";
> > "Add Document Snapshot [Raster]" = "문서 스냅샷 추가";
> > "Adjustment [Accelerator key]" = "조정";
> > "Appearance [Accelerator key]" = "외관";
> > "Apply [Apply]" = "적용";
> > "Assets [Accelerator key]" = "자산";
> > "Brushes [Accelerator key]" = "브러시";
> > "Cancel [Cancel]" = "취소";
> > "Channels [Accelerator key]" = "채널";
> > "Character [Accelerator key]" = "문자";
> > "Clear Mask [Liquify toolbar]" = "마스크 해제";
> > "Colour [Accelerator key]" = "색상";
> > "Constraints [Accelerator key]" = "제약";
> > "Cycle View Mode [Accelerator key]" = "보기 순환";
> > "Develop Persona [Develop Persona]" = "현상 페르소나";
> > "Develop [Develop tool context toolbar]" = "현상";
> > "Develop [Persona Name]" = "현상";
> > "Dismiss [Alert - Dismiss - Button]" = "해제";
> > "Effects [Accelerator key]" = "효과";
> > "Enter a name for the snapshot [Raster]" = "스냅샷 이름을 입력합니다.";
> > "Export Options [Accelerator key]" = "내보내기 설정";
> > "Export [Persona Name]" = "내보내기";
> > "Find in Layers Panel [Accelerator key]" = "레이어 패널에서 찾기";
> > "Glyph Browser [Accelerator key]" = "글리프 브라우저";
> > "Histogram [Accelerator key]" = "히스토그램";
> > "History [Accelerator key]" = "편집 기록";
> > "Ignore Spelling [Context menu]" = "철자 무시";
> > "Info [Accelerator key]" = "정보";
> > "Invert Mask [Liquify toolbar]" = "마스크 반전";
> > "Isometric [Accelerator key]" = "등각투상";
> > "Layers [Accelerator key]" = "레이어";
> > "Learn Spelling [Context Menu]" = "철자 학습";
> > "Library [Accelerator key]" = "보관함";
> > "Liquify Persona [Liquify Persona]" = "액화 페르소나";
> > "Liquify [Persona Name]" = "액화";
> > "Location [Accelerator key]" = "위치";
> > "Macro [Accelerator key]" = "매크로";
> > "Mask All [Liquify toolbar]" = "모두 마스크";
> > "Navigator [Accelerator key]" = "네비게이터";
> > "No [Save with History]" = "아니오";
> > "Panorama Persona [Panorama Persona]" = "파노라마 페르소나";
> > "Panorama [Persona Name]" = "파노라마";
> > "Paragraph [Accelerator key]" = "문단";
> > "Photo [Persona Name]" = "사진";
> > "Pixel [Persona Name]" = "픽셀";
> > "Please select an RGB pixel layer before entering Develop. [Alert - Select raster larey or mask]" = "현상에 들어가기 전, RGB 픽셀 레이어를 선택해주세요.";
> > "Repeat %@ [Raster menu]" = "%@ 반복";
> > "Saving With History [Save with History]" = "편집 기록과 함께 저장";
> > "Set Fill None [Accelerator key]" = "칠 없음";
> > "Set Fill to Black and White [Accelerator key]" = "흑백으로 칠";
> > "Slices [Accelerator key]" = "슬라이스";
> > "Snapshots [Accelerator key]" = "스냅샷";
> > "Stock [Accelerator key]" = "재고";
> > "Stroke [Accelerator key]" = "선";
> > "Styles [Accelerator key]" = "스타일";
> > "Swap Line and Fill [Accelerator key]" = "선과 칠 교대";
> > "Swatches [Accelerator key]" = "견본";
> > "Switch to Next View [Accelerator key]" = "다음 뷰로 전환";
> > "Text Styles [Accelerator key]" = "텍스트 스타일";
> > "Toggle Fill Context [Accelerator key]" = "칠 상황 켜고 끄기";
> > "Toggle Snapping [Accelerator key]" = "스내핑 켜고 끄기";
> > "Tone Mapping Persona [Tone Mapping Persona]" = "톤 맵핑 페르소나";
> > "Tone Mapping [Persona Name]" = "톤 맵핑";
> > "Transform [Accelerator key]" = "변형";
> > "Yes [Save with History]" = "예";
> > "Zoom In [Accelerator key]" = "확대";
> > "Zoom Out [Accelerator key]" = "축소";
