2c2
< "Default" = "Default";
---
> "Default" = "デフォルト";
5c5
< "Convert to sRGB" = "Convert to sRGB";
---
> "Convert to sRGB" = "sRGBに変換";
8c8
< "Strip metadata" = "Strip metadata";
---
> "Strip metadata" = "メタデータを削除";
11c11
< "Black & White" = "Black & White";
---
> "Black & White" = "白黒";
14c14
< "Flip Horizontal" = "Flip Horizontal";
---
> "Flip Horizontal" = "左右反転";
17c17
< "Flip Vertical" = "Flip Vertical";
---
> "Flip Vertical" = "上下反転";
20c20
< "Default" = "Default";
---
> "Default" = "デフォルト";
23c23
< "Convert to sRGB" = "Convert to sRGB";
---
> "Convert to sRGB" = "sRGBに変換";
26c26
< "Strip metadata" = "Strip metadata";
---
> "Strip metadata" = "メタデータを削除";
29c29
< "Black & White" = "Black & White";
---
> "Black & White" = "白黒";
32c32
< "Flip Horizontal" = "Flip Horizontal";
---
> "Flip Horizontal" = "左右反転";
35c35
< "Flip Vertical" = "Flip Vertical";
---
> "Flip Vertical" = "上下反転";
