2,54c2,43
< 1002c1002
< 1005c1005
< 1008c1008
< 1011c1011
< 1014c1014
< 1017c1017
< 1020c1020
< 1023c1023
< 1026c1026
< 1029c1029
< 102c102
< 1032c1032
< 1035c1035
< 1038c1038
< 1041c1041
< 1044c1044
< 1047c1047
< 1050c1050
< 1053c1053
< 1056c1056
< 1059c1059
< 105c105
< 1062c1062
< 1065c1065
< 1068c1068
< 1071c1071
< 1074c1074
< 1077c1077
< 1080c1080
< 1083c1083
< 1086c1086
< 1089c1089
< 108c108
< 1092c1092
< 1095c1095
< 1098c1098
< 1101c1101
< 1104c1104
< 1107c1107
< 1110c1110
< 1113c1113
< 1116c1116
< 1119c1119
< 111c111
< 1122c1122
< 1125c1125
< 1128c1128
< 1131c1131
< 1134c1134
< 1137c1137
< 1140c1140
< 1143c1143
< 1146c1146
---
> 1001,1002c1001,1002
> 1004,1005c1004,1005
> 1007,1008c1007,1008
> 101,102c101,102
> 1013,1014c1013,1014
> 1016,1017c1016,1017
> 1019,1020c1019,1020
> 1028,1029c1028,1029
> 1031,1032c1031,1032
> 104,105c104,105
> 1040,1041c1040,1041
> 1043,1044c1043,1044
> 1046,1047c1046,1047
> 1049,1050c1049,1050
> 1052,1053c1052,1053
> 1055,1056c1055,1056
> 1058,1059c1058,1059
> 1061,1062c1061,1062
> 1064,1065c1064,1065
> 1067,1068c1067,1068
> 107,108c107,108
> 1070,1071c1070,1071
> 1076,1077c1076,1077
> 1079,1080c1079,1080
> 1082,1083c1082,1083
> 1085,1086c1085,1086
> 1091,1092c1091,1092
> 1094,1095c1094,1095
> 1097,1098c1097,1098
> 11,12c11,12
> 110,111c110,111
> 1103,1104c1103,1104
> 1109,1110c1109,1110
> 1112,1113c1112,1113
> 1115,1116c1115,1116
> 1118,1119c1118,1119
> 1127,1128c1127,1128
> 113,114c113,114
> 1133,1134c1133,1134
> 1139,1140c1139,1140
> 1142,1143c1142,1143
> 1145,1146c1145,1146
56,104c45,80
< 114c114
< 1152c1152
< 1155c1155
< 1158c1158
< 1161c1161
< 1164c1164
< 1167c1167
< 1170c1170
< 1173c1173
< 1176c1176
< 1179c1179
< 117c117
< 1182c1182
< 1185c1185
< 1188c1188
< 1191c1191
< 1194c1194
< 1197c1197
< 1200c1200
< 1203c1203
< 1206c1206
< 1209c1209
< 120c120
< 1212c1212
< 1215c1215
< 1218c1218
< 1221c1221
< 1224c1224
< 1227c1227
< 1230c1230
< 1233c1233
< 1236c1236
< 1239c1239
< 123c123
< 1242c1242
< 1245c1245
< 1248c1248
< 1251c1251
< 1254c1254
< 1257c1257
< 1260c1260
< 1266c1266
< 1269c1269
< 126c126
< 1272c1272
< 1275c1275
< 1278c1278
< 1281c1281
< 1284c1284
---
> 1151,1152c1151,1152
> 1157,1158c1157,1158
> 116,117c116,117
> 1163,1164c1163,1164
> 1169,1170c1169,1170
> 1172,1173c1172,1173
> 1175,1176c1175,1176
> 1178c1178
> 1181,1182c1181,1182
> 1184,1185c1184,1185
> 1187,1188c1187,1188
> 1193,1194c1193,1194
> 1199,1200c1199,1200
> 119c119
> 1205,1206c1205,1206
> 1208,1209c1208,1209
> 1211,1212c1211,1212
> 1214,1215c1214,1215
> 1217,1218c1217,1218
> 1220,1221c1220,1221
> 1223,1224c1223,1224
> 1226,1227c1226,1227
> 1229,1230c1229,1230
> 122c122
> 1232,1233c1232,1233
> 1235,1236c1235,1236
> 1238,1239c1238,1239
> 1244,1245c1244,1245
> 125,126c125,126
> 1253,1254c1253,1254
> 1259,1260c1259,1260
> 1268,1269c1268,1269
> 1271,1272c1271,1272
> 1274,1275c1274,1275
> 128,129c128,129
> 1283,1284c1283,1284
106,112c82,84
< 1290c1290
< 1293c1293
< 1296c1296
< 1299c1299
< 129c129
< 12c12
< 1302c1302
---
> 1289,1290c1289,1290
> 1298,1299c1298,1299
> 1301,1302c1301,1302
114,154c86,120
< 1308c1308
< 1311c1311
< 1314c1314
< 1317c1317
< 1320c1320
< 1323c1323
< 1326c1326
< 1329c1329
< 132c132
< 1332c1332
< 1335c1335
< 1338c1338
< 1341c1341
< 1344c1344
< 1347c1347
< 1350c1350
< 1353c1353
< 1356c1356
< 1359c1359
< 135c135
< 1362c1362
< 1365c1365
< 1371c1371
< 1374c1374
< 138c138
< 141c141
< 144c144
< 150c150
< 153c153
< 156c156
< 159c159
< 15c15
< 162c162
< 165c165
< 168c168
< 171c171
< 174c174
< 177c177
< 180c180
< 183c183
< 186c186
---
> 1307,1308c1307,1308
> 1310,1311c1310,1311
> 1313,1314c1313,1314
> 1319,1320c1319,1320
> 1322,1323c1322,1323
> 1328,1329c1328,1329
> 1331,1332c1331,1332
> 1334,1335c1334,1335
> 1337,1338c1337,1338
> 134,135c134,135
> 1340,1341c1340,1341
> 1343,1344c1343,1344
> 1346,1347c1346,1347
> 1358,1359c1358,1359
> 1361,1362c1361,1362
> 137,138c137,138
> 1370,1371c1370,1371
> 1373,1374c1373,1374
> 14,15c14,15
> 140,141c140,141
> 143,144c143,144
> 149,150c149,150
> 152,153c152,153
> 155,156c155,156
> 158,159c158,159
> 161,162c161,162
> 164,165c164,165
> 167,168c167,168
> 17,18c17,18
> 170,171c170,171
> 173,174c173,174
> 176,177c176,177
> 179,180c179,180
> 182,183c182,183
> 185,186c185,186
157,206c123,172
< 195c195
< 198c198
< 201c201
< 204c204
< 207c207
< 210c210
< 213c213
< 216c216
< 219c219
< 21c21
< 222c222
< 225c225
< 228c228
< 231c231
< 234c234
< 237c237
< 240c240
< 243c243
< 246c246
< 249c249
< 24c24
< 252c252
< 255c255
< 258c258
< 261c261
< 264c264
< 267c267
< 270c270
< 273c273
< 276c276
< 279c279
< 27c27
< 282c282
< 285c285
< 288c288
< 291c291
< 294c294
< 297c297
< 300c300
< 303c303
< 306c306
< 309c309
< 30c30
< 312c312
< 315c315
< 318c318
< 321c321
< 324c324
< 327c327
< 330c330
---
> 194,195c194,195
> 197,198c197,198
> 20,21c20,21
> 200,201c200,201
> 203,204c203,204
> 206,207c206,207
> 209,210c209,210
> 212,213c212,213
> 215,216c215,216
> 218,219c218,219
> 221,222c221,222
> 224,225c224,225
> 227,228c227,228
> 23,24c23,24
> 230,231c230,231
> 233,234c233,234
> 236,237c236,237
> 239,240c239,240
> 242,243c242,243
> 245,246c245,246
> 248,249c248,249
> 251,252c251,252
> 254,255c254,255
> 257,258c257,258
> 26,27c26,27
> 263,264c263,264
> 266,267c266,267
> 269,270c269,270
> 272c272
> 275,276c275,276
> 278,279c278,279
> 281,282c281,282
> 284,285c284,285
> 287,288c287,288
> 29,30c29,30
> 290,291c290,291
> 293,294c293,294
> 296,297c296,297
> 299,300c299,300
> 302,303c302,303
> 305,306c305,306
> 308,309c308,309
> 311,312c311,312
> 314,315c314,315
> 317,318c317,318
> 32,33c32,33
> 320,321c320,321
> 323,324c323,324
> 326,327c326,327
> 329,330c329,330
209,321c175,254
< 339c339
< 33c33
< 342c342
< 345c345
< 348c348
< 351c351
< 354c354
< 357c357
< 360c360
< 363c363
< 366c366
< 369c369
< 372c372
< 375c375
< 378c378
< 381c381
< 384c384
< 387c387
< 390c390
< 393c393
< 396c396
< 399c399
< 39c39
< 3c3
< 402c402
< 405c405
< 408c408
< 411c411
< 414c414
< 417c417
< 420c420
< 423c423
< 426c426
< 429c429
< 42c42
< 432c432
< 435c435
< 438c438
< 441c441
< 444c444
< 447c447
< 450c450
< 453c453
< 456c456
< 459c459
< 45c45
< 462c462
< 465c465
< 471c471
< 474c474
< 477c477
< 480c480
< 483c483
< 486c486
< 489c489
< 48c48
< 492c492
< 495c495
< 498c498
< 501c501
< 504c504
< 507c507
< 510c510
< 513c513
< 516c516
< 519c519
< 51c51
< 522c522
< 525c525
< 528c528
< 531c531
< 534c534
< 537c537
< 540c540
< 543c543
< 546c546
< 549c549
< 54c54
< 552c552
< 555c555
< 558c558
< 561c561
< 564c564
< 567c567
< 570c570
< 573c573
< 576c576
< 579c579
< 57c57
< 582c582
< 585c585
< 588c588
< 591c591
< 594c594
< 597c597
< 600c600
< 603c603
< 606c606
< 609c609
< 60c60
< 612c612
< 615c615
< 618c618
< 621c621
< 624c624
< 627c627
< 630c630
< 633c633
< 636c636
< 639c639
< 63c63
< 642c642
< 645c645
---
> 338,339c338,339
> 341,342c341,342
> 344,345c344,345
> 35,36c35,36
> 350,351c350,351
> 353,354c353,354
> 368,369c368,369
> 371,372c371,372
> 374,375c374,375
> 377,378c377,378
> 38,39c38,39
> 383,384c383,384
> 386,387c386,387
> 392,393c392,393
> 395,396c395,396
> 407,408c407,408
> 41,42c41,42
> 416,417c416,417
> 419,420c419,420
> 425,426c425,426
> 428,429c428,429
> 431,432c431,432
> 434,435c434,435
> 44,45c44,45
> 440,441c440,441
> 446,447c446,447
> 449,450c449,450
> 458,459c458,459
> 464,465c464,465
> 47,48c47,48
> 470,471c470,471
> 473,474c473,474
> 485,486c485,486
> 488,489c488,489
> 491c491
> 494,495c494,495
> 497,498c497,498
> 5,6c5,6
> 50,51c50,51
> 500,501c500,501
> 503,504c503,504
> 506,507c506,507
> 515,516c515,516
> 521,522c521,522
> 527,528c527,528
> 53,54c53,54
> 531c531
> 536,537c536,537
> 539,540c539,540
> 542,543c542,543
> 545,546c545,546
> 548,549c548,549
> 551,552c551,552
> 56,57c56,57
> 560,561c560,561
> 563,564c563,564
> 566,567c566,567
> 569,570c569,570
> 572,573c572,573
> 575,576c575,576
> 578,579c578,579
> 581,582c581,582
> 584,585c584,585
> 59,60c59,60
> 590,591c590,591
> 593,594c593,594
> 596,600c596,597
> 602,603c599,600
> 604a602,604
> 608,609c608,609
> 611,612c611,612
> 617,618c617,618
> 62,63c62,63
> 620,621c620,621
> 629,630c629,630
> 632,633c632,633
> 635,636c635,636
> 638,639c638,639
> 641,642c641,642
> 644,645c644,645
323,400c256,313
< 651c651
< 654c654
< 657c657
< 660c660
< 663c663
< 666c666
< 669c669
< 66c66
< 672c672
< 675c675
< 678c678
< 681c681
< 684c684
< 687c687
< 690c690
< 693c693
< 696c696
< 699c699
< 69c69
< 6c6
< 702c702
< 705c705
< 708c708
< 711c711
< 714c714
< 717c717
< 720c720
< 723c723
< 726c726
< 729c729
< 72c72
< 732c732
< 735c735
< 738c738
< 741c741
< 744c744
< 747c747
< 750c750
< 756c756
< 759c759
< 75c75
< 762c762
< 765c765
< 768c768
< 771c771
< 774c774
< 777c777
< 783c783
< 786c786
< 789c789
< 78c78
< 792c792
< 795c795
< 798c798
< 801c801
< 804c804
< 807c807
< 810c810
< 813c813
< 816c816
< 819c819
< 81c81
< 822c822
< 825c825
< 828c828
< 831c831
< 834c834
< 837c837
< 840c840
< 843c843
< 846c846
< 849c849
< 84c84
< 852c852
< 855c855
< 858c858
< 861c861
< 864c864
---
> 65,66c65,66
> 650,651c650,651
> 653,654c653,654
> 656,657c656,657
> 659,660c659,660
> 665,666c665,666
> 668,669c668,669
> 671,672c671,672
> 674,675c674,675
> 677,678c677,678
> 68,69c68,69
> 680,681c680,681
> 686,687c686,687
> 689,690c689,690
> 692,693c692,693
> 704,705c704,705
> 707,708c707,708
> 71,72c71,72
> 710,711c710,711
> 713,714c713,714
> 716,717c716,717
> 719,720c719,720
> 722,723c722,723
> 725,726c725,726
> 734,738c734,735
> 74,75c74,75
> 740,741c737,738
> 742a740,742
> 746,747c746,747
> 749,750c749,750
> 755,756c755,756
> 758,759c758,759
> 761,762c761,762
> 764,765c764,765
> 767,768c767,768
> 77,78c77,78
> 770,771c770,771
> 776,777c776,777
> 782,783c782,783
> 794,795c794,795
> 8,9c8,9
> 80,81c80,81
> 800,801c800,801
> 803,804c803,804
> 812,813c812,813
> 818,819c818,819
> 827,828c827,828
> 83,84c83,84
> 830,831c830,831
> 833,834c833,834
> 836,837c836,837
> 842,843c842,843
> 845,846c845,846
> 851,852c851,852
> 857,858c857,858
> 86,87c86,87
> 860,861c860,861
> 863,864c863,864
402,451c315,349
< 870c870
< 876c876
< 879c879
< 87c87
< 882c882
< 885c885
< 888c888
< 891c891
< 894c894
< 897c897
< 900c900
< 903c903
< 906c906
< 909c909
< 90c90
< 912c912
< 915c915
< 918c918
< 921c921
< 924c924
< 927c927
< 930c930
< 933c933
< 936c936
< 939c939
< 93c93
< 942c942
< 945c945
< 948c948
< 951c951
< 954c954
< 957c957
< 960c960
< 963c963
< 966c966
< 969c969
< 96c96
< 972c972
< 975c975
< 978c978
< 981c981
< 984c984
< 987c987
< 990c990
< 993c993
< 996c996
< 999c999
< 99c99
< 9c9
< < "03H-3G-q2f.title" = "Fill & Stroke Color";
---
> 869,870c869,870
> 875,876c875,876
> 878,879c878,879
> 884,885c884,885
> 887,888c887,888
> 89,90c89,90
> 890,891c890,891
> 896,897c896,897
> 899,900c899,900
> 902,903c902,903
> 914,915c914,915
> 917,918c917,918
> 92,93c92,93
> 923,924c923,924
> 929,930c929,930
> 932,933c932,933
> 935,936c935,936
> 941,942c941,942
> 944,945c944,945
> 95,96c95,96
> 950,951c950,951
> 959,960c959,960
> 965,966c965,966
> 968,969c968,969
> 974,975c974,975
> 977,978c977,978
> 98,99c98,99
> 980,981c980,981
> 983,984c983,984
> 986,987c986,987
> 989,990c989,990
> 992,993c992,993
> 995,996c995,996
> 998,999c998,999
> < 
454,455d351
< < "0fT-Sr-Ifk.title" = "Fish Eye";
< < "0tM-6R-DNP.title" = "Return to Owner…";
495d390
< < "1315.title" = "Snapping…";
499d393
< < "1339.title" = "Rasterize…";
524,525d417
< < "1Ag-BQ-9Se.title" = "Last Used";
< < "1D2-kr-6j6.title" = "Select Parent";
530d421
< < "25J-yS-Kiu.title" = "Send To…";
533d423
< < "2K7-fY-819.title" = "Crash";
536,538d425
< < "2cA-Ot-DPA.title" = "Create Symbol";
< < "2oN-9E-54c.title" = "Recolor…";
< < "2pa-27-3IL.title" = "Less (or Equal)";
540,541d426
< < "3E2-hB-5Oh.title" = "Visit Affinity Spotlight";
< < "3N7-OT-Jpe.title" = "Select Hidden Objects";
544d428
< < "4Bb-8z-B0H.title" = "Grayscale";
549d432
< < "4Ju-Bm-gPf.title" = "Greater (or Equal)";
551d433
< < "4rG-6L-t5v.title" = "Collapse All in Layers Panel";
554,555d435
< < "57V-hj-fNT.title" = "Less";
< < "57y-UG-He6.title" = "More…";
557d436
< < "5W5-ef-wZS.title" = "Wireframe";
561,564d439
< < "6JT-zO-nw1.title" = "What's New";
< < "6WR-iC-VYu.title" = "Publisher Persona";
< < "6mz-fo-lZk.title" = "Equal";
< < "795.title" = "MainMenu";
567d441
< < "7lg-Xj-Nqc.title" = "Synchronize from Selection";
572a447
> < "806.title" = "Persona";
577a453
> < "815.title" = "Persona";
608,609d483
< < "890.title" = "Customize Tools…";
< < "892.title" = "Customize Toolbar…";
612,613d485
< < "8VB-ec-NxX.title" = "Import Content…";
< < "8XZ-3F-J7Q.title" = "Color Balance…";
615d486
< < "8dw-aH-pr7.title" = "Select All on Current Layer";
618,619d488
< < "951.title" = "${PRODUCT_NAME} Help";
< < "95v-qm-PSW.title" = "YouTube Creative Sessions";
624d492
< < "9vl-Fq-6Gi.title" = "Less (or Equal)";
631,632d498
< < "BGh-pS-GJv.title" = "Twist";
< < "BdS-BV-67N.title" = "Less";
642d507
< < "D6J-cR-LeQ.title" = "Normals…";
648d512
< < "E1K-4B-oHB.title" = "Preview Mode";
651d514
< < "Eig-Wp-DUQ.title" = "Expand Field";
654,655d516
< < "FyW-SF-wKx.title" = "Video Tutorials";
< < "GHj-zp-CnA.title" = "Bend - Horizontal";
667d527
< < "Jhq-5D-oac.title" = "Convert to Art Text";
674d533
< < "L5K-hB-Gxi.title" = "New from Last Preset…";
678,680d536
< < "LHT-vN-UZy.title" = "Brightness / Contrast…";
< < "LIr-zN-cde.title" = "Hairline";
< < "Lbs-Rh-6Mh.title" = "Split Toning…";
689,690d544
< < "NNU-8b-jeZ.title" = "Greater";
< < "NVd-R0-tUN.title" = "Float View to Window";
694d547
< < "P9A-9g-GJV.title" = "Curves…";
703d555
< < "RM3-3p-ykK.title" = "Greater (or Equal)";
706,708d557
< < "RzY-bE-zWl.title" = "Remove Inner Curves";
< < "S46-Lh-2FU.title" = "Gradient Map…";
< < "S5T-is-gKS.title" = "X-ray";
710d558
< < "Sf9-Lg-Lwe.title" = "Guides…";
713,714d560
< < "SzY-r2-WSv.title" = "Perspective";
< < "T3o-pw-aPm.title" = "Debug";
716d561
< < "TJM-fO-qnP.title" = "Exposure…";
718,719d562
< < "UB3-iW-qSw.title" = "${PRODUCT_NAME} Learning Portal";
< < "UUc-Jq-IdK.title" = "Duplicate Linked";
724d566
< < "VdO-cR-ZME.title" = "Fill Holes";
727d568
< < "W8b-dY-eJw.title" = "Document Info";
729d569
< < "Wh6-4W-cyG.title" = "Shadows / Highlights…";
737d576
< < "YgC-61-e1F.title" = "Select Hidden Objects";
741d579
< < "aCZ-ah-OSm.title" = "Cut Curves with Key Object";
745,747d582
< < "aWy-W9-qvH.title" = "Show Special Characters";
< < "acD-08-8qg.title" = "Merge Curves";
< < "anP-wt-8Zb.title" = "Mask to Below";
750d584
< < "bWR-Jk-I5e.title" = "Quad";
752d585
< < "bqn-df-XTc.title" = "Cycle Selection Box";
756d588
< < "c3B-E5-JBK.title" = "Threshold…";
759d590
< < "cZM-eD-ia4.title" = "Warp Group";
761,762d591
< < "cl7-Vi-w36.title" = "Equal";
< < "clR-2b-X7w.title" = "Add Symbol";
764d592
< < "d26-dk-aaZ.title" = "Equal";
767d594
< < "dXL-bm-XxD.title" = "Greater";
780d606
< < "ffx-jO-M7o.title" = "Save as Regression Unit";
784,785d609
< < "gKI-Sv-Veu.title" = "Greater (or Equal)";
< < "gVD-Wo-QQs.title" = "Less (or Equal)";
788,789d611
< < "gm0-Mc-hjK.title" = "Lens Filter…";
< < "gmY-q1-aUV.title" = "Visit Support Forums";
801d622
< < "ixW-wO-Chb.title" = "Arc - Vertical";
806d626
< < "jJZ-pa-JcY.title" = "Select Top";
810d629
< < "jww-6e-Ca7.title" = "White Balance…";
812d630
< < "k91-tF-Luv.title" = "Warp Group";
817,818d634
< < "m00-Q6-rFQ.title" = "Edit in Designer…";
< < "mA1-bf-Wmb.title" = "Debug";
820d635
< < "mMk-G7-H6c.title" = "Quickstart Guide";
822d636
< < "mn9-7n-ayh.title" = "Arc - Horizontal";
828d641
< < "nKc-4f-DFb.title" = "Posterize…";
830d642
< < "nWr-NY-sBT.title" = "Select Bottom";
832d643
< < "o11-hY-Ori.title" = "Grid and Axis…";
836d646
< < "oOY-9c-N1Y.title" = "Rasterize to Mask";
840d649
< < "one-1e-Myx.title" = "Save Restricted As… ";
842d650
< < "pBK-ij-zMD.title" = "Show Pixel Grid";
844d651
< < "pRA-rt-8gl.title" = "Less";
857d663
< < "qs3-sj-swt.title" = "Ignore Misspelled Word";
859,860d664
< < "r7C-jO-2cT.title" = "One Side";
< < "rHc-j2-wq4.title" = "Selective Color…";
862d665
< < "rty-EZ-0iT.title" = "Show Others";
864d666
< < "sgP-L6-NVV.title" = "Separate Curves";
868,869d669
< < "uMi-q5-xx8.title" = "Channel Mixer…";
< < "uQV-XK-k3k.title" = "Black & White…";
873,874d672
< < "v2c-h8-gxz.title" = "Vibrance…";
< < "vKQ-Jf-lan.title" = "Soft Proof…";
881d678
< < "wln-cq-Ueb.title" = "Hide Effects";
884d680
< < "xH3-r5-PQY.title" = "Wireframe";
892,894d687
< < "yer-w8-CeL.title" = "Levels…";
< < "yn9-Kv-EjN.title" = "Bend - Vertical";
< < "zDf-AA-3ZY.title" = "Greater";
897d689
< < "zi0-2J-ff0.title" = "Rename Layer…";
900,1348c692,1708
< > "03H-3G-q2f.title" = "塗りつぶし&境界線カラー";
< > "0Gn-Ti-FSz.title" = "ピクセルオブジェクト";
< > "0QN-SF-zfs.title" = "回転をリセット";
< > "0fT-Sr-Ifk.title" = "魚眼";
< > "0tM-6R-DNP.title" = "所有者に返す…";
< > "1062.title" = "複製";
< > "1075.title" = "画面サイズに合わせる";
< > "1087.title" = "マージンを表示";
< > "1088.title" = "ガイドを表示";
< > "1089.title" = "グリッドを表示";
< > "1093.title" = "新規ビュー";
< > "1107.title" = "ピクセル";
< > "1130.title" = "ロック";
< > "1131.title" = "ロックを解除";
< > "1189.title" = "テキスト";
< > "1190.title" = "テキスト";
< > "1191.title" = "文字の特性";
< > "1192.title" = "行揃え";
< > "1193.title" = "行揃え";
< > "1194.title" = "左揃え";
< > "1195.title" = "中央揃え";
< > "1196.title" = "均等配置(最終行中央揃え)";
< > "1197.title" = "右揃え";
< > "1214.title" = "文字の特性";
< > "1216.title" = "太字";
< > "1217.title" = "斜体";
< > "1218.title" = "下線";
< > "1223.title" = "間隔";
< > "1224.title" = "合字";
< > "1225.title" = "ベースライン";
< > "1231.title" = "ベースライン";
< > "1232.title" = "デフォルトを使用";
< > "1233.title" = "上付き文字";
< > "1234.title" = "下付き文字";
< > "1237.title" = "合字";
< > "1238.title" = "何も使用しない";
< > "1241.title" = "間隔";
< > "1242.title" = "デフォルトを使用";
< > "1243.title" = "何も使用しない";
< > "1244.title" = "狭める";
< > "1245.title" = "さらに拡げる";
< > "1305.title" = "スタイルを作成";
< > "1307.title" = "カーブに変換";
< > "1310.title" = "配置…";
< > "1315.title" = "スナップ…";
< > "1325.title" = "スタイルをペースト";
< > "1329.title" = "ズームイン";
< > "1331.title" = "ズームアウト";
< > "1339.title" = "ラスタライズ…";
< > "1353.title" = "ビュー";
< > "1357.title" = "ビュー";
< > "1362.title" = "ビューモード";
< > "1364.title" = "ビューモード";
< > "1366.title" = "ベクター";
< > "1383.title" = "交互(奇数-偶数)";
< > "1385.title" = "塗りつぶしモード";
< > "1386.title" = "塗りつぶしモード";
< > "1390.title" = "ワインディング(非ゼロ)";
< > "1457.title" = "ルーラーを表示";
< > "1464.title" = "文字を挿入";
< > "1465.title" = "文字を挿入";
< > "1466.title" = "改行";
< > "1467.title" = "全角スペース";
< > "1468.title" = "半角スペース";
< > "1469.title" = "分散禁止ハイフン";
< > "1470.title" = "ゼロ幅スペース";
< > "1471.title" = "ソフトハイフン";
< > "1478.title" = "分散禁止スペース";
< > "1520.title" = "大文字に変更";
< > "1521.title" = "大文字に変更";
< > "1522.title" = "なし";
< > "1523.title" = "スモールキャップス";
< > "1524.title" = "オールキャップス";
< > "1Ag-BQ-9Se.title" = "最後の使用";
< > "1D2-kr-6j6.title" = "親を選択";
< > "1FW-iW-Qrj.title" = "すべて閉じる";
< > "1Xp-ax-Yd8.title" = "段落スタイルなしを設定";
< > "1cY-eD-FYh.title" = "テキストの回り込みを無視";
< > "1fK-86-ju6.title" = "背面へ";
< > "25J-yS-Kiu.title" = "送信先…";
< > "28B-UL-jS6.title" = "未使用のスタイルを削除";
< > "2DS-OJ-9gj.title" = "内側にペースト";
< > "2K7-fY-819.title" = "クラッシュ";
< > "2Vd-C7-OhK.title" = "Photoで編集…";
< > "2Xc-mb-2dz.title" = "すべてロック解除";
< > "2cA-Ot-DPA.title" = "シンボルを作成";
< > "2oN-9E-54c.title" = "リカラー…";
< > "2pa-27-3IL.title" = "以下";
< > "33O-rq-hBH.title" = "フィラーテキストを挿入";
< > "3E2-hB-5Oh.title" = "Affinity Spotlightに移動";
< > "3N7-OT-Jpe.title" = "非表示のオブジェクトを選択";
< > "3PK-kV-rhH.title" = "テキストスタイル";
< > "3x7-NM-FhS.title" = "リソースマネージャー...";
< > "4Bb-8z-B0H.title" = "グレースケール";
< > "4FN-26-KZw.title" = "変形";
< > "4Id-nX-N7H.title" = "狭い";
< > "4Jc-Wo-kBd.title" = "ベースラインを下げる";
< > "4Jt-hw-bJu.title" = "打ち消し線";
< > "4Ju-Bm-gPf.title" = "以上";
< > "4Rx-il-gRN.title" = "厳密な拡大";
< > "4rG-6L-t5v.title" = "レイヤーパネルですべて折りたたむ";
< > "4ty-1I-i2t.title" = "スプレッド設定…";
< > "4y3-gR-cgv.title" = "パステキスト";
< > "57V-hj-fNT.title" = "未満";
< > "57y-UG-He6.title" = "その他…";
< > "5Jc-FA-nGp.title" = "行揃え";
< > "5W5-ef-wZS.title" = "ワイヤーフレーム";
< > "5nI-p6-hYu.title" = "追加";
< > "5vY-2i-N05.title" = "上下反転";
< > "67w-fZ-emw.title" = "高さ";
< > "6JT-zO-nw1.title" = "${PRODUCT_NAME}の最新情報";
< > "6WR-iC-VYu.title" = "Publisherペルソナ";
< > "6mz-fo-lZk.title" = "等しい";
< > "795.title" = "メインメニュー";
< > "7Ru-0w-rUG.title" = "カラムガイドを表示";
< > "7ef-qq-INZ.title" = "スタジオ";
< > "7lg-Xj-Nqc.title" = "選択範囲から同期";
< > "7qR-Uq-p4B.title" = "幅";
< > "801.title" = "ヘルプ";
< > "803.title" = "表示";
< > "804.title" = "ファイル";
< > "805.title" = "編集";
< > "807.title" = "ウィンドウ";
< > "808.title" = "ウィンドウ";
< > "811.title" = "最小化";
< > "812.title" = "ズーム";
< > "813.title" = "フルスクリーン切り替え";
< > "816.title" = "他を隠す";
< > "818.title" = "サービス";
< > "821.title" = "環境設定…";
< > "823.title" = "終了";
< > "824.title" = "すべて表示";
< > "825.title" = "非表示";
< > "826.title" = "製品情報…";
< > "827.title" = "サービス";
< > "828.title" = "編集";
< > "82H-vD-VqR.title" = "コンテキストツールバーを表示";
< > "835.title" = "やり直し";
< > "837.title" = "コピー";
< > "838.title" = "ペースト";
< > "839.title" = "カット";
< > "83W-2Y-rL5.title" = "厳密な縮小";
< > "841.title" = "取り消し";
< > "842.title" = "すべて選択";
< > "843.title" = "削除";
< > "86E-yX-Rtm.title" = "エフェクトをペースト";
< > "873.title" = "ファイル";
< > "874.title" = "名前を付けて保存…";
< > "881.title" = "閉じる";
< > "882.title" = "ドキュメント設定…";
< > "883.title" = "最近使用したドキュメントを開く";
< > "884.title" = "新規…";
< > "885.title" = "開く…";
< > "886.title" = "プリント…";
< > "887.title" = "最近使用したドキュメントを開く";
< > "888.title" = "最近使用したファイルのリストを消去";
< > "889.title" = "表示";
< > "890.title" = "ツールをカスタマイズ…";
< > "892.title" = "ツールバーをカスタマイズ…";
< > "893.title" = "ツールバーを表示";
< > "8PK-Bh-XtU.title" = "マイアカウント...";
< > "8VB-ec-NxX.title" = "コンテンツをインポート…";
< > "8XZ-3F-J7Q.title" = "カラーバランス…";
< > "8Zv-Bg-xT2.title" = "段落の行送り";
< > "8dw-aH-pr7.title" = "現在のレイヤーにあるすべてを選択";
< > "8nY-ha-31n.title" = "水平方向に均等配置";
< > "950.title" = "ヘルプ";
< > "951.title" = "${PRODUCT_NAME}ヘルプ";
< > "95v-qm-PSW.title" = "YouTubeクリエイティブセッション";
< > "984.title" = "グループ解除";
< > "985.title" = "グループ化";
< > "9DK-kK-Ag2.title" = "フィギュアダッシュ";
< > "9sI-hO-Md4.title" = "中央揃え";
< > "9vl-Fq-6Gi.title" = "以下";
< > "9w8-n8-uYP.title" = "プリセットを追加…";
< > "9zQ-Cn-yqa.title" = "上揃え";
< > "A5T-yU-cZR.title" = "新規ピクセルレイヤー";
< > "AVQ-lj-f4d.title" = "ベーススタイルを再適用";
< > "An6-fu-Y1p.title" = "キャンバスに合わせてクリップ";
< > "B7B-su-xmv.title" = "段落スタイルを削除";
< > "BGh-pS-GJv.title" = "ツイスト";
< > "BdS-BV-67N.title" = "未満";
< > "Ble-xh-JDc.title" = "フレームテキスト";
< > "Bpk-Xm-rEK.title" = "挿入";
< > "CNR-fc-huC.title" = "ガイドをロック";
< > "CRc-Cr-N5j.title" = "クリップボードから新規作成";
< > "CTb-NC-gUj.title" = "スペルチェック";
< > "CfD-Er-w2q.title" = "分割表示";
< > "Crq-Tz-Jvc.title" = "上";
< > "CvI-D0-ERa.title" = "デフォルト";
< > "D2v-ID-xc2.title" = "選択";
< > "D6J-cR-LeQ.title" = "法線…";
< > "DEg-VF-zkA.title" = "複合オブジェクトを解除";
< > "DQu-pg-wSH.title" = "オブジェクトを選択";
< > "Deb-5h-lTl.title" = "テキストの回り込み";
< > "Dfj-0Q-5ey.title" = "前の要素を選択";
< > "DiQ-1J-IMB.title" = "重ね順";
< > "E1K-4B-oHB.title" = "プレビューモード";
< > "EBM-9c-AS6.title" = "挿入";
< > "EbZ-iH-4tu.title" = "水平方向に等間隔配置";
< > "Eig-Wp-DUQ.title" = "フィールドを展開";
< > "F5b-Qs-TxU.title" = "内側";
< > "Fcg-OK-m5D.title" = "ズーム";
< > "FyW-SF-wKx.title" = "ビデオチュートリアル";
< > "GHj-zp-CnA.title" = "曲げ - 水平";
< > "GMY-ne-IEz.title" = "均等配置(最終行左揃え)";
< > "Gc7-1c-IPY.title" = "すべてのスタイルを切り離して削除";
< > "Gfb-Y7-eoF.title" = "レイヤー";
< > "HAT-In-9Up.title" = "半角ダッシュ";
< > "HWg-sJ-H8l.title" = "テンプレートとして書き出し...";
< > "HdA-fP-H3D.title" = "段落の行送り";
< > "HgB-ps-CKb.title" = "境界線カラー";
< > "HuU-Hn-ZOl.title" = "ジオメトリ";
< > "Ikm-qI-xr4.title" = "オブジェクトを選択";
< > "Ite-wP-CRS.title" = "縮小";
< > "JFh-gc-Rav.title" = "交差";
< > "Jhq-5D-oac.title" = "アートテキストに変換";
< > "JjC-RP-On1.title" = "選択";
< > "JmB-re-qgo.title" = "テキストスタイルをインポート…";
< > "JpD-gZ-8Rh.title" = "アートボード";
< > "K9S-F2-SAt.title" = "最前面に移動";
< > "KoK-K1-FV0.title" = "右に回転";
< > "Kss-By-7ox.title" = "新規レイヤー";
< > "L5K-hB-Gxi.title" = "最後のプリセットから新規作成…";
< > "L78-oO-bVh.title" = "左に回転";
< > "LDo-1g-Kye.title" = "表示";
< > "LG2-Vy-mDL.title" = "名前";
< > "LHT-vN-UZy.title" = "明るさ/コントラスト…";
< > "LIr-zN-cde.title" = "細線";
< > "Lbs-Rh-6Mh.title" = "明暗別色補正…";
< > "Lj6-oc-PhE.title" = "スタジオを非表示";
< > "LjP-sQ-hPg.title" = "Photoペルソナ";
< > "LrI-M7-J3t.title" = "メッシュ";
< > "LyZ-It-qgA.title" = "ジオメトリ";
< > "MIw-A1-LZ3.title" = "制約付きオブジェクト";
< > "MPh-xh-zNq.title" = "なし";
< > "MZn-yx-s0R.title" = "破線なしオブジェクト";
< > "NLI-fE-Ayx.title" = "垂直方向に等間隔配置";
< > "NNU-8b-jeZ.title" = "より大きい";
< > "NVd-R0-tUN.title" = "ウィンドウにフロート表示";
< > "NYG-YC-JLd.title" = "文字スタイルを作成";
< > "Oll-Tu-Xib.title" = "さらに狭める";
< > "P3r-1H-plh.title" = "右揃え";
< > "P9A-9g-GJV.title" = "カーブ…";
< > "PHF-sc-jzi.title" = "シングルビュー";
< > "PPW-Zn-dZ9.title" = "除算";
< > "Pdf-BG-vv1.title" = "重ね順";
< > "Q7Q-BH-2nH.title" = "復元";
< > "QAM-Fe-5UN.title" = "ピクセルペルソナ";
< > "QsI-a3-XdF.title" = "ベースラインを厳密に下げる";
< > "RBt-gf-Am1.title" = "下揃え";
< > "REy-uC-1gq.title" = "段落スタイルを更新";
< > "RM3-3p-ykK.title" = "以上";
< > "RQ7-0O-s0j.title" = "画像";
< > "Rgl-aj-iJ1.title" = "垂直方向揃え";
< > "RzY-bE-zWl.title" = "内側のカーブを削除";
< > "S46-Lh-2FU.title" = "グラデーションマップ…";
< > "S5T-is-gKS.title" = "X線";
< > "SPJ-mB-QtS.title" = "交差(複合)";
< > "Sf9-Lg-Lwe.title" = "ガイド…";
< > "Shc-p4-Cjj.title" = "幅に合わせてズーム";
< > "Snu-Lp-OX8.title" = "不透明オブジェクト";
< > "SzY-r2-WSv.title" = "パースペクティブ";
< > "T3o-pw-aPm.title" = "デバッグ";
< > "T5D-a2-SS7.title" = "スタジオをリセット";
< > "TJM-fO-qnP.title" = "露出…";
< > "TPM-Bu-G1n.title" = "ベースラインを上げる";
< > "UB3-iW-qSw.title" = "${PRODUCT_NAME}学習ポータル";
< > "UUc-Jq-IdK.title" = "リンク複製";
< > "Ulj-Mn-Oyg.title" = "シェイプ";
< > "VM8-Tz-3iO.title" = "共有";
< > "VQj-RS-qy7.title" = "厳密な縮小";
< > "VRS-AG-xkz.title" = "文字スタイルなしを設定";
< > "VdO-cR-ZME.title" = "穴を塗りつぶす";
< > "VmM-8g-VbQ.title" = "ピクセル選択範囲を反転";
< > "Vql-C1-zUW.title" = "閉じたカーブ";
< > "W8b-dY-eJw.title" = "ドキュメント情報";
< > "WDl-dG-mYt.title" = "右に回転";
< > "Wh6-4W-cyG.title" = "シャドウ/ハイライト…";
< > "Wxr-K3-Xb3.title" = "拡大";
< > "X9V-N1-aE0.title" = "グループ";
< > "Xee-W0-2Tr.title" = "書き出しペルソナ";
< > "Xem-8c-abs.title" = "Appleカラーピッカー...";
< > "Xnq-Dr-A25.title" = "他を隠す";
< > "YBk-ac-ZfK.title" = "透明オブジェクト";
< > "Ydf-xe-VEc.title" = "変形";
< > "YgC-61-e1F.title" = "非表示のオブジェクトを選択";
< > "YtA-uY-CIR.title" = "UI切り替え";
< > "ZRj-rc-TaP.title" = "Publisherで編集…";
< > "ZZg-bf-a2h.title" = "両端揃え";
< > "aCZ-ah-OSm.title" = "キーオブジェクトでカーブを切断";
< > "aKF-Bo-uSE.title" = "テキストスタイルを再適用";
< > "aRg-Mr-7xd.title" = "スタジオ";
< > "aSV-Y9-3AP.title" = "カーブ";
< > "aWy-W9-qvH.title" = "特殊文字を表示";
< > "acD-08-8qg.title" = "カーブを結合";
< > "anP-wt-8Zb.title" = "下のレイヤーにマスクを使用";
< > "awr-i5-fcw.title" = "垂直方向に均等配置";
< > "ays-zs-F3b.title" = "Finderで表示";
< > "bWR-Jk-I5e.title" = "クアッド";
< > "bbH-KR-aQE.title" = "次のビューポイントに移動";
< > "bqn-df-XTc.title" = "選択ボックスを切り替え";
< > "bsJ-It-5zZ.title" = "反転";
< > "bvT-3L-fX5.title" = "保存";
< > "bzi-jw-WXn.title" = "拡大";
< > "c3B-E5-JBK.title" = "しきい値…";
< > "cGc-Nf-hdS.title" = "右のスタジオを表示";
< > "cPV-z6-sIE.title" = "塗りつぶされたオブジェクト";
< > "cZM-eD-ia4.title" = "ワープグループ";
< > "ckN-4d-7vs.title" = "すべて表示";
< > "cl7-Vi-w36.title" = "等しい";
< > "clR-2b-X7w.title" = "シンボルを追加";
< > "csY-5B-aHc.title" = "グループをレイヤーに昇格";
< > "d26-dk-aaZ.title" = "等しい";
< > "dEY-gX-uJE.title" = "書き出し…";
< > "dFb-fJ-aap.title" = "スタジオプリセットを管理…";
< > "dXL-bm-XxD.title" = "より大きい";
< > "dab-jI-Bnl.title" = "ベースラインを厳密に上げる";
< > "dc0-Nt-74U.title" = "境界線の重み";
< > "dzx-WR-H4b.title" = "デフォルト";
< > "e2t-Rh-Wi3.title" = "オブジェクトをアートボードに変換";
< > "eEe-yt-o4K.title" = "スペルオプション…";
< > "eHP-5e-1ZB.title" = "アートボードをオブジェクトに変換";
< > "eRb-Wh-EQz.title" = "スペル設定";
< > "edl-I2-Ekm.title" = "境界線を展開";
< > "eiL-rC-9xr.title" = "複合オブジェクトを作成";
< > "fNq-US-qXn.title" = "テキストの回り込み";
< > "fVC-AI-mh5.title" = "上";
< > "fdX-a5-q2f.title" = "境界線付きオブジェクト";
< > "ffx-jO-M7o.title" = "回帰単位として保存";
< > "fgx-MX-lXZ.title" = "破線付きオブジェクト";
< > "fij-cC-LCH.title" = "すべてのウィンドウを結合";
< > "fj4-Fp-494.title" = "段落スタイルを作成";
< > "gKI-Sv-Veu.title" = "以上";
< > "gVD-Wo-QQs.title" = "以下";
< > "gZ1-YE-Xp4.title" = "テキストスタイルをデフォルトとして保存";
< > "geE-kT-j69.title" = "均等配置(最終行右揃え)";
< > "gm0-Mc-hjK.title" = "レンズフィルター…";
< > "gmY-q1-aUV.title" = "サポートフォーラムに移動";
< > "h2e-jb-eqj.title" = "左右反転";
< > "h3y-2z-Xp8.title" = "レイヤー";
< > "hDh-Yf-0sK.title" = "下";
< > "hWa-Th-0Ac.title" = "すべて前面に移動";
< > "hov-rz-dRX.title" = "左揃え";
< > "hww-2Y-KTa.title" = "デフォルト";
< > "i96-Qy-QHE.title" = "タイポグラフィを表示";
< > "iEO-Vh-RiU.title" = "ドキュメントに関する履歴を保存";
< > "iPg-p2-hpv.title" = "レイヤーエフェクト…";
< > "iao-Jb-L4Q.title" = "内側に移動";
< > "ilU-Cq-Y38.title" = "上下中央揃え";
< > "ixW-wO-Chb.title" = "円弧 - 垂直";
< > "j2n-1l-yXS.title" = "選択範囲にズーム";
< > "j4N-zC-ebD.title" = "すべて使用";
< > "jAm-E6-rb4.title" = "ベクターレイヤー";
< > "jBQ-7f-1Rz.title" = "追加(複合)";
< > "jJZ-pa-JcY.title" = "上を選択";
< > "jOT-uZ-ODQ.title" = "ピクセルサイズ";
< > "jZl-ao-W2J.title" = "最背面に移動";
< > "jlm-SR-2pz.title" = "選択解除";
< > "jww-6e-Ca7.title" = "ホワイトバランス…";
< > "k3i-8n-a92.title" = "同一を選択";
< > "k91-tF-Luv.title" = "ワープグループ";
< > "kUy-YE-X1C.title" = "以前のビューポイントに移動";
< > "kYB-XR-fyN.title" = "新規調整";
< > "kgf-Yg-eTT.title" = "パッケージとして保存…";
< > "liY-TX-Baf.title" = "垂直方向揃え";
< > "m00-Q6-rFQ.title" = "Designerで編集…";
< > "mA1-bf-Wmb.title" = "デバッグ";
< > "mEr-Gt-JDx.title" = "中マド";
< > "mMk-G7-H6c.title" = "クィックスタートガイド";
< > "mhH-Dz-O1z.title" = "左のスタジオを表示";
< > "mn9-7n-ayh.title" = "円弧 - 水平";
< > "n04-uf-3Wb.title" = "テキストフレームに変換";
< > "n14-9X-5nw.title" = "塗りつぶされていないオブジェクト";
< > "nHP-HO-qrf.title" = "拡げる";
< > "nJ2-Oj-KuC.title" = "中央";
< > "nKE-2h-R9m.title" = "ピクセル(Retina)";
< > "nKc-4f-DFb.title" = "ポスタライズ…";
< > "nSI-W5-nL2.title" = "アートテキスト";
< > "nWr-NY-sBT.title" = "下を選択";
< > "naX-Yk-epy.title" = "ズーム";
< > "o11-hY-Ori.title" = "グリッドおよび軸…";
< > "o6L-Kv-Yhr.title" = "スペル設定";
< > "o7f-b4-OTT.title" = "入力中にスペルチェック";
< > "oGt-tZ-Qx4.title" = "ツールをドッキング";
< > "oOY-9c-N1Y.title" = "マスクにラスタライズ";
< > "oZU-Iw-JFf.title" = "型抜き(複合)";
< > "oaH-uj-twB.title" = "出荷時の設定にリセット";
< > "oli-Ka-mai.title" = "埋め込みドキュメント";
< > "one-1e-Myx.title" = "制約付きの名前を変更して保存… ";
< > "oxe-6t-ENF.title" = "サイズ";
< > "pBK-ij-zMD.title" = "ピクセルグリッドを表示";
< > "pOo-m1-JCv.title" = "全角ダッシュ";
< > "pRA-rt-8gl.title" = "未満";
< > "pUA-oB-Kwl.title" = "裁ち落としを表示";
< > "pWi-eA-dhd.title" = "レイヤーパネル内で検索";
< > "pWq-7Y-iRf.title" = "左に回転";
< > "paW-gX-CC4.title" = "すべての行を均等配置";
< > "pdf-nZ-azi.title" = "縮小";
< > "pfV-9I-vOB.title" = "新規調整";
< > "phe-so-vU0.title" = "シンボル";
< > "pjJ-hF-rtX.title" = "サイズ";
< > "prU-g4-Oym.title" = "シェイプ";
< > "psY-ga-bCc.title" = "前面へ";
< > "pz9-1S-cfX.title" = "行揃え";
< > "qJp-4b-tGJ.title" = "文字スタイルを更新";
< > "qs3-sj-swt.title" = "スペル誤りの単語を無視";
< > "qxb-c2-k6D.title" = "非表示";
< > "r7C-jO-2cT.title" = "片側";
< > "rHc-j2-wq4.title" = "特定色域…";
< > "rfD-qh-OcG.title" = "透明度";
< > "rty-EZ-0iT.title" = "その他を表示";
< > "sF3-Ce-UTB.title" = "外側に移動";
< > "sgP-L6-NVV.title" = "カーブを分離";
< > "tA5-lK-lyF.title" = "すべてグループ解除";
< > "tW5-K5-ahn.title" = "ツールを表示";
< > "tgw-QS-Pn7.title" = "同一を選択";
< > "uMi-q5-xx8.title" = "チャンネルミキサー…";
< > "uQV-XK-k3k.title" = "白黒…";
< > "uys-gy-ZgQ.title" = "型抜き";
< > "uzY-xL-U3w.title" = "タグカラー";
< > "v2P-6I-jqM.title" = "描画モード";
< > "v2c-h8-gxz.title" = "自然な彩度…";
< > "vKQ-Jf-lan.title" = "ソフト校正…";
< > "vRB-xZ-oSi.title" = "保存";
< > "vaS-4t-alL.title" = "境界線なしオブジェクト";
< > "vg1-3z-4TP.title" = "塗りつぶしカラー";
< > "vte-HW-jpR.title" = "背面";
< > "wBy-1v-JPW.title" = "実寸";
< > "wLu-X4-5Zy.title" = "アップデートの有無をチェック";
< > "wln-cq-Ueb.title" = "エフェクトを描画";
< > "wm1-sj-IZt.title" = "アウトライン";
< > "xAU-bc-qIX.title" = "厳密な拡大";
< > "xH3-r5-PQY.title" = "ワイヤーフレーム";
< > "xLn-eq-kmf.title" = "共有";
< > "xNr-O1-3Xp.title" = "選択項目を常にレイヤーパネルに表示 ";
< > "xfZ-YZ-wa9.title" = "文字スタイルを削除";
< > "xvT-Kv-m60.title" = "中マド(複合)";
< > "xyc-WK-KO3.title" = "次の要素を選択";
< > "yHx-GK-ewa.title" = "デフォルトを使用";
< > "yR6-Ay-dia.title" = "書式を解除してペースト";
< > "yer-w8-CeL.title" = "レベル…";
< > "yn9-Kv-EjN.title" = "曲げ - 垂直";
< > "zDf-AA-3ZY.title" = "より大きい";
< > "zZ2-9t-eDH.title" = "テキストパスに変換";
< > "za0-Gm-PuC.title" = "回転";
< > "zi0-2J-ff0.title" = "レイヤー名を変更…";
< > "zwL-Nw-wkx.title" = "テキストスタイル";
< > "zyu-vC-SJu.title" = "開いたカーブ";
---
> < /* Class = "NSMenu"; title = "Alignment"; ObjectID = "1193"; */
> < /* Class = "NSMenu"; title = "Alignment"; ObjectID = "5Jc-FA-nGp"; */
> < /* Class = "NSMenu"; title = "Arrange"; ObjectID = "DiQ-1J-IMB"; */
> < /* Class = "NSMenu"; title = "Baseline"; ObjectID = "1231"; */
> < /* Class = "NSMenu"; title = "Character Traits"; ObjectID = "1214"; */
> < /* Class = "NSMenu"; title = "Defaults"; ObjectID = "dzx-WR-H4b"; */
> < /* Class = "NSMenu"; title = "Edit"; ObjectID = "828"; */
> < /* Class = "NSMenu"; title = "File"; ObjectID = "873"; */
> < /* Class = "NSMenu"; title = "Fill Mode"; ObjectID = "1386"; */
> < /* Class = "NSMenu"; title = "Geometry"; ObjectID = "HuU-Hn-ZOl"; */
> < /* Class = "NSMenu"; title = "Help"; ObjectID = "950"; */
> < /* Class = "NSMenu"; title = "Insert Character"; ObjectID = "1465"; */
> < /* Class = "NSMenu"; title = "Insertion"; ObjectID = "EBM-9c-AS6"; */
> < /* Class = "NSMenu"; title = "Layer"; ObjectID = "h3y-2z-Xp8"; */
> < /* Class = "NSMenu"; title = "Ligatures"; ObjectID = "1237"; */
> < /* Class = "NSMenu"; title = "New Adjustment"; ObjectID = "pfV-9I-vOB"; */
> < /* Class = "NSMenu"; title = "Open Recent"; ObjectID = "887"; */
> < /* Class = "NSMenu"; title = "Paragraph Leading"; ObjectID = "HdA-fP-H3D"; */
> < /* Class = "NSMenu"; title = "Persona"; ObjectID = "815"; */
> < /* Class = "NSMenu"; title = "Select Object"; ObjectID = "DQu-pg-wSH"; */
> < /* Class = "NSMenu"; title = "Select Same"; ObjectID = "tgw-QS-Pn7"; */
> < /* Class = "NSMenu"; title = "Select"; ObjectID = "D2v-ID-xc2"; */
> < /* Class = "NSMenu"; title = "Services"; ObjectID = "827"; */
> < /* Class = "NSMenu"; title = "Share"; ObjectID = "VM8-Tz-3iO"; */
> < /* Class = "NSMenu"; title = "Size"; ObjectID = "oxe-6t-ENF"; */
> < /* Class = "NSMenu"; title = "Spacing"; ObjectID = "1241"; */
> < /* Class = "NSMenu"; title = "Spelling"; ObjectID = "o6L-Kv-Yhr"; */
> < /* Class = "NSMenu"; title = "Studio"; ObjectID = "7ef-qq-INZ"; */
> < /* Class = "NSMenu"; title = "Text Styles"; ObjectID = "zwL-Nw-wkx"; */
> < /* Class = "NSMenu"; title = "Text Wrap"; ObjectID = "fNq-US-qXn"; */
> < /* Class = "NSMenu"; title = "Text"; ObjectID = "1190"; */
> < /* Class = "NSMenu"; title = "Transform"; ObjectID = "Ydf-xe-VEc"; */
> < /* Class = "NSMenu"; title = "Vertical Alignment"; ObjectID = "liY-TX-Baf"; */
> < /* Class = "NSMenu"; title = "View Mode"; ObjectID = "1364"; */
> < /* Class = "NSMenu"; title = "View"; ObjectID = "889"; */
> < /* Class = "NSMenu"; title = "Views"; ObjectID = "1357"; */
> < /* Class = "NSMenu"; title = "Window"; ObjectID = "808"; */
> < /* Class = "NSMenu"; title = "Zoom"; ObjectID = "naX-Yk-epy"; */
> < /* Class = "NSMenuItem"; title = "About…"; ObjectID = "826"; */
> < /* Class = "NSMenuItem"; title = "Actual Size"; ObjectID = "wBy-1v-JPW"; */
> < /* Class = "NSMenuItem"; title = "Add (Compound)"; ObjectID = "jBQ-7f-1Rz"; */
> < /* Class = "NSMenuItem"; title = "Add Preset…"; ObjectID = "9w8-n8-uYP"; */
> < /* Class = "NSMenuItem"; title = "Add"; ObjectID = "5nI-p6-hYu"; */
> < /* Class = "NSMenuItem"; title = "Align Bottom"; ObjectID = "RBt-gf-Am1"; */
> < /* Class = "NSMenuItem"; title = "Align Left"; ObjectID = "1194"; */
> < /* Class = "NSMenuItem"; title = "Align Left"; ObjectID = "hov-rz-dRX"; */
> < /* Class = "NSMenuItem"; title = "Align Middle"; ObjectID = "ilU-Cq-Y38"; */
> < /* Class = "NSMenuItem"; title = "Align Right"; ObjectID = "1197"; */
> < /* Class = "NSMenuItem"; title = "Align Right"; ObjectID = "P3r-1H-plh"; */
> < /* Class = "NSMenuItem"; title = "Align Top"; ObjectID = "9zQ-Cn-yqa"; */
> < /* Class = "NSMenuItem"; title = "Alignment"; ObjectID = "1192"; */
> < /* Class = "NSMenuItem"; title = "Alignment"; ObjectID = "pz9-1S-cfX"; */
> < /* Class = "NSMenuItem"; title = "All Caps"; ObjectID = "1524"; */
> < /* Class = "NSMenuItem"; title = "Alternate (Even-Odd)"; ObjectID = "1383"; */
> < /* Class = "NSMenuItem"; title = "Always Show Selection in Layers Panel "; ObjectID = "xNr-O1-3Xp"; */
> < /* Class = "NSMenuItem"; title = "Arrange"; ObjectID = "Pdf-BG-vv1"; */
> < /* Class = "NSMenuItem"; title = "Art Text"; ObjectID = "nSI-W5-nL2"; */
> < /* Class = "NSMenuItem"; title = "Artboards"; ObjectID = "JpD-gZ-8Rh"; */
> < /* Class = "NSMenuItem"; title = "Baseline"; ObjectID = "1225"; */
> < /* Class = "NSMenuItem"; title = "Behind"; ObjectID = "vte-HW-jpR"; */
> < /* Class = "NSMenuItem"; title = "Bigger"; ObjectID = "Wxr-K3-Xb3"; */
> < /* Class = "NSMenuItem"; title = "Blend Mode"; ObjectID = "v2P-6I-jqM"; */
> < /* Class = "NSMenuItem"; title = "Bold"; ObjectID = "1216"; */
> < /* Class = "NSMenuItem"; title = "Bottom"; ObjectID = "hDh-Yf-0sK"; */
> < /* Class = "NSMenuItem"; title = "Bring All to Front"; ObjectID = "hWa-Th-0Ac"; */
> < /* Class = "NSMenuItem"; title = "Character Traits"; ObjectID = "1191"; */
> < /* Class = "NSMenuItem"; title = "Check Spelling While Typing"; ObjectID = "o7f-b4-OTT"; */
> < /* Class = "NSMenuItem"; title = "Check Spelling"; ObjectID = "CTb-NC-gUj"; */
> < /* Class = "NSMenuItem"; title = "Check for Updates"; ObjectID = "wLu-X4-5Zy"; */
> < /* Class = "NSMenuItem"; title = "Clear Menu"; ObjectID = "888"; */
> < /* Class = "NSMenuItem"; title = "Clip to Canvas"; ObjectID = "An6-fu-Y1p"; */
> < /* Class = "NSMenuItem"; title = "Close All"; ObjectID = "1FW-iW-Qrj"; */
> < /* Class = "NSMenuItem"; title = "Close"; ObjectID = "881"; */
> < /* Class = "NSMenuItem"; title = "Closed Curves"; ObjectID = "Vql-C1-zUW"; */
> < /* Class = "NSMenuItem"; title = "Constrained Objects"; ObjectID = "MIw-A1-LZ3"; */
> < /* Class = "NSMenuItem"; title = "Convert Artboard to Object"; ObjectID = "eHP-5e-1ZB"; */
> < /* Class = "NSMenuItem"; title = "Convert Object to Artboard"; ObjectID = "e2t-Rh-Wi3"; */
> < /* Class = "NSMenuItem"; title = "Convert to Curves"; ObjectID = "1307"; */
> < /* Class = "NSMenuItem"; title = "Convert to Text Frame"; ObjectID = "n04-uf-3Wb"; */
> < /* Class = "NSMenuItem"; title = "Convert to Text Path"; ObjectID = "zZ2-9t-eDH"; */
> < /* Class = "NSMenuItem"; title = "Copy"; ObjectID = "837"; */
> < /* Class = "NSMenuItem"; title = "Create Character Style"; ObjectID = "NYG-YC-JLd"; */
> < /* Class = "NSMenuItem"; title = "Create Compound"; ObjectID = "eiL-rC-9xr"; */
> < /* Class = "NSMenuItem"; title = "Create Paragraph Style"; ObjectID = "fj4-Fp-494"; */
> < /* Class = "NSMenuItem"; title = "Create Style"; ObjectID = "1305"; */
> < /* Class = "NSMenuItem"; title = "Curves"; ObjectID = "aSV-Y9-3AP"; */
> < /* Class = "NSMenuItem"; title = "Customise Toolbar…"; ObjectID = "892"; */
> < /* Class = "NSMenuItem"; title = "Customise Tools…"; ObjectID = "890"; */
> < /* Class = "NSMenuItem"; title = "Cut"; ObjectID = "839"; */
> < /* Class = "NSMenuItem"; title = "Dashed Objects"; ObjectID = "fgx-MX-lXZ"; */
> < /* Class = "NSMenuItem"; title = "Decrease"; ObjectID = "Ite-wP-CRS"; */
> < /* Class = "NSMenuItem"; title = "Default"; ObjectID = "CvI-D0-ERa"; */
> < /* Class = "NSMenuItem"; title = "Defaults"; ObjectID = "hww-2Y-KTa"; */
> < /* Class = "NSMenuItem"; title = "Delete Character Style"; ObjectID = "xfZ-YZ-wa9"; */
> < /* Class = "NSMenuItem"; title = "Delete Paragraph Style"; ObjectID = "B7B-su-xmv"; */
> < /* Class = "NSMenuItem"; title = "Delete Unused Styles"; ObjectID = "28B-UL-jS6"; */
> < /* Class = "NSMenuItem"; title = "Delete"; ObjectID = "843"; */
> < /* Class = "NSMenuItem"; title = "Deselect"; ObjectID = "jlm-SR-2pz"; */
> < /* Class = "NSMenuItem"; title = "Detach and Delete All Styles"; ObjectID = "Gc7-1c-IPY"; */
> < /* Class = "NSMenuItem"; title = "Distribute Horizontally"; ObjectID = "8nY-ha-31n"; */
> < /* Class = "NSMenuItem"; title = "Distribute Vertically"; ObjectID = "awr-i5-fcw"; */
> < /* Class = "NSMenuItem"; title = "Divide"; ObjectID = "PPW-Zn-dZ9"; */
> < /* Class = "NSMenuItem"; title = "Dock Tools"; ObjectID = "oGt-tZ-Qx4"; */
> < /* Class = "NSMenuItem"; title = "Document Setup…"; ObjectID = "882"; */
> < /* Class = "NSMenuItem"; title = "Duplicate"; ObjectID = "1062"; */
> < /* Class = "NSMenuItem"; title = "Edit in Photo…"; ObjectID = "2Vd-C7-OhK"; */
> < /* Class = "NSMenuItem"; title = "Edit in Publisher…"; ObjectID = "ZRj-rc-TaP"; */
> < /* Class = "NSMenuItem"; title = "Edit"; ObjectID = "805"; */
> < /* Class = "NSMenuItem"; title = "Em Dash"; ObjectID = "pOo-m1-JCv"; */
> < /* Class = "NSMenuItem"; title = "Em Space"; ObjectID = "1467"; */
> < /* Class = "NSMenuItem"; title = "Embedded Documents"; ObjectID = "oli-Ka-mai"; */
> < /* Class = "NSMenuItem"; title = "En Dash"; ObjectID = "HAT-In-9Up"; */
> < /* Class = "NSMenuItem"; title = "En Space"; ObjectID = "1468"; */
> < /* Class = "NSMenuItem"; title = "Expand Stroke"; ObjectID = "edl-I2-Ekm"; */
> < /* Class = "NSMenuItem"; title = "Export Persona"; ObjectID = "Xee-W0-2Tr"; */
> < /* Class = "NSMenuItem"; title = "Export as Template…"; ObjectID = "HWg-sJ-H8l"; */
> < /* Class = "NSMenuItem"; title = "Export…"; ObjectID = "dEY-gX-uJE"; */
> < /* Class = "NSMenuItem"; title = "Factory Reset"; ObjectID = "oaH-uj-twB"; */
> < /* Class = "NSMenuItem"; title = "Figure Dash"; ObjectID = "9DK-kK-Ag2"; */
> < /* Class = "NSMenuItem"; title = "File"; ObjectID = "804"; */
> < /* Class = "NSMenuItem"; title = "Fill Mode"; ObjectID = "1385"; */
> < /* Class = "NSMenuItem"; title = "Filled Objects"; ObjectID = "cPV-z6-sIE"; */
> < /* Class = "NSMenuItem"; title = "Find in Layers Panel"; ObjectID = "pWi-eA-dhd"; */
> < /* Class = "NSMenuItem"; title = "Flip Horizontal"; ObjectID = "h2e-jb-eqj"; */
> < /* Class = "NSMenuItem"; title = "Flip Vertical"; ObjectID = "5vY-2i-N05"; */
> < /* Class = "NSMenuItem"; title = "Frame Text"; ObjectID = "Ble-xh-JDc"; */
> < /* Class = "NSMenuItem"; title = "Geometry"; ObjectID = "LyZ-It-qgA"; */
> < /* Class = "NSMenuItem"; title = "Group"; ObjectID = "985"; */
> < /* Class = "NSMenuItem"; title = "Groups"; ObjectID = "X9V-N1-aE0"; */
> < /* Class = "NSMenuItem"; title = "Height"; ObjectID = "67w-fZ-emw"; */
> < /* Class = "NSMenuItem"; title = "Help"; ObjectID = "801"; */
> < /* Class = "NSMenuItem"; title = "Hide Others"; ObjectID = "816"; */
> < /* Class = "NSMenuItem"; title = "Hide Others"; ObjectID = "Xnq-Dr-A25"; */
> < /* Class = "NSMenuItem"; title = "Hide Studio"; ObjectID = "Lj6-oc-PhE"; */
> < /* Class = "NSMenuItem"; title = "Hide"; ObjectID = "825"; */
> < /* Class = "NSMenuItem"; title = "Hide"; ObjectID = "qxb-c2-k6D"; */
> < /* Class = "NSMenuItem"; title = "Ignore Text Wraps"; ObjectID = "1cY-eD-FYh"; */
> < /* Class = "NSMenuItem"; title = "Images"; ObjectID = "RQ7-0O-s0j"; */
> < /* Class = "NSMenuItem"; title = "Import Text Styles…"; ObjectID = "JmB-re-qgo"; */
> < /* Class = "NSMenuItem"; title = "Increase"; ObjectID = "bzi-jw-WXn"; */
> < /* Class = "NSMenuItem"; title = "Insert Character"; ObjectID = "1464"; */
> < /* Class = "NSMenuItem"; title = "Insert Filler Text"; ObjectID = "33O-rq-hBH"; */
> < /* Class = "NSMenuItem"; title = "Insertion"; ObjectID = "Bpk-Xm-rEK"; */
> < /* Class = "NSMenuItem"; title = "Inside"; ObjectID = "F5b-Qs-TxU"; */
> < /* Class = "NSMenuItem"; title = "Intersect (Compound)"; ObjectID = "SPJ-mB-QtS"; */
> < /* Class = "NSMenuItem"; title = "Intersect"; ObjectID = "JFh-gc-Rav"; */
> < /* Class = "NSMenuItem"; title = "Invert Pixel Selection"; ObjectID = "VmM-8g-VbQ"; */
> < /* Class = "NSMenuItem"; title = "Invert"; ObjectID = "bsJ-It-5zZ"; */
> < /* Class = "NSMenuItem"; title = "Italic"; ObjectID = "1217"; */
> < /* Class = "NSMenuItem"; title = "Justify All"; ObjectID = "paW-gX-CC4"; */
> < /* Class = "NSMenuItem"; title = "Justify Left"; ObjectID = "GMY-ne-IEz"; */
> < /* Class = "NSMenuItem"; title = "Justify Right"; ObjectID = "geE-kT-j69"; */
> < /* Class = "NSMenuItem"; title = "Justify"; ObjectID = "ZZg-bf-a2h"; */
> < /* Class = "NSMenuItem"; title = "Layer Effects…"; ObjectID = "iPg-p2-hpv"; */
> < /* Class = "NSMenuItem"; title = "Layer"; ObjectID = "Gfb-Y7-eoF"; */
> < /* Class = "NSMenuItem"; title = "Ligatures"; ObjectID = "1224"; */
> < /* Class = "NSMenuItem"; title = "Line Break"; ObjectID = "1466"; */
> < /* Class = "NSMenuItem"; title = "Lock Guides"; ObjectID = "CNR-fc-huC"; */
> < /* Class = "NSMenuItem"; title = "Lock"; ObjectID = "1130"; */
> < /* Class = "NSMenuItem"; title = "Loosen More"; ObjectID = "1245"; */
> < /* Class = "NSMenuItem"; title = "Loosen"; ObjectID = "nHP-HO-qrf"; */
> < /* Class = "NSMenuItem"; title = "Lower Baseline"; ObjectID = "4Jc-Wo-kBd"; */
> < /* Class = "NSMenuItem"; title = "Manage Studio Presets…"; ObjectID = "dFb-fJ-aap"; */
> < /* Class = "NSMenuItem"; title = "Merge All Windows"; ObjectID = "fij-cC-LCH"; */
> < /* Class = "NSMenuItem"; title = "Mesh"; ObjectID = "LrI-M7-J3t"; */
> < /* Class = "NSMenuItem"; title = "Minimize"; ObjectID = "811"; */
> < /* Class = "NSMenuItem"; title = "Move Back One"; ObjectID = "1fK-86-ju6"; */
> < /* Class = "NSMenuItem"; title = "Move Forward One"; ObjectID = "psY-ga-bCc"; */
> < /* Class = "NSMenuItem"; title = "Move Inside"; ObjectID = "iao-Jb-L4Q"; */
> < /* Class = "NSMenuItem"; title = "Move Outside"; ObjectID = "sF3-Ce-UTB"; */
> < /* Class = "NSMenuItem"; title = "Move to Back"; ObjectID = "jZl-ao-W2J"; */
> < /* Class = "NSMenuItem"; title = "Move to Front"; ObjectID = "K9S-F2-SAt"; */
> < /* Class = "NSMenuItem"; title = "Move to Next View Point"; ObjectID = "bbH-KR-aQE"; */
> < /* Class = "NSMenuItem"; title = "Move to Previous View Point"; ObjectID = "kUy-YE-X1C"; */
> < /* Class = "NSMenuItem"; title = "My Account…"; ObjectID = "8PK-Bh-XtU"; */
> < /* Class = "NSMenuItem"; title = "Name"; ObjectID = "LG2-Vy-mDL"; */
> < /* Class = "NSMenuItem"; title = "New Adjustment"; ObjectID = "kYB-XR-fyN"; */
> < /* Class = "NSMenuItem"; title = "New Layer"; ObjectID = "Kss-By-7ox"; */
> < /* Class = "NSMenuItem"; title = "New Pixel Layer"; ObjectID = "A5T-yU-cZR"; */
> < /* Class = "NSMenuItem"; title = "New View"; ObjectID = "1093"; */
> < /* Class = "NSMenuItem"; title = "New from Clipboard"; ObjectID = "CRc-Cr-N5j"; */
> < /* Class = "NSMenuItem"; title = "New…"; ObjectID = "884"; */
> < /* Class = "NSMenuItem"; title = "Non-Breaking Hyphen"; ObjectID = "1469"; */
> < /* Class = "NSMenuItem"; title = "Non-Breaking Space"; ObjectID = "1478"; */
> < /* Class = "NSMenuItem"; title = "None"; ObjectID = "1522"; */
> < /* Class = "NSMenuItem"; title = "None"; ObjectID = "MPh-xh-zNq"; */
> < /* Class = "NSMenuItem"; title = "Opaque Objects"; ObjectID = "Snu-Lp-OX8"; */
> < /* Class = "NSMenuItem"; title = "Open Curves"; ObjectID = "zyu-vC-SJu"; */
> < /* Class = "NSMenuItem"; title = "Open Recent"; ObjectID = "883"; */
> < /* Class = "NSMenuItem"; title = "Open…"; ObjectID = "885"; */
> < /* Class = "NSMenuItem"; title = "Outline"; ObjectID = "wm1-sj-IZt"; */
> < /* Class = "NSMenuItem"; title = "Paragraph Leading"; ObjectID = "8Zv-Bg-xT2"; */
> < /* Class = "NSMenuItem"; title = "Paste FX"; ObjectID = "86E-yX-Rtm"; */
> < /* Class = "NSMenuItem"; title = "Paste Inside"; ObjectID = "2DS-OJ-9gj"; */
> < /* Class = "NSMenuItem"; title = "Paste Style"; ObjectID = "1325"; */
> < /* Class = "NSMenuItem"; title = "Paste Without Format"; ObjectID = "yR6-Ay-dia"; */
> < /* Class = "NSMenuItem"; title = "Paste"; ObjectID = "838"; */
> < /* Class = "NSMenuItem"; title = "Path Text"; ObjectID = "4y3-gR-cgv"; */
> < /* Class = "NSMenuItem"; title = "Persona"; ObjectID = "806"; */
> < /* Class = "NSMenuItem"; title = "Photo Persona"; ObjectID = "LjP-sQ-hPg"; */
> < /* Class = "NSMenuItem"; title = "Pixel Objects"; ObjectID = "0Gn-Ti-FSz"; */
> < /* Class = "NSMenuItem"; title = "Pixel Persona"; ObjectID = "QAM-Fe-5UN"; */
> < /* Class = "NSMenuItem"; title = "Pixel Size"; ObjectID = "jOT-uZ-ODQ"; */
> < /* Class = "NSMenuItem"; title = "Pixels (Retina)"; ObjectID = "nKE-2h-R9m"; */
> < /* Class = "NSMenuItem"; title = "Pixels"; ObjectID = "1107"; */
> < /* Class = "NSMenuItem"; title = "Place…"; ObjectID = "1310"; */
> < /* Class = "NSMenuItem"; title = "Precise Bigger"; ObjectID = "4Rx-il-gRN"; */
> < /* Class = "NSMenuItem"; title = "Precise Decrease"; ObjectID = "83W-2Y-rL5"; */
> < /* Class = "NSMenuItem"; title = "Precise Increase"; ObjectID = "xAU-bc-qIX"; */
> < /* Class = "NSMenuItem"; title = "Precise Lower Baseline"; ObjectID = "QsI-a3-XdF"; */
> < /* Class = "NSMenuItem"; title = "Precise Raise Baseline"; ObjectID = "dab-jI-Bnl"; */
> < /* Class = "NSMenuItem"; title = "Precise Smaller"; ObjectID = "VQj-RS-qy7"; */
> < /* Class = "NSMenuItem"; title = "Preferences…"; ObjectID = "821"; */
> < /* Class = "NSMenuItem"; title = "Print…"; ObjectID = "886"; */
> < /* Class = "NSMenuItem"; title = "Promote Group to Layer"; ObjectID = "csY-5B-aHc"; */
> < /* Class = "NSMenuItem"; title = "Quit"; ObjectID = "823"; */
> < /* Class = "NSMenuItem"; title = "Raise Baseline"; ObjectID = "TPM-Bu-G1n"; */
> < /* Class = "NSMenuItem"; title = "Rasterise to Mask"; ObjectID = "oOY-9c-N1Y"; */
> < /* Class = "NSMenuItem"; title = "Rasterise…"; ObjectID = "1339"; */
> < /* Class = "NSMenuItem"; title = "Reapply Base Styles"; ObjectID = "AVQ-lj-f4d"; */
> < /* Class = "NSMenuItem"; title = "Reapply Text Styles"; ObjectID = "aKF-Bo-uSE"; */
> < /* Class = "NSMenuItem"; title = "Redo"; ObjectID = "835"; */
> < /* Class = "NSMenuItem"; title = "Release Compound"; ObjectID = "DEg-VF-zkA"; */
> < /* Class = "NSMenuItem"; title = "Reset Rotation"; ObjectID = "0QN-SF-zfs"; */
> < /* Class = "NSMenuItem"; title = "Reset Studio"; ObjectID = "T5D-a2-SS7"; */
> < /* Class = "NSMenuItem"; title = "Resource Manager..."; ObjectID = "3x7-NM-FhS"; */
> < /* Class = "NSMenuItem"; title = "Reveal in Finder"; ObjectID = "ays-zs-F3b"; */
> < /* Class = "NSMenuItem"; title = "Revert"; ObjectID = "Q7Q-BH-2nH"; */
> < /* Class = "NSMenuItem"; title = "Rotate Left"; ObjectID = "L78-oO-bVh"; */
> < /* Class = "NSMenuItem"; title = "Rotate Left"; ObjectID = "pWq-7Y-iRf"; */
> < /* Class = "NSMenuItem"; title = "Rotate Right"; ObjectID = "KoK-K1-FV0"; */
> < /* Class = "NSMenuItem"; title = "Rotate Right"; ObjectID = "WDl-dG-mYt"; */
> < /* Class = "NSMenuItem"; title = "Rotation"; ObjectID = "za0-Gm-PuC"; */
> < /* Class = "NSMenuItem"; title = "Save As Package…"; ObjectID = "kgf-Yg-eTT"; */
> < /* Class = "NSMenuItem"; title = "Save As…"; ObjectID = "874"; */
> < /* Class = "NSMenuItem"; title = "Save History with Document"; ObjectID = "iEO-Vh-RiU"; */
> < /* Class = "NSMenuItem"; title = "Save Text Styles as Default"; ObjectID = "gZ1-YE-Xp4"; */
> < /* Class = "NSMenuItem"; title = "Save"; ObjectID = "bvT-3L-fX5"; */
> < /* Class = "NSMenuItem"; title = "Save"; ObjectID = "vRB-xZ-oSi"; */
> < /* Class = "NSMenuItem"; title = "Select All"; ObjectID = "842"; */
> < /* Class = "NSMenuItem"; title = "Select Next"; ObjectID = "xyc-WK-KO3"; */
> < /* Class = "NSMenuItem"; title = "Select Object"; ObjectID = "Ikm-qI-xr4"; */
> < /* Class = "NSMenuItem"; title = "Select Previous"; ObjectID = "Dfj-0Q-5ey"; */
> < /* Class = "NSMenuItem"; title = "Select Same"; ObjectID = "k3i-8n-a92"; */
> < /* Class = "NSMenuItem"; title = "Select"; ObjectID = "JjC-RP-On1"; */
> < /* Class = "NSMenuItem"; title = "Services"; ObjectID = "818"; */
> < /* Class = "NSMenuItem"; title = "Set No Character Style"; ObjectID = "VRS-AG-xkz"; */
> < /* Class = "NSMenuItem"; title = "Set No Paragraph Style"; ObjectID = "1Xp-ax-Yd8"; */
> < /* Class = "NSMenuItem"; title = "Shape"; ObjectID = "prU-g4-Oym"; */
> < /* Class = "NSMenuItem"; title = "Shapes"; ObjectID = "Ulj-Mn-Oyg"; */
> < /* Class = "NSMenuItem"; title = "Share"; ObjectID = "xLn-eq-kmf"; */
> < /* Class = "NSMenuItem"; title = "Show All"; ObjectID = "824"; */
> < /* Class = "NSMenuItem"; title = "Show All"; ObjectID = "ckN-4d-7vs"; */
> < /* Class = "NSMenuItem"; title = "Show Bleed"; ObjectID = "pUA-oB-Kwl"; */
> < /* Class = "NSMenuItem"; title = "Show Column Guides"; ObjectID = "7Ru-0w-rUG"; */
> < /* Class = "NSMenuItem"; title = "Show Context Toolbar"; ObjectID = "82H-vD-VqR"; */
> < /* Class = "NSMenuItem"; title = "Show Grid"; ObjectID = "1089"; */
> < /* Class = "NSMenuItem"; title = "Show Guides"; ObjectID = "1088"; */
> < /* Class = "NSMenuItem"; title = "Show Left Studio"; ObjectID = "mhH-Dz-O1z"; */
> < /* Class = "NSMenuItem"; title = "Show Margins"; ObjectID = "1087"; */
> < /* Class = "NSMenuItem"; title = "Show Right Studio"; ObjectID = "cGc-Nf-hdS"; */
> < /* Class = "NSMenuItem"; title = "Show Rulers"; ObjectID = "1457"; */
> < /* Class = "NSMenuItem"; title = "Show Toolbar"; ObjectID = "893"; */
> < /* Class = "NSMenuItem"; title = "Show Tools"; ObjectID = "tW5-K5-ahn"; */
> < /* Class = "NSMenuItem"; title = "Show Typography"; ObjectID = "i96-Qy-QHE"; */
> < /* Class = "NSMenuItem"; title = "Show"; ObjectID = "LDo-1g-Kye"; */
> < /* Class = "NSMenuItem"; title = "Single View"; ObjectID = "PHF-sc-jzi"; */
> < /* Class = "NSMenuItem"; title = "Size"; ObjectID = "pjJ-hF-rtX"; */
> < /* Class = "NSMenuItem"; title = "Small Caps"; ObjectID = "1523"; */
> < /* Class = "NSMenuItem"; title = "Smaller"; ObjectID = "pdf-nZ-azi"; */
> < /* Class = "NSMenuItem"; title = "Soft Hyphen"; ObjectID = "1471"; */
> < /* Class = "NSMenuItem"; title = "Space Horizontally"; ObjectID = "EbZ-iH-4tu"; */
> < /* Class = "NSMenuItem"; title = "Space Vertically"; ObjectID = "NLI-fE-Ayx"; */
> < /* Class = "NSMenuItem"; title = "Spacing"; ObjectID = "1223"; */
> < /* Class = "NSMenuItem"; title = "Spelling Options…"; ObjectID = "eEe-yt-o4K"; */
> < /* Class = "NSMenuItem"; title = "Spelling"; ObjectID = "eRb-Wh-EQz"; */
> < /* Class = "NSMenuItem"; title = "Split View"; ObjectID = "CfD-Er-w2q"; */
> < /* Class = "NSMenuItem"; title = "Spread Setup…"; ObjectID = "4ty-1I-i2t"; */
> < /* Class = "NSMenuItem"; title = "Strikeout"; ObjectID = "4Jt-hw-bJu"; */
> < /* Class = "NSMenuItem"; title = "Stroke Weight"; ObjectID = "dc0-Nt-74U"; */
> < /* Class = "NSMenuItem"; title = "Stroked Objects"; ObjectID = "fdX-a5-q2f"; */
> < /* Class = "NSMenuItem"; title = "Studio"; ObjectID = "aRg-Mr-7xd"; */
> < /* Class = "NSMenuItem"; title = "Subscript"; ObjectID = "1234"; */
> < /* Class = "NSMenuItem"; title = "Subtract (Compound)"; ObjectID = "oZU-Iw-JFf"; */
> < /* Class = "NSMenuItem"; title = "Subtract"; ObjectID = "uys-gy-ZgQ"; */
> < /* Class = "NSMenuItem"; title = "Superscript"; ObjectID = "1233"; */
> < /* Class = "NSMenuItem"; title = "Symbols"; ObjectID = "phe-so-vU0"; */
> < /* Class = "NSMenuItem"; title = "Synchronise from Selection"; ObjectID = "7lg-Xj-Nqc"; */
> < /* Class = "NSMenuItem"; title = "Text Styles"; ObjectID = "3PK-kV-rhH"; */
> < /* Class = "NSMenuItem"; title = "Text Wrap"; ObjectID = "Deb-5h-lTl"; */
> < /* Class = "NSMenuItem"; title = "Text"; ObjectID = "1189"; */
> < /* Class = "NSMenuItem"; title = "Tight"; ObjectID = "4Id-nX-N7H"; */
> < /* Class = "NSMenuItem"; title = "Tighten More"; ObjectID = "Oll-Tu-Xib"; */
> < /* Class = "NSMenuItem"; title = "Tighten"; ObjectID = "1244"; */
> < /* Class = "NSMenuItem"; title = "Toggle Full Screen"; ObjectID = "813"; */
> < /* Class = "NSMenuItem"; title = "Toggle UI"; ObjectID = "YtA-uY-CIR"; */
> < /* Class = "NSMenuItem"; title = "Top"; ObjectID = "Crq-Tz-Jvc"; */
> < /* Class = "NSMenuItem"; title = "Top"; ObjectID = "fVC-AI-mh5"; */
> < /* Class = "NSMenuItem"; title = "Transform"; ObjectID = "4FN-26-KZw"; */
> < /* Class = "NSMenuItem"; title = "Transparency"; ObjectID = "rfD-qh-OcG"; */
> < /* Class = "NSMenuItem"; title = "Transparent Objects"; ObjectID = "YBk-ac-ZfK"; */
> < /* Class = "NSMenuItem"; title = "Undashed Objects"; ObjectID = "MZn-yx-s0R"; */
> < /* Class = "NSMenuItem"; title = "Underline"; ObjectID = "1218"; */
> < /* Class = "NSMenuItem"; title = "Undo"; ObjectID = "841"; */
> < /* Class = "NSMenuItem"; title = "Unfilled Objects"; ObjectID = "n14-9X-5nw"; */
> < /* Class = "NSMenuItem"; title = "Ungroup All"; ObjectID = "tA5-lK-lyF"; */
> < /* Class = "NSMenuItem"; title = "Ungroup"; ObjectID = "984"; */
> < /* Class = "NSMenuItem"; title = "Unlock All"; ObjectID = "2Xc-mb-2dz"; */
> < /* Class = "NSMenuItem"; title = "Unlock"; ObjectID = "1131"; */
> < /* Class = "NSMenuItem"; title = "Unstroked Objects"; ObjectID = "vaS-4t-alL"; */
> < /* Class = "NSMenuItem"; title = "Update Character Style"; ObjectID = "qJp-4b-tGJ"; */
> < /* Class = "NSMenuItem"; title = "Update Paragraph Style"; ObjectID = "REy-uC-1gq"; */
> < /* Class = "NSMenuItem"; title = "Use All"; ObjectID = "j4N-zC-ebD"; */
> < /* Class = "NSMenuItem"; title = "Use Default"; ObjectID = "1232"; */
> < /* Class = "NSMenuItem"; title = "Use Default"; ObjectID = "1242"; */
> < /* Class = "NSMenuItem"; title = "Use Default"; ObjectID = "yHx-GK-ewa"; */
> < /* Class = "NSMenuItem"; title = "Use None"; ObjectID = "1238"; */
> < /* Class = "NSMenuItem"; title = "Use None"; ObjectID = "1243"; */
> < /* Class = "NSMenuItem"; title = "Vector Layers"; ObjectID = "jAm-E6-rb4"; */
> < /* Class = "NSMenuItem"; title = "Vector"; ObjectID = "1366"; */
> < /* Class = "NSMenuItem"; title = "Vertical Alignment"; ObjectID = "Rgl-aj-iJ1"; */
> < /* Class = "NSMenuItem"; title = "View Mode"; ObjectID = "1362"; */
> < /* Class = "NSMenuItem"; title = "View"; ObjectID = "803"; */
> < /* Class = "NSMenuItem"; title = "Views"; ObjectID = "1353"; */
> < /* Class = "NSMenuItem"; title = "Width"; ObjectID = "7qR-Uq-p4B"; */
> < /* Class = "NSMenuItem"; title = "Winding (Non-Zero)"; ObjectID = "1390"; */
> < /* Class = "NSMenuItem"; title = "Window"; ObjectID = "807"; */
> < /* Class = "NSMenuItem"; title = "Xor (Compound)"; ObjectID = "xvT-Kv-m60"; */
> < /* Class = "NSMenuItem"; title = "Xor"; ObjectID = "mEr-Gt-JDx"; */
> < /* Class = "NSMenuItem"; title = "Zero-Width Space"; ObjectID = "1470"; */
> < /* Class = "NSMenuItem"; title = "Zoom In"; ObjectID = "1329"; */
> < /* Class = "NSMenuItem"; title = "Zoom Out"; ObjectID = "1331"; */
> < /* Class = "NSMenuItem"; title = "Zoom to Fit"; ObjectID = "1075"; */
> < /* Class = "NSMenuItem"; title = "Zoom to Selection"; ObjectID = "j2n-1l-yXS"; */
> < /* Class = "NSMenuItem"; title = "Zoom to Width"; ObjectID = "Shc-p4-Cjj"; */
> < /* Class = "NSMenuItem"; title = "Zoom"; ObjectID = "812"; */
> < /* Class = "NSMenuItem"; title = "Zoom"; ObjectID = "Fcg-OK-m5D"; */
> > 
> > "0Gn-Ti-FSz.title" = "픽셀 오브젝트";
> > "0QN-SF-zfs.title" = "회전 재설정";
> > "1062.title" = "복제";
> > "1075.title" = "화면 크기에 맞추기";
> > "1087.title" = "여백선 보기";
> > "1088.title" = "안내선 보기";
> > "1089.title" = "격자선 보기";
> > "1093.title" = "신규 뷰";
> > "1107.title" = "픽셀";
> > "1130.title" = "잠금";
> > "1131.title" = "잠금 풀기";
> > "1189.title" = "텍스트";
> > "1190.title" = "텍스트";
> > "1191.title" = "문자 특성";
> > "1192.title" = "정렬";
> > "1193.title" = "정렬";
> > "1194.title" = "왼쪽 정렬";
> > "1195.title" = "가로 가운데 정렬";
> > "1196.title" = "가운데 균등 정렬";
> > "1197.title" = "오른쪽 정렬";
> > "1214.title" = "문자 특성";
> > "1216.title" = "강조";
> > "1217.title" = "기울임";
> > "1218.title" = "밑줄";
> > "1223.title" = "간격";
> > "1224.title" = "합자";
> > "1225.title" = "기준선";
> > "1231.title" = "기준선";
> > "1232.title" = "기준선 재설정";
> > "1233.title" = "윗첨자";
> > "1234.title" = "아랫첨자";
> > "1237.title" = "합자";
> > "1238.title" = "합자 없음";
> > "1241.title" = "간격";
> > "1242.title" = "기준선 재설정";
> > "1243.title" = "합자 없음";
> > "1244.title" = "좁게";
> > "1245.title" = "더욱 넓게";
> > "1305.title" = "스타일 생성";
> > "1307.title" = "곡선으로 전환";
> > "1310.title" = "배치…";
> > "1325.title" = "스타일 붙이기";
> > "1329.title" = "확대";
> > "1331.title" = "축소";
> > "1353.title" = "뷰";
> > "1357.title" = "뷰";
> > "1362.title" = "보기";
> > "1364.title" = "보기";
> > "1366.title" = "벡터";
> > "1383.title" = "교대하기";
> > "1385.title" = "칠 모드";
> > "1386.title" = "칠 모드";
> > "1390.title" = "둘러싸기";
> > "1457.title" = "눈금자 보기";
> > "1464.title" = "문자 삽입";
> > "1465.title" = "문자 삽입";
> > "1466.title" = "줄바꿈";
> > "1467.title" = "전각 공백";
> > "1468.title" = "반각 공백";
> > "1469.title" = "줄 바꿈 없는 하이픈";
> > "1470.title" = "폭 없는 공백";
> > "1471.title" = "하이픈";
> > "1478.title" = "줄 바꿈 없는 공백";
> > "1520.title" = "대문자화";
> > "1521.title" = "대문자화";
> > "1522.title" = "없음";
> > "1523.title" = "작은 대문자";
> > "1524.title" = "모두 대문자";
> > "1FW-iW-Qrj.title" = "모두 닫기";
> > "1Xp-ax-Yd8.title" = "문단 스타일 벗기기";
> > "1cY-eD-FYh.title" = "줄바꿈 무시";
> > "1fK-86-ju6.title" = "뒤로 보내기";
> > "28B-UL-jS6.title" = "미사용된 스타일 지우기";
> > "2DS-OJ-9gj.title" = "안으로 붙이기";
> > "2Vd-C7-OhK.title" = "Photo에서 편집…";
> > "2Xc-mb-2dz.title" = "모두 잠금 풀기";
> > "33O-rq-hBH.title" = "채우기 텍스트";
> > "3PK-kV-rhH.title" = "텍스트 스타일";
> > "3x7-NM-FhS.title" = "자원 관리자...";
> > "4FN-26-KZw.title" = "변형";
> > "4Id-nX-N7H.title" = "좁은";
> > "4Jc-Wo-kBd.title" = "기준선 내리기";
> > "4Jt-hw-bJu.title" = "취소선";
> > "4Rx-il-gRN.title" = "조금씩 크게";
> > "4ty-1I-i2t.title" = "스프레드 설정…";
> > "4y3-gR-cgv.title" = "경로 텍스트";
> > "5Jc-FA-nGp.title" = "정렬";
> > "5nI-p6-hYu.title" = "추가";
> > "5vY-2i-N05.title" = "세로 뒤집기";
> > "67w-fZ-emw.title" = "높이";
> > "7Ru-0w-rUG.title" = "열 안내선 보기";
> > "7ef-qq-INZ.title" = "작업실";
> > "7qR-Uq-p4B.title" = "너비";
> > "801.title" = "도움말";
> > "803.title" = "뷰";
> > "804.title" = "파일";
> > "805.title" = "편집";
> > "806.title" = "페르소나";
> > "807.title" = "윈도우";
> > "808.title" = "윈도우";
> > "811.title" = "최소화";
> > "812.title" = "맞추기";
> > "813.title" = "전체 화면 시작";
> > "815.title" = "페르소나";
> > "816.title" = "기타 가리기";
> > "818.title" = "서비스";
> > "821.title" = "환경설정…";
> > "823.title" = "Affinity Designer 종료";
> > "824.title" = "모두 보기";
> > "825.title" = "가리기";
> > "826.title" = "Affinity Designer에 관하여…";
> > "827.title" = "서비스";
> > "828.title" = "편집";
> > "82H-vD-VqR.title" = "상황별 툴바 보기";
> > "835.title" = "다시 실행";
> > "837.title" = "복사";
> > "838.title" = "붙이기";
> > "839.title" = "오려두기";
> > "83W-2Y-rL5.title" = "조금씩 줄이기";
> > "841.title" = "실행 취소";
> > "842.title" = "전체 선택";
> > "843.title" = "지우기";
> > "86E-yX-Rtm.title" = "효과 붙이기";
> > "873.title" = "파일";
> > "874.title" = "다른 이름으로 저장…";
> > "881.title" = "닫기";
> > "882.title" = "문서 설정…";
> > "883.title" = "최근 사용 열기";
> > "884.title" = "신규…";
> > "885.title" = "열기…";
> > "886.title" = "인쇄…";
> > "887.title" = "최근 사용 열기";
> > "888.title" = "메뉴 지우기";
> > "889.title" = "뷰";
> > "893.title" = "툴바 보기";
> > "8PK-Bh-XtU.title" = "내 계정…";
> > "8Zv-Bg-xT2.title" = "줄 간격";
> > "8nY-ha-31n.title" = "가로 분배";
> > "950.title" = "도움말";
> > "984.title" = "그룹 풀기";
> > "985.title" = "그룹";
> > "9DK-kK-Ag2.title" = "숫자 줄표";
> > "9sI-hO-Md4.title" = "가로 가운데 정렬";
> > "9w8-n8-uYP.title" = "미리 설정 추가…";
> > "9zQ-Cn-yqa.title" = "위쪽 정렬";
> > "A5T-yU-cZR.title" = "신규 픽셀 레이어";
> > "AVQ-lj-f4d.title" = "기본 스타일 다시 적용";
> > "An6-fu-Y1p.title" = "캔버스에 클립";
> > "B7B-su-xmv.title" = "문단 스타일 지우기";
> > "Ble-xh-JDc.title" = "액자 텍스트";
> > "Bpk-Xm-rEK.title" = "삽입";
> > "CNR-fc-huC.title" = "안내선 잠금";
> > "CRc-Cr-N5j.title" = "클립보드에서 신규";
> > "CTb-NC-gUj.title" = "철자 확인";
> > "CfD-Er-w2q.title" = "분할 보기";
> > "Crq-Tz-Jvc.title" = "위쪽";
> > "CvI-D0-ERa.title" = "기본값";
> > "D2v-ID-xc2.title" = "선택";
> > "DEg-VF-zkA.title" = "결합 해제";
> > "DQu-pg-wSH.title" = "오브젝트 선택";
> > "Deb-5h-lTl.title" = "줄바꿈";
> > "Dfj-0Q-5ey.title" = "이전 항목 선택";
> > "DiQ-1J-IMB.title" = "순서";
> > "EBM-9c-AS6.title" = "삽입";
> > "EbZ-iH-4tu.title" = "가로 공백";
> > "F5b-Qs-TxU.title" = "안으로";
> > "Fcg-OK-m5D.title" = "맞추기";
> > "GMY-ne-IEz.title" = "왼쪽 균등 정렬";
> > "Gc7-1c-IPY.title" = "모든 스타일 벗기고 지우기";
> > "Gfb-Y7-eoF.title" = "레이어";
> > "HAT-In-9Up.title" = "반각 줄표";
> > "HWg-sJ-H8l.title" = "템플릿으로 내보내기…";
> > "HdA-fP-H3D.title" = "줄 간격";
> > "HgB-ps-CKb.title" = "선 색상";
> > "HuU-Hn-ZOl.title" = "기하";
> > "Ikm-qI-xr4.title" = "오브젝트 선택";
> > "Ite-wP-CRS.title" = "줄이기";
> > "JFh-gc-Rav.title" = "교차";
> > "JjC-RP-On1.title" = "선택";
> > "JmB-re-qgo.title" = "텍스트 스타일 들여오기…";
> > "JpD-gZ-8Rh.title" = "아트보드";
> > "K9S-F2-SAt.title" = "맨 앞으로 가져오기";
> > "KoK-K1-FV0.title" = "오른쪽으로 회전";
> > "Kss-By-7ox.title" = "신규 레이어";
> > "L78-oO-bVh.title" = "왼쪽으로 회전";
> > "LDo-1g-Kye.title" = "보기";
> > "LG2-Vy-mDL.title" = "이름";
> > "Lj6-oc-PhE.title" = "작업실 가리기";
> > "LjP-sQ-hPg.title" = "사진 페르소나";
> > "LrI-M7-J3t.title" = "그물";
> > "LyZ-It-qgA.title" = "기하";
> > "MIw-A1-LZ3.title" = "제약받는 오브젝트";
> > "MPh-xh-zNq.title" = "없음";
> > "MZn-yx-s0R.title" = "점선 없는 오브젝트";
> > "NLI-fE-Ayx.title" = "세로 공백";
> > "NYG-YC-JLd.title" = "문자 스타일 생성";
> > "Oll-Tu-Xib.title" = "더욱 좁게";
> > "P3r-1H-plh.title" = "오른쪽 정렬";
> > "PHF-sc-jzi.title" = "단일 보기";
> > "PPW-Zn-dZ9.title" = "분할";
> > "Pdf-BG-vv1.title" = "순서";
> > "Q7Q-BH-2nH.title" = "되돌리기";
> > "QAM-Fe-5UN.title" = "픽셀 페르소나";
> > "QsI-a3-XdF.title" = "기준선 조금씩 낮추기";
> > "RBt-gf-Am1.title" = "아래쪽 정렬";
> > "REy-uC-1gq.title" = "문단 스타일 업데이트";
> > "RQ7-0O-s0j.title" = "이미지";
> > "Rgl-aj-iJ1.title" = "세로 정렬";
> > "SPJ-mB-QtS.title" = "교차 (결합)";
> > "Shc-p4-Cjj.title" = "화면 너비에 맞추기";
> > "Snu-Lp-OX8.title" = "불투명 오브젝트";
> > "T5D-a2-SS7.title" = "작업실 재설정";
> > "TPM-Bu-G1n.title" = "기준선 올리기";
> > "Ulj-Mn-Oyg.title" = "모양";
> > "VM8-Tz-3iO.title" = "공유";
> > "VQj-RS-qy7.title" = "조금씩 작게";
> > "VRS-AG-xkz.title" = "문자 스타일 벗기기";
> > "VmM-8g-VbQ.title" = "픽셀 선택 항목 반전";
> > "Vql-C1-zUW.title" = "닫힌 곡선";
> > "WDl-dG-mYt.title" = "오른쪽으로 회전";
> > "Wxr-K3-Xb3.title" = "크게";
> > "X9V-N1-aE0.title" = "그룹";
> > "Xee-W0-2Tr.title" = "내보내기 페르소나";
> > "Xem-8c-abs.title" = "Apple 색상 선택기...";
> > "Xnq-Dr-A25.title" = "기타 가리기";
> > "YBk-ac-ZfK.title" = "투명 오브젝트";
> > "Ydf-xe-VEc.title" = "변형";
> > "YtA-uY-CIR.title" = "UI 가리기";
> > "ZRj-rc-TaP.title" = "Publisher에서 편집…";
> > "ZZg-bf-a2h.title" = "맞춤";
> > "aKF-Bo-uSE.title" = "텍스트 스타일 다시 적용";
> > "aRg-Mr-7xd.title" = "작업실";
> > "aSV-Y9-3AP.title" = "곡선";
> > "awr-i5-fcw.title" = "세로 분배";
> > "ays-zs-F3b.title" = "Finder에서 찾기";
> > "bbH-KR-aQE.title" = "다음 뷰 포인트로 이동";
> > "bsJ-It-5zZ.title" = "반전";
> > "bvT-3L-fX5.title" = "저장";
> > "bzi-jw-WXn.title" = "늘리기";
> > "cGc-Nf-hdS.title" = "오른쪽 작업실 보기";
> > "cPV-z6-sIE.title" = "칠이 있는 오브젝트";
> > "ckN-4d-7vs.title" = "모두 보기";
> > "csY-5B-aHc.title" = "그룹을 레이어로 승격";
> > "dEY-gX-uJE.title" = "내보내기…";
> > "dFb-fJ-aap.title" = "작업실 미리 설정 관리…";
> > "dab-jI-Bnl.title" = "기준선 조금씩 올리기";
> > "dc0-Nt-74U.title" = "선 두께";
> > "dzx-WR-H4b.title" = "기본값";
> > "e2t-Rh-Wi3.title" = "오브젝트를 아트보드로 전환";
> > "eEe-yt-o4K.title" = "철자 설정…";
> > "eHP-5e-1ZB.title" = "아트보드를 오브젝트로 전환";
> > "eRb-Wh-EQz.title" = "철자";
> > "edl-I2-Ekm.title" = "선 펼치기";
> > "eiL-rC-9xr.title" = "결합 생성";
> > "fNq-US-qXn.title" = "줄바꿈";
> > "fVC-AI-mh5.title" = "위쪽";
> > "fdX-a5-q2f.title" = "선이 있는 오브젝트";
> > "fgx-MX-lXZ.title" = "점선 오브젝트";
> > "fij-cC-LCH.title" = "모든 윈도우 통합";
> > "fj4-Fp-494.title" = "문단 스타일 생성";
> > "gZ1-YE-Xp4.title" = "텍스트 스타일을 기본값으로 저장";
> > "geE-kT-j69.title" = "오른쪽 균등 정렬";
> > "h2e-jb-eqj.title" = "가로 뒤집기";
> > "h3y-2z-Xp8.title" = "레이어";
> > "hDh-Yf-0sK.title" = "아래";
> > "hWa-Th-0Ac.title" = "모두 앞으로 가져오기";
> > "hov-rz-dRX.title" = "왼쪽 정렬";
> > "hww-2Y-KTa.title" = "기본값";
> > "i96-Qy-QHE.title" = "타이포그래피 보기";
> > "iEO-Vh-RiU.title" = "문서와 함께 편집 기록 저장";
> > "iPg-p2-hpv.title" = "레이어 효과…";
> > "iao-Jb-L4Q.title" = "안으로 가져오기";
> > "ilU-Cq-Y38.title" = "세로 가운데 정렬";
> > "j2n-1l-yXS.title" = "선택 항목에 맞추기";
> > "j4N-zC-ebD.title" = "모두 합자";
> > "jAm-E6-rb4.title" = "벡터 레이어";
> > "jBQ-7f-1Rz.title" = "추가 (결합)";
> > "jOT-uZ-ODQ.title" = "픽셀 크기";
> > "jZl-ao-W2J.title" = "맨 뒤로 보내기";
> > "jlm-SR-2pz.title" = "선택 해제";
> > "k3i-8n-a92.title" = "동일 선택";
> > "kUy-YE-X1C.title" = "이전 뷰 포인트로 이동";
> > "kYB-XR-fyN.title" = "신규 조정";
> > "kgf-Yg-eTT.title" = "패키지로 저장…";
> > "liY-TX-Baf.title" = "세로 정렬";
> > "mEr-Gt-JDx.title" = "배타적논리합";
> > "mhH-Dz-O1z.title" = "왼쪽 작업실 보기";
> > "n04-uf-3Wb.title" = "텍스트 액자로 전환";
> > "n14-9X-5nw.title" = "칠이 없는 오브젝트";
> > "nHP-HO-qrf.title" = "넓게";
> > "nJ2-Oj-KuC.title" = "가운데";
> > "nKE-2h-R9m.title" = "픽셀 (레티나)";
> > "nSI-W5-nL2.title" = "예술 텍스트";
> > "naX-Yk-epy.title" = "맞추기";
> > "o6L-Kv-Yhr.title" = "철자";
> > "o7f-b4-OTT.title" = "작성하는 동안 철자 확인";
> > "oGt-tZ-Qx4.title" = "도구 고정";
> > "oZU-Iw-JFf.title" = "제거 (결합)";
> > "oaH-uj-twB.title" = "기본값 재설정";
> > "oli-Ka-mai.title" = "삽입된 문서";
> > "oxe-6t-ENF.title" = "크기";
> > "pOo-m1-JCv.title" = "전각 줄표";
> > "pUA-oB-Kwl.title" = "도련선 보기";
> > "pWi-eA-dhd.title" = "레이어 패널에서 찾기";
> > "pWq-7Y-iRf.title" = "왼쪽으로 회전";
> > "paW-gX-CC4.title" = "양쪽 균등 정렬";
> > "pdf-nZ-azi.title" = "작게";
> > "pfV-9I-vOB.title" = "신규 조정";
> > "phe-so-vU0.title" = "상징";
> > "pjJ-hF-rtX.title" = "크기";
> > "prU-g4-Oym.title" = "모양";
> > "psY-ga-bCc.title" = "앞으로 가져오기";
> > "pz9-1S-cfX.title" = "정렬";
> > "qJp-4b-tGJ.title" = "문자 스타일 업데이트";
> > "qxb-c2-k6D.title" = "가리기";
> > "rfD-qh-OcG.title" = "투명도";
> > "sF3-Ce-UTB.title" = "바깥으로 보내기";
> > "tA5-lK-lyF.title" = "모든 그룹 풀기";
> > "tW5-K5-ahn.title" = "도구 보기";
> > "tgw-QS-Pn7.title" = "동일 선택";
> > "uys-gy-ZgQ.title" = "제거";
> > "uzY-xL-U3w.title" = "태그 색상";
> > "v2P-6I-jqM.title" = "혼합 모드";
> > "vRB-xZ-oSi.title" = "저장";
> > "vaS-4t-alL.title" = "선이 없는 오브젝트";
> > "vg1-3z-4TP.title" = "칠 색상";
> > "vte-HW-jpR.title" = "뒤로";
> > "wBy-1v-JPW.title" = "실제 크기";
> > "wLu-X4-5Zy.title" = "업데이트 확인";
> > "wm1-sj-IZt.title" = "외형";
> > "xAU-bc-qIX.title" = "조금씩 늘리기";
> > "xLn-eq-kmf.title" = "공유";
> > "xNr-O1-3Xp.title" = "레이어 패널에서 선택 항목 항상 보기 ";
> > "xfZ-YZ-wa9.title" = "문자 스타일 지우기";
> > "xvT-Kv-m60.title" = "배타적논리합 (결합)";
> > "xyc-WK-KO3.title" = "다음 항목 선택";
> > "yHx-GK-ewa.title" = "기준선 재설정";
> > "yR6-Ay-dia.title" = "포맷 없이 붙이기";
> > "zZ2-9t-eDH.title" = "텍스트 경로로 전환";
> > "za0-Gm-PuC.title" = "회전";
> > "zwL-Nw-wkx.title" = "텍스트 스타일";
> > "zyu-vC-SJu.title" = "열린 곡선";
> > /* Class = "NSMenu"; title = "칠 모드"; ObjectID = "1386"; */
> > /* Class = "NSMenu"; title = "줄 간격"; ObjectID = "HdA-fP-H3D"; */
> > /* Class = "NSMenu"; title = "뷰"; ObjectID = "1357"; */
> > /* Class = "NSMenu"; title = "뷰"; ObjectID = "889"; */
> > /* Class = "NSMenu"; title = "최근 사용 열기"; ObjectID = "887"; */
> > /* Class = "NSMenu"; title = "문자 특성"; ObjectID = "1214"; */
> > /* Class = "NSMenu"; title = "문자 삽입"; ObjectID = "1465"; */
> > /* Class = "NSMenu"; title = "세로 정렬"; ObjectID = "liY-TX-Baf"; */
> > /* Class = "NSMenu"; title = "신규 조정"; ObjectID = "pfV-9I-vOB"; */
> > /* Class = "NSMenu"; title = "동일 선택"; ObjectID = "tgw-QS-Pn7"; */
> > /* Class = "NSMenu"; title = "정렬"; ObjectID = "1193"; */
> > /* Class = "NSMenu"; title = "합자"; ObjectID = "1237"; */
> > /* Class = "NSMenu"; title = "간격"; ObjectID = "1241"; */
> > /* Class = "NSMenu"; title = "보기"; ObjectID = "1364"; */
> > /* Class = "NSMenu"; title = "정렬"; ObjectID = "5Jc-FA-nGp"; */
> > /* Class = "NSMenu"; title = "편집"; ObjectID = "828"; */
> > /* Class = "NSMenu"; title = "파일"; ObjectID = "873"; */
> > /* Class = "NSMenu"; title = "선택"; ObjectID = "D2v-ID-xc2"; */
> > /* Class = "NSMenu"; title = "순서"; ObjectID = "DiQ-1J-IMB"; */
> > /* Class = "NSMenu"; title = "삽입"; ObjectID = "EBM-9c-AS6"; */
> > /* Class = "NSMenu"; title = "기하"; ObjectID = "HuU-Hn-ZOl"; */
> > /* Class = "NSMenu"; title = "공유"; ObjectID = "VM8-Tz-3iO"; */
> > /* Class = "NSMenu"; title = "변형"; ObjectID = "Ydf-xe-VEc"; */
> > /* Class = "NSMenu"; title = "철자"; ObjectID = "o6L-Kv-Yhr"; */
> > /* Class = "NSMenu"; title = "크기"; ObjectID = "oxe-6t-ENF"; */
> > /* Class = "NSMenu"; title = "텍스트 스타일"; ObjectID = "zwL-Nw-wkx"; */
> > /* Class = "NSMenu"; title = "텍스트"; ObjectID = "1190"; */
> > /* Class = "NSMenu"; title = "기준선"; ObjectID = "1231"; */
> > /* Class = "NSMenu"; title = "작업실"; ObjectID = "7ef-qq-INZ"; */
> > /* Class = "NSMenu"; title = "윈도우"; ObjectID = "808"; */
> > /* Class = "NSMenu"; title = "서비스"; ObjectID = "827"; */
> > /* Class = "NSMenu"; title = "도움말"; ObjectID = "950"; */
> > /* Class = "NSMenu"; title = "기본값"; ObjectID = "dzx-WR-H4b"; */
> > /* Class = "NSMenu"; title = "줄바꿈"; ObjectID = "fNq-US-qXn"; */
> > /* Class = "NSMenu"; title = "레이어"; ObjectID = "h3y-2z-Xp8"; */
> > /* Class = "NSMenu"; title = "맞추기"; ObjectID = "naX-Yk-epy"; */
> > /* Class = "NSMenu"; title = "오브젝트 선택"; ObjectID = "DQu-pg-wSH"; */
> > /* Class = "NSMenu"; title = "페르소나"; ObjectID = "815"; */
> > /* Class = "NSMenuItem"; title = "Affinity Designer 종료"; ObjectID = "823"; */
> > /* Class = "NSMenuItem"; title = "Affinity Designer에 관하여…"; ObjectID = "826"; */
> > /* Class = "NSMenuItem"; title = "Finder에서 찾기"; ObjectID = "ays-zs-F3b"; */
> > /* Class = "NSMenuItem"; title = "Photo에서 편집…"; ObjectID = "2Vd-C7-OhK"; */
> > /* Class = "NSMenuItem"; title = "Publisher에서 편집…"; ObjectID = "ZRj-rc-TaP"; */
> > /* Class = "NSMenuItem"; title = "UI 가리기"; ObjectID = "YtA-uY-CIR"; */
> > /* Class = "NSMenuItem"; title = "줄 바꿈 없는 공백"; ObjectID = "1478"; */
> > /* Class = "NSMenuItem"; title = "줄 바꿈 없는 하이픈"; ObjectID = "1469"; */
> > /* Class = "NSMenuItem"; title = "폭 없는 공백"; ObjectID = "1470"; */
> > /* Class = "NSMenuItem"; title = "맨 뒤로 보내기"; ObjectID = "jZl-ao-W2J"; */
> > /* Class = "NSMenuItem"; title = "칠 모드"; ObjectID = "1385"; */
> > /* Class = "NSMenuItem"; title = "줄 간격"; ObjectID = "8Zv-Bg-xT2"; */
> > /* Class = "NSMenuItem"; title = "선 두께"; ObjectID = "dc0-Nt-74U"; */
> > /* Class = "NSMenuItem"; title = "열 안내선 보기"; ObjectID = "7Ru-0w-rUG"; */
> > /* Class = "NSMenuItem"; title = "맨 앞으로 가져오기"; ObjectID = "K9S-F2-SAt"; */
> > /* Class = "NSMenuItem"; title = "내 계정…"; ObjectID = "8PK-Bh-XtU"; */
> > /* Class = "NSMenuItem"; title = "선 펼치기"; ObjectID = "edl-I2-Ekm"; */
> > /* Class = "NSMenuItem"; title = "뷰"; ObjectID = "1353"; */
> > /* Class = "NSMenuItem"; title = "뷰"; ObjectID = "803"; */
> > /* Class = "NSMenuItem"; title = "교차 (결합)"; ObjectID = "SPJ-mB-QtS"; */
> > /* Class = "NSMenuItem"; title = "추가 (결합)"; ObjectID = "jBQ-7f-1Rz"; */
> > /* Class = "NSMenuItem"; title = "제거 (결합)"; ObjectID = "oZU-Iw-JFf"; */
> > /* Class = "NSMenuItem"; title = "픽셀 (레티나)"; ObjectID = "nKE-2h-R9m"; */
> > /* Class = "NSMenuItem"; title = "다음 뷰 포인트로 이동"; ObjectID = "bbH-KR-aQE"; */
> > /* Class = "NSMenuItem"; title = "이전 뷰 포인트로 이동"; ObjectID = "kUy-YE-X1C"; */
> > /* Class = "NSMenuItem"; title = "신규 뷰"; ObjectID = "1093"; */
> > /* Class = "NSMenuItem"; title = "픽셀 선택 항목 반전"; ObjectID = "VmM-8g-VbQ"; */
> > /* Class = "NSMenuItem"; title = "모두 잠금 풀기"; ObjectID = "2Xc-mb-2dz"; */
> > /* Class = "NSMenuItem"; title = "전체 화면 시작"; ObjectID = "813"; */
> > /* Class = "NSMenuItem"; title = "최근 사용 열기"; ObjectID = "883"; */
> > /* Class = "NSMenuItem"; title = "이전 항목 선택"; ObjectID = "Dfj-0Q-5ey"; */
> > /* Class = "NSMenuItem"; title = "왼쪽 균등 정렬"; ObjectID = "GMY-ne-IEz"; */
> > /* Class = "NSMenuItem"; title = "양쪽 균등 정렬"; ObjectID = "paW-gX-CC4"; */
> > /* Class = "NSMenuItem"; title = "모든 그룹 풀기"; ObjectID = "tA5-lK-lyF"; */
> > /* Class = "NSMenuItem"; title = "다음 항목 선택"; ObjectID = "xyc-WK-KO3"; */
> > /* Class = "NSMenuItem"; title = "미리 설정 추가…"; ObjectID = "9w8-n8-uYP"; */
> > /* Class = "NSMenuItem"; title = "신규 픽셀 레이어"; ObjectID = "A5T-yU-cZR"; */
> > /* Class = "NSMenuItem"; title = "포맷 없이 붙이기"; ObjectID = "yR6-Ay-dia"; */
> > /* Class = "NSMenuItem"; title = "점선 없는 오브젝트"; ObjectID = "MZn-yx-s0R"; */
> > /* Class = "NSMenuItem"; title = "칠이 있는 오브젝트"; ObjectID = "cPV-z6-sIE"; */
> > /* Class = "NSMenuItem"; title = "선이 있는 오브젝트"; ObjectID = "fdX-a5-q2f"; */
> > /* Class = "NSMenuItem"; title = "칠이 없는 오브젝트"; ObjectID = "n14-9X-5nw"; */
> > /* Class = "NSMenuItem"; title = "선이 없는 오브젝트"; ObjectID = "vaS-4t-alL"; */
> > /* Class = "NSMenuItem"; title = "잠금 풀기"; ObjectID = "1131"; */
> > /* Class = "NSMenuItem"; title = "문자 특성"; ObjectID = "1191"; */
> > /* Class = "NSMenuItem"; title = "왼쪽 정렬"; ObjectID = "1194"; */
> > /* Class = "NSMenuItem"; title = "합자 없음"; ObjectID = "1238"; */
> > /* Class = "NSMenuItem"; title = "합자 없음"; ObjectID = "1243"; */
> > /* Class = "NSMenuItem"; title = "더욱 넓게"; ObjectID = "1245"; */
> > /* Class = "NSMenuItem"; title = "문자 삽입"; ObjectID = "1464"; */
> > /* Class = "NSMenuItem"; title = "전각 공백"; ObjectID = "1467"; */
> > /* Class = "NSMenuItem"; title = "반각 공백"; ObjectID = "1468"; */
> > /* Class = "NSMenuItem"; title = "모두 닫기"; ObjectID = "1FW-iW-Qrj"; */
> > /* Class = "NSMenuItem"; title = "모두 보기"; ObjectID = "824"; */
> > /* Class = "NSMenuItem"; title = "다시 실행"; ObjectID = "835"; */
> > /* Class = "NSMenuItem"; title = "실행 취소"; ObjectID = "841"; */
> > /* Class = "NSMenuItem"; title = "전체 선택"; ObjectID = "842"; */
> > /* Class = "NSMenuItem"; title = "툴바 보기"; ObjectID = "893"; */
> > /* Class = "NSMenuItem"; title = "가로 분배"; ObjectID = "8nY-ha-31n"; */
> > /* Class = "NSMenuItem"; title = "그룹 풀기"; ObjectID = "984"; */
> > /* Class = "NSMenuItem"; title = "숫자 줄표"; ObjectID = "9DK-kK-Ag2"; */
> > /* Class = "NSMenuItem"; title = "위쪽 정렬"; ObjectID = "9zQ-Cn-yqa"; */
> > /* Class = "NSMenuItem"; title = "철자 확인"; ObjectID = "CTb-NC-gUj"; */
> > /* Class = "NSMenuItem"; title = "분할 보기"; ObjectID = "CfD-Er-w2q"; */
> > /* Class = "NSMenuItem"; title = "결합 해제"; ObjectID = "DEg-VF-zkA"; */
> > /* Class = "NSMenuItem"; title = "가로 공백"; ObjectID = "EbZ-iH-4tu"; */
> > /* Class = "NSMenuItem"; title = "반각 줄표"; ObjectID = "HAT-In-9Up"; */
> > /* Class = "NSMenuItem"; title = "세로 공백"; ObjectID = "NLI-fE-Ayx"; */
> > /* Class = "NSMenuItem"; title = "더욱 좁게"; ObjectID = "Oll-Tu-Xib"; */
> > /* Class = "NSMenuItem"; title = "단일 보기"; ObjectID = "PHF-sc-jzi"; */
> > /* Class = "NSMenuItem"; title = "세로 정렬"; ObjectID = "Rgl-aj-iJ1"; */
> > /* Class = "NSMenuItem"; title = "닫힌 곡선"; ObjectID = "Vql-C1-zUW"; */
> > /* Class = "NSMenuItem"; title = "세로 분배"; ObjectID = "awr-i5-fcw"; */
> > /* Class = "NSMenuItem"; title = "모두 보기"; ObjectID = "ckN-4d-7vs"; */
> > /* Class = "NSMenuItem"; title = "결합 생성"; ObjectID = "eiL-rC-9xr"; */
> > /* Class = "NSMenuItem"; title = "왼쪽 정렬"; ObjectID = "hov-rz-dRX"; */
> > /* Class = "NSMenuItem"; title = "모두 합자"; ObjectID = "j4N-zC-ebD"; */
> > /* Class = "NSMenuItem"; title = "픽셀 크기"; ObjectID = "jOT-uZ-ODQ"; */
> > /* Class = "NSMenuItem"; title = "선택 해제"; ObjectID = "jlm-SR-2pz"; */
> > /* Class = "NSMenuItem"; title = "동일 선택"; ObjectID = "k3i-8n-a92"; */
> > /* Class = "NSMenuItem"; title = "신규 조정"; ObjectID = "kYB-XR-fyN"; */
> > /* Class = "NSMenuItem"; title = "도구 고정"; ObjectID = "oGt-tZ-Qx4"; */
> > /* Class = "NSMenuItem"; title = "전각 줄표"; ObjectID = "pOo-m1-JCv"; */
> > /* Class = "NSMenuItem"; title = "도구 보기"; ObjectID = "tW5-K5-ahn"; */
> > /* Class = "NSMenuItem"; title = "혼합 모드"; ObjectID = "v2P-6I-jqM"; */
> > /* Class = "NSMenuItem"; title = "실제 크기"; ObjectID = "wBy-1v-JPW"; */
> > /* Class = "NSMenuItem"; title = "열린 곡선"; ObjectID = "zyu-vC-SJu"; */
> > /* Class = "NSMenuItem"; title = "기본 스타일 다시 적용"; ObjectID = "AVQ-lj-f4d"; */
> > /* Class = "NSMenuItem"; title = "문자 스타일 생성"; ObjectID = "NYG-YC-JLd"; */
> > /* Class = "NSMenuItem"; title = "모든 윈도우 통합"; ObjectID = "fij-cC-LCH"; */
> > /* Class = "NSMenuItem"; title = "문단 스타일 생성"; ObjectID = "fj4-Fp-494"; */
> > /* Class = "NSMenuItem"; title = "세로 가운데 정렬"; ObjectID = "ilU-Cq-Y38"; */
> > /* Class = "NSMenuItem"; title = "왼쪽 작업실 보기"; ObjectID = "mhH-Dz-O1z"; */
> > /* Class = "NSMenuItem"; title = "모든 스타일 벗기고 지우기"; ObjectID = "Gc7-1c-IPY"; */
> > /* Class = "NSMenuItem"; title = "화면 크기에 맞추기"; ObjectID = "1075"; */
> > /* Class = "NSMenuItem"; title = "문단 스타일 벗기기"; ObjectID = "1Xp-ax-Yd8"; */
> > /* Class = "NSMenuItem"; title = "문단 스타일 지우기"; ObjectID = "B7B-su-xmv"; */
> > /* Class = "NSMenuItem"; title = "화면 너비에 맞추기"; ObjectID = "Shc-p4-Cjj"; */
> > /* Class = "NSMenuItem"; title = "문자 스타일 벗기기"; ObjectID = "VRS-AG-xkz"; */
> > /* Class = "NSMenuItem"; title = "선택 항목에 맞추기"; ObjectID = "j2n-1l-yXS"; */
> > /* Class = "NSMenuItem"; title = "문자 스타일 지우기"; ObjectID = "xfZ-YZ-wa9"; */
> > /* Class = "NSMenuItem"; title = "문단 스타일 업데이트"; ObjectID = "REy-uC-1gq"; */
> > /* Class = "NSMenuItem"; title = "모두 앞으로 가져오기"; ObjectID = "hWa-Th-0Ac"; */
> > /* Class = "NSMenuItem"; title = "문자 스타일 업데이트"; ObjectID = "qJp-4b-tGJ"; */
> > /* Class = "NSMenuItem"; title = "회전 재설정"; ObjectID = "0QN-SF-zfs"; */
> > /* Class = "NSMenuItem"; title = "작은 대문자"; ObjectID = "1523"; */
> > /* Class = "NSMenuItem"; title = "모두 대문자"; ObjectID = "1524"; */
> > /* Class = "NSMenuItem"; title = "뒤로 보내기"; ObjectID = "1fK-86-ju6"; */
> > /* Class = "NSMenuItem"; title = "경로 텍스트"; ObjectID = "4y3-gR-cgv"; */
> > /* Class = "NSMenuItem"; title = "세로 뒤집기"; ObjectID = "5vY-2i-N05"; */
> > /* Class = "NSMenuItem"; title = "기타 가리기"; ObjectID = "816"; */
> > /* Class = "NSMenuItem"; title = "효과 붙이기"; ObjectID = "86E-yX-Rtm"; */
> > /* Class = "NSMenuItem"; title = "문서 설정…"; ObjectID = "882"; */
> > /* Class = "NSMenuItem"; title = "메뉴 지우기"; ObjectID = "888"; */
> > /* Class = "NSMenuItem"; title = "액자 텍스트"; ObjectID = "Ble-xh-JDc"; */
> > /* Class = "NSMenuItem"; title = "신규 레이어"; ObjectID = "Kss-By-7ox"; */
> > /* Class = "NSMenuItem"; title = "기타 가리기"; ObjectID = "Xnq-Dr-A25"; */
> > /* Class = "NSMenuItem"; title = "철자 설정…"; ObjectID = "eEe-yt-o4K"; */
> > /* Class = "NSMenuItem"; title = "가로 뒤집기"; ObjectID = "h2e-jb-eqj"; */
> > /* Class = "NSMenuItem"; title = "벡터 레이어"; ObjectID = "jAm-E6-rb4"; */
> > /* Class = "NSMenuItem"; title = "예술 텍스트"; ObjectID = "nSI-W5-nL2"; */
> > /* Class = "NSMenuItem"; title = "자원 관리자..."; ObjectID = "3x7-NM-FhS"; */
> > /* Class = "NSMenuItem"; title = "선택 항목에서 기본값 동기화"; ObjectID = "7lg-Xj-Nqc"; */
> > /* Class = "NSMenuItem"; title = "다른 이름으로 저장…"; ObjectID = "874"; */
> > /* Class = "NSMenuItem"; title = "픽셀 오브젝트"; ObjectID = "0Gn-Ti-FSz"; */
> > /* Class = "NSMenuItem"; title = "사진 페르소나"; ObjectID = "LjP-sQ-hPg"; */
> > /* Class = "NSMenuItem"; title = "픽셀 페르소나"; ObjectID = "QAM-Fe-5UN"; */
> > /* Class = "NSMenuItem"; title = "투명 오브젝트"; ObjectID = "YBk-ac-ZfK"; */
> > /* Class = "NSMenuItem"; title = "점선 오브젝트"; ObjectID = "fgx-MX-lXZ"; */
> > /* Class = "NSMenuItem"; title = "도구 사용자화…"; ObjectID = "890"; */
> > /* Class = "NSMenuItem"; title = "툴바 사용자화…"; ObjectID = "892"; */
> > /* Class = "NSMenuItem"; title = "복제"; ObjectID = "1062"; */
> > /* Class = "NSMenuItem"; title = "픽셀"; ObjectID = "1107"; */
> > /* Class = "NSMenuItem"; title = "잠금"; ObjectID = "1130"; */
> > /* Class = "NSMenuItem"; title = "정렬"; ObjectID = "1192"; */
> > /* Class = "NSMenuItem"; title = "강조"; ObjectID = "1216"; */
> > /* Class = "NSMenuItem"; title = "밑줄"; ObjectID = "1218"; */
> > /* Class = "NSMenuItem"; title = "간격"; ObjectID = "1223"; */
> > /* Class = "NSMenuItem"; title = "합자"; ObjectID = "1224"; */
> > /* Class = "NSMenuItem"; title = "좁게"; ObjectID = "1244"; */
> > /* Class = "NSMenuItem"; title = "확대"; ObjectID = "1329"; */
> > /* Class = "NSMenuItem"; title = "축소"; ObjectID = "1331"; */
> > /* Class = "NSMenuItem"; title = "보기"; ObjectID = "1362"; */
> > /* Class = "NSMenuItem"; title = "벡터"; ObjectID = "1366"; */
> > /* Class = "NSMenuItem"; title = "없음"; ObjectID = "1522"; */
> > /* Class = "NSMenuItem"; title = "변형"; ObjectID = "4FN-26-KZw"; */
> > /* Class = "NSMenuItem"; title = "좁은"; ObjectID = "4Id-nX-N7H"; */
> > /* Class = "NSMenuItem"; title = "추가"; ObjectID = "5nI-p6-hYu"; */
> > /* Class = "NSMenuItem"; title = "높이"; ObjectID = "67w-fZ-emw"; */
> > /* Class = "NSMenuItem"; title = "너비"; ObjectID = "7qR-Uq-p4B"; */
> > /* Class = "NSMenuItem"; title = "파일"; ObjectID = "804"; */
> > /* Class = "NSMenuItem"; title = "편집"; ObjectID = "805"; */
> > /* Class = "NSMenuItem"; title = "복사"; ObjectID = "837"; */
> > /* Class = "NSMenuItem"; title = "닫기"; ObjectID = "881"; */
> > /* Class = "NSMenuItem"; title = "그룹"; ObjectID = "985"; */
> > /* Class = "NSMenuItem"; title = "삽입"; ObjectID = "Bpk-Xm-rEK"; */
> > /* Class = "NSMenuItem"; title = "위쪽"; ObjectID = "Crq-Tz-Jvc"; */
> > /* Class = "NSMenuItem"; title = "교차"; ObjectID = "JFh-gc-Rav"; */
> > /* Class = "NSMenuItem"; title = "선택"; ObjectID = "JjC-RP-On1"; */
> > /* Class = "NSMenuItem"; title = "보기"; ObjectID = "LDo-1g-Kye"; */
> > /* Class = "NSMenuItem"; title = "이름"; ObjectID = "LG2-Vy-mDL"; */
> > /* Class = "NSMenuItem"; title = "그물"; ObjectID = "LrI-M7-J3t"; */
> > /* Class = "NSMenuItem"; title = "기하"; ObjectID = "LyZ-It-qgA"; */
> > /* Class = "NSMenuItem"; title = "없음"; ObjectID = "MPh-xh-zNq"; */
> > /* Class = "NSMenuItem"; title = "분할"; ObjectID = "PPW-Zn-dZ9"; */
> > /* Class = "NSMenuItem"; title = "순서"; ObjectID = "Pdf-BG-vv1"; */
> > /* Class = "NSMenuItem"; title = "모양"; ObjectID = "Ulj-Mn-Oyg"; */
> > /* Class = "NSMenuItem"; title = "크게"; ObjectID = "Wxr-K3-Xb3"; */
> > /* Class = "NSMenuItem"; title = "그룹"; ObjectID = "X9V-N1-aE0"; */
> > /* Class = "NSMenuItem"; title = "맞춤"; ObjectID = "ZZg-bf-a2h"; */
> > /* Class = "NSMenuItem"; title = "곡선"; ObjectID = "aSV-Y9-3AP"; */
> > /* Class = "NSMenuItem"; title = "반전"; ObjectID = "bsJ-It-5zZ"; */
> > /* Class = "NSMenuItem"; title = "저장"; ObjectID = "bvT-3L-fX5"; */
> > /* Class = "NSMenuItem"; title = "철자"; ObjectID = "eRb-Wh-EQz"; */
> > /* Class = "NSMenuItem"; title = "위쪽"; ObjectID = "fVC-AI-mh5"; */
> > /* Class = "NSMenuItem"; title = "아래"; ObjectID = "hDh-Yf-0sK"; */
> > /* Class = "NSMenuItem"; title = "넓게"; ObjectID = "nHP-HO-qrf"; */
> > /* Class = "NSMenuItem"; title = "작게"; ObjectID = "pdf-nZ-azi"; */
> > /* Class = "NSMenuItem"; title = "상징"; ObjectID = "phe-so-vU0"; */
> > /* Class = "NSMenuItem"; title = "크기"; ObjectID = "pjJ-hF-rtX"; */
> > /* Class = "NSMenuItem"; title = "모양"; ObjectID = "prU-g4-Oym"; */
> > /* Class = "NSMenuItem"; title = "정렬"; ObjectID = "pz9-1S-cfX"; */
> > /* Class = "NSMenuItem"; title = "제거"; ObjectID = "uys-gy-ZgQ"; */
> > /* Class = "NSMenuItem"; title = "저장"; ObjectID = "vRB-xZ-oSi"; */
> > /* Class = "NSMenuItem"; title = "뒤로"; ObjectID = "vte-HW-jpR"; */
> > /* Class = "NSMenuItem"; title = "외형"; ObjectID = "wm1-sj-IZt"; */
> > /* Class = "NSMenuItem"; title = "공유"; ObjectID = "xLn-eq-kmf"; */
> > /* Class = "NSMenuItem"; title = "회전"; ObjectID = "za0-Gm-PuC"; */
> > /* Class = "NSMenuItem"; title = "문서와 함께 편집 기록 저장"; ObjectID = "iEO-Vh-RiU"; */
> > /* Class = "NSMenuItem"; title = "작업실 미리 설정 관리…"; ObjectID = "dFb-fJ-aap"; */
> > /* Class = "NSMenuItem"; title = "상황별 툴바 보기"; ObjectID = "82H-vD-VqR"; */
> > /* Class = "NSMenuItem"; title = "오른쪽 균등 정렬"; ObjectID = "geE-kT-j69"; */
> > /* Class = "NSMenuItem"; title = "여백선 보기"; ObjectID = "1087"; */
> > /* Class = "NSMenuItem"; title = "안내선 보기"; ObjectID = "1088"; */
> > /* Class = "NSMenuItem"; title = "격자선 보기"; ObjectID = "1089"; */
> > /* Class = "NSMenuItem"; title = "오른쪽 정렬"; ObjectID = "1197"; */
> > /* Class = "NSMenuItem"; title = "스타일 생성"; ObjectID = "1305"; */
> > /* Class = "NSMenuItem"; title = "눈금자 보기"; ObjectID = "1457"; */
> > /* Class = "NSMenuItem"; title = "줄바꿈 무시"; ObjectID = "1cY-eD-FYh"; */
> > /* Class = "NSMenuItem"; title = "조금씩 크게"; ObjectID = "4Rx-il-gRN"; */
> > /* Class = "NSMenuItem"; title = "안내선 잠금"; ObjectID = "CNR-fc-huC"; */
> > /* Class = "NSMenuItem"; title = "오른쪽 정렬"; ObjectID = "P3r-1H-plh"; */
> > /* Class = "NSMenuItem"; title = "아래쪽 정렬"; ObjectID = "RBt-gf-Am1"; */
> > /* Class = "NSMenuItem"; title = "조금씩 작게"; ObjectID = "VQj-RS-qy7"; */
> > /* Class = "NSMenuItem"; title = "삽입된 문서"; ObjectID = "oli-Ka-mai"; */
> > /* Class = "NSMenuItem"; title = "도련선 보기"; ObjectID = "pUA-oB-Kwl"; */
> > /* Class = "NSMenuItem"; title = "텍스트 스타일 다시 적용"; ObjectID = "aKF-Bo-uSE"; */
> > /* Class = "NSMenuItem"; title = "오른쪽 작업실 보기"; ObjectID = "cGc-Nf-hdS"; */
> > /* Class = "NSMenuItem"; title = "텍스트 액자로 전환"; ObjectID = "n04-uf-3Wb"; */
> > /* Class = "NSMenuItem"; title = "텍스트 경로로 전환"; ObjectID = "zZ2-9t-eDH"; */
> > /* Class = "NSMenuItem"; title = "기준선 조금씩 낮추기"; ObjectID = "QsI-a3-XdF"; */
> > /* Class = "NSMenuItem"; title = "기준선 조금씩 올리기"; ObjectID = "dab-jI-Bnl"; */
> > /* Class = "NSMenuItem"; title = "텍스트 스타일 들여오기…"; ObjectID = "JmB-re-qgo"; */
> > /* Class = "NSMenuItem"; title = "기준선 재설정"; ObjectID = "1232"; */
> > /* Class = "NSMenuItem"; title = "기준선 재설정"; ObjectID = "1242"; */
> > /* Class = "NSMenuItem"; title = "스타일 붙이기"; ObjectID = "1325"; */
> > /* Class = "NSMenuItem"; title = "안으로 붙이기"; ObjectID = "2DS-OJ-9gj"; */
> > /* Class = "NSMenuItem"; title = "채우기 텍스트"; ObjectID = "33O-rq-hBH"; */
> > /* Class = "NSMenuItem"; title = "텍스트 스타일"; ObjectID = "3PK-kV-rhH"; */
> > /* Class = "NSMenuItem"; title = "기준선 내리기"; ObjectID = "4Jc-Wo-kBd"; */
> > /* Class = "NSMenuItem"; title = "조금씩 줄이기"; ObjectID = "83W-2Y-rL5"; */
> > /* Class = "NSMenuItem"; title = "작업실 가리기"; ObjectID = "Lj6-oc-PhE"; */
> > /* Class = "NSMenuItem"; title = "작업실 재설정"; ObjectID = "T5D-a2-SS7"; */
> > /* Class = "NSMenuItem"; title = "기준선 올리기"; ObjectID = "TPM-Bu-G1n"; */
> > /* Class = "NSMenuItem"; title = "레이어 효과…"; ObjectID = "iPg-p2-hpv"; */
> > /* Class = "NSMenuItem"; title = "기본값 재설정"; ObjectID = "oaH-uj-twB"; */
> > /* Class = "NSMenuItem"; title = "조금씩 늘리기"; ObjectID = "xAU-bc-qIX"; */
> > /* Class = "NSMenuItem"; title = "기준선 재설정"; ObjectID = "yHx-GK-ewa"; */
> > /* Class = "NSMenuItem"; title = "레이어 패널에서 선택 항목 항상 보기 "; ObjectID = "xNr-O1-3Xp"; */
> > /* Class = "NSMenuItem"; title = "그룹을 레이어로 승격"; ObjectID = "csY-5B-aHc"; */
> > /* Class = "NSMenuItem"; title = "레이어 패널에서 찾기"; ObjectID = "pWi-eA-dhd"; */
> > /* Class = "NSMenuItem"; title = "텍스트 스타일을 기본값으로 저장"; ObjectID = "gZ1-YE-Xp4"; */
> > /* Class = "NSMenuItem"; title = "불투명 오브젝트"; ObjectID = "Snu-Lp-OX8"; */
> > /* Class = "NSMenuItem"; title = "안으로 가져오기"; ObjectID = "iao-Jb-L4Q"; */
> > /* Class = "NSMenuItem"; title = "마스크 래스터화"; ObjectID = "oOY-9c-N1Y"; */
> > /* Class = "NSMenuItem"; title = "앞으로 가져오기"; ObjectID = "psY-ga-bCc"; */
> > /* Class = "NSMenuItem"; title = "텍스트"; ObjectID = "1189"; */
> > /* Class = "NSMenuItem"; title = "기울임"; ObjectID = "1217"; */
> > /* Class = "NSMenuItem"; title = "기준선"; ObjectID = "1225"; */
> > /* Class = "NSMenuItem"; title = "윗첨자"; ObjectID = "1233"; */
> > /* Class = "NSMenuItem"; title = "배치…"; ObjectID = "1310"; */
> > /* Class = "NSMenuItem"; title = "줄바꿈"; ObjectID = "1466"; */
> > /* Class = "NSMenuItem"; title = "하이픈"; ObjectID = "1471"; */
> > /* Class = "NSMenuItem"; title = "취소선"; ObjectID = "4Jt-hw-bJu"; */
> > /* Class = "NSMenuItem"; title = "도움말"; ObjectID = "801"; */
> > /* Class = "NSMenuItem"; title = "윈도우"; ObjectID = "807"; */
> > /* Class = "NSMenuItem"; title = "최소화"; ObjectID = "811"; */
> > /* Class = "NSMenuItem"; title = "맞추기"; ObjectID = "812"; */
> > /* Class = "NSMenuItem"; title = "서비스"; ObjectID = "818"; */
> > /* Class = "NSMenuItem"; title = "가리기"; ObjectID = "825"; */
> > /* Class = "NSMenuItem"; title = "붙이기"; ObjectID = "838"; */
> > /* Class = "NSMenuItem"; title = "지우기"; ObjectID = "843"; */
> > /* Class = "NSMenuItem"; title = "신규…"; ObjectID = "884"; */
> > /* Class = "NSMenuItem"; title = "열기…"; ObjectID = "885"; */
> > /* Class = "NSMenuItem"; title = "인쇄…"; ObjectID = "886"; */
> > /* Class = "NSMenuItem"; title = "기본값"; ObjectID = "CvI-D0-ERa"; */
> > /* Class = "NSMenuItem"; title = "줄바꿈"; ObjectID = "Deb-5h-lTl"; */
> > /* Class = "NSMenuItem"; title = "안으로"; ObjectID = "F5b-Qs-TxU"; */
> > /* Class = "NSMenuItem"; title = "맞추기"; ObjectID = "Fcg-OK-m5D"; */
> > /* Class = "NSMenuItem"; title = "레이어"; ObjectID = "Gfb-Y7-eoF"; */
> > /* Class = "NSMenuItem"; title = "줄이기"; ObjectID = "Ite-wP-CRS"; */
> > /* Class = "NSMenuItem"; title = "이미지"; ObjectID = "RQ7-0O-s0j"; */
> > /* Class = "NSMenuItem"; title = "작업실"; ObjectID = "aRg-Mr-7xd"; */
> > /* Class = "NSMenuItem"; title = "늘리기"; ObjectID = "bzi-jw-WXn"; */
> > /* Class = "NSMenuItem"; title = "기본값"; ObjectID = "hww-2Y-KTa"; */
> > /* Class = "NSMenuItem"; title = "가리기"; ObjectID = "qxb-c2-k6D"; */
> > /* Class = "NSMenuItem"; title = "투명도"; ObjectID = "rfD-qh-OcG"; */
> > /* Class = "NSMenuItem"; title = "작성하는 동안 철자 확인"; ObjectID = "o7f-b4-OTT"; */
> > /* Class = "NSMenuItem"; title = "곡선으로 전환"; ObjectID = "1307"; */
> > /* Class = "NSMenuItem"; title = "캔버스에 클립"; ObjectID = "An6-fu-Y1p"; */
> > /* Class = "NSMenuItem"; title = "오브젝트 선택"; ObjectID = "Ikm-qI-xr4"; */
> > /* Class = "NSMenuItem"; title = "왼쪽으로 회전"; ObjectID = "L78-oO-bVh"; */
> > /* Class = "NSMenuItem"; title = "왼쪽으로 회전"; ObjectID = "pWq-7Y-iRf"; */
> > /* Class = "NSMenuItem"; title = "업데이트 확인"; ObjectID = "wLu-X4-5Zy"; */
> > /* Class = "NSMenuItem"; title = "미사용된 스타일 지우기"; ObjectID = "28B-UL-jS6"; */
> > /* Class = "NSMenuItem"; title = "스프레드 설정…"; ObjectID = "4ty-1I-i2t"; */
> > /* Class = "NSMenuItem"; title = "패키지로 저장…"; ObjectID = "kgf-Yg-eTT"; */
> > /* Class = "NSMenuItem"; title = "바깥으로 보내기"; ObjectID = "sF3-Ce-UTB"; */
> > /* Class = "NSMenuItem"; title = "제약받는 오브젝트"; ObjectID = "MIw-A1-LZ3"; */
> > /* Class = "NSMenuItem"; title = "내보내기 페르소나"; ObjectID = "Xee-W0-2Tr"; */
> > /* Class = "NSMenuItem"; title = "아랫첨자"; ObjectID = "1234"; */
> > /* Class = "NSMenuItem"; title = "교대하기"; ObjectID = "1383"; */
> > /* Class = "NSMenuItem"; title = "둘러싸기"; ObjectID = "1390"; */
> > /* Class = "NSMenuItem"; title = "페르소나"; ObjectID = "806"; */
> > /* Class = "NSMenuItem"; title = "오려두기"; ObjectID = "839"; */
> > /* Class = "NSMenuItem"; title = "아트보드"; ObjectID = "JpD-gZ-8Rh"; */
> > /* Class = "NSMenuItem"; title = "되돌리기"; ObjectID = "Q7Q-BH-2nH"; */
> > /* Class = "NSMenuItem"; title = "오른쪽으로 회전"; ObjectID = "KoK-K1-FV0"; */
> > /* Class = "NSMenuItem"; title = "오른쪽으로 회전"; ObjectID = "WDl-dG-mYt"; */
> > /* Class = "NSMenuItem"; title = "오브젝트를 아트보드로 전환"; ObjectID = "e2t-Rh-Wi3"; */
> > /* Class = "NSMenuItem"; title = "아트보드를 오브젝트로 전환"; ObjectID = "eHP-5e-1ZB"; */
> > /* Class = "NSMenuItem"; title = "템플릿으로 내보내기…"; ObjectID = "HWg-sJ-H8l"; */
> > /* Class = "NSMenuItem"; title = "래스터화…"; ObjectID = "1339"; */
> > /* Class = "NSMenuItem"; title = "환경설정…"; ObjectID = "821"; */
> > /* Class = "NSMenuItem"; title = "내보내기…"; ObjectID = "dEY-gX-uJE"; */
> > /* Class = "NSMenuItem"; title = "배타적논리합 (결합)"; ObjectID = "xvT-Kv-m60"; */
> > /* Class = "NSMenuItem"; title = "클립보드에서 신규"; ObjectID = "CRc-Cr-N5j"; */
> > /* Class = "NSMenuItem"; title = "타이포그래피 보기"; ObjectID = "i96-Qy-QHE"; */
> > /* Class = "NSMenuItem"; title = "배타적논리합"; ObjectID = "mEr-Gt-JDx"; */
