5,6c5,6
< /* Class = "NSMenuItem"; title = "Help"; ObjectID = "801"; */
< "801.title" = "Help";
---
> /* Class = "NSMenuItem"; title = "도움말"; ObjectID = "801"; */
> "801.title" = "도움말";
8,9c8,9
< /* Class = "NSMenuItem"; title = "View"; ObjectID = "803"; */
< "803.title" = "View";
---
> /* Class = "NSMenuItem"; title = "뷰"; ObjectID = "803"; */
> "803.title" = "뷰";
11,12c11,12
< /* Class = "NSMenuItem"; title = "File"; ObjectID = "804"; */
< "804.title" = "File";
---
> /* Class = "NSMenuItem"; title = "파일"; ObjectID = "804"; */
> "804.title" = "파일";
14,15c14,15
< /* Class = "NSMenuItem"; title = "Persona"; ObjectID = "806"; */
< "806.title" = "Persona";
---
> /* Class = "NSMenuItem"; title = "페르소나"; ObjectID = "806"; */
> "806.title" = "페르소나";
17,18c17,18
< /* Class = "NSMenuItem"; title = "Window"; ObjectID = "807"; */
< "807.title" = "Window";
---
> /* Class = "NSMenuItem"; title = "윈도우"; ObjectID = "807"; */
> "807.title" = "윈도우";
20,21c20,21
< /* Class = "NSMenu"; title = "Window"; ObjectID = "808"; */
< "808.title" = "Window";
---
> /* Class = "NSMenu"; title = "윈도우"; ObjectID = "808"; */
> "808.title" = "윈도우";
23,24c23,24
< /* Class = "NSMenuItem"; title = "Minimize"; ObjectID = "811"; */
< "811.title" = "Minimize";
---
> /* Class = "NSMenuItem"; title = "최소화"; ObjectID = "811"; */
> "811.title" = "최소화";
26,27c26,27
< /* Class = "NSMenuItem"; title = "Zoom"; ObjectID = "812"; */
< "812.title" = "Zoom";
---
> /* Class = "NSMenuItem"; title = "맞추기"; ObjectID = "812"; */
> "812.title" = "맞추기";
29,30c29,30
< /* Class = "NSMenuItem"; title = "Bring All to Front"; ObjectID = "813"; */
< "813.title" = "Bring All to Front";
---
> /* Class = "NSMenuItem"; title = "모두 앞으로 가져오기"; ObjectID = "813"; */
> "813.title" = "모두 앞으로 가져오기";
32,33c32,33
< /* Class = "NSMenu"; title = "Persona"; ObjectID = "815"; */
< "815.title" = "Persona";
---
> /* Class = "NSMenu"; title = "페르소나"; ObjectID = "815"; */
> "815.title" = "페르소나";
35,36c35,36
< /* Class = "NSMenuItem"; title = "Hide Others"; ObjectID = "816"; */
< "816.title" = "Hide Others";
---
> /* Class = "NSMenuItem"; title = "기타 가리기"; ObjectID = "816"; */
> "816.title" = "기타 가리기";
38,39c38,39
< /* Class = "NSMenuItem"; title = "Services"; ObjectID = "818"; */
< "818.title" = "Services";
---
> /* Class = "NSMenuItem"; title = "서비스"; ObjectID = "818"; */
> "818.title" = "서비스";
41,42c41,42
< /* Class = "NSMenuItem"; title = "Preferences…"; ObjectID = "821"; */
< "821.title" = "Preferences…";
---
> /* Class = "NSMenuItem"; title = "환경설정…"; ObjectID = "821"; */
> "821.title" = "환경설정…";
44,45c44,45
< /* Class = "NSMenuItem"; title = "Quit"; ObjectID = "823"; */
< "823.title" = "Quit";
---
> /* Class = "NSMenuItem"; title = "Affinity Designer 종료"; ObjectID = "823"; */
> "823.title" = "Affinity Designer 종료";
47,48c47,48
< /* Class = "NSMenuItem"; title = "Show All"; ObjectID = "824"; */
< "824.title" = "Show All";
---
> /* Class = "NSMenuItem"; title = "모두 보기"; ObjectID = "824"; */
> "824.title" = "모두 보기";
50,51c50,51
< /* Class = "NSMenuItem"; title = "Hide"; ObjectID = "825"; */
< "825.title" = "Hide";
---
> /* Class = "NSMenuItem"; title = "가리기"; ObjectID = "825"; */
> "825.title" = "가리기";
53,54c53,54
< /* Class = "NSMenuItem"; title = "About…"; ObjectID = "826"; */
< "826.title" = "About…";
---
> /* Class = "NSMenuItem"; title = "Affinity Designer에 관하여…"; ObjectID = "826"; */
> "826.title" = "Affinity Designer에 관하여…";
56,57c56,57
< /* Class = "NSMenu"; title = "Services"; ObjectID = "827"; */
< "827.title" = "Services";
---
> /* Class = "NSMenu"; title = "서비스"; ObjectID = "827"; */
> "827.title" = "서비스";
59,60c59,60
< /* Class = "NSMenu"; title = "File"; ObjectID = "873"; */
< "873.title" = "File";
---
> /* Class = "NSMenu"; title = "파일"; ObjectID = "873"; */
> "873.title" = "파일";
62,63c62,63
< /* Class = "NSMenuItem"; title = "Save As…"; ObjectID = "874"; */
< "874.title" = "Save As…";
---
> /* Class = "NSMenuItem"; title = "다른 이름으로 저장…"; ObjectID = "874"; */
> "874.title" = "다른 이름으로 저장…";
65,66c65,66
< /* Class = "NSMenuItem"; title = "Save"; ObjectID = "877"; */
< "877.title" = "Save";
---
> /* Class = "NSMenuItem"; title = "저장"; ObjectID = "877"; */
> "877.title" = "저장";
68,69c68,69
< /* Class = "NSMenuItem"; title = "Close"; ObjectID = "881"; */
< "881.title" = "Close";
---
> /* Class = "NSMenuItem"; title = "닫기"; ObjectID = "881"; */
> "881.title" = "닫기";
71,72c71,72
< /* Class = "NSMenuItem"; title = "Open Recent"; ObjectID = "883"; */
< "883.title" = "Open Recent";
---
> /* Class = "NSMenuItem"; title = "최근 사용 열기"; ObjectID = "883"; */
> "883.title" = "최근 사용 열기";
74,75c74,75
< /* Class = "NSMenuItem"; title = "New…"; ObjectID = "884"; */
< "884.title" = "New…";
---
> /* Class = "NSMenuItem"; title = "신규…"; ObjectID = "884"; */
> "884.title" = "신규…";
77,78c77,78
< /* Class = "NSMenuItem"; title = "Open…"; ObjectID = "885"; */
< "885.title" = "Open…";
---
> /* Class = "NSMenuItem"; title = "열기…"; ObjectID = "885"; */
> "885.title" = "열기…";
80,81c80,81
< /* Class = "NSMenuItem"; title = "Print…"; ObjectID = "886"; */
< "886.title" = "Print…";
---
> /* Class = "NSMenuItem"; title = "인쇄…"; ObjectID = "886"; */
> "886.title" = "인쇄…";
83,84c83,84
< /* Class = "NSMenu"; title = "Open Recent"; ObjectID = "887"; */
< "887.title" = "Open Recent";
---
> /* Class = "NSMenu"; title = "최근 사용 열기"; ObjectID = "887"; */
> "887.title" = "최근 사용 열기";
86,87c86,87
< /* Class = "NSMenuItem"; title = "Clear Menu"; ObjectID = "888"; */
< "888.title" = "Clear Menu";
---
> /* Class = "NSMenuItem"; title = "메뉴 지우기"; ObjectID = "888"; */
> "888.title" = "메뉴 지우기";
89,90c89,90
< /* Class = "NSMenu"; title = "View"; ObjectID = "889"; */
< "889.title" = "View";
---
> /* Class = "NSMenu"; title = "뷰"; ObjectID = "889"; */
> "889.title" = "뷰";
92c92
< /* Class = "NSMenuItem"; title = "Customise Tools…"; ObjectID = "890"; */
---
> /* Class = "NSMenuItem"; title = "도구 사용자화…"; ObjectID = "890"; */
95c95
< /* Class = "NSMenuItem"; title = "Customise Toolbar…"; ObjectID = "892"; */
---
> /* Class = "NSMenuItem"; title = "툴바 사용자화…"; ObjectID = "892"; */
98,99c98,99
< /* Class = "NSMenuItem"; title = "Show Toolbar"; ObjectID = "893"; */
< "893.title" = "Show Toolbar";
---
> /* Class = "NSMenuItem"; title = "툴바 보기"; ObjectID = "893"; */
> "893.title" = "툴바 보기";
101,102c101,102
< /* Class = "NSMenu"; title = "Help"; ObjectID = "950"; */
< "950.title" = "Help";
---
> /* Class = "NSMenu"; title = "도움말"; ObjectID = "950"; */
> "950.title" = "도움말";
104,105c104,105
< /* Class = "NSMenuItem"; title = "Zoom to Fit"; ObjectID = "1075"; */
< "1075.title" = "Zoom to Fit";
---
> /* Class = "NSMenuItem"; title = "화면 크기에 맞추기"; ObjectID = "1075"; */
> "1075.title" = "화면 크기에 맞추기";
110,111c110,111
< /* Class = "NSMenuItem"; title = "Show Margins"; ObjectID = "1087"; */
< "1087.title" = "Show Margins";
---
> /* Class = "NSMenuItem"; title = "여백선 보기"; ObjectID = "1087"; */
> "1087.title" = "여백선 보기";
113,114c113,114
< /* Class = "NSMenuItem"; title = "Show Guides"; ObjectID = "1088"; */
< "1088.title" = "Show Guides";
---
> /* Class = "NSMenuItem"; title = "안내선 보기"; ObjectID = "1088"; */
> "1088.title" = "안내선 보기";
116,117c116,117
< /* Class = "NSMenuItem"; title = "Show Grid"; ObjectID = "1089"; */
< "1089.title" = "Show Grid";
---
> /* Class = "NSMenuItem"; title = "격자선 보기"; ObjectID = "1089"; */
> "1089.title" = "격자선 보기";
119,120c119,120
< /* Class = "NSMenuItem"; title = "New View"; ObjectID = "1093"; */
< "1093.title" = "New View";
---
> /* Class = "NSMenuItem"; title = "신규 뷰"; ObjectID = "1093"; */
> "1093.title" = "신규 뷰";
122,123c122,123
< /* Class = "NSMenuItem"; title = "Export…"; ObjectID = "1099"; */
< "1099.title" = "Export…";
---
> /* Class = "NSMenuItem"; title = "내보내기…"; ObjectID = "1099"; */
> "1099.title" = "내보내기…";
125,126c125,126
< /* Class = "NSMenuItem"; title = "Pixels"; ObjectID = "1107"; */
< "1107.title" = "Pixels";
---
> /* Class = "NSMenuItem"; title = "픽셀"; ObjectID = "1107"; */
> "1107.title" = "픽셀";
131,132c131,132
< /* Class = "NSMenuItem"; title = "Zoom In"; ObjectID = "1329"; */
< "1329.title" = "Zoom In";
---
> /* Class = "NSMenuItem"; title = "확대"; ObjectID = "1329"; */
> "1329.title" = "확대";
134,135c134,135
< /* Class = "NSMenuItem"; title = "Zoom Out"; ObjectID = "1331"; */
< "1331.title" = "Zoom Out";
---
> /* Class = "NSMenuItem"; title = "축소"; ObjectID = "1331"; */
> "1331.title" = "축소";
137,138c137,138
< /* Class = "NSMenuItem"; title = "Views"; ObjectID = "1353"; */
< "1353.title" = "Views";
---
> /* Class = "NSMenuItem"; title = "뷰"; ObjectID = "1353"; */
> "1353.title" = "뷰";
140,141c140,141
< /* Class = "NSMenu"; title = "Views"; ObjectID = "1357"; */
< "1357.title" = "Views";
---
> /* Class = "NSMenu"; title = "뷰"; ObjectID = "1357"; */
> "1357.title" = "뷰";
143,144c143,144
< /* Class = "NSMenuItem"; title = "View Mode"; ObjectID = "1362"; */
< "1362.title" = "View Mode";
---
> /* Class = "NSMenuItem"; title = "뷰 모드"; ObjectID = "1362"; */
> "1362.title" = "뷰 모드";
146,147c146,147
< /* Class = "NSMenu"; title = "View Mode"; ObjectID = "1364"; */
< "1364.title" = "View Mode";
---
> /* Class = "NSMenu"; title = "뷰 모드"; ObjectID = "1364"; */
> "1364.title" = "뷰 모드";
149,150c149,150
< /* Class = "NSMenuItem"; title = "Vector"; ObjectID = "1366"; */
< "1366.title" = "Vector";
---
> /* Class = "NSMenuItem"; title = "벡터"; ObjectID = "1366"; */
> "1366.title" = "벡터";
152,153c152,153
< /* Class = "NSMenuItem"; title = "Show Rulers"; ObjectID = "1457"; */
< "1457.title" = "Show Rulers";
---
> /* Class = "NSMenuItem"; title = "눈금자 보기"; ObjectID = "1457"; */
> "1457.title" = "눈금자 보기";
158,159c158,159
< /* Class = "NSMenuItem"; title = "Toggle Full Screen"; ObjectID = "0cS-l8-xXi"; */
< "0cS-l8-xXi.title" = "Toggle Full Screen";
---
> /* Class = "NSMenuItem"; title = "전체 화면 시작"; ObjectID = "0cS-l8-xXi"; */
> "0cS-l8-xXi.title" = "전체 화면 시작";
167,168c167,168
< /* Class = "NSMenuItem"; title = "Select All"; ObjectID = "1K4-tN-KJx"; */
< "1K4-tN-KJx.title" = "Select All";
---
> /* Class = "NSMenuItem"; title = "전체 선택"; ObjectID = "1K4-tN-KJx"; */
> "1K4-tN-KJx.title" = "전체 선택";
170,171c170,171
< /* Class = "NSMenuItem"; title = "Manage Studio Presets…"; ObjectID = "2s9-iX-HXn"; */
< "2s9-iX-HXn.title" = "Manage Studio Presets…";
---
> /* Class = "NSMenuItem"; title = "작업실 미리 설정 관리…"; ObjectID = "2s9-iX-HXn"; */
> "2s9-iX-HXn.title" = "작업실 미리 설정 관리…";
173,174c173,174
< /* Class = "NSMenuItem"; title = "Affinity Designer Help"; ObjectID = "3gf-mC-XkB"; */
< "3gf-mC-XkB.title" = "Affinity Designer Help";
---
> /* Class = "NSMenuItem"; title = "Affinity Designer 도움말"; ObjectID = "3gf-mC-XkB"; */
> "3gf-mC-XkB.title" = "Affinity Designer 도움말";
176,177c176,177
< /* Class = "NSMenuItem"; title = "Pixel Persona"; ObjectID = "42B-NB-XnH"; */
< "42B-NB-XnH.title" = "Pixel Persona";
---
> /* Class = "NSMenuItem"; title = "픽셀 페르소나"; ObjectID = "42B-NB-XnH"; */
> "42B-NB-XnH.title" = "픽셀 페르소나";
182,183c182,183
< /* Class = "NSMenuItem"; title = "Redo"; ObjectID = "5DQ-Qk-FbE"; */
< "5DQ-Qk-FbE.title" = "Redo";
---
> /* Class = "NSMenuItem"; title = "다시 실행"; ObjectID = "5DQ-Qk-FbE"; */
> "5DQ-Qk-FbE.title" = "다시 실행";
185,186c185,186
< /* Class = "NSMenuItem"; title = "Show Left Studio"; ObjectID = "6EZ-Th-cI0"; */
< "6EZ-Th-cI0.title" = "Show Left Studio";
---
> /* Class = "NSMenuItem"; title = "왼쪽 작업실 보기"; ObjectID = "6EZ-Th-cI0"; */
> "6EZ-Th-cI0.title" = "왼쪽 작업실 보기";
188,189c188,189
< /* Class = "NSMenu"; title = "Edit"; ObjectID = "6ux-Xi-ld7"; */
< "6ux-Xi-ld7.title" = "Edit";
---
> /* Class = "NSMenu"; title = "편집"; ObjectID = "6ux-Xi-ld7"; */
> "6ux-Xi-ld7.title" = "편집";
191,192c191,192
< /* Class = "NSMenuItem"; title = "Delete"; ObjectID = "76j-dB-Jrh"; */
< "76j-dB-Jrh.title" = "Delete";
---
> /* Class = "NSMenuItem"; title = "지우기"; ObjectID = "76j-dB-Jrh"; */
> "76j-dB-Jrh.title" = "지우기";
194,195c194,195
< /* Class = "NSMenuItem"; title = "Copy"; ObjectID = "79k-PD-Qmh"; */
< "79k-PD-Qmh.title" = "Copy";
---
> /* Class = "NSMenuItem"; title = "복사"; ObjectID = "79k-PD-Qmh"; */
> "79k-PD-Qmh.title" = "복사";
197,198c197,198
< /* Class = "NSMenuItem"; title = "Actual Size"; ObjectID = "79s-Wv-z7r"; */
< "79s-Wv-z7r.title" = "Actual Size";
---
> /* Class = "NSMenuItem"; title = "실제 크기"; ObjectID = "79s-Wv-z7r"; */
> "79s-Wv-z7r.title" = "실제 크기";
203,204c203,204
< /* Class = "NSMenuItem"; title = "Toggle UI"; ObjectID = "7jx-II-o5w"; */
< "7jx-II-o5w.title" = "Toggle UI";
---
> /* Class = "NSMenuItem"; title = "UI 가리기"; ObjectID = "7jx-II-o5w"; */
> "7jx-II-o5w.title" = "UI 가리기";
206,207c206,207
< /* Class = "NSMenuItem"; title = "Rotate Left"; ObjectID = "9qm-Q6-bCD"; */
< "9qm-Q6-bCD.title" = "Rotate Left";
---
> /* Class = "NSMenuItem"; title = "왼쪽으로 회전"; ObjectID = "9qm-Q6-bCD"; */
> "9qm-Q6-bCD.title" = "왼쪽으로 회전";
209,210c209,210
< /* Class = "NSMenuItem"; title = "Select Next"; ObjectID = "AGf-GO-cve"; */
< "AGf-GO-cve.title" = "Select Next";
---
> /* Class = "NSMenuItem"; title = "다음 항목 선택"; ObjectID = "AGf-GO-cve"; */
> "AGf-GO-cve.title" = "다음 항목 선택";
212,213c212,213
< /* Class = "NSMenuItem"; title = "Merge All Windows"; ObjectID = "ASJ-uF-DeH"; */
< "ASJ-uF-DeH.title" = "Merge All Windows";
---
> /* Class = "NSMenuItem"; title = "모든 윈도우 통합"; ObjectID = "ASJ-uF-DeH"; */
> "ASJ-uF-DeH.title" = "모든 윈도우 통합";
215,216c215,216
< /* Class = "NSMenuItem"; title = "Show Tools"; ObjectID = "DAI-mW-P2h"; */
< "DAI-mW-P2h.title" = "Show Tools";
---
> /* Class = "NSMenuItem"; title = "도구 보기"; ObjectID = "DAI-mW-P2h"; */
> "DAI-mW-P2h.title" = "도구 보기";
224,225c224,225
< /* Class = "NSMenuItem"; title = "Add Preset…"; ObjectID = "Fqw-lW-baW"; */
< "Fqw-lW-baW.title" = "Add Preset…";
---
> /* Class = "NSMenuItem"; title = "미리 설정 추가…"; ObjectID = "Fqw-lW-baW"; */
> "Fqw-lW-baW.title" = "미리 설정 추가…";
230,231c230,231
< /* Class = "NSMenuItem"; title = "Undo"; ObjectID = "G2e-37-ugE"; */
< "G2e-37-ugE.title" = "Undo";
---
> /* Class = "NSMenuItem"; title = "실행 취소"; ObjectID = "G2e-37-ugE"; */
> "G2e-37-ugE.title" = "실행 취소";
242,243c242,243
< /* Class = "NSMenuItem"; title = "My Account…"; ObjectID = "Hnm-Oe-ITh"; */
< "Hnm-Oe-ITh.title" = "My Account…";
---
> /* Class = "NSMenuItem"; title = "내 계정…"; ObjectID = "Hnm-Oe-ITh"; */
> "Hnm-Oe-ITh.title" = "내 계정…";
245,246c245,246
< /* Class = "NSMenuItem"; title = "Share"; ObjectID = "KA9-dB-1ia"; */
< "KA9-dB-1ia.title" = "Share";
---
> /* Class = "NSMenuItem"; title = "공유"; ObjectID = "KA9-dB-1ia"; */
> "KA9-dB-1ia.title" = "공유";
248,249c248,249
< /* Class = "NSMenuItem"; title = "Show Context Toolbar"; ObjectID = "KHV-wg-RvK"; */
< "KHV-wg-RvK.title" = "Show Context Toolbar";
---
> /* Class = "NSMenuItem"; title = "상황별 툴바 보기"; ObjectID = "KHV-wg-RvK"; */
> "KHV-wg-RvK.title" = "상황별 툴바 보기";
251,252c251,252
< /* Class = "NSMenuItem"; title = "Reset Rotation"; ObjectID = "M7v-T4-shW"; */
< "M7v-T4-shW.title" = "Reset Rotation";
---
> /* Class = "NSMenuItem"; title = "회전 재설정"; ObjectID = "M7v-T4-shW"; */
> "M7v-T4-shW.title" = "회전 재설정";
254,255c254,255
< /* Class = "NSMenuItem"; title = "Pixel Size"; ObjectID = "Mjs-px-SRF"; */
< "Mjs-px-SRF.title" = "Pixel Size";
---
> /* Class = "NSMenuItem"; title = "픽셀 크기"; ObjectID = "Mjs-px-SRF"; */
> "Mjs-px-SRF.title" = "픽셀 크기";
260,261c260,261
< /* Class = "NSMenuItem"; title = "Edit"; ObjectID = "NfI-1h-f99"; */
< "NfI-1h-f99.title" = "Edit";
---
> /* Class = "NSMenuItem"; title = "편집"; ObjectID = "NfI-1h-f99"; */
> "NfI-1h-f99.title" = "편집";
263,264c263,264
< /* Class = "NSMenuItem"; title = "New From Clipboard"; ObjectID = "QaL-Mw-jOl"; */
< "QaL-Mw-jOl.title" = "New From Clipboard";
---
> /* Class = "NSMenuItem"; title = "클립보드에서 신규"; ObjectID = "QaL-Mw-jOl"; */
> "QaL-Mw-jOl.title" = "클립보드에서 신규";
266,267c266,267
< /* Class = "NSMenuItem"; title = "Deselect"; ObjectID = "RbB-Vi-Nm1"; */
< "RbB-Vi-Nm1.title" = "Deselect";
---
> /* Class = "NSMenuItem"; title = "선택 해제"; ObjectID = "RbB-Vi-Nm1"; */
> "RbB-Vi-Nm1.title" = "선택 해제";
269,270c269,270
< /* Class = "NSMenuItem"; title = "Rotate Right"; ObjectID = "Tp7-RN-ZI9"; */
< "Tp7-RN-ZI9.title" = "Rotate Right";
---
> /* Class = "NSMenuItem"; title = "오른쪽으로 회전"; ObjectID = "Tp7-RN-ZI9"; */
> "Tp7-RN-ZI9.title" = "오른쪽으로 회전";
275,276c275,276
< /* Class = "NSMenu"; title = "Share"; ObjectID = "XF0-oF-CqE"; */
< "XF0-oF-CqE.title" = "Share";
---
> /* Class = "NSMenu"; title = "공유"; ObjectID = "XF0-oF-CqE"; */
> "XF0-oF-CqE.title" = "공유";
278,279c278,279
< /* Class = "NSMenuItem"; title = "Hide Studio"; ObjectID = "XI1-JJ-wze"; */
< "XI1-JJ-wze.title" = "Hide Studio";
---
> /* Class = "NSMenuItem"; title = "작업실 가리기"; ObjectID = "XI1-JJ-wze"; */
> "XI1-JJ-wze.title" = "작업실 가리기";
281,282c281,282
< /* Class = "NSMenuItem"; title = "Check for Updates"; ObjectID = "Y15-ob-9qE"; */
< "Y15-ob-9qE.title" = "Check for Updates";
---
> /* Class = "NSMenuItem"; title = "업데이트 확인"; ObjectID = "Y15-ob-9qE"; */
> "Y15-ob-9qE.title" = "업데이트 확인";
284,285c284,285
< /* Class = "NSMenu"; title = "Zoom"; ObjectID = "aYY-2R-a0D"; */
< "aYY-2R-a0D.title" = "Zoom";
---
> /* Class = "NSMenu"; title = "맞추기"; ObjectID = "aYY-2R-a0D"; */
> "aYY-2R-a0D.title" = "맞추기";
290,291c290,291
< /* Class = "NSMenuItem"; title = "Pixels (Retina)"; ObjectID = "adg-Px-pjr"; */
< "adg-Px-pjr.title" = "Pixels (Retina)";
---
> /* Class = "NSMenuItem"; title = "픽셀 (레티나)"; ObjectID = "adg-Px-pjr"; */
> "adg-Px-pjr.title" = "픽셀 (레티나)";
293,294c293,294
< /* Class = "NSMenuItem"; title = "Zoom to Selection"; ObjectID = "bCA-SS-KLe"; */
< "bCA-SS-KLe.title" = "Zoom to Selection";
---
> /* Class = "NSMenuItem"; title = "선택 항목에 맞추기"; ObjectID = "bCA-SS-KLe"; */
> "bCA-SS-KLe.title" = "선택 항목에 맞추기";
296,297c296,297
< /* Class = "NSMenuItem"; title = "Select Previous"; ObjectID = "bly-XI-7Kj"; */
< "bly-XI-7Kj.title" = "Select Previous";
---
> /* Class = "NSMenuItem"; title = "이전 항목 선택"; ObjectID = "bly-XI-7Kj"; */
> "bly-XI-7Kj.title" = "이전 항목 선택";
299,300c299,300
< /* Class = "NSMenuItem"; title = "Zoom to Width"; ObjectID = "c9a-gU-Wfj"; */
< "c9a-gU-Wfj.title" = "Zoom to Width";
---
> /* Class = "NSMenuItem"; title = "화면 너비에 맞추기"; ObjectID = "c9a-gU-Wfj"; */
> "c9a-gU-Wfj.title" = "화면 너비에 맞추기";
308,309c308,309
< /* Class = "NSMenuItem"; title = "Show Right Studio"; ObjectID = "dZU-La-XBw"; */
< "dZU-La-XBw.title" = "Show Right Studio";
---
> /* Class = "NSMenuItem"; title = "오른쪽 작업실 보기"; ObjectID = "dZU-La-XBw"; */
> "dZU-La-XBw.title" = "오른쪽 작업실 보기";
317,318c317,318
< /* Class = "NSMenuItem"; title = "Support..."; ObjectID = "hpR-I1-W8L"; */
< "hpR-I1-W8L.title" = "Support...";
---
> /* Class = "NSMenuItem"; title = "지원..."; ObjectID = "hpR-I1-W8L"; */
> "hpR-I1-W8L.title" = "지원...";
320c320
< /* Class = "NSMenuItem"; title = "Apple Colour Picker..."; ObjectID = "iME-Vs-Qnd"; */
---
> /* Class = "NSMenuItem"; title = "Apple 색상 선택기..."; ObjectID = "iME-Vs-Qnd"; */
323,324c323,324
< /* Class = "NSMenu"; title = "Studio"; ObjectID = "iq9-LM-FYM"; */
< "iq9-LM-FYM.title" = "Studio";
---
> /* Class = "NSMenu"; title = "작업실"; ObjectID = "iq9-LM-FYM"; */
> "iq9-LM-FYM.title" = "작업실";
326,327c326,327
< /* Class = "NSMenu"; title = "Select"; ObjectID = "itj-mR-80i"; */
< "itj-mR-80i.title" = "Select";
---
> /* Class = "NSMenu"; title = "선택"; ObjectID = "itj-mR-80i"; */
> "itj-mR-80i.title" = "선택";
329,330c329,330
< /* Class = "NSMenuItem"; title = "Reset Studio"; ObjectID = "jWT-Nz-PEE"; */
< "jWT-Nz-PEE.title" = "Reset Studio";
---
> /* Class = "NSMenuItem"; title = "작업실 재설정"; ObjectID = "jWT-Nz-PEE"; */
> "jWT-Nz-PEE.title" = "작업실 재설정";
332,333c332,333
< /* Class = "NSMenuItem"; title = "Select"; ObjectID = "kPF-4I-QX0"; */
< "kPF-4I-QX0.title" = "Select";
---
> /* Class = "NSMenuItem"; title = "선택"; ObjectID = "kPF-4I-QX0"; */
> "kPF-4I-QX0.title" = "선택";
335,336c335,336
< /* Class = "NSMenuItem"; title = "Clip to Canvas"; ObjectID = "kfV-dk-BSh"; */
< "kfV-dk-BSh.title" = "Clip to Canvas";
---
> /* Class = "NSMenuItem"; title = "캔버스에 클립"; ObjectID = "kfV-dk-BSh"; */
> "kfV-dk-BSh.title" = "캔버스에 클립";
341,342c341,342
< /* Class = "NSMenuItem"; title = "Cut"; ObjectID = "mYd-oY-6SX"; */
< "mYd-oY-6SX.title" = "Cut";
---
> /* Class = "NSMenuItem"; title = "오려두기"; ObjectID = "mYd-oY-6SX"; */
> "mYd-oY-6SX.title" = "오려두기";
347,348c347,348
< /* Class = "NSMenuItem"; title = "Studio"; ObjectID = "n06-iW-mAw"; */
< "n06-iW-mAw.title" = "Studio";
---
> /* Class = "NSMenuItem"; title = "작업실"; ObjectID = "n06-iW-mAw"; */
> "n06-iW-mAw.title" = "작업실";
350,351c350,351
< /* Class = "NSMenuItem"; title = "Paste"; ObjectID = "oGj-HR-Y9N"; */
< "oGj-HR-Y9N.title" = "Paste";
---
> /* Class = "NSMenuItem"; title = "붙이기"; ObjectID = "oGj-HR-Y9N"; */
> "oGj-HR-Y9N.title" = "붙이기";
353,354c353,354
< /* Class = "NSMenuItem"; title = "Zoom"; ObjectID = "sSw-Wy-rwD"; */
< "sSw-Wy-rwD.title" = "Zoom";
---
> /* Class = "NSMenuItem"; title = "맞추기"; ObjectID = "sSw-Wy-rwD"; */
> "sSw-Wy-rwD.title" = "맞추기";
356,357c356,357
< /* Class = "NSMenuItem"; title = "Lock Guides"; ObjectID = "tGQ-lG-h68"; */
< "tGQ-lG-h68.title" = "Lock Guides";
---
> /* Class = "NSMenuItem"; title = "안내선 잠금"; ObjectID = "tGQ-lG-h68"; */
> "tGQ-lG-h68.title" = "안내선 잠금";
359,360c359,360
< /* Class = "NSMenuItem"; title = "Outline"; ObjectID = "tXe-bY-Mf7"; */
< "tXe-bY-Mf7.title" = "Outline";
---
> /* Class = "NSMenuItem"; title = "외형"; ObjectID = "tXe-bY-Mf7"; */
> "tXe-bY-Mf7.title" = "외형";
362,363c362,363
< /* Class = "NSMenuItem"; title = "Dock Tools"; ObjectID = "uP4-bW-FOM"; */
< "uP4-bW-FOM.title" = "Dock Tools";
---
> /* Class = "NSMenuItem"; title = "도구 고정"; ObjectID = "uP4-bW-FOM"; */
> "uP4-bW-FOM.title" = "도구 고정";
