---
---
---
---
---
---
---
---
---
---
---
---
---
---
---
---
---
---
---
---
---
---
---
---
---
---
---
---
---
---
---
---
---
---
---
---
---
---
---
---
---
---
---
---
---
---
---
---
---
---
---
---
---
---
---
---
---
---
---
---
---
---
---
---
---
---
---
---
---
---
---
---
---
---
---
---
---
---
---
---
---
---
---
---
---
---
---
---
---
---
---
---
---
---
---
---
---
---
---
---
---
---
---
---
---
---
---
---
---
---
---
---
---
---
---
---
---
---
102c102
105c105
111c111
114c114
117c117
120c120
123c123
126c126
129c129
12c12
132c132
135c135
138c138
141c141
144c144
147c147
150c150
153c153
156c156
159c159
15c15
165c165
168c168
171c171
174c174
177c177
180c180
183c183
186c186
189c189
18c18
192c192
195c195
198c198
201c201
204c204
207c207
210c210
213c213
216c216
219c219
21c21
222c222
225c225
228c228
231c231
234c234
237c237
240c240
243c243
246c246
249c249
24c24
252c252
255c255
258c258
261c261
264c264
267c267
270c270
276c276
279c279
27c27
282c282
285c285
288c288
291c291
294c294
297c297
300c300
303c303
309c309
30c30
312c312
315c315
318c318
321c321
324c324
327c327
330c330
333c333
336c336
339c339
33c33
342c342
345c345
348c348
351c351
354c354
357c357
360c360
363c363
366c366
36c36
39c39
3c3
42c42
45c45
48c48
51c51
54c54
57c57
60c60
63c63
66c66
69c69
6c6
72c72
75c75
78c78
81c81
84c84
87c87
90c90
93c93
96c96
99c99
9c9
< "0I7-ZE-BJa.title" = "Wireframe";
< "0cS-l8-xXi.title" = "Toggle Full Screen";
< "0qG-cI-kIh.title" = "Hide Effects";
< "1075.title" = "Zoom to Fit";
< "1087.title" = "Show Margins";
< "1088.title" = "Show Guides";
< "1089.title" = "Show Grid";
< "1093.title" = "New View";
< "1099.title" = "Export…";
< "1107.title" = "Pixels";
< "1315.title" = "Snapping…";
< "1329.title" = "Zoom In";
< "1331.title" = "Zoom Out";
< "1353.title" = "Views";
< "1357.title" = "Views";
< "1362.title" = "View Mode";
< "1364.title" = "View Mode";
< "1366.title" = "Vector";
< "1457.title" = "Show Rulers";
< "1K4-tN-KJx.title" = "Select All";
< "2s9-iX-HXn.title" = "Manage Studio Presets…";
< "3gf-mC-XkB.title" = "Affinity Designer Help";
< "42B-NB-XnH.title" = "Pixel Persona";
< "4ee-PQ-8Xp.title" = "Send To…";
< "5DQ-Qk-FbE.title" = "Redo";
< "6EZ-Th-cI0.title" = "Show Left Studio";
< "6ux-Xi-ld7.title" = "Edit";
< "76j-dB-Jrh.title" = "Delete";
< "795.title" = "MainMenu";
< "79k-PD-Qmh.title" = "Copy";
< "79s-Wv-z7r.title" = "Actual Size";
< "7ge-fF-3OK.title" = "Crash";
< "7jx-II-o5w.title" = "Toggle UI";
< "801.title" = "Help";
< "803.title" = "View";
< "804.title" = "File";
< "806.title" = "Persona";
< "807.title" = "Window";
< "808.title" = "Window";
< "811.title" = "Minimize";
< "812.title" = "Zoom";
< "813.title" = "Bring All to Front";
< "815.title" = "Persona";
< "816.title" = "Hide Others";
< "818.title" = "Services";
< "821.title" = "Preferences…";
< "823.title" = "Quit";
< "824.title" = "Show All";
< "825.title" = "Hide";
< "826.title" = "About…";
< "827.title" = "Services";
< "873.title" = "File";
< "874.title" = "Save As…";
< "877.title" = "Save";
< "881.title" = "Close";
< "883.title" = "Open Recent";
< "884.title" = "New…";
< "885.title" = "Open…";
< "886.title" = "Print…";
< "887.title" = "Open Recent";
< "888.title" = "Clear Menu";
< "889.title" = "View";
< "890.title" = "Customize Tools…";
< "892.title" = "Customize Toolbar…";
< "893.title" = "Show Toolbar";
< "950.title" = "Help";
< "9qm-Q6-bCD.title" = "Rotate Left";
< "AGf-GO-cve.title" = "Select Next";
< "ASJ-uF-DeH.title" = "Merge All Windows";
< "DAI-mW-P2h.title" = "Show Tools";
< "Eca-Mq-q5L.title" = "More…";
< "Ehc-vT-24q.title" = "Last Used";
< "Fqw-lW-baW.title" = "Add Preset…";
< "G2c-Le-apI.title" = "Debug";
< "G2e-37-ugE.title" = "Undo";
< "GJw-PG-iAG.title" = "Float View to Window";
< "Gaj-5C-Ign.title" = "Grid and Axis…";
< "H3s-4P-OC4.title" = "Grayscale";
< "Hnm-Oe-ITh.title" = "My Account…";
< "KA9-dB-1ia.title" = "Share";
< "KHV-wg-RvK.title" = "Show Context Toolbar";
< "M7v-T4-shW.title" = "Reset Rotation";
< "Mjs-px-SRF.title" = "Pixel Size";
< "N79-Tg-ro5.title" = "Debug";
< "NfI-1h-f99.title" = "Edit";
< "QaL-Mw-jOl.title" = "New From Clipboard";
< "RbB-Vi-Nm1.title" = "Deselect";
< "Tp7-RN-ZI9.title" = "Rotate Right";
< "XF0-oF-CqE.title" = "Share";
< "XI1-JJ-wze.title" = "Hide Studio";
< "Y15-ob-9qE.title" = "Check for Updates";
< "aYY-2R-a0D.title" = "Zoom";
< "aaA-MQ-sn2.title" = "Close All";
< "adg-Px-pjr.title" = "Pixels (Retina)";
< "bCA-SS-KLe.title" = "Zoom to Selection";
< "bly-XI-7Kj.title" = "Select Previous";
< "c9a-gU-Wfj.title" = "Zoom to Width";
< "cWg-5w-dst.title" = "Video Tutorials";
< "dZU-La-XBw.title" = "Show Right Studio";
< "e3s-U5-veT.title" = "Designer Persona";
< "hB6-uH-n2Q.title" = "Hairline";
< "hpR-I1-W8L.title" = "Support...";
< "iME-Vs-Qnd.title" = "Apple Color Picker...";
< "iq9-LM-FYM.title" = "Studio";
< "itj-mR-80i.title" = "Select";
< "jWT-Nz-PEE.title" = "Reset Studio";
< "kPF-4I-QX0.title" = "Select";
< "kfV-dk-BSh.title" = "Clip to Canvas";
< "mDJ-gd-gE9.title" = "X-ray";
< "mYd-oY-6SX.title" = "Cut";
< "miI-4k-dsl.title" = "Wireframe";
< "n06-iW-mAw.title" = "Studio";
< "oGj-HR-Y9N.title" = "Paste";
< "sSw-Wy-rwD.title" = "Zoom";
< "tGQ-lG-h68.title" = "Lock Guides";
< "tXe-bY-Mf7.title" = "Outline";
< "uP4-bW-FOM.title" = "Dock Tools";
< "ysh-y9-dpl.title" = "Save as Regression Unit";
> "0I7-ZE-BJa.title" = "ワイヤーフレーム";
> "0cS-l8-xXi.title" = "フルスクリーン切り替え";
> "0qG-cI-kIh.title" = "エフェクトを描画";
> "1075.title" = "画面サイズに合わせる";
> "1087.title" = "マージンを表示";
> "1088.title" = "ガイドを表示";
> "1089.title" = "グリッドを表示";
> "1093.title" = "新規ビュー";
> "1099.title" = "書き出し…";
> "1107.title" = "ピクセル";
> "1315.title" = "スナップ…";
> "1329.title" = "ズームイン";
> "1331.title" = "ズームアウト";
> "1353.title" = "ビュー";
> "1357.title" = "ビュー";
> "1362.title" = "ビューモード";
> "1364.title" = "ビューモード";
> "1366.title" = "ベクター";
> "1457.title" = "ルーラーを表示";
> "1K4-tN-KJx.title" = "すべて選択";
> "2s9-iX-HXn.title" = "スタジオプリセットを管理…";
> "3gf-mC-XkB.title" = "Affinityデザイナーヘルプ";
> "42B-NB-XnH.title" = "ピクセルペルソナ";
> "4ee-PQ-8Xp.title" = "送信先…";
> "5DQ-Qk-FbE.title" = "やり直し";
> "6EZ-Th-cI0.title" = "左のスタジオを表示";
> "6ux-Xi-ld7.title" = "編集";
> "76j-dB-Jrh.title" = "削除";
> "795.title" = "メインメニュー";
> "79k-PD-Qmh.title" = "コピー";
> "79s-Wv-z7r.title" = "実寸";
> "7ge-fF-3OK.title" = "クラッシュ";
> "7jx-II-o5w.title" = "UI切り替え";
> "801.title" = "ヘルプ";
> "803.title" = "表示";
> "804.title" = "ファイル";
> "806.title" = "ペルソナ";
> "807.title" = "ウィンドウ";
> "808.title" = "ウィンドウ";
> "811.title" = "最小化";
> "812.title" = "ズーム";
> "813.title" = "すべて前面に移動";
> "815.title" = "ペルソナ";
> "816.title" = "他を隠す";
> "818.title" = "サービス";
> "821.title" = "環境設定…";
> "823.title" = "終了";
> "824.title" = "すべて表示";
> "825.title" = "非表示";
> "826.title" = "製品情報…";
> "827.title" = "サービス";
> "873.title" = "ファイル";
> "874.title" = "名前を付けて保存…";
> "877.title" = "保存";
> "881.title" = "閉じる";
> "883.title" = "最近使用したドキュメントを開く";
> "884.title" = "新規…";
> "885.title" = "開く…";
> "886.title" = "プリント…";
> "887.title" = "最近使用したドキュメントを開く";
> "888.title" = "メニューを消去";
> "889.title" = "表示";
> "890.title" = "ツールをカスタマイズ…";
> "892.title" = "ツールバーをカスタマイズ…";
> "893.title" = "ツールバーを表示";
> "950.title" = "ヘルプ";
> "9qm-Q6-bCD.title" = "左に回転";
> "AGf-GO-cve.title" = "次の要素を選択";
> "ASJ-uF-DeH.title" = "すべてのウィンドウを結合";
> "DAI-mW-P2h.title" = "ツールを表示";
> "Eca-Mq-q5L.title" = "その他…";
> "Ehc-vT-24q.title" = "最後の使用";
> "Fqw-lW-baW.title" = "プリセットを追加…";
> "G2c-Le-apI.title" = "デバッグ";
> "G2e-37-ugE.title" = "取り消し";
> "GJw-PG-iAG.title" = "ウィンドウにフロート表示";
> "Gaj-5C-Ign.title" = "グリッドおよび軸…";
> "H3s-4P-OC4.title" = "グレースケール";
> "Hnm-Oe-ITh.title" = "マイアカウント...";
> "KA9-dB-1ia.title" = "共有";
> "KHV-wg-RvK.title" = "コンテキストツールバーを表示";
> "M7v-T4-shW.title" = "回転をリセット";
> "Mjs-px-SRF.title" = "ピクセルサイズ";
> "N79-Tg-ro5.title" = "デバッグ";
> "NfI-1h-f99.title" = "編集";
> "QaL-Mw-jOl.title" = "クリップボードから新規作成";
> "RbB-Vi-Nm1.title" = "選択解除";
> "Tp7-RN-ZI9.title" = "右に回転";
> "XF0-oF-CqE.title" = "共有";
> "XI1-JJ-wze.title" = "スタジオを非表示";
> "Y15-ob-9qE.title" = "アップデートの有無をチェック";
> "aYY-2R-a0D.title" = "ズーム";
> "aaA-MQ-sn2.title" = "すべて閉じる";
> "adg-Px-pjr.title" = "ピクセル(Retina)";
> "bCA-SS-KLe.title" = "選択範囲にズーム";
> "bly-XI-7Kj.title" = "前の要素を選択";
> "c9a-gU-Wfj.title" = "幅に合わせてズーム";
> "cWg-5w-dst.title" = "ビデオチュートリアル";
> "dZU-La-XBw.title" = "右のスタジオを表示";
> "e3s-U5-veT.title" = "Designerペルソナ";
> "hB6-uH-n2Q.title" = "細線";
> "hpR-I1-W8L.title" = "サポート...";
> "iME-Vs-Qnd.title" = "Appleカラーピッカー...";
> "iq9-LM-FYM.title" = "スタジオ";
> "itj-mR-80i.title" = "選択";
> "jWT-Nz-PEE.title" = "スタジオをリセット";
> "kPF-4I-QX0.title" = "選択";
> "kfV-dk-BSh.title" = "キャンバスに合わせてクリップ";
> "mDJ-gd-gE9.title" = "X線";
> "mYd-oY-6SX.title" = "カット";
> "miI-4k-dsl.title" = "ワイヤーフレーム";
> "n06-iW-mAw.title" = "スタジオ";
> "oGj-HR-Y9N.title" = "ペースト";
> "sSw-Wy-rwD.title" = "ズーム";
> "tGQ-lG-h68.title" = "ガイドをロック";
> "tXe-bY-Mf7.title" = "アウトライン";
> "uP4-bW-FOM.title" = "ツールをドッキング";
> "ysh-y9-dpl.title" = "回帰単位として保存";
