5,6c5,6
< /* Class = "NSMenuItem"; title = "Help"; ObjectID = "801"; */
< "801.title" = "Help";
---
> /* Class = "NSMenuItem"; title = "도움말"; ObjectID = "801"; */
> "801.title" = "도움말";
8,9c8,9
< /* Class = "NSMenuItem"; title = "View"; ObjectID = "803"; */
< "803.title" = "View";
---
> /* Class = "NSMenuItem"; title = "뷰"; ObjectID = "803"; */
> "803.title" = "뷰";
11,12c11,12
< /* Class = "NSMenuItem"; title = "File"; ObjectID = "804"; */
< "804.title" = "File";
---
> /* Class = "NSMenuItem"; title = "파일"; ObjectID = "804"; */
> "804.title" = "파일";
14,15c14,15
< /* Class = "NSMenuItem"; title = "Edit"; ObjectID = "805"; */
< "805.title" = "Edit";
---
> /* Class = "NSMenuItem"; title = "편집"; ObjectID = "805"; */
> "805.title" = "편집";
17,18c17,18
< /* Class = "NSMenuItem"; title = "Persona"; ObjectID = "806"; */
< "806.title" = "Persona";
---
> /* Class = "NSMenuItem"; title = "페르소나"; ObjectID = "806"; */
> "806.title" = "페르소나";
20,21c20,21
< /* Class = "NSMenuItem"; title = "Window"; ObjectID = "807"; */
< "807.title" = "Window";
---
> /* Class = "NSMenuItem"; title = "윈도우"; ObjectID = "807"; */
> "807.title" = "윈도우";
23,24c23,24
< /* Class = "NSMenu"; title = "Window"; ObjectID = "808"; */
< "808.title" = "Window";
---
> /* Class = "NSMenu"; title = "윈도우"; ObjectID = "808"; */
> "808.title" = "윈도우";
26,27c26,27
< /* Class = "NSMenuItem"; title = "Minimize"; ObjectID = "811"; */
< "811.title" = "Minimize";
---
> /* Class = "NSMenuItem"; title = "최소화"; ObjectID = "811"; */
> "811.title" = "최소화";
29,30c29,30
< /* Class = "NSMenuItem"; title = "Zoom"; ObjectID = "812"; */
< "812.title" = "Zoom";
---
> /* Class = "NSMenuItem"; title = "맞추기"; ObjectID = "812"; */
> "812.title" = "맞추기";
32,33c32,33
< /* Class = "NSMenuItem"; title = "Toggle Full Screen"; ObjectID = "813"; */
< "813.title" = "Toggle Full Screen";
---
> /* Class = "NSMenuItem"; title = "전체 화면 시작"; ObjectID = "813"; */
> "813.title" = "전체 화면 시작";
35,36c35,36
< /* Class = "NSMenu"; title = "Persona"; ObjectID = "815"; */
< "815.title" = "Persona";
---
> /* Class = "NSMenu"; title = "페르소나"; ObjectID = "815"; */
> "815.title" = "페르소나";
38,39c38,39
< /* Class = "NSMenuItem"; title = "Hide Others"; ObjectID = "816"; */
< "816.title" = "Hide Others";
---
> /* Class = "NSMenuItem"; title = "기타 가리기"; ObjectID = "816"; */
> "816.title" = "기타 가리기";
41,42c41,42
< /* Class = "NSMenuItem"; title = "Services"; ObjectID = "818"; */
< "818.title" = "Services";
---
> /* Class = "NSMenuItem"; title = "서비스"; ObjectID = "818"; */
> "818.title" = "서비스";
44,45c44,45
< /* Class = "NSMenuItem"; title = "Preferences…"; ObjectID = "821"; */
< "821.title" = "Preferences…";
---
> /* Class = "NSMenuItem"; title = "환경설정…"; ObjectID = "821"; */
> "821.title" = "환경설정…";
47,48c47,48
< /* Class = "NSMenuItem"; title = "Quit"; ObjectID = "823"; */
< "823.title" = "Quit";
---
> /* Class = "NSMenuItem"; title = "Affinity Designer 종료"; ObjectID = "823"; */
> "823.title" = "Affinity Designer 종료";
50,51c50,51
< /* Class = "NSMenuItem"; title = "Show All"; ObjectID = "824"; */
< "824.title" = "Show All";
---
> /* Class = "NSMenuItem"; title = "모두 보기"; ObjectID = "824"; */
> "824.title" = "모두 보기";
53,54c53,54
< /* Class = "NSMenuItem"; title = "Hide"; ObjectID = "825"; */
< "825.title" = "Hide";
---
> /* Class = "NSMenuItem"; title = "가리기"; ObjectID = "825"; */
> "825.title" = "가리기";
56,57c56,57
< /* Class = "NSMenuItem"; title = "About…"; ObjectID = "826"; */
< "826.title" = "About…";
---
> /* Class = "NSMenuItem"; title = "Affinity Designer에 관하여…"; ObjectID = "826"; */
> "826.title" = "Affinity Designer에 관하여…";
59,60c59,60
< /* Class = "NSMenu"; title = "Services"; ObjectID = "827"; */
< "827.title" = "Services";
---
> /* Class = "NSMenu"; title = "서비스"; ObjectID = "827"; */
> "827.title" = "서비스";
62,63c62,63
< /* Class = "NSMenu"; title = "Edit"; ObjectID = "828"; */
< "828.title" = "Edit";
---
> /* Class = "NSMenu"; title = "편집"; ObjectID = "828"; */
> "828.title" = "편집";
65,66c65,66
< /* Class = "NSMenuItem"; title = "Redo"; ObjectID = "835"; */
< "835.title" = "Redo";
---
> /* Class = "NSMenuItem"; title = "다시 실행"; ObjectID = "835"; */
> "835.title" = "다시 실행";
68,69c68,69
< /* Class = "NSMenuItem"; title = "Copy"; ObjectID = "837"; */
< "837.title" = "Copy";
---
> /* Class = "NSMenuItem"; title = "복사"; ObjectID = "837"; */
> "837.title" = "복사";
71,72c71,72
< /* Class = "NSMenuItem"; title = "Paste"; ObjectID = "838"; */
< "838.title" = "Paste";
---
> /* Class = "NSMenuItem"; title = "붙이기"; ObjectID = "838"; */
> "838.title" = "붙이기";
74,75c74,75
< /* Class = "NSMenuItem"; title = "Cut"; ObjectID = "839"; */
< "839.title" = "Cut";
---
> /* Class = "NSMenuItem"; title = "오려두기"; ObjectID = "839"; */
> "839.title" = "오려두기";
77,78c77,78
< /* Class = "NSMenuItem"; title = "Undo"; ObjectID = "841"; */
< "841.title" = "Undo";
---
> /* Class = "NSMenuItem"; title = "실행 취소"; ObjectID = "841"; */
> "841.title" = "실행 취소";
80,81c80,81
< /* Class = "NSMenuItem"; title = "Select All"; ObjectID = "842"; */
< "842.title" = "Select All";
---
> /* Class = "NSMenuItem"; title = "전체 선택"; ObjectID = "842"; */
> "842.title" = "전체 선택";
83,84c83,84
< /* Class = "NSMenuItem"; title = "Delete"; ObjectID = "843"; */
< "843.title" = "Delete";
---
> /* Class = "NSMenuItem"; title = "지우기"; ObjectID = "843"; */
> "843.title" = "지우기";
86,87c86,87
< /* Class = "NSMenu"; title = "File"; ObjectID = "873"; */
< "873.title" = "File";
---
> /* Class = "NSMenu"; title = "파일"; ObjectID = "873"; */
> "873.title" = "파일";
89,90c89,90
< /* Class = "NSMenuItem"; title = "Save As…"; ObjectID = "874"; */
< "874.title" = "Save As…";
---
> /* Class = "NSMenuItem"; title = "다른 이름으로 저장…"; ObjectID = "874"; */
> "874.title" = "다른 이름으로 저장…";
92,93c92,93
< /* Class = "NSMenuItem"; title = "Close"; ObjectID = "881"; */
< "881.title" = "Close";
---
> /* Class = "NSMenuItem"; title = "닫기"; ObjectID = "881"; */
> "881.title" = "닫기";
95,96c95,96
< /* Class = "NSMenuItem"; title = "Document Setup…"; ObjectID = "882"; */
< "882.title" = "Document Setup…";
---
> /* Class = "NSMenuItem"; title = "문서 설정…"; ObjectID = "882"; */
> "882.title" = "문서 설정…";
98,99c98,99
< /* Class = "NSMenuItem"; title = "Open Recent"; ObjectID = "883"; */
< "883.title" = "Open Recent";
---
> /* Class = "NSMenuItem"; title = "최근 사용 열기"; ObjectID = "883"; */
> "883.title" = "최근 사용 열기";
101,102c101,102
< /* Class = "NSMenuItem"; title = "New…"; ObjectID = "884"; */
< "884.title" = "New…";
---
> /* Class = "NSMenuItem"; title = "신규…"; ObjectID = "884"; */
> "884.title" = "신규…";
104,105c104,105
< /* Class = "NSMenuItem"; title = "Open…"; ObjectID = "885"; */
< "885.title" = "Open…";
---
> /* Class = "NSMenuItem"; title = "열기…"; ObjectID = "885"; */
> "885.title" = "열기…";
107,108c107,108
< /* Class = "NSMenuItem"; title = "Print…"; ObjectID = "886"; */
< "886.title" = "Print…";
---
> /* Class = "NSMenuItem"; title = "인쇄…"; ObjectID = "886"; */
> "886.title" = "인쇄…";
110,111c110,111
< /* Class = "NSMenu"; title = "Open Recent"; ObjectID = "887"; */
< "887.title" = "Open Recent";
---
> /* Class = "NSMenu"; title = "최근 사용 열기"; ObjectID = "887"; */
> "887.title" = "최근 사용 열기";
113,114c113,114
< /* Class = "NSMenuItem"; title = "Clear Menu"; ObjectID = "888"; */
< "888.title" = "Clear Menu";
---
> /* Class = "NSMenuItem"; title = "메뉴 지우기"; ObjectID = "888"; */
> "888.title" = "메뉴 지우기";
116,117c116,117
< /* Class = "NSMenu"; title = "View"; ObjectID = "889"; */
< "889.title" = "View";
---
> /* Class = "NSMenu"; title = "뷰"; ObjectID = "889"; */
> "889.title" = "뷰";
119c119
< /* Class = "NSMenuItem"; title = "Customise Tools…"; ObjectID = "890"; */
---
> /* Class = "NSMenuItem"; title = "도구 사용자화…"; ObjectID = "890"; */
122c122
< /* Class = "NSMenuItem"; title = "Customise Toolbar…"; ObjectID = "892"; */
---
> /* Class = "NSMenuItem"; title = "툴바 사용자화…"; ObjectID = "892"; */
125,126c125,126
< /* Class = "NSMenuItem"; title = "Show Toolbar"; ObjectID = "893"; */
< "893.title" = "Show Toolbar";
---
> /* Class = "NSMenuItem"; title = "툴바 보기"; ObjectID = "893"; */
> "893.title" = "툴바 보기";
128,129c128,129
< /* Class = "NSMenu"; title = "Help"; ObjectID = "950"; */
< "950.title" = "Help";
---
> /* Class = "NSMenu"; title = "도움말"; ObjectID = "950"; */
> "950.title" = "도움말";
134,135c134,135
< /* Class = "NSMenuItem"; title = "Ungroup"; ObjectID = "984"; */
< "984.title" = "Ungroup";
---
> /* Class = "NSMenuItem"; title = "그룹 풀기"; ObjectID = "984"; */
> "984.title" = "그룹 풀기";
137,138c137,138
< /* Class = "NSMenuItem"; title = "Group"; ObjectID = "985"; */
< "985.title" = "Group";
---
> /* Class = "NSMenuItem"; title = "그룹"; ObjectID = "985"; */
> "985.title" = "그룹";
140,141c140,141
< /* Class = "NSMenuItem"; title = "Duplicate"; ObjectID = "1062"; */
< "1062.title" = "Duplicate";
---
> /* Class = "NSMenuItem"; title = "복제"; ObjectID = "1062"; */
> "1062.title" = "복제";
143,144c143,144
< /* Class = "NSMenuItem"; title = "Zoom to Fit"; ObjectID = "1075"; */
< "1075.title" = "Zoom to Fit";
---
> /* Class = "NSMenuItem"; title = "화면 크기에 맞추기"; ObjectID = "1075"; */
> "1075.title" = "화면 크기에 맞추기";
149,150c149,150
< /* Class = "NSMenuItem"; title = "Show Margins"; ObjectID = "1087"; */
< "1087.title" = "Show Margins";
---
> /* Class = "NSMenuItem"; title = "여백선 보기"; ObjectID = "1087"; */
> "1087.title" = "여백선 보기";
152,153c152,153
< /* Class = "NSMenuItem"; title = "Show Guides"; ObjectID = "1088"; */
< "1088.title" = "Show Guides";
---
> /* Class = "NSMenuItem"; title = "안내선 보기"; ObjectID = "1088"; */
> "1088.title" = "안내선 보기";
155,156c155,156
< /* Class = "NSMenuItem"; title = "Show Grid"; ObjectID = "1089"; */
< "1089.title" = "Show Grid";
---
> /* Class = "NSMenuItem"; title = "격자선 보기"; ObjectID = "1089"; */
> "1089.title" = "격자선 보기";
158,159c158,159
< /* Class = "NSMenuItem"; title = "New View"; ObjectID = "1093"; */
< "1093.title" = "New View";
---
> /* Class = "NSMenuItem"; title = "신규 뷰"; ObjectID = "1093"; */
> "1093.title" = "신규 뷰";
161,162c161,162
< /* Class = "NSMenuItem"; title = "Pixels"; ObjectID = "1107"; */
< "1107.title" = "Pixels";
---
> /* Class = "NSMenuItem"; title = "픽셀"; ObjectID = "1107"; */
> "1107.title" = "픽셀";
164,165c164,165
< /* Class = "NSMenuItem"; title = "Lock"; ObjectID = "1130"; */
< "1130.title" = "Lock";
---
> /* Class = "NSMenuItem"; title = "잠금"; ObjectID = "1130"; */
> "1130.title" = "잠금";
167,168c167,168
< /* Class = "NSMenuItem"; title = "Unlock"; ObjectID = "1131"; */
< "1131.title" = "Unlock";
---
> /* Class = "NSMenuItem"; title = "잠금 풀기"; ObjectID = "1131"; */
> "1131.title" = "잠금 풀기";
170,171c170,171
< /* Class = "NSMenuItem"; title = "Text"; ObjectID = "1189"; */
< "1189.title" = "Text";
---
> /* Class = "NSMenuItem"; title = "텍스트"; ObjectID = "1189"; */
> "1189.title" = "텍스트";
173,174c173,174
< /* Class = "NSMenu"; title = "Text"; ObjectID = "1190"; */
< "1190.title" = "Text";
---
> /* Class = "NSMenu"; title = "텍스트"; ObjectID = "1190"; */
> "1190.title" = "텍스트";
176,177c176,177
< /* Class = "NSMenuItem"; title = "Character Traits"; ObjectID = "1191"; */
< "1191.title" = "Character Traits";
---
> /* Class = "NSMenuItem"; title = "문자 특성"; ObjectID = "1191"; */
> "1191.title" = "문자 특성";
179,180c179,180
< /* Class = "NSMenuItem"; title = "Alignment"; ObjectID = "1192"; */
< "1192.title" = "Alignment";
---
> /* Class = "NSMenuItem"; title = "정렬"; ObjectID = "1192"; */
> "1192.title" = "정렬";
182,183c182,183
< /* Class = "NSMenu"; title = "Alignment"; ObjectID = "1193"; */
< "1193.title" = "Alignment";
---
> /* Class = "NSMenu"; title = "정렬"; ObjectID = "1193"; */
> "1193.title" = "정렬";
185,186c185,186
< /* Class = "NSMenuItem"; title = "Align Left"; ObjectID = "1194"; */
< "1194.title" = "Align Left";
---
> /* Class = "NSMenuItem"; title = "왼쪽 정렬"; ObjectID = "1194"; */
> "1194.title" = "왼쪽 정렬";
188c188
< /* Class = "NSMenuItem"; title = "Align Centre"; ObjectID = "1195"; */
---
> /* Class = "NSMenuItem"; title = "가로 가운데 정렬"; ObjectID = "1195"; */
191c191
< /* Class = "NSMenuItem"; title = "Justify Centre"; ObjectID = "1196"; */
---
> /* Class = "NSMenuItem"; title = "가운데 균등 정렬"; ObjectID = "1196"; */
194,195c194,195
< /* Class = "NSMenuItem"; title = "Align Right"; ObjectID = "1197"; */
< "1197.title" = "Align Right";
---
> /* Class = "NSMenuItem"; title = "오른쪽 정렬"; ObjectID = "1197"; */
> "1197.title" = "오른쪽 정렬";
197,198c197,198
< /* Class = "NSMenu"; title = "Character Traits"; ObjectID = "1214"; */
< "1214.title" = "Character Traits";
---
> /* Class = "NSMenu"; title = "문자 특성"; ObjectID = "1214"; */
> "1214.title" = "문자 특성";
200,201c200,201
< /* Class = "NSMenuItem"; title = "Bold"; ObjectID = "1216"; */
< "1216.title" = "Bold";
---
> /* Class = "NSMenuItem"; title = "강조"; ObjectID = "1216"; */
> "1216.title" = "강조";
203,204c203,204
< /* Class = "NSMenuItem"; title = "Italic"; ObjectID = "1217"; */
< "1217.title" = "Italic";
---
> /* Class = "NSMenuItem"; title = "기울임"; ObjectID = "1217"; */
> "1217.title" = "기울임";
206,207c206,207
< /* Class = "NSMenuItem"; title = "Underline"; ObjectID = "1218"; */
< "1218.title" = "Underline";
---
> /* Class = "NSMenuItem"; title = "밑줄"; ObjectID = "1218"; */
> "1218.title" = "밑줄";
209,210c209,210
< /* Class = "NSMenuItem"; title = "Spacing"; ObjectID = "1223"; */
< "1223.title" = "Spacing";
---
> /* Class = "NSMenuItem"; title = "간격"; ObjectID = "1223"; */
> "1223.title" = "간격";
212,213c212,213
< /* Class = "NSMenuItem"; title = "Ligatures"; ObjectID = "1224"; */
< "1224.title" = "Ligatures";
---
> /* Class = "NSMenuItem"; title = "합자"; ObjectID = "1224"; */
> "1224.title" = "합자";
215,216c215,216
< /* Class = "NSMenuItem"; title = "Baseline"; ObjectID = "1225"; */
< "1225.title" = "Baseline";
---
> /* Class = "NSMenuItem"; title = "기준선"; ObjectID = "1225"; */
> "1225.title" = "기준선";
218,219c218,219
< /* Class = "NSMenu"; title = "Baseline"; ObjectID = "1231"; */
< "1231.title" = "Baseline";
---
> /* Class = "NSMenu"; title = "기준선"; ObjectID = "1231"; */
> "1231.title" = "기준선";
221,222c221,222
< /* Class = "NSMenuItem"; title = "Use Default"; ObjectID = "1232"; */
< "1232.title" = "Use Default";
---
> /* Class = "NSMenuItem"; title = "기준선 재설정"; ObjectID = "1232"; */
> "1232.title" = "기준선 재설정";
224,225c224,225
< /* Class = "NSMenuItem"; title = "Superscript"; ObjectID = "1233"; */
< "1233.title" = "Superscript";
---
> /* Class = "NSMenuItem"; title = "윗첨자"; ObjectID = "1233"; */
> "1233.title" = "윗첨자";
227,228c227,228
< /* Class = "NSMenuItem"; title = "Subscript"; ObjectID = "1234"; */
< "1234.title" = "Subscript";
---
> /* Class = "NSMenuItem"; title = "아랫첨자"; ObjectID = "1234"; */
> "1234.title" = "아랫첨자";
230,231c230,231
< /* Class = "NSMenu"; title = "Ligatures"; ObjectID = "1237"; */
< "1237.title" = "Ligatures";
---
> /* Class = "NSMenu"; title = "합자"; ObjectID = "1237"; */
> "1237.title" = "합자";
233,234c233,234
< /* Class = "NSMenuItem"; title = "Use None"; ObjectID = "1238"; */
< "1238.title" = "Use None";
---
> /* Class = "NSMenuItem"; title = "합자 없음"; ObjectID = "1238"; */
> "1238.title" = "합자 없음";
236,237c236,237
< /* Class = "NSMenu"; title = "Spacing"; ObjectID = "1241"; */
< "1241.title" = "Spacing";
---
> /* Class = "NSMenu"; title = "간격"; ObjectID = "1241"; */
> "1241.title" = "간격";
239,240c239,240
< /* Class = "NSMenuItem"; title = "Use Default"; ObjectID = "1242"; */
< "1242.title" = "Use Default";
---
> /* Class = "NSMenuItem"; title = "기준선 재설정"; ObjectID = "1242"; */
> "1242.title" = "기준선 재설정";
242,243c242,243
< /* Class = "NSMenuItem"; title = "Use None"; ObjectID = "1243"; */
< "1243.title" = "Use None";
---
> /* Class = "NSMenuItem"; title = "합자 없음"; ObjectID = "1243"; */
> "1243.title" = "합자 없음";
245,246c245,246
< /* Class = "NSMenuItem"; title = "Tighten"; ObjectID = "1244"; */
< "1244.title" = "Tighten";
---
> /* Class = "NSMenuItem"; title = "좁게"; ObjectID = "1244"; */
> "1244.title" = "좁게";
248,249c248,249
< /* Class = "NSMenuItem"; title = "Loosen More"; ObjectID = "1245"; */
< "1245.title" = "Loosen More";
---
> /* Class = "NSMenuItem"; title = "더욱 넓게"; ObjectID = "1245"; */
> "1245.title" = "더욱 넓게";
251,252c251,252
< /* Class = "NSMenuItem"; title = "Create Style"; ObjectID = "1305"; */
< "1305.title" = "Create Style";
---
> /* Class = "NSMenuItem"; title = "스타일 생성"; ObjectID = "1305"; */
> "1305.title" = "스타일 생성";
254,255c254,255
< /* Class = "NSMenuItem"; title = "Convert to Curves"; ObjectID = "1307"; */
< "1307.title" = "Convert to Curves";
---
> /* Class = "NSMenuItem"; title = "곡선으로 전환"; ObjectID = "1307"; */
> "1307.title" = "곡선으로 전환";
257,258c257,258
< /* Class = "NSMenuItem"; title = "Place…"; ObjectID = "1310"; */
< "1310.title" = "Place…";
---
> /* Class = "NSMenuItem"; title = "배치…"; ObjectID = "1310"; */
> "1310.title" = "배치…";
263,264c263,264
< /* Class = "NSMenuItem"; title = "Paste Style"; ObjectID = "1325"; */
< "1325.title" = "Paste Style";
---
> /* Class = "NSMenuItem"; title = "스타일 붙이기"; ObjectID = "1325"; */
> "1325.title" = "스타일 붙이기";
266,267c266,267
< /* Class = "NSMenuItem"; title = "Zoom In"; ObjectID = "1329"; */
< "1329.title" = "Zoom In";
---
> /* Class = "NSMenuItem"; title = "확대"; ObjectID = "1329"; */
> "1329.title" = "확대";
269,270c269,270
< /* Class = "NSMenuItem"; title = "Zoom Out"; ObjectID = "1331"; */
< "1331.title" = "Zoom Out";
---
> /* Class = "NSMenuItem"; title = "축소"; ObjectID = "1331"; */
> "1331.title" = "축소";
272c272
< /* Class = "NSMenuItem"; title = "Rasterise…"; ObjectID = "1339"; */
---
> /* Class = "NSMenuItem"; title = "래스터화…"; ObjectID = "1339"; */
275,276c275,276
< /* Class = "NSMenuItem"; title = "Views"; ObjectID = "1353"; */
< "1353.title" = "Views";
---
> /* Class = "NSMenuItem"; title = "뷰"; ObjectID = "1353"; */
> "1353.title" = "뷰";
278,279c278,279
< /* Class = "NSMenu"; title = "Views"; ObjectID = "1357"; */
< "1357.title" = "Views";
---
> /* Class = "NSMenu"; title = "뷰"; ObjectID = "1357"; */
> "1357.title" = "뷰";
281,282c281,282
< /* Class = "NSMenuItem"; title = "View Mode"; ObjectID = "1362"; */
< "1362.title" = "View Mode";
---
> /* Class = "NSMenuItem"; title = "뷰 모드"; ObjectID = "1362"; */
> "1362.title" = "뷰 모드";
284,285c284,285
< /* Class = "NSMenu"; title = "View Mode"; ObjectID = "1364"; */
< "1364.title" = "View Mode";
---
> /* Class = "NSMenu"; title = "뷰 모드"; ObjectID = "1364"; */
> "1364.title" = "뷰 모드";
287,288c287,288
< /* Class = "NSMenuItem"; title = "Vector"; ObjectID = "1366"; */
< "1366.title" = "Vector";
---
> /* Class = "NSMenuItem"; title = "벡터"; ObjectID = "1366"; */
> "1366.title" = "벡터";
290,291c290,291
< /* Class = "NSMenuItem"; title = "Alternate (Even-Odd)"; ObjectID = "1383"; */
< "1383.title" = "Alternate (Even-Odd)";
---
> /* Class = "NSMenuItem"; title = "교대하기"; ObjectID = "1383"; */
> "1383.title" = "교대하기";
293,294c293,294
< /* Class = "NSMenuItem"; title = "Fill Mode"; ObjectID = "1385"; */
< "1385.title" = "Fill Mode";
---
> /* Class = "NSMenuItem"; title = "칠 모드"; ObjectID = "1385"; */
> "1385.title" = "칠 모드";
296,297c296,297
< /* Class = "NSMenu"; title = "Fill Mode"; ObjectID = "1386"; */
< "1386.title" = "Fill Mode";
---
> /* Class = "NSMenu"; title = "칠 모드"; ObjectID = "1386"; */
> "1386.title" = "칠 모드";
299,300c299,300
< /* Class = "NSMenuItem"; title = "Winding (Non-Zero)"; ObjectID = "1390"; */
< "1390.title" = "Winding (Non-Zero)";
---
> /* Class = "NSMenuItem"; title = "둘러싸기"; ObjectID = "1390"; */
> "1390.title" = "둘러싸기";
302,303c302,303
< /* Class = "NSMenuItem"; title = "Show Rulers"; ObjectID = "1457"; */
< "1457.title" = "Show Rulers";
---
> /* Class = "NSMenuItem"; title = "눈금자 보기"; ObjectID = "1457"; */
> "1457.title" = "눈금자 보기";
305,306c305,306
< /* Class = "NSMenuItem"; title = "Insert Character"; ObjectID = "1464"; */
< "1464.title" = "Insert Character";
---
> /* Class = "NSMenuItem"; title = "문자 삽입"; ObjectID = "1464"; */
> "1464.title" = "문자 삽입";
308,309c308,309
< /* Class = "NSMenu"; title = "Insert Character"; ObjectID = "1465"; */
< "1465.title" = "Insert Character";
---
> /* Class = "NSMenu"; title = "문자 삽입"; ObjectID = "1465"; */
> "1465.title" = "문자 삽입";
311,312c311,312
< /* Class = "NSMenuItem"; title = "Line Break"; ObjectID = "1466"; */
< "1466.title" = "Line Break";
---
> /* Class = "NSMenuItem"; title = "줄바꿈"; ObjectID = "1466"; */
> "1466.title" = "줄바꿈";
314,315c314,315
< /* Class = "NSMenuItem"; title = "Em Space"; ObjectID = "1467"; */
< "1467.title" = "Em Space";
---
> /* Class = "NSMenuItem"; title = "전각 공백"; ObjectID = "1467"; */
> "1467.title" = "전각 공백";
317,318c317,318
< /* Class = "NSMenuItem"; title = "En Space"; ObjectID = "1468"; */
< "1468.title" = "En Space";
---
> /* Class = "NSMenuItem"; title = "반각 공백"; ObjectID = "1468"; */
> "1468.title" = "반각 공백";
320,321c320,321
< /* Class = "NSMenuItem"; title = "Non-Breaking Hyphen"; ObjectID = "1469"; */
< "1469.title" = "Non-Breaking Hyphen";
---
> /* Class = "NSMenuItem"; title = "줄 바꿈 없는 하이픈"; ObjectID = "1469"; */
> "1469.title" = "줄 바꿈 없는 하이픈";
323,324c323,324
< /* Class = "NSMenuItem"; title = "Zero-Width Space"; ObjectID = "1470"; */
< "1470.title" = "Zero-Width Space";
---
> /* Class = "NSMenuItem"; title = "폭 없는 공백"; ObjectID = "1470"; */
> "1470.title" = "폭 없는 공백";
326,327c326,327
< /* Class = "NSMenuItem"; title = "Soft Hyphen"; ObjectID = "1471"; */
< "1471.title" = "Soft Hyphen";
---
> /* Class = "NSMenuItem"; title = "하이픈"; ObjectID = "1471"; */
> "1471.title" = "하이픈";
329,330c329,330
< /* Class = "NSMenuItem"; title = "Non-Breaking Space"; ObjectID = "1478"; */
< "1478.title" = "Non-Breaking Space";
---
> /* Class = "NSMenuItem"; title = "줄 바꿈 없는 공백"; ObjectID = "1478"; */
> "1478.title" = "줄 바꿈 없는 공백";
332c332
< /* Class = "NSMenuItem"; title = "Capitalisation"; ObjectID = "1520"; */
---
> /* Class = "NSMenuItem"; title = "대문자화"; ObjectID = "1520"; */
335c335
< /* Class = "NSMenu"; title = "Capitalisation"; ObjectID = "1521"; */
---
> /* Class = "NSMenu"; title = "대문자화"; ObjectID = "1521"; */
338,339c338,339
< /* Class = "NSMenuItem"; title = "None"; ObjectID = "1522"; */
< "1522.title" = "None";
---
> /* Class = "NSMenuItem"; title = "없음"; ObjectID = "1522"; */
> "1522.title" = "없음";
341,342c341,342
< /* Class = "NSMenuItem"; title = "Small Caps"; ObjectID = "1523"; */
< "1523.title" = "Small Caps";
---
> /* Class = "NSMenuItem"; title = "작은 대문자"; ObjectID = "1523"; */
> "1523.title" = "작은 대문자";
344,345c344,345
< /* Class = "NSMenuItem"; title = "All Caps"; ObjectID = "1524"; */
< "1524.title" = "All Caps";
---
> /* Class = "NSMenuItem"; title = "모두 대문자"; ObjectID = "1524"; */
> "1524.title" = "모두 대문자";
350,351c350,351
< /* Class = "NSMenuItem"; title = "Pixel Objects"; ObjectID = "0Gn-Ti-FSz"; */
< "0Gn-Ti-FSz.title" = "Pixel Objects";
---
> /* Class = "NSMenuItem"; title = "픽셀 오브젝트"; ObjectID = "0Gn-Ti-FSz"; */
> "0Gn-Ti-FSz.title" = "픽셀 오브젝트";
353,354c353,354
< /* Class = "NSMenuItem"; title = "Reset Rotation"; ObjectID = "0QN-SF-zfs"; */
< "0QN-SF-zfs.title" = "Reset Rotation";
---
> /* Class = "NSMenuItem"; title = "회전 재설정"; ObjectID = "0QN-SF-zfs"; */
> "0QN-SF-zfs.title" = "회전 재설정";
371,372c371,372
< /* Class = "NSMenuItem"; title = "Set No Paragraph Style"; ObjectID = "1Xp-ax-Yd8"; */
< "1Xp-ax-Yd8.title" = "Set No Paragraph Style";
---
> /* Class = "NSMenuItem"; title = "문단 스타일 벗기기"; ObjectID = "1Xp-ax-Yd8"; */
> "1Xp-ax-Yd8.title" = "문단 스타일 벗기기";
374,375c374,375
< /* Class = "NSMenuItem"; title = "Ignore Text Wraps"; ObjectID = "1cY-eD-FYh"; */
< "1cY-eD-FYh.title" = "Ignore Text Wraps";
---
> /* Class = "NSMenuItem"; title = "줄바꿈 무시"; ObjectID = "1cY-eD-FYh"; */
> "1cY-eD-FYh.title" = "줄바꿈 무시";
377,378c377,378
< /* Class = "NSMenuItem"; title = "Move Back One"; ObjectID = "1fK-86-ju6"; */
< "1fK-86-ju6.title" = "Move Back One";
---
> /* Class = "NSMenuItem"; title = "뒤로 보내기"; ObjectID = "1fK-86-ju6"; */
> "1fK-86-ju6.title" = "뒤로 보내기";
383,384c383,384
< /* Class = "NSMenuItem"; title = "Delete Unused Styles"; ObjectID = "28B-UL-jS6"; */
< "28B-UL-jS6.title" = "Delete Unused Styles";
---
> /* Class = "NSMenuItem"; title = "미사용된 스타일 지우기"; ObjectID = "28B-UL-jS6"; */
> "28B-UL-jS6.title" = "미사용된 스타일 지우기";
386,387c386,387
< /* Class = "NSMenuItem"; title = "Paste Inside"; ObjectID = "2DS-OJ-9gj"; */
< "2DS-OJ-9gj.title" = "Paste Inside";
---
> /* Class = "NSMenuItem"; title = "안으로 붙이기"; ObjectID = "2DS-OJ-9gj"; */
> "2DS-OJ-9gj.title" = "안으로 붙이기";
392,393c392,393
< /* Class = "NSMenuItem"; title = "Edit in Photo…"; ObjectID = "2Vd-C7-OhK"; */
< "2Vd-C7-OhK.title" = "Edit in Photo…";
---
> /* Class = "NSMenuItem"; title = "Photo에서 편집…"; ObjectID = "2Vd-C7-OhK"; */
> "2Vd-C7-OhK.title" = "Photo에서 편집…";
395,396c395,396
< /* Class = "NSMenuItem"; title = "Unlock All"; ObjectID = "2Xc-mb-2dz"; */
< "2Xc-mb-2dz.title" = "Unlock All";
---
> /* Class = "NSMenuItem"; title = "모두 잠금 풀기"; ObjectID = "2Xc-mb-2dz"; */
> "2Xc-mb-2dz.title" = "모두 잠금 풀기";
407,408c407,408
< /* Class = "NSMenuItem"; title = "Insert Filler Text"; ObjectID = "33O-rq-hBH"; */
< "33O-rq-hBH.title" = "Insert Filler Text";
---
> /* Class = "NSMenuItem"; title = "Lorem Ipsum"; ObjectID = "33O-rq-hBH"; */
> "33O-rq-hBH.title" = "Lorem Ipsum";
416,417c416,417
< /* Class = "NSMenuItem"; title = "Text Styles"; ObjectID = "3PK-kV-rhH"; */
< "3PK-kV-rhH.title" = "Text Styles";
---
> /* Class = "NSMenuItem"; title = "텍스트 스타일"; ObjectID = "3PK-kV-rhH"; */
> "3PK-kV-rhH.title" = "텍스트 스타일";
419,420c419,420
< /* Class = "NSMenuItem"; title = "Resource Manager..."; ObjectID = "3x7-NM-FhS"; */
< "3x7-NM-FhS.title" = "Resource Manager...";
---
> /* Class = "NSMenuItem"; title = "자원 관리자..."; ObjectID = "3x7-NM-FhS"; */
> "3x7-NM-FhS.title" = "자원 관리자...";
425,426c425,426
< /* Class = "NSMenuItem"; title = "Transform"; ObjectID = "4FN-26-KZw"; */
< "4FN-26-KZw.title" = "Transform";
---
> /* Class = "NSMenuItem"; title = "변형"; ObjectID = "4FN-26-KZw"; */
> "4FN-26-KZw.title" = "변형";
428,429c428,429
< /* Class = "NSMenuItem"; title = "Tight"; ObjectID = "4Id-nX-N7H"; */
< "4Id-nX-N7H.title" = "Tight";
---
> /* Class = "NSMenuItem"; title = "좁은"; ObjectID = "4Id-nX-N7H"; */
> "4Id-nX-N7H.title" = "좁은";
431,432c431,432
< /* Class = "NSMenuItem"; title = "Lower Baseline"; ObjectID = "4Jc-Wo-kBd"; */
< "4Jc-Wo-kBd.title" = "Lower Baseline";
---
> /* Class = "NSMenuItem"; title = "기준선 내리기"; ObjectID = "4Jc-Wo-kBd"; */
> "4Jc-Wo-kBd.title" = "기준선 내리기";
434,435c434,435
< /* Class = "NSMenuItem"; title = "Strikeout"; ObjectID = "4Jt-hw-bJu"; */
< "4Jt-hw-bJu.title" = "Strikeout";
---
> /* Class = "NSMenuItem"; title = "취소선"; ObjectID = "4Jt-hw-bJu"; */
> "4Jt-hw-bJu.title" = "취소선";
440,441c440,441
< /* Class = "NSMenuItem"; title = "Precise Bigger"; ObjectID = "4Rx-il-gRN"; */
< "4Rx-il-gRN.title" = "Precise Bigger";
---
> /* Class = "NSMenuItem"; title = "조금씩 크게"; ObjectID = "4Rx-il-gRN"; */
> "4Rx-il-gRN.title" = "조금씩 크게";
446,447c446,447
< /* Class = "NSMenuItem"; title = "Spread Setup…"; ObjectID = "4ty-1I-i2t"; */
< "4ty-1I-i2t.title" = "Spread Setup…";
---
> /* Class = "NSMenuItem"; title = "스프레드 설정…"; ObjectID = "4ty-1I-i2t"; */
> "4ty-1I-i2t.title" = "스프레드 설정…";
449,450c449,450
< /* Class = "NSMenuItem"; title = "Path Text"; ObjectID = "4y3-gR-cgv"; */
< "4y3-gR-cgv.title" = "Path Text";
---
> /* Class = "NSMenuItem"; title = "경로 텍스트"; ObjectID = "4y3-gR-cgv"; */
> "4y3-gR-cgv.title" = "경로 텍스트";
458,459c458,459
< /* Class = "NSMenu"; title = "Alignment"; ObjectID = "5Jc-FA-nGp"; */
< "5Jc-FA-nGp.title" = "Alignment";
---
> /* Class = "NSMenu"; title = "정렬"; ObjectID = "5Jc-FA-nGp"; */
> "5Jc-FA-nGp.title" = "정렬";
464,465c464,465
< /* Class = "NSMenuItem"; title = "Add"; ObjectID = "5nI-p6-hYu"; */
< "5nI-p6-hYu.title" = "Add";
---
> /* Class = "NSMenuItem"; title = "추가"; ObjectID = "5nI-p6-hYu"; */
> "5nI-p6-hYu.title" = "추가";
470,471c470,471
< /* Class = "NSMenuItem"; title = "Flip Vertical"; ObjectID = "5vY-2i-N05"; */
< "5vY-2i-N05.title" = "Flip Vertical";
---
> /* Class = "NSMenuItem"; title = "세로 뒤집기"; ObjectID = "5vY-2i-N05"; */
> "5vY-2i-N05.title" = "세로 뒤집기";
473,474c473,474
< /* Class = "NSMenuItem"; title = "Height"; ObjectID = "67w-fZ-emw"; */
< "67w-fZ-emw.title" = "Height";
---
> /* Class = "NSMenuItem"; title = "높이"; ObjectID = "67w-fZ-emw"; */
> "67w-fZ-emw.title" = "높이";
485,486c485,486
< /* Class = "NSMenuItem"; title = "Show Column Guides"; ObjectID = "7Ru-0w-rUG"; */
< "7Ru-0w-rUG.title" = "Show Column Guides";
---
> /* Class = "NSMenuItem"; title = "열 안내선 보기"; ObjectID = "7Ru-0w-rUG"; */
> "7Ru-0w-rUG.title" = "열 안내선 보기";
488,489c488,489
< /* Class = "NSMenu"; title = "Studio"; ObjectID = "7ef-qq-INZ"; */
< "7ef-qq-INZ.title" = "Studio";
---
> /* Class = "NSMenu"; title = "작업실"; ObjectID = "7ef-qq-INZ"; */
> "7ef-qq-INZ.title" = "작업실";
491c491
< /* Class = "NSMenuItem"; title = "Synchronise from Selection"; ObjectID = "7lg-Xj-Nqc"; */
---
> /* Class = "NSMenuItem"; title = "선택 항목에서 기본값 동기화"; ObjectID = "7lg-Xj-Nqc"; */
494,495c494,495
< /* Class = "NSMenuItem"; title = "Width"; ObjectID = "7qR-Uq-p4B"; */
< "7qR-Uq-p4B.title" = "Width";
---
> /* Class = "NSMenuItem"; title = "너비"; ObjectID = "7qR-Uq-p4B"; */
> "7qR-Uq-p4B.title" = "너비";
497,498c497,498
< /* Class = "NSMenuItem"; title = "Show Context Toolbar"; ObjectID = "82H-vD-VqR"; */
< "82H-vD-VqR.title" = "Show Context Toolbar";
---
> /* Class = "NSMenuItem"; title = "상황별 툴바 보기"; ObjectID = "82H-vD-VqR"; */
> "82H-vD-VqR.title" = "상황별 툴바 보기";
500,501c500,501
< /* Class = "NSMenuItem"; title = "Precise Decrease"; ObjectID = "83W-2Y-rL5"; */
< "83W-2Y-rL5.title" = "Precise Decrease";
---
> /* Class = "NSMenuItem"; title = "조금씩 줄이기"; ObjectID = "83W-2Y-rL5"; */
> "83W-2Y-rL5.title" = "조금씩 줄이기";
503,504c503,504
< /* Class = "NSMenuItem"; title = "Paste FX"; ObjectID = "86E-yX-Rtm"; */
< "86E-yX-Rtm.title" = "Paste FX";
---
> /* Class = "NSMenuItem"; title = "효과 붙이기"; ObjectID = "86E-yX-Rtm"; */
> "86E-yX-Rtm.title" = "효과 붙이기";
506,507c506,507
< /* Class = "NSMenuItem"; title = "My Account…"; ObjectID = "8PK-Bh-XtU"; */
< "8PK-Bh-XtU.title" = "My Account…";
---
> /* Class = "NSMenuItem"; title = "내 계정…"; ObjectID = "8PK-Bh-XtU"; */
> "8PK-Bh-XtU.title" = "내 계정…";
515,516c515,516
< /* Class = "NSMenuItem"; title = "Paragraph Leading"; ObjectID = "8Zv-Bg-xT2"; */
< "8Zv-Bg-xT2.title" = "Paragraph Leading";
---
> /* Class = "NSMenuItem"; title = "줄 간격"; ObjectID = "8Zv-Bg-xT2"; */
> "8Zv-Bg-xT2.title" = "줄 간격";
521,522c521,522
< /* Class = "NSMenuItem"; title = "Distribute Horizontally"; ObjectID = "8nY-ha-31n"; */
< "8nY-ha-31n.title" = "Distribute Horizontally";
---
> /* Class = "NSMenuItem"; title = "가로 분배"; ObjectID = "8nY-ha-31n"; */
> "8nY-ha-31n.title" = "가로 분배";
527,528c527,528
< /* Class = "NSMenuItem"; title = "Figure Dash"; ObjectID = "9DK-kK-Ag2"; */
< "9DK-kK-Ag2.title" = "Figure Dash";
---
> /* Class = "NSMenuItem"; title = "숫자 줄표"; ObjectID = "9DK-kK-Ag2"; */
> "9DK-kK-Ag2.title" = "숫자 줄표";
530c530
< /* Class = "NSMenuItem"; title = "Align Centre"; ObjectID = "9sI-hO-Md4"; */
---
> /* Class = "NSMenuItem"; title = "가로 가운데 정렬"; ObjectID = "9sI-hO-Md4"; */
536,537c536,537
< /* Class = "NSMenuItem"; title = "Add Preset…"; ObjectID = "9w8-n8-uYP"; */
< "9w8-n8-uYP.title" = "Add Preset…";
---
> /* Class = "NSMenuItem"; title = "미리 설정 추가…"; ObjectID = "9w8-n8-uYP"; */
> "9w8-n8-uYP.title" = "미리 설정 추가…";
539,540c539,540
< /* Class = "NSMenuItem"; title = "Align Top"; ObjectID = "9zQ-Cn-yqa"; */
< "9zQ-Cn-yqa.title" = "Align Top";
---
> /* Class = "NSMenuItem"; title = "위쪽 정렬"; ObjectID = "9zQ-Cn-yqa"; */
> "9zQ-Cn-yqa.title" = "위쪽 정렬";
542,543c542,543
< /* Class = "NSMenuItem"; title = "New Pixel Layer"; ObjectID = "A5T-yU-cZR"; */
< "A5T-yU-cZR.title" = "New Pixel Layer";
---
> /* Class = "NSMenuItem"; title = "신규 픽셀 레이어"; ObjectID = "A5T-yU-cZR"; */
> "A5T-yU-cZR.title" = "신규 픽셀 레이어";
545,546c545,546
< /* Class = "NSMenuItem"; title = "Reapply Base Styles"; ObjectID = "AVQ-lj-f4d"; */
< "AVQ-lj-f4d.title" = "Reapply Base Styles";
---
> /* Class = "NSMenuItem"; title = "기본 스타일 다시 적용"; ObjectID = "AVQ-lj-f4d"; */
> "AVQ-lj-f4d.title" = "기본 스타일 다시 적용";
548,549c548,549
< /* Class = "NSMenuItem"; title = "Clip to Canvas"; ObjectID = "An6-fu-Y1p"; */
< "An6-fu-Y1p.title" = "Clip to Canvas";
---
> /* Class = "NSMenuItem"; title = "캔버스에 클립"; ObjectID = "An6-fu-Y1p"; */
> "An6-fu-Y1p.title" = "캔버스에 클립";
551,552c551,552
< /* Class = "NSMenuItem"; title = "Delete Paragraph Style"; ObjectID = "B7B-su-xmv"; */
< "B7B-su-xmv.title" = "Delete Paragraph Style";
---
> /* Class = "NSMenuItem"; title = "문단 스타일 지우기"; ObjectID = "B7B-su-xmv"; */
> "B7B-su-xmv.title" = "문단 스타일 지우기";
560,561c560,561
< /* Class = "NSMenuItem"; title = "Frame Text"; ObjectID = "Ble-xh-JDc"; */
< "Ble-xh-JDc.title" = "Frame Text";
---
> /* Class = "NSMenuItem"; title = "액자 텍스트"; ObjectID = "Ble-xh-JDc"; */
> "Ble-xh-JDc.title" = "액자 텍스트";
563,564c563,564
< /* Class = "NSMenuItem"; title = "Insertion"; ObjectID = "Bpk-Xm-rEK"; */
< "Bpk-Xm-rEK.title" = "Insertion";
---
> /* Class = "NSMenuItem"; title = "삽입"; ObjectID = "Bpk-Xm-rEK"; */
> "Bpk-Xm-rEK.title" = "삽입";
566,567c566,567
< /* Class = "NSMenuItem"; title = "Lock Guides"; ObjectID = "CNR-fc-huC"; */
< "CNR-fc-huC.title" = "Lock Guides";
---
> /* Class = "NSMenuItem"; title = "안내선 잠금"; ObjectID = "CNR-fc-huC"; */
> "CNR-fc-huC.title" = "안내선 잠금";
572,573c572,573
< /* Class = "NSMenuItem"; title = "Check Spelling"; ObjectID = "CTb-NC-gUj"; */
< "CTb-NC-gUj.title" = "Check Spelling";
---
> /* Class = "NSMenuItem"; title = "철자 확인"; ObjectID = "CTb-NC-gUj"; */
> "CTb-NC-gUj.title" = "철자 확인";
575,576c575,576
< /* Class = "NSMenuItem"; title = "Split View"; ObjectID = "CfD-Er-w2q"; */
< "CfD-Er-w2q.title" = "Split View";
---
> /* Class = "NSMenuItem"; title = "분할 뷰 모드"; ObjectID = "CfD-Er-w2q"; */
> "CfD-Er-w2q.title" = "분할 뷰 모드";
578,579c578,579
< /* Class = "NSMenuItem"; title = "Top"; ObjectID = "Crq-Tz-Jvc"; */
< "Crq-Tz-Jvc.title" = "Top";
---
> /* Class = "NSMenuItem"; title = "위쪽"; ObjectID = "Crq-Tz-Jvc"; */
> "Crq-Tz-Jvc.title" = "위쪽";
581,582c581,582
< /* Class = "NSMenuItem"; title = "Default"; ObjectID = "CvI-D0-ERa"; */
< "CvI-D0-ERa.title" = "Default";
---
> /* Class = "NSMenuItem"; title = "기본값"; ObjectID = "CvI-D0-ERa"; */
> "CvI-D0-ERa.title" = "기본값";
584,585c584,585
< /* Class = "NSMenu"; title = "Select"; ObjectID = "D2v-ID-xc2"; */
< "D2v-ID-xc2.title" = "Select";
---
> /* Class = "NSMenu"; title = "선택"; ObjectID = "D2v-ID-xc2"; */
> "D2v-ID-xc2.title" = "선택";
590,591c590,591
< /* Class = "NSMenuItem"; title = "Release Compound"; ObjectID = "DEg-VF-zkA"; */
< "DEg-VF-zkA.title" = "Release Compound";
---
> /* Class = "NSMenuItem"; title = "결합 해제"; ObjectID = "DEg-VF-zkA"; */
> "DEg-VF-zkA.title" = "결합 해제";
593,594c593,594
< /* Class = "NSMenu"; title = "Select Object"; ObjectID = "DQu-pg-wSH"; */
< "DQu-pg-wSH.title" = "Select Object";
---
> /* Class = "NSMenu"; title = "오브젝트 선택"; ObjectID = "DQu-pg-wSH"; */
> "DQu-pg-wSH.title" = "오브젝트 선택";
596,600c596,597
< /* Class = "NSMenuItem"; title = "Text Wrap"; ObjectID = "Deb-5h-lTl"; */
< "Deb-5h-lTl.title" = "Text Wrap";
< 
< /* Class = "NSMenuItem"; title = "Select Previous"; ObjectID = "Dfj-0Q-5ey"; */
< "Dfj-0Q-5ey.title" = "Select Previous";
---
> /* Class = "NSMenuItem"; title = "줄바꿈"; ObjectID = "Deb-5h-lTl"; */
> "Deb-5h-lTl.title" = "줄바꿈";
602,603c599,600
< /* Class = "NSMenu"; title = "Arrange"; ObjectID = "DiQ-1J-IMB"; */
< "DiQ-1J-IMB.title" = "Arrange";
---
> /* Class = "NSMenuItem"; title = "이전 항목 선택"; ObjectID = "Dfj-0Q-5ey"; */
> "Dfj-0Q-5ey.title" = "이전 항목 선택";
604a602,604
> /* Class = "NSMenu"; title = "순서"; ObjectID = "DiQ-1J-IMB"; */
> "DiQ-1J-IMB.title" = "순서";
> 
608,609c608,609
< /* Class = "NSMenu"; title = "Insertion"; ObjectID = "EBM-9c-AS6"; */
< "EBM-9c-AS6.title" = "Insertion";
---
> /* Class = "NSMenu"; title = "삽입"; ObjectID = "EBM-9c-AS6"; */
> "EBM-9c-AS6.title" = "삽입";
611,612c611,612
< /* Class = "NSMenuItem"; title = "Space Horizontally"; ObjectID = "EbZ-iH-4tu"; */
< "EbZ-iH-4tu.title" = "Space Horizontally";
---
> /* Class = "NSMenuItem"; title = "가로 공백"; ObjectID = "EbZ-iH-4tu"; */
> "EbZ-iH-4tu.title" = "가로 공백";
617,618c617,618
< /* Class = "NSMenuItem"; title = "Inside"; ObjectID = "F5b-Qs-TxU"; */
< "F5b-Qs-TxU.title" = "Inside";
---
> /* Class = "NSMenuItem"; title = "안으로"; ObjectID = "F5b-Qs-TxU"; */
> "F5b-Qs-TxU.title" = "안으로";
620,621c620,621
< /* Class = "NSMenuItem"; title = "Zoom"; ObjectID = "Fcg-OK-m5D"; */
< "Fcg-OK-m5D.title" = "Zoom";
---
> /* Class = "NSMenuItem"; title = "맞추기"; ObjectID = "Fcg-OK-m5D"; */
> "Fcg-OK-m5D.title" = "맞추기";
629,630c629,630
< /* Class = "NSMenuItem"; title = "Justify Left"; ObjectID = "GMY-ne-IEz"; */
< "GMY-ne-IEz.title" = "Justify Left";
---
> /* Class = "NSMenuItem"; title = "왼쪽 균등 정렬"; ObjectID = "GMY-ne-IEz"; */
> "GMY-ne-IEz.title" = "왼쪽 균등 정렬";
632,633c632,633
< /* Class = "NSMenuItem"; title = "Detach and Delete All Styles"; ObjectID = "Gc7-1c-IPY"; */
< "Gc7-1c-IPY.title" = "Detach and Delete All Styles";
---
> /* Class = "NSMenuItem"; title = "모든 스타일 벗기고 지우기"; ObjectID = "Gc7-1c-IPY"; */
> "Gc7-1c-IPY.title" = "모든 스타일 벗기고 지우기";
635,636c635,636
< /* Class = "NSMenuItem"; title = "Layer"; ObjectID = "Gfb-Y7-eoF"; */
< "Gfb-Y7-eoF.title" = "Layer";
---
> /* Class = "NSMenuItem"; title = "레이어"; ObjectID = "Gfb-Y7-eoF"; */
> "Gfb-Y7-eoF.title" = "레이어";
638,639c638,639
< /* Class = "NSMenuItem"; title = "En Dash"; ObjectID = "HAT-In-9Up"; */
< "HAT-In-9Up.title" = "En Dash";
---
> /* Class = "NSMenuItem"; title = "반각 줄표"; ObjectID = "HAT-In-9Up"; */
> "HAT-In-9Up.title" = "반각 줄표";
641,642c641,642
< /* Class = "NSMenuItem"; title = "Export as Template…"; ObjectID = "HWg-sJ-H8l"; */
< "HWg-sJ-H8l.title" = "Export as Template…";
---
> /* Class = "NSMenuItem"; title = "템플릿으로 내보내기…"; ObjectID = "HWg-sJ-H8l"; */
> "HWg-sJ-H8l.title" = "템플릿으로 내보내기…";
644,645c644,645
< /* Class = "NSMenu"; title = "Paragraph Leading"; ObjectID = "HdA-fP-H3D"; */
< "HdA-fP-H3D.title" = "Paragraph Leading";
---
> /* Class = "NSMenu"; title = "줄 간격"; ObjectID = "HdA-fP-H3D"; */
> "HdA-fP-H3D.title" = "줄 간격";
647c647
< /* Class = "NSMenuItem"; title = "Stroke Colour"; ObjectID = "HgB-ps-CKb"; */
---
> /* Class = "NSMenuItem"; title = "선 색상"; ObjectID = "HgB-ps-CKb"; */
650,651c650,651
< /* Class = "NSMenu"; title = "Geometry"; ObjectID = "HuU-Hn-ZOl"; */
< "HuU-Hn-ZOl.title" = "Geometry";
---
> /* Class = "NSMenu"; title = "기하"; ObjectID = "HuU-Hn-ZOl"; */
> "HuU-Hn-ZOl.title" = "기하";
653,654c653,654
< /* Class = "NSMenuItem"; title = "Select Object"; ObjectID = "Ikm-qI-xr4"; */
< "Ikm-qI-xr4.title" = "Select Object";
---
> /* Class = "NSMenuItem"; title = "오브젝트 선택"; ObjectID = "Ikm-qI-xr4"; */
> "Ikm-qI-xr4.title" = "오브젝트 선택";
656,657c656,657
< /* Class = "NSMenuItem"; title = "Decrease"; ObjectID = "Ite-wP-CRS"; */
< "Ite-wP-CRS.title" = "Decrease";
---
> /* Class = "NSMenuItem"; title = "줄이기"; ObjectID = "Ite-wP-CRS"; */
> "Ite-wP-CRS.title" = "줄이기";
659,660c659,660
< /* Class = "NSMenuItem"; title = "Intersect"; ObjectID = "JFh-gc-Rav"; */
< "JFh-gc-Rav.title" = "Intersect";
---
> /* Class = "NSMenuItem"; title = "교차"; ObjectID = "JFh-gc-Rav"; */
> "JFh-gc-Rav.title" = "교차";
665,666c665,666
< /* Class = "NSMenuItem"; title = "Select"; ObjectID = "JjC-RP-On1"; */
< "JjC-RP-On1.title" = "Select";
---
> /* Class = "NSMenuItem"; title = "선택"; ObjectID = "JjC-RP-On1"; */
> "JjC-RP-On1.title" = "선택";
668,669c668,669
< /* Class = "NSMenuItem"; title = "Import Text Styles…"; ObjectID = "JmB-re-qgo"; */
< "JmB-re-qgo.title" = "Import Text Styles…";
---
> /* Class = "NSMenuItem"; title = "텍스트 스타일 들여오기…"; ObjectID = "JmB-re-qgo"; */
> "JmB-re-qgo.title" = "텍스트 스타일 들여오기…";
671,672c671,672
< /* Class = "NSMenuItem"; title = "Artboards"; ObjectID = "JpD-gZ-8Rh"; */
< "JpD-gZ-8Rh.title" = "Artboards";
---
> /* Class = "NSMenuItem"; title = "아트보드"; ObjectID = "JpD-gZ-8Rh"; */
> "JpD-gZ-8Rh.title" = "아트보드";
674,675c674,675
< /* Class = "NSMenuItem"; title = "Move to Front"; ObjectID = "K9S-F2-SAt"; */
< "K9S-F2-SAt.title" = "Move to Front";
---
> /* Class = "NSMenuItem"; title = "맨 앞으로 가져오기"; ObjectID = "K9S-F2-SAt"; */
> "K9S-F2-SAt.title" = "맨 앞으로 가져오기";
677,678c677,678
< /* Class = "NSMenuItem"; title = "Rotate Right"; ObjectID = "KoK-K1-FV0"; */
< "KoK-K1-FV0.title" = "Rotate Right";
---
> /* Class = "NSMenuItem"; title = "오른쪽으로 회전"; ObjectID = "KoK-K1-FV0"; */
> "KoK-K1-FV0.title" = "오른쪽으로 회전";
680,681c680,681
< /* Class = "NSMenuItem"; title = "New Layer"; ObjectID = "Kss-By-7ox"; */
< "Kss-By-7ox.title" = "New Layer";
---
> /* Class = "NSMenuItem"; title = "신규 레이어"; ObjectID = "Kss-By-7ox"; */
> "Kss-By-7ox.title" = "신규 레이어";
686,687c686,687
< /* Class = "NSMenuItem"; title = "Rotate Left"; ObjectID = "L78-oO-bVh"; */
< "L78-oO-bVh.title" = "Rotate Left";
---
> /* Class = "NSMenuItem"; title = "왼쪽으로 회전"; ObjectID = "L78-oO-bVh"; */
> "L78-oO-bVh.title" = "왼쪽으로 회전";
689,690c689,690
< /* Class = "NSMenuItem"; title = "Show"; ObjectID = "LDo-1g-Kye"; */
< "LDo-1g-Kye.title" = "Show";
---
> /* Class = "NSMenuItem"; title = "보기"; ObjectID = "LDo-1g-Kye"; */
> "LDo-1g-Kye.title" = "보기";
692,693c692,693
< /* Class = "NSMenuItem"; title = "Name"; ObjectID = "LG2-Vy-mDL"; */
< "LG2-Vy-mDL.title" = "Name";
---
> /* Class = "NSMenuItem"; title = "이름"; ObjectID = "LG2-Vy-mDL"; */
> "LG2-Vy-mDL.title" = "이름";
704,705c704,705
< /* Class = "NSMenuItem"; title = "Hide Studio"; ObjectID = "Lj6-oc-PhE"; */
< "Lj6-oc-PhE.title" = "Hide Studio";
---
> /* Class = "NSMenuItem"; title = "작업실 가리기"; ObjectID = "Lj6-oc-PhE"; */
> "Lj6-oc-PhE.title" = "작업실 가리기";
707,708c707,708
< /* Class = "NSMenuItem"; title = "Photo Persona"; ObjectID = "LjP-sQ-hPg"; */
< "LjP-sQ-hPg.title" = "Photo Persona";
---
> /* Class = "NSMenuItem"; title = "사진 페르소나"; ObjectID = "LjP-sQ-hPg"; */
> "LjP-sQ-hPg.title" = "사진 페르소나";
710,711c710,711
< /* Class = "NSMenuItem"; title = "Mesh"; ObjectID = "LrI-M7-J3t"; */
< "LrI-M7-J3t.title" = "Mesh";
---
> /* Class = "NSMenuItem"; title = "그물"; ObjectID = "LrI-M7-J3t"; */
> "LrI-M7-J3t.title" = "그물";
713,714c713,714
< /* Class = "NSMenuItem"; title = "Geometry"; ObjectID = "LyZ-It-qgA"; */
< "LyZ-It-qgA.title" = "Geometry";
---
> /* Class = "NSMenuItem"; title = "기하"; ObjectID = "LyZ-It-qgA"; */
> "LyZ-It-qgA.title" = "기하";
716,717c716,717
< /* Class = "NSMenuItem"; title = "Constrained Objects"; ObjectID = "MIw-A1-LZ3"; */
< "MIw-A1-LZ3.title" = "Constrained Objects";
---
> /* Class = "NSMenuItem"; title = "제약받는 오브젝트"; ObjectID = "MIw-A1-LZ3"; */
> "MIw-A1-LZ3.title" = "제약받는 오브젝트";
719,720c719,720
< /* Class = "NSMenuItem"; title = "None"; ObjectID = "MPh-xh-zNq"; */
< "MPh-xh-zNq.title" = "None";
---
> /* Class = "NSMenuItem"; title = "없음"; ObjectID = "MPh-xh-zNq"; */
> "MPh-xh-zNq.title" = "없음";
722,723c722,723
< /* Class = "NSMenuItem"; title = "Undashed Objects"; ObjectID = "MZn-yx-s0R"; */
< "MZn-yx-s0R.title" = "Undashed Objects";
---
> /* Class = "NSMenuItem"; title = "점선 없는 오브젝트"; ObjectID = "MZn-yx-s0R"; */
> "MZn-yx-s0R.title" = "점선 없는 오브젝트";
725,726c725,726
< /* Class = "NSMenuItem"; title = "Space Vertically"; ObjectID = "NLI-fE-Ayx"; */
< "NLI-fE-Ayx.title" = "Space Vertically";
---
> /* Class = "NSMenuItem"; title = "세로 공백"; ObjectID = "NLI-fE-Ayx"; */
> "NLI-fE-Ayx.title" = "세로 공백";
734,735c734,735
< /* Class = "NSMenuItem"; title = "Create Character Style"; ObjectID = "NYG-YC-JLd"; */
< "NYG-YC-JLd.title" = "Create Character Style";
---
> /* Class = "NSMenuItem"; title = "문자 스타일 생성"; ObjectID = "NYG-YC-JLd"; */
> "NYG-YC-JLd.title" = "문자 스타일 생성";
737,738c737,738
< /* Class = "NSMenuItem"; title = "Tighten More"; ObjectID = "Oll-Tu-Xib"; */
< "Oll-Tu-Xib.title" = "Tighten More";
---
> /* Class = "NSMenuItem"; title = "더욱 좁게"; ObjectID = "Oll-Tu-Xib"; */
> "Oll-Tu-Xib.title" = "더욱 좁게";
740,741c740,741
< /* Class = "NSMenuItem"; title = "Align Right"; ObjectID = "P3r-1H-plh"; */
< "P3r-1H-plh.title" = "Align Right";
---
> /* Class = "NSMenuItem"; title = "오른쪽 정렬"; ObjectID = "P3r-1H-plh"; */
> "P3r-1H-plh.title" = "오른쪽 정렬";
746,747c746,747
< /* Class = "NSMenuItem"; title = "Single View"; ObjectID = "PHF-sc-jzi"; */
< "PHF-sc-jzi.title" = "Single View";
---
> /* Class = "NSMenuItem"; title = "단일 뷰 모드"; ObjectID = "PHF-sc-jzi"; */
> "PHF-sc-jzi.title" = "단일 뷰 모드";
749,750c749,750
< /* Class = "NSMenuItem"; title = "Divide"; ObjectID = "PPW-Zn-dZ9"; */
< "PPW-Zn-dZ9.title" = "Divide";
---
> /* Class = "NSMenuItem"; title = "분할"; ObjectID = "PPW-Zn-dZ9"; */
> "PPW-Zn-dZ9.title" = "분할";
755,756c755,756
< /* Class = "NSMenuItem"; title = "Arrange"; ObjectID = "Pdf-BG-vv1"; */
< "Pdf-BG-vv1.title" = "Arrange";
---
> /* Class = "NSMenuItem"; title = "순서"; ObjectID = "Pdf-BG-vv1"; */
> "Pdf-BG-vv1.title" = "순서";
758,759c758,759
< /* Class = "NSMenuItem"; title = "Revert"; ObjectID = "Q7Q-BH-2nH"; */
< "Q7Q-BH-2nH.title" = "Revert";
---
> /* Class = "NSMenuItem"; title = "되돌리기"; ObjectID = "Q7Q-BH-2nH"; */
> "Q7Q-BH-2nH.title" = "되돌리기";
761,762c761,762
< /* Class = "NSMenuItem"; title = "Pixel Persona"; ObjectID = "QAM-Fe-5UN"; */
< "QAM-Fe-5UN.title" = "Pixel Persona";
---
> /* Class = "NSMenuItem"; title = "픽셀 페르소나"; ObjectID = "QAM-Fe-5UN"; */
> "QAM-Fe-5UN.title" = "픽셀 페르소나";
764,765c764,765
< /* Class = "NSMenuItem"; title = "Precise Lower Baseline"; ObjectID = "QsI-a3-XdF"; */
< "QsI-a3-XdF.title" = "Precise Lower Baseline";
---
> /* Class = "NSMenuItem"; title = "기준선 조금씩 낮추기"; ObjectID = "QsI-a3-XdF"; */
> "QsI-a3-XdF.title" = "기준선 조금씩 낮추기";
767,768c767,768
< /* Class = "NSMenuItem"; title = "Align Bottom"; ObjectID = "RBt-gf-Am1"; */
< "RBt-gf-Am1.title" = "Align Bottom";
---
> /* Class = "NSMenuItem"; title = "아래쪽 정렬"; ObjectID = "RBt-gf-Am1"; */
> "RBt-gf-Am1.title" = "아래쪽 정렬";
770,771c770,771
< /* Class = "NSMenuItem"; title = "Update Paragraph Style"; ObjectID = "REy-uC-1gq"; */
< "REy-uC-1gq.title" = "Update Paragraph Style";
---
> /* Class = "NSMenuItem"; title = "문단 스타일 업데이트"; ObjectID = "REy-uC-1gq"; */
> "REy-uC-1gq.title" = "문단 스타일 업데이트";
776,777c776,777
< /* Class = "NSMenuItem"; title = "Images"; ObjectID = "RQ7-0O-s0j"; */
< "RQ7-0O-s0j.title" = "Images";
---
> /* Class = "NSMenuItem"; title = "이미지"; ObjectID = "RQ7-0O-s0j"; */
> "RQ7-0O-s0j.title" = "이미지";
782,783c782,783
< /* Class = "NSMenuItem"; title = "Vertical Alignment"; ObjectID = "Rgl-aj-iJ1"; */
< "Rgl-aj-iJ1.title" = "Vertical Alignment";
---
> /* Class = "NSMenuItem"; title = "세로 정렬"; ObjectID = "Rgl-aj-iJ1"; */
> "Rgl-aj-iJ1.title" = "세로 정렬";
794,795c794,795
< /* Class = "NSMenuItem"; title = "Intersect (Compound)"; ObjectID = "SPJ-mB-QtS"; */
< "SPJ-mB-QtS.title" = "Intersect (Compound)";
---
> /* Class = "NSMenuItem"; title = "교차 (결합)"; ObjectID = "SPJ-mB-QtS"; */
> "SPJ-mB-QtS.title" = "교차 (결합)";
800,801c800,801
< /* Class = "NSMenuItem"; title = "Zoom to Width"; ObjectID = "Shc-p4-Cjj"; */
< "Shc-p4-Cjj.title" = "Zoom to Width";
---
> /* Class = "NSMenuItem"; title = "화면 너비에 맞추기"; ObjectID = "Shc-p4-Cjj"; */
> "Shc-p4-Cjj.title" = "화면 너비에 맞추기";
803,804c803,804
< /* Class = "NSMenuItem"; title = "Opaque Objects"; ObjectID = "Snu-Lp-OX8"; */
< "Snu-Lp-OX8.title" = "Opaque Objects";
---
> /* Class = "NSMenuItem"; title = "불투명 오브젝트"; ObjectID = "Snu-Lp-OX8"; */
> "Snu-Lp-OX8.title" = "불투명 오브젝트";
812,813c812,813
< /* Class = "NSMenuItem"; title = "Reset Studio"; ObjectID = "T5D-a2-SS7"; */
< "T5D-a2-SS7.title" = "Reset Studio";
---
> /* Class = "NSMenuItem"; title = "작업실 재설정"; ObjectID = "T5D-a2-SS7"; */
> "T5D-a2-SS7.title" = "작업실 재설정";
818,819c818,819
< /* Class = "NSMenuItem"; title = "Raise Baseline"; ObjectID = "TPM-Bu-G1n"; */
< "TPM-Bu-G1n.title" = "Raise Baseline";
---
> /* Class = "NSMenuItem"; title = "기준선 올리기"; ObjectID = "TPM-Bu-G1n"; */
> "TPM-Bu-G1n.title" = "기준선 올리기";
827,828c827,828
< /* Class = "NSMenuItem"; title = "Shapes"; ObjectID = "Ulj-Mn-Oyg"; */
< "Ulj-Mn-Oyg.title" = "Shapes";
---
> /* Class = "NSMenuItem"; title = "모양"; ObjectID = "Ulj-Mn-Oyg"; */
> "Ulj-Mn-Oyg.title" = "모양";
830,831c830,831
< /* Class = "NSMenu"; title = "Share"; ObjectID = "VM8-Tz-3iO"; */
< "VM8-Tz-3iO.title" = "Share";
---
> /* Class = "NSMenu"; title = "공유"; ObjectID = "VM8-Tz-3iO"; */
> "VM8-Tz-3iO.title" = "공유";
833,834c833,834
< /* Class = "NSMenuItem"; title = "Precise Smaller"; ObjectID = "VQj-RS-qy7"; */
< "VQj-RS-qy7.title" = "Precise Smaller";
---
> /* Class = "NSMenuItem"; title = "조금씩 작게"; ObjectID = "VQj-RS-qy7"; */
> "VQj-RS-qy7.title" = "조금씩 작게";
836,837c836,837
< /* Class = "NSMenuItem"; title = "Set No Character Style"; ObjectID = "VRS-AG-xkz"; */
< "VRS-AG-xkz.title" = "Set No Character Style";
---
> /* Class = "NSMenuItem"; title = "문자 스타일 벗기기"; ObjectID = "VRS-AG-xkz"; */
> "VRS-AG-xkz.title" = "문자 스타일 벗기기";
842,843c842,843
< /* Class = "NSMenuItem"; title = "Invert Pixel Selection"; ObjectID = "VmM-8g-VbQ"; */
< "VmM-8g-VbQ.title" = "Invert Pixel Selection";
---
> /* Class = "NSMenuItem"; title = "픽셀 선택 항목 반전"; ObjectID = "VmM-8g-VbQ"; */
> "VmM-8g-VbQ.title" = "픽셀 선택 항목 반전";
845,846c845,846
< /* Class = "NSMenuItem"; title = "Closed Curves"; ObjectID = "Vql-C1-zUW"; */
< "Vql-C1-zUW.title" = "Closed Curves";
---
> /* Class = "NSMenuItem"; title = "닫힌 곡선"; ObjectID = "Vql-C1-zUW"; */
> "Vql-C1-zUW.title" = "닫힌 곡선";
851,852c851,852
< /* Class = "NSMenuItem"; title = "Rotate Right"; ObjectID = "WDl-dG-mYt"; */
< "WDl-dG-mYt.title" = "Rotate Right";
---
> /* Class = "NSMenuItem"; title = "오른쪽으로 회전"; ObjectID = "WDl-dG-mYt"; */
> "WDl-dG-mYt.title" = "오른쪽으로 회전";
857,858c857,858
< /* Class = "NSMenuItem"; title = "Bigger"; ObjectID = "Wxr-K3-Xb3"; */
< "Wxr-K3-Xb3.title" = "Bigger";
---
> /* Class = "NSMenuItem"; title = "크게"; ObjectID = "Wxr-K3-Xb3"; */
> "Wxr-K3-Xb3.title" = "크게";
860,861c860,861
< /* Class = "NSMenuItem"; title = "Groups"; ObjectID = "X9V-N1-aE0"; */
< "X9V-N1-aE0.title" = "Groups";
---
> /* Class = "NSMenuItem"; title = "그룹"; ObjectID = "X9V-N1-aE0"; */
> "X9V-N1-aE0.title" = "그룹";
863,864c863,864
< /* Class = "NSMenuItem"; title = "Export Persona"; ObjectID = "Xee-W0-2Tr"; */
< "Xee-W0-2Tr.title" = "Export Persona";
---
> /* Class = "NSMenuItem"; title = "내보내기 페르소나"; ObjectID = "Xee-W0-2Tr"; */
> "Xee-W0-2Tr.title" = "내보내기 페르소나";
866c866
< /* Class = "NSMenuItem"; title = "Apple Colour Picker..."; ObjectID = "Xem-8c-abs"; */
---
> /* Class = "NSMenuItem"; title = "Apple 색상 선택기..."; ObjectID = "Xem-8c-abs"; */
869,870c869,870
< /* Class = "NSMenuItem"; title = "Hide Others"; ObjectID = "Xnq-Dr-A25"; */
< "Xnq-Dr-A25.title" = "Hide Others";
---
> /* Class = "NSMenuItem"; title = "기타 가리기"; ObjectID = "Xnq-Dr-A25"; */
> "Xnq-Dr-A25.title" = "기타 가리기";
875,876c875,876
< /* Class = "NSMenuItem"; title = "Transparent Objects"; ObjectID = "YBk-ac-ZfK"; */
< "YBk-ac-ZfK.title" = "Transparent Objects";
---
> /* Class = "NSMenuItem"; title = "투명 오브젝트"; ObjectID = "YBk-ac-ZfK"; */
> "YBk-ac-ZfK.title" = "투명 오브젝트";
878,879c878,879
< /* Class = "NSMenu"; title = "Transform"; ObjectID = "Ydf-xe-VEc"; */
< "Ydf-xe-VEc.title" = "Transform";
---
> /* Class = "NSMenu"; title = "변형"; ObjectID = "Ydf-xe-VEc"; */
> "Ydf-xe-VEc.title" = "변형";
884,885c884,885
< /* Class = "NSMenuItem"; title = "Toggle UI"; ObjectID = "YtA-uY-CIR"; */
< "YtA-uY-CIR.title" = "Toggle UI";
---
> /* Class = "NSMenuItem"; title = "UI 가리기"; ObjectID = "YtA-uY-CIR"; */
> "YtA-uY-CIR.title" = "UI 가리기";
887,888c887,888
< /* Class = "NSMenuItem"; title = "Edit in Publisher…"; ObjectID = "ZRj-rc-TaP"; */
< "ZRj-rc-TaP.title" = "Edit in Publisher…";
---
> /* Class = "NSMenuItem"; title = "Publisher에서 편집…"; ObjectID = "ZRj-rc-TaP"; */
> "ZRj-rc-TaP.title" = "Publisher에서 편집…";
890,891c890,891
< /* Class = "NSMenuItem"; title = "Justify"; ObjectID = "ZZg-bf-a2h"; */
< "ZZg-bf-a2h.title" = "Justify";
---
> /* Class = "NSMenuItem"; title = "맞춤"; ObjectID = "ZZg-bf-a2h"; */
> "ZZg-bf-a2h.title" = "맞춤";
896,897c896,897
< /* Class = "NSMenuItem"; title = "Reapply Text Styles"; ObjectID = "aKF-Bo-uSE"; */
< "aKF-Bo-uSE.title" = "Reapply Text Styles";
---
> /* Class = "NSMenuItem"; title = "텍스트 스타일 다시 적용"; ObjectID = "aKF-Bo-uSE"; */
> "aKF-Bo-uSE.title" = "텍스트 스타일 다시 적용";
899,900c899,900
< /* Class = "NSMenuItem"; title = "Studio"; ObjectID = "aRg-Mr-7xd"; */
< "aRg-Mr-7xd.title" = "Studio";
---
> /* Class = "NSMenuItem"; title = "작업실"; ObjectID = "aRg-Mr-7xd"; */
> "aRg-Mr-7xd.title" = "작업실";
902,903c902,903
< /* Class = "NSMenuItem"; title = "Curves"; ObjectID = "aSV-Y9-3AP"; */
< "aSV-Y9-3AP.title" = "Curves";
---
> /* Class = "NSMenuItem"; title = "곡선"; ObjectID = "aSV-Y9-3AP"; */
> "aSV-Y9-3AP.title" = "곡선";
914,915c914,915
< /* Class = "NSMenuItem"; title = "Distribute Vertically"; ObjectID = "awr-i5-fcw"; */
< "awr-i5-fcw.title" = "Distribute Vertically";
---
> /* Class = "NSMenuItem"; title = "세로 분배"; ObjectID = "awr-i5-fcw"; */
> "awr-i5-fcw.title" = "세로 분배";
917,918c917,918
< /* Class = "NSMenuItem"; title = "Reveal in Finder"; ObjectID = "ays-zs-F3b"; */
< "ays-zs-F3b.title" = "Reveal in Finder";
---
> /* Class = "NSMenuItem"; title = "Finder에서 찾기"; ObjectID = "ays-zs-F3b"; */
> "ays-zs-F3b.title" = "Finder에서 찾기";
923,924c923,924
< /* Class = "NSMenuItem"; title = "Move to Next View Point"; ObjectID = "bbH-KR-aQE"; */
< "bbH-KR-aQE.title" = "Move to Next View Point";
---
> /* Class = "NSMenuItem"; title = "다음 뷰 포인트로 이동"; ObjectID = "bbH-KR-aQE"; */
> "bbH-KR-aQE.title" = "다음 뷰 포인트로 이동";
929,930c929,930
< /* Class = "NSMenuItem"; title = "Invert"; ObjectID = "bsJ-It-5zZ"; */
< "bsJ-It-5zZ.title" = "Invert";
---
> /* Class = "NSMenuItem"; title = "반전"; ObjectID = "bsJ-It-5zZ"; */
> "bsJ-It-5zZ.title" = "반전";
932,933c932,933
< /* Class = "NSMenuItem"; title = "Save"; ObjectID = "bvT-3L-fX5"; */
< "bvT-3L-fX5.title" = "Save";
---
> /* Class = "NSMenuItem"; title = "저장"; ObjectID = "bvT-3L-fX5"; */
> "bvT-3L-fX5.title" = "저장";
935,936c935,936
< /* Class = "NSMenuItem"; title = "Increase"; ObjectID = "bzi-jw-WXn"; */
< "bzi-jw-WXn.title" = "Increase";
---
> /* Class = "NSMenuItem"; title = "늘리기"; ObjectID = "bzi-jw-WXn"; */
> "bzi-jw-WXn.title" = "늘리기";
941,942c941,942
< /* Class = "NSMenuItem"; title = "Show Right Studio"; ObjectID = "cGc-Nf-hdS"; */
< "cGc-Nf-hdS.title" = "Show Right Studio";
---
> /* Class = "NSMenuItem"; title = "오른쪽 작업실 보기"; ObjectID = "cGc-Nf-hdS"; */
> "cGc-Nf-hdS.title" = "오른쪽 작업실 보기";
944,945c944,945
< /* Class = "NSMenuItem"; title = "Filled Objects"; ObjectID = "cPV-z6-sIE"; */
< "cPV-z6-sIE.title" = "Filled Objects";
---
> /* Class = "NSMenuItem"; title = "칠이 있는 오브젝트"; ObjectID = "cPV-z6-sIE"; */
> "cPV-z6-sIE.title" = "칠이 있는 오브젝트";
950,951c950,951
< /* Class = "NSMenuItem"; title = "Show All"; ObjectID = "ckN-4d-7vs"; */
< "ckN-4d-7vs.title" = "Show All";
---
> /* Class = "NSMenuItem"; title = "모두 보기"; ObjectID = "ckN-4d-7vs"; */
> "ckN-4d-7vs.title" = "모두 보기";
959,960c959,960
< /* Class = "NSMenuItem"; title = "Promote Group to Layer"; ObjectID = "csY-5B-aHc"; */
< "csY-5B-aHc.title" = "Promote Group to Layer";
---
> /* Class = "NSMenuItem"; title = "그룹을 레이어로 승격"; ObjectID = "csY-5B-aHc"; */
> "csY-5B-aHc.title" = "그룹을 레이어로 승격";
965,966c965,966
< /* Class = "NSMenuItem"; title = "Export…"; ObjectID = "dEY-gX-uJE"; */
< "dEY-gX-uJE.title" = "Export…";
---
> /* Class = "NSMenuItem"; title = "내보내기…"; ObjectID = "dEY-gX-uJE"; */
> "dEY-gX-uJE.title" = "내보내기…";
968,969c968,969
< /* Class = "NSMenuItem"; title = "Manage Studio Presets…"; ObjectID = "dFb-fJ-aap"; */
< "dFb-fJ-aap.title" = "Manage Studio Presets…";
---
> /* Class = "NSMenuItem"; title = "작업실 미리 설정 관리…"; ObjectID = "dFb-fJ-aap"; */
> "dFb-fJ-aap.title" = "작업실 미리 설정 관리…";
974,975c974,975
< /* Class = "NSMenuItem"; title = "Precise Raise Baseline"; ObjectID = "dab-jI-Bnl"; */
< "dab-jI-Bnl.title" = "Precise Raise Baseline";
---
> /* Class = "NSMenuItem"; title = "기준선 조금씩 올리기"; ObjectID = "dab-jI-Bnl"; */
> "dab-jI-Bnl.title" = "기준선 조금씩 올리기";
977,978c977,978
< /* Class = "NSMenuItem"; title = "Stroke Weight"; ObjectID = "dc0-Nt-74U"; */
< "dc0-Nt-74U.title" = "Stroke Weight";
---
> /* Class = "NSMenuItem"; title = "선 두께"; ObjectID = "dc0-Nt-74U"; */
> "dc0-Nt-74U.title" = "선 두께";
980,981c980,981
< /* Class = "NSMenu"; title = "Defaults"; ObjectID = "dzx-WR-H4b"; */
< "dzx-WR-H4b.title" = "Defaults";
---
> /* Class = "NSMenu"; title = "기본값"; ObjectID = "dzx-WR-H4b"; */
> "dzx-WR-H4b.title" = "기본값";
983,984c983,984
< /* Class = "NSMenuItem"; title = "Convert Object to Artboard"; ObjectID = "e2t-Rh-Wi3"; */
< "e2t-Rh-Wi3.title" = "Convert Object to Artboard";
---
> /* Class = "NSMenuItem"; title = "오브젝트를 아트보드로 전환"; ObjectID = "e2t-Rh-Wi3"; */
> "e2t-Rh-Wi3.title" = "오브젝트를 아트보드로 전환";
986,987c986,987
< /* Class = "NSMenuItem"; title = "Spelling Options…"; ObjectID = "eEe-yt-o4K"; */
< "eEe-yt-o4K.title" = "Spelling Options…";
---
> /* Class = "NSMenuItem"; title = "철자 설정…"; ObjectID = "eEe-yt-o4K"; */
> "eEe-yt-o4K.title" = "철자 설정…";
989,990c989,990
< /* Class = "NSMenuItem"; title = "Convert Artboard to Object"; ObjectID = "eHP-5e-1ZB"; */
< "eHP-5e-1ZB.title" = "Convert Artboard to Object";
---
> /* Class = "NSMenuItem"; title = "아트보드를 오브젝트로 전환"; ObjectID = "eHP-5e-1ZB"; */
> "eHP-5e-1ZB.title" = "아트보드를 오브젝트로 전환";
992,993c992,993
< /* Class = "NSMenuItem"; title = "Spelling"; ObjectID = "eRb-Wh-EQz"; */
< "eRb-Wh-EQz.title" = "Spelling";
---
> /* Class = "NSMenuItem"; title = "철자"; ObjectID = "eRb-Wh-EQz"; */
> "eRb-Wh-EQz.title" = "철자";
995,996c995,996
< /* Class = "NSMenuItem"; title = "Expand Stroke"; ObjectID = "edl-I2-Ekm"; */
< "edl-I2-Ekm.title" = "Expand Stroke";
---
> /* Class = "NSMenuItem"; title = "선 펼치기"; ObjectID = "edl-I2-Ekm"; */
> "edl-I2-Ekm.title" = "선 펼치기";
998,999c998,999
< /* Class = "NSMenuItem"; title = "Create Compound"; ObjectID = "eiL-rC-9xr"; */
< "eiL-rC-9xr.title" = "Create Compound";
---
> /* Class = "NSMenuItem"; title = "결합 생성"; ObjectID = "eiL-rC-9xr"; */
> "eiL-rC-9xr.title" = "결합 생성";
1001,1002c1001,1002
< /* Class = "NSMenu"; title = "Text Wrap"; ObjectID = "fNq-US-qXn"; */
< "fNq-US-qXn.title" = "Text Wrap";
---
> /* Class = "NSMenu"; title = "줄바꿈"; ObjectID = "fNq-US-qXn"; */
> "fNq-US-qXn.title" = "줄바꿈";
1004,1005c1004,1005
< /* Class = "NSMenuItem"; title = "Top"; ObjectID = "fVC-AI-mh5"; */
< "fVC-AI-mh5.title" = "Top";
---
> /* Class = "NSMenuItem"; title = "위쪽"; ObjectID = "fVC-AI-mh5"; */
> "fVC-AI-mh5.title" = "위쪽";
1007,1008c1007,1008
< /* Class = "NSMenuItem"; title = "Stroked Objects"; ObjectID = "fdX-a5-q2f"; */
< "fdX-a5-q2f.title" = "Stroked Objects";
---
> /* Class = "NSMenuItem"; title = "선이 있는 오브젝트"; ObjectID = "fdX-a5-q2f"; */
> "fdX-a5-q2f.title" = "선이 있는 오브젝트";
1013,1014c1013,1014
< /* Class = "NSMenuItem"; title = "Dashed Objects"; ObjectID = "fgx-MX-lXZ"; */
< "fgx-MX-lXZ.title" = "Dashed Objects";
---
> /* Class = "NSMenuItem"; title = "점선 오브젝트"; ObjectID = "fgx-MX-lXZ"; */
> "fgx-MX-lXZ.title" = "점선 오브젝트";
1016,1017c1016,1017
< /* Class = "NSMenuItem"; title = "Merge All Windows"; ObjectID = "fij-cC-LCH"; */
< "fij-cC-LCH.title" = "Merge All Windows";
---
> /* Class = "NSMenuItem"; title = "모든 윈도우 통합"; ObjectID = "fij-cC-LCH"; */
> "fij-cC-LCH.title" = "모든 윈도우 통합";
1019,1020c1019,1020
< /* Class = "NSMenuItem"; title = "Create Paragraph Style"; ObjectID = "fj4-Fp-494"; */
< "fj4-Fp-494.title" = "Create Paragraph Style";
---
> /* Class = "NSMenuItem"; title = "문단 스타일 생성"; ObjectID = "fj4-Fp-494"; */
> "fj4-Fp-494.title" = "문단 스타일 생성";
1028,1029c1028,1029
< /* Class = "NSMenuItem"; title = "Save Text Styles as Default"; ObjectID = "gZ1-YE-Xp4"; */
< "gZ1-YE-Xp4.title" = "Save Text Styles as Default";
---
> /* Class = "NSMenuItem"; title = "텍스트 스타일을 기본값으로 저장"; ObjectID = "gZ1-YE-Xp4"; */
> "gZ1-YE-Xp4.title" = "텍스트 스타일을 기본값으로 저장";
1031,1032c1031,1032
< /* Class = "NSMenuItem"; title = "Justify Right"; ObjectID = "geE-kT-j69"; */
< "geE-kT-j69.title" = "Justify Right";
---
> /* Class = "NSMenuItem"; title = "오른쪽 균등 정렬"; ObjectID = "geE-kT-j69"; */
> "geE-kT-j69.title" = "오른쪽 균등 정렬";
1040,1041c1040,1041
< /* Class = "NSMenuItem"; title = "Flip Horizontal"; ObjectID = "h2e-jb-eqj"; */
< "h2e-jb-eqj.title" = "Flip Horizontal";
---
> /* Class = "NSMenuItem"; title = "가로 뒤집기"; ObjectID = "h2e-jb-eqj"; */
> "h2e-jb-eqj.title" = "가로 뒤집기";
1043,1044c1043,1044
< /* Class = "NSMenu"; title = "Layer"; ObjectID = "h3y-2z-Xp8"; */
< "h3y-2z-Xp8.title" = "Layer";
---
> /* Class = "NSMenu"; title = "레이어"; ObjectID = "h3y-2z-Xp8"; */
> "h3y-2z-Xp8.title" = "레이어";
1046,1047c1046,1047
< /* Class = "NSMenuItem"; title = "Bottom"; ObjectID = "hDh-Yf-0sK"; */
< "hDh-Yf-0sK.title" = "Bottom";
---
> /* Class = "NSMenuItem"; title = "아래"; ObjectID = "hDh-Yf-0sK"; */
> "hDh-Yf-0sK.title" = "아래";
1049,1050c1049,1050
< /* Class = "NSMenuItem"; title = "Bring All to Front"; ObjectID = "hWa-Th-0Ac"; */
< "hWa-Th-0Ac.title" = "Bring All to Front";
---
> /* Class = "NSMenuItem"; title = "모두 앞으로 가져오기"; ObjectID = "hWa-Th-0Ac"; */
> "hWa-Th-0Ac.title" = "모두 앞으로 가져오기";
1052,1053c1052,1053
< /* Class = "NSMenuItem"; title = "Align Left"; ObjectID = "hov-rz-dRX"; */
< "hov-rz-dRX.title" = "Align Left";
---
> /* Class = "NSMenuItem"; title = "왼쪽 정렬"; ObjectID = "hov-rz-dRX"; */
> "hov-rz-dRX.title" = "왼쪽 정렬";
1055,1056c1055,1056
< /* Class = "NSMenuItem"; title = "Defaults"; ObjectID = "hww-2Y-KTa"; */
< "hww-2Y-KTa.title" = "Defaults";
---
> /* Class = "NSMenuItem"; title = "기본값"; ObjectID = "hww-2Y-KTa"; */
> "hww-2Y-KTa.title" = "기본값";
1058,1059c1058,1059
< /* Class = "NSMenuItem"; title = "Show Typography"; ObjectID = "i96-Qy-QHE"; */
< "i96-Qy-QHE.title" = "Show Typography";
---
> /* Class = "NSMenuItem"; title = "타이포그래피 보기"; ObjectID = "i96-Qy-QHE"; */
> "i96-Qy-QHE.title" = "타이포그래피 보기";
1064,1065c1064,1065
< /* Class = "NSMenuItem"; title = "Layer Effects…"; ObjectID = "iPg-p2-hpv"; */
< "iPg-p2-hpv.title" = "Layer Effects…";
---
> /* Class = "NSMenuItem"; title = "레이어 효과…"; ObjectID = "iPg-p2-hpv"; */
> "iPg-p2-hpv.title" = "레이어 효과…";
1067,1068c1067,1068
< /* Class = "NSMenuItem"; title = "Move Inside"; ObjectID = "iao-Jb-L4Q"; */
< "iao-Jb-L4Q.title" = "Move Inside";
---
> /* Class = "NSMenuItem"; title = "안으로 가져오기"; ObjectID = "iao-Jb-L4Q"; */
> "iao-Jb-L4Q.title" = "안으로 가져오기";
1070,1071c1070,1071
< /* Class = "NSMenuItem"; title = "Align Middle"; ObjectID = "ilU-Cq-Y38"; */
< "ilU-Cq-Y38.title" = "Align Middle";
---
> /* Class = "NSMenuItem"; title = "세로 가운데 정렬"; ObjectID = "ilU-Cq-Y38"; */
> "ilU-Cq-Y38.title" = "세로 가운데 정렬";
1076,1077c1076,1077
< /* Class = "NSMenuItem"; title = "Zoom to Selection"; ObjectID = "j2n-1l-yXS"; */
< "j2n-1l-yXS.title" = "Zoom to Selection";
---
> /* Class = "NSMenuItem"; title = "선택 항목에 맞추기"; ObjectID = "j2n-1l-yXS"; */
> "j2n-1l-yXS.title" = "선택 항목에 맞추기";
1079,1080c1079,1080
< /* Class = "NSMenuItem"; title = "Use All"; ObjectID = "j4N-zC-ebD"; */
< "j4N-zC-ebD.title" = "Use All";
---
> /* Class = "NSMenuItem"; title = "모두 합자"; ObjectID = "j4N-zC-ebD"; */
> "j4N-zC-ebD.title" = "모두 합자";
1082,1083c1082,1083
< /* Class = "NSMenuItem"; title = "Vector Layers"; ObjectID = "jAm-E6-rb4"; */
< "jAm-E6-rb4.title" = "Vector Layers";
---
> /* Class = "NSMenuItem"; title = "벡터 레이어"; ObjectID = "jAm-E6-rb4"; */
> "jAm-E6-rb4.title" = "벡터 레이어";
1085,1086c1085,1086
< /* Class = "NSMenuItem"; title = "Add (Compound)"; ObjectID = "jBQ-7f-1Rz"; */
< "jBQ-7f-1Rz.title" = "Add (Compound)";
---
> /* Class = "NSMenuItem"; title = "추가 (결합)"; ObjectID = "jBQ-7f-1Rz"; */
> "jBQ-7f-1Rz.title" = "추가 (결합)";
1091,1092c1091,1092
< /* Class = "NSMenuItem"; title = "Pixel Size"; ObjectID = "jOT-uZ-ODQ"; */
< "jOT-uZ-ODQ.title" = "Pixel Size";
---
> /* Class = "NSMenuItem"; title = "픽셀 크기"; ObjectID = "jOT-uZ-ODQ"; */
> "jOT-uZ-ODQ.title" = "픽셀 크기";
1094,1095c1094,1095
< /* Class = "NSMenuItem"; title = "Move to Back"; ObjectID = "jZl-ao-W2J"; */
< "jZl-ao-W2J.title" = "Move to Back";
---
> /* Class = "NSMenuItem"; title = "맨 뒤로 보내기"; ObjectID = "jZl-ao-W2J"; */
> "jZl-ao-W2J.title" = "맨 뒤로 보내기";
1097,1098c1097,1098
< /* Class = "NSMenuItem"; title = "Deselect"; ObjectID = "jlm-SR-2pz"; */
< "jlm-SR-2pz.title" = "Deselect";
---
> /* Class = "NSMenuItem"; title = "선택 해제"; ObjectID = "jlm-SR-2pz"; */
> "jlm-SR-2pz.title" = "선택 해제";
1103,1104c1103,1104
< /* Class = "NSMenuItem"; title = "Select Same"; ObjectID = "k3i-8n-a92"; */
< "k3i-8n-a92.title" = "Select Same";
---
> /* Class = "NSMenuItem"; title = "동일 선택"; ObjectID = "k3i-8n-a92"; */
> "k3i-8n-a92.title" = "동일 선택";
1109,1110c1109,1110
< /* Class = "NSMenuItem"; title = "Move to Previous View Point"; ObjectID = "kUy-YE-X1C"; */
< "kUy-YE-X1C.title" = "Move to Previous View Point";
---
> /* Class = "NSMenuItem"; title = "이전 뷰 포인트로 이동"; ObjectID = "kUy-YE-X1C"; */
> "kUy-YE-X1C.title" = "이전 뷰 포인트로 이동";
1112,1113c1112,1113
< /* Class = "NSMenuItem"; title = "New Adjustment"; ObjectID = "kYB-XR-fyN"; */
< "kYB-XR-fyN.title" = "New Adjustment";
---
> /* Class = "NSMenuItem"; title = "신규 조정"; ObjectID = "kYB-XR-fyN"; */
> "kYB-XR-fyN.title" = "신규 조정";
1115,1116c1115,1116
< /* Class = "NSMenuItem"; title = "Save As Package…"; ObjectID = "kgf-Yg-eTT"; */
< "kgf-Yg-eTT.title" = "Save As Package…";
---
> /* Class = "NSMenuItem"; title = "패키지로 저장…"; ObjectID = "kgf-Yg-eTT"; */
> "kgf-Yg-eTT.title" = "패키지로 저장…";
1118,1119c1118,1119
< /* Class = "NSMenu"; title = "Vertical Alignment"; ObjectID = "liY-TX-Baf"; */
< "liY-TX-Baf.title" = "Vertical Alignment";
---
> /* Class = "NSMenu"; title = "세로 정렬"; ObjectID = "liY-TX-Baf"; */
> "liY-TX-Baf.title" = "세로 정렬";
1127,1128c1127,1128
< /* Class = "NSMenuItem"; title = "Xor"; ObjectID = "mEr-Gt-JDx"; */
< "mEr-Gt-JDx.title" = "Xor";
---
> /* Class = "NSMenuItem"; title = "배타적논리합"; ObjectID = "mEr-Gt-JDx"; */
> "mEr-Gt-JDx.title" = "배타적논리합";
1133,1134c1133,1134
< /* Class = "NSMenuItem"; title = "Show Left Studio"; ObjectID = "mhH-Dz-O1z"; */
< "mhH-Dz-O1z.title" = "Show Left Studio";
---
> /* Class = "NSMenuItem"; title = "왼쪽 작업실 보기"; ObjectID = "mhH-Dz-O1z"; */
> "mhH-Dz-O1z.title" = "왼쪽 작업실 보기";
1139,1140c1139,1140
< /* Class = "NSMenuItem"; title = "Convert to Text Frame"; ObjectID = "n04-uf-3Wb"; */
< "n04-uf-3Wb.title" = "Convert to Text Frame";
---
> /* Class = "NSMenuItem"; title = "텍스트 액자로 전환"; ObjectID = "n04-uf-3Wb"; */
> "n04-uf-3Wb.title" = "텍스트 액자로 전환";
1142,1143c1142,1143
< /* Class = "NSMenuItem"; title = "Unfilled Objects"; ObjectID = "n14-9X-5nw"; */
< "n14-9X-5nw.title" = "Unfilled Objects";
---
> /* Class = "NSMenuItem"; title = "칠이 없는 오브젝트"; ObjectID = "n14-9X-5nw"; */
> "n14-9X-5nw.title" = "칠이 없는 오브젝트";
1145,1146c1145,1146
< /* Class = "NSMenuItem"; title = "Loosen"; ObjectID = "nHP-HO-qrf"; */
< "nHP-HO-qrf.title" = "Loosen";
---
> /* Class = "NSMenuItem"; title = "넓게"; ObjectID = "nHP-HO-qrf"; */
> "nHP-HO-qrf.title" = "넓게";
1148c1148
< /* Class = "NSMenuItem"; title = "Centre"; ObjectID = "nJ2-Oj-KuC"; */
---
> /* Class = "NSMenuItem"; title = "가운데"; ObjectID = "nJ2-Oj-KuC"; */
1151,1152c1151,1152
< /* Class = "NSMenuItem"; title = "Pixels (Retina)"; ObjectID = "nKE-2h-R9m"; */
< "nKE-2h-R9m.title" = "Pixels (Retina)";
---
> /* Class = "NSMenuItem"; title = "픽셀 (레티나)"; ObjectID = "nKE-2h-R9m"; */
> "nKE-2h-R9m.title" = "픽셀 (레티나)";
1157,1158c1157,1158
< /* Class = "NSMenuItem"; title = "Art Text"; ObjectID = "nSI-W5-nL2"; */
< "nSI-W5-nL2.title" = "Art Text";
---
> /* Class = "NSMenuItem"; title = "예술 텍스트"; ObjectID = "nSI-W5-nL2"; */
> "nSI-W5-nL2.title" = "예술 텍스트";
1163,1164c1163,1164
< /* Class = "NSMenu"; title = "Zoom"; ObjectID = "naX-Yk-epy"; */
< "naX-Yk-epy.title" = "Zoom";
---
> /* Class = "NSMenu"; title = "맞추기"; ObjectID = "naX-Yk-epy"; */
> "naX-Yk-epy.title" = "맞추기";
1169,1170c1169,1170
< /* Class = "NSMenu"; title = "Spelling"; ObjectID = "o6L-Kv-Yhr"; */
< "o6L-Kv-Yhr.title" = "Spelling";
---
> /* Class = "NSMenu"; title = "철자"; ObjectID = "o6L-Kv-Yhr"; */
> "o6L-Kv-Yhr.title" = "철자";
1172,1173c1172,1173
< /* Class = "NSMenuItem"; title = "Check Spelling While Typing"; ObjectID = "o7f-b4-OTT"; */
< "o7f-b4-OTT.title" = "Check Spelling While Typing";
---
> /* Class = "NSMenuItem"; title = "작성하는 동안 철자 확인"; ObjectID = "o7f-b4-OTT"; */
> "o7f-b4-OTT.title" = "작성하는 동안 철자 확인";
1175,1176c1175,1176
< /* Class = "NSMenuItem"; title = "Dock Tools"; ObjectID = "oGt-tZ-Qx4"; */
< "oGt-tZ-Qx4.title" = "Dock Tools";
---
> /* Class = "NSMenuItem"; title = "도구 고정"; ObjectID = "oGt-tZ-Qx4"; */
> "oGt-tZ-Qx4.title" = "도구 고정";
1178c1178
< /* Class = "NSMenuItem"; title = "Rasterise to Mask"; ObjectID = "oOY-9c-N1Y"; */
---
> /* Class = "NSMenuItem"; title = "마스크 래스터화"; ObjectID = "oOY-9c-N1Y"; */
1181,1182c1181,1182
< /* Class = "NSMenuItem"; title = "Subtract (Compound)"; ObjectID = "oZU-Iw-JFf"; */
< "oZU-Iw-JFf.title" = "Subtract (Compound)";
---
> /* Class = "NSMenuItem"; title = "제거 (결합)"; ObjectID = "oZU-Iw-JFf"; */
> "oZU-Iw-JFf.title" = "제거 (결합)";
1184,1185c1184,1185
< /* Class = "NSMenuItem"; title = "Factory Reset"; ObjectID = "oaH-uj-twB"; */
< "oaH-uj-twB.title" = "Factory Reset";
---
> /* Class = "NSMenuItem"; title = "기본값 재설정"; ObjectID = "oaH-uj-twB"; */
> "oaH-uj-twB.title" = "기본값 재설정";
1187,1188c1187,1188
< /* Class = "NSMenuItem"; title = "Embedded Documents"; ObjectID = "oli-Ka-mai"; */
< "oli-Ka-mai.title" = "Embedded Documents";
---
> /* Class = "NSMenuItem"; title = "삽입된 문서"; ObjectID = "oli-Ka-mai"; */
> "oli-Ka-mai.title" = "삽입된 문서";
1193,1194c1193,1194
< /* Class = "NSMenu"; title = "Size"; ObjectID = "oxe-6t-ENF"; */
< "oxe-6t-ENF.title" = "Size";
---
> /* Class = "NSMenu"; title = "크기"; ObjectID = "oxe-6t-ENF"; */
> "oxe-6t-ENF.title" = "크기";
1196,1197c1196,1197
< /* Class = "NSMenuItem"; title = "Em Dash"; ObjectID = "pOo-m1-JCv"; */
< "pOo-m1-JCv.title" = "Em Dash";
---
> /* Class = "NSMenuItem"; title = "전각 줄표"; ObjectID = "pOo-m1-JCv"; */
> "pOo-m1-JCv.title" = "전각 줄표";
1202,1203c1202,1203
< /* Class = "NSMenuItem"; title = "Show Bleed"; ObjectID = "pUA-oB-Kwl"; */
< "pUA-oB-Kwl.title" = "Show Bleed";
---
> /* Class = "NSMenuItem"; title = "도련선 보기"; ObjectID = "pUA-oB-Kwl"; */
> "pUA-oB-Kwl.title" = "도련선 보기";
1205,1206c1205,1206
< /* Class = "NSMenuItem"; title = "Find in Layers Panel"; ObjectID = "pWi-eA-dhd"; */
< "pWi-eA-dhd.title" = "Find in Layers Panel";
---
> /* Class = "NSMenuItem"; title = "레이어 패널에서 찾기"; ObjectID = "pWi-eA-dhd"; */
> "pWi-eA-dhd.title" = "레이어 패널에서 찾기";
1208,1209c1208,1209
< /* Class = "NSMenuItem"; title = "Rotate Left"; ObjectID = "pWq-7Y-iRf"; */
< "pWq-7Y-iRf.title" = "Rotate Left";
---
> /* Class = "NSMenuItem"; title = "왼쪽으로 회전"; ObjectID = "pWq-7Y-iRf"; */
> "pWq-7Y-iRf.title" = "왼쪽으로 회전";
1211,1212c1211,1212
< /* Class = "NSMenuItem"; title = "Justify All"; ObjectID = "paW-gX-CC4"; */
< "paW-gX-CC4.title" = "Justify All";
---
> /* Class = "NSMenuItem"; title = "양쪽 균등 정렬"; ObjectID = "paW-gX-CC4"; */
> "paW-gX-CC4.title" = "양쪽 균등 정렬";
1214,1215c1214,1215
< /* Class = "NSMenuItem"; title = "Smaller"; ObjectID = "pdf-nZ-azi"; */
< "pdf-nZ-azi.title" = "Smaller";
---
> /* Class = "NSMenuItem"; title = "작게"; ObjectID = "pdf-nZ-azi"; */
> "pdf-nZ-azi.title" = "작게";
1217,1218c1217,1218
< /* Class = "NSMenu"; title = "New Adjustment"; ObjectID = "pfV-9I-vOB"; */
< "pfV-9I-vOB.title" = "New Adjustment";
---
> /* Class = "NSMenu"; title = "신규 조정"; ObjectID = "pfV-9I-vOB"; */
> "pfV-9I-vOB.title" = "신규 조정";
1220,1221c1220,1221
< /* Class = "NSMenuItem"; title = "Symbols"; ObjectID = "phe-so-vU0"; */
< "phe-so-vU0.title" = "Symbols";
---
> /* Class = "NSMenuItem"; title = "상징"; ObjectID = "phe-so-vU0"; */
> "phe-so-vU0.title" = "상징";
1223,1224c1223,1224
< /* Class = "NSMenuItem"; title = "Size"; ObjectID = "pjJ-hF-rtX"; */
< "pjJ-hF-rtX.title" = "Size";
---
> /* Class = "NSMenuItem"; title = "크기"; ObjectID = "pjJ-hF-rtX"; */
> "pjJ-hF-rtX.title" = "크기";
1226,1227c1226,1227
< /* Class = "NSMenuItem"; title = "Shape"; ObjectID = "prU-g4-Oym"; */
< "prU-g4-Oym.title" = "Shape";
---
> /* Class = "NSMenuItem"; title = "모양"; ObjectID = "prU-g4-Oym"; */
> "prU-g4-Oym.title" = "모양";
1229,1230c1229,1230
< /* Class = "NSMenuItem"; title = "Move Forward One"; ObjectID = "psY-ga-bCc"; */
< "psY-ga-bCc.title" = "Move Forward One";
---
> /* Class = "NSMenuItem"; title = "앞으로 가져오기"; ObjectID = "psY-ga-bCc"; */
> "psY-ga-bCc.title" = "앞으로 가져오기";
1232,1233c1232,1233
< /* Class = "NSMenuItem"; title = "Alignment"; ObjectID = "pz9-1S-cfX"; */
< "pz9-1S-cfX.title" = "Alignment";
---
> /* Class = "NSMenuItem"; title = "정렬"; ObjectID = "pz9-1S-cfX"; */
> "pz9-1S-cfX.title" = "정렬";
1235,1236c1235,1236
< /* Class = "NSMenuItem"; title = "Update Character Style"; ObjectID = "qJp-4b-tGJ"; */
< "qJp-4b-tGJ.title" = "Update Character Style";
---
> /* Class = "NSMenuItem"; title = "문자 스타일 업데이트"; ObjectID = "qJp-4b-tGJ"; */
> "qJp-4b-tGJ.title" = "문자 스타일 업데이트";
1241,1242c1241,1242
< /* Class = "NSMenuItem"; title = "Hide"; ObjectID = "qxb-c2-k6D"; */
< "qxb-c2-k6D.title" = "Hide";
---
> /* Class = "NSMenuItem"; title = "가리기"; ObjectID = "qxb-c2-k6D"; */
> "qxb-c2-k6D.title" = "가리기";
1250,1251c1250,1251
< /* Class = "NSMenuItem"; title = "Transparency"; ObjectID = "rfD-qh-OcG"; */
< "rfD-qh-OcG.title" = "Transparency";
---
> /* Class = "NSMenuItem"; title = "투명도"; ObjectID = "rfD-qh-OcG"; */
> "rfD-qh-OcG.title" = "투명도";
1256,1257c1256,1257
< /* Class = "NSMenuItem"; title = "Move Outside"; ObjectID = "sF3-Ce-UTB"; */
< "sF3-Ce-UTB.title" = "Move Outside";
---
> /* Class = "NSMenuItem"; title = "바깥으로 보내기"; ObjectID = "sF3-Ce-UTB"; */
> "sF3-Ce-UTB.title" = "바깥으로 보내기";
1265,1266c1265,1266
< /* Class = "NSMenuItem"; title = "Ungroup All"; ObjectID = "tA5-lK-lyF"; */
< "tA5-lK-lyF.title" = "Ungroup All";
---
> /* Class = "NSMenuItem"; title = "모든 그룹 풀기"; ObjectID = "tA5-lK-lyF"; */
> "tA5-lK-lyF.title" = "모든 그룹 풀기";
1268,1269c1268,1269
< /* Class = "NSMenuItem"; title = "Show Tools"; ObjectID = "tW5-K5-ahn"; */
< "tW5-K5-ahn.title" = "Show Tools";
---
> /* Class = "NSMenuItem"; title = "도구 보기"; ObjectID = "tW5-K5-ahn"; */
> "tW5-K5-ahn.title" = "도구 보기";
1271,1272c1271,1272
< /* Class = "NSMenu"; title = "Select Same"; ObjectID = "tgw-QS-Pn7"; */
< "tgw-QS-Pn7.title" = "Select Same";
---
> /* Class = "NSMenu"; title = "동일 선택"; ObjectID = "tgw-QS-Pn7"; */
> "tgw-QS-Pn7.title" = "동일 선택";
1280,1281c1280,1281
< /* Class = "NSMenuItem"; title = "Subtract"; ObjectID = "uys-gy-ZgQ"; */
< "uys-gy-ZgQ.title" = "Subtract";
---
> /* Class = "NSMenuItem"; title = "제거"; ObjectID = "uys-gy-ZgQ"; */
> "uys-gy-ZgQ.title" = "제거";
1283c1283
< /* Class = "NSMenuItem"; title = "Tag Colour"; ObjectID = "uzY-xL-U3w"; */
---
> /* Class = "NSMenuItem"; title = "태그 색상"; ObjectID = "uzY-xL-U3w"; */
1286,1287c1286,1287
< /* Class = "NSMenuItem"; title = "Blend Mode"; ObjectID = "v2P-6I-jqM"; */
< "v2P-6I-jqM.title" = "Blend Mode";
---
> /* Class = "NSMenuItem"; title = "혼합 모드"; ObjectID = "v2P-6I-jqM"; */
> "v2P-6I-jqM.title" = "혼합 모드";
1295,1296c1295,1296
< /* Class = "NSMenuItem"; title = "Save"; ObjectID = "vRB-xZ-oSi"; */
< "vRB-xZ-oSi.title" = "Save";
---
> /* Class = "NSMenuItem"; title = "저장"; ObjectID = "vRB-xZ-oSi"; */
> "vRB-xZ-oSi.title" = "저장";
1298,1299c1298,1299
< /* Class = "NSMenuItem"; title = "Unstroked Objects"; ObjectID = "vaS-4t-alL"; */
< "vaS-4t-alL.title" = "Unstroked Objects";
---
> /* Class = "NSMenuItem"; title = "선이 없는 오브젝트"; ObjectID = "vaS-4t-alL"; */
> "vaS-4t-alL.title" = "선이 없는 오브젝트";
1301c1301
< /* Class = "NSMenuItem"; title = "Fill Colour"; ObjectID = "vg1-3z-4TP"; */
---
> /* Class = "NSMenuItem"; title = "칠 색상"; ObjectID = "vg1-3z-4TP"; */
1304,1305c1304,1305
< /* Class = "NSMenuItem"; title = "Behind"; ObjectID = "vte-HW-jpR"; */
< "vte-HW-jpR.title" = "Behind";
---
> /* Class = "NSMenuItem"; title = "뒤로"; ObjectID = "vte-HW-jpR"; */
> "vte-HW-jpR.title" = "뒤로";
1307,1308c1307,1308
< /* Class = "NSMenuItem"; title = "Actual Size"; ObjectID = "wBy-1v-JPW"; */
< "wBy-1v-JPW.title" = "Actual Size";
---
> /* Class = "NSMenuItem"; title = "실제 크기"; ObjectID = "wBy-1v-JPW"; */
> "wBy-1v-JPW.title" = "실제 크기";
1310,1311c1310,1311
< /* Class = "NSMenuItem"; title = "Check for Updates"; ObjectID = "wLu-X4-5Zy"; */
< "wLu-X4-5Zy.title" = "Check for Updates";
---
> /* Class = "NSMenuItem"; title = "업데이트 확인"; ObjectID = "wLu-X4-5Zy"; */
> "wLu-X4-5Zy.title" = "업데이트 확인";
1316,1317c1316,1317
< /* Class = "NSMenuItem"; title = "Outline"; ObjectID = "wm1-sj-IZt"; */
< "wm1-sj-IZt.title" = "Outline";
---
> /* Class = "NSMenuItem"; title = "외형"; ObjectID = "wm1-sj-IZt"; */
> "wm1-sj-IZt.title" = "외형";
1319,1320c1319,1320
< /* Class = "NSMenuItem"; title = "Precise Increase"; ObjectID = "xAU-bc-qIX"; */
< "xAU-bc-qIX.title" = "Precise Increase";
---
> /* Class = "NSMenuItem"; title = "조금씩 늘리기"; ObjectID = "xAU-bc-qIX"; */
> "xAU-bc-qIX.title" = "조금씩 늘리기";
1325,1326c1325,1326
< /* Class = "NSMenuItem"; title = "Share"; ObjectID = "xLn-eq-kmf"; */
< "xLn-eq-kmf.title" = "Share";
---
> /* Class = "NSMenuItem"; title = "공유"; ObjectID = "xLn-eq-kmf"; */
> "xLn-eq-kmf.title" = "공유";
1328,1329c1328,1329
< /* Class = "NSMenuItem"; title = "Always Show Selection in Layers Panel "; ObjectID = "xNr-O1-3Xp"; */
< "xNr-O1-3Xp.title" = "Always Show Selection in Layers Panel ";
---
> /* Class = "NSMenuItem"; title = "레이어 패널에서 선택 항목 항상 보기 "; ObjectID = "xNr-O1-3Xp"; */
> "xNr-O1-3Xp.title" = "레이어 패널에서 선택 항목 항상 보기 ";
1331,1332c1331,1332
< /* Class = "NSMenuItem"; title = "Delete Character Style"; ObjectID = "xfZ-YZ-wa9"; */
< "xfZ-YZ-wa9.title" = "Delete Character Style";
---
> /* Class = "NSMenuItem"; title = "문자 스타일 지우기"; ObjectID = "xfZ-YZ-wa9"; */
> "xfZ-YZ-wa9.title" = "문자 스타일 지우기";
1334,1335c1334,1335
< /* Class = "NSMenuItem"; title = "Xor (Compound)"; ObjectID = "xvT-Kv-m60"; */
< "xvT-Kv-m60.title" = "Xor (Compound)";
---
> /* Class = "NSMenuItem"; title = "배타적논리합 (결합)"; ObjectID = "xvT-Kv-m60"; */
> "xvT-Kv-m60.title" = "배타적논리합 (결합)";
1337,1338c1337,1338
< /* Class = "NSMenuItem"; title = "Select Next"; ObjectID = "xyc-WK-KO3"; */
< "xyc-WK-KO3.title" = "Select Next";
---
> /* Class = "NSMenuItem"; title = "다음 항목 선택"; ObjectID = "xyc-WK-KO3"; */
> "xyc-WK-KO3.title" = "다음 항목 선택";
1340,1341c1340,1341
< /* Class = "NSMenuItem"; title = "Use Default"; ObjectID = "yHx-GK-ewa"; */
< "yHx-GK-ewa.title" = "Use Default";
---
> /* Class = "NSMenuItem"; title = "기준선 재설정"; ObjectID = "yHx-GK-ewa"; */
> "yHx-GK-ewa.title" = "기준선 재설정";
1343,1344c1343,1344
< /* Class = "NSMenuItem"; title = "Paste Without Format"; ObjectID = "yR6-Ay-dia"; */
< "yR6-Ay-dia.title" = "Paste Without Format";
---
> /* Class = "NSMenuItem"; title = "포맷 없이 붙이기"; ObjectID = "yR6-Ay-dia"; */
> "yR6-Ay-dia.title" = "포맷 없이 붙이기";
1355,1356c1355,1356
< /* Class = "NSMenuItem"; title = "Convert to Text Path"; ObjectID = "zZ2-9t-eDH"; */
< "zZ2-9t-eDH.title" = "Convert to Text Path";
---
> /* Class = "NSMenuItem"; title = "텍스트 경로로 전환"; ObjectID = "zZ2-9t-eDH"; */
> "zZ2-9t-eDH.title" = "텍스트 경로로 전환";
1358,1359c1358,1359
< /* Class = "NSMenuItem"; title = "Rotation"; ObjectID = "za0-Gm-PuC"; */
< "za0-Gm-PuC.title" = "Rotation";
---
> /* Class = "NSMenuItem"; title = "회전"; ObjectID = "za0-Gm-PuC"; */
> "za0-Gm-PuC.title" = "회전";
1367,1368c1367,1368
< /* Class = "NSMenu"; title = "Text Styles"; ObjectID = "zwL-Nw-wkx"; */
< "zwL-Nw-wkx.title" = "Text Styles";
---
> /* Class = "NSMenu"; title = "텍스트 스타일"; ObjectID = "zwL-Nw-wkx"; */
> "zwL-Nw-wkx.title" = "텍스트 스타일";
1370,1371c1370,1371
< /* Class = "NSMenuItem"; title = "Open Curves"; ObjectID = "zyu-vC-SJu"; */
< "zyu-vC-SJu.title" = "Open Curves";
---
> /* Class = "NSMenuItem"; title = "열린 곡선"; ObjectID = "zyu-vC-SJu"; */
> "zyu-vC-SJu.title" = "열린 곡선";
