---
---
---
---
---
---
---
---
---
---
---
---
---
---
---
---
---
---
---
---
---
---
---
---
---
---
---
---
---
---
---
---
---
---
---
---
---
---
---
---
---
---
---
---
---
---
---
---
---
---
---
---
---
---
---
---
---
---
---
---
---
---
---
---
---
---
---
---
---
---
---
---
---
---
---
---
---
---
---
---
---
---
---
---
---
---
---
---
---
---
---
---
---
---
---
---
---
---
---
---
---
---
---
---
---
---
---
---
---
---
---
---
---
---
---
---
---
---
---
---
---
---
---
---
---
---
---
---
---
---
---
---
---
---
---
---
---
---
---
---
---
---
---
---
---
---
---
---
---
---
---
---
---
---
---
---
---
---
---
---
---
---
---
---
---
---
---
---
---
---
---
---
---
---
---
---
---
---
---
---
---
---
---
---
---
---
---
---
---
---
---
---
---
---
---
---
---
---
---
---
---
---
---
---
---
---
---
---
---
---
---
---
---
---
---
---
---
---
---
---
---
---
---
---
---
---
---
---
---
---
101,102c101,102
104,105c104,105
107,108c107,108
11,12c11,12
110,111c110,111
113,114c113,114
116,117c116,117
119c119
122c122
125,126c125,126
128,129c128,129
131,132c131,132
134,135c134,135
137,138c137,138
14,15c14,15
140,141c140,141
143,144c143,144
149,150c149,150
152,153c152,153
155,156c155,156
158,159c158,159
161,162c161,162
164,165c164,165
167,168c167,168
17,18c17,18
173,174c173,174
176,177c176,177
179,180c179,180
182c182
185,186c185,186
188,189c188,189
191,192c191,192
194,195c194,195
197,198c197,198
20,21c20,21
200,201c200,201
203,204c203,204
206,207c206,207
209,210c209,210
215,216c215,216
218,219c218,219
221,222c221,222
224c224
227,228c227,228
23,24c23,24
230,231c230,231
233,234c233,234
239,240c239,240
242,243c242,243
248,249c248,249
254,255c254,255
26,27c26,27
260,261c260,261
263c263
266,267c266,267
269,270c269,270
272,273c272,273
275,276c275,276
278,279c278,279
281,282c281,282
287,288c287,288
29,30c29,30
290,291c290,291
296,297c296,297
302,303c302,303
308,309c308,309
314,315c314,315
317,318c317,318
32,33c32,33
320c320
323,324c323,324
326,327c326,327
329,330c329,330
335,336c335,336
338,339c338,339
341,342c341,342
344,345c344,345
35,36c35,36
350,351c350,351
353,354c353,354
356,357c356,357
359,360c359,360
368,369c368,369
371,372c371,372
374,375c374,375
377,378c377,378
38,39c38,39
380,381c380,381
383,384c383,384
386,387c386,387
389,390c389,390
395,396c395,396
398,399c398,399
401,402c401,402
404,405c404,405
41,42c41,42
410,411c410,411
413c413
416,417c416,417
419,420c419,420
422,423c422,423
425,426c425,426
428,429c428,429
431,432c431,432
434,435c434,435
437,438c437,438
44,45c44,45
440,441c440,441
449,450c449,450
452,453c452,453
461,462c461,462
464,465c464,465
467,468c467,468
47,48c47,48
473,474c473,474
476,477c476,477
479,480c479,480
488,489c488,489
494,495c494,495
497,498c497,498
5,6c5,6
50,51c50,51
503,504c503,504
506,507c506,507
512,513c512,513
518,519c518,519
521,522c521,522
527,528c527,528
53,54c53,54
530,531c530,531
533,534c533,534
536,537c536,537
542,543c542,543
545,546c545,546
551,552c551,552
56,57c56,57
563,564c563,564
566,567c566,567
569,570c569,570
572c572
575,576c575,576
578,579c578,579
581,582c581,582
587,588c587,588
59,60c59,60
596,597c596,597
599,600c599,600
602c602
605,606c605,606
608,609c608,609
614,615c614,615
62,63c62,63
620,621c620,621
629,630c629,630
632,633c632,633
641,642c641,642
65,66c65,66
650,651c650,651
656,657c656,657
662,663c662,663
665,666c665,666
668,669c668,669
674,675c674,675
68,69c68,69
686,687c686,687
692,693c692,693
698,699c698,699
701,702c701,702
704,705c704,705
71,72c71,72
710,711c710,711
713,714c713,714
716,717c716,717
719,720c719,720
728,729c728,729
731,732c731,732
734,735c734,735
737,738c737,738
74,75c74,75
740,741c740,741
743,744c743,744
749,750c749,750
752,753c752,753
755,756c755,756
758,759c758,759
764,765c764,765
767c767
77,78c77,78
773,774c773,774
776,777c776,777
779,780c779,780
785,786c785,786
788,789c788,789
8,9c8,9
80,81c80,81
803,804c803,804
809,810c809,810
812,813c812,813
815,816c815,816
818,819c818,819
821,822c821,822
83,84c83,84
833,834c833,834
839,840c839,840
842,843c842,843
848,849c848,849
851,852c851,852
854,855c854,855
857,858c857,858
86,87c86,87
860,861c860,861
863,864c863,864
866,867c866,867
869,870c869,870
884,885c884,885
89,90c89,90
896c896
899,900c899,900
905,906c905,906
914,915c914,915
917,918c917,918
92,93c92,93
920c920
923,924c923,924
926,927c926,927
932,933c932,933
935,936c935,936
95,96c95,96
950,951c950,951
98,99c98,99
< "0Ad-HT-ba3.title" = "Select Same";
< "0J9-OZ-Kuh.title" = "Width";
< "0Lg-KQ-dAO.title" = "Lock Guides";
< "0UI-j4-x1u.title" = "Outline…";
< "0f1-fu-J4F.title" = "Select Highlights";
< "1062.title" = "Duplicate";
< "1075.title" = "Zoom to Fit";
< "1087.title" = "Show Margins";
< "1088.title" = "Show Guides";
< "1089.title" = "Show Grid";
< "1093.title" = "New View";
< "1099.title" = "Export…";
< "1107.title" = "Pixels";
< "1310.title" = "Place…";
< "1325.title" = "Paste Style";
< "1329.title" = "Zoom In";
< "1331.title" = "Zoom Out";
< "1353.title" = "Views";
< "1357.title" = "Views";
< "1362.title" = "View Mode";
< "1364.title" = "View Mode";
< "1366.title" = "Vector";
< "1457.title" = "Show Rulers";
< "19K-PR-boR.title" = "Edit in Photo…";
< "1fK-86-ju6.title" = "Move Back One";
< "2cj-AZ-aR8.title" = "Create Compound";
< "2gM-ac-CZ2.title" = "Release Compound";
< "2xk-Pg-gK6.title" = "Distribute Vertically";
< "2yG-P1-OKQ.title" = "Frame Text";
< "4FN-26-KZw.title" = "Transform";
< "5Hh-iC-jH2.title" = "Insertion";
< "5Jc-FA-nGp.title" = "Alignment";
< "5vY-2i-N05.title" = "Flip Vertical";
< "62i-09-7I6.title" = "My Account…";
< "62y-VS-XtY.title" = "Zoom";
< "6Jq-2c-4E9.title" = "Art Text";
< "6Qq-Jb-6Pi.title" = "Merge All Windows";
< "6cS-Hu-XNb.title" = "Show Tools";
< "78c-dl-JTQ.title" = "Tonal Range";
< "7Ms-Ow-sRJ.title" = "Studio";
< "7gw-jc-seI.title" = "Unfilled Objects";
< "7nW-ja-baX.title" = "Show Context Toolbar";
< "801.title" = "Help";
< "803.title" = "View";
< "804.title" = "File";
< "805.title" = "Edit";
< "806.title" = "Persona";
< "807.title" = "Window";
< "808.title" = "Window";
< "811.title" = "Minimize";
< "812.title" = "Zoom";
< "813.title" = "Bring All to Front";
< "815.title" = "Persona";
< "816.title" = "Hide Others";
< "818.title" = "Services";
< "821.title" = "Preferences…";
< "823.title" = "Quit";
< "824.title" = "Show All";
< "825.title" = "Hide";
< "826.title" = "About…";
< "827.title" = "Services";
< "828.title" = "Edit";
< "835.title" = "Redo";
< "837.title" = "Copy";
< "838.title" = "Paste";
< "839.title" = "Cut";
< "841.title" = "Undo";
< "842.title" = "Select All";
< "843.title" = "Delete";
< "873.title" = "File";
< "874.title" = "Save As…";
< "881.title" = "Close";
< "882.title" = "Document Setup…";
< "883.title" = "Open Recent";
< "884.title" = "New…";
< "885.title" = "Open…";
< "886.title" = "Print…";
< "887.title" = "Open Recent";
< "888.title" = "Clear Menu";
< "889.title" = "View";
< "893.title" = "Show Toolbar";
< "8gW-e6-TOt.title" = "Transparency";
< "8tL-AX-ZuN.title" = "Move to Previous View Point";
< "950.title" = "Help";
< "951.title" = "Affinity Designer Help";
< "984.title" = "Ungroup";
< "985.title" = "Group";
< "9le-2a-jMn.title" = "Select Reds";
< "9zQ-Cn-yqa.title" = "Align Top";
< "Apm-LB-GrQ.title" = "Hide";
< "AwI-0v-Obr.title" = "Zoom";
< "BUe-Tz-Ng3.title" = "Divide";
< "BnC-4c-eq4.title" = "Refine Edges…";
< "C47-mT-0aA.title" = "Default";
< "CfD-Er-w2q.title" = "Split View";
< "D2v-ID-xc2.title" = "Select";
< "Dfj-0Q-5ey.title" = "Select Previous";
< "DiQ-1J-IMB.title" = "Arrange";
< "DkT-96-dVd.title" = "Smooth…";
< "EIG-sN-XAe.title" = "Feather…";
< "EUD-mq-sUk.title" = "Support...";
< "ExN-Hh-1JH.title" = "Rotation";
< "FM0-Mm-4qs.title" = "Stroke Weight";
< "GaF-gW-Lfc.title" = "New Pixel Layer";
< "Gfb-Y7-eoF.title" = "Layer";
< "HYl-Sx-qWy.title" = "Pixel Size";
< "HfA-2T-WZw.title" = "Outline";
< "HsB-rL-q5J.title" = "Unlock All";
< "HuU-Hn-ZOl.title" = "Geometry";
< "Iw4-fy-lrv.title" = "Export Persona";
< "J6l-Xr-Dhi.title" = "Rotate Left";
< "JFh-gc-Rav.title" = "Intersect";
< "Jid-BT-E4d.title" = "Paste FX";
< "Jid-cQ-Uax.title" = "Artboards";
< "JjC-RP-On1.title" = "Select";
< "JsA-Cd-ns7.title" = "Resource Manager...";
< "K9S-F2-SAt.title" = "Move to Front";
< "KGT-Nj-GhA.title" = "Rotate Right";
< "KGa-Zn-mYe.title" = "Pixel Objects";
< "KQr-YC-kUd.title" = "Reset Studio";
< "Kkz-yQ-5cQ.title" = "Insertion";
< "Lhs-Zt-z1Q.title" = "Manage Studio Presets…";
< "LyZ-It-qgA.title" = "Geometry";
< "Mm3-6K-TEL.title" = "Select Greens";
< "Ndn-Bi-HPU.title" = "Select Object";
< "P3r-1H-plh.title" = "Align Right";
< "PHF-sc-jzi.title" = "Single View";
< "Pdf-BG-vv1.title" = "Arrange";
< "Pl5-a5-uM3.title" = "Inside";
< "RBt-gf-Am1.title" = "Align Bottom";
< "RlG-JG-fGf.title" = "Height";
< "RyC-Ds-nq8.title" = "Unlock";
< "SCK-l5-TS4.title" = "Images";
< "ScM-oe-ax7.title" = "Zoom to Selection";
< "T0f-75-01c.title" = "Toggle UI";
< "TPM-uR-PMT.title" = "Select Midtones";
< "TaN-YS-0rz.title" = "Stroked Objects";
< "UVX-PA-AzK.title" = "Closed Curves";
< "UmY-db-qsD.title" = "Check for Updates";
< "VM8-Tz-3iO.title" = "Share";
< "VMu-DI-OST.title" = "Transparent Objects";
< "VmM-8g-VbQ.title" = "Invert Pixel Selection";
< "Vo4-bq-5zC.title" = "Reset Rotation";
< "WDl-dG-mYt.title" = "Rotate Right";
< "Wvn-SZ-qqo.title" = "Unstroked Objects";
< "Wzg-GB-ZB7.title" = "Lock";
< "Xif-Wj-Ftx.title" = "Find in Layers Panel";
< "Xyx-dK-eNl.title" = "Show Left Studio";
< "Y2X-l8-Mab.title" = "Dock Tools";
< "Yak-qb-Fe4.title" = "Behind";
< "Ydf-xe-VEc.title" = "Transform";
< "aMz-Hs-DTu.title" = "Tonal Range";
< "aoU-sE-2Y3.title" = "Add Preset…";
< "bMX-re-6My.title" = "Paste Inside";
< "bWD-oS-nMx.title" = "Vector Layers";
< "bZ9-iN-mbr.title" = "Hide Studio";
< "bsJ-It-5zZ.title" = "Invert";
< "cDM-fW-hK3.title" = "New Layer";
< "cPk-2b-Hj9.title" = "Studio";
< "cXo-H2-2bv.title" = "Select Shadows";
< "cl8-YV-h6i.title" = "Embedded Documents";
< "d54-cg-jXJ.title" = "Paste Without Format";
< "dSm-GG-gzY.title" = "Filled Objects";
< "dc6-5Z-bPn.title" = "Name";
< "dvg-If-tNQ.title" = "Select Object";
< "eUz-X7-62q.title" = "Move Inside";
< "f9i-Yc-cbK.title" = "Clip to Canvas";
< "ftz-3g-7Sp.title" = "Space Vertically";
< "gAQ-rO-eeM.title" = "Groups";
< "gBi-na-Hkm.title" = "Symbols";
< "gS7-q3-giy.title" = "Top";
< "gks-nW-wJJ.title" = "Undashed Objects";
< "h2e-jb-eqj.title" = "Flip Horizontal";
< "h3y-2z-Xp8.title" = "Layer";
< "hM8-Hb-rKQ.title" = "Actual Size";
< "hlH-BN-Sz4.title" = "Shapes";
< "hov-rz-dRX.title" = "Align Left";
< "iPg-p2-hpv.title" = "Layer Effects…";
< "ilU-Cq-Y38.title" = "Align Middle";
< "in6-VW-P4V.title" = "Add";
< "iok-bx-VfU.title" = "Open Curves";
< "jV9-03-rXq.title" = "Toggle Full Screen";
< "jZl-ao-W2J.title" = "Move to Back";
< "jlm-SR-2pz.title" = "Deselect";
< "jrV-v4-MW7.title" = "Promote Group to Layer";
< "kYB-XR-fyN.title" = "New Adjustment";
< "m9R-t2-yyj.title" = "Zoom to Width";
< "mEr-Gt-JDx.title" = "Combine";
< "maN-a2-xud.title" = "Show";
< "n5i-kg-z88.title" = "Constrained Objects";
< "nKE-2h-R9m.title" = "Pixels (Retina)";
< "pRr-rl-5HZ.title" = "New From Clipboard";
< "pWq-7Y-iRf.title" = "Rotate Left";
< "pfF-6r-cy5.title" = "Distribute Horizontally";
< "pfV-9I-vOB.title" = "New Adjustment";
< "psY-ga-bCc.title" = "Move Forward One";
< "pz9-1S-cfX.title" = "Alignment";
< "rBO-so-8GU.title" = "Reveal in Finder";
< "rLg-7h-7O9.title" = "Path Text";
< "rUy-M0-gpa.title" = "Curves";
< "rcg-sk-99T.title" = "Move to Next View Point";
< "rfT-xg-mgi.title" = "Export as Template…";
< "rkj-NI-LFg.title" = "Select Same";
< "sY8-FF-EgH.title" = "Grow / Shrink…";
< "tA5-lK-lyF.title" = "Ungroup All";
< "tOl-ea-DRn.title" = "Move Outside";
< "tfR-jF-SsA.title" = "Opaque Objects";
< "tiR-0h-E97.title" = "Shape";
< "uys-gy-ZgQ.title" = "Subtract";
< "vRB-xZ-oSi.title" = "Save";
< "w2g-Sz-glV.title" = "Space Horizontally";
< "wcy-rd-D3z.title" = "Dashed Objects";
< "wiq-px-VKM.title" = "Blend Mode";
< "xLn-eq-kmf.title" = "Share";
< "xZO-9G-sCK.title" = "Show All";
< "xuZ-RU-OIw.title" = "Show Right Studio";
< "xyc-WK-KO3.title" = "Select Next";
< "zWJ-aT-Bvy.title" = "Select Blues";
< /* Class = "NSMenu"; title = "Alignment"; ObjectID = "5Jc-FA-nGp"; */
< /* Class = "NSMenu"; title = "Arrange"; ObjectID = "DiQ-1J-IMB"; */
< /* Class = "NSMenu"; title = "Colour Range"; ObjectID = "vPV-5x-1dH"; */
< /* Class = "NSMenu"; title = "Edit"; ObjectID = "828"; */
< /* Class = "NSMenu"; title = "File"; ObjectID = "873"; */
< /* Class = "NSMenu"; title = "Geometry"; ObjectID = "HuU-Hn-ZOl"; */
< /* Class = "NSMenu"; title = "Help"; ObjectID = "950"; */
< /* Class = "NSMenu"; title = "Insertion"; ObjectID = "5Hh-iC-jH2"; */
< /* Class = "NSMenu"; title = "Layer"; ObjectID = "h3y-2z-Xp8"; */
< /* Class = "NSMenu"; title = "New Adjustment"; ObjectID = "pfV-9I-vOB"; */
< /* Class = "NSMenu"; title = "Open Recent"; ObjectID = "887"; */
< /* Class = "NSMenu"; title = "Persona"; ObjectID = "815"; */
< /* Class = "NSMenu"; title = "Select Object"; ObjectID = "dvg-If-tNQ"; */
< /* Class = "NSMenu"; title = "Select Same"; ObjectID = "0Ad-HT-ba3"; */
< /* Class = "NSMenu"; title = "Select"; ObjectID = "D2v-ID-xc2"; */
< /* Class = "NSMenu"; title = "Services"; ObjectID = "827"; */
< /* Class = "NSMenu"; title = "Share"; ObjectID = "VM8-Tz-3iO"; */
< /* Class = "NSMenu"; title = "Studio"; ObjectID = "7Ms-Ow-sRJ"; */
< /* Class = "NSMenu"; title = "Tonal Range"; ObjectID = "aMz-Hs-DTu"; */
< /* Class = "NSMenu"; title = "Transform"; ObjectID = "Ydf-xe-VEc"; */
< /* Class = "NSMenu"; title = "View Mode"; ObjectID = "1364"; */
< /* Class = "NSMenu"; title = "View"; ObjectID = "889"; */
< /* Class = "NSMenu"; title = "Views"; ObjectID = "1357"; */
< /* Class = "NSMenu"; title = "Window"; ObjectID = "808"; */
< /* Class = "NSMenu"; title = "Zoom"; ObjectID = "AwI-0v-Obr"; */
< /* Class = "NSMenuItem"; title = "About…"; ObjectID = "826"; */
< /* Class = "NSMenuItem"; title = "Actual Size"; ObjectID = "hM8-Hb-rKQ"; */
< /* Class = "NSMenuItem"; title = "Add Preset…"; ObjectID = "aoU-sE-2Y3"; */
< /* Class = "NSMenuItem"; title = "Add"; ObjectID = "in6-VW-P4V"; */
< /* Class = "NSMenuItem"; title = "Affinity Designer Help"; ObjectID = "951"; */
< /* Class = "NSMenuItem"; title = "Align Bottom"; ObjectID = "RBt-gf-Am1"; */
< /* Class = "NSMenuItem"; title = "Align Centre"; ObjectID = "9sI-hO-Md4"; */
< /* Class = "NSMenuItem"; title = "Align Left"; ObjectID = "hov-rz-dRX"; */
< /* Class = "NSMenuItem"; title = "Align Middle"; ObjectID = "ilU-Cq-Y38"; */
< /* Class = "NSMenuItem"; title = "Align Right"; ObjectID = "P3r-1H-plh"; */
< /* Class = "NSMenuItem"; title = "Align Top"; ObjectID = "9zQ-Cn-yqa"; */
< /* Class = "NSMenuItem"; title = "Alignment"; ObjectID = "pz9-1S-cfX"; */
< /* Class = "NSMenuItem"; title = "Apple Colour Picker..."; ObjectID = "5gZ-dc-d83"; */
< /* Class = "NSMenuItem"; title = "Arrange"; ObjectID = "Pdf-BG-vv1"; */
< /* Class = "NSMenuItem"; title = "Art Text"; ObjectID = "6Jq-2c-4E9"; */
< /* Class = "NSMenuItem"; title = "Artboards"; ObjectID = "Jid-cQ-Uax"; */
< /* Class = "NSMenuItem"; title = "Behind"; ObjectID = "Yak-qb-Fe4"; */
< /* Class = "NSMenuItem"; title = "Blend Mode"; ObjectID = "wiq-px-VKM"; */
< /* Class = "NSMenuItem"; title = "Bring All to Front"; ObjectID = "813"; */
< /* Class = "NSMenuItem"; title = "Check for Updates"; ObjectID = "UmY-db-qsD"; */
< /* Class = "NSMenuItem"; title = "Clear Menu"; ObjectID = "888"; */
< /* Class = "NSMenuItem"; title = "Clip to Canvas"; ObjectID = "f9i-Yc-cbK"; */
< /* Class = "NSMenuItem"; title = "Close"; ObjectID = "881"; */
< /* Class = "NSMenuItem"; title = "Closed Curves"; ObjectID = "UVX-PA-AzK"; */
< /* Class = "NSMenuItem"; title = "Colour Range"; ObjectID = "1GZ-Zq-7ao"; */
< /* Class = "NSMenuItem"; title = "Combine"; ObjectID = "mEr-Gt-JDx"; */
< /* Class = "NSMenuItem"; title = "Constrained Objects"; ObjectID = "n5i-kg-z88"; */
< /* Class = "NSMenuItem"; title = "Copy"; ObjectID = "837"; */
< /* Class = "NSMenuItem"; title = "Create Compound"; ObjectID = "2cj-AZ-aR8"; */
< /* Class = "NSMenuItem"; title = "Curves"; ObjectID = "rUy-M0-gpa"; */
< /* Class = "NSMenuItem"; title = "Customise Toolbar…"; ObjectID = "892"; */
< /* Class = "NSMenuItem"; title = "Customise Tools…"; ObjectID = "890"; */
< /* Class = "NSMenuItem"; title = "Cut"; ObjectID = "839"; */
< /* Class = "NSMenuItem"; title = "Dashed Objects"; ObjectID = "wcy-rd-D3z"; */
< /* Class = "NSMenuItem"; title = "Default"; ObjectID = "C47-mT-0aA"; */
< /* Class = "NSMenuItem"; title = "Delete"; ObjectID = "843"; */
< /* Class = "NSMenuItem"; title = "Deselect"; ObjectID = "jlm-SR-2pz"; */
< /* Class = "NSMenuItem"; title = "Distribute Horizontally"; ObjectID = "pfF-6r-cy5"; */
< /* Class = "NSMenuItem"; title = "Distribute Vertically"; ObjectID = "2xk-Pg-gK6"; */
< /* Class = "NSMenuItem"; title = "Divide"; ObjectID = "BUe-Tz-Ng3"; */
< /* Class = "NSMenuItem"; title = "Dock Tools"; ObjectID = "Y2X-l8-Mab"; */
< /* Class = "NSMenuItem"; title = "Document Setup…"; ObjectID = "882"; */
< /* Class = "NSMenuItem"; title = "Duplicate"; ObjectID = "1062"; */
< /* Class = "NSMenuItem"; title = "Edit in Photo…"; ObjectID = "19K-PR-boR"; */
< /* Class = "NSMenuItem"; title = "Edit"; ObjectID = "805"; */
< /* Class = "NSMenuItem"; title = "Embedded Documents"; ObjectID = "cl8-YV-h6i"; */
< /* Class = "NSMenuItem"; title = "Export Persona"; ObjectID = "Iw4-fy-lrv"; */
< /* Class = "NSMenuItem"; title = "Export as Template…"; ObjectID = "rfT-xg-mgi"; */
< /* Class = "NSMenuItem"; title = "Export…"; ObjectID = "1099"; */
< /* Class = "NSMenuItem"; title = "Feather…"; ObjectID = "EIG-sN-XAe"; */
< /* Class = "NSMenuItem"; title = "File"; ObjectID = "804"; */
< /* Class = "NSMenuItem"; title = "Fill Colour"; ObjectID = "b30-53-9kv"; */
< /* Class = "NSMenuItem"; title = "Filled Objects"; ObjectID = "dSm-GG-gzY"; */
< /* Class = "NSMenuItem"; title = "Find in Layers Panel"; ObjectID = "Xif-Wj-Ftx"; */
< /* Class = "NSMenuItem"; title = "Flip Horizontal"; ObjectID = "h2e-jb-eqj"; */
< /* Class = "NSMenuItem"; title = "Flip Vertical"; ObjectID = "5vY-2i-N05"; */
< /* Class = "NSMenuItem"; title = "Frame Text"; ObjectID = "2yG-P1-OKQ"; */
< /* Class = "NSMenuItem"; title = "Geometry"; ObjectID = "LyZ-It-qgA"; */
< /* Class = "NSMenuItem"; title = "Group"; ObjectID = "985"; */
< /* Class = "NSMenuItem"; title = "Groups"; ObjectID = "gAQ-rO-eeM"; */
< /* Class = "NSMenuItem"; title = "Grow / Shrink…"; ObjectID = "sY8-FF-EgH"; */
< /* Class = "NSMenuItem"; title = "Height"; ObjectID = "RlG-JG-fGf"; */
< /* Class = "NSMenuItem"; title = "Help"; ObjectID = "801"; */
< /* Class = "NSMenuItem"; title = "Hide Others"; ObjectID = "816"; */
< /* Class = "NSMenuItem"; title = "Hide Studio"; ObjectID = "bZ9-iN-mbr"; */
< /* Class = "NSMenuItem"; title = "Hide"; ObjectID = "825"; */
< /* Class = "NSMenuItem"; title = "Hide"; ObjectID = "Apm-LB-GrQ"; */
< /* Class = "NSMenuItem"; title = "Images"; ObjectID = "SCK-l5-TS4"; */
< /* Class = "NSMenuItem"; title = "Insertion"; ObjectID = "Kkz-yQ-5cQ"; */
< /* Class = "NSMenuItem"; title = "Inside"; ObjectID = "Pl5-a5-uM3"; */
< /* Class = "NSMenuItem"; title = "Intersect"; ObjectID = "JFh-gc-Rav"; */
< /* Class = "NSMenuItem"; title = "Invert Pixel Selection"; ObjectID = "VmM-8g-VbQ"; */
< /* Class = "NSMenuItem"; title = "Invert"; ObjectID = "bsJ-It-5zZ"; */
< /* Class = "NSMenuItem"; title = "Layer Effects…"; ObjectID = "iPg-p2-hpv"; */
< /* Class = "NSMenuItem"; title = "Layer"; ObjectID = "Gfb-Y7-eoF"; */
< /* Class = "NSMenuItem"; title = "Lock Guides"; ObjectID = "0Lg-KQ-dAO"; */
< /* Class = "NSMenuItem"; title = "Lock"; ObjectID = "Wzg-GB-ZB7"; */
< /* Class = "NSMenuItem"; title = "Manage Studio Presets…"; ObjectID = "Lhs-Zt-z1Q"; */
< /* Class = "NSMenuItem"; title = "Merge All Windows"; ObjectID = "6Qq-Jb-6Pi"; */
< /* Class = "NSMenuItem"; title = "Minimize"; ObjectID = "811"; */
< /* Class = "NSMenuItem"; title = "Move Back One"; ObjectID = "1fK-86-ju6"; */
< /* Class = "NSMenuItem"; title = "Move Forward One"; ObjectID = "psY-ga-bCc"; */
< /* Class = "NSMenuItem"; title = "Move Inside"; ObjectID = "eUz-X7-62q"; */
< /* Class = "NSMenuItem"; title = "Move Outside"; ObjectID = "tOl-ea-DRn"; */
< /* Class = "NSMenuItem"; title = "Move to Back"; ObjectID = "jZl-ao-W2J"; */
< /* Class = "NSMenuItem"; title = "Move to Front"; ObjectID = "K9S-F2-SAt"; */
< /* Class = "NSMenuItem"; title = "Move to Next View Point"; ObjectID = "rcg-sk-99T"; */
< /* Class = "NSMenuItem"; title = "Move to Previous View Point"; ObjectID = "8tL-AX-ZuN"; */
< /* Class = "NSMenuItem"; title = "My Account…"; ObjectID = "62i-09-7I6"; */
< /* Class = "NSMenuItem"; title = "Name"; ObjectID = "dc6-5Z-bPn"; */
< /* Class = "NSMenuItem"; title = "New Adjustment"; ObjectID = "kYB-XR-fyN"; */
< /* Class = "NSMenuItem"; title = "New From Clipboard"; ObjectID = "pRr-rl-5HZ"; */
< /* Class = "NSMenuItem"; title = "New Layer"; ObjectID = "cDM-fW-hK3"; */
< /* Class = "NSMenuItem"; title = "New Pixel Layer"; ObjectID = "GaF-gW-Lfc"; */
< /* Class = "NSMenuItem"; title = "New View"; ObjectID = "1093"; */
< /* Class = "NSMenuItem"; title = "New…"; ObjectID = "884"; */
< /* Class = "NSMenuItem"; title = "Opaque Objects"; ObjectID = "tfR-jF-SsA"; */
< /* Class = "NSMenuItem"; title = "Open Curves"; ObjectID = "iok-bx-VfU"; */
< /* Class = "NSMenuItem"; title = "Open Recent"; ObjectID = "883"; */
< /* Class = "NSMenuItem"; title = "Open…"; ObjectID = "885"; */
< /* Class = "NSMenuItem"; title = "Outline"; ObjectID = "HfA-2T-WZw"; */
< /* Class = "NSMenuItem"; title = "Outline…"; ObjectID = "0UI-j4-x1u"; */
< /* Class = "NSMenuItem"; title = "Paste FX"; ObjectID = "Jid-BT-E4d"; */
< /* Class = "NSMenuItem"; title = "Paste Inside"; ObjectID = "bMX-re-6My"; */
< /* Class = "NSMenuItem"; title = "Paste Style"; ObjectID = "1325"; */
< /* Class = "NSMenuItem"; title = "Paste Without Format"; ObjectID = "d54-cg-jXJ"; */
< /* Class = "NSMenuItem"; title = "Paste"; ObjectID = "838"; */
< /* Class = "NSMenuItem"; title = "Path Text"; ObjectID = "rLg-7h-7O9"; */
< /* Class = "NSMenuItem"; title = "Persona"; ObjectID = "806"; */
< /* Class = "NSMenuItem"; title = "Pixel Objects"; ObjectID = "KGa-Zn-mYe"; */
< /* Class = "NSMenuItem"; title = "Pixel Size"; ObjectID = "HYl-Sx-qWy"; */
< /* Class = "NSMenuItem"; title = "Pixels (Retina)"; ObjectID = "nKE-2h-R9m"; */
< /* Class = "NSMenuItem"; title = "Pixels"; ObjectID = "1107"; */
< /* Class = "NSMenuItem"; title = "Place…"; ObjectID = "1310"; */
< /* Class = "NSMenuItem"; title = "Preferences…"; ObjectID = "821"; */
< /* Class = "NSMenuItem"; title = "Print…"; ObjectID = "886"; */
< /* Class = "NSMenuItem"; title = "Promote Group to Layer"; ObjectID = "jrV-v4-MW7"; */
< /* Class = "NSMenuItem"; title = "Quit"; ObjectID = "823"; */
< /* Class = "NSMenuItem"; title = "Rasterise to Mask"; ObjectID = "kwV-pS-ky9"; */
< /* Class = "NSMenuItem"; title = "Rasterise…"; ObjectID = "1339"; */
< /* Class = "NSMenuItem"; title = "Redo"; ObjectID = "835"; */
< /* Class = "NSMenuItem"; title = "Refine Edges…"; ObjectID = "BnC-4c-eq4"; */
< /* Class = "NSMenuItem"; title = "Release Compound"; ObjectID = "2gM-ac-CZ2"; */
< /* Class = "NSMenuItem"; title = "Reset Rotation"; ObjectID = "Vo4-bq-5zC"; */
< /* Class = "NSMenuItem"; title = "Reset Studio"; ObjectID = "KQr-YC-kUd"; */
< /* Class = "NSMenuItem"; title = "Resource Manager..."; ObjectID = "JsA-Cd-ns7"; */
< /* Class = "NSMenuItem"; title = "Reveal in Finder"; ObjectID = "rBO-so-8GU"; */
< /* Class = "NSMenuItem"; title = "Rotate Left"; ObjectID = "J6l-Xr-Dhi"; */
< /* Class = "NSMenuItem"; title = "Rotate Left"; ObjectID = "pWq-7Y-iRf"; */
< /* Class = "NSMenuItem"; title = "Rotate Right"; ObjectID = "KGT-Nj-GhA"; */
< /* Class = "NSMenuItem"; title = "Rotate Right"; ObjectID = "WDl-dG-mYt"; */
< /* Class = "NSMenuItem"; title = "Rotation"; ObjectID = "ExN-Hh-1JH"; */
< /* Class = "NSMenuItem"; title = "Save As…"; ObjectID = "874"; */
< /* Class = "NSMenuItem"; title = "Save"; ObjectID = "vRB-xZ-oSi"; */
< /* Class = "NSMenuItem"; title = "Select All"; ObjectID = "842"; */
< /* Class = "NSMenuItem"; title = "Select Blues"; ObjectID = "zWJ-aT-Bvy"; */
< /* Class = "NSMenuItem"; title = "Select Greens"; ObjectID = "Mm3-6K-TEL"; */
< /* Class = "NSMenuItem"; title = "Select Highlights"; ObjectID = "0f1-fu-J4F"; */
< /* Class = "NSMenuItem"; title = "Select Midtones"; ObjectID = "TPM-uR-PMT"; */
< /* Class = "NSMenuItem"; title = "Select Next"; ObjectID = "xyc-WK-KO3"; */
< /* Class = "NSMenuItem"; title = "Select Object"; ObjectID = "Ndn-Bi-HPU"; */
< /* Class = "NSMenuItem"; title = "Select Previous"; ObjectID = "Dfj-0Q-5ey"; */
< /* Class = "NSMenuItem"; title = "Select Reds"; ObjectID = "9le-2a-jMn"; */
< /* Class = "NSMenuItem"; title = "Select Same"; ObjectID = "rkj-NI-LFg"; */
< /* Class = "NSMenuItem"; title = "Select Sampled Colour…"; ObjectID = "Jbn-Xo-dmg"; */
< /* Class = "NSMenuItem"; title = "Select Shadows"; ObjectID = "cXo-H2-2bv"; */
< /* Class = "NSMenuItem"; title = "Select"; ObjectID = "JjC-RP-On1"; */
< /* Class = "NSMenuItem"; title = "Services"; ObjectID = "818"; */
< /* Class = "NSMenuItem"; title = "Shape"; ObjectID = "tiR-0h-E97"; */
< /* Class = "NSMenuItem"; title = "Shapes"; ObjectID = "hlH-BN-Sz4"; */
< /* Class = "NSMenuItem"; title = "Share"; ObjectID = "xLn-eq-kmf"; */
< /* Class = "NSMenuItem"; title = "Show All"; ObjectID = "824"; */
< /* Class = "NSMenuItem"; title = "Show All"; ObjectID = "xZO-9G-sCK"; */
< /* Class = "NSMenuItem"; title = "Show Context Toolbar"; ObjectID = "7nW-ja-baX"; */
< /* Class = "NSMenuItem"; title = "Show Grid"; ObjectID = "1089"; */
< /* Class = "NSMenuItem"; title = "Show Guides"; ObjectID = "1088"; */
< /* Class = "NSMenuItem"; title = "Show Left Studio"; ObjectID = "Xyx-dK-eNl"; */
< /* Class = "NSMenuItem"; title = "Show Margins"; ObjectID = "1087"; */
< /* Class = "NSMenuItem"; title = "Show Right Studio"; ObjectID = "xuZ-RU-OIw"; */
< /* Class = "NSMenuItem"; title = "Show Rulers"; ObjectID = "1457"; */
< /* Class = "NSMenuItem"; title = "Show Toolbar"; ObjectID = "893"; */
< /* Class = "NSMenuItem"; title = "Show Tools"; ObjectID = "6cS-Hu-XNb"; */
< /* Class = "NSMenuItem"; title = "Show"; ObjectID = "maN-a2-xud"; */
< /* Class = "NSMenuItem"; title = "Single View"; ObjectID = "PHF-sc-jzi"; */
< /* Class = "NSMenuItem"; title = "Smooth…"; ObjectID = "DkT-96-dVd"; */
< /* Class = "NSMenuItem"; title = "Space Horizontally"; ObjectID = "w2g-Sz-glV"; */
< /* Class = "NSMenuItem"; title = "Space Vertically"; ObjectID = "ftz-3g-7Sp"; */
< /* Class = "NSMenuItem"; title = "Split View"; ObjectID = "CfD-Er-w2q"; */
< /* Class = "NSMenuItem"; title = "Stroke Colour"; ObjectID = "x7L-pJ-8pJ"; */
< /* Class = "NSMenuItem"; title = "Stroke Weight"; ObjectID = "FM0-Mm-4qs"; */
< /* Class = "NSMenuItem"; title = "Stroked Objects"; ObjectID = "TaN-YS-0rz"; */
< /* Class = "NSMenuItem"; title = "Studio"; ObjectID = "cPk-2b-Hj9"; */
< /* Class = "NSMenuItem"; title = "Subtract"; ObjectID = "uys-gy-ZgQ"; */
< /* Class = "NSMenuItem"; title = "Support..."; ObjectID = "EUD-mq-sUk"; */
< /* Class = "NSMenuItem"; title = "Symbols"; ObjectID = "gBi-na-Hkm"; */
< /* Class = "NSMenuItem"; title = "Tag Colour"; ObjectID = "Xj7-UT-Ub4"; */
< /* Class = "NSMenuItem"; title = "Toggle Full Screen"; ObjectID = "jV9-03-rXq"; */
< /* Class = "NSMenuItem"; title = "Toggle UI"; ObjectID = "T0f-75-01c"; */
< /* Class = "NSMenuItem"; title = "Tonal Range"; ObjectID = "78c-dl-JTQ"; */
< /* Class = "NSMenuItem"; title = "Top"; ObjectID = "gS7-q3-giy"; */
< /* Class = "NSMenuItem"; title = "Transform"; ObjectID = "4FN-26-KZw"; */
< /* Class = "NSMenuItem"; title = "Transparency"; ObjectID = "8gW-e6-TOt"; */
< /* Class = "NSMenuItem"; title = "Transparent Objects"; ObjectID = "VMu-DI-OST"; */
< /* Class = "NSMenuItem"; title = "Undashed Objects"; ObjectID = "gks-nW-wJJ"; */
< /* Class = "NSMenuItem"; title = "Undo"; ObjectID = "841"; */
< /* Class = "NSMenuItem"; title = "Unfilled Objects"; ObjectID = "7gw-jc-seI"; */
< /* Class = "NSMenuItem"; title = "Ungroup All"; ObjectID = "tA5-lK-lyF"; */
< /* Class = "NSMenuItem"; title = "Ungroup"; ObjectID = "984"; */
< /* Class = "NSMenuItem"; title = "Unlock All"; ObjectID = "HsB-rL-q5J"; */
< /* Class = "NSMenuItem"; title = "Unlock"; ObjectID = "RyC-Ds-nq8"; */
< /* Class = "NSMenuItem"; title = "Unstroked Objects"; ObjectID = "Wvn-SZ-qqo"; */
< /* Class = "NSMenuItem"; title = "Vector Layers"; ObjectID = "bWD-oS-nMx"; */
< /* Class = "NSMenuItem"; title = "Vector"; ObjectID = "1366"; */
< /* Class = "NSMenuItem"; title = "View Mode"; ObjectID = "1362"; */
< /* Class = "NSMenuItem"; title = "View"; ObjectID = "803"; */
< /* Class = "NSMenuItem"; title = "Views"; ObjectID = "1353"; */
< /* Class = "NSMenuItem"; title = "Width"; ObjectID = "0J9-OZ-Kuh"; */
< /* Class = "NSMenuItem"; title = "Window"; ObjectID = "807"; */
< /* Class = "NSMenuItem"; title = "Zoom In"; ObjectID = "1329"; */
< /* Class = "NSMenuItem"; title = "Zoom Out"; ObjectID = "1331"; */
< /* Class = "NSMenuItem"; title = "Zoom to Fit"; ObjectID = "1075"; */
< /* Class = "NSMenuItem"; title = "Zoom to Selection"; ObjectID = "ScM-oe-ax7"; */
< /* Class = "NSMenuItem"; title = "Zoom to Width"; ObjectID = "m9R-t2-yyj"; */
< /* Class = "NSMenuItem"; title = "Zoom"; ObjectID = "62y-VS-XtY"; */
< /* Class = "NSMenuItem"; title = "Zoom"; ObjectID = "812"; */
> "0Ad-HT-ba3.title" = "동일 선택";
> "0J9-OZ-Kuh.title" = "너비";
> "0Lg-KQ-dAO.title" = "안내선 잠금";
> "0UI-j4-x1u.title" = "외형…";
> "0f1-fu-J4F.title" = "빛 선택";
> "1062.title" = "복제";
> "1075.title" = "화면 크기에 맞추기";
> "1087.title" = "여백선 보기";
> "1088.title" = "안내선 보기";
> "1089.title" = "격자선 보기";
> "1093.title" = "신규 뷰";
> "1099.title" = "내보내기…";
> "1107.title" = "픽셀";
> "1310.title" = "배치…";
> "1325.title" = "스타일 붙이기";
> "1329.title" = "확대";
> "1331.title" = "축소";
> "1353.title" = "뷰";
> "1357.title" = "뷰";
> "1362.title" = "뷰 모드";
> "1364.title" = "뷰 모드";
> "1366.title" = "벡터";
> "1457.title" = "눈금자 보기";
> "19K-PR-boR.title" = "Photo에서 편집…";
> "1fK-86-ju6.title" = "뒤로 보내기";
> "2cj-AZ-aR8.title" = "결합 생성";
> "2gM-ac-CZ2.title" = "결합 해제";
> "2xk-Pg-gK6.title" = "세로 분배";
> "2yG-P1-OKQ.title" = "액자 텍스트";
> "4FN-26-KZw.title" = "변형";
> "5Hh-iC-jH2.title" = "삽입";
> "5Jc-FA-nGp.title" = "정렬";
> "5vY-2i-N05.title" = "세로 뒤집기";
> "62i-09-7I6.title" = "내 계정…";
> "62y-VS-XtY.title" = "맞추기";
> "6Jq-2c-4E9.title" = "예술 텍스트";
> "6Qq-Jb-6Pi.title" = "모든 윈도우 통합";
> "6cS-Hu-XNb.title" = "도구 보기";
> "78c-dl-JTQ.title" = "색조 범위";
> "7Ms-Ow-sRJ.title" = "작업실";
> "7gw-jc-seI.title" = "칠이 없는 오브젝트";
> "7nW-ja-baX.title" = "상황별 툴바 보기";
> "801.title" = "도움말";
> "803.title" = "뷰";
> "804.title" = "파일";
> "805.title" = "편집";
> "806.title" = "페르소나";
> "807.title" = "윈도우";
> "808.title" = "윈도우";
> "811.title" = "최소화";
> "812.title" = "맞추기";
> "813.title" = "모두 앞으로 가져오기";
> "815.title" = "페르소나";
> "816.title" = "기타 가리기";
> "818.title" = "서비스";
> "821.title" = "환경설정…";
> "823.title" = "Affinity Designer 종료";
> "824.title" = "모두 보기";
> "825.title" = "가리기";
> "826.title" = "Affinity Designer에 관하여…";
> "827.title" = "서비스";
> "828.title" = "편집";
> "835.title" = "다시 실행";
> "837.title" = "복사";
> "838.title" = "붙이기";
> "839.title" = "오려두기";
> "841.title" = "실행 취소";
> "842.title" = "전체 선택";
> "843.title" = "지우기";
> "873.title" = "파일";
> "874.title" = "다른 이름으로 저장…";
> "881.title" = "닫기";
> "882.title" = "문서 설정…";
> "883.title" = "최근 사용 열기";
> "884.title" = "신규…";
> "885.title" = "열기…";
> "886.title" = "인쇄…";
> "887.title" = "최근 사용 열기";
> "888.title" = "메뉴 지우기";
> "889.title" = "뷰";
> "893.title" = "툴바 보기";
> "8gW-e6-TOt.title" = "투명도";
> "8tL-AX-ZuN.title" = "이전 뷰 포인트로 이동";
> "950.title" = "도움말";
> "951.title" = "Affinity Designer 도움말";
> "984.title" = "그룹 풀기";
> "985.title" = "그룹";
> "9le-2a-jMn.title" = "빨강 선택";
> "9zQ-Cn-yqa.title" = "위쪽 정렬";
> "Apm-LB-GrQ.title" = "가리기";
> "AwI-0v-Obr.title" = "맞추기";
> "BUe-Tz-Ng3.title" = "분할";
> "BnC-4c-eq4.title" = "모서리 다듬기…";
> "C47-mT-0aA.title" = "기본값";
> "CfD-Er-w2q.title" = "분할 뷰 모드";
> "D2v-ID-xc2.title" = "선택";
> "Dfj-0Q-5ey.title" = "이전 항목 선택";
> "DiQ-1J-IMB.title" = "순서";
> "DkT-96-dVd.title" = "매끄럽게…";
> "EIG-sN-XAe.title" = "깃털…";
> "EUD-mq-sUk.title" = "지원...";
> "ExN-Hh-1JH.title" = "회전";
> "FM0-Mm-4qs.title" = "선 두께";
> "GaF-gW-Lfc.title" = "신규 픽셀 레이어";
> "Gfb-Y7-eoF.title" = "레이어";
> "HYl-Sx-qWy.title" = "픽셀 크기";
> "HfA-2T-WZw.title" = "외형";
> "HsB-rL-q5J.title" = "모두 잠금 풀기";
> "HuU-Hn-ZOl.title" = "기하";
> "Iw4-fy-lrv.title" = "내보내기 페르소나";
> "J6l-Xr-Dhi.title" = "왼쪽으로 회전";
> "JFh-gc-Rav.title" = "교차";
> "Jid-BT-E4d.title" = "효과 붙이기";
> "Jid-cQ-Uax.title" = "아트보드";
> "JjC-RP-On1.title" = "선택";
> "JsA-Cd-ns7.title" = "자원 관리자...";
> "K9S-F2-SAt.title" = "맨 앞으로 가져오기";
> "KGT-Nj-GhA.title" = "오른쪽으로 회전";
> "KGa-Zn-mYe.title" = "픽셀 오브젝트";
> "KQr-YC-kUd.title" = "작업실 재설정";
> "Kkz-yQ-5cQ.title" = "삽입";
> "Lhs-Zt-z1Q.title" = "작업실 미리 설정 관리…";
> "LyZ-It-qgA.title" = "기하";
> "Mm3-6K-TEL.title" = "초록 선택";
> "Ndn-Bi-HPU.title" = "오브젝트 선택";
> "P3r-1H-plh.title" = "오른쪽 정렬";
> "PHF-sc-jzi.title" = "단일 뷰 모드";
> "Pdf-BG-vv1.title" = "순서";
> "Pl5-a5-uM3.title" = "안으로";
> "RBt-gf-Am1.title" = "아래쪽 정렬";
> "RlG-JG-fGf.title" = "높이";
> "RyC-Ds-nq8.title" = "잠금 풀기";
> "SCK-l5-TS4.title" = "이미지";
> "ScM-oe-ax7.title" = "선택 항목에 맞추기";
> "T0f-75-01c.title" = "UI 가리기";
> "TPM-uR-PMT.title" = "중간 선택";
> "TaN-YS-0rz.title" = "선이 있는 오브젝트";
> "UVX-PA-AzK.title" = "닫힌 곡선";
> "UmY-db-qsD.title" = "업데이트 확인";
> "VM8-Tz-3iO.title" = "공유";
> "VMu-DI-OST.title" = "투명 오브젝트";
> "VmM-8g-VbQ.title" = "픽셀 선택 항목 반전";
> "Vo4-bq-5zC.title" = "회전 재설정";
> "WDl-dG-mYt.title" = "오른쪽으로 회전";
> "Wvn-SZ-qqo.title" = "선이 없는 오브젝트";
> "Wzg-GB-ZB7.title" = "잠금";
> "Xif-Wj-Ftx.title" = "레이어 패널에서 찾기";
> "Xyx-dK-eNl.title" = "왼쪽 작업실 보기";
> "Y2X-l8-Mab.title" = "도구 고정";
> "Yak-qb-Fe4.title" = "뒤로";
> "Ydf-xe-VEc.title" = "변형";
> "aMz-Hs-DTu.title" = "색조 범위";
> "aoU-sE-2Y3.title" = "미리 설정 추가…";
> "bMX-re-6My.title" = "안으로 붙이기";
> "bWD-oS-nMx.title" = "벡터 레이어";
> "bZ9-iN-mbr.title" = "작업실 가리기";
> "bsJ-It-5zZ.title" = "반전";
> "cDM-fW-hK3.title" = "신규 레이어";
> "cPk-2b-Hj9.title" = "작업실";
> "cXo-H2-2bv.title" = "그림자 선택";
> "cl8-YV-h6i.title" = "삽입된 문서";
> "d54-cg-jXJ.title" = "포맷 없이 붙이기";
> "dSm-GG-gzY.title" = "칠이 있는 오브젝트";
> "dc6-5Z-bPn.title" = "이름";
> "dvg-If-tNQ.title" = "오브젝트 선택";
> "eUz-X7-62q.title" = "안으로 가져오기";
> "f9i-Yc-cbK.title" = "캔버스에 클립";
> "ftz-3g-7Sp.title" = "세로 공백";
> "gAQ-rO-eeM.title" = "그룹";
> "gBi-na-Hkm.title" = "상징";
> "gS7-q3-giy.title" = "위쪽";
> "gks-nW-wJJ.title" = "점선 없는 오브젝트";
> "h2e-jb-eqj.title" = "가로 뒤집기";
> "h3y-2z-Xp8.title" = "레이어";
> "hM8-Hb-rKQ.title" = "실제 크기";
> "hlH-BN-Sz4.title" = "모양";
> "hov-rz-dRX.title" = "왼쪽 정렬";
> "iPg-p2-hpv.title" = "레이어 효과…";
> "ilU-Cq-Y38.title" = "세로 가운데 정렬";
> "in6-VW-P4V.title" = "추가";
> "iok-bx-VfU.title" = "열린 곡선";
> "jV9-03-rXq.title" = "전체 화면 시작";
> "jZl-ao-W2J.title" = "맨 뒤로 보내기";
> "jlm-SR-2pz.title" = "선택 해제";
> "jrV-v4-MW7.title" = "그룹을 레이어로 승격";
> "kYB-XR-fyN.title" = "신규 조정";
> "m9R-t2-yyj.title" = "화면 너비에 맞추기";
> "mEr-Gt-JDx.title" = "배타적논리합";
> "maN-a2-xud.title" = "보기";
> "n5i-kg-z88.title" = "제약받는 오브젝트";
> "nKE-2h-R9m.title" = "픽셀 (레티나)";
> "pRr-rl-5HZ.title" = "클립보드에서 신규";
> "pWq-7Y-iRf.title" = "왼쪽으로 회전";
> "pfF-6r-cy5.title" = "가로 분배";
> "pfV-9I-vOB.title" = "신규 조정";
> "psY-ga-bCc.title" = "앞으로 가져오기";
> "pz9-1S-cfX.title" = "정렬";
> "rBO-so-8GU.title" = "Finder에서 찾기";
> "rLg-7h-7O9.title" = "경로 텍스트";
> "rUy-M0-gpa.title" = "곡선";
> "rcg-sk-99T.title" = "다음 뷰 포인트로 이동";
> "rfT-xg-mgi.title" = "템플릿으로 내보내기…";
> "rkj-NI-LFg.title" = "동일 선택";
> "sY8-FF-EgH.title" = "팽창 / 수축…";
> "tA5-lK-lyF.title" = "모든 그룹 풀기";
> "tOl-ea-DRn.title" = "바깥으로 보내기";
> "tfR-jF-SsA.title" = "불투명 오브젝트";
> "tiR-0h-E97.title" = "모양";
> "uys-gy-ZgQ.title" = "제거";
> "vRB-xZ-oSi.title" = "저장";
> "w2g-Sz-glV.title" = "가로 공백";
> "wcy-rd-D3z.title" = "점선 오브젝트";
> "wiq-px-VKM.title" = "혼합 모드";
> "xLn-eq-kmf.title" = "공유";
> "xZO-9G-sCK.title" = "모두 보기";
> "xuZ-RU-OIw.title" = "오른쪽 작업실 보기";
> "xyc-WK-KO3.title" = "다음 항목 선택";
> "zWJ-aT-Bvy.title" = "파랑 선택";
> /* Class = "NSMenu"; title = "뷰 모드"; ObjectID = "1364"; */
> /* Class = "NSMenu"; title = "뷰"; ObjectID = "1357"; */
> /* Class = "NSMenu"; title = "뷰"; ObjectID = "889"; */
> /* Class = "NSMenu"; title = "최근 사용 열기"; ObjectID = "887"; */
> /* Class = "NSMenu"; title = "동일 선택"; ObjectID = "0Ad-HT-ba3"; */
> /* Class = "NSMenu"; title = "색조 범위"; ObjectID = "aMz-Hs-DTu"; */
> /* Class = "NSMenu"; title = "신규 조정"; ObjectID = "pfV-9I-vOB"; */
> /* Class = "NSMenu"; title = "색상 범위"; ObjectID = "vPV-5x-1dH"; */
> /* Class = "NSMenu"; title = "삽입"; ObjectID = "5Hh-iC-jH2"; */
> /* Class = "NSMenu"; title = "정렬"; ObjectID = "5Jc-FA-nGp"; */
> /* Class = "NSMenu"; title = "편집"; ObjectID = "828"; */
> /* Class = "NSMenu"; title = "파일"; ObjectID = "873"; */
> /* Class = "NSMenu"; title = "선택"; ObjectID = "D2v-ID-xc2"; */
> /* Class = "NSMenu"; title = "순서"; ObjectID = "DiQ-1J-IMB"; */
> /* Class = "NSMenu"; title = "기하"; ObjectID = "HuU-Hn-ZOl"; */
> /* Class = "NSMenu"; title = "공유"; ObjectID = "VM8-Tz-3iO"; */
> /* Class = "NSMenu"; title = "변형"; ObjectID = "Ydf-xe-VEc"; */
> /* Class = "NSMenu"; title = "작업실"; ObjectID = "7Ms-Ow-sRJ"; */
> /* Class = "NSMenu"; title = "윈도우"; ObjectID = "808"; */
> /* Class = "NSMenu"; title = "서비스"; ObjectID = "827"; */
> /* Class = "NSMenu"; title = "도움말"; ObjectID = "950"; */
> /* Class = "NSMenu"; title = "맞추기"; ObjectID = "AwI-0v-Obr"; */
> /* Class = "NSMenu"; title = "레이어"; ObjectID = "h3y-2z-Xp8"; */
> /* Class = "NSMenu"; title = "오브젝트 선택"; ObjectID = "dvg-If-tNQ"; */
> /* Class = "NSMenu"; title = "페르소나"; ObjectID = "815"; */
> /* Class = "NSMenuItem"; title = "Affinity Designer 종료"; ObjectID = "823"; */
> /* Class = "NSMenuItem"; title = "Affinity Designer 도움말"; ObjectID = "951"; */
> /* Class = "NSMenuItem"; title = "Affinity Designer에 관하여…"; ObjectID = "826"; */
> /* Class = "NSMenuItem"; title = "Apple 색상 선택기..."; ObjectID = "5gZ-dc-d83"; */
> /* Class = "NSMenuItem"; title = "Finder에서 찾기"; ObjectID = "rBO-so-8GU"; */
> /* Class = "NSMenuItem"; title = "Photo에서 편집…"; ObjectID = "19K-PR-boR"; */
> /* Class = "NSMenuItem"; title = "UI 가리기"; ObjectID = "T0f-75-01c"; */
> /* Class = "NSMenuItem"; title = "맨 뒤로 보내기"; ObjectID = "jZl-ao-W2J"; */
> /* Class = "NSMenuItem"; title = "빛 선택"; ObjectID = "0f1-fu-J4F"; */
> /* Class = "NSMenuItem"; title = "뷰 모드"; ObjectID = "1362"; */
> /* Class = "NSMenuItem"; title = "선 두께"; ObjectID = "FM0-Mm-4qs"; */
> /* Class = "NSMenuItem"; title = "칠 색상"; ObjectID = "b30-53-9kv"; */
> /* Class = "NSMenuItem"; title = "선 색상"; ObjectID = "x7L-pJ-8pJ"; */
> /* Class = "NSMenuItem"; title = "맨 앞으로 가져오기"; ObjectID = "K9S-F2-SAt"; */
> /* Class = "NSMenuItem"; title = "내 계정…"; ObjectID = "62i-09-7I6"; */
> /* Class = "NSMenuItem"; title = "뷰"; ObjectID = "1353"; */
> /* Class = "NSMenuItem"; title = "뷰"; ObjectID = "803"; */
> /* Class = "NSMenuItem"; title = "픽셀 (레티나)"; ObjectID = "nKE-2h-R9m"; */
> /* Class = "NSMenuItem"; title = "팽창 / 수축…"; ObjectID = "sY8-FF-EgH"; */
> /* Class = "NSMenuItem"; title = "분할 뷰 모드"; ObjectID = "CfD-Er-w2q"; */
> /* Class = "NSMenuItem"; title = "단일 뷰 모드"; ObjectID = "PHF-sc-jzi"; */
> /* Class = "NSMenuItem"; title = "이전 뷰 포인트로 이동"; ObjectID = "8tL-AX-ZuN"; */
> /* Class = "NSMenuItem"; title = "다음 뷰 포인트로 이동"; ObjectID = "rcg-sk-99T"; */
> /* Class = "NSMenuItem"; title = "신규 뷰"; ObjectID = "1093"; */
> /* Class = "NSMenuItem"; title = "픽셀 선택 항목 반전"; ObjectID = "VmM-8g-VbQ"; */
> /* Class = "NSMenuItem"; title = "최근 사용 열기"; ObjectID = "883"; */
> /* Class = "NSMenuItem"; title = "이전 항목 선택"; ObjectID = "Dfj-0Q-5ey"; */
> /* Class = "NSMenuItem"; title = "모두 잠금 풀기"; ObjectID = "HsB-rL-q5J"; */
> /* Class = "NSMenuItem"; title = "전체 화면 시작"; ObjectID = "jV9-03-rXq"; */
> /* Class = "NSMenuItem"; title = "모든 그룹 풀기"; ObjectID = "tA5-lK-lyF"; */
> /* Class = "NSMenuItem"; title = "다음 항목 선택"; ObjectID = "xyc-WK-KO3"; */
> /* Class = "NSMenuItem"; title = "신규 픽셀 레이어"; ObjectID = "GaF-gW-Lfc"; */
> /* Class = "NSMenuItem"; title = "표본 색상 선택…"; ObjectID = "Jbn-Xo-dmg"; */
> /* Class = "NSMenuItem"; title = "미리 설정 추가…"; ObjectID = "aoU-sE-2Y3"; */
> /* Class = "NSMenuItem"; title = "포맷 없이 붙이기"; ObjectID = "d54-cg-jXJ"; */
> /* Class = "NSMenuItem"; title = "칠이 없는 오브젝트"; ObjectID = "7gw-jc-seI"; */
> /* Class = "NSMenuItem"; title = "선이 있는 오브젝트"; ObjectID = "TaN-YS-0rz"; */
> /* Class = "NSMenuItem"; title = "선이 없는 오브젝트"; ObjectID = "Wvn-SZ-qqo"; */
> /* Class = "NSMenuItem"; title = "칠이 있는 오브젝트"; ObjectID = "dSm-GG-gzY"; */
> /* Class = "NSMenuItem"; title = "점선 없는 오브젝트"; ObjectID = "gks-nW-wJJ"; */
> /* Class = "NSMenuItem"; title = "색상 범위"; ObjectID = "1GZ-Zq-7ao"; */
> /* Class = "NSMenuItem"; title = "결합 생성"; ObjectID = "2cj-AZ-aR8"; */
> /* Class = "NSMenuItem"; title = "결합 해제"; ObjectID = "2gM-ac-CZ2"; */
> /* Class = "NSMenuItem"; title = "세로 분배"; ObjectID = "2xk-Pg-gK6"; */
> /* Class = "NSMenuItem"; title = "도구 보기"; ObjectID = "6cS-Hu-XNb"; */
> /* Class = "NSMenuItem"; title = "색조 범위"; ObjectID = "78c-dl-JTQ"; */
> /* Class = "NSMenuItem"; title = "모두 보기"; ObjectID = "824"; */
> /* Class = "NSMenuItem"; title = "다시 실행"; ObjectID = "835"; */
> /* Class = "NSMenuItem"; title = "실행 취소"; ObjectID = "841"; */
> /* Class = "NSMenuItem"; title = "전체 선택"; ObjectID = "842"; */
> /* Class = "NSMenuItem"; title = "툴바 보기"; ObjectID = "893"; */
> /* Class = "NSMenuItem"; title = "그룹 풀기"; ObjectID = "984"; */
> /* Class = "NSMenuItem"; title = "빨강 선택"; ObjectID = "9le-2a-jMn"; */
> /* Class = "NSMenuItem"; title = "위쪽 정렬"; ObjectID = "9zQ-Cn-yqa"; */
> /* Class = "NSMenuItem"; title = "픽셀 크기"; ObjectID = "HYl-Sx-qWy"; */
> /* Class = "NSMenuItem"; title = "초록 선택"; ObjectID = "Mm3-6K-TEL"; */
> /* Class = "NSMenuItem"; title = "잠금 풀기"; ObjectID = "RyC-Ds-nq8"; */
> /* Class = "NSMenuItem"; title = "중간 선택"; ObjectID = "TPM-uR-PMT"; */
> /* Class = "NSMenuItem"; title = "닫힌 곡선"; ObjectID = "UVX-PA-AzK"; */
> /* Class = "NSMenuItem"; title = "태그 색상"; ObjectID = "Xj7-UT-Ub4"; */
> /* Class = "NSMenuItem"; title = "도구 고정"; ObjectID = "Y2X-l8-Mab"; */
> /* Class = "NSMenuItem"; title = "세로 공백"; ObjectID = "ftz-3g-7Sp"; */
> /* Class = "NSMenuItem"; title = "실제 크기"; ObjectID = "hM8-Hb-rKQ"; */
> /* Class = "NSMenuItem"; title = "왼쪽 정렬"; ObjectID = "hov-rz-dRX"; */
> /* Class = "NSMenuItem"; title = "열린 곡선"; ObjectID = "iok-bx-VfU"; */
> /* Class = "NSMenuItem"; title = "선택 해제"; ObjectID = "jlm-SR-2pz"; */
> /* Class = "NSMenuItem"; title = "신규 조정"; ObjectID = "kYB-XR-fyN"; */
> /* Class = "NSMenuItem"; title = "가로 분배"; ObjectID = "pfF-6r-cy5"; */
> /* Class = "NSMenuItem"; title = "동일 선택"; ObjectID = "rkj-NI-LFg"; */
> /* Class = "NSMenuItem"; title = "가로 공백"; ObjectID = "w2g-Sz-glV"; */
> /* Class = "NSMenuItem"; title = "혼합 모드"; ObjectID = "wiq-px-VKM"; */
> /* Class = "NSMenuItem"; title = "모두 보기"; ObjectID = "xZO-9G-sCK"; */
> /* Class = "NSMenuItem"; title = "파랑 선택"; ObjectID = "zWJ-aT-Bvy"; */
> /* Class = "NSMenuItem"; title = "모든 윈도우 통합"; ObjectID = "6Qq-Jb-6Pi"; */
> /* Class = "NSMenuItem"; title = "가로 가운데 정렬"; ObjectID = "9sI-hO-Md4"; */
> /* Class = "NSMenuItem"; title = "왼쪽 작업실 보기"; ObjectID = "Xyx-dK-eNl"; */
> /* Class = "NSMenuItem"; title = "세로 가운데 정렬"; ObjectID = "ilU-Cq-Y38"; */
> /* Class = "NSMenuItem"; title = "화면 크기에 맞추기"; ObjectID = "1075"; */
> /* Class = "NSMenuItem"; title = "선택 항목에 맞추기"; ObjectID = "ScM-oe-ax7"; */
> /* Class = "NSMenuItem"; title = "화면 너비에 맞추기"; ObjectID = "m9R-t2-yyj"; */
> /* Class = "NSMenuItem"; title = "모두 앞으로 가져오기"; ObjectID = "813"; */
> /* Class = "NSMenuItem"; title = "뒤로 보내기"; ObjectID = "1fK-86-ju6"; */
> /* Class = "NSMenuItem"; title = "액자 텍스트"; ObjectID = "2yG-P1-OKQ"; */
> /* Class = "NSMenuItem"; title = "세로 뒤집기"; ObjectID = "5vY-2i-N05"; */
> /* Class = "NSMenuItem"; title = "예술 텍스트"; ObjectID = "6Jq-2c-4E9"; */
> /* Class = "NSMenuItem"; title = "기타 가리기"; ObjectID = "816"; */
> /* Class = "NSMenuItem"; title = "문서 설정…"; ObjectID = "882"; */
> /* Class = "NSMenuItem"; title = "메뉴 지우기"; ObjectID = "888"; */
> /* Class = "NSMenuItem"; title = "효과 붙이기"; ObjectID = "Jid-BT-E4d"; */
> /* Class = "NSMenuItem"; title = "회전 재설정"; ObjectID = "Vo4-bq-5zC"; */
> /* Class = "NSMenuItem"; title = "벡터 레이어"; ObjectID = "bWD-oS-nMx"; */
> /* Class = "NSMenuItem"; title = "신규 레이어"; ObjectID = "cDM-fW-hK3"; */
> /* Class = "NSMenuItem"; title = "가로 뒤집기"; ObjectID = "h2e-jb-eqj"; */
> /* Class = "NSMenuItem"; title = "경로 텍스트"; ObjectID = "rLg-7h-7O9"; */
> /* Class = "NSMenuItem"; title = "자원 관리자..."; ObjectID = "JsA-Cd-ns7"; */
> /* Class = "NSMenuItem"; title = "다른 이름으로 저장…"; ObjectID = "874"; */
> /* Class = "NSMenuItem"; title = "픽셀 오브젝트"; ObjectID = "KGa-Zn-mYe"; */
> /* Class = "NSMenuItem"; title = "투명 오브젝트"; ObjectID = "VMu-DI-OST"; */
> /* Class = "NSMenuItem"; title = "점선 오브젝트"; ObjectID = "wcy-rd-D3z"; */
> /* Class = "NSMenuItem"; title = "도구 사용자화…"; ObjectID = "890"; */
> /* Class = "NSMenuItem"; title = "툴바 사용자화…"; ObjectID = "892"; */
> /* Class = "NSMenuItem"; title = "너비"; ObjectID = "0J9-OZ-Kuh"; */
> /* Class = "NSMenuItem"; title = "복제"; ObjectID = "1062"; */
> /* Class = "NSMenuItem"; title = "픽셀"; ObjectID = "1107"; */
> /* Class = "NSMenuItem"; title = "확대"; ObjectID = "1329"; */
> /* Class = "NSMenuItem"; title = "축소"; ObjectID = "1331"; */
> /* Class = "NSMenuItem"; title = "벡터"; ObjectID = "1366"; */
> /* Class = "NSMenuItem"; title = "변형"; ObjectID = "4FN-26-KZw"; */
> /* Class = "NSMenuItem"; title = "파일"; ObjectID = "804"; */
> /* Class = "NSMenuItem"; title = "편집"; ObjectID = "805"; */
> /* Class = "NSMenuItem"; title = "복사"; ObjectID = "837"; */
> /* Class = "NSMenuItem"; title = "닫기"; ObjectID = "881"; */
> /* Class = "NSMenuItem"; title = "그룹"; ObjectID = "985"; */
> /* Class = "NSMenuItem"; title = "분할"; ObjectID = "BUe-Tz-Ng3"; */
> /* Class = "NSMenuItem"; title = "회전"; ObjectID = "ExN-Hh-1JH"; */
> /* Class = "NSMenuItem"; title = "외형"; ObjectID = "HfA-2T-WZw"; */
> /* Class = "NSMenuItem"; title = "교차"; ObjectID = "JFh-gc-Rav"; */
> /* Class = "NSMenuItem"; title = "선택"; ObjectID = "JjC-RP-On1"; */
> /* Class = "NSMenuItem"; title = "삽입"; ObjectID = "Kkz-yQ-5cQ"; */
> /* Class = "NSMenuItem"; title = "기하"; ObjectID = "LyZ-It-qgA"; */
> /* Class = "NSMenuItem"; title = "순서"; ObjectID = "Pdf-BG-vv1"; */
> /* Class = "NSMenuItem"; title = "높이"; ObjectID = "RlG-JG-fGf"; */
> /* Class = "NSMenuItem"; title = "잠금"; ObjectID = "Wzg-GB-ZB7"; */
> /* Class = "NSMenuItem"; title = "뒤로"; ObjectID = "Yak-qb-Fe4"; */
> /* Class = "NSMenuItem"; title = "반전"; ObjectID = "bsJ-It-5zZ"; */
> /* Class = "NSMenuItem"; title = "이름"; ObjectID = "dc6-5Z-bPn"; */
> /* Class = "NSMenuItem"; title = "그룹"; ObjectID = "gAQ-rO-eeM"; */
> /* Class = "NSMenuItem"; title = "상징"; ObjectID = "gBi-na-Hkm"; */
> /* Class = "NSMenuItem"; title = "위쪽"; ObjectID = "gS7-q3-giy"; */
> /* Class = "NSMenuItem"; title = "모양"; ObjectID = "hlH-BN-Sz4"; */
> /* Class = "NSMenuItem"; title = "추가"; ObjectID = "in6-VW-P4V"; */
> /* Class = "NSMenuItem"; title = "보기"; ObjectID = "maN-a2-xud"; */
> /* Class = "NSMenuItem"; title = "정렬"; ObjectID = "pz9-1S-cfX"; */
> /* Class = "NSMenuItem"; title = "곡선"; ObjectID = "rUy-M0-gpa"; */
> /* Class = "NSMenuItem"; title = "모양"; ObjectID = "tiR-0h-E97"; */
> /* Class = "NSMenuItem"; title = "제거"; ObjectID = "uys-gy-ZgQ"; */
> /* Class = "NSMenuItem"; title = "저장"; ObjectID = "vRB-xZ-oSi"; */
> /* Class = "NSMenuItem"; title = "공유"; ObjectID = "xLn-eq-kmf"; */
> /* Class = "NSMenuItem"; title = "지원..."; ObjectID = "EUD-mq-sUk"; */
> /* Class = "NSMenuItem"; title = "작업실 미리 설정 관리…"; ObjectID = "Lhs-Zt-z1Q"; */
> /* Class = "NSMenuItem"; title = "상황별 툴바 보기"; ObjectID = "7nW-ja-baX"; */
> /* Class = "NSMenuItem"; title = "안내선 잠금"; ObjectID = "0Lg-KQ-dAO"; */
> /* Class = "NSMenuItem"; title = "여백선 보기"; ObjectID = "1087"; */
> /* Class = "NSMenuItem"; title = "안내선 보기"; ObjectID = "1088"; */
> /* Class = "NSMenuItem"; title = "격자선 보기"; ObjectID = "1089"; */
> /* Class = "NSMenuItem"; title = "눈금자 보기"; ObjectID = "1457"; */
> /* Class = "NSMenuItem"; title = "오른쪽 정렬"; ObjectID = "P3r-1H-plh"; */
> /* Class = "NSMenuItem"; title = "아래쪽 정렬"; ObjectID = "RBt-gf-Am1"; */
> /* Class = "NSMenuItem"; title = "그림자 선택"; ObjectID = "cXo-H2-2bv"; */
> /* Class = "NSMenuItem"; title = "삽입된 문서"; ObjectID = "cl8-YV-h6i"; */
> /* Class = "NSMenuItem"; title = "오른쪽 작업실 보기"; ObjectID = "xuZ-RU-OIw"; */
> /* Class = "NSMenuItem"; title = "스타일 붙이기"; ObjectID = "1325"; */
> /* Class = "NSMenuItem"; title = "작업실 재설정"; ObjectID = "KQr-YC-kUd"; */
> /* Class = "NSMenuItem"; title = "안으로 붙이기"; ObjectID = "bMX-re-6My"; */
> /* Class = "NSMenuItem"; title = "작업실 가리기"; ObjectID = "bZ9-iN-mbr"; */
> /* Class = "NSMenuItem"; title = "레이어 효과…"; ObjectID = "iPg-p2-hpv"; */
> /* Class = "NSMenuItem"; title = "레이어 패널에서 찾기"; ObjectID = "Xif-Wj-Ftx"; */
> /* Class = "NSMenuItem"; title = "그룹을 레이어로 승격"; ObjectID = "jrV-v4-MW7"; */
> /* Class = "NSMenuItem"; title = "모서리 다듬기…"; ObjectID = "BnC-4c-eq4"; */
> /* Class = "NSMenuItem"; title = "안으로 가져오기"; ObjectID = "eUz-X7-62q"; */
> /* Class = "NSMenuItem"; title = "마스크 래스터화"; ObjectID = "kwV-pS-ky9"; */
> /* Class = "NSMenuItem"; title = "앞으로 가져오기"; ObjectID = "psY-ga-bCc"; */
> /* Class = "NSMenuItem"; title = "불투명 오브젝트"; ObjectID = "tfR-jF-SsA"; */
> /* Class = "NSMenuItem"; title = "외형…"; ObjectID = "0UI-j4-x1u"; */
> /* Class = "NSMenuItem"; title = "배치…"; ObjectID = "1310"; */
> /* Class = "NSMenuItem"; title = "맞추기"; ObjectID = "62y-VS-XtY"; */
> /* Class = "NSMenuItem"; title = "도움말"; ObjectID = "801"; */
> /* Class = "NSMenuItem"; title = "윈도우"; ObjectID = "807"; */
> /* Class = "NSMenuItem"; title = "최소화"; ObjectID = "811"; */
> /* Class = "NSMenuItem"; title = "맞추기"; ObjectID = "812"; */
> /* Class = "NSMenuItem"; title = "서비스"; ObjectID = "818"; */
> /* Class = "NSMenuItem"; title = "가리기"; ObjectID = "825"; */
> /* Class = "NSMenuItem"; title = "붙이기"; ObjectID = "838"; */
> /* Class = "NSMenuItem"; title = "지우기"; ObjectID = "843"; */
> /* Class = "NSMenuItem"; title = "신규…"; ObjectID = "884"; */
> /* Class = "NSMenuItem"; title = "열기…"; ObjectID = "885"; */
> /* Class = "NSMenuItem"; title = "인쇄…"; ObjectID = "886"; */
> /* Class = "NSMenuItem"; title = "투명도"; ObjectID = "8gW-e6-TOt"; */
> /* Class = "NSMenuItem"; title = "가리기"; ObjectID = "Apm-LB-GrQ"; */
> /* Class = "NSMenuItem"; title = "기본값"; ObjectID = "C47-mT-0aA"; */
> /* Class = "NSMenuItem"; title = "깃털…"; ObjectID = "EIG-sN-XAe"; */
> /* Class = "NSMenuItem"; title = "레이어"; ObjectID = "Gfb-Y7-eoF"; */
> /* Class = "NSMenuItem"; title = "안으로"; ObjectID = "Pl5-a5-uM3"; */
> /* Class = "NSMenuItem"; title = "이미지"; ObjectID = "SCK-l5-TS4"; */
> /* Class = "NSMenuItem"; title = "작업실"; ObjectID = "cPk-2b-Hj9"; */
> /* Class = "NSMenuItem"; title = "왼쪽으로 회전"; ObjectID = "J6l-Xr-Dhi"; */
> /* Class = "NSMenuItem"; title = "오브젝트 선택"; ObjectID = "Ndn-Bi-HPU"; */
> /* Class = "NSMenuItem"; title = "업데이트 확인"; ObjectID = "UmY-db-qsD"; */
> /* Class = "NSMenuItem"; title = "캔버스에 클립"; ObjectID = "f9i-Yc-cbK"; */
> /* Class = "NSMenuItem"; title = "왼쪽으로 회전"; ObjectID = "pWq-7Y-iRf"; */
> /* Class = "NSMenuItem"; title = "바깥으로 보내기"; ObjectID = "tOl-ea-DRn"; */
> /* Class = "NSMenuItem"; title = "내보내기 페르소나"; ObjectID = "Iw4-fy-lrv"; */
> /* Class = "NSMenuItem"; title = "제약받는 오브젝트"; ObjectID = "n5i-kg-z88"; */
> /* Class = "NSMenuItem"; title = "페르소나"; ObjectID = "806"; */
> /* Class = "NSMenuItem"; title = "오려두기"; ObjectID = "839"; */
> /* Class = "NSMenuItem"; title = "아트보드"; ObjectID = "Jid-cQ-Uax"; */
> /* Class = "NSMenuItem"; title = "오른쪽으로 회전"; ObjectID = "KGT-Nj-GhA"; */
> /* Class = "NSMenuItem"; title = "오른쪽으로 회전"; ObjectID = "WDl-dG-mYt"; */
> /* Class = "NSMenuItem"; title = "템플릿으로 내보내기…"; ObjectID = "rfT-xg-mgi"; */
> /* Class = "NSMenuItem"; title = "내보내기…"; ObjectID = "1099"; */
> /* Class = "NSMenuItem"; title = "래스터화…"; ObjectID = "1339"; */
> /* Class = "NSMenuItem"; title = "환경설정…"; ObjectID = "821"; */
> /* Class = "NSMenuItem"; title = "매끄럽게…"; ObjectID = "DkT-96-dVd"; */
> /* Class = "NSMenuItem"; title = "클립보드에서 신규"; ObjectID = "pRr-rl-5HZ"; */
> /* Class = "NSMenuItem"; title = "배타적논리합"; ObjectID = "mEr-Gt-JDx"; */
