2c2
< "Default" = "Default";
---
> "Default" = "デフォルト";
5c5
< "Unicorn" = "Unicorn";
---
> "Unicorn" = "ユニコーン";
8c8
< "Style" = "Style";
---
> "Style" = "スタイル";
11c11
< "Lunar" = "Lunar";
---
> "Lunar" = "ルナ";
14c14
< "Style" = "Style";
---
> "Style" = "スタイル";
17c17
< "Scribbler" = "Scribbler";
---
> "Scribbler" = "いたずら書き";
20c20
< "Style" = "Style";
---
> "Style" = "スタイル";
23c23
< "Squirm" = "Squirm";
---
> "Squirm" = "うねり";
26c26
< "Style" = "Style";
---
> "Style" = "スタイル";
29c29
< "Vintage" = "Vintage";
---
> "Vintage" = "ビンテージ";
32c32
< "Style" = "Style";
---
> "Style" = "スタイル";
35c35
< "Phoenix" = "Phoenix";
---
> "Phoenix" = "フェニックス";
38c38
< "Style" = "Style";
---
> "Style" = "スタイル";
41c41
< "Halftone" = "Halftone";
---
> "Halftone" = "ハーフトーン";
44c44
< "Style" = "Style";
---
> "Style" = "スタイル";
