9,16d8
< ---
< ---
< ---
< ---
< ---
< ---
< ---
< 11c11
18d9
< 17c17
20d10
< 23c23
22d11
< 29c29
25d13
< 35c35
27d14
< 41c41
29d15
< 5c5
32,36d17
< < "Halftone" = "Halftone";
< < "Lunar" = "Lunar";
< < "Phoenix" = "Phoenix";
< < "Scribbler" = "Scribbler";
< < "Squirm" = "Squirm";
44,60c25,32
< < "Unicorn" = "Unicorn";
< < "Vintage" = "Vintage";
< > "Default" = "デフォルト";
< > "Halftone" = "ハーフトーン";
< > "Lunar" = "ルナ";
< > "Phoenix" = "フェニックス";
< > "Scribbler" = "いたずら書き";
< > "Squirm" = "うねり";
< > "Style" = "スタイル";
< > "Style" = "スタイル";
< > "Style" = "スタイル";
< > "Style" = "スタイル";
< > "Style" = "スタイル";
< > "Style" = "スタイル";
< > "Style" = "スタイル";
< > "Unicorn" = "ユニコーン";
< > "Vintage" = "ビンテージ";
---
> > "Default" = "기본값";
> > "Style" = "스타일";
> > "Style" = "스타일";
> > "Style" = "스타일";
> > "Style" = "스타일";
> > "Style" = "스타일";
> > "Style" = "스타일";
> > "Style" = "스타일";
