2c2
< "Basic" = "Basic";
---
> "Basic" = "基本";
5c5
< "Round Brush" = "Round Brush";
---
> "Round Brush" = "ラウンドブラシ";
8c8
< "Round Brush" = "Round Brush";
---
> "Round Brush" = "ラウンドブラシ";
11c11
< "Round Brush" = "Round Brush";
---
> "Round Brush" = "ラウンドブラシ";
14c14
< "Round Brush" = "Round Brush";
---
> "Round Brush" = "ラウンドブラシ";
17c17
< "Round Brush" = "Round Brush";
---
> "Round Brush" = "ラウンドブラシ";
20c20
< "Round Brush" = "Round Brush";
---
> "Round Brush" = "ラウンドブラシ";
23c23
< "Round Brush" = "Round Brush";
---
> "Round Brush" = "ラウンドブラシ";
26c26
< "Round Brush" = "Round Brush";
---
> "Round Brush" = "ラウンドブラシ";
29c29
< "Round Soft Brush" = "Round Soft Brush";
---
> "Round Soft Brush" = "ラウンドソフトブラシ";
32c32
< "Round Soft Brush" = "Round Soft Brush";
---
> "Round Soft Brush" = "ラウンドソフトブラシ";
35c35
< "Round Soft Brush" = "Round Soft Brush";
---
> "Round Soft Brush" = "ラウンドソフトブラシ";
38c38
< "Round Soft Brush" = "Round Soft Brush";
---
> "Round Soft Brush" = "ラウンドソフトブラシ";
41c41
< "Round Soft Brush" = "Round Soft Brush";
---
> "Round Soft Brush" = "ラウンドソフトブラシ";
44c44
< "Round Soft Brush" = "Round Soft Brush";
---
> "Round Soft Brush" = "ラウンドソフトブラシ";
47c47
< "Round Light Brush" = "Round Light Brush";
---
> "Round Light Brush" = "ラウンドライトブラシ";
50c50
< "Round Light Brush" = "Round Light Brush";
---
> "Round Light Brush" = "ラウンドライトブラシ";
53c53
< "Round Light Brush" = "Round Light Brush";
---
> "Round Light Brush" = "ラウンドライトブラシ";
56c56
< "Round Light Brush" = "Round Light Brush";
---
> "Round Light Brush" = "ラウンドライトブラシ";
59c59
< "Round Light Brush" = "Round Light Brush";
---
> "Round Light Brush" = "ラウンドライトブラシ";
62c62
< "Round Light Brush" = "Round Light Brush";
---
> "Round Light Brush" = "ラウンドライトブラシ";
65c65
< "Round Light Brush" = "Round Light Brush";
---
> "Round Light Brush" = "ラウンドライトブラシ";
68c68
< "Acrylics" = "Acrylics";
---
> "Acrylics" = "アクリル";
71c71
< "Matte Acrylic 01" = "Matte Acrylic 01";
---
> "Matte Acrylic 01" = "マットアクリル01";
74c74
< "Matte Acrylic 02" = "Matte Acrylic 02";
---
> "Matte Acrylic 02" = "マットアクリル02";
77c77
< "Textured Acrylic" = "Textured Acrylic";
---
> "Textured Acrylic" = "凹凸のあるアクリル";
80c80
< "Grainy Acrylic" = "Grainy Acrylic";
---
> "Grainy Acrylic" = "紙目アクリル";
83c83
< "Gradual Acrylic Sand Paper 01" = "Gradual Acrylic Sand Paper 01";
---
> "Gradual Acrylic Sand Paper 01" = "グラデーションアクリル(サンドペーパー)01";
86c86
< "Gradual Acrylic Sand Paper 02" = "Gradual Acrylic Sand Paper 02";
---
> "Gradual Acrylic Sand Paper 02" = "グラデーションアクリル(サンドペーパー)02";
89c89
< "Gradual Acrylic Cotton Paper 01" = "Gradual Acrylic Cotton Paper 01";
---
> "Gradual Acrylic Cotton Paper 01" = "グラデーションアクリル(コットンペーパー)01";
92c92
< "Gradual Acrylic Cotton Paper 02" = "Gradual Acrylic Cotton Paper 02";
---
> "Gradual Acrylic Cotton Paper 02" = "グラデーションアクリル(コットンペーパー)02";
95c95
< "Smooth Blending Acrylic 01" = "Smooth Blending Acrylic 01";
---
> "Smooth Blending Acrylic 01" = "滑らかなブレンディングアクリル01";
98c98
< "Smooth Blending Acrylic 02" = "Smooth Blending Acrylic 02";
---
> "Smooth Blending Acrylic 02" = "滑らかなブレンディングアクリル02";
101c101
< "Dirty Acrylic 01" = "Dirty Acrylic 01";
---
> "Dirty Acrylic 01" = "汚れたアクリル01";
104c104
< "Dirty Acrylic 02" = "Dirty Acrylic 02";
---
> "Dirty Acrylic 02" = "汚れたアクリル02";
107c107
< "Inks" = "Inks";
---
> "Inks" = "インク";
110c110
< "Comics Ink Pen" = "Comics Ink Pen";
---
> "Comics Ink Pen" = "コミック用インクペン";
113c113
< "Comics G Pen" = "Comics G Pen";
---
> "Comics G Pen" = "コミック用Gペン";
116c116
< "Low Absorption Ink" = "Low Absorption Ink";
---
> "Low Absorption Ink" = "低吸収性のインク";
119c119
< "Analog Ink Nib" = "Analog Ink Nib";
---
> "Analog Ink Nib" = "アナログインクペン";
122c122
< "Dry Bristle Ink" = "Dry Bristle Ink";
---
> "Dry Bristle Ink" = "ドライ刷毛インク";
125c125
< "Brush Pen" = "Brush Pen";
---
> "Brush Pen" = "ブラシペン";
128c128
< "Dynamic India Ink" = "Dynamic India Ink";
---
> "Dynamic India Ink" = "ダイナミックインドインク";
131c131
< "Sharp Bleeding Inker" = "Sharp Bleeding Inker";
---
> "Sharp Bleeding Inker" = "シャープにじみインク";
134c134
< "Ink On Glass" = "Ink On Glass";
---
> "Ink On Glass" = "ガラス上のインク";
137c137
< "Analog Ink Brush" = "Analog Ink Brush";
---
> "Analog Ink Brush" = "アナログインクブラシ";
140c140
< "Dynamic Rough Ink 01" = "Dynamic Rough Ink 01";
---
> "Dynamic Rough Ink 01" = "ダイナミックラフインク01";
143c143
< "Dynamic Rough Ink 02" = "Dynamic Rough Ink 02";
---
> "Dynamic Rough Ink 02" = "ダイナミックラフインク02";
146c146
< "Dry Media" = "Dry Media";
---
> "Dry Media" = "ドライメディア";
149c149
< "Round Chalk" = "Round Chalk";
---
> "Round Chalk" = "丸型チョーク";
152c152
< "Square Chalk" = "Square Chalk";
---
> "Square Chalk" = "角型チョーク";
155c155
< "Classic Crayon" = "Classic Crayon";
---
> "Classic Crayon" = "クラシッククレヨン";
158c158
< "Light Crayon" = "Light Crayon";
---
> "Light Crayon" = "ライトクレヨン";
161c161
< "Gritty Crayon" = "Gritty Crayon";
---
> "Gritty Crayon" = "ざらつきのあるクレヨン";
164c164
< "Classic Crayon Blend" = "Classic Crayon Blend";
---
> "Classic Crayon Blend" = "クラシッククレヨンブレンド";
167c167
< "Triangle Crayon" = "Triangle Crayon";
---
> "Triangle Crayon" = "三角形クレヨン";
170c170
< "Square Charcoal" = "Square Charcoal";
---
> "Square Charcoal" = "角型チャコール";
173c173
< "Dense Grain Chalk" = "Dense Grain Chalk";
---
> "Dense Grain Chalk" = "濃い紙目のチョーク";
176c176
< "Chalkboard Tool" = "Chalkboard Tool";
---
> "Chalkboard Tool" = "黒板ツール";
179c179
< "Dusty Chalk" = "Dusty Chalk";
---
> "Dusty Chalk" = "粉っぽいチョーク";
182c182
< "Wax Pastel" = "Wax Pastel";
---
> "Wax Pastel" = "ワックスパステル";
185c185
< "Gritty Pastel" = "Gritty Pastel";
---
> "Gritty Pastel" = "ざらつきのあるパステル";
188c188
< "Oil Pastel Dense Blend" = "Oil Pastel Dense Blend";
---
> "Oil Pastel Dense Blend" = "オイルパステル（濃い描画）";
191c191
< "Oil Pastel Smooth Blend" = "Oil Pastel Smooth Blend";
---
> "Oil Pastel Smooth Blend" = "オイルパステル（滑らかな描画）";
194c194
< "Warmed Up Oil Pastel" = "Warmed Up Oil Pastel";
---
> "Warmed Up Oil Pastel" = "温めたオイルパステル";
197c197
< "Engraving" = "Engraving";
---
> "Engraving" = "エッチング";
200c200
< "Linocut Chisel Short" = "Linocut Chisel Short";
---
> "Linocut Chisel Short" = "リノカット彫刻刀（ショート）";
203c203
< "Linocut Chisel Long" = "Linocut Chisel Long";
---
> "Linocut Chisel Long" = "リノカット彫刻刀（ロング）";
206c206
< "Linocut Chisel Stroke" = "Linocut Chisel Stroke";
---
> "Linocut Chisel Stroke" = "リノカット彫刻刀のストローク";
209c209
< "Linocut Rusty Chisel Short" = "Linocut Rusty Chisel Short";
---
> "Linocut Rusty Chisel Short" = "リノカット彫刻刀（さび、ショート）";
212c212
< "Linocut Rusty Chisel Long" = "Linocut Rusty Chisel Long";
---
> "Linocut Rusty Chisel Long" = "リノカット彫刻刀（さび、ロング）";
215c215
< "Linocut Rusty Chisel Stroke" = "Linocut Rusty Chisel Stroke";
---
> "Linocut Rusty Chisel Stroke" = "リノカット彫刻刀（さび）のストローク";
218c218
< "Rough Rake - Constant" = "Rough Rake - Constant";
---
> "Rough Rake - Constant" = "粗いレーキ - 制約";
221c221
< "Rough Rake - Variable" = "Rough Rake - Variable";
---
> "Rough Rake - Variable" = "粗いレーキ - 変数";
224c224
< "Smooth Rake - Constant" = "Smooth Rake - Constant";
---
> "Smooth Rake - Constant" = "滑らかなレーキ - 制約";
227c227
< "Smooth Rake - Variable" = "Smooth Rake - Variable";
---
> "Smooth Rake - Variable" = "滑らかなレーキ - 変数";
230c230
< "Textured Rake - Constant" = "Textured Rake - Constant";
---
> "Textured Rake - Constant" = "凹凸のあるレーキ - 制約";
233c233
< "Textured Rake - Variable" = "Textured Rake - Variable";
---
> "Textured Rake - Variable" = "凹凸のあるレーキ - 変数";
236c236
< "Fading Rake - Constant" = "Fading Rake - Constant";
---
> "Fading Rake - Constant" = "徐々に色あせるレーキ - 制約";
239c239
< "Fading Rake - Variable" = "Fading Rake - Variable";
---
> "Fading Rake - Variable" = "徐々に色あせるレーキ - 変数";
242c242
< "Dots' Trails 01" = "Dots' Trails 01";
---
> "Dots' Trails 01" = "ドットのトレイル01";
245c245
< "Dots' Trails 02" = "Dots' Trails 02";
---
> "Dots' Trails 02" = "ドットのトレイル02";
248c248
< "Dots' Trails 03" = "Dots' Trails 03";
---
> "Dots' Trails 03" = "ドットのトレイル03";
251c251
< "Dots' Trails 04" = "Dots' Trails 04";
---
> "Dots' Trails 04" = "ドットのトレイル04";
254c254
< "Gouaches" = "Gouaches";
---
> "Gouaches" = "グワッシュ";
257c257
< "Fine Gouache Detailer" = "Fine Gouache Detailer";
---
> "Fine Gouache Detailer" = "細かいグワッシュ詳細設定";
260c260
< "Mixing&Fading Gouache 2" = "Mixing&Fading Gouache 2";
---
> "Mixing&Fading Gouache 2" = "混色＆褪色グワッシュ2";
263c263
< "Mixing&Fading Gouache - Flat" = "Mixing&Fading Gouache - Flat";
---
> "Mixing&Fading Gouache - Flat" = "混色＆褪色グワッシュ-平筆";
266c266
< "Round Textured Gouache" = "Round Textured Gouache";
---
> "Round Textured Gouache" = "凹凸のある円形グワッシュ";
269c269
< "Medium Cover Gouache" = "Medium Cover Gouache";
---
> "Medium Cover Gouache" = "溶剤カバーグワッシュ";
272c272
< "Grainy Gouache Bristle" = "Grainy Gouache Bristle";
---
> "Grainy Gouache Bristle" = "粒状グワッシュ剛毛筆";
275c275
< "Dry Bristle Gouache" = "Dry Bristle Gouache";
---
> "Dry Bristle Gouache" = "ドライグワッシュ剛毛筆";
278c278
< "Wet Bristle Gouache" = "Wet Bristle Gouache";
---
> "Wet Bristle Gouache" = "ウェットグワッシュ剛毛筆";
281c281
< "Almost Dry Roll" = "Almost Dry Roll";
---
> "Almost Dry Roll" = "ほぼ乾いたロール";
284c284
< "Pointillist Gouache" = "Pointillist Gouache";
---
> "Pointillist Gouache" = "点描グワッシュ";
287c287
< "Smooth Textured Stroke 01" = "Smooth Textured Stroke 01";
---
> "Smooth Textured Stroke 01" = "滑らかな質感のストローク01";
290c290
< "Smooth Textured Stroke 02" = "Smooth Textured Stroke 02";
---
> "Smooth Textured Stroke 02" = "滑らかな質感のストローク02";
293c293
< "Gouache On Paper" = "Gouache On Paper";
---
> "Gouache On Paper" = "ペーパー上のグワッシュ";
296c296
< "Blending Grainy Gouache" = "Blending Grainy Gouache";
---
> "Blending Grainy Gouache" = "粒子の粗いグワッシュ（描画）";
299c299
< "Dense Grainy Gouache" = "Dense Grainy Gouache";
---
> "Dense Grainy Gouache" = "粒子の粗いグワッシュ（濃い）";
302c302
< "Gentle Grainy Gouache" = "Gentle Grainy Gouache";
---
> "Gentle Grainy Gouache" = "粒子の粗いグワッシュ（淡い）";
305c305
< "Markers" = "Markers";
---
> "Markers" = "マーカー";
308c308
< "Square Marker" = "Square Marker";
---
> "Square Marker" = "正方形マーカー";
311c311
< "Fluid Chisel Tip" = "Fluid Chisel Tip";
---
> "Fluid Chisel Tip" = "滑らかな彫刻刀形先端";
314c314
< "Brush Tip Marker 01" = "Brush Tip Marker 01";
---
> "Brush Tip Marker 01" = "ブラシマーカー01";
317c317
< "Brush Tip Marker 02" = "Brush Tip Marker 02";
---
> "Brush Tip Marker 02" = "ブラシマーカー02";
320c320
< "Calligraphic Marker" = "Calligraphic Marker";
---
> "Calligraphic Marker" = "筆マーカー";
323c323
< "Chisel Tip Marker" = "Chisel Tip Marker";
---
> "Chisel Tip Marker" = "彫刻刀形先端マーカー";
326c326
< "Exhausted Marker" = "Exhausted Marker";
---
> "Exhausted Marker" = "かすれマーカー";
329c329
< "Tone On Tone" = "Tone On Tone";
---
> "Tone On Tone" = "トーンオントーン";
332c332
< "Shading Marker" = "Shading Marker";
---
> "Shading Marker" = "陰影マーカー";
335c335
< "Large Square Marker" = "Large Square Marker";
---
> "Large Square Marker" = "正方形マーカー(大)";
338c338
< "Medium Square Marker" = "Medium Square Marker";
---
> "Medium Square Marker" = "正方形マーカー（中）";
341c341
< "Chisel Shading" = "Chisel Shading";
---
> "Chisel Shading" = "彫刻刀－陰影付け";
344c344
< "Round Felt Pen" = "Round Felt Pen";
---
> "Round Felt Pen" = "円形フェルトペン";
347c347
< "Square Felt Pen" = "Square Felt Pen";
---
> "Square Felt Pen" = "正方形フェルトペン";
350c350
< "Speed Felt Pen" = "Speed Felt Pen";
---
> "Speed Felt Pen" = "スピードフェルトペン";
353c353
< "Round Watery Felt" = "Round Watery Felt";
---
> "Round Watery Felt" = "淡い丸フェルトペン";
356c356
< "Masking" = "Masking";
---
> "Masking" = "マスキング";
359c359
< "Tight Spacing - Small Soft" = "Tight Spacing - Small Soft";
---
> "Tight Spacing - Small Soft" = "狭い間隔 - ソフト(小)";
362c362
< "Tight Spacing - Small Hard" = "Tight Spacing - Small Hard";
---
> "Tight Spacing - Small Hard" = "狭い間隔 - ハード(小)";
365c365
< "Tight Spacing - Medium Soft" = "Tight Spacing - Medium Soft";
---
> "Tight Spacing - Medium Soft" = "狭い間隔 - ソフト(中)";
368c368
< "Tight Spacing - Medium Hard" = "Tight Spacing - Medium Hard";
---
> "Tight Spacing - Medium Hard" = "狭い間隔 - ハード(中)";
371c371
< "Tight Spacing - Large Soft" = "Tight Spacing - Large Soft";
---
> "Tight Spacing - Large Soft" = "狭い間隔 - ソフト(大)";
374c374
< "Tight Spacing - Large Hard" = "Tight Spacing - Large Hard";
---
> "Tight Spacing - Large Hard" = "狭い間隔 - ハード(大)";
377c377
< "Tight Spacing - Extra Large Soft" = "Tight Spacing - Extra Large Soft";
---
> "Tight Spacing - Extra Large Soft" = "狭い間隔 - ソフト(特大)";
380c380
< "Tight Spacing - Extra Large Hard" = "Tight Spacing - Extra Large Hard";
---
> "Tight Spacing - Extra Large Hard" = "狭い間隔 - ハード(特大)";
383c383
< "Textured Mask Brush 01" = "Textured Mask Brush 01";
---
> "Textured Mask Brush 01" = "凹凸のあるマスクブラシ01";
386c386
< "Textured Mask Brush 02" = "Textured Mask Brush 02";
---
> "Textured Mask Brush 02" = "凹凸のあるマスクブラシ02";
389c389
< "Textured Mask Brush 03" = "Textured Mask Brush 03";
---
> "Textured Mask Brush 03" = "素材マスクブラシ03";
392c392
< "Textured Mask Brush 04" = "Textured Mask Brush 04";
---
> "Textured Mask Brush 04" = "素材マスクブラシ04";
395c395
< "Oils" = "Oils";
---
> "Oils" = "油彩";
398c398
< "Fine Dense Oil" = "Fine Dense Oil";
---
> "Fine Dense Oil" = "細かい油彩（濃い）";
401c401
< "Fine Fibers Oil" = "Fine Fibers Oil";
---
> "Fine Fibers Oil" = "細繊維の油彩";
404c404
< "Fine Oil Detailer" = "Fine Oil Detailer";
---
> "Fine Oil Detailer" = "細かい油彩詳細設定";
407c407
< "Classic Oil Smooth" = "Classic Oil Smooth";
---
> "Classic Oil Smooth" = "クラシック油彩（滑らか）";
410c410
< "Classic Oil Dense" = "Classic Oil Dense";
---
> "Classic Oil Dense" = "クラシック油彩（濃い）";
413c413
< "Rade Fibers Oil" = "Rade Fibers Oil";
---
> "Rade Fibers Oil" = "Rade繊維の油彩";
416c416
< "Large Fibers Oil" = "Large Fibers Oil";
---
> "Large Fibers Oil" = "太繊維の油彩";
419c419
< "Broken Bristles Oil - Detailer" = "Broken Bristles Oil - Detailer";
---
> "Broken Bristles Oil - Detailer" = "粗い刷毛による油彩 - 緻密";
422c422
< "Broken Bristles Oil - Glazing" = "Broken Bristles Oil - Glazing";
---
> "Broken Bristles Oil - Glazing" = "粗い刷毛による油彩 - グレージング";
425c425
< "Grunge Oil 01" = "Grunge Oil 01";
---
> "Grunge Oil 01" = "グランジ油彩01";
428c428
< "Grunge Oil 02" = "Grunge Oil 02";
---
> "Grunge Oil 02" = "グランジ油彩02";
431c431
< "Grunge Oil 03" = "Grunge Oil 03";
---
> "Grunge Oil 03" = "グランジ油彩03";
434c434
< "Impressionist Oil 01" = "Impressionist Oil 01";
---
> "Impressionist Oil 01" = "印象的な油彩01";
437c437
< "Impressionist Oil 02" = "Impressionist Oil 02";
---
> "Impressionist Oil 02" = "印象的な油彩02";
440c440
< "Short Daubs 01" = "Short Daubs 01";
---
> "Short Daubs 01" = "ショートドーブ01";
443c443
< "Short Daubs 02" = "Short Daubs 02";
---
> "Short Daubs 02" = "ショートドーブ02";
446c446
< "Pencils" = "Pencils";
---
> "Pencils" = "鉛筆";
449c449
< "Natural Pencil H" = "Natural Pencil H";
---
> "Natural Pencil H" = "普通の鉛筆H";
452c452
< "Natural Pencil HB" = "Natural Pencil HB";
---
> "Natural Pencil HB" = "普通の鉛筆HB";
455c455
< "Natural Pencil 2B" = "Natural Pencil 2B";
---
> "Natural Pencil 2B" = "普通の鉛筆2B";
458c458
< "Natural Pencil 4B" = "Natural Pencil 4B";
---
> "Natural Pencil 4B" = "普通の鉛筆4B";
461c461
< "Fading Pencil HB" = "Fading Pencil HB";
---
> "Fading Pencil HB" = "薄れていく鉛筆HB";
464c464
< "Fading Pencil 2B" = "Fading Pencil 2B";
---
> "Fading Pencil 2B" = "薄れていく鉛筆2B";
467c467
< "Mechanical Pencil H" = "Mechanical Pencil H";
---
> "Mechanical Pencil H" = "シャープペンシルH";
470c470
< "Mechanical Pencil HB" = "Mechanical Pencil HB";
---
> "Mechanical Pencil HB" = "シャープペンシルHB";
473c473
< "Mechanical Pencil 4B" = "Mechanical Pencil 4B";
---
> "Mechanical Pencil 4B" = "シャープペンシル4B";
476c476
< "Mechanical Pencil 6B" = "Mechanical Pencil 6B";
---
> "Mechanical Pencil 6B" = "シャープペンシル6B";
479c479
< "Rough Graphite Tilting" = "Rough Graphite Tilting";
---
> "Rough Graphite Tilting" = "粗いグラファイト(傾き検知)";
482c482
< "Smooth Graphite Tilting" = "Smooth Graphite Tilting";
---
> "Smooth Graphite Tilting" = "滑らかグラファイト 角度付き";
485c485
< "Carpenter's Pencil" = "Carpenter's Pencil";
---
> "Carpenter's Pencil" = "建築用鉛筆";
488c488
< "Shading Pencil 02" = "Shading Pencil 02";
---
> "Shading Pencil 02" = "陰影のある鉛筆02";
491c491
< "Layout Pencil" = "Layout Pencil";
---
> "Layout Pencil" = "レイアウト鉛筆";
494c494
< "Greasy Pencil" = "Greasy Pencil";
---
> "Greasy Pencil" = "油性鉛筆";
497c497
< "Pens" = "Pens";
---
> "Pens" = "ペン";
500c500
< "Simple Pen" = "Simple Pen";
---
> "Simple Pen" = "シンプルペン";
503c503
< "Variable Felt Pen" = "Variable Felt Pen";
---
> "Variable Felt Pen" = "濃淡フェルトペン";
506c506
< "Wobbling Felt Pen" = "Wobbling Felt Pen";
---
> "Wobbling Felt Pen" = "ぐらつきのあるフェルトペン";
509c509
< "Classic Chisel Felt Pen" = "Classic Chisel Felt Pen";
---
> "Classic Chisel Felt Pen" = "クラシックな彫刻刀形フェルトペン";
512c512
< "Broken Chisel Felt Pen" = "Broken Chisel Felt Pen";
---
> "Broken Chisel Felt Pen" = "粗い彫刻刀形フェルトペン";
515c515
< "Broken Chisel Pen" = "Broken Chisel Pen";
---
> "Broken Chisel Pen" = "粗い彫刻刀形ペン";
518c518
< "Ink Pen Small" = "Ink Pen Small";
---
> "Ink Pen Small" = "インクペン(小)";
521c521
< "Exhaust Felt Pen" = "Exhaust Felt Pen";
---
> "Exhaust Felt Pen" = "かすれたフェルトペン";
524c524
< "Ballpoint Pen" = "Ballpoint Pen";
---
> "Ballpoint Pen" = "ボールペン";
527c527
< "Wet Pen" = "Wet Pen";
---
> "Wet Pen" = "ウェットペン";
530c530
< "Calligraphic 01" = "Calligraphic 01";
---
> "Calligraphic 01" = "筆01";
533c533
< "Calligraphic 02" = "Calligraphic 02";
---
> "Calligraphic 02" = "筆02";
536c536
< "Calligraphic Nib Broken" = "Calligraphic Nib Broken";
---
> "Calligraphic Nib Broken" = "壊れたカリグラフィペン先";
539c539
< "Ink Pen Bleeding" = "Ink Pen Bleeding";
---
> "Ink Pen Bleeding" = "インクペン（液漏れ）";
542c542
< "Ink Pen Running Dry" = "Ink Pen Running Dry";
---
> "Ink Pen Running Dry" = "インクペン（ドライ）";
545c545
< "Spotty Pen" = "Spotty Pen";
---
> "Spotty Pen" = "むらのあるペン";
548c548
< "Sprays and Spatters" = "Sprays and Spatters";
---
> "Sprays and Spatters" = "スプレーと飛沫";
551c551
< "Airbrush 01" = "Airbrush 01";
---
> "Airbrush 01" = "エアブラシ01";
554c554
< "Airbrush 02" = "Airbrush 02";
---
> "Airbrush 02" = "エアブラシ02";
557c557
< "Airbrush 03" = "Airbrush 03";
---
> "Airbrush 03" = "エアブラシ03";
560c560
< "Airbrush 04" = "Airbrush 04";
---
> "Airbrush 04" = "エアブラシ04";
563c563
< "Grainy Airbrush" = "Grainy Airbrush";
---
> "Grainy Airbrush" = "紙目エアブラシ";
566c566
< "Finest Spray Rade" = "Finest Spray Rade";
---
> "Finest Spray Rade" = "超微細スプレー(ライト)";
569c569
< "Gainy Airbrush Fading (Tilt)" = "Gainy Airbrush Fading (Tilt)";
---
> "Gainy Airbrush Fading (Tilt)" = "粒子の粗いエアブラシ‐退色（ティルト）";
572c572
< "Gainy Airbrush Fading (Pressure)" = "Gainy Airbrush Fading (Pressure)";
---
> "Gainy Airbrush Fading (Pressure)" = "粒子の粗いエアブラシ‐退色（圧力）";
575c575
< "Finest Spray (Pressure)" = "Finest Spray (Pressure)";
---
> "Finest Spray (Pressure)" = "超微細スプレー（圧力）";
578c578
< "Finest Spray (Tilt)" = "Finest Spray (Tilt)";
---
> "Finest Spray (Tilt)" = "超微細スプレー（ティルト）";
581c581
< "Airbrush on Wet Surface" = "Airbrush on Wet Surface";
---
> "Airbrush on Wet Surface" = "ぬれた表面にエアブラシ";
584c584
< "Ink Spatter" = "Ink Spatter";
---
> "Ink Spatter" = "インク飛沫";
587c587
< "Ink Spatter Tilting" = "Ink Spatter Tilting";
---
> "Ink Spatter Tilting" = "インク飛沫(傾き検知)";
590c590
< "Watercolours Drops" = "Watercolors Drops";
---
> "Watercolours Drops" = "水彩ドロップ";
593c593
< "Watercolour Modulating Drops" = "Watercolor Modulating Drops";
---
> "Watercolour Modulating Drops" = "水彩調節ドロップ";
596c596
< "Droppler" = "Droppler";
---
> "Droppler" = "ドロップラー";
599c599
< "Magic Stippler - Line" = "Magic Stippler - Line";
---
> "Magic Stippler - Line" = "マジックスティプラー-線";
602c602
< "Magic Stippler - Fading" = "Magic Stippler - Fading";
---
> "Magic Stippler - Fading" = "マジックスティプラー‐フェーディング";
605c605
< "Magic Stippler - Variable" = "Magic Stippler - Variable";
---
> "Magic Stippler - Variable" = "マジックスティプラー‐変数";
608c608
< "Magic Stippler - Constant" = "Magic Stippler - Constant";
---
> "Magic Stippler - Constant" = "マジックスティプラー‐一定";
611c611
< "Textures" = "Textures";
---
> "Textures" = "テクスチャ";
614c614
< "Grunge Pattern 01" = "Grunge Pattern 01";
---
> "Grunge Pattern 01" = "グランジパターン01";
617c617
< "Grunge Pattern 02" = "Grunge Pattern 02";
---
> "Grunge Pattern 02" = "グランジパターン02";
620c620
< "Grunge Pattern 03" = "Grunge Pattern 03";
---
> "Grunge Pattern 03" = "グランジパターン03";
623c623
< "Grunge Pattern 04" = "Grunge Pattern 04";
---
> "Grunge Pattern 04" = "グランジパターン04";
626c626
< "Grunge Pattern 05" = "Grunge Pattern 05";
---
> "Grunge Pattern 05" = "グランジパターン05";
629c629
< "Grunge Pattern 06" = "Grunge Pattern 06";
---
> "Grunge Pattern 06" = "グランジパターン06";
632c632
< "Grunge Pattern 07" = "Grunge Pattern 07";
---
> "Grunge Pattern 07" = "グランジパターン07";
635c635
< "Grunge Pattern 08" = "Grunge Pattern 08";
---
> "Grunge Pattern 08" = "グランジパターン08";
638c638
< "Brush Pattern 01" = "Brush Pattern 01";
---
> "Brush Pattern 01" = "ブラシパターン01";
641c641
< "Brush Pattern 02" = "Brush Pattern 02";
---
> "Brush Pattern 02" = "ブラシパターン02";
644c644
< "Brush Pattern 03" = "Brush Pattern 03";
---
> "Brush Pattern 03" = "ブラシパターン03";
647c647
< "Brush Pattern 04" = "Brush Pattern 04";
---
> "Brush Pattern 04" = "ブラシパターン04";
650c650
< "Brush Pattern 05" = "Brush Pattern 05";
---
> "Brush Pattern 05" = "ブラシパターン05";
653c653
< "Brush Pattern 04 2" = "Brush Pattern 04 2";
---
> "Brush Pattern 04 2" = "ブラシパターン04 2";
656c656
< "Halftone Brush 01" = "Halftone Brush 01";
---
> "Halftone Brush 01" = "ハーフトーンブラシ01";
659c659
< "Halftone Brush 02" = "Halftone Brush 02";
---
> "Halftone Brush 02" = "ハーフトーンブラシ02";
662c662
< "Halftone Brush 03" = "Halftone Brush 03";
---
> "Halftone Brush 03" = "ハーフトーンブラシ03";
665c665
< "Halftone Brush 04" = "Halftone Brush 04";
---
> "Halftone Brush 04" = "ハーフトーンブラシ04";
668c668
< "Watercolours" = "Watercolors";
---
> "Watercolours" = "水彩";
671c671
< "The Gentle Grainy" = "The Gentle Grainy";
---
> "The Gentle Grainy" = "なだらかな粒状";
674c674
< "Flat Shaped Bristles 01" = "Flat Shaped Bristles 01";
---
> "Flat Shaped Bristles 01" = "毛ブラシ（平筆）01";
677c677
< "Flat Shaped Bristles 02" = "Flat Shaped Bristles 02";
---
> "Flat Shaped Bristles 02" = "毛ブラシ（平筆）02";
680c680
< "Flat Shaped Bristles 03" = "Flat Shaped Bristles 03";
---
> "Flat Shaped Bristles 03" = "毛ブラシ（平筆）03";
683c683
< "Flat Shaped Bristles 04" = "Flat Shaped Bristles 04";
---
> "Flat Shaped Bristles 04" = "毛ブラシ（平筆）04";
686c686
< "Dense Wash" = "Dense Wash";
---
> "Dense Wash" = "濃い淡彩";
689c689
< "Blurry Wash" = "Blurry Wash";
---
> "Blurry Wash" = "一塗り（ぼかし）";
692c692
< "Salty Wash" = "Salty Wash";
---
> "Salty Wash" = "一塗り（ソルト）";
695c695
< "Smooth Round" = "Smooth Round";
---
> "Smooth Round" = "滑らかな円形";
698c698
< "Smooth Bleeding" = "Smooth Bleeding";
---
> "Smooth Bleeding" = "滑らかなにじみ";
701c701
< "Light Wash" = "Light Wash";
---
> "Light Wash" = "ライトな淡彩";
704c704
< "Directional Wash" = "Directional Wash";
---
> "Directional Wash" = "一塗り（一方向）";
707c707
< "Ginned Wash 01" = "Ginned Wash 01";
---
> "Ginned Wash 01" = "一塗り（ジン）01";
710c710
< "Ginned Wash 02" = "Ginned Wash 02";
---
> "Ginned Wash 02" = "一塗り（ジン）02";
713c713
< "Watercolour Crazy Bristle" = "Watercolor Crazy Bristle";
---
> "Watercolour Crazy Bristle" = "水彩（超剛毛）";
716c716
< "Fine to Wide Spongy" = "Fine to Wide Spongy";
---
> "Fine to Wide Spongy" = "細目-幅広(吸収性)";
