---
14,15c14,15
17,18c17,18
20,21c20,21
29,30c29,30
32,33c32,33
35,36c35,36
38,39c38,39
< "129.title" = "Preferences…";
< "130.title" = "Services";
< "131.title" = "Services";
< "145.title" = "Hide Others";
< "150.title" = "Show All";
< "VIN-Ub-wlk.title" = "Window";
< "g5w-Gk-ajv.title" = "Version";
< /* Class = "NSMenu"; title = "Services"; ObjectID = "130"; */
< /* Class = "NSMenuItem"; title = "Hide Others"; ObjectID = "145"; */
< /* Class = "NSMenuItem"; title = "Preferences…"; ObjectID = "129"; */
< /* Class = "NSMenuItem"; title = "Services"; ObjectID = "131"; */
< /* Class = "NSMenuItem"; title = "Show All"; ObjectID = "150"; */
< /* Class = "NSTextFieldCell"; title = "Version"; ObjectID = "g5w-Gk-ajv"; */
< /* Class = "NSWindow"; title = "Window"; ObjectID = "VIN-Ub-wlk"; */
> "129.title" = "환경설정…";
> "130.title" = "서비스";
> "131.title" = "서비스";
> "145.title" = "기타 가리기";
> "150.title" = "모두 보기";
> "VIN-Ub-wlk.title" = "윈도우";
> "g5w-Gk-ajv.title" = "버전";
> /* Class = "NSMenu"; title = "서비스"; ObjectID = "130"; */
> /* Class = "NSMenuItem"; title = "모두 보기"; ObjectID = "150"; */
> /* Class = "NSMenuItem"; title = "기타 가리기"; ObjectID = "145"; */
> /* Class = "NSMenuItem"; title = "서비스"; ObjectID = "131"; */
> /* Class = "NSMenuItem"; title = "환경설정…"; ObjectID = "129"; */
> /* Class = "NSTextFieldCell"; title = "버전"; ObjectID = "g5w-Gk-ajv"; */
> /* Class = "NSWindow"; title = "윈도우"; ObjectID = "VIN-Ub-wlk"; */
