2,12c2,8
< 12c12
< 15c15
< 18c18
< 21c21
< 24c24
< 27c27
< 30c30
< 33c33
< 36c36
< 39c39
< 3c3
---
> 14,15c14,15
> 17,18c17,18
> 20,21c20,21
> 29,30c29,30
> 32,33c32,33
> 35,36c35,36
> 38,39c38,39
16,17d11
< < "134.title" = "Hide Designer";
< < "136.title" = "Quit Designer";
20,21d13
< < "29.title" = "AMainMenu";
< < "58.title" = "About Designer";
24,34c16,36
< > "129.title" = "環境設定…";
< > "130.title" = "サービス";
< > "131.title" = "サービス";
< > "134.title" = "Designerを隠す";
< > "136.title" = "Designerを終了";
< > "145.title" = "他を隠す";
< > "150.title" = "すべて表示";
< > "29.title" = "Aメインメニュー";
< > "58.title" = "Designerについて";
< > "VIN-Ub-wlk.title" = "ウィンドウ";
< > "g5w-Gk-ajv.title" = "バージョン";
---
> > "129.title" = "환경설정…";
> > "130.title" = "서비스";
> > "131.title" = "서비스";
> > "145.title" = "기타 가리기";
> > "150.title" = "모두 보기";
> > "VIN-Ub-wlk.title" = "윈도우";
> > "g5w-Gk-ajv.title" = "버전";
