3c3
< "29.title" = "AMainMenu";
---
> "29.title" = "Aメインメニュー";
12c12
< "58.title" = "About Designer";
---
> "58.title" = "Designerについて";
15c15
< "129.title" = "Preferences…";
---
> "129.title" = "環境設定…";
18c18
< "130.title" = "Services";
---
> "130.title" = "サービス";
21c21
< "131.title" = "Services";
---
> "131.title" = "サービス";
24c24
< "134.title" = "Hide Designer";
---
> "134.title" = "Designerを隠す";
27c27
< "136.title" = "Quit Designer";
---
> "136.title" = "Designerを終了";
30c30
< "145.title" = "Hide Others";
---
> "145.title" = "他を隠す";
33c33
< "150.title" = "Show All";
---
> "150.title" = "すべて表示";
36c36
< "VIN-Ub-wlk.title" = "Window";
---
> "VIN-Ub-wlk.title" = "ウィンドウ";
39c39
< "g5w-Gk-ajv.title" = "Version";
---
> "g5w-Gk-ajv.title" = "バージョン";
