14c14
< "Rounded" = "Rounded";
---
> "Rounded" = "둥근";
29c29
< "Default" = "Default";
---
> "Default" = "기본값";
32c32
< "Amount" = "Amount";
---
> "Amount" = "양";
38c38
< "Offset" = "Offset";
---
> "Offset" = "편차";
47c47
< "Default" = "Default";
---
> "Default" = "기본값";
56c56
< "Default" = "Default";
---
> "Default" = "기본값";
68c68
< "Default" = "Default";
---
> "Default" = "기본값";
80c80
< "Default" = "Default";
---
> "Default" = "기본값";
89c89
< "Default" = "Default";
---
> "Default" = "기본값";
92c92
< "Height" = "Height";
---
> "Height" = "높이";
101c101
< "Default" = "Default";
---
> "Default" = "기본값";
104c104
< "Height" = "Height";
---
> "Height" = "높이";
110c110
< "Offset" = "Offset";
---
> "Offset" = "편차";
119c119
< "Default" = "Default";
---
> "Default" = "기본값";
125c125
< "Noise" = "Noise";
---
> "Noise" = "잡음";
134c134
< "Default" = "Default";
---
> "Default" = "기본값";
149c149
< "Contrast" = "Contrast";
---
> "Contrast" = "대비";
152c152
< "Brightness" = "Brightness";
---
> "Brightness" = "명암";
161c161
< "Dark" = "Dark";
---
> "Dark" = "다크";
167c167
< "Brightness" = "Brightness";
---
> "Brightness" = "명암";
176c176
< "Default" = "Default";
---
> "Default" = "기본값";
188c188
< "Default" = "Default";
---
> "Default" = "기본값";
203c203
< "Default" = "Default";
---
> "Default" = "기본값";
218c218
< "Default" = "Default";
---
> "Default" = "기본값";
227c227
< "Brightness" = "Brightness";
---
> "Brightness" = "명암";
233c233
< "Default" = "Default";
---
> "Default" = "기본값";
236c236
< "Width" = "Width";
---
> "Width" = "너비";
239c239
< "Offset" = "Offset";
---
> "Offset" = "편차";
248c248
< "Default" = "Default";
---
> "Default" = "기본값";
263c263
< "Offset" = "Offset";
---
> "Offset" = "편차";
272c272
< "Default" = "Default";
---
> "Default" = "기본값";
293c293
< "Default" = "Default";
---
> "Default" = "기본값";
299c299
< "Brightness" = "Brightness";
---
> "Brightness" = "명암";
305c305
< "Default" = "Default";
---
> "Default" = "기본값";
311c311
< "Brightness" = "Brightness";
---
> "Brightness" = "명암";
