---
---
---
---
---
---
---
---
---
12c12
15c15
21c21
24c24
27c27
30c30
3c3
6c6
9c9
< "2ud-at-7Y0.title" = "Before";
< "6rB-gc-kTK.title" = "Insert:";
< "FQv-0w-VKW.title" = "Number of pages:";
< "J5Y-93-wX8.title" = "After";
< "ORj-93-aUn.title" = "Page:";
< "QvC-M9-y7g.title" = "Add Page";
< "Uui-yx-fwy.title" = "Master Page:";
< "fIV-u8-dQJ.title" = "Cancel";
< "pLx-26-Egv.title" = "Add Pages";
> "2ud-at-7Y0.title" = "前";
> "6rB-gc-kTK.title" = "挿入:";
> "FQv-0w-VKW.title" = "ページ数:";
> "J5Y-93-wX8.title" = "後";
> "ORj-93-aUn.title" = "ページ:";
> "QvC-M9-y7g.title" = "1ページを追加";
> "Uui-yx-fwy.title" = "マスターページ:";
> "fIV-u8-dQJ.title" = "キャンセル";
> "pLx-26-Egv.title" = "ページを追加";
