2,3c2,3
< /* Class = "NSTextFieldCell"; title = "Adjustment"; ObjectID = "75"; */
< "75.title" = "Adjustment";
---
> /* Class = "NSTextFieldCell"; title = "조정"; ObjectID = "75"; */
> "75.title" = "조정";
5,6c5,6
< /* Class = "NSMenuItem"; title = "Standard"; ObjectID = "41m-yX-xuM"; */
< "41m-yX-xuM.title" = "Standard";
---
> /* Class = "NSMenuItem"; title = "표준"; ObjectID = "41m-yX-xuM"; */
> "41m-yX-xuM.title" = "표준";
8,9c8,9
< /* Class = "NSButton"; ibShadowedToolTip = "Options"; ObjectID = "BBW-c0-WoW"; */
< "BBW-c0-WoW.ibShadowedToolTip" = "Options";
---
> /* Class = "NSButton"; ibShadowedToolTip = "설정"; ObjectID = "BBW-c0-WoW"; */
> "BBW-c0-WoW.ibShadowedToolTip" = "설정";
11,12c11,12
< /* Class = "NSMenuItem"; title = "User Defined"; ObjectID = "bKi-nC-s2C"; */
< "bKi-nC-s2C.title" = "User Defined";
---
> /* Class = "NSMenuItem"; title = "사용자 정의"; ObjectID = "bKi-nC-s2C"; */
> "bKi-nC-s2C.title" = "사용자 정의";
14,15c14,15
< /* Class = "NSMenuItem"; title = "Categories"; ObjectID = "tof-Vs-O3r"; */
< "tof-Vs-O3r.title" = "Categories";
---
> /* Class = "NSMenuItem"; title = "범주"; ObjectID = "tof-Vs-O3r"; */
> "tof-Vs-O3r.title" = "범주";
