3c3
< "1.title" = "Blend Options";
---
> "1.title" = "ブレンドオプション";
6c6
< "30R-st-e6I.title" = "Underlying Composition Ranges";
---
> "30R-st-e6I.title" = "基になるコンポジション範囲";
9c9
< "4gA-yu-pkk.title" = "Out:";
---
> "4gA-yu-pkk.title" = "出力:";
12c12
< "Are-CW-8Sa.title" = "Linear";
---
> "Are-CW-8Sa.title" = "線形";
15c15
< "Bzj-Ne-xYT.title" = "In:";
---
> "Bzj-Ne-xYT.title" = "入力:";
18c18
< "Qc6-Qq-ibr.title" = "Fill Opacity:";
---
> "Qc6-Qq-ibr.title" = "塗りつぶしの不透明度:";
21c21
< "UvU-cZ-LAA.title" = "Reset";
---
> "UvU-cZ-LAA.title" = "リセット";
24c24
< "bKY-Q6-dc9.title" = "Out:";
---
> "bKY-Q6-dc9.title" = "出力:";
27c27
< "g73-q3-xPA.title" = "Coverage Map:";
---
> "g73-q3-xPA.title" = "カバレッジマップ:";
30c30
< "iaW-69-RJj.title" = "Linear";
---
> "iaW-69-RJj.title" = "線形";
33c33
< "jzn-CV-mnh.title" = "Blend Gamma:";
---
> "jzn-CV-mnh.title" = "ブレンドガンマ:";
36c36
< "kRg-NO-690.title" = "Source Layer Ranges";
---
> "kRg-NO-690.title" = "ソースレイヤー範囲";
39c39
< "kzn-SN-g8x.title" = "Antialiasing:";
---
> "kzn-SN-g8x.title" = "アンチエイリアス:";
42c42
< "wof-xk-tuS.title" = "Reset";
---
> "wof-xk-tuS.title" = "リセット";
45c45
< "x1T-dI-Nvo.title" = "Pressure Flyout";
---
> "x1T-dI-Nvo.title" = "筆圧ポップアップメニュー";
48c48
< "xFO-VV-qgO.title" = "In:";
---
> "xFO-VV-qgO.title" = "入力:";
