2,3c2,3
< /* Class = "NSWindow"; title = "Blend Options"; ObjectID = "1"; */
< "1.title" = "Blend Options";
---
> /* Class = "NSWindow"; title = "혼합 설정"; ObjectID = "1"; */
> "1.title" = "혼합 설정";
8,9c8,9
< /* Class = "NSTextFieldCell"; title = "Out:"; ObjectID = "4gA-yu-pkk"; */
< "4gA-yu-pkk.title" = "Out:";
---
> /* Class = "NSTextFieldCell"; title = "바깥:"; ObjectID = "4gA-yu-pkk"; */
> "4gA-yu-pkk.title" = "바깥:";
11,12c11,12
< /* Class = "NSButtonCell"; title = "Linear"; ObjectID = "Are-CW-8Sa"; */
< "Are-CW-8Sa.title" = "Linear";
---
> /* Class = "NSButtonCell"; title = "선형"; ObjectID = "Are-CW-8Sa"; */
> "Are-CW-8Sa.title" = "선형";
14,15c14,15
< /* Class = "NSTextFieldCell"; title = "In:"; ObjectID = "Bzj-Ne-xYT"; */
< "Bzj-Ne-xYT.title" = "In:";
---
> /* Class = "NSTextFieldCell"; title = "안:"; ObjectID = "Bzj-Ne-xYT"; */
> "Bzj-Ne-xYT.title" = "안:";
17,18c17,18
< /* Class = "NSTextFieldCell"; title = "Fill Opacity:"; ObjectID = "Qc6-Qq-ibr"; */
< "Qc6-Qq-ibr.title" = "Fill Opacity:";
---
> /* Class = "NSTextFieldCell"; title = "칠 불투명도:"; ObjectID = "Qc6-Qq-ibr"; */
> "Qc6-Qq-ibr.title" = "칠 불투명도:";
20,21c20,21
< /* Class = "NSButtonCell"; title = "Reset"; ObjectID = "UvU-cZ-LAA"; */
< "UvU-cZ-LAA.title" = "Reset";
---
> /* Class = "NSButtonCell"; title = "재설정"; ObjectID = "UvU-cZ-LAA"; */
> "UvU-cZ-LAA.title" = "재설정";
23,24c23,24
< /* Class = "NSTextFieldCell"; title = "Out:"; ObjectID = "bKY-Q6-dc9"; */
< "bKY-Q6-dc9.title" = "Out:";
---
> /* Class = "NSTextFieldCell"; title = "바깥:"; ObjectID = "bKY-Q6-dc9"; */
> "bKY-Q6-dc9.title" = "바깥:";
29,30c29,30
< /* Class = "NSButtonCell"; title = "Linear"; ObjectID = "iaW-69-RJj"; */
< "iaW-69-RJj.title" = "Linear";
---
> /* Class = "NSButtonCell"; title = "선형"; ObjectID = "iaW-69-RJj"; */
> "iaW-69-RJj.title" = "선형";
41,42c41,42
< /* Class = "NSButtonCell"; title = "Reset"; ObjectID = "wof-xk-tuS"; */
< "wof-xk-tuS.title" = "Reset";
---
> /* Class = "NSButtonCell"; title = "재설정"; ObjectID = "wof-xk-tuS"; */
> "wof-xk-tuS.title" = "재설정";
47,48c47,48
< /* Class = "NSTextFieldCell"; title = "In:"; ObjectID = "xFO-VV-qgO"; */
< "xFO-VV-qgO.title" = "In:";
---
> /* Class = "NSTextFieldCell"; title = "안:"; ObjectID = "xFO-VV-qgO"; */
> "xFO-VV-qgO.title" = "안:";
