2,17c2,11
< 12c12
< 15c15
< 18c18
< 21c21
< 24c24
< 27c27
< 30c30
< 33c33
< 36c36
< 39c39
< 3c3
< 42c42
< 45c45
< 48c48
< 6c6
< 9c9
---
> 11,12c11,12
> 14,15c14,15
> 17,18c17,18
> 2,3c2,3
> 20,21c20,21
> 23,24c23,24
> 29,30c29,30
> 41,42c41,42
> 47,48c47,48
> 8,9c8,9
19d12
< < "30R-st-e6I.title" = "Underlying Composition Ranges";
26d18
< < "g73-q3-xPA.title" = "Coverage Map:";
28,30d19
< < "jzn-CV-mnh.title" = "Blend Gamma:";
< < "kRg-NO-690.title" = "Source Layer Ranges";
< < "kzn-SN-g8x.title" = "Antialiasing:";
32d20
< < "x1T-dI-Nvo.title" = "Pressure Flyout";
34,49c22,51
< > "1.title" = "ブレンドオプション";
< > "30R-st-e6I.title" = "基になるコンポジション範囲";
< > "4gA-yu-pkk.title" = "出力:";
< > "Are-CW-8Sa.title" = "線形";
< > "Bzj-Ne-xYT.title" = "入力:";
< > "Qc6-Qq-ibr.title" = "塗りつぶしの不透明度:";
< > "UvU-cZ-LAA.title" = "リセット";
< > "bKY-Q6-dc9.title" = "出力:";
< > "g73-q3-xPA.title" = "カバレッジマップ:";
< > "iaW-69-RJj.title" = "線形";
< > "jzn-CV-mnh.title" = "ブレンドガンマ:";
< > "kRg-NO-690.title" = "ソースレイヤー範囲";
< > "kzn-SN-g8x.title" = "アンチエイリアス:";
< > "wof-xk-tuS.title" = "リセット";
< > "x1T-dI-Nvo.title" = "筆圧ポップアップメニュー";
< > "xFO-VV-qgO.title" = "入力:";
---
> > "1.title" = "혼합 설정";
> > "4gA-yu-pkk.title" = "바깥:";
> > "Are-CW-8Sa.title" = "선형";
> > "Bzj-Ne-xYT.title" = "안:";
> > "Qc6-Qq-ibr.title" = "칠 불투명도:";
> > "UvU-cZ-LAA.title" = "재설정";
> > "bKY-Q6-dc9.title" = "바깥:";
> > "iaW-69-RJj.title" = "선형";
> > "wof-xk-tuS.title" = "재설정";
> > "xFO-VV-qgO.title" = "안:";
