2,19c2,9
< 12c12
< 15c15
< 18c18
< 21c21
< 24c24
< 27c27
< 30c30
< 33c33
< 36c36
< 39c39
< 3c3
< 42c42
< 45c45
< 48c48
< 51c51
< 6c6
< 9c9
< < "1.title" = "Affine";
---
> 11,12c11,12
> 17,18c17,18
> 23,24c23,24
> 35,36c35,36
> 38,39c38,39
> 41,42c41,42
> 5,6c5,6
> 8,9c8,9
23d12
< < "DZR-vf-tdn.title" = "Offset Y";
25d13
< < "Fm7-Kx-7ex.title" = "Full";
27,29d14
< < "OcU-e1-sfM.title" = "Wrap";
< < "TgP-Np-98v.title" = "Scale Y";
< < "aVx-1U-EJU.title" = "Extend Mode";
33,52c18,41
< < "lMl-qD-gQG.title" = "Scale X";
< < "riQ-uS-Qa9.title" = "Zero";
< < "zzm-BZ-X2q.title" = "Offset X";
< > "1.title" = "アフィン";
< > "210.title" = "キャンセル";
< > "26.title" = "適用";
< > "4SU-nT-unv.title" = "ミラー";
< > "DZR-vf-tdn.title" = "オフセットY";
< > "FZ0-pO-Bs4.title" = "回転";
< > "Fm7-Kx-7ex.title" = "フル";
< > "G3Z-nm-9QV.ibShadowedToolTip" = "分割表示";
< > "OcU-e1-sfM.title" = "回り込み";
< > "TgP-Np-98v.title" = "スケールY";
< > "aVx-1U-EJU.title" = "拡張モード";
< > "e39-iF-vKm.ibShadowedToolTip" = "ミラー表示";
< > "fcB-eh-JFV.ibShadowedToolTip" = "分割表示なし";
< > "g1b-Hn-BaR.title" = "繰り返し";
< > "lMl-qD-gQG.title" = "スケールX";
< > "riQ-uS-Qa9.title" = "ゼロ";
< > "zzm-BZ-X2q.title" = "オフセットX";
---
> > "210.title" = "취소";
> > "26.title" = "적용";
> > "4SU-nT-unv.title" = "거울";
> > "FZ0-pO-Bs4.title" = "회전";
> > "G3Z-nm-9QV.ibShadowedToolTip" = "분할 보기";
> > "e39-iF-vKm.ibShadowedToolTip" = "거울 보기";
> > "fcB-eh-JFV.ibShadowedToolTip" = "분할 보기 해제";
> > "g1b-Hn-BaR.title" = "반복";
