1,5c1,2
< 3c3
< < "1.title" = "Affine";
< ---
< > "1.title" = "アフィン";
< 6c6
---
> 5,6c5,6
> < /* Class = "NSButtonCell"; title = "Apply"; ObjectID = "26"; */
8,9c5,8
< > "26.title" = "適用";
< 9c9
---
> > /* Class = "NSButtonCell"; title = "적용"; ObjectID = "26"; */
> > "26.title" = "적용";
> 8,9c8,9
> < /* Class = "NSButtonCell"; title = "Cancel"; ObjectID = "210"; */
12,13c11,14
< > "210.title" = "キャンセル";
< 12c12
---
> > /* Class = "NSButtonCell"; title = "취소"; ObjectID = "210"; */
> > "210.title" = "취소";
> 11,12c11,12
> < /* Class = "NSMenuItem"; title = "Mirror"; ObjectID = "4SU-nT-unv"; */
16,21c17,20
< > "4SU-nT-unv.title" = "ミラー";
< 15c15
< < "DZR-vf-tdn.title" = "Offset Y";
< ---
< > "DZR-vf-tdn.title" = "オフセットY";
< 18c18
---
> > /* Class = "NSMenuItem"; title = "거울"; ObjectID = "4SU-nT-unv"; */
> > "4SU-nT-unv.title" = "거울";
> 17,18c17,18
> < /* Class = "NSTextFieldCell"; title = "Rotation"; ObjectID = "FZ0-pO-Bs4"; */
24,29c23,26
< > "FZ0-pO-Bs4.title" = "回転";
< 21c21
< < "Fm7-Kx-7ex.title" = "Full";
< ---
< > "Fm7-Kx-7ex.title" = "フル";
< 24c24
---
> > /* Class = "NSTextFieldCell"; title = "회전"; ObjectID = "FZ0-pO-Bs4"; */
> > "FZ0-pO-Bs4.title" = "회전";
> 23,24c23,24
> < /* Class = "NSButton"; ibShadowedToolTip = "Split view"; ObjectID = "G3Z-nm-9QV"; */
32,45c29,32
< > "G3Z-nm-9QV.ibShadowedToolTip" = "分割表示";
< 27c27
< < "OcU-e1-sfM.title" = "Wrap";
< ---
< > "OcU-e1-sfM.title" = "回り込み";
< 30c30
< < "TgP-Np-98v.title" = "Scale Y";
< ---
< > "TgP-Np-98v.title" = "スケールY";
< 33c33
< < "aVx-1U-EJU.title" = "Extend Mode";
< ---
< > "aVx-1U-EJU.title" = "拡張モード";
< 36c36
---
> > /* Class = "NSButton"; ibShadowedToolTip = "분할 뷰 모드"; ObjectID = "G3Z-nm-9QV"; */
> > "G3Z-nm-9QV.ibShadowedToolTip" = "분할 뷰 모드";
> 35,36c35,36
> < /* Class = "NSButton"; ibShadowedToolTip = "Mirror view"; ObjectID = "e39-iF-vKm"; */
48,49c35,38
< > "e39-iF-vKm.ibShadowedToolTip" = "ミラー表示";
< 39c39
---
> > /* Class = "NSButton"; ibShadowedToolTip = "거울 뷰 모드"; ObjectID = "e39-iF-vKm"; */
> > "e39-iF-vKm.ibShadowedToolTip" = "거울 뷰 모드";
> 38,39c38,39
> < /* Class = "NSButton"; ibShadowedToolTip = "No split view"; ObjectID = "fcB-eh-JFV"; */
52,53c41,44
< > "fcB-eh-JFV.ibShadowedToolTip" = "分割表示なし";
< 42c42
---
> > /* Class = "NSButton"; ibShadowedToolTip = "분할 뷰 모드 해제"; ObjectID = "fcB-eh-JFV"; */
> > "fcB-eh-JFV.ibShadowedToolTip" = "분할 뷰 모드 해제";
> 41,42c41,42
> < /* Class = "NSMenuItem"; title = "Repeat"; ObjectID = "g1b-Hn-BaR"; */
56,68c47,48
< > "g1b-Hn-BaR.title" = "繰り返し";
< 45c45
< < "lMl-qD-gQG.title" = "Scale X";
< ---
< > "lMl-qD-gQG.title" = "スケールX";
< 48c48
< < "riQ-uS-Qa9.title" = "Zero";
< ---
< > "riQ-uS-Qa9.title" = "ゼロ";
< 51c51
< < "zzm-BZ-X2q.title" = "Offset X";
< ---
< > "zzm-BZ-X2q.title" = "オフセットX";
---
> > /* Class = "NSMenuItem"; title = "반복"; ObjectID = "g1b-Hn-BaR"; */
> > "g1b-Hn-BaR.title" = "반복";
