---
---
---
---
---
---
---
---
---
---
---
---
---
---
---
---
---
12c12
15c15
18c18
21c21
24c24
27c27
30c30
33c33
36c36
39c39
3c3
42c42
45c45
48c48
51c51
6c6
9c9
< "1.title" = "Affine";
< "210.title" = "Cancel";
< "26.title" = "Apply";
< "4SU-nT-unv.title" = "Mirror";
< "DZR-vf-tdn.title" = "Offset Y";
< "FZ0-pO-Bs4.title" = "Rotation";
< "Fm7-Kx-7ex.title" = "Full";
< "G3Z-nm-9QV.ibShadowedToolTip" = "Split view";
< "OcU-e1-sfM.title" = "Wrap";
< "TgP-Np-98v.title" = "Scale Y";
< "aVx-1U-EJU.title" = "Extend Mode";
< "e39-iF-vKm.ibShadowedToolTip" = "Mirror view";
< "fcB-eh-JFV.ibShadowedToolTip" = "No split view";
< "g1b-Hn-BaR.title" = "Repeat";
< "lMl-qD-gQG.title" = "Scale X";
< "riQ-uS-Qa9.title" = "Zero";
< "zzm-BZ-X2q.title" = "Offset X";
> "1.title" = "アフィン";
> "210.title" = "キャンセル";
> "26.title" = "適用";
> "4SU-nT-unv.title" = "ミラー";
> "DZR-vf-tdn.title" = "オフセットY";
> "FZ0-pO-Bs4.title" = "回転";
> "Fm7-Kx-7ex.title" = "フル";
> "G3Z-nm-9QV.ibShadowedToolTip" = "分割表示";
> "OcU-e1-sfM.title" = "回り込み";
> "TgP-Np-98v.title" = "スケールY";
> "aVx-1U-EJU.title" = "拡張モード";
> "e39-iF-vKm.ibShadowedToolTip" = "ミラー表示";
> "fcB-eh-JFV.ibShadowedToolTip" = "分割表示なし";
> "g1b-Hn-BaR.title" = "繰り返し";
> "lMl-qD-gQG.title" = "スケールX";
> "riQ-uS-Qa9.title" = "ゼロ";
> "zzm-BZ-X2q.title" = "オフセットX";
