---
---
---
---
---
---
---
---
---
---
---
---
---
---
---
---
---
---
---
---
12c12
15c15
18c18
21c21
27c27
30c30
33c33
36c36
39c39
3c3
42c42
45c45
48c48
51c51
54c54
57c57
60c60
66c66
6c6
9c9
< "1cr-Zp-47l.title" = "Cancel";
< "BbR-Pb-RBv.title" = "Apply";
< "GFy-ae-euZ.title" = "Align Horizontally:";
< "MMk-5J-giJ.title" = "Last Selected";
< "OTB-cM-W9o.title" = "Align to:";
< "TPb-CF-ZoR.title" = "Space";
< "UNO-Ns-MGf.title" = "Auto Distribute";
< "Xiu-I9-b1b.title" = "First Selected";
< "Xp5-cH-yet.title" = "Last Selected";
< "ZTx-er-Kme.title" = "Space";
< "aqn-Kj-Mws.title" = "Auto Distribute";
< "bNa-Xz-emw.title" = "Align Vertically:";
< "bUJ-ja-pcT.title" = "Selection Bounds";
< "bcY-81-lAu.title" = "Margin";
< "gOF-CV-WIu.title" = "Spread";
< "gqd-x0-CcQ.title" = "First Selected";
< "kec-KU-4UP.title" = "Align to:";
< "nEE-yv-EvE.title" = "Selection Bounds";
< "q1n-Av-vuf.title" = "Spread";
< "wBY-fk-Hqy.title" = "Margin";
> "1cr-Zp-47l.title" = "キャンセル";
> "BbR-Pb-RBv.title" = "適用";
> "GFy-ae-euZ.title" = "水平方向に整列:";
> "MMk-5J-giJ.title" = "最後の選択";
> "OTB-cM-W9o.title" = "整列の基準:";
> "TPb-CF-ZoR.title" = "間隔";
> "UNO-Ns-MGf.title" = "自動均等配置";
> "Xiu-I9-b1b.title" = "最初の選択";
> "Xp5-cH-yet.title" = "最後の選択";
> "ZTx-er-Kme.title" = "間隔";
> "aqn-Kj-Mws.title" = "自動均等配置";
> "bNa-Xz-emw.title" = "垂直方向に整列:";
> "bUJ-ja-pcT.title" = "選択範囲";
> "bcY-81-lAu.title" = "マージン";
> "gOF-CV-WIu.title" = "スプレッド";
> "gqd-x0-CcQ.title" = "最初の選択";
> "kec-KU-4UP.title" = "整列の基準:";
> "nEE-yv-EvE.title" = "選択範囲";
> "q1n-Av-vuf.title" = "スプレッド";
> "wBY-fk-Hqy.title" = "マージン";
