1c1,2
< 3c3
---
> 2,3c2,3
> < /* Class = "NSButtonCell"; title = "Cancel"; ObjectID = "1cr-Zp-47l"; */
4,5c5,8
< > "1cr-Zp-47l.title" = "キャンセル";
< 6c6
---
> > /* Class = "NSButtonCell"; title = "취소"; ObjectID = "1cr-Zp-47l"; */
> > "1cr-Zp-47l.title" = "취소";
> 5,6c5,6
> < /* Class = "NSButtonCell"; title = "Apply"; ObjectID = "BbR-Pb-RBv"; */
8,13c11,14
< > "BbR-Pb-RBv.title" = "適用";
< 9c9
< < "GFy-ae-euZ.title" = "Align Horizontally:";
< ---
< > "GFy-ae-euZ.title" = "水平方向に整列:";
< 12c12
---
> > /* Class = "NSButtonCell"; title = "적용"; ObjectID = "BbR-Pb-RBv"; */
> > "BbR-Pb-RBv.title" = "적용";
> 11,12c11,12
> < /* Class = "NSMenuItem"; title = "Last Selected"; ObjectID = "MMk-5J-giJ"; */
16,17c17,20
< > "MMk-5J-giJ.title" = "最後の選択";
< 15c15
---
> > /* Class = "NSMenuItem"; title = "마지막 선택 항목"; ObjectID = "MMk-5J-giJ"; */
> > "MMk-5J-giJ.title" = "마지막 선택 항목";
> 14,15c14,15
> < /* Class = "NSTextFieldCell"; title = "Align to:"; ObjectID = "OTB-cM-W9o"; */
20,21c23,26
< > "OTB-cM-W9o.title" = "整列の基準:";
< 18c18
---
> > /* Class = "NSTextFieldCell"; title = "정렬 대상:"; ObjectID = "OTB-cM-W9o"; */
> > "OTB-cM-W9o.title" = "정렬 대상:";
> 17,18c17,18
> < /* Class = "NSBox"; title = "Space"; ObjectID = "TPb-CF-ZoR"; */
24,25c29,32
< > "TPb-CF-ZoR.title" = "間隔";
< 21c21
---
> > /* Class = "NSBox"; title = "공백"; ObjectID = "TPb-CF-ZoR"; */
> > "TPb-CF-ZoR.title" = "공백";
> 20,21c20,21
> < /* Class = "NSButtonCell"; title = "Auto Distribute"; ObjectID = "UNO-Ns-MGf"; */
28,29c35,38
< > "UNO-Ns-MGf.title" = "自動均等配置";
< 27c27
---
> > /* Class = "NSButtonCell"; title = "자동 분배"; ObjectID = "UNO-Ns-MGf"; */
> > "UNO-Ns-MGf.title" = "자동 분배";
> 26,27c26,27
> < /* Class = "NSMenuItem"; title = "First Selected"; ObjectID = "Xiu-I9-b1b"; */
32,33c41,44
< > "Xiu-I9-b1b.title" = "最初の選択";
< 30c30
---
> > /* Class = "NSMenuItem"; title = "처음 선택 항목"; ObjectID = "Xiu-I9-b1b"; */
> > "Xiu-I9-b1b.title" = "처음 선택 항목";
> 29,30c29,30
> < /* Class = "NSMenuItem"; title = "Last Selected"; ObjectID = "Xp5-cH-yet"; */
36,37c47,50
< > "Xp5-cH-yet.title" = "最後の選択";
< 33c33
---
> > /* Class = "NSMenuItem"; title = "마지막 선택 항목"; ObjectID = "Xp5-cH-yet"; */
> > "Xp5-cH-yet.title" = "마지막 선택 항목";
> 32,33c32,33
> < /* Class = "NSBox"; title = "Space"; ObjectID = "ZTx-er-Kme"; */
40,41c53,56
< > "ZTx-er-Kme.title" = "間隔";
< 36c36
---
> > /* Class = "NSBox"; title = "공백"; ObjectID = "ZTx-er-Kme"; */
> > "ZTx-er-Kme.title" = "공백";
> 35,36c35,36
> < /* Class = "NSButtonCell"; title = "Auto Distribute"; ObjectID = "aqn-Kj-Mws"; */
44,53c59,62
< > "aqn-Kj-Mws.title" = "自動均等配置";
< 39c39
< < "bNa-Xz-emw.title" = "Align Vertically:";
< ---
< > "bNa-Xz-emw.title" = "垂直方向に整列:";
< 42c42
< < "bUJ-ja-pcT.title" = "Selection Bounds";
< ---
< > "bUJ-ja-pcT.title" = "選択範囲";
< 45c45
---
> > /* Class = "NSButtonCell"; title = "자동 분배"; ObjectID = "aqn-Kj-Mws"; */
> > "aqn-Kj-Mws.title" = "자동 분배";
> 44,45c44,45
> < /* Class = "NSMenuItem"; title = "Margin"; ObjectID = "bcY-81-lAu"; */
56,61c65,68
< > "bcY-81-lAu.title" = "マージン";
< 48c48
< < "gOF-CV-WIu.title" = "Spread";
< ---
< > "gOF-CV-WIu.title" = "スプレッド";
< 51c51
---
> > /* Class = "NSMenuItem"; title = "여백"; ObjectID = "bcY-81-lAu"; */
> > "bcY-81-lAu.title" = "여백";
> 50,51c50,51
> < /* Class = "NSMenuItem"; title = "First Selected"; ObjectID = "gqd-x0-CcQ"; */
64,65c71,74
< > "gqd-x0-CcQ.title" = "最初の選択";
< 54c54
---
> > /* Class = "NSMenuItem"; title = "처음 선택 항목"; ObjectID = "gqd-x0-CcQ"; */
> > "gqd-x0-CcQ.title" = "처음 선택 항목";
> 53,54c53,54
> < /* Class = "NSTextFieldCell"; title = "Align to:"; ObjectID = "kec-KU-4UP"; */
68,77c77,80
< > "kec-KU-4UP.title" = "整列の基準:";
< 57c57
< < "nEE-yv-EvE.title" = "Selection Bounds";
< ---
< > "nEE-yv-EvE.title" = "選択範囲";
< 60c60
< < "q1n-Av-vuf.title" = "Spread";
< ---
< > "q1n-Av-vuf.title" = "スプレッド";
< 66c66
---
> > /* Class = "NSTextFieldCell"; title = "정렬 대상:"; ObjectID = "kec-KU-4UP"; */
> > "kec-KU-4UP.title" = "정렬 대상:";
> 65,66c65,66
> < /* Class = "NSMenuItem"; title = "Margin"; ObjectID = "wBY-fk-Hqy"; */
80c83,84
< > "wBY-fk-Hqy.title" = "マージン";
---
> > /* Class = "NSMenuItem"; title = "여백"; ObjectID = "wBY-fk-Hqy"; */
> > "wBY-fk-Hqy.title" = "여백";
