---
---
---
---
---
---
---
12c12
15c15
18c18
21c21
24c24
3c3
9c9
< "Lkb-sj-JdS.ibShadowedToolTip" = "Remove Anchor";
< "V8w-Ri-r0g.title" = "Text Cell";
< "a14-Nd-nVK.ibShadowedToolTip" = "Go to Anchor";
< "fPP-E1-lnT.title" = "Standard";
< "gx6-zC-xfn.ibShadowedToolTip" = "New Anchor";
< "osV-31-IYQ.title" = "Categories";
< "wkh-KL-tHt.title" = "User Defined";
> "Lkb-sj-JdS.ibShadowedToolTip" = "アンカーを削除";
> "V8w-Ri-r0g.title" = "テキストセル";
> "a14-Nd-nVK.ibShadowedToolTip" = "アンカーに移動";
> "fPP-E1-lnT.title" = "標準";
> "gx6-zC-xfn.ibShadowedToolTip" = "新しいアンカー";
> "osV-31-IYQ.title" = "カテゴリ";
> "wkh-KL-tHt.title" = "ユーザー定義";
