3c3
< "HRm-lm-pku.ibShadowedToolTip" = "Add a new fill to this object, above the active fill.";
---
> "HRm-lm-pku.ibShadowedToolTip" = "このオブジェクトのアクティブな塗りつぶしの上に新しい塗りつぶしを追加します。";
6c6
< "LQm-Ky-rkE.title" = "Add Fill";
---
> "LQm-Ky-rkE.title" = "塗りつぶしを追加";
9c9
< "U8C-ob-ztx.title" = "Add Stroke";
---
> "U8C-ob-ztx.title" = "境界線を追加";
12c12
< "UCw-7d-AwS.ibShadowedToolTip" = "Add a new stroke to this object, above the active stroke.";
---
> "UCw-7d-AwS.ibShadowedToolTip" = "このオブジェクトのアクティブな境界線の上に新しい境界線を追加します。";
15c15
< "Y9C-cY-t7h.title" = "Delete";
---
> "Y9C-cY-t7h.title" = "削除";
18c18
< "aGA-1U-QDO.title" = "Text Cell";
---
> "aGA-1U-QDO.title" = "テキストセル";
21c21
< "c4c-FG-eib.ibShadowedToolTip" = "Remove Layer";
---
> "c4c-FG-eib.ibShadowedToolTip" = "レイヤーを削除";
24c24
< "cTL-4a-86p.title" = "Duplicate";
---
> "cTL-4a-86p.title" = "複製";
27c27
< "tWF-xK-yQw.title" = "Table View Cell";
---
> "tWF-xK-yQw.title" = "表ビューセル";
