1,17c1,2
< 3c3
< < "HRm-lm-pku.ibShadowedToolTip" = "Add a new fill to this object, above the active fill.";
< ---
< > "HRm-lm-pku.ibShadowedToolTip" = "このオブジェクトのアクティブな塗りつぶしの上に新しい塗りつぶしを追加します。";
< 6c6
< < "LQm-Ky-rkE.title" = "Add Fill";
< ---
< > "LQm-Ky-rkE.title" = "塗りつぶしを追加";
< 9c9
< < "U8C-ob-ztx.title" = "Add Stroke";
< ---
< > "U8C-ob-ztx.title" = "境界線を追加";
< 12c12
< < "UCw-7d-AwS.ibShadowedToolTip" = "Add a new stroke to this object, above the active stroke.";
< ---
< > "UCw-7d-AwS.ibShadowedToolTip" = "このオブジェクトのアクティブな境界線の上に新しい境界線を追加します。";
< 15c15
---
> 14,15c14,15
> < /* Class = "NSMenuItem"; title = "Delete"; ObjectID = "Y9C-cY-t7h"; */
20,21c5,8
< > "Y9C-cY-t7h.title" = "削除";
< 18c18
---
> > /* Class = "NSMenuItem"; title = "지우기"; ObjectID = "Y9C-cY-t7h"; */
> > "Y9C-cY-t7h.title" = "지우기";
> 17,18c17,18
> < /* Class = "NSTextFieldCell"; title = "Text Cell"; ObjectID = "aGA-1U-QDO"; */
24,25c11,14
< > "aGA-1U-QDO.title" = "テキストセル";
< 21c21
---
> > /* Class = "NSTextFieldCell"; title = "텍스트 셀"; ObjectID = "aGA-1U-QDO"; */
> > "aGA-1U-QDO.title" = "텍스트 셀";
> 20,21c20,21
> < /* Class = "NSButton"; ibShadowedToolTip = "Remove Layer"; ObjectID = "c4c-FG-eib"; */
28,29c17,20
< > "c4c-FG-eib.ibShadowedToolTip" = "レイヤーを削除";
< 24c24
---
> > /* Class = "NSButton"; ibShadowedToolTip = "레이어 지우기"; ObjectID = "c4c-FG-eib"; */
> > "c4c-FG-eib.ibShadowedToolTip" = "레이어 지우기";
> 23,24c23,24
> < /* Class = "NSMenuItem"; title = "Duplicate"; ObjectID = "cTL-4a-86p"; */
32,36c23,24
< > "cTL-4a-86p.title" = "複製";
< 27c27
< < "tWF-xK-yQw.title" = "Table View Cell";
< ---
< > "tWF-xK-yQw.title" = "表ビューセル";
---
> > /* Class = "NSMenuItem"; title = "복제"; ObjectID = "cTL-4a-86p"; */
> > "cTL-4a-86p.title" = "복제";
