3c3
< "1.title" = "Apply Image";
---
> "1.title" = "画像を適用";
6c6
< "26.title" = "Apply";
---
> "26.title" = "適用";
9c9
< "226.title" = "Cancel";
---
> "226.title" = "キャンセル";
12c12
< "2Qw-lN-r8G.title" = "Drag any layer onto this panel to use it as a source.";
---
> "2Qw-lN-r8G.title" = "ソースとして使用するレイヤーをこのパネルにドラッグしてください。";
15c15
< "2kK-i1-DPJ.title" = "or";
---
> "2kK-i1-DPJ.title" = "または";
18c18
< "5Ls-la-k3I.title" = "Alternatively,";
---
> "5Ls-la-k3I.title" = "もしくは、";
24c24
< "9vt-bT-CFQ.title" = "Blend Mode";
---
> "9vt-bT-CFQ.title" = "描画モード";
33c33
< "Huj-ga-CqY.title" = "Box";
---
> "Huj-ga-CqY.title" = "ボックス";
42c42
< "NaR-wF-Gjz.ibShadowedToolTip" = "Split view";
---
> "NaR-wF-Gjz.ibShadowedToolTip" = "分割表示";
45c45
< "S54-Wm-8Ta.title" = "Grayscale";
---
> "S54-Wm-8Ta.title" = "グレースケール";
51c51
< "Zg4-bj-3SQ.title" = "Scale Horizontally To Fit";
---
> "Zg4-bj-3SQ.title" = "サイズに合わせて水平方向にスケーリング";
60c60
< "bxW-2J-FvN.ibShadowedToolTip" = "No split view";
---
> "bxW-2J-FvN.ibShadowedToolTip" = "分割表示なし";
63c63
< "c8d-dK-p81.title" = "Box";
---
> "c8d-dK-p81.title" = "ボックス";
69c69
< "g1o-r8-yRL.title" = "Load Source From File";
---
> "g1o-r8-yRL.title" = "ソースをファイルから読み込み";
81c81
< "qjP-5f-Mst.title" = "Scale Vertically To Fit";
---
> "qjP-5f-Mst.title" = "サイズに合わせて垂直方向にスケーリング";
84c84
< "rrr-9O-QbG.title" = "Equation Color Space";
---
> "rrr-9O-QbG.title" = "数式色空間";
87c87
< "tdB-7d-ilr.title" = "Box";
---
> "tdB-7d-ilr.title" = "ボックス";
90c90
< "vsr-no-n9S.ibShadowedToolTip" = "Mirror view";
---
> "vsr-no-n9S.ibShadowedToolTip" = "ミラー表示";
93c93
< "xwh-CC-DSA.title" = "Use Current Layer As Source";
---
> "xwh-CC-DSA.title" = "現在のレイヤーを使用";
96c96
< "y1h-u0-qj6.title" = "Opacity:";
---
> "y1h-u0-qj6.title" = "不透明度:";
99c99
< "zuZ-dQ-MqZ.title" = "Equations";
---
> "zuZ-dQ-MqZ.title" = "数式";
