5,6c5,6
< /* Class = "NSButtonCell"; title = "Apply"; ObjectID = "26"; */
< "26.title" = "Apply";
---
> /* Class = "NSButtonCell"; title = "적용"; ObjectID = "26"; */
> "26.title" = "적용";
8,9c8,9
< /* Class = "NSButtonCell"; title = "Cancel"; ObjectID = "226"; */
< "226.title" = "Cancel";
---
> /* Class = "NSButtonCell"; title = "취소"; ObjectID = "226"; */
> "226.title" = "취소";
23,24c23,24
< /* Class = "NSTextFieldCell"; title = "Blend Mode"; ObjectID = "9vt-bT-CFQ"; */
< "9vt-bT-CFQ.title" = "Blend Mode";
---
> /* Class = "NSTextFieldCell"; title = "혼합 모드"; ObjectID = "9vt-bT-CFQ"; */
> "9vt-bT-CFQ.title" = "혼합 모드";
41,42c41,42
< /* Class = "NSButton"; ibShadowedToolTip = "Split view"; ObjectID = "NaR-wF-Gjz"; */
< "NaR-wF-Gjz.ibShadowedToolTip" = "Split view";
---
> /* Class = "NSButton"; ibShadowedToolTip = "분할 뷰 모드"; ObjectID = "NaR-wF-Gjz"; */
> "NaR-wF-Gjz.ibShadowedToolTip" = "분할 뷰 모드";
59,60c59,60
< /* Class = "NSButton"; ibShadowedToolTip = "No split view"; ObjectID = "bxW-2J-FvN"; */
< "bxW-2J-FvN.ibShadowedToolTip" = "No split view";
---
> /* Class = "NSButton"; ibShadowedToolTip = "분할 뷰 모드 해제"; ObjectID = "bxW-2J-FvN"; */
> "bxW-2J-FvN.ibShadowedToolTip" = "분할 뷰 모드 해제";
89,90c89,90
< /* Class = "NSButton"; ibShadowedToolTip = "Mirror view"; ObjectID = "vsr-no-n9S"; */
< "vsr-no-n9S.ibShadowedToolTip" = "Mirror view";
---
> /* Class = "NSButton"; ibShadowedToolTip = "거울 뷰 모드"; ObjectID = "vsr-no-n9S"; */
> "vsr-no-n9S.ibShadowedToolTip" = "거울 뷰 모드";
95,96c95,96
< /* Class = "NSTextFieldCell"; title = "Opacity:"; ObjectID = "y1h-u0-qj6"; */
< "y1h-u0-qj6.title" = "Opacity:";
---
> /* Class = "NSTextFieldCell"; title = "불투명도:"; ObjectID = "y1h-u0-qj6"; */
> "y1h-u0-qj6.title" = "불투명도:";
98,99c98,99
< /* Class = "NSButtonCell"; title = "Equations"; ObjectID = "zuZ-dQ-MqZ"; */
< "zuZ-dQ-MqZ.title" = "Equations";
---
> /* Class = "NSButtonCell"; title = "수식"; ObjectID = "zuZ-dQ-MqZ"; */
> "zuZ-dQ-MqZ.title" = "수식";
