2,23c2,9
< 12c12
< 15c15
< 18c18
< 24c24
< 33c33
< 3c3
< 42c42
< 45c45
< 51c51
< 60c60
< 63c63
< 69c69
< 6c6
< 81c81
< 84c84
< 87c87
< 90c90
< 93c93
< 96c96
< 99c99
< 9c9
< < "1.title" = "Apply Image";
---
> 23,24c23,24
> 41,42c41,42
> 5,6c5,6
> 59,60c59,60
> 8,9c8,9
> 89,90c89,90
> 95,96c95,96
> 98,99c98,99
26,28d11
< < "2Qw-lN-r8G.title" = "Drag any layer onto this panel to use it as a source.";
< < "2kK-i1-DPJ.title" = "or";
< < "5Ls-la-k3I.title" = "Alternatively,";
30d12
< < "Huj-ga-CqY.title" = "Box";
32,33d13
< < "S54-Wm-8Ta.title" = "Grayscale";
< < "Zg4-bj-3SQ.title" = "Scale Horizontally To Fit";
35,39d14
< < "c8d-dK-p81.title" = "Box";
< < "g1o-r8-yRL.title" = "Load Source From File";
< < "qjP-5f-Mst.title" = "Scale Vertically To Fit";
< < "rrr-9O-QbG.title" = "Equation Color Space";
< < "tdB-7d-ilr.title" = "Box";
41d15
< < "xwh-CC-DSA.title" = "Use Current Layer As Source";
44,64c18,41
< > "1.title" = "画像を適用";
< > "226.title" = "キャンセル";
< > "26.title" = "適用";
< > "2Qw-lN-r8G.title" = "ソースとして使用するレイヤーをこのパネルにドラッグしてください。";
< > "2kK-i1-DPJ.title" = "または";
< > "5Ls-la-k3I.title" = "もしくは、";
< > "9vt-bT-CFQ.title" = "描画モード";
< > "Huj-ga-CqY.title" = "ボックス";
< > "NaR-wF-Gjz.ibShadowedToolTip" = "分割表示";
< > "S54-Wm-8Ta.title" = "グレースケール";
< > "Zg4-bj-3SQ.title" = "サイズに合わせて水平方向にスケーリング";
< > "bxW-2J-FvN.ibShadowedToolTip" = "分割表示なし";
< > "c8d-dK-p81.title" = "ボックス";
< > "g1o-r8-yRL.title" = "ソースをファイルから読み込み";
< > "qjP-5f-Mst.title" = "サイズに合わせて垂直方向にスケーリング";
< > "rrr-9O-QbG.title" = "数式色空間";
< > "tdB-7d-ilr.title" = "ボックス";
< > "vsr-no-n9S.ibShadowedToolTip" = "ミラー表示";
< > "xwh-CC-DSA.title" = "現在のレイヤーを使用";
< > "y1h-u0-qj6.title" = "不透明度:";
< > "zuZ-dQ-MqZ.title" = "数式";
---
> > "226.title" = "취소";
> > "26.title" = "적용";
> > "9vt-bT-CFQ.title" = "혼합 모드";
> > "NaR-wF-Gjz.ibShadowedToolTip" = "분할 보기";
> > "bxW-2J-FvN.ibShadowedToolTip" = "분할 보기 해제";
> > "vsr-no-n9S.ibShadowedToolTip" = "거울 보기";
> > "y1h-u0-qj6.title" = "불투명도:";
> > "zuZ-dQ-MqZ.title" = "수식";
