1,9c1,2
< 3c3
< < "2wz-OH-O7o.title" = "Export Assets…";
< ---
< > "2wz-OH-O7o.title" = "アセットを書き出し…";
< 6c6
< < "79Q-hk-by6.title" = "Date Added";
< ---
< > "79Q-hk-by6.title" = "追加日";
< 9c9
---
> 8,9c8,9
> < /* Class = "NSMenuItem"; title = "Standard"; ObjectID = "9zG-hx-XXG"; */
12,29c5,8
< > "9zG-hx-XXG.title" = "標準";
< 15c15
< < "Ebi-AR-Llb.title" = "Duplicate Category";
< ---
< > "Ebi-AR-Llb.title" = "カテゴリを複製";
< 18c18
< < "Eya-ZP-RHB.title" = "Delete Category…";
< ---
< > "Eya-ZP-RHB.title" = "カテゴリを削除…";
< 21c21
< < "GPo-Im-HJU.title" = "Link Category";
< ---
< > "GPo-Im-HJU.title" = "カテゴリをリンク";
< 24c24
< < "IFT-vu-pOw.title" = "Embed in Current Document";
< ---
< > "IFT-vu-pOw.title" = "現在のドキュメントに埋め込む";
< 27c27
---
> > /* Class = "NSMenuItem"; title = "표준"; ObjectID = "9zG-hx-XXG"; */
> > "9zG-hx-XXG.title" = "표준";
> 26,27c26,27
> < /* Class = "NSMenuItem"; title = "Delete"; ObjectID = "MZx-QI-kWg"; */
32,53c11,14
< > "MZx-QI-kWg.title" = "削除";
< 30c30
< < "PXJ-SO-nYw.title" = "Create New Category…";
< ---
< > "PXJ-SO-nYw.title" = "新規カテゴリを作成…";
< 36c36
< < "TRC-Pg-VJW.title" = "Add from Selection";
< ---
< > "TRC-Pg-VJW.title" = "選択範囲から追加";
< 39c39
< < "Uxd-Ox-8W8.title" = "Collapse All";
< ---
< > "Uxd-Ox-8W8.title" = "すべて折りたたむ";
< 42c42
< < "Vpv-K8-wu3.title" = "Delete Asset";
< ---
< > "Vpv-K8-wu3.title" = "アセットを削除";
< 45c45
< < "W02-m9-dOR.title" = "Sort Categories By";
< ---
< > "W02-m9-dOR.title" = "次の項目でカテゴリを並べ替え";
< 48c48
---
> > /* Class = "NSMenuItem"; title = "지우기"; ObjectID = "MZx-QI-kWg"; */
> > "MZx-QI-kWg.title" = "지우기";
> 47,48c47,48
> < /* Class = "NSMenuItem"; title = "Name"; ObjectID = "YKI-ZG-Cck"; */
56,89c17,20
< > "YKI-ZG-Cck.title" = "名前";
< 51c51
< < "akK-HL-aOv.title" = "Sort Categories By";
< ---
< > "akK-HL-aOv.title" = "次の項目でカテゴリを並べ替え";
< 54c54
< < "b5z-a8-Idf.title" = "Move Down";
< ---
< > "b5z-a8-Idf.title" = "下に移動";
< 57c57
< < "dAh-KI-oW2.title" = "Rename Asset…";
< ---
< > "dAh-KI-oW2.title" = "アセット名を変更…";
< 60c60
< < "eX8-4T-G2G.title" = "Move Up";
< ---
< > "eX8-4T-G2G.title" = "上に移動";
< 63c63
< < "gCo-kR-R97.title" = "Expand All";
< ---
< > "gCo-kR-R97.title" = "すべて展開";
< 66c66
< < "gFN-lg-oz6.title" = "Create Subcategory";
< ---
< > "gFN-lg-oz6.title" = "サブカテゴリを作成";
< 69c69
< < "gg5-Od-7CS.title" = "Uninstall Pack…";
< ---
< > "gg5-Od-7CS.title" = "パックをアンインストール…";
< 72c72
< < "iow-qu-NAO.title" = "Rename…";
< ---
< > "iow-qu-NAO.title" = "名前を変更…";
< 75c75
---
> > /* Class = "NSMenuItem"; title = "이름"; ObjectID = "YKI-ZG-Cck"; */
> > "YKI-ZG-Cck.title" = "이름";
> 74,75c74,75
> < /* Class = "NSMenuItem"; title = "Rename Category…"; ObjectID = "olL-E7-Jqg"; */
92,93c23,26
< > "olL-E7-Jqg.title" = "カテゴリ名を変更…";
< 78c78
---
> > /* Class = "NSMenuItem"; title = "범주 이름 변경…"; ObjectID = "olL-E7-Jqg"; */
> > "olL-E7-Jqg.title" = "범주 이름 변경…";
> 77,78c77,78
> < /* Class = "NSMenuItem"; title = "Categories"; ObjectID = "qvh-Cd-Zi3"; */
96,101c29,32
< > "qvh-Cd-Zi3.title" = "カテゴリ";
< 81c81
< < "rSK-pI-WVd.title" = "Sort By Name";
< ---
< > "rSK-pI-WVd.title" = "名前で並べ替え";
< 84c84
---
> > /* Class = "NSMenuItem"; title = "범주"; ObjectID = "qvh-Cd-Zi3"; */
> > "qvh-Cd-Zi3.title" = "범주";
> 83,84c83,84
> < /* Class = "NSMenuItem"; title = "Show as List"; ObjectID = "t9g-eb-W0g"; */
104,109c35,38
< > "t9g-eb-W0g.title" = "リストとして表示";
< 87c87
< < "uHu-9O-kEC.title" = "Import Assets…";
< ---
< > "uHu-9O-kEC.title" = "アセットをインポート…";
< 90c90
---
> > /* Class = "NSMenuItem"; title = "목록으로 보기"; ObjectID = "t9g-eb-W0g"; */
> > "t9g-eb-W0g.title" = "목록으로 보기";
> 89,90c89,90
> < /* Class = "NSMenuItem"; title = "User Defined"; ObjectID = "vyA-nq-YEr"; */
112c41,42
< > "vyA-nq-YEr.title" = "ユーザー定義";
---
> > /* Class = "NSMenuItem"; title = "사용자 정의"; ObjectID = "vyA-nq-YEr"; */
> > "vyA-nq-YEr.title" = "사용자 정의";
