3c3
< "2wz-OH-O7o.title" = "Export Assets…";
---
> "2wz-OH-O7o.title" = "アセットを書き出し…";
6c6
< "79Q-hk-by6.title" = "Date Added";
---
> "79Q-hk-by6.title" = "追加日";
9c9
< "9zG-hx-XXG.title" = "Standard";
---
> "9zG-hx-XXG.title" = "標準";
15c15
< "Ebi-AR-Llb.title" = "Duplicate Category";
---
> "Ebi-AR-Llb.title" = "カテゴリを複製";
18c18
< "Eya-ZP-RHB.title" = "Delete Category…";
---
> "Eya-ZP-RHB.title" = "カテゴリを削除…";
21c21
< "GPo-Im-HJU.title" = "Link Category";
---
> "GPo-Im-HJU.title" = "カテゴリをリンク";
24c24
< "IFT-vu-pOw.title" = "Embed in Current Document";
---
> "IFT-vu-pOw.title" = "現在のドキュメントに埋め込む";
27c27
< "MZx-QI-kWg.title" = "Delete";
---
> "MZx-QI-kWg.title" = "削除";
30c30
< "PXJ-SO-nYw.title" = "Create New Category…";
---
> "PXJ-SO-nYw.title" = "新規カテゴリを作成…";
36c36
< "TRC-Pg-VJW.title" = "Add from Selection";
---
> "TRC-Pg-VJW.title" = "選択範囲から追加";
39c39
< "Uxd-Ox-8W8.title" = "Collapse All";
---
> "Uxd-Ox-8W8.title" = "すべて折りたたむ";
42c42
< "Vpv-K8-wu3.title" = "Delete Asset";
---
> "Vpv-K8-wu3.title" = "アセットを削除";
45c45
< "W02-m9-dOR.title" = "Sort Categories By";
---
> "W02-m9-dOR.title" = "次の項目でカテゴリを並べ替え";
48c48
< "YKI-ZG-Cck.title" = "Name";
---
> "YKI-ZG-Cck.title" = "名前";
51c51
< "akK-HL-aOv.title" = "Sort Categories By";
---
> "akK-HL-aOv.title" = "次の項目でカテゴリを並べ替え";
54c54
< "b5z-a8-Idf.title" = "Move Down";
---
> "b5z-a8-Idf.title" = "下に移動";
57c57
< "dAh-KI-oW2.title" = "Rename Asset…";
---
> "dAh-KI-oW2.title" = "アセット名を変更…";
60c60
< "eX8-4T-G2G.title" = "Move Up";
---
> "eX8-4T-G2G.title" = "上に移動";
63c63
< "gCo-kR-R97.title" = "Expand All";
---
> "gCo-kR-R97.title" = "すべて展開";
66c66
< "gFN-lg-oz6.title" = "Create Subcategory";
---
> "gFN-lg-oz6.title" = "サブカテゴリを作成";
69c69
< "gg5-Od-7CS.title" = "Uninstall Pack…";
---
> "gg5-Od-7CS.title" = "パックをアンインストール…";
72c72
< "iow-qu-NAO.title" = "Rename…";
---
> "iow-qu-NAO.title" = "名前を変更…";
75c75
< "olL-E7-Jqg.title" = "Rename Category…";
---
> "olL-E7-Jqg.title" = "カテゴリ名を変更…";
78c78
< "qvh-Cd-Zi3.title" = "Categories";
---
> "qvh-Cd-Zi3.title" = "カテゴリ";
81c81
< "rSK-pI-WVd.title" = "Sort By Name";
---
> "rSK-pI-WVd.title" = "名前で並べ替え";
84c84
< "t9g-eb-W0g.title" = "Show as List";
---
> "t9g-eb-W0g.title" = "リストとして表示";
87c87
< "uHu-9O-kEC.title" = "Import Assets…";
---
> "uHu-9O-kEC.title" = "アセットをインポート…";
90c90
< "vyA-nq-YEr.title" = "User Defined";
---
> "vyA-nq-YEr.title" = "ユーザー定義";
