1,5c1,2
< 3c3
< < "1.title" = "Assign ICC Profile";
< ---
< > "1.title" = "ICCプロファイルを割り当て";
< 6c6
---
> 5,6c5,6
> < /* Class = "NSTextFieldCell"; title = "Text Cell"; ObjectID = "37"; */
8,9c5,8
< > "37.title" = "テキストセル";
< 9c9
---
> > /* Class = "NSTextFieldCell"; title = "텍스트 셀"; ObjectID = "37"; */
> > "37.title" = "텍스트 셀";
> 8,9c8,9
> < /* Class = "NSButtonCell"; title = "Assign"; ObjectID = "101"; */
12,13c11,14
< > "101.title" = "割り当て";
< 12c12
---
> > /* Class = "NSButtonCell"; title = "할당"; ObjectID = "101"; */
> > "101.title" = "할당";
> 11,12c11,12
> < /* Class = "NSTextFieldCell"; title = "Profile"; ObjectID = "6vY-fq-uzX"; */
16,17c17,20
< > "6vY-fq-uzX.title" = "プロファイル";
< 15c15
---
> > /* Class = "NSTextFieldCell"; title = "프로파일"; ObjectID = "6vY-fq-uzX"; */
> > "6vY-fq-uzX.title" = "프로파일";
> 14,15c14,15
> < /* Class = "NSButtonCell"; title = "Cancel"; ObjectID = "SxL-SC-ll3"; */
20c23,24
< > "SxL-SC-ll3.title" = "キャンセル";
---
> > /* Class = "NSButtonCell"; title = "취소"; ObjectID = "SxL-SC-ll3"; */
> > "SxL-SC-ll3.title" = "취소";
