2,33c2,3
< 102c102
< 105c105
< 108c108
< 111c111
< 114c114
< 120c120
< 12c12
< 18c18
< 21c21
< 27c27
< 30c30
< 33c33
< 39c39
< 3c3
< 42c42
< 45c45
< 48c48
< 54c54
< 57c57
< 60c60
< 63c63
< 69c69
< 6c6
< 72c72
< 75c75
< 81c81
< 84c84
< 87c87
< 90c90
< 96c96
< 99c99
< 9c9
---
> 2,3c2,3
> 5,6c5,6
35,56d4
< < "3rH-Ck-lNj.title" = "Adding mask layer to selection:";
< < "3va-GU-uh9.title" = "Develop Assistant…";
< < "402.title" = "Enable assistant";
< < "404.title" = "Painting with no layer selected:";
< < "593.title" = "Add new pixel layer and paint";
< < "598.title" = "Take no action";
< < "5y2-Ce-ykL.title" = "Add mask as child layer";
< < "604.title" = "Take no action";
< < "606.title" = "Other brushes on vector layers:";
< < "608.title" = "Rasterize layer and apply brush";
< < "630.title" = "Add adjustment as new layer";
< < "631.title" = "Add adjustment as child layer";
< < "632.title" = "Adding adjustment layer to selection:";
< < "637.title" = "Applying filters to vector layers:";
< < "640.title" = "Rasterize layer and apply filter";
< < "641.title" = "Take no action";
< < "668.title" = "Alert when assistant takes an action";
< < "674.title" = "Erasing from vector layers:";
< < "677.title" = "Rasterize layer and erase";
< < "678.title" = "Place mask layer inside and erase";
< < "679.title" = "Take no action";
< < "7wt-0u-aqy.title" = "Smart sharing between tools";
58,97c6,11
< < "D0u-dy-2Ia.title" = "No sharing between tools";
< < "F06-nl-IOT.title" = "Brush tool sharing:";
< < "OP5-O3-teg.title" = "Add filter as new layer";
< < "PUm-XP-hfi.title" = "Add mask as new layer";
< < "VGl-ZB-LWS.title" = "Add filter as child layer";
< < "Z4i-Id-eVS.title" = "Adding filter layer to selection:";
< < "n1K-Q4-60T.title" = "Brush shared between all tools";
< < "uul-Qd-CVA.title" = "One-step undo/redo of complex assistant actions";
< > "186.title" = "閉じる";
< > "3rH-Ck-lNj.title" = "選択範囲にマスクレイヤーを追加:";
< > "3va-GU-uh9.title" = "現像アシスタント…";
< > "402.title" = "アシスタントを有効にする";
< > "404.title" = "レイヤーを選択せずに描画:";
< > "593.title" = "新規ピクセルレイヤーとペイントを追加";
< > "598.title" = "何もしない";
< > "5y2-Ce-ykL.title" = "マスクを子レイヤーとして追加";
< > "604.title" = "何もしない";
< > "606.title" = "ベクターレイヤー上の他のブラシ:";
< > "608.title" = "レイヤーをラスタライズしてブラシを適用";
< > "630.title" = "調整を新規レイヤーとして追加";
< > "631.title" = "調整を子レイヤーとして追加";
< > "632.title" = "選択範囲に調整レイヤーを追加:";
< > "637.title" = "ベクターレイヤーにフィルターを適用:";
< > "640.title" = "レイヤーをラスタライズしてフィルターを適用";
< > "641.title" = "何もしない";
< > "668.title" = "アシスタントが処理を行うときにアラート";
< > "674.title" = "ベクターレイヤーから消去:";
< > "677.title" = "レイヤーをラスタライズして消去";
< > "678.title" = "マスクレイヤーを内部に配置して消去";
< > "679.title" = "何もしない";
< > "7wt-0u-aqy.title" = "ツール間でスマート共有";
< > "90.title" = "アシスタント";
< > "D0u-dy-2Ia.title" = "ツール間の共有なし";
< > "F06-nl-IOT.title" = "ブラシツールの共有:";
< > "OP5-O3-teg.title" = "フィルターを新規レイヤーとして追加";
< > "PUm-XP-hfi.title" = "マスクを新規レイヤーとして追加";
< > "VGl-ZB-LWS.title" = "フィルターを子レイヤーとして追加";
< > "Z4i-Id-eVS.title" = "選択範囲にフィルターレイヤーを追加:";
< > "n1K-Q4-60T.title" = "すべてのツールで共有されるブラシ";
< > "uul-Qd-CVA.title" = "複雑なアシスタントアクションをワンストップで元に戻す/やり直す";
---
> < /* Class = "NSButtonCell"; title = "Close"; ObjectID = "186"; */
> < /* Class = "NSWindow"; title = "Assistant"; ObjectID = "90"; */
> > "186.title" = "닫기";
> > "90.title" = "손쉬운 사용";
> > /* Class = "NSButtonCell"; title = "닫기"; ObjectID = "186"; */
> > /* Class = "NSWindow"; title = "손쉬운 사용"; ObjectID = "90"; */
