2,15c2,4
< 12c12
< 15c15
< 18c18
< 21c21
< 27c27
< 33c33
< 3c3
< 42c42
< 45c45
< 6c6
< 9c9
< < "1Bk-c8-6gQ.title" = "White balance:";
< < "BU4-Aw-W9o.title" = "Subtract black level";
< < "OKU-sB-PDf.title" = "Inferred";
---
> 11,12c11,12
> 17,18c17,18
> 41,42c41,42
17d5
< < "VA9-2p-Kcr.title" = "FITS Bayer pattern:";
19,21d6
< < "ZQY-V2-gws.title" = "Daylight";
< < "d8W-VO-zZG.title" = "Demosaic Method:";
< < "diy-ws-lqd.title" = "Master Flat";
23,34c8,16
< < "wXW-ED-eEc.title" = "Bilinear";
< > "1Bk-c8-6gQ.title" = "ホワイトバランス:";
< > "BU4-Aw-W9o.title" = "減算ブラックレベル";
< > "OKU-sB-PDf.title" = "推測";
< > "UQ4-jh-JCY.title" = "カメラ";
< > "VA9-2p-Kcr.title" = "FITS Bayerパターン:";
< > "YlV-6h-Hyf.title" = "デフォルト";
< > "ZQY-V2-gws.title" = "夏時間";
< > "d8W-VO-zZG.title" = "デモザイク方法:";
< > "diy-ws-lqd.title" = "マスターフラット";
< > "nhq-0u-ePo.title" = "モノクロ";
< > "wXW-ED-eEc.title" = "バイリニア";
---
> < /* Class = "NSMenuItem"; title = "Camera"; ObjectID = "UQ4-jh-JCY"; */
> < /* Class = "NSMenuItem"; title = "Default"; ObjectID = "YlV-6h-Hyf"; */
> < /* Class = "NSMenuItem"; title = "Monochrome"; ObjectID = "nhq-0u-ePo"; */
> > "UQ4-jh-JCY.title" = "카메라";
> > "YlV-6h-Hyf.title" = "기본값";
> > "nhq-0u-ePo.title" = "단색";
> > /* Class = "NSMenuItem"; title = "단색"; ObjectID = "nhq-0u-ePo"; */
> > /* Class = "NSMenuItem"; title = "카메라"; ObjectID = "UQ4-jh-JCY"; */
> > /* Class = "NSMenuItem"; title = "기본값"; ObjectID = "YlV-6h-Hyf"; */
