3c3
< "1Bk-c8-6gQ.title" = "White balance:";
---
> "1Bk-c8-6gQ.title" = "ホワイトバランス:";
6c6
< "BU4-Aw-W9o.title" = "Subtract black level";
---
> "BU4-Aw-W9o.title" = "減算ブラックレベル";
9c9
< "OKU-sB-PDf.title" = "Inferred";
---
> "OKU-sB-PDf.title" = "推測";
12c12
< "UQ4-jh-JCY.title" = "Camera";
---
> "UQ4-jh-JCY.title" = "カメラ";
15c15
< "VA9-2p-Kcr.title" = "FITS Bayer pattern:";
---
> "VA9-2p-Kcr.title" = "FITS Bayerパターン:";
18c18
< "YlV-6h-Hyf.title" = "Default";
---
> "YlV-6h-Hyf.title" = "デフォルト";
21c21
< "ZQY-V2-gws.title" = "Daylight";
---
> "ZQY-V2-gws.title" = "夏時間";
27c27
< "d8W-VO-zZG.title" = "Demosaic Method:";
---
> "d8W-VO-zZG.title" = "デモザイク方法:";
33c33
< "diy-ws-lqd.title" = "Master Flat";
---
> "diy-ws-lqd.title" = "マスターフラット";
42c42
< "nhq-0u-ePo.title" = "Monochrome";
---
> "nhq-0u-ePo.title" = "モノクロ";
45c45
< "wXW-ED-eEc.title" = "Bilinear";
---
> "wXW-ED-eEc.title" = "バイリニア";
