7,27c7,12
< ---
< ---
< ---
< ---
< ---
< ---
< ---
< 12c12
< 15c15
< 18c18
< 21c21
< 24c24
< 27c27
< 30c30
< 33c33
< 36c36
< 39c39
< 3c3
< 6c6
< 9c9
< < "1.title" = "Remove Background";
---
> 11,12c11,12
> 23,24c23,24
> 26,27c26,27
> 38,39c38,39
> 5,6c5,6
> 8,9c8,9
31,33d15
< < "3uv-u4-8Qj.title" = "Gray:";
< < "9Rx-ke-sZy.title" = "Blue:";
< < "Emz-Eh-oYo.title" = "Sample color at handle";
36,38d17
< < "MsI-gk-9x9.title" = "Green:";
< < "pKP-tq-Aoh.title" = "Red:";
< < "qYH-aA-W1a.title" = "Output black level:";
40,52c19,36
< > "1.title" = "背景を削除";
< > "210.title" = "キャンセル";
< > "26.title" = "適用";
< > "299-Qg-gwy.title" = "半径:";
< > "3uv-u4-8Qj.title" = "グレー:";
< > "9Rx-ke-sZy.title" = "青:";
< > "Emz-Eh-oYo.title" = "ハンドルのサンプルカラー";
< > "Ltk-tI-wRy.ibShadowedToolTip" = "分割表示";
< > "MOA-Oa-wtv.ibShadowedToolTip" = "分割表示なし";
< > "MsI-gk-9x9.title" = "緑:";
< > "pKP-tq-Aoh.title" = "赤:";
< > "qYH-aA-W1a.title" = "出力の黒レベル:";
< > "z1c-Hh-uOd.ibShadowedToolTip" = "ミラー表示";
---
> < /* Class = "NSButton"; ibShadowedToolTip = "Mirror view"; ObjectID = "z1c-Hh-uOd"; */
> < /* Class = "NSButton"; ibShadowedToolTip = "No split view"; ObjectID = "MOA-Oa-wtv"; */
> < /* Class = "NSButton"; ibShadowedToolTip = "Split view"; ObjectID = "Ltk-tI-wRy"; */
> < /* Class = "NSButtonCell"; title = "Apply"; ObjectID = "26"; */
> < /* Class = "NSButtonCell"; title = "Cancel"; ObjectID = "210"; */
> < /* Class = "NSTextFieldCell"; title = "Radius:"; ObjectID = "299-Qg-gwy"; */
> > "210.title" = "취소";
> > "26.title" = "적용";
> > "299-Qg-gwy.title" = "반지름:";
> > "Ltk-tI-wRy.ibShadowedToolTip" = "분할 뷰 모드";
> > "MOA-Oa-wtv.ibShadowedToolTip" = "분할 뷰 모드 해제";
> > "z1c-Hh-uOd.ibShadowedToolTip" = "거울 뷰 모드";
> > /* Class = "NSButton"; ibShadowedToolTip = "분할 뷰 모드 해제"; ObjectID = "MOA-Oa-wtv"; */
> > /* Class = "NSButton"; ibShadowedToolTip = "분할 뷰 모드"; ObjectID = "Ltk-tI-wRy"; */
> > /* Class = "NSButton"; ibShadowedToolTip = "거울 뷰 모드"; ObjectID = "z1c-Hh-uOd"; */
> > /* Class = "NSButtonCell"; title = "취소"; ObjectID = "210"; */
> > /* Class = "NSButtonCell"; title = "적용"; ObjectID = "26"; */
> > /* Class = "NSTextFieldCell"; title = "반지름:"; ObjectID = "299-Qg-gwy"; */
