3c3
< "BU4-Aw-W9o.title" = "Background calibration";
---
> "BU4-Aw-W9o.title" = "背景のキャリブレーション";
6c6
< "OKU-sB-PDf.title" = "Mean";
---
> "OKU-sB-PDf.title" = "平均";
9c9
< "ScZ-Db-uJ2.title" = "Threshold (standard deviations):";
---
> "ScZ-Db-uJ2.title" = "しきい値 (標準偏差):";
12c12
< "VA9-2p-Kcr.title" = "Stacking method:";
---
> "VA9-2p-Kcr.title" = "スタッキング方法:";
15c15
< "fdI-qy-WQx.label" = "Median";
---
> "fdI-qy-WQx.label" = "メディアン";
18c18
< "g4B-lU-gIx.label" = "Sigma clipping";
---
> "g4B-lU-gIx.label" = "シグマクリッピング";
21c21
< "l9g-yL-Kpd.title" = "Sigma clipping";
---
> "l9g-yL-Kpd.title" = "シグマクリッピング";
24c24
< "lQ6-3w-wJS.title" = "Median";
---
> "lQ6-3w-wJS.title" = "メディアン";
27c27
< "u7N-4S-3lQ.label" = "Mean";
---
> "u7N-4S-3lQ.label" = "平均";
30c30
< "v8E-x6-Gc0.title" = "Clipping iterations:";
---
> "v8E-x6-Gc0.title" = "クリッピング反復:";
