3c3
< "1.title" = "Live Band-Pass Mask";
---
> "1.title" = "ライブバンドパスマスク";
6c6
< "9qa-Cr-gkz.title" = "Rename preset";
---
> "9qa-Cr-gkz.title" = "プリセット名を変更";
9c9
< "K4x-g6-vz5.title" = "Delete";
---
> "K4x-g6-vz5.title" = "削除";
12c12
< "Loc-Ae-w3a.title" = "Invert output";
---
> "Loc-Ae-w3a.title" = "出力を反転";
15c15
< "MQH-a4-RNs.title" = "Low Band";
---
> "MQH-a4-RNs.title" = "ローバンド";
18c18
< "NQ0-4g-gDs.title" = "Merge";
---
> "NQ0-4g-gDs.title" = "結合";
21c21
< "Qyy-hp-iUk.title" = "Band-pass Blur Radius";
---
> "Qyy-hp-iUk.title" = "バンドパスシャドウぼかし";
24c24
< "WTV-JV-cV2.title" = "Linear";
---
> "WTV-JV-cV2.title" = "線形";
27c27
< "WxW-2F-sTP.title" = "High Band";
---
> "WxW-2F-sTP.title" = "ハイバンド";
30c30
< "bmy-Pp-Ida.title" = "Opacity:";
---
> "bmy-Pp-Ida.title" = "不透明度:";
33c33
< "dp4-YI-gqD.title" = "Create preset";
---
> "dp4-YI-gqD.title" = "プリセットを作成";
36c36
< "dyU-CK-fmy.title" = "Delete preset";
---
> "dyU-CK-fmy.title" = "プリセットを削除";
39c39
< "gdB-lE-HfE.title" = "Reset";
---
> "gdB-lE-HfE.title" = "リセット";
42c42
< "mjH-yT-uPr.title" = "Preview";
---
> "mjH-yT-uPr.title" = "プレビュー";
45c45
< "uhE-DR-JW9.title" = "Intensity Map";
---
> "uhE-DR-JW9.title" = "強度マップ";
