2,6c2
< 12c12
< 15c15
< 18c18
< 21c21
< 24c24
---
> 23,24c23,24
8,12c4
< 30c30
< 3c3
< 6c6
< 9c9
< < "6hd-rl-Jc3.title" = "Start Position:";
---
> 5,6c5,6
14,18d5
< < "9Yh-Gd-kYX.ibShadowedToolTip" = "Set the main grid line color";
< < "BkP-AK-g2x.title" = "Top of Page";
< < "F6c-ah-C2b.title" = "Use Baseline Grid";
< < "Jro-wu-eQR.title" = "Top Margin";
< < "grz-Zv-H4H.title" = "Grid Spacing:";
21,31c8,14
< < "yCG-cd-Q3Y.title" = "Relative to:";
< > "6hd-rl-Jc3.title" = "開始位置:";
< > "8nV-dz-1wL.ibShadowedToolTip" = "メイングリッドラインを不透明に設定";
< > "9Yh-Gd-kYX.ibShadowedToolTip" = "メイングリッドラインのカラーを設定";
< > "BkP-AK-g2x.title" = "ページの上";
< > "F6c-ah-C2b.title" = "ベースライングリッドを使用";
< > "Jro-wu-eQR.title" = "上マージン";
< > "grz-Zv-H4H.title" = "グリッド間隔:";
< > "jRA-SJ-1QQ.title" = "ボタン";
< > "tGu-ts-o5h.title" = "カラー:";
< > "yCG-cd-Q3Y.title" = "基準:";
---
> > "8nV-dz-1wL.ibShadowedToolTip" = "주 격자 선 불투명도 설정";
> > "jRA-SJ-1QQ.title" = "버튼";
> > "tGu-ts-o5h.title" = "색상:";
