5,6c5,6
< /* Class = "NSTextFieldCell"; title = "Radius"; ObjectID = "12"; */
< "12.title" = "Radius";
---
> /* Class = "NSTextFieldCell"; title = "반지름"; ObjectID = "12"; */
> "12.title" = "반지름";
8,9c8,9
< /* Class = "NSButtonCell"; title = "Apply"; ObjectID = "26"; */
< "26.title" = "Apply";
---
> /* Class = "NSButtonCell"; title = "적용"; ObjectID = "26"; */
> "26.title" = "적용";
11,12c11,12
< /* Class = "NSButtonCell"; title = "Cancel"; ObjectID = "226"; */
< "226.title" = "Cancel";
---
> /* Class = "NSButtonCell"; title = "취소"; ObjectID = "226"; */
> "226.title" = "취소";
14,15c14,15
< /* Class = "NSTextFieldCell"; title = "Tolerance"; ObjectID = "290"; */
< "290.title" = "Tolerance";
---
> /* Class = "NSTextFieldCell"; title = "허용량"; ObjectID = "290"; */
> "290.title" = "허용량";
17,18c17,18
< /* Class = "NSButton"; ibShadowedToolTip = "Mirror view"; ObjectID = "R2u-aw-iG1"; */
< "R2u-aw-iG1.ibShadowedToolTip" = "Mirror view";
---
> /* Class = "NSButton"; ibShadowedToolTip = "거울 뷰 모드"; ObjectID = "R2u-aw-iG1"; */
> "R2u-aw-iG1.ibShadowedToolTip" = "거울 뷰 모드";
20,21c20,21
< /* Class = "NSButton"; ibShadowedToolTip = "Split view"; ObjectID = "W5M-Jc-8fN"; */
< "W5M-Jc-8fN.ibShadowedToolTip" = "Split view";
---
> /* Class = "NSButton"; ibShadowedToolTip = "분할 뷰 모드"; ObjectID = "W5M-Jc-8fN"; */
> "W5M-Jc-8fN.ibShadowedToolTip" = "분할 뷰 모드";
23,24c23,24
< /* Class = "NSButton"; ibShadowedToolTip = "No split view"; ObjectID = "lkU-Lq-tu3"; */
< "lkU-Lq-tu3.ibShadowedToolTip" = "No split view";
---
> /* Class = "NSButton"; ibShadowedToolTip = "분할 뷰 모드 해제"; ObjectID = "lkU-Lq-tu3"; */
> "lkU-Lq-tu3.ibShadowedToolTip" = "분할 뷰 모드 해제";
