3c3
< "1.title" = "Bilateral Blur";
---
> "1.title" = "表面ぼかし";
6c6
< "12.title" = "Radius";
---
> "12.title" = "半径";
9c9
< "26.title" = "Apply";
---
> "26.title" = "適用";
12c12
< "226.title" = "Cancel";
---
> "226.title" = "キャンセル";
15c15
< "290.title" = "Tolerance";
---
> "290.title" = "許容量";
18c18
< "R2u-aw-iG1.ibShadowedToolTip" = "Mirror view";
---
> "R2u-aw-iG1.ibShadowedToolTip" = "ミラー表示";
21c21
< "W5M-Jc-8fN.ibShadowedToolTip" = "Split view";
---
> "W5M-Jc-8fN.ibShadowedToolTip" = "分割表示";
24c24
< "lkU-Lq-tu3.ibShadowedToolTip" = "No split view";
---
> "lkU-Lq-tu3.ibShadowedToolTip" = "分割表示なし";
