4,6c4,6
< 12c12
< 3c3
< 6c6
---
> 11,12c11,12
> 2,3c2,3
> 5c5
8d7
< < "12.title" = "Color:";
10,12c9,16
< > "10.title" = "不透明度:";
< > "12.title" = "カラー:";
< > "15.title" = "描画モード:";
---
> < /* Class = "NSTextFieldCell"; title = "Blend mode:"; ObjectID = "15"; */
> < /* Class = "NSTextFieldCell"; title = "Colour:"; ObjectID = "12"; */
> < /* Class = "NSTextFieldCell"; title = "Opacity:"; ObjectID = "10"; */
> > "10.title" = "불투명도:";
> > "15.title" = "혼합 모드:";
> > /* Class = "NSTextFieldCell"; title = "혼합 모드:"; ObjectID = "15"; */
> > /* Class = "NSTextFieldCell"; title = "색상:"; ObjectID = "12"; */
> > /* Class = "NSTextFieldCell"; title = "불투명도:"; ObjectID = "10"; */
