1,5c1,2
< 3c3
< < "8p0-x7-vSu.title" = "Continue from Previous Chapter";
< ---
< > "8p0-x7-vSu.title" = "前の章から続行";
< 6c6
---
> 5,6c5,6
> < /* Class = "NSButtonCell"; title = "Cancel"; ObjectID = "CM5-np-tit"; */
8,16c5,6
< > "CM5-np-tit.title" = "キャンセル";
< 9c9
< < "F0z-JX-Cv5.title" = "Page Number Options";
< ---
< > "F0z-JX-Cv5.title" = "ページ番号のオプション";
< 12c12
< < "bUj-7X-4lI.title" = "Start Numbering from Page";
< ---
< > "bUj-7X-4lI.title" = "番号付けの開始ページ";
---
> > /* Class = "NSButtonCell"; title = "취소"; ObjectID = "CM5-np-tit"; */
> > "CM5-np-tit.title" = "취소";
