3c3
< "1.title" = "Box";
---
> "1.title" = "ボックス";
6c6
< "12.title" = "Radius";
---
> "12.title" = "半径";
9c9
< "26.title" = "Apply";
---
> "26.title" = "適用";
12c12
< "100.title" = "Cancel";
---
> "100.title" = "キャンセル";
15c15
< "KHj-pC-25w.ibShadowedToolTip" = "Mirror view";
---
> "KHj-pC-25w.ibShadowedToolTip" = "ミラー表示";
18c18
< "mIV-HS-pW3.ibShadowedToolTip" = "No split view";
---
> "mIV-HS-pW3.ibShadowedToolTip" = "分割表示なし";
21c21
< "oXm-bk-Sje.ibShadowedToolTip" = "Split view";
---
> "oXm-bk-Sje.ibShadowedToolTip" = "分割表示";
