1,5c1,2
< 3c3
< < "1.title" = "Box";
< ---
< > "1.title" = "ボックス";
< 6c6
---
> 5,6c5,6
> < /* Class = "NSTextFieldCell"; title = "Radius"; ObjectID = "12"; */
8,9c5,8
< > "12.title" = "半径";
< 9c9
---
> > /* Class = "NSTextFieldCell"; title = "반지름"; ObjectID = "12"; */
> > "12.title" = "반지름";
> 8,9c8,9
> < /* Class = "NSButtonCell"; title = "Apply"; ObjectID = "26"; */
12,13c11,14
< > "26.title" = "適用";
< 12c12
---
> > /* Class = "NSButtonCell"; title = "적용"; ObjectID = "26"; */
> > "26.title" = "적용";
> 11,12c11,12
> < /* Class = "NSButtonCell"; title = "Cancel"; ObjectID = "100"; */
16,17c17,20
< > "100.title" = "キャンセル";
< 15c15
---
> > /* Class = "NSButtonCell"; title = "취소"; ObjectID = "100"; */
> > "100.title" = "취소";
> 14,15c14,15
> < /* Class = "NSButton"; ibShadowedToolTip = "Mirror view"; ObjectID = "KHj-pC-25w"; */
20,21c23,26
< > "KHj-pC-25w.ibShadowedToolTip" = "ミラー表示";
< 18c18
---
> > /* Class = "NSButton"; ibShadowedToolTip = "거울 뷰 모드"; ObjectID = "KHj-pC-25w"; */
> > "KHj-pC-25w.ibShadowedToolTip" = "거울 뷰 모드";
> 17,18c17,18
> < /* Class = "NSButton"; ibShadowedToolTip = "No split view"; ObjectID = "mIV-HS-pW3"; */
24,25c29,32
< > "mIV-HS-pW3.ibShadowedToolTip" = "分割表示なし";
< 21c21
---
> > /* Class = "NSButton"; ibShadowedToolTip = "분할 뷰 모드 해제"; ObjectID = "mIV-HS-pW3"; */
> > "mIV-HS-pW3.ibShadowedToolTip" = "분할 뷰 모드 해제";
> 20,21c20,21
> < /* Class = "NSButton"; ibShadowedToolTip = "Split view"; ObjectID = "oXm-bk-Sje"; */
28c35,36
< > "oXm-bk-Sje.ibShadowedToolTip" = "分割表示";
---
> > /* Class = "NSButton"; ibShadowedToolTip = "분할 뷰 모드"; ObjectID = "oXm-bk-Sje"; */
> > "oXm-bk-Sje.ibShadowedToolTip" = "분할 뷰 모드";
