5,6c5,6
< /* Class = "NSTextFieldCell"; title = "Radius"; ObjectID = "12"; */
< "12.title" = "Radius";
---
> /* Class = "NSTextFieldCell"; title = "반지름"; ObjectID = "12"; */
> "12.title" = "반지름";
8,9c8,9
< /* Class = "NSButtonCell"; title = "Apply"; ObjectID = "26"; */
< "26.title" = "Apply";
---
> /* Class = "NSButtonCell"; title = "적용"; ObjectID = "26"; */
> "26.title" = "적용";
11,12c11,12
< /* Class = "NSButtonCell"; title = "Cancel"; ObjectID = "100"; */
< "100.title" = "Cancel";
---
> /* Class = "NSButtonCell"; title = "취소"; ObjectID = "100"; */
> "100.title" = "취소";
14,15c14,15
< /* Class = "NSButton"; ibShadowedToolTip = "Mirror view"; ObjectID = "KHj-pC-25w"; */
< "KHj-pC-25w.ibShadowedToolTip" = "Mirror view";
---
> /* Class = "NSButton"; ibShadowedToolTip = "거울 뷰 모드"; ObjectID = "KHj-pC-25w"; */
> "KHj-pC-25w.ibShadowedToolTip" = "거울 뷰 모드";
17,18c17,18
< /* Class = "NSButton"; ibShadowedToolTip = "No split view"; ObjectID = "mIV-HS-pW3"; */
< "mIV-HS-pW3.ibShadowedToolTip" = "No split view";
---
> /* Class = "NSButton"; ibShadowedToolTip = "분할 뷰 모드 해제"; ObjectID = "mIV-HS-pW3"; */
> "mIV-HS-pW3.ibShadowedToolTip" = "분할 뷰 모드 해제";
20,21c20,21
< /* Class = "NSButton"; ibShadowedToolTip = "Split view"; ObjectID = "oXm-bk-Sje"; */
< "oXm-bk-Sje.ibShadowedToolTip" = "Split view";
---
> /* Class = "NSButton"; ibShadowedToolTip = "분할 뷰 모드"; ObjectID = "oXm-bk-Sje"; */
> "oXm-bk-Sje.ibShadowedToolTip" = "분할 뷰 모드";
