5,6c5,6
< /* Class = "NSMenuItem"; title = "User Defined"; ObjectID = "683"; */
< "683.title" = "User Defined";
---
> /* Class = "NSMenuItem"; title = "사용자 정의"; ObjectID = "683"; */
> "683.title" = "사용자 정의";
8,9c8,9
< /* Class = "NSMenuItem"; title = "Standard"; ObjectID = "684"; */
< "684.title" = "Standard";
---
> /* Class = "NSMenuItem"; title = "표준"; ObjectID = "684"; */
> "684.title" = "표준";
11,12c11,12
< /* Class = "NSMenuItem"; title = "Categories"; ObjectID = "685"; */
< "685.title" = "Categories";
---
> /* Class = "NSMenuItem"; title = "범주"; ObjectID = "685"; */
> "685.title" = "범주";
20,21c20,21
< /* Class = "NSMenuItem"; title = "Rename Category…"; ObjectID = "29x-ZG-4UJ"; */
< "29x-ZG-4UJ.title" = "Rename Category…";
---
> /* Class = "NSMenuItem"; title = "범주 이름 변경…"; ObjectID = "29x-ZG-4UJ"; */
> "29x-ZG-4UJ.title" = "범주 이름 변경…";
29,30c29,30
< /* Class = "NSMenuItem"; title = "Import Brushes…"; ObjectID = "6wi-GB-u1Y"; */
< "6wi-GB-u1Y.title" = "Import Brushes…";
---
> /* Class = "NSMenuItem"; title = "브러시 들여오기…"; ObjectID = "6wi-GB-u1Y"; */
> "6wi-GB-u1Y.title" = "브러시 들여오기…";
32,33c32,33
< /* Class = "NSMenuItem"; title = "Duplicate Brush"; ObjectID = "8Mu-k9-rUv"; */
< "8Mu-k9-rUv.title" = "Duplicate Brush";
---
> /* Class = "NSMenuItem"; title = "브러시 복제"; ObjectID = "8Mu-k9-rUv"; */
> "8Mu-k9-rUv.title" = "브러시 복제";
35,36c35,36
< /* Class = "NSMenuItem"; title = "New Image Brush"; ObjectID = "8bf-4x-iCm"; */
< "8bf-4x-iCm.title" = "New Image Brush";
---
> /* Class = "NSMenuItem"; title = "신규 이미지 브러시"; ObjectID = "8bf-4x-iCm"; */
> "8bf-4x-iCm.title" = "신규 이미지 브러시";
41,42c41,42
< /* Class = "NSMenuItem"; title = "New Square Brush"; ObjectID = "AxG-jy-wkM"; */
< "AxG-jy-wkM.title" = "New Square Brush";
---
> /* Class = "NSMenuItem"; title = "신규 사각형 브러시"; ObjectID = "AxG-jy-wkM"; */
> "AxG-jy-wkM.title" = "신규 사각형 브러시";
44,45c44,45
< /* Class = "NSMenuItem"; title = "New Solid Brush"; ObjectID = "Brz-mh-sxe"; */
< "Brz-mh-sxe.title" = "New Solid Brush";
---
> /* Class = "NSMenuItem"; title = "신규 단일 브러시"; ObjectID = "Brz-mh-sxe"; */
> "Brz-mh-sxe.title" = "신규 단일 브러시";
50,51c50,51
< /* Class = "NSMenu"; title = "Vector Menu"; ObjectID = "EWf-xj-6CY"; */
< "EWf-xj-6CY.title" = "Vector Menu";
---
> /* Class = "NSMenu"; title = "벡터 메뉴"; ObjectID = "EWf-xj-6CY"; */
> "EWf-xj-6CY.title" = "벡터 메뉴";
68,69c68,69
< /* Class = "NSMenuItem"; title = "Delete Brush"; ObjectID = "MZz-4P-csN"; */
< "MZz-4P-csN.title" = "Delete Brush";
---
> /* Class = "NSMenuItem"; title = "브러시 지우기"; ObjectID = "MZz-4P-csN"; */
> "MZz-4P-csN.title" = "브러시 지우기";
71,72c71,72
< /* Class = "NSMenuItem"; title = "Name"; ObjectID = "PUk-fe-DCG"; */
< "PUk-fe-DCG.title" = "Name";
---
> /* Class = "NSMenuItem"; title = "이름"; ObjectID = "PUk-fe-DCG"; */
> "PUk-fe-DCG.title" = "이름";
80,81c80,81
< /* Class = "NSMenuItem"; title = "Edit Brush…"; ObjectID = "aFq-Os-DpJ"; */
< "aFq-Os-DpJ.title" = "Edit Brush…";
---
> /* Class = "NSMenuItem"; title = "브러시 편집…"; ObjectID = "aFq-Os-DpJ"; */
> "aFq-Os-DpJ.title" = "브러시 편집…";
83,84c83,84
< /* Class = "NSMenu"; title = "Move Brush to Category"; ObjectID = "dpg-pI-boZ"; */
< "dpg-pI-boZ.title" = "Move Brush to Category";
---
> /* Class = "NSMenu"; title = "브러시를 카테고리로 이동"; ObjectID = "dpg-pI-boZ"; */
> "dpg-pI-boZ.title" = "브러시를 카테고리로 이동";
86,87c86,87
< /* Class = "NSMenuItem"; title = "New Textured Image Brush"; ObjectID = "eKB-X7-SAz"; */
< "eKB-X7-SAz.title" = "New Textured Image Brush";
---
> /* Class = "NSMenuItem"; title = "신규 질감 이미지 브러시"; ObjectID = "eKB-X7-SAz"; */
> "eKB-X7-SAz.title" = "신규 질감 이미지 브러시";
89,90c89,90
< /* Class = "NSMenuItem"; title = "New Round Brush"; ObjectID = "eb4-ho-iE7"; */
< "eb4-ho-iE7.title" = "New Round Brush";
---
> /* Class = "NSMenuItem"; title = "신규 둥근 브러시"; ObjectID = "eb4-ho-iE7"; */
> "eb4-ho-iE7.title" = "신규 둥근 브러시";
95,96c95,96
< /* Class = "NSMenuItem"; title = "Show as List"; ObjectID = "fM3-sT-mB1"; */
< "fM3-sT-mB1.title" = "Show as List";
---
> /* Class = "NSMenuItem"; title = "목록으로 보기"; ObjectID = "fM3-sT-mB1"; */
> "fM3-sT-mB1.title" = "목록으로 보기";
98,99c98,99
< /* Class = "NSMenu"; title = "Brush Item Context Menu"; ObjectID = "gLd-p3-n9l"; */
< "gLd-p3-n9l.title" = "Brush Item Context Menu";
---
> /* Class = "NSMenu"; title = "브러시 항목 상황별 메뉴"; ObjectID = "gLd-p3-n9l"; */
> "gLd-p3-n9l.title" = "브러시 항목 상황별 메뉴";
104,105c104,105
< /* Class = "NSMenuItem"; title = "Auto-scroll"; ObjectID = "jP8-fo-hO8"; */
< "jP8-fo-hO8.title" = "Auto-scroll";
---
> /* Class = "NSMenuItem"; title = "자동 스크롤"; ObjectID = "jP8-fo-hO8"; */
> "jP8-fo-hO8.title" = "자동 스크롤";
107,108c107,108
< /* Class = "NSMenu"; title = "Raster Menu"; ObjectID = "k0x-FY-GSh"; */
< "k0x-FY-GSh.title" = "Raster Menu";
---
> /* Class = "NSMenu"; title = "래스터 메뉴"; ObjectID = "k0x-FY-GSh"; */
> "k0x-FY-GSh.title" = "래스터 메뉴";
116,117c116,117
< /* Class = "NSMenuItem"; title = "Rename Brush…"; ObjectID = "rBF-Fx-fJ3"; */
< "rBF-Fx-fJ3.title" = "Rename Brush…";
---
> /* Class = "NSMenuItem"; title = "브러시 이름 변경…"; ObjectID = "rBF-Fx-fJ3"; */
> "rBF-Fx-fJ3.title" = "브러시 이름 변경…";
119,120c119,120
< /* Class = "NSMenuItem"; title = "Export Brushes…"; ObjectID = "rD9-jN-h72"; */
< "rD9-jN-h72.title" = "Export Brushes…";
---
> /* Class = "NSMenuItem"; title = "브러시 내보내기…"; ObjectID = "rD9-jN-h72"; */
> "rD9-jN-h72.title" = "브러시 내보내기…";
125,126c125,126
< /* Class = "NSMenuItem"; title = "Move Brush to Category"; ObjectID = "xlO-uy-hGK"; */
< "xlO-uy-hGK.title" = "Move Brush to Category";
---
> /* Class = "NSMenuItem"; title = "브러시를 카테고리로 이동"; ObjectID = "xlO-uy-hGK"; */
> "xlO-uy-hGK.title" = "브러시를 카테고리로 이동";
