2,3c2,3
< /* Class = "NSTextFieldCell"; title = "Flow:"; ObjectID = "377"; */
< "377.title" = "Flow:";
---
> /* Class = "NSTextFieldCell"; title = "흐름:"; ObjectID = "377"; */
> "377.title" = "흐름:";
5,6c5,6
< /* Class = "NSButtonCell"; title = "Reset"; ObjectID = "430"; */
< "430.title" = "Reset";
---
> /* Class = "NSButtonCell"; title = "재설정"; ObjectID = "430"; */
> "430.title" = "재설정";
8,9c8,9
< /* Class = "NSTabViewItem"; label = "Texture"; ObjectID = "512"; */
< "512.label" = "Texture";
---
> /* Class = "NSTabViewItem"; label = "질감"; ObjectID = "512"; */
> "512.label" = "질감";
11,12c11,12
< /* Class = "NSTabViewItem"; label = "Dynamics"; ObjectID = "529"; */
< "529.label" = "Dynamics";
---
> /* Class = "NSTabViewItem"; label = "역동"; ObjectID = "529"; */
> "529.label" = "역동";
14,15c14,15
< /* Class = "NSTabViewItem"; label = "General"; ObjectID = "559"; */
< "559.label" = "General";
---
> /* Class = "NSTabViewItem"; label = "일반"; ObjectID = "559"; */
> "559.label" = "일반";
20,21c20,21
< /* Class = "NSTextFieldCell"; title = "Size:"; ObjectID = "579"; */
< "579.title" = "Size:";
---
> /* Class = "NSTextFieldCell"; title = "크기:"; ObjectID = "579"; */
> "579.title" = "크기:";
23,24c23,24
< /* Class = "NSTextFieldCell"; title = "Hardness:"; ObjectID = "1067"; */
< "1067.title" = "Hardness:";
---
> /* Class = "NSTextFieldCell"; title = "굳기:"; ObjectID = "1067"; */
> "1067.title" = "굳기:";
26,27c26,27
< /* Class = "NSTextFieldCell"; title = "Spacing:"; ObjectID = "1189"; */
< "1189.title" = "Spacing:";
---
> /* Class = "NSTextFieldCell"; title = "간격:"; ObjectID = "1189"; */
> "1189.title" = "간격:";
29,30c29,30
< /* Class = "NSTextFieldCell"; title = "Rotation:"; ObjectID = "1277"; */
< "1277.title" = "Rotation:";
---
> /* Class = "NSTextFieldCell"; title = "회전:"; ObjectID = "1277"; */
> "1277.title" = "회전:";
38,39c38,39
< /* Class = "NSMenuItem"; title = "Velocity (Inverse)"; ObjectID = "1491"; */
< "1491.title" = "Velocity (Inverse)";
---
> /* Class = "NSMenuItem"; title = "속도 (뒤집힌)"; ObjectID = "1491"; */
> "1491.title" = "속도 (뒤집힌)";
41,42c41,42
< /* Class = "NSMenuItem"; title = "Velocity"; ObjectID = "1492"; */
< "1492.title" = "Velocity";
---
> /* Class = "NSMenuItem"; title = "속도"; ObjectID = "1492"; */
> "1492.title" = "속도";
47,48c47,48
< /* Class = "NSMenuItem"; title = "Rotation"; ObjectID = "1494"; */
< "1494.title" = "Rotation";
---
> /* Class = "NSMenuItem"; title = "회전"; ObjectID = "1494"; */
> "1494.title" = "회전";
53,54c53,54
< /* Class = "NSMenuItem"; title = "Angle"; ObjectID = "1496"; */
< "1496.title" = "Angle";
---
> /* Class = "NSMenuItem"; title = "각도"; ObjectID = "1496"; */
> "1496.title" = "각도";
56,57c56,57
< /* Class = "NSMenuItem"; title = "Pressure"; ObjectID = "1497"; */
< "1497.title" = "Pressure";
---
> /* Class = "NSMenuItem"; title = "압력"; ObjectID = "1497"; */
> "1497.title" = "압력";
59,60c59,60
< /* Class = "NSMenuItem"; title = "Random"; ObjectID = "1498"; */
< "1498.title" = "Random";
---
> /* Class = "NSMenuItem"; title = "무작위"; ObjectID = "1498"; */
> "1498.title" = "무작위";
62,63c62,63
< /* Class = "NSMenuItem"; title = "None"; ObjectID = "1499"; */
< "1499.title" = "None";
---
> /* Class = "NSMenuItem"; title = "없음"; ObjectID = "1499"; */
> "1499.title" = "없음";
65,66c65,66
< /* Class = "NSTextFieldCell"; title = "Luminosity Jitter:"; ObjectID = "1500"; */
< "1500.title" = "Luminosity Jitter:";
---
> /* Class = "NSTextFieldCell"; title = "명도 일그러짐:"; ObjectID = "1500"; */
> "1500.title" = "명도 일그러짐:";
71,72c71,72
< /* Class = "NSMenuItem"; title = "Velocity (Inverse)"; ObjectID = "1503"; */
< "1503.title" = "Velocity (Inverse)";
---
> /* Class = "NSMenuItem"; title = "속도 (뒤집힌)"; ObjectID = "1503"; */
> "1503.title" = "속도 (뒤집힌)";
74,75c74,75
< /* Class = "NSMenuItem"; title = "Velocity"; ObjectID = "1504"; */
< "1504.title" = "Velocity";
---
> /* Class = "NSMenuItem"; title = "속도"; ObjectID = "1504"; */
> "1504.title" = "속도";
77,78c77,78
< /* Class = "NSMenuItem"; title = "None"; ObjectID = "1505"; */
< "1505.title" = "None";
---
> /* Class = "NSMenuItem"; title = "없음"; ObjectID = "1505"; */
> "1505.title" = "없음";
80,81c80,81
< /* Class = "NSMenuItem"; title = "Random"; ObjectID = "1506"; */
< "1506.title" = "Random";
---
> /* Class = "NSMenuItem"; title = "무작위"; ObjectID = "1506"; */
> "1506.title" = "무작위";
83,84c83,84
< /* Class = "NSMenuItem"; title = "Pressure"; ObjectID = "1507"; */
< "1507.title" = "Pressure";
---
> /* Class = "NSMenuItem"; title = "압력"; ObjectID = "1507"; */
> "1507.title" = "압력";
86,87c86,87
< /* Class = "NSMenuItem"; title = "Angle"; ObjectID = "1508"; */
< "1508.title" = "Angle";
---
> /* Class = "NSMenuItem"; title = "각도"; ObjectID = "1508"; */
> "1508.title" = "각도";
92,93c92,93
< /* Class = "NSMenuItem"; title = "Rotation"; ObjectID = "1510"; */
< "1510.title" = "Rotation";
---
> /* Class = "NSMenuItem"; title = "회전"; ObjectID = "1510"; */
> "1510.title" = "회전";
98,99c98,99
< /* Class = "NSTextFieldCell"; title = "Saturation Jitter:"; ObjectID = "1512"; */
< "1512.title" = "Saturation Jitter:";
---
> /* Class = "NSTextFieldCell"; title = "채도 일그러짐:"; ObjectID = "1512"; */
> "1512.title" = "채도 일그러짐:";
104,105c104,105
< /* Class = "NSMenuItem"; title = "Velocity (Inverse)"; ObjectID = "1515"; */
< "1515.title" = "Velocity (Inverse)";
---
> /* Class = "NSMenuItem"; title = "속도 (뒤집힌)"; ObjectID = "1515"; */
> "1515.title" = "속도 (뒤집힌)";
107,108c107,108
< /* Class = "NSMenuItem"; title = "Velocity"; ObjectID = "1516"; */
< "1516.title" = "Velocity";
---
> /* Class = "NSMenuItem"; title = "속도"; ObjectID = "1516"; */
> "1516.title" = "속도";
110,111c110,111
< /* Class = "NSMenuItem"; title = "None"; ObjectID = "1517"; */
< "1517.title" = "None";
---
> /* Class = "NSMenuItem"; title = "없음"; ObjectID = "1517"; */
> "1517.title" = "없음";
113,114c113,114
< /* Class = "NSMenuItem"; title = "Random"; ObjectID = "1518"; */
< "1518.title" = "Random";
---
> /* Class = "NSMenuItem"; title = "무작위"; ObjectID = "1518"; */
> "1518.title" = "무작위";
116,117c116,117
< /* Class = "NSMenuItem"; title = "Pressure"; ObjectID = "1519"; */
< "1519.title" = "Pressure";
---
> /* Class = "NSMenuItem"; title = "압력"; ObjectID = "1519"; */
> "1519.title" = "압력";
119,120c119,120
< /* Class = "NSMenuItem"; title = "Angle"; ObjectID = "1520"; */
< "1520.title" = "Angle";
---
> /* Class = "NSMenuItem"; title = "각도"; ObjectID = "1520"; */
> "1520.title" = "각도";
125,126c125,126
< /* Class = "NSMenuItem"; title = "Rotation"; ObjectID = "1522"; */
< "1522.title" = "Rotation";
---
> /* Class = "NSMenuItem"; title = "회전"; ObjectID = "1522"; */
> "1522.title" = "회전";
134,135c134,135
< /* Class = "NSTextFieldCell"; title = "Rotation Jitter:"; ObjectID = "1578"; */
< "1578.title" = "Rotation Jitter:";
---
> /* Class = "NSTextFieldCell"; title = "회전 일그러짐:"; ObjectID = "1578"; */
> "1578.title" = "회전 일그러짐:";
137,138c137,138
< /* Class = "NSTextFieldCell"; title = "Size Jitter:"; ObjectID = "1579"; */
< "1579.title" = "Size Jitter:";
---
> /* Class = "NSTextFieldCell"; title = "크기 일그러짐:"; ObjectID = "1579"; */
> "1579.title" = "크기 일그러짐:";
140,141c140,141
< /* Class = "NSTextFieldCell"; title = "Flow Jitter:"; ObjectID = "1580"; */
< "1580.title" = "Flow Jitter:";
---
> /* Class = "NSTextFieldCell"; title = "흐름 일그러짐:"; ObjectID = "1580"; */
> "1580.title" = "흐름 일그러짐:";
146,147c146,147
< /* Class = "NSMenuItem"; title = "Velocity (Inverse)"; ObjectID = "1610"; */
< "1610.title" = "Velocity (Inverse)";
---
> /* Class = "NSMenuItem"; title = "속도 (뒤집힌)"; ObjectID = "1610"; */
> "1610.title" = "속도 (뒤집힌)";
149,150c149,150
< /* Class = "NSMenuItem"; title = "Velocity"; ObjectID = "1611"; */
< "1611.title" = "Velocity";
---
> /* Class = "NSMenuItem"; title = "속도"; ObjectID = "1611"; */
> "1611.title" = "속도";
152,153c152,153
< /* Class = "NSMenuItem"; title = "None"; ObjectID = "1612"; */
< "1612.title" = "None";
---
> /* Class = "NSMenuItem"; title = "없음"; ObjectID = "1612"; */
> "1612.title" = "없음";
155,156c155,156
< /* Class = "NSMenuItem"; title = "Random"; ObjectID = "1613"; */
< "1613.title" = "Random";
---
> /* Class = "NSMenuItem"; title = "무작위"; ObjectID = "1613"; */
> "1613.title" = "무작위";
158,159c158,159
< /* Class = "NSMenuItem"; title = "Pressure"; ObjectID = "1614"; */
< "1614.title" = "Pressure";
---
> /* Class = "NSMenuItem"; title = "압력"; ObjectID = "1614"; */
> "1614.title" = "압력";
161,162c161,162
< /* Class = "NSMenuItem"; title = "Angle"; ObjectID = "1615"; */
< "1615.title" = "Angle";
---
> /* Class = "NSMenuItem"; title = "각도"; ObjectID = "1615"; */
> "1615.title" = "각도";
167,168c167,168
< /* Class = "NSMenuItem"; title = "Rotation"; ObjectID = "1617"; */
< "1617.title" = "Rotation";
---
> /* Class = "NSMenuItem"; title = "회전"; ObjectID = "1617"; */
> "1617.title" = "회전";
176,177c176,177
< /* Class = "NSMenuItem"; title = "Velocity (Inverse)"; ObjectID = "1621"; */
< "1621.title" = "Velocity (Inverse)";
---
> /* Class = "NSMenuItem"; title = "속도 (뒤집힌)"; ObjectID = "1621"; */
> "1621.title" = "속도 (뒤집힌)";
179,183c179,180
< /* Class = "NSMenuItem"; title = "Velocity"; ObjectID = "1622"; */
< "1622.title" = "Velocity";
< 
< /* Class = "NSMenuItem"; title = "None"; ObjectID = "1623"; */
< "1623.title" = "None";
---
> /* Class = "NSMenuItem"; title = "속도"; ObjectID = "1622"; */
> "1622.title" = "속도";
185,186c182,183
< /* Class = "NSMenuItem"; title = "Random"; ObjectID = "1624"; */
< "1624.title" = "Random";
---
> /* Class = "NSMenuItem"; title = "없음"; ObjectID = "1623"; */
> "1623.title" = "없음";
188,189c185,186
< /* Class = "NSMenuItem"; title = "Pressure"; ObjectID = "1625"; */
< "1625.title" = "Pressure";
---
> /* Class = "NSMenuItem"; title = "무작위"; ObjectID = "1624"; */
> "1624.title" = "무작위";
191,192c188,189
< /* Class = "NSMenuItem"; title = "Angle"; ObjectID = "1626"; */
< "1626.title" = "Angle";
---
> /* Class = "NSMenuItem"; title = "압력"; ObjectID = "1625"; */
> "1625.title" = "압력";
193a191,193
> /* Class = "NSMenuItem"; title = "각도"; ObjectID = "1626"; */
> "1626.title" = "각도";
> 
197,198c197,198
< /* Class = "NSMenuItem"; title = "Rotation"; ObjectID = "1628"; */
< "1628.title" = "Rotation";
---
> /* Class = "NSMenuItem"; title = "회전"; ObjectID = "1628"; */
> "1628.title" = "회전";
206,207c206,207
< /* Class = "NSMenuItem"; title = "Velocity (Inverse)"; ObjectID = "1632"; */
< "1632.title" = "Velocity (Inverse)";
---
> /* Class = "NSMenuItem"; title = "속도 (뒤집힌)"; ObjectID = "1632"; */
> "1632.title" = "속도 (뒤집힌)";
209,210c209,210
< /* Class = "NSMenuItem"; title = "Velocity"; ObjectID = "1633"; */
< "1633.title" = "Velocity";
---
> /* Class = "NSMenuItem"; title = "속도"; ObjectID = "1633"; */
> "1633.title" = "속도";
215,216c215,216
< /* Class = "NSMenuItem"; title = "Rotation"; ObjectID = "1635"; */
< "1635.title" = "Rotation";
---
> /* Class = "NSMenuItem"; title = "회전"; ObjectID = "1635"; */
> "1635.title" = "회전";
221,222c221,222
< /* Class = "NSMenuItem"; title = "Angle"; ObjectID = "1637"; */
< "1637.title" = "Angle";
---
> /* Class = "NSMenuItem"; title = "각도"; ObjectID = "1637"; */
> "1637.title" = "각도";
224,225c224,225
< /* Class = "NSMenuItem"; title = "Pressure"; ObjectID = "1638"; */
< "1638.title" = "Pressure";
---
> /* Class = "NSMenuItem"; title = "압력"; ObjectID = "1638"; */
> "1638.title" = "압력";
227,228c227,228
< /* Class = "NSMenuItem"; title = "Random"; ObjectID = "1639"; */
< "1639.title" = "Random";
---
> /* Class = "NSMenuItem"; title = "무작위"; ObjectID = "1639"; */
> "1639.title" = "무작위";
230,231c230,231
< /* Class = "NSMenuItem"; title = "None"; ObjectID = "1640"; */
< "1640.title" = "None";
---
> /* Class = "NSMenuItem"; title = "없음"; ObjectID = "1640"; */
> "1640.title" = "없음";
239,240c239,240
< /* Class = "NSButtonCell"; title = "Add"; ObjectID = "1729"; */
< "1729.title" = "Add";
---
> /* Class = "NSButtonCell"; title = "추가"; ObjectID = "1729"; */
> "1729.title" = "추가";
242,243c242,243
< /* Class = "NSButtonCell"; title = "Remove"; ObjectID = "1731"; */
< "1731.title" = "Remove";
---
> /* Class = "NSButtonCell"; title = "지우기"; ObjectID = "1731"; */
> "1731.title" = "지우기";
245,246c245,246
< /* Class = "NSTextFieldCell"; title = "Scale:"; ObjectID = "1748"; */
< "1748.title" = "Scale:";
---
> /* Class = "NSTextFieldCell"; title = "배율:"; ObjectID = "1748"; */
> "1748.title" = "배율:";
248,249c248,249
< /* Class = "NSTextFieldCell"; title = "Mode:"; ObjectID = "1752"; */
< "1752.title" = "Mode:";
---
> /* Class = "NSTextFieldCell"; title = "모드:"; ObjectID = "1752"; */
> "1752.title" = "모드:";
254,255c254,255
< /* Class = "NSMenuItem"; title = "None"; ObjectID = "1762"; */
< "1762.title" = "None";
---
> /* Class = "NSMenuItem"; title = "없음"; ObjectID = "1762"; */
> "1762.title" = "없음";
260,261c260,261
< /* Class = "NSMenuItem"; title = "Final"; ObjectID = "1764"; */
< "1764.title" = "Final";
---
> /* Class = "NSMenuItem"; title = "마지막"; ObjectID = "1764"; */
> "1764.title" = "마지막";
263,264c263,264
< /* Class = "NSTextFieldCell"; title = "Scatter Y:"; ObjectID = "1803"; */
< "1803.title" = "Scatter Y:";
---
> /* Class = "NSTextFieldCell"; title = "세로 흩어짐:"; ObjectID = "1803"; */
> "1803.title" = "세로 흩어짐:";
266,267c266,267
< /* Class = "NSTextFieldCell"; title = "Scatter X:"; ObjectID = "1804"; */
< "1804.title" = "Scatter X:";
---
> /* Class = "NSTextFieldCell"; title = "가로 흩어짐:"; ObjectID = "1804"; */
> "1804.title" = "가로 흩어짐:";
272,273c272,273
< /* Class = "NSMenuItem"; title = "None"; ObjectID = "1822"; */
< "1822.title" = "None";
---
> /* Class = "NSMenuItem"; title = "없음"; ObjectID = "1822"; */
> "1822.title" = "없음";
275,276c275,276
< /* Class = "NSMenuItem"; title = "Random"; ObjectID = "1823"; */
< "1823.title" = "Random";
---
> /* Class = "NSMenuItem"; title = "무작위"; ObjectID = "1823"; */
> "1823.title" = "무작위";
278,279c278,279
< /* Class = "NSMenuItem"; title = "Pressure"; ObjectID = "1824"; */
< "1824.title" = "Pressure";
---
> /* Class = "NSMenuItem"; title = "압력"; ObjectID = "1824"; */
> "1824.title" = "압력";
281,282c281,282
< /* Class = "NSMenuItem"; title = "Angle"; ObjectID = "1825"; */
< "1825.title" = "Angle";
---
> /* Class = "NSMenuItem"; title = "각도"; ObjectID = "1825"; */
> "1825.title" = "각도";
287,288c287,288
< /* Class = "NSMenuItem"; title = "Rotation"; ObjectID = "1827"; */
< "1827.title" = "Rotation";
---
> /* Class = "NSMenuItem"; title = "회전"; ObjectID = "1827"; */
> "1827.title" = "회전";
293,294c293,294
< /* Class = "NSMenuItem"; title = "Velocity"; ObjectID = "1829"; */
< "1829.title" = "Velocity";
---
> /* Class = "NSMenuItem"; title = "속도"; ObjectID = "1829"; */
> "1829.title" = "속도";
296,297c296,297
< /* Class = "NSMenuItem"; title = "Velocity (Inverse)"; ObjectID = "1830"; */
< "1830.title" = "Velocity (Inverse)";
---
> /* Class = "NSMenuItem"; title = "속도 (뒤집힌)"; ObjectID = "1830"; */
> "1830.title" = "속도 (뒤집힌)";
302,303c302,303
< /* Class = "NSMenuItem"; title = "None"; ObjectID = "1842"; */
< "1842.title" = "None";
---
> /* Class = "NSMenuItem"; title = "없음"; ObjectID = "1842"; */
> "1842.title" = "없음";
305,306c305,306
< /* Class = "NSMenuItem"; title = "Random"; ObjectID = "1843"; */
< "1843.title" = "Random";
---
> /* Class = "NSMenuItem"; title = "무작위"; ObjectID = "1843"; */
> "1843.title" = "무작위";
308,309c308,309
< /* Class = "NSMenuItem"; title = "Pressure"; ObjectID = "1844"; */
< "1844.title" = "Pressure";
---
> /* Class = "NSMenuItem"; title = "압력"; ObjectID = "1844"; */
> "1844.title" = "압력";
311,312c311,312
< /* Class = "NSMenuItem"; title = "Angle"; ObjectID = "1845"; */
< "1845.title" = "Angle";
---
> /* Class = "NSMenuItem"; title = "각도"; ObjectID = "1845"; */
> "1845.title" = "각도";
317,318c317,318
< /* Class = "NSMenuItem"; title = "Rotation"; ObjectID = "1847"; */
< "1847.title" = "Rotation";
---
> /* Class = "NSMenuItem"; title = "회전"; ObjectID = "1847"; */
> "1847.title" = "회전";
323,324c323,324
< /* Class = "NSMenuItem"; title = "Velocity"; ObjectID = "1849"; */
< "1849.title" = "Velocity";
---
> /* Class = "NSMenuItem"; title = "속도"; ObjectID = "1849"; */
> "1849.title" = "속도";
326,327c326,327
< /* Class = "NSMenuItem"; title = "Velocity (Inverse)"; ObjectID = "1850"; */
< "1850.title" = "Velocity (Inverse)";
---
> /* Class = "NSMenuItem"; title = "속도 (뒤집힌)"; ObjectID = "1850"; */
> "1850.title" = "속도 (뒤집힌)";
338,339c338,339
< /* Class = "NSMenuItem"; title = "Velocity (Inverse)"; ObjectID = "1877"; */
< "1877.title" = "Velocity (Inverse)";
---
> /* Class = "NSMenuItem"; title = "속도 (뒤집힌)"; ObjectID = "1877"; */
> "1877.title" = "속도 (뒤집힌)";
341,342c341,342
< /* Class = "NSMenuItem"; title = "Velocity"; ObjectID = "1878"; */
< "1878.title" = "Velocity";
---
> /* Class = "NSMenuItem"; title = "속도"; ObjectID = "1878"; */
> "1878.title" = "속도";
347,348c347,348
< /* Class = "NSMenuItem"; title = "Rotation"; ObjectID = "1880"; */
< "1880.title" = "Rotation";
---
> /* Class = "NSMenuItem"; title = "회전"; ObjectID = "1880"; */
> "1880.title" = "회전";
353,354c353,354
< /* Class = "NSMenuItem"; title = "Angle"; ObjectID = "1882"; */
< "1882.title" = "Angle";
---
> /* Class = "NSMenuItem"; title = "각도"; ObjectID = "1882"; */
> "1882.title" = "각도";
356,357c356,357
< /* Class = "NSMenuItem"; title = "Pressure"; ObjectID = "1883"; */
< "1883.title" = "Pressure";
---
> /* Class = "NSMenuItem"; title = "압력"; ObjectID = "1883"; */
> "1883.title" = "압력";
359,360c359,360
< /* Class = "NSMenuItem"; title = "Random"; ObjectID = "1884"; */
< "1884.title" = "Random";
---
> /* Class = "NSMenuItem"; title = "무작위"; ObjectID = "1884"; */
> "1884.title" = "무작위";
362,363c362,363
< /* Class = "NSMenuItem"; title = "None"; ObjectID = "1885"; */
< "1885.title" = "None";
---
> /* Class = "NSMenuItem"; title = "없음"; ObjectID = "1885"; */
> "1885.title" = "없음";
368,369c368,369
< /* Class = "NSMenuItem"; title = "Velocity (Inverse)"; ObjectID = "1893"; */
< "1893.title" = "Velocity (Inverse)";
---
> /* Class = "NSMenuItem"; title = "속도 (뒤집힌)"; ObjectID = "1893"; */
> "1893.title" = "속도 (뒤집힌)";
371,372c371,372
< /* Class = "NSMenuItem"; title = "Velocity"; ObjectID = "1894"; */
< "1894.title" = "Velocity";
---
> /* Class = "NSMenuItem"; title = "속도"; ObjectID = "1894"; */
> "1894.title" = "속도";
377,378c377,378
< /* Class = "NSMenuItem"; title = "Rotation"; ObjectID = "1896"; */
< "1896.title" = "Rotation";
---
> /* Class = "NSMenuItem"; title = "회전"; ObjectID = "1896"; */
> "1896.title" = "회전";
383,384c383,384
< /* Class = "NSMenuItem"; title = "Angle"; ObjectID = "1898"; */
< "1898.title" = "Angle";
---
> /* Class = "NSMenuItem"; title = "각도"; ObjectID = "1898"; */
> "1898.title" = "각도";
386,387c386,387
< /* Class = "NSMenuItem"; title = "Pressure"; ObjectID = "1899"; */
< "1899.title" = "Pressure";
---
> /* Class = "NSMenuItem"; title = "압력"; ObjectID = "1899"; */
> "1899.title" = "압력";
389,390c389,390
< /* Class = "NSMenuItem"; title = "Random"; ObjectID = "1900"; */
< "1900.title" = "Random";
---
> /* Class = "NSMenuItem"; title = "무작위"; ObjectID = "1900"; */
> "1900.title" = "무작위";
392,393c392,393
< /* Class = "NSMenuItem"; title = "None"; ObjectID = "1901"; */
< "1901.title" = "None";
---
> /* Class = "NSMenuItem"; title = "없음"; ObjectID = "1901"; */
> "1901.title" = "없음";
395,396c395,396
< /* Class = "NSButtonCell"; title = "Close"; ObjectID = "1921"; */
< "1921.title" = "Close";
---
> /* Class = "NSButtonCell"; title = "닫기"; ObjectID = "1921"; */
> "1921.title" = "닫기";
398,399c398,399
< /* Class = "NSButtonCell"; title = "Set Texture"; ObjectID = "1926"; */
< "1926.title" = "Set Texture";
---
> /* Class = "NSButtonCell"; title = "질감 설정"; ObjectID = "1926"; */
> "1926.title" = "질감 설정";
401,402c401,402
< /* Class = "NSButtonCell"; title = "Remove"; ObjectID = "1928"; */
< "1928.title" = "Remove";
---
> /* Class = "NSButtonCell"; title = "지우기"; ObjectID = "1928"; */
> "1928.title" = "지우기";
404,405c404,405
< /* Class = "NSButtonCell"; title = "Invert"; ObjectID = "1932"; */
< "1932.title" = "Invert";
---
> /* Class = "NSButtonCell"; title = "반전"; ObjectID = "1932"; */
> "1932.title" = "반전";
407,408c407,408
< /* Class = "NSMenuItem"; title = "Angle"; ObjectID = "0Bs-9F-tlU"; */
< "0Bs-9F-tlU.title" = "Angle";
---
> /* Class = "NSMenuItem"; title = "각도"; ObjectID = "0Bs-9F-tlU"; */
> "0Bs-9F-tlU.title" = "각도";
425,426c425,426
< /* Class = "NSTextFieldCell"; title = "Brush Width:"; ObjectID = "33u-m2-a7I"; */
< "33u-m2-a7I.title" = "Brush Width:";
---
> /* Class = "NSTextFieldCell"; title = "브러시 너비:"; ObjectID = "33u-m2-a7I"; */
> "33u-m2-a7I.title" = "브러시 너비:";
431,432c431,432
< /* Class = "NSMenuItem"; title = "Random"; ObjectID = "525-u5-R4h"; */
< "525-u5-R4h.title" = "Random";
---
> /* Class = "NSMenuItem"; title = "무작위"; ObjectID = "525-u5-R4h"; */
> "525-u5-R4h.title" = "무작위";
437,438c437,438
< /* Class = "NSTextFieldCell"; title = "Blend Mode:"; ObjectID = "6nd-GW-zPN"; */
< "6nd-GW-zPN.title" = "Blend Mode:";
---
> /* Class = "NSTextFieldCell"; title = "혼합 모드:"; ObjectID = "6nd-GW-zPN"; */
> "6nd-GW-zPN.title" = "혼합 모드:";
443,444c443,444
< /* Class = "NSButtonCell"; title = "Add Round"; ObjectID = "75N-4T-hqP"; */
< "75N-4T-hqP.title" = "Add Round";
---
> /* Class = "NSButtonCell"; title = "둥근 브러시 추가"; ObjectID = "75N-4T-hqP"; */
> "75N-4T-hqP.title" = "둥근 브러시 추가";
446,447c446,447
< /* Class = "NSButtonCell"; title = "Edit"; ObjectID = "7CS-iu-sS3"; */
< "7CS-iu-sS3.title" = "Edit";
---
> /* Class = "NSButtonCell"; title = "편집"; ObjectID = "7CS-iu-sS3"; */
> "7CS-iu-sS3.title" = "편집";
449,450c449,450
< /* Class = "NSMenuItem"; title = "Velocity (Inverse)"; ObjectID = "7Jy-4B-Bf3"; */
< "7Jy-4B-Bf3.title" = "Velocity (Inverse)";
---
> /* Class = "NSMenuItem"; title = "속도 (뒤집힌)"; ObjectID = "7Jy-4B-Bf3"; */
> "7Jy-4B-Bf3.title" = "속도 (뒤집힌)";
458,459c458,459
< /* Class = "NSButtonCell"; title = "Save As…"; ObjectID = "Ajx-IX-6l9"; */
< "Ajx-IX-6l9.title" = "Save As…";
---
> /* Class = "NSButtonCell"; title = "다른 이름으로 저장…"; ObjectID = "Ajx-IX-6l9"; */
> "Ajx-IX-6l9.title" = "다른 이름으로 저장…";
461,462c461,462
< /* Class = "NSMenuItem"; title = "Velocity"; ObjectID = "DEp-sI-ZY8"; */
< "DEp-sI-ZY8.title" = "Velocity";
---
> /* Class = "NSMenuItem"; title = "속도"; ObjectID = "DEp-sI-ZY8"; */
> "DEp-sI-ZY8.title" = "속도";
464,465c464,465
< /* Class = "NSMenuItem"; title = "Random"; ObjectID = "EJD-ch-Lxg"; */
< "EJD-ch-Lxg.title" = "Random";
---
> /* Class = "NSMenuItem"; title = "무작위"; ObjectID = "EJD-ch-Lxg"; */
> "EJD-ch-Lxg.title" = "무작위";
476,477c476,477
< /* Class = "NSTextFieldCell"; title = "Body:"; ObjectID = "Gfc-cE-qka"; */
< "Gfc-cE-qka.title" = "Body:";
---
> /* Class = "NSTextFieldCell"; title = "몸:"; ObjectID = "Gfc-cE-qka"; */
> "Gfc-cE-qka.title" = "몸:";
488,489c488,489
< /* Class = "NSTextFieldCell"; title = "Size Variance:"; ObjectID = "KaM-1C-xWY"; */
< "KaM-1C-xWY.title" = "Size Variance:";
---
> /* Class = "NSTextFieldCell"; title = "크기 분산:"; ObjectID = "KaM-1C-xWY"; */
> "KaM-1C-xWY.title" = "크기 분산:";
500,501c500,501
< /* Class = "NSTabViewItem"; label = "Sub Brushes"; ObjectID = "Lwj-PP-Mzs"; */
< "Lwj-PP-Mzs.label" = "Sub Brushes";
---
> /* Class = "NSTabViewItem"; label = "보조 브러시"; ObjectID = "Lwj-PP-Mzs"; */
> "Lwj-PP-Mzs.label" = "보조 브러시";
509,510c509,510
< /* Class = "NSButtonCell"; title = "Remove"; ObjectID = "MQL-Ka-u29"; */
< "MQL-Ka-u29.title" = "Remove";
---
> /* Class = "NSButtonCell"; title = "지우기"; ObjectID = "MQL-Ka-u29"; */
> "MQL-Ka-u29.title" = "지우기";
515,516c515,516
< /* Class = "NSMenuItem"; title = "Velocity"; ObjectID = "PPH-Ey-PHW"; */
< "PPH-Ey-PHW.title" = "Velocity";
---
> /* Class = "NSMenuItem"; title = "속도"; ObjectID = "PPH-Ey-PHW"; */
> "PPH-Ey-PHW.title" = "속도";
518,519c518,519
< /* Class = "NSMenuItem"; title = "None"; ObjectID = "PWx-g3-SWM"; */
< "PWx-g3-SWM.title" = "None";
---
> /* Class = "NSMenuItem"; title = "없음"; ObjectID = "PWx-g3-SWM"; */
> "PWx-g3-SWM.title" = "없음";
530,531c530,531
< /* Class = "NSMenuItem"; title = "Pressure"; ObjectID = "QvC-xR-Xe7"; */
< "QvC-xR-Xe7.title" = "Pressure";
---
> /* Class = "NSMenuItem"; title = "압력"; ObjectID = "QvC-xR-Xe7"; */
> "QvC-xR-Xe7.title" = "압력";
545,546c545,546
< /* Class = "NSMenuItem"; title = "Pressure"; ObjectID = "T1v-iG-2P4"; */
< "T1v-iG-2P4.title" = "Pressure";
---
> /* Class = "NSMenuItem"; title = "압력"; ObjectID = "T1v-iG-2P4"; */
> "T1v-iG-2P4.title" = "압력";
557,558c557,558
< /* Class = "NSTextFieldCell"; title = "Blending"; ObjectID = "UgN-LR-3ty"; */
< "UgN-LR-3ty.title" = "Blending";
---
> /* Class = "NSTextFieldCell"; title = "혼합하기"; ObjectID = "UgN-LR-3ty"; */
> "UgN-LR-3ty.title" = "혼합하기";
560,561c560,561
< /* Class = "NSMenuItem"; title = "Velocity (Inverse)"; ObjectID = "VRF-N5-wwz"; */
< "VRF-N5-wwz.title" = "Velocity (Inverse)";
---
> /* Class = "NSMenuItem"; title = "속도 (뒤집힌)"; ObjectID = "VRF-N5-wwz"; */
> "VRF-N5-wwz.title" = "속도 (뒤집힌)";
563,564c563,564
< /* Class = "NSButtonCell"; title = "Sync size"; ObjectID = "Vvq-88-emW"; */
< "Vvq-88-emW.title" = "Sync size";
---
> /* Class = "NSButtonCell"; title = "크기 동기화"; ObjectID = "Vvq-88-emW"; */
> "Vvq-88-emW.title" = "크기 동기화";
566,567c566,567
< /* Class = "NSButtonCell"; title = "Sync spacing"; ObjectID = "W7h-Lc-SEI"; */
< "W7h-Lc-SEI.title" = "Sync spacing";
---
> /* Class = "NSButtonCell"; title = "간격 동기화"; ObjectID = "W7h-Lc-SEI"; */
> "W7h-Lc-SEI.title" = "간격 동기화";
569,570c569,570
< /* Class = "NSTextFieldCell"; title = "Wet edges:"; ObjectID = "WGK-pJ-hEU"; */
< "WGK-pJ-hEU.title" = "Wet edges:";
---
> /* Class = "NSTextFieldCell"; title = "젖은 모서리:"; ObjectID = "WGK-pJ-hEU"; */
> "WGK-pJ-hEU.title" = "젖은 모서리:";
578,579c578,579
< /* Class = "NSMenuItem"; title = "Velocity (Inverse)"; ObjectID = "XkN-gy-nXE"; */
< "XkN-gy-nXE.title" = "Velocity (Inverse)";
---
> /* Class = "NSMenuItem"; title = "속도 (뒤집힌)"; ObjectID = "XkN-gy-nXE"; */
> "XkN-gy-nXE.title" = "속도 (뒤집힌)";
584,585c584,585
< /* Class = "NSTextFieldCell"; title = "Opacity Variance:"; ObjectID = "Y5Z-h0-2FR"; */
< "Y5Z-h0-2FR.title" = "Opacity Variance:";
---
> /* Class = "NSTextFieldCell"; title = "불투명도 분산:"; ObjectID = "Y5Z-h0-2FR"; */
> "Y5Z-h0-2FR.title" = "불투명도 분산:";
590,591c590,591
< /* Class = "NSMenuItem"; title = "None"; ObjectID = "YXO-G8-ttf"; */
< "YXO-G8-ttf.title" = "None";
---
> /* Class = "NSMenuItem"; title = "없음"; ObjectID = "YXO-G8-ttf"; */
> "YXO-G8-ttf.title" = "없음";
596,597c596,597
< /* Class = "NSMenuItem"; title = "Velocity"; ObjectID = "aSA-pe-HHg"; */
< "aSA-pe-HHg.title" = "Velocity";
---
> /* Class = "NSMenuItem"; title = "속도"; ObjectID = "aSA-pe-HHg"; */
> "aSA-pe-HHg.title" = "속도";
599,600c599,600
< /* Class = "NSTextFieldCell"; title = "Label"; ObjectID = "ak0-UE-vVt"; */
< "ak0-UE-vVt.title" = "Label";
---
> /* Class = "NSTextFieldCell"; title = "라벨"; ObjectID = "ak0-UE-vVt"; */
> "ak0-UE-vVt.title" = "라벨";
602,603c602,603
< /* Class = "NSTextFieldCell"; title = "Sub Brushes"; ObjectID = "bqi-yn-ptB"; */
< "bqi-yn-ptB.title" = "Sub Brushes";
---
> /* Class = "NSTextFieldCell"; title = "보조 브러시"; ObjectID = "bqi-yn-ptB"; */
> "bqi-yn-ptB.title" = "보조 브러시";
617,618c617,618
< /* Class = "NSMenuItem"; title = "None"; ObjectID = "cnc-Mc-qoN"; */
< "cnc-Mc-qoN.title" = "None";
---
> /* Class = "NSMenuItem"; title = "없음"; ObjectID = "cnc-Mc-qoN"; */
> "cnc-Mc-qoN.title" = "없음";
644,645c644,645
< /* Class = "NSMenuItem"; title = "Rotation"; ObjectID = "lEX-RB-lju"; */
< "lEX-RB-lju.title" = "Rotation";
---
> /* Class = "NSMenuItem"; title = "회전"; ObjectID = "lEX-RB-lju"; */
> "lEX-RB-lju.title" = "회전";
653,654c653,654
< /* Class = "NSMenuItem"; title = "Erase"; ObjectID = "mqx-zA-5oz"; */
< "mqx-zA-5oz.title" = "Erase";
---
> /* Class = "NSMenuItem"; title = "지우기"; ObjectID = "mqx-zA-5oz"; */
> "mqx-zA-5oz.title" = "지우기";
659,660c659,660
< /* Class = "NSMenuItem"; title = "Don't set wet edges"; ObjectID = "nNq-f3-ufj"; */
< "nNq-f3-ufj.title" = "Don't set wet edges";
---
> /* Class = "NSMenuItem"; title = "젖은 모서리 설정하지 않음"; ObjectID = "nNq-f3-ufj"; */
> "nNq-f3-ufj.title" = "젖은 모서리 설정하지 않음";
665,666c665,666
< /* Class = "NSMenuItem"; title = "Don't set blend mode"; ObjectID = "nqq-fz-xOB"; */
< "nqq-fz-xOB.title" = "Don't set blend mode";
---
> /* Class = "NSMenuItem"; title = "혼합 모드 설정하지 않음"; ObjectID = "nqq-fz-xOB"; */
> "nqq-fz-xOB.title" = "혼합 모드 설정하지 않음";
668,669c668,669
< /* Class = "NSMenuItem"; title = "Angle"; ObjectID = "piW-OO-2lx"; */
< "piW-OO-2lx.title" = "Angle";
---
> /* Class = "NSMenuItem"; title = "각도"; ObjectID = "piW-OO-2lx"; */
> "piW-OO-2lx.title" = "각도";
671,672c671,672
< /* Class = "NSMenuItem"; title = "Blend"; ObjectID = "pua-Sa-cFg"; */
< "pua-Sa-cFg.title" = "Blend";
---
> /* Class = "NSMenuItem"; title = "혼합"; ObjectID = "pua-Sa-cFg"; */
> "pua-Sa-cFg.title" = "혼합";
677,678c677,678
< /* Class = "NSTextFieldCell"; title = "Head Offset:"; ObjectID = "t5U-03-ifC"; */
< "t5U-03-ifC.title" = "Head Offset:";
---
> /* Class = "NSTextFieldCell"; title = "머리 편차:"; ObjectID = "t5U-03-ifC"; */
> "t5U-03-ifC.title" = "머리 편차:";
686,687c686,687
< /* Class = "NSTextFieldCell"; title = "Drawing"; ObjectID = "tgq-Ji-2R8"; */
< "tgq-Ji-2R8.title" = "Drawing";
---
> /* Class = "NSTextFieldCell"; title = "그리기"; ObjectID = "tgq-Ji-2R8"; */
> "tgq-Ji-2R8.title" = "그리기";
695,696c695,696
< /* Class = "NSTextFieldCell"; title = "Corners:"; ObjectID = "uUr-ee-OGF"; */
< "uUr-ee-OGF.title" = "Corners:";
---
> /* Class = "NSTextFieldCell"; title = "꼭짓점:"; ObjectID = "uUr-ee-OGF"; */
> "uUr-ee-OGF.title" = "꼭짓점:";
698,699c698,699
< /* Class = "NSMenuItem"; title = "Pressure"; ObjectID = "uhy-lY-DKl"; */
< "uhy-lY-DKl.title" = "Pressure";
---
> /* Class = "NSMenuItem"; title = "압력"; ObjectID = "uhy-lY-DKl"; */
> "uhy-lY-DKl.title" = "압력";
713,714c713,714
< /* Class = "NSMenuItem"; title = "Rotation"; ObjectID = "xAR-3A-pkp"; */
< "xAR-3A-pkp.title" = "Rotation";
---
> /* Class = "NSMenuItem"; title = "회전"; ObjectID = "xAR-3A-pkp"; */
> "xAR-3A-pkp.title" = "회전";
716,717c716,717
< /* Class = "NSTabViewItem"; label = "Stroke"; ObjectID = "xHQ-G7-AFb"; */
< "xHQ-G7-AFb.label" = "Stroke";
---
> /* Class = "NSTabViewItem"; label = "선"; ObjectID = "xHQ-G7-AFb"; */
> "xHQ-G7-AFb.label" = "선";
719,720c719,720
< /* Class = "NSButtonCell"; title = "Custom"; ObjectID = "yLi-Zs-hHa"; */
< "yLi-Zs-hHa.title" = "Custom";
---
> /* Class = "NSButtonCell"; title = "사용자화"; ObjectID = "yLi-Zs-hHa"; */
> "yLi-Zs-hHa.title" = "사용자화";
722,723c722,723
< /* Class = "NSTextFieldCell"; title = "Tail Offset:"; ObjectID = "ygw-py-ebp"; */
< "ygw-py-ebp.title" = "Tail Offset:";
---
> /* Class = "NSTextFieldCell"; title = "꼬리 편차:"; ObjectID = "ygw-py-ebp"; */
> "ygw-py-ebp.title" = "꼬리 편차:";
725,726c725,726
< /* Class = "NSMenuItem"; title = "Clone brush tool"; ObjectID = "ypn-eR-AwE"; */
< "ypn-eR-AwE.title" = "Clone brush tool";
---
> /* Class = "NSMenuItem"; title = "복제 브러시 도구"; ObjectID = "ypn-eR-AwE"; */
> "ypn-eR-AwE.title" = "복제 브러시 도구";
