1,5c1,2
< 3c3
< < "1.title" = "Camera Shake Blur";
< ---
< > "1.title" = "カメラぶれぼかし";
< 6c6
---
> 5,6c5,6
> < /* Class = "NSButtonCell"; title = "Apply"; ObjectID = "26"; */
8,9c5,8
< > "26.title" = "適用";
< 9c9
---
> > /* Class = "NSButtonCell"; title = "적용"; ObjectID = "26"; */
> > "26.title" = "적용";
> 8,9c8,9
> < /* Class = "NSButtonCell"; title = "Cancel"; ObjectID = "249"; */
12,17c11,14
< > "249.title" = "キャンセル";
< 12c12
< < "CU8-dW-dhg.title" = "Shake Type";
< ---
< > "CU8-dW-dhg.title" = "ぶれの種類";
< 15c15
---
> > /* Class = "NSButtonCell"; title = "취소"; ObjectID = "249"; */
> > "249.title" = "취소";
> 14,15c14,15
> < /* Class = "NSButton"; ibShadowedToolTip = "No split view"; ObjectID = "D1p-ZD-e2J"; */
20,29c17,20
< > "D1p-ZD-e2J.ibShadowedToolTip" = "分割表示なし";
< 18c18
< < "JnT-W9-1x0.title" = "Shake at end of shot";
< ---
< > "JnT-W9-1x0.title" = "ショット終了時のぶれ";
< 21c21
< < "Vf2-WP-nWA.title" = "Shake at start of shot";
< ---
< > "Vf2-WP-nWA.title" = "ショット開始時のぶれ";
< 24c24
---
> > /* Class = "NSButton"; ibShadowedToolTip = "분할 뷰 모드 해제"; ObjectID = "D1p-ZD-e2J"; */
> > "D1p-ZD-e2J.ibShadowedToolTip" = "분할 뷰 모드 해제";
> 23,24c23,24
> < /* Class = "NSButton"; ibShadowedToolTip = "Mirror view"; ObjectID = "WNc-i0-V8y"; */
32,33c23,26
< > "WNc-i0-V8y.ibShadowedToolTip" = "ミラー表示";
< 30c30
---
> > /* Class = "NSButton"; ibShadowedToolTip = "거울 뷰 모드"; ObjectID = "WNc-i0-V8y"; */
> > "WNc-i0-V8y.ibShadowedToolTip" = "거울 뷰 모드";
> 29,30c29,30
> < /* Class = "NSButton"; ibShadowedToolTip = "Split view"; ObjectID = "kAv-gF-0it"; */
36,40c29,30
< > "kAv-gF-0it.ibShadowedToolTip" = "分割表示";
< 33c33
< < "r9C-Ip-3t3.title" = "Shake throughout shot";
< ---
< > "r9C-Ip-3t3.title" = "ショット全体を通したぶれ";
---
> > /* Class = "NSButton"; ibShadowedToolTip = "분할 뷰 모드"; ObjectID = "kAv-gF-0it"; */
> > "kAv-gF-0it.ibShadowedToolTip" = "분할 뷰 모드";
