3c3
< "1.title" = "Camera Shake Blur";
---
> "1.title" = "カメラぶれぼかし";
6c6
< "26.title" = "Apply";
---
> "26.title" = "適用";
9c9
< "249.title" = "Cancel";
---
> "249.title" = "キャンセル";
12c12
< "CU8-dW-dhg.title" = "Shake Type";
---
> "CU8-dW-dhg.title" = "ぶれの種類";
15c15
< "D1p-ZD-e2J.ibShadowedToolTip" = "No split view";
---
> "D1p-ZD-e2J.ibShadowedToolTip" = "分割表示なし";
18c18
< "JnT-W9-1x0.title" = "Shake at end of shot";
---
> "JnT-W9-1x0.title" = "ショット終了時のぶれ";
21c21
< "Vf2-WP-nWA.title" = "Shake at start of shot";
---
> "Vf2-WP-nWA.title" = "ショット開始時のぶれ";
24c24
< "WNc-i0-V8y.ibShadowedToolTip" = "Mirror view";
---
> "WNc-i0-V8y.ibShadowedToolTip" = "ミラー表示";
30c30
< "kAv-gF-0it.ibShadowedToolTip" = "Split view";
---
> "kAv-gF-0it.ibShadowedToolTip" = "分割表示";
33c33
< "r9C-Ip-3t3.title" = "Shake throughout shot";
---
> "r9C-Ip-3t3.title" = "ショット全体を通したぶれ";
