---
14,15c14,15
23,24c23,24
29,30c29,30
5,6c5,6
8,9c8,9
< "249.title" = "Cancel";
< "26.title" = "Apply";
< "D1p-ZD-e2J.ibShadowedToolTip" = "No split view";
< "WNc-i0-V8y.ibShadowedToolTip" = "Mirror view";
< "kAv-gF-0it.ibShadowedToolTip" = "Split view";
< /* Class = "NSButton"; ibShadowedToolTip = "Mirror view"; ObjectID = "WNc-i0-V8y"; */
< /* Class = "NSButton"; ibShadowedToolTip = "No split view"; ObjectID = "D1p-ZD-e2J"; */
< /* Class = "NSButton"; ibShadowedToolTip = "Split view"; ObjectID = "kAv-gF-0it"; */
< /* Class = "NSButtonCell"; title = "Apply"; ObjectID = "26"; */
< /* Class = "NSButtonCell"; title = "Cancel"; ObjectID = "249"; */
> "249.title" = "취소";
> "26.title" = "적용";
> "D1p-ZD-e2J.ibShadowedToolTip" = "분할 보기 해제";
> "WNc-i0-V8y.ibShadowedToolTip" = "거울 보기";
> "kAv-gF-0it.ibShadowedToolTip" = "분할 보기";
> /* Class = "NSButton"; ibShadowedToolTip = "분할 보기 해제"; ObjectID = "D1p-ZD-e2J"; */
> /* Class = "NSButton"; ibShadowedToolTip = "거울 보기"; ObjectID = "WNc-i0-V8y"; */
> /* Class = "NSButton"; ibShadowedToolTip = "분할 보기"; ObjectID = "kAv-gF-0it"; */
> /* Class = "NSButtonCell"; title = "취소"; ObjectID = "249"; */
> /* Class = "NSButtonCell"; title = "적용"; ObjectID = "26"; */
