2,10c2,6
< 12c12
< 15c15
< 18c18
< 21c21
< 24c24
< 27c27
< 3c3
< 6c6
< 9c9
---
> 17,18c17,18
> 2,3c2,3
> 23,24c23,24
> 26,27c26,27
> 5,6c5,6
13,15d8
< < "7Ae-GT-4RB.title" = "Add To Pixel Selection";
< < "9cI-h0-caV.title" = "Intersect With Pixel Selection";
< < "GhK-ZA-nQW.title" = "Load To Pixel Selection";
17d9
< < "enU-GO-Qs0.title" = "Subtract From Pixel Selection";
20,28c12,26
< > "5lv-Yu-niR.title" = "複製";
< > "6.title" = "チャンネル";
< > "7Ae-GT-4RB.title" = "ピクセル選択範囲に加算";
< > "9cI-h0-caV.title" = "ピクセル選択範囲と交差";
< > "GhK-ZA-nQW.title" = "ピクセル選択範囲に読み込み";
< > "U01-Cj-fqJ.title" = "名前を変更";
< > "enU-GO-Qs0.title" = "ピクセル選択範囲から減算";
< > "jpq-u9-zJu.title" = "削除";
< > "xm5-5f-Lrj.ibShadowedToolTip" = "削除";
---
> > "5lv-Yu-niR.title" = "복제";
> > "6.title" = "채널";
> > "U01-Cj-fqJ.title" = "이름 변경";
> > "jpq-u9-zJu.title" = "지우기";
> > "xm5-5f-Lrj.ibShadowedToolTip" = "지우기";
