2,3c2,3
< /* Class = "NSTextFieldCell"; title = "Channel"; ObjectID = "6"; */
< "6.title" = "Channel";
---
> /* Class = "NSTextFieldCell"; title = "채널"; ObjectID = "6"; */
> "6.title" = "채널";
5,6c5,6
< /* Class = "NSMenuItem"; title = "Duplicate"; ObjectID = "5lv-Yu-niR"; */
< "5lv-Yu-niR.title" = "Duplicate";
---
> /* Class = "NSMenuItem"; title = "복제"; ObjectID = "5lv-Yu-niR"; */
> "5lv-Yu-niR.title" = "복제";
17,18c17,18
< /* Class = "NSMenuItem"; title = "Rename"; ObjectID = "U01-Cj-fqJ"; */
< "U01-Cj-fqJ.title" = "Rename";
---
> /* Class = "NSMenuItem"; title = "이름 변경"; ObjectID = "U01-Cj-fqJ"; */
> "U01-Cj-fqJ.title" = "이름 변경";
23,24c23,24
< /* Class = "NSMenuItem"; title = "Delete"; ObjectID = "jpq-u9-zJu"; */
< "jpq-u9-zJu.title" = "Delete";
---
> /* Class = "NSMenuItem"; title = "지우기"; ObjectID = "jpq-u9-zJu"; */
> "jpq-u9-zJu.title" = "지우기";
26,27c26,27
< /* Class = "NSButton"; ibShadowedToolTip = "Delete"; ObjectID = "xm5-5f-Lrj"; */
< "xm5-5f-Lrj.ibShadowedToolTip" = "Delete";
---
> /* Class = "NSButton"; ibShadowedToolTip = "지우기"; ObjectID = "xm5-5f-Lrj"; */
> "xm5-5f-Lrj.ibShadowedToolTip" = "지우기";
