---
---
---
---
---
---
---
---
---
12c12
15c15
18c18
21c21
24c24
27c27
3c3
6c6
9c9
< "5lv-Yu-niR.title" = "Duplicate";
< "6.title" = "Channel";
< "7Ae-GT-4RB.title" = "Add To Pixel Selection";
< "9cI-h0-caV.title" = "Intersect With Pixel Selection";
< "GhK-ZA-nQW.title" = "Load To Pixel Selection";
< "U01-Cj-fqJ.title" = "Rename";
< "enU-GO-Qs0.title" = "Subtract From Pixel Selection";
< "jpq-u9-zJu.title" = "Delete";
< "xm5-5f-Lrj.ibShadowedToolTip" = "Delete";
> "5lv-Yu-niR.title" = "複製";
> "6.title" = "チャンネル";
> "7Ae-GT-4RB.title" = "ピクセル選択範囲に加算";
> "9cI-h0-caV.title" = "ピクセル選択範囲と交差";
> "GhK-ZA-nQW.title" = "ピクセル選択範囲に読み込み";
> "U01-Cj-fqJ.title" = "名前を変更";
> "enU-GO-Qs0.title" = "ピクセル選択範囲から減算";
> "jpq-u9-zJu.title" = "削除";
> "xm5-5f-Lrj.ibShadowedToolTip" = "削除";
