2,8c2,6
< 12c12
< 15c15
< 18c18
< 21c21
< 3c3
< 6c6
< 9c9
---
> 14,15c14,15
> 2,3c2,3
> 20,21c20,21
> 5,6c5,6
> 8,9c8,9
12d9
< < "roF-NA-b3W.ibShadowedToolTip" = "Toggle Quick Mask";
14d10
< < "wEu-ei-vo8.title" = "Create Spare Channel";
16,22c12,26
< > "6.title" = "チャンネル";
< > "CL5-7s-9LE.title" = "反転";
< > "UnG-rA-hLO.title" = "すべて選択";
< > "roF-NA-b3W.ibShadowedToolTip" = "クイックマスクを切り替え";
< > "tsd-Ui-Pmx.ibShadowedToolTip" = "反転";
< > "wEu-ei-vo8.title" = "スペアチャンネルを作成";
< > "yxj-x6-mRx.title" = "選択解除";
---
> > "6.title" = "채널";
> > "CL5-7s-9LE.title" = "반전";
> > "UnG-rA-hLO.title" = "전체 선택";
> > "tsd-Ui-Pmx.ibShadowedToolTip" = "반전";
> > "yxj-x6-mRx.title" = "선택 해제";
