3c3
< "6.title" = "Channel";
---
> "6.title" = "チャンネル";
6c6
< "8Oh-Jc-9Je.title" = "Fill";
---
> "8Oh-Jc-9Je.title" = "塗りつぶし";
9c9
< "9ev-uB-3HM.title" = "Create Mask Layer";
---
> "9ev-uB-3HM.title" = "マスクレイヤーを作成";
12c12
< "Eo8-IS-eFX.title" = "Clear";
---
> "Eo8-IS-eFX.title" = "クリア";
15c15
< "Jhe-BH-ecw.title" = "Create Grayscale Layer";
---
> "Jhe-BH-ecw.title" = "グレースケールレイヤーを作成";
18c18
< "ftZ-eK-DPO.title" = "Invert";
---
> "ftZ-eK-DPO.title" = "反転";
21c21
< "zLw-s4-GJV.title" = "Create Spare Channel";
---
> "zLw-s4-GJV.title" = "スペアチャンネルを作成";
