2,3c2,3
< /* Class = "NSTextFieldCell"; title = "Channel"; ObjectID = "6"; */
< "6.title" = "Channel";
---
> /* Class = "NSTextFieldCell"; title = "채널"; ObjectID = "6"; */
> "6.title" = "채널";
5,6c5,6
< /* Class = "NSMenuItem"; title = "Invert"; ObjectID = "CL5-7s-9LE"; */
< "CL5-7s-9LE.title" = "Invert";
---
> /* Class = "NSMenuItem"; title = "반전"; ObjectID = "CL5-7s-9LE"; */
> "CL5-7s-9LE.title" = "반전";
8,9c8,9
< /* Class = "NSMenuItem"; title = "Select All"; ObjectID = "UnG-rA-hLO"; */
< "UnG-rA-hLO.title" = "Select All";
---
> /* Class = "NSMenuItem"; title = "전체 선택"; ObjectID = "UnG-rA-hLO"; */
> "UnG-rA-hLO.title" = "전체 선택";
14,15c14,15
< /* Class = "NSButton"; ibShadowedToolTip = "Invert"; ObjectID = "tsd-Ui-Pmx"; */
< "tsd-Ui-Pmx.ibShadowedToolTip" = "Invert";
---
> /* Class = "NSButton"; ibShadowedToolTip = "반전"; ObjectID = "tsd-Ui-Pmx"; */
> "tsd-Ui-Pmx.ibShadowedToolTip" = "반전";
20,21c20,21
< /* Class = "NSMenuItem"; title = "Deselect"; ObjectID = "yxj-x6-mRx"; */
< "yxj-x6-mRx.title" = "Deselect";
---
> /* Class = "NSMenuItem"; title = "선택 해제"; ObjectID = "yxj-x6-mRx"; */
> "yxj-x6-mRx.title" = "선택 해제";
