3c3
< "6.title" = "Channel";
---
> "6.title" = "チャンネル";
6c6
< "CL5-7s-9LE.title" = "Invert";
---
> "CL5-7s-9LE.title" = "反転";
9c9
< "UnG-rA-hLO.title" = "Select All";
---
> "UnG-rA-hLO.title" = "すべて選択";
12c12
< "roF-NA-b3W.ibShadowedToolTip" = "Toggle Quick Mask";
---
> "roF-NA-b3W.ibShadowedToolTip" = "クイックマスクを切り替え";
15c15
< "tsd-Ui-Pmx.ibShadowedToolTip" = "Invert";
---
> "tsd-Ui-Pmx.ibShadowedToolTip" = "反転";
18c18
< "wEu-ei-vo8.title" = "Create Spare Channel";
---
> "wEu-ei-vo8.title" = "スペアチャンネルを作成";
21c21
< "yxj-x6-mRx.title" = "Deselect";
---
> "yxj-x6-mRx.title" = "選択解除";
