2,50c2,22
< 102c102
< 105c105
< 108c108
< 111c111
< 114c114
< 117c117
< 120c120
< 123c123
< 126c126
< 129c129
< 12c12
< 132c132
< 135c135
< 138c138
< 141c141
< 144c144
< 147c147
< 15c15
< 18c18
< 21c21
< 24c24
< 27c27
< 30c30
< 33c33
< 36c36
< 39c39
< 3c3
< 42c42
< 45c45
< 48c48
< 51c51
< 54c54
< 57c57
< 60c60
< 63c63
< 66c66
< 69c69
< 6c6
< 72c72
< 75c75
< 78c78
< 81c81
< 87c87
< 90c90
< 93c93
< 96c96
< 99c99
< 9c9
< < "28U-Ek-iXg.title" = "Typography language:";
---
> 107,108c107,108
> 110,111c110,111
> 113,114c113,114
> 119,120c119,120
> 122,123c122,123
> 125,126c125,126
> 128,129c128,129
> 14,15c14,15
> 140,141c140,141
> 146,147c146,147
> 26,27c26,27
> 32,33c32,33
> 35,36c35,36
> 38,39c38,39
> 44,45c44,45
> 47,48c47,48
> 5,6c5,6
> 53,54c53,54
> 8,9c8,9
> 86,87c86,87
> 89,90c89,90
53d24
< < "AvW-De-pGe.ibExternalUserDefinedRuntimeAttributesLocalizableStrings[0]" = "Optical Alignment";
55,57d25
< < "G8j-cQ-Vij.ibShadowedToolTip" = "Tracking";
< < "Gv8-gn-iod.ibShadowedToolTip" = "Stylistic Sets";
< < "HSc-ix-1QR.ibShadowedToolTip" = "Cell Stroke";
59d26
< < "L8L-td-m0f.title" = "Typography script:";
63d29
< < "NVd-hd-Qan.ibShadowedToolTip" = "Swash";
66d31
< < "R1b-2Q-asG.ibShadowedToolTip" = "Font Style";
68,76d32
< < "Sb8-10-3oU.ibShadowedToolTip" = "Tracking";
< < "UfP-gT-7uA.ibShadowedToolTip" = "Tracking";
< < "W6z-Rh-Fzk.ibShadowedToolTip" = "Super/Subscript";
< < "WdK-3W-Yq2.ibShadowedToolTip" = "Kerning";
< < "Wff-cn-Fws.ibExternalUserDefinedRuntimeAttributesLocalizableStrings[0]" = "Positioning and Transform";
< < "Y30-rU-kVg.title" = "No break";
< < "Zg9-SP-rTI.ibShadowedToolTip" = "Horizontal Scale";
< < "a1Z-Am-m7M.ibShadowedToolTip" = "Leading Override";
< < "b4h-Q7-jvr.headerCell.title" = "Characters";
79,83d34
< < "eCY-Vd-JMr.ibShadowedToolTip" = "Horizontal Scale";
< < "gn3-II-tKP.ibShadowedToolTip" = "Kerning";
< < "hEE-WT-eyd.ibShadowedToolTip" = "Leading Override";
< < "hdW-R2-tSQ.ibShadowedToolTip" = "Font Family";
< < "hes-HN-DCy.title" = "Hyphenation:";
87d37
< < "mwf-CV-v3q.ibShadowedToolTip" = "Leading Override";
92,94d41
< < "rgC-dA-bjf.ibShadowedToolTip" = "Font Size";
< < "rsr-wa-NJe.ibShadowedToolTip" = "Character Variants";
< < "sBR-0b-XTI.ibShadowedToolTip" = "Font Collection";
96d42
< < "uKc-hr-F2p.ibShadowedToolTip" = "Kerning";
98,145c44,106
< > "28U-Ek-iXg.title" = "タイポグラフィ言語:";
< > "7FH-YH-a0w.title" = "追加";
< > "8Hc-tk-Dlu.ibShadowedToolTip" = "縦の倍率";
< > "AvW-De-pGe.ibExternalUserDefinedRuntimeAttributesLocalizableStrings[0]" = "視覚調整";
< > "FaC-Vi-R9a.title" = "テキストセル";
< > "G8j-cQ-Vij.ibShadowedToolTip" = "トラッキング";
< > "Gv8-gn-iod.ibShadowedToolTip" = "スタイルセット";
< > "HSc-ix-1QR.ibShadowedToolTip" = "セル境界線";
< > "Iy5-TZ-tM9.ibShadowedToolTip" = "シアー";
< > "L8L-td-m0f.title" = "タイポグラフィスクリプト:";
< > "LEz-m7-8fZ.ibShadowedToolTip" = "文字スタイル";
< > "MMA-he-oYt.ibShadowedToolTip" = "縦の倍率";
< > "MwC-bB-jJ6.ibExternalUserDefinedRuntimeAttributesLocalizableStrings[0]" = "装飾";
< > "NVd-hd-Qan.ibShadowedToolTip" = "スワッシュ字形";
< > "OBo-QZ-Rqo.title" = "スペル設定:";
< > "QjG-om-cQE.ibExternalUserDefinedRuntimeAttributesLocalizableStrings[0]" = "タイポグラフィ";
< > "R1b-2Q-asG.ibShadowedToolTip" = "フォントスタイル";
< > "Rtk-qg-mHk.ibShadowedToolTip" = "ベースライン";
< > "Sb8-10-3oU.ibShadowedToolTip" = "トラッキング";
< > "UfP-gT-7uA.ibShadowedToolTip" = "トラッキング";
< > "W6z-Rh-Fzk.ibShadowedToolTip" = "上付き/下付き文字";
< > "WdK-3W-Yq2.ibShadowedToolTip" = "カーニング";
< > "Wff-cn-Fws.ibExternalUserDefinedRuntimeAttributesLocalizableStrings[0]" = "位置と変形";
< > "Y30-rU-kVg.title" = "分割禁止";
< > "Zg9-SP-rTI.ibShadowedToolTip" = "横の倍率";
< > "a1Z-Am-m7M.ibShadowedToolTip" = "行送りのオーバーライド";
< > "b4h-Q7-jvr.headerCell.title" = "文字";
< > "dfh-gr-u7E.title" = "テキストセル";
< > "du3-2U-BMC.title" = "テキストセル";
< > "eCY-Vd-JMr.ibShadowedToolTip" = "横の倍率";
< > "gn3-II-tKP.ibShadowedToolTip" = "カーニング";
< > "hEE-WT-eyd.ibShadowedToolTip" = "行送りのオーバーライド";
< > "hdW-R2-tSQ.ibShadowedToolTip" = "フォントファミリ";
< > "hes-HN-DCy.title" = "ハイフネーション:";
< > "kHA-4T-vz8.title" = "タイポグラフィを表示";
< > "lN0-ey-rRf.title" = "テキストセル";
< > "m2U-gM-Vnq.ibShadowedToolTip" = "シアー";
< > "mwf-CV-v3q.ibShadowedToolTip" = "行送りのオーバーライド";
< > "nNQ-ZE-RV3.ibExternalUserDefinedRuntimeAttributesLocalizableStrings[0]" = "言語";
< > "niz-yS-R9I.ibShadowedToolTip" = "ベースライン";
< > "oLa-b3-ZXi.headerCell.title" = "右";
< > "rCx-Ln-9dA.title" = "タイプ:";
< > "rgC-dA-bjf.ibShadowedToolTip" = "フォントサイズ";
< > "rsr-wa-NJe.ibShadowedToolTip" = "異体字";
< > "sBR-0b-XTI.ibShadowedToolTip" = "フォントコレクション";
< > "tyu-h3-OtA.ibShadowedToolTip" = "ベースライン";
< > "uKc-hr-F2p.ibShadowedToolTip" = "カーニング";
< > "xOZ-PG-ltn.headerCell.title" = "左";
---
> < /* Class = "NSButtonCell"; title = "Add"; ObjectID = "7FH-YH-a0w"; */
> < /* Class = "NSImageView"; ibShadowedToolTip = "Baseline"; ObjectID = "tyu-h3-OtA"; */
> < /* Class = "NSImageView"; ibShadowedToolTip = "Shear"; ObjectID = "m2U-gM-Vnq"; */
> < /* Class = "NSImageView"; ibShadowedToolTip = "Vertical Scale"; ObjectID = "8Hc-tk-Dlu"; */
> < /* Class = "NSMenuItem"; title = "Show Typography"; ObjectID = "kHA-4T-vz8"; */
> < /* Class = "NSStepper"; ibShadowedToolTip = "Baseline"; ObjectID = "niz-yS-R9I"; */
> < /* Class = "NSTableColumn"; headerCell.title = "Left"; ObjectID = "xOZ-PG-ltn"; */
> < /* Class = "NSTableColumn"; headerCell.title = "Right"; ObjectID = "oLa-b3-ZXi"; */
> < /* Class = "NSTextFieldCell"; title = "Spelling:"; ObjectID = "OBo-QZ-Rqo"; */
> < /* Class = "NSTextFieldCell"; title = "Text Cell"; ObjectID = "FaC-Vi-R9a"; */
> < /* Class = "NSTextFieldCell"; title = "Text Cell"; ObjectID = "dfh-gr-u7E"; */
> < /* Class = "NSTextFieldCell"; title = "Text Cell"; ObjectID = "du3-2U-BMC"; */
> < /* Class = "NSTextFieldCell"; title = "Text Cell"; ObjectID = "lN0-ey-rRf"; */
> < /* Class = "NSTextFieldCell"; title = "Type:"; ObjectID = "rCx-Ln-9dA"; */
> < /* Class = "NSView"; MwC-bB-jJ6.ibExternalUserDefinedRuntimeAttributesLocalizableStrings[0] = "Decorations"; ObjectID = "MwC-bB-jJ6"; */
> < /* Class = "NSView"; QjG-om-cQE.ibExternalUserDefinedRuntimeAttributesLocalizableStrings[0] = "Typography"; ObjectID = "QjG-om-cQE"; */
> < /* Class = "NSView"; ibShadowedToolTip = "Baseline"; ObjectID = "Rtk-qg-mHk"; */
> < /* Class = "NSView"; ibShadowedToolTip = "Character Style"; ObjectID = "LEz-m7-8fZ"; */
> < /* Class = "NSView"; ibShadowedToolTip = "Shear"; ObjectID = "Iy5-TZ-tM9"; */
> < /* Class = "NSView"; ibShadowedToolTip = "Vertical Scale"; ObjectID = "MMA-he-oYt"; */
> < /* Class = "NSView"; nNQ-ZE-RV3.ibExternalUserDefinedRuntimeAttributesLocalizableStrings[0] = "Language"; ObjectID = "nNQ-ZE-RV3"; */
> > "7FH-YH-a0w.title" = "추가";
> > "8Hc-tk-Dlu.ibShadowedToolTip" = "세로 배율";
> > "FaC-Vi-R9a.title" = "텍스트 셀";
> > "Iy5-TZ-tM9.ibShadowedToolTip" = "비틀기";
> > "LEz-m7-8fZ.ibShadowedToolTip" = "문자 스타일";
> > "MMA-he-oYt.ibShadowedToolTip" = "세로 배율";
> > "MwC-bB-jJ6.ibExternalUserDefinedRuntimeAttributesLocalizableStrings[0]" = "장식";
> > "OBo-QZ-Rqo.title" = "철자:";
> > "QjG-om-cQE.ibExternalUserDefinedRuntimeAttributesLocalizableStrings[0]" = "타이포그래피";
> > "Rtk-qg-mHk.ibShadowedToolTip" = "기준선";
> > "dfh-gr-u7E.title" = "텍스트 셀";
> > "du3-2U-BMC.title" = "텍스트 셀";
> > "kHA-4T-vz8.title" = "타이포그래피 보기";
> > "lN0-ey-rRf.title" = "텍스트 셀";
> > "m2U-gM-Vnq.ibShadowedToolTip" = "비틀기";
> > "nNQ-ZE-RV3.ibExternalUserDefinedRuntimeAttributesLocalizableStrings[0]" = "언어";
> > "niz-yS-R9I.ibShadowedToolTip" = "기준선";
> > "oLa-b3-ZXi.headerCell.title" = "오른쪽";
> > "rCx-Ln-9dA.title" = "종류:";
> > "tyu-h3-OtA.ibShadowedToolTip" = "기준선";
> > "xOZ-PG-ltn.headerCell.title" = "왼쪽";
> > /* Class = "NSButtonCell"; title = "추가"; ObjectID = "7FH-YH-a0w"; */
> > /* Class = "NSImageView"; ibShadowedToolTip = "세로 배율"; ObjectID = "8Hc-tk-Dlu"; */
> > /* Class = "NSImageView"; ibShadowedToolTip = "비틀기"; ObjectID = "m2U-gM-Vnq"; */
> > /* Class = "NSImageView"; ibShadowedToolTip = "기준선"; ObjectID = "tyu-h3-OtA"; */
> > /* Class = "NSMenuItem"; title = "타이포그래피 보기"; ObjectID = "kHA-4T-vz8"; */
> > /* Class = "NSStepper"; ibShadowedToolTip = "기준선"; ObjectID = "niz-yS-R9I"; */
> > /* Class = "NSTableColumn"; headerCell.title = "왼쪽"; ObjectID = "xOZ-PG-ltn"; */
> > /* Class = "NSTableColumn"; headerCell.title = "오른쪽"; ObjectID = "oLa-b3-ZXi"; */
> > /* Class = "NSTextFieldCell"; title = "철자:"; ObjectID = "OBo-QZ-Rqo"; */
> > /* Class = "NSTextFieldCell"; title = "종류:"; ObjectID = "rCx-Ln-9dA"; */
> > /* Class = "NSTextFieldCell"; title = "텍스트 셀"; ObjectID = "FaC-Vi-R9a"; */
> > /* Class = "NSTextFieldCell"; title = "텍스트 셀"; ObjectID = "dfh-gr-u7E"; */
> > /* Class = "NSTextFieldCell"; title = "텍스트 셀"; ObjectID = "du3-2U-BMC"; */
> > /* Class = "NSTextFieldCell"; title = "텍스트 셀"; ObjectID = "lN0-ey-rRf"; */
> > /* Class = "NSView"; MwC-bB-jJ6.ibExternalUserDefinedRuntimeAttributesLocalizableStrings[0] = "장식"; ObjectID = "MwC-bB-jJ6"; */
> > /* Class = "NSView"; QjG-om-cQE.ibExternalUserDefinedRuntimeAttributesLocalizableStrings[0] = "타이포그래피"; ObjectID = "QjG-om-cQE"; */
> > /* Class = "NSView"; ibShadowedToolTip = "세로 배율"; ObjectID = "MMA-he-oYt"; */
> > /* Class = "NSView"; ibShadowedToolTip = "문자 스타일"; ObjectID = "LEz-m7-8fZ"; */
> > /* Class = "NSView"; ibShadowedToolTip = "비틀기"; ObjectID = "Iy5-TZ-tM9"; */
> > /* Class = "NSView"; ibShadowedToolTip = "기준선"; ObjectID = "Rtk-qg-mHk"; */
> > /* Class = "NSView"; nNQ-ZE-RV3.ibExternalUserDefinedRuntimeAttributesLocalizableStrings[0] = "언어"; ObjectID = "nNQ-ZE-RV3"; */
