3c3
< "28U-Ek-iXg.title" = "Typography language:";
---
> "28U-Ek-iXg.title" = "タイポグラフィ言語:";
6c6
< "7FH-YH-a0w.title" = "Add";
---
> "7FH-YH-a0w.title" = "追加";
9c9
< "8Hc-tk-Dlu.ibShadowedToolTip" = "Vertical Scale";
---
> "8Hc-tk-Dlu.ibShadowedToolTip" = "縦の倍率";
12c12
< "AvW-De-pGe.ibExternalUserDefinedRuntimeAttributesLocalizableStrings[0]" = "Optical Alignment";
---
> "AvW-De-pGe.ibExternalUserDefinedRuntimeAttributesLocalizableStrings[0]" = "視覚調整";
15c15
< "FaC-Vi-R9a.title" = "Text Cell";
---
> "FaC-Vi-R9a.title" = "テキストセル";
18c18
< "G8j-cQ-Vij.ibShadowedToolTip" = "Tracking";
---
> "G8j-cQ-Vij.ibShadowedToolTip" = "トラッキング";
21c21
< "Gv8-gn-iod.ibShadowedToolTip" = "Stylistic Sets";
---
> "Gv8-gn-iod.ibShadowedToolTip" = "スタイルセット";
24c24
< "HSc-ix-1QR.ibShadowedToolTip" = "Cell Stroke";
---
> "HSc-ix-1QR.ibShadowedToolTip" = "セル境界線";
27c27
< "Iy5-TZ-tM9.ibShadowedToolTip" = "Shear";
---
> "Iy5-TZ-tM9.ibShadowedToolTip" = "シアー";
30c30
< "L8L-td-m0f.title" = "Typography script:";
---
> "L8L-td-m0f.title" = "タイポグラフィスクリプト:";
33c33
< "LEz-m7-8fZ.ibShadowedToolTip" = "Character Style";
---
> "LEz-m7-8fZ.ibShadowedToolTip" = "文字スタイル";
36c36
< "MMA-he-oYt.ibShadowedToolTip" = "Vertical Scale";
---
> "MMA-he-oYt.ibShadowedToolTip" = "縦の倍率";
39c39
< "MwC-bB-jJ6.ibExternalUserDefinedRuntimeAttributesLocalizableStrings[0]" = "Decorations";
---
> "MwC-bB-jJ6.ibExternalUserDefinedRuntimeAttributesLocalizableStrings[0]" = "装飾";
42c42
< "NVd-hd-Qan.ibShadowedToolTip" = "Swash";
---
> "NVd-hd-Qan.ibShadowedToolTip" = "スワッシュ字形";
45c45
< "OBo-QZ-Rqo.title" = "Spelling:";
---
> "OBo-QZ-Rqo.title" = "スペル設定:";
48c48
< "QjG-om-cQE.ibExternalUserDefinedRuntimeAttributesLocalizableStrings[0]" = "Typography";
---
> "QjG-om-cQE.ibExternalUserDefinedRuntimeAttributesLocalizableStrings[0]" = "タイポグラフィ";
51c51
< "R1b-2Q-asG.ibShadowedToolTip" = "Font Style";
---
> "R1b-2Q-asG.ibShadowedToolTip" = "フォントスタイル";
54c54
< "Rtk-qg-mHk.ibShadowedToolTip" = "Baseline";
---
> "Rtk-qg-mHk.ibShadowedToolTip" = "ベースライン";
57c57
< "Sb8-10-3oU.ibShadowedToolTip" = "Tracking";
---
> "Sb8-10-3oU.ibShadowedToolTip" = "トラッキング";
60c60
< "UfP-gT-7uA.ibShadowedToolTip" = "Tracking";
---
> "UfP-gT-7uA.ibShadowedToolTip" = "トラッキング";
63c63
< "W6z-Rh-Fzk.ibShadowedToolTip" = "Super/Subscript";
---
> "W6z-Rh-Fzk.ibShadowedToolTip" = "上付き/下付き文字";
66c66
< "WdK-3W-Yq2.ibShadowedToolTip" = "Kerning";
---
> "WdK-3W-Yq2.ibShadowedToolTip" = "カーニング";
69c69
< "Wff-cn-Fws.ibExternalUserDefinedRuntimeAttributesLocalizableStrings[0]" = "Positioning and Transform";
---
> "Wff-cn-Fws.ibExternalUserDefinedRuntimeAttributesLocalizableStrings[0]" = "位置と変形";
72c72
< "Y30-rU-kVg.title" = "No break";
---
> "Y30-rU-kVg.title" = "分割禁止";
75c75
< "Zg9-SP-rTI.ibShadowedToolTip" = "Horizontal Scale";
---
> "Zg9-SP-rTI.ibShadowedToolTip" = "横の倍率";
78c78
< "a1Z-Am-m7M.ibShadowedToolTip" = "Leading Override";
---
> "a1Z-Am-m7M.ibShadowedToolTip" = "行送りのオーバーライド";
81c81
< "b4h-Q7-jvr.headerCell.title" = "Characters";
---
> "b4h-Q7-jvr.headerCell.title" = "文字";
87c87
< "dfh-gr-u7E.title" = "Text Cell";
---
> "dfh-gr-u7E.title" = "テキストセル";
90c90
< "du3-2U-BMC.title" = "Text Cell";
---
> "du3-2U-BMC.title" = "テキストセル";
93c93
< "eCY-Vd-JMr.ibShadowedToolTip" = "Horizontal Scale";
---
> "eCY-Vd-JMr.ibShadowedToolTip" = "横の倍率";
96c96
< "gn3-II-tKP.ibShadowedToolTip" = "Kerning";
---
> "gn3-II-tKP.ibShadowedToolTip" = "カーニング";
99c99
< "hEE-WT-eyd.ibShadowedToolTip" = "Leading Override";
---
> "hEE-WT-eyd.ibShadowedToolTip" = "行送りのオーバーライド";
102c102
< "hdW-R2-tSQ.ibShadowedToolTip" = "Font Family";
---
> "hdW-R2-tSQ.ibShadowedToolTip" = "フォントファミリ";
105c105
< "hes-HN-DCy.title" = "Hyphenation:";
---
> "hes-HN-DCy.title" = "ハイフネーション:";
108c108
< "kHA-4T-vz8.title" = "Show Typography";
---
> "kHA-4T-vz8.title" = "タイポグラフィを表示";
111c111
< "lN0-ey-rRf.title" = "Text Cell";
---
> "lN0-ey-rRf.title" = "テキストセル";
114c114
< "m2U-gM-Vnq.ibShadowedToolTip" = "Shear";
---
> "m2U-gM-Vnq.ibShadowedToolTip" = "シアー";
117c117
< "mwf-CV-v3q.ibShadowedToolTip" = "Leading Override";
---
> "mwf-CV-v3q.ibShadowedToolTip" = "行送りのオーバーライド";
120c120
< "nNQ-ZE-RV3.ibExternalUserDefinedRuntimeAttributesLocalizableStrings[0]" = "Language";
---
> "nNQ-ZE-RV3.ibExternalUserDefinedRuntimeAttributesLocalizableStrings[0]" = "言語";
123c123
< "niz-yS-R9I.ibShadowedToolTip" = "Baseline";
---
> "niz-yS-R9I.ibShadowedToolTip" = "ベースライン";
126c126
< "oLa-b3-ZXi.headerCell.title" = "Right";
---
> "oLa-b3-ZXi.headerCell.title" = "右";
129c129
< "rCx-Ln-9dA.title" = "Type:";
---
> "rCx-Ln-9dA.title" = "タイプ:";
132c132
< "rgC-dA-bjf.ibShadowedToolTip" = "Font Size";
---
> "rgC-dA-bjf.ibShadowedToolTip" = "フォントサイズ";
135c135
< "rsr-wa-NJe.ibShadowedToolTip" = "Character Variants";
---
> "rsr-wa-NJe.ibShadowedToolTip" = "異体字";
138c138
< "sBR-0b-XTI.ibShadowedToolTip" = "Font Collection";
---
> "sBR-0b-XTI.ibShadowedToolTip" = "フォントコレクション";
141c141
< "tyu-h3-OtA.ibShadowedToolTip" = "Baseline";
---
> "tyu-h3-OtA.ibShadowedToolTip" = "ベースライン";
144c144
< "uKc-hr-F2p.ibShadowedToolTip" = "Kerning";
---
> "uKc-hr-F2p.ibShadowedToolTip" = "カーニング";
147c147
< "xOZ-PG-ltn.headerCell.title" = "Left";
---
> "xOZ-PG-ltn.headerCell.title" = "左";
