---
12c12
15c15
18c18
21c21
3c3
6c6
9c9
< "1.title" = "Clarity";
< "12.title" = "Radius";
< "210.title" = "Cancel";
< "26.title" = "Apply";
< "ME4-2B-byk.ibShadowedToolTip" = "Split view";
< "ckO-3j-cGO.ibShadowedToolTip" = "No split view";
< "f71-R1-mla.ibShadowedToolTip" = "Mirror view";
> "1.title" = "明瞭度";
> "12.title" = "半径";
> "210.title" = "キャンセル";
> "26.title" = "適用";
> "ME4-2B-byk.ibShadowedToolTip" = "分割表示";
> "ckO-3j-cGO.ibShadowedToolTip" = "分割表示なし";
> "f71-R1-mla.ibShadowedToolTip" = "ミラー表示";
