8,14c8,14
< 12c12
< 15c15
< 18c18
< 21c21
< 3c3
< 6c6
< 9c9
---
> 11,12c11,12
> 14,15c14,15
> 17,18c17,18
> 2,3c2,3
> 20,21c20,21
> 5,6c5,6
> 8,9c8,9
22,28c22,42
< > "1.title" = "明瞭度";
< > "12.title" = "半径";
< > "210.title" = "キャンセル";
< > "26.title" = "適用";
< > "ME4-2B-byk.ibShadowedToolTip" = "分割表示";
< > "ckO-3j-cGO.ibShadowedToolTip" = "分割表示なし";
< > "f71-R1-mla.ibShadowedToolTip" = "ミラー表示";
---
> < /* Class = "NSButton"; ibShadowedToolTip = "Mirror view"; ObjectID = "f71-R1-mla"; */
> < /* Class = "NSButton"; ibShadowedToolTip = "No split view"; ObjectID = "ckO-3j-cGO"; */
> < /* Class = "NSButton"; ibShadowedToolTip = "Split view"; ObjectID = "ME4-2B-byk"; */
> < /* Class = "NSButtonCell"; title = "Apply"; ObjectID = "26"; */
> < /* Class = "NSButtonCell"; title = "Cancel"; ObjectID = "210"; */
> < /* Class = "NSTextFieldCell"; title = "Radius"; ObjectID = "12"; */
> < /* Class = "NSWindow"; title = "Clarity"; ObjectID = "1"; */
> > "1.title" = "명쾌";
> > "12.title" = "반지름";
> > "210.title" = "취소";
> > "26.title" = "적용";
> > "ME4-2B-byk.ibShadowedToolTip" = "분할 보기";
> > "ckO-3j-cGO.ibShadowedToolTip" = "분할 보기 해제";
> > "f71-R1-mla.ibShadowedToolTip" = "거울 보기";
> > /* Class = "NSButton"; ibShadowedToolTip = "분할 보기 해제"; ObjectID = "ckO-3j-cGO"; */
> > /* Class = "NSButton"; ibShadowedToolTip = "분할 보기"; ObjectID = "ME4-2B-byk"; */
> > /* Class = "NSButton"; ibShadowedToolTip = "거울 보기"; ObjectID = "f71-R1-mla"; */
> > /* Class = "NSButtonCell"; title = "취소"; ObjectID = "210"; */
> > /* Class = "NSButtonCell"; title = "적용"; ObjectID = "26"; */
> > /* Class = "NSTextFieldCell"; title = "반지름"; ObjectID = "12"; */
> > /* Class = "NSWindow"; title = "명쾌"; ObjectID = "1"; */
