3c3
< "4If-Xd-aO7.ibShadowedToolTip" = "Add Global Source";
---
> "4If-Xd-aO7.ibShadowedToolTip" = "グローバルソースを追加";
6c6
< "4nC-CO-kKZ.ibShadowedToolTip" = "Delete Global Source";
---
> "4nC-CO-kKZ.ibShadowedToolTip" = "グローバルソースを削除";
9c9
< "5PY-UL-CWX.ibShadowedToolTip" = "Toggle source preview";
---
> "5PY-UL-CWX.ibShadowedToolTip" = "ソースプレビューを切り替え";
12c12
< "Ipc-ah-zqy.title" = "Text Cell";
---
> "Ipc-ah-zqy.title" = "テキストセル";
15c15
< "xNS-TC-r4Y.title" = "Table View Cell";
---
> "xNS-TC-r4Y.title" = "表ビューセル";
