1,48d0
< 3c3
< < "1.title" = "Cloud Conflict";
< ---
< > "1.title" = "クラウドの不一致";
< 6c6
< < "77.title" = "Conflict found while updating from iCloud";
< ---
< > "77.title" = "iCloudからの更新中に不一致が見つかりました";
< 9c9
< < "Eqr-Ue-02t.title" = "Use Their Changes";
< ---
< > "Eqr-Ue-02t.title" = "第三者の変更内容を使用";
< 12c12
< < "FZS-0f-c0X.title" = "My changes";
< ---
< > "FZS-0f-c0X.title" = "自分の変更内容";
< 15c15
< < "KN8-3Q-nCq.title" = "My changes";
< ---
< > "KN8-3Q-nCq.title" = "自分の変更内容";
< 18c18
< < "O8q-Aa-N1g.title" = "Their changes";
< ---
< > "O8q-Aa-N1g.title" = "第三者の変更内容";
< 21c21
< < "P6g-JC-N94.title" = "Their changes";
< ---
< > "P6g-JC-N94.title" = "第三者の変更内容";
< 24c24
< < "PoC-ka-zPt.title" = "Keep My Changes";
< ---
< > "PoC-ka-zPt.title" = "自分の変更内容を維持";
< 27c27
< < "W27-xQ-d5Z.title" = "New Document With My Changes";
< ---
< > "W27-xQ-d5Z.title" = "自分の変更内容による新規ドキュメント";
< 30c30
< < "XXd-qm-4id.title" = "New Document With Their Changes";
< ---
< > "XXd-qm-4id.title" = "第三者の変更内容による新規ドキュメント";
< 33c33
< < "Zu3-4L-JKZ.title" = "Keep both sets of changes";
< ---
< > "Zu3-4L-JKZ.title" = "両者の変更内容を維持";
< 36c36
< < "qzq-L7-Y5o.title" = "Keep both sets of changes";
< ---
< > "qzq-L7-Y5o.title" = "両者の変更内容を維持";
