---
12c12
15c15
18c18
21c21
24c24
27c27
30c30
33c33
36c36
39c39
42c42
45c45
6c6
9c9
< "15.title" = "RGB Sliders";
< "16.title" = "HSL Sliders";
< "17.title" = "CMYK Sliders";
< "18.title" = "LAB Sliders";
< "19.title" = "Hue";
< "20.title" = "Lightness";
< "21.title" = "Saturation";
< "73.title" = "Grayness";
< "AGQ-AY-ymv.title" = "Tint";
< "IBs-7d-8i9.title" = "Noise";
< "aGY-MV-mnd.title" = "RGB Hex Sliders";
< "p9e-y1-NPN.title" = "Intensity";
< "shx-h5-acz.title" = "HSL Color Wheel";
< "vCg-g7-I24.title" = "Swatches";
> "15.title" = "RGBスライダー";
> "16.title" = "HSLスライダー";
> "17.title" = "CMYKスライダー";
> "18.title" = "LABスライダー";
> "19.title" = "色相";
> "20.title" = "明るさ";
> "21.title" = "彩度";
> "73.title" = "グレーネス";
> "AGQ-AY-ymv.title" = "色合い";
> "IBs-7d-8i9.title" = "ノイズ";
> "aGY-MV-mnd.title" = "RGB 16進数スライダー";
> "p9e-y1-NPN.title" = "強度";
> "shx-h5-acz.title" = "HSLカラーホイール";
> "vCg-g7-I24.title" = "スウォッチ";
