5,6c5,6
< /* Class = "NSMenuItem"; title = "RGB Sliders"; ObjectID = "15"; */
< "15.title" = "RGB Sliders";
---
> /* Class = "NSMenuItem"; title = "RGB 슬라이더"; ObjectID = "15"; */
> "15.title" = "RGB 슬라이더";
8,9c8,9
< /* Class = "NSMenuItem"; title = "HSL Sliders"; ObjectID = "16"; */
< "16.title" = "HSL Sliders";
---
> /* Class = "NSMenuItem"; title = "HSL 슬라이더"; ObjectID = "16"; */
> "16.title" = "HSL 슬라이더";
17,18c17,18
< /* Class = "NSMenuItem"; title = "Hue"; ObjectID = "19"; */
< "19.title" = "Hue";
---
> /* Class = "NSMenuItem"; title = "색채"; ObjectID = "19"; */
> "19.title" = "색채";
20,21c20,21
< /* Class = "NSMenuItem"; title = "Lightness"; ObjectID = "20"; */
< "20.title" = "Lightness";
---
> /* Class = "NSMenuItem"; title = "밝기"; ObjectID = "20"; */
> "20.title" = "밝기";
23,24c23,24
< /* Class = "NSMenuItem"; title = "Saturation"; ObjectID = "21"; */
< "21.title" = "Saturation";
---
> /* Class = "NSMenuItem"; title = "채도"; ObjectID = "21"; */
> "21.title" = "채도";
29,30c29,30
< /* Class = "NSMenuItem"; title = "Tint"; ObjectID = "AGQ-AY-ymv"; */
< "AGQ-AY-ymv.title" = "Tint";
---
> /* Class = "NSMenuItem"; title = "틴트"; ObjectID = "AGQ-AY-ymv"; */
> "AGQ-AY-ymv.title" = "틴트";
32,33c32,33
< /* Class = "NSTextFieldCell"; title = "Noise"; ObjectID = "IBs-7d-8i9"; */
< "IBs-7d-8i9.title" = "Noise";
---
> /* Class = "NSTextFieldCell"; title = "잡음"; ObjectID = "IBs-7d-8i9"; */
> "IBs-7d-8i9.title" = "잡음";
35,36c35,36
< /* Class = "NSMenuItem"; title = "RGB Hex Sliders"; ObjectID = "aGY-MV-mnd"; */
< "aGY-MV-mnd.title" = "RGB Hex Sliders";
---
> /* Class = "NSMenuItem"; title = "RGB Hex 슬라이더"; ObjectID = "aGY-MV-mnd"; */
> "aGY-MV-mnd.title" = "RGB Hex 슬라이더";
44,45c44,45
< /* Class = "NSMenuItem"; title = "Swatches"; ObjectID = "vCg-g7-I24"; */
< "vCg-g7-I24.title" = "Swatches";
---
> /* Class = "NSMenuItem"; title = "견본"; ObjectID = "vCg-g7-I24"; */
> "vCg-g7-I24.title" = "견본";
