5,6c5,6
< /* Class = "NSBox"; title = "Global"; ObjectID = "2hX-uN-vC0"; */
< "2hX-uN-vC0.title" = "Global";
---
> /* Class = "NSBox"; title = "전역"; ObjectID = "2hX-uN-vC0"; */
> "2hX-uN-vC0.title" = "전역";
14,15c14,15
< /* Class = "NSButtonCell"; title = "Add"; ObjectID = "fT0-QG-x1b"; */
< "fT0-QG-x1b.title" = "Add";
---
> /* Class = "NSButtonCell"; title = "추가"; ObjectID = "fT0-QG-x1b"; */
> "fT0-QG-x1b.title" = "추가";
20,21c20,21
< /* Class = "NSButtonCell"; title = "Cancel"; ObjectID = "tqe-QD-mTV"; */
< "tqe-QD-mTV.title" = "Cancel";
---
> /* Class = "NSButtonCell"; title = "취소"; ObjectID = "tqe-QD-mTV"; */
> "tqe-QD-mTV.title" = "취소";
23,24c23,24
< /* Class = "NSButtonCell"; title = "Global"; ObjectID = "zc5-M2-lgA"; */
< "zc5-M2-lgA.title" = "Global";
---
> /* Class = "NSButtonCell"; title = "전역"; ObjectID = "zc5-M2-lgA"; */
> "zc5-M2-lgA.title" = "전역";
