3c3
< "1.title" = "Color Chooser";
---
> "1.title" = "色の選択";
9c9
< "41.title" = "CMYK Sliders";
---
> "41.title" = "CMYKスライダー";
12c12
< "42.title" = "RGB Sliders";
---
> "42.title" = "RGBスライダー";
15c15
< "43.title" = "HSL Color Wheel";
---
> "43.title" = "HSLカラーホイール";
18c18
< "44.title" = "HSL Sliders";
---
> "44.title" = "HSLスライダー";
21c21
< "45.title" = "Hue";
---
> "45.title" = "色相";
24c24
< "46.title" = "Lightness";
---
> "46.title" = "明るさ";
27c27
< "47.title" = "Saturation";
---
> "47.title" = "彩度";
60c60
< "351.title" = "Close";
---
> "351.title" = "閉じる";
75c75
< "6IY-3g-LNZ.title" = "Intensity:";
---
> "6IY-3g-LNZ.title" = "強度:";
99c99
< "rwX-e2-yFU.title" = "32-bit:";
---
> "rwX-e2-yFU.title" = "32ビット:";
102c102
< "uA3-ry-hvL.title" = "Relative to View";
---
> "uA3-ry-hvL.title" = "ビューへの相対";
