---
11,12c11,12
17,18c17,18
20,21c20,21
23,24c23,24
26,27c26,27
59,60c59,60
74,75c74,75
< "351.title" = "Close";
< "42.title" = "RGB Sliders";
< "44.title" = "HSL Sliders";
< "45.title" = "Hue";
< "46.title" = "Lightness";
< "47.title" = "Saturation";
< "6IY-3g-LNZ.title" = "Intensity:";
< /* Class = "NSButtonCell"; title = "Close"; ObjectID = "351"; */
< /* Class = "NSMenuItem"; title = "HSL Sliders"; ObjectID = "44"; */
< /* Class = "NSMenuItem"; title = "Hue"; ObjectID = "45"; */
< /* Class = "NSMenuItem"; title = "Lightness"; ObjectID = "46"; */
< /* Class = "NSMenuItem"; title = "RGB Sliders"; ObjectID = "42"; */
< /* Class = "NSMenuItem"; title = "Saturation"; ObjectID = "47"; */
< /* Class = "NSTextFieldCell"; title = "Intensity:"; ObjectID = "6IY-3g-LNZ"; */
> "351.title" = "닫기";
> "42.title" = "RGB 슬라이더";
> "44.title" = "HSL 슬라이더";
> "45.title" = "색채";
> "46.title" = "밝기";
> "47.title" = "채도";
> "6IY-3g-LNZ.title" = "세기:";
> /* Class = "NSButtonCell"; title = "닫기"; ObjectID = "351"; */
> /* Class = "NSMenuItem"; title = "HSL 슬라이더"; ObjectID = "44"; */
> /* Class = "NSMenuItem"; title = "RGB 슬라이더"; ObjectID = "42"; */
> /* Class = "NSMenuItem"; title = "색채"; ObjectID = "45"; */
> /* Class = "NSMenuItem"; title = "밝기"; ObjectID = "46"; */
> /* Class = "NSMenuItem"; title = "채도"; ObjectID = "47"; */
> /* Class = "NSTextFieldCell"; title = "세기:"; ObjectID = "6IY-3g-LNZ"; */
