2,10c2,5
< 12c12
< 15c15
< 18c18
< 21c21
< 24c24
< 3c3
< 6c6
< 9c9
< < "0Ou-A7-3pe.title" = "Name:";
---
> 14,15c14,15
> 20,21c20,21
> 23,24c23,24
> 5,6c5,6
12,13d6
< < "F0z-JX-Cv5.title" = "Global Color";
< < "deg-Ti-h2c.title" = "Overprint";
15d7
< < "hXY-Ix-S99.title" = "Spot";
18,25c10,21
< > "0Ou-A7-3pe.title" = "名前:";
< > "2hX-uN-vC0.title" = "グローバル";
< > "F0z-JX-Cv5.title" = "グローバルカラー";
< > "deg-Ti-h2c.title" = "オーバープリント";
< > "fT0-QG-x1b.title" = "追加";
< > "hXY-Ix-S99.title" = "スポット";
< > "tqe-QD-mTV.title" = "キャンセル";
< > "zc5-M2-lgA.title" = "グローバル";
---
> > "2hX-uN-vC0.title" = "전역";
> > "fT0-QG-x1b.title" = "추가";
> > "tqe-QD-mTV.title" = "취소";
> > "zc5-M2-lgA.title" = "전역";
