---
12c12
15c15
18c18
21c21
24c24
3c3
6c6
9c9
< "0Ou-A7-3pe.title" = "Name:";
< "2hX-uN-vC0.title" = "Global";
< "F0z-JX-Cv5.title" = "Global Color";
< "deg-Ti-h2c.title" = "Overprint";
< "fT0-QG-x1b.title" = "Add";
< "hXY-Ix-S99.title" = "Spot";
< "tqe-QD-mTV.title" = "Cancel";
< "zc5-M2-lgA.title" = "Global";
> "0Ou-A7-3pe.title" = "名前:";
> "2hX-uN-vC0.title" = "グローバル";
> "F0z-JX-Cv5.title" = "グローバルカラー";
> "deg-Ti-h2c.title" = "オーバープリント";
> "fT0-QG-x1b.title" = "追加";
> "hXY-Ix-S99.title" = "スポット";
> "tqe-QD-mTV.title" = "キャンセル";
> "zc5-M2-lgA.title" = "グローバル";
