3c3
< "117.title" = "Opacity";
---
> "117.title" = "不透明度";
18c18
< "151.title" = "Grayscale";
---
> "151.title" = "グレースケール";
24c24
< "156.title" = "Lightness";
---
> "156.title" = "明るさ";
27c27
< "157.title" = "Saturation";
---
> "157.title" = "彩度";
30c30
< "158.title" = "Hue";
---
> "158.title" = "色相";
66c66
< "11g-wl-3Vf.title" = "Accented Analogic";
---
> "11g-wl-3Vf.title" = "アクセント色と類似色";
69c69
< "1rW-MI-NUn.title" = "Shades";
---
> "1rW-MI-NUn.title" = "陰影";
72c72
< "6fp-eW-IR1.title" = "Tint";
---
> "6fp-eW-IR1.title" = "色合い";
75c75
< "8ml-lp-ysk.title" = "Tones";
---
> "8ml-lp-ysk.title" = "色調";
78c78
< "DAT-ck-Rws.title" = "Percentage";
---
> "DAT-ck-Rws.title" = "パーセント";
81c81
< "EDZ-Uc-gG8.title" = "Complementary";
---
> "EDZ-Uc-gG8.title" = "補色";
84c84
< "FlE-Iu-JvL.title" = "Add Color to Swatch";
---
> "FlE-Iu-JvL.title" = "色をスウォッチに追加";
87c87
< "OOt-ef-F5w.title" = "Copy Color to Clipboard as Hex";
---
> "OOt-ef-F5w.title" = "色を16進数としてクリップボードにコピー";
90c90
< "OYJ-90-td8.title" = "Analogous";
---
> "OYJ-90-td8.title" = "類似色";
93c93
< "OaA-pv-xhZ.title" = "Square";
---
> "OaA-pv-xhZ.title" = "正方形";
96c96
< "ObJ-Kh-397.title" = "16 bit";
---
> "ObJ-Kh-397.title" = "16ビット";
126c126
< "Rl6-bA-FIV.title" = "Tetradic";
---
> "Rl6-bA-FIV.title" = "4色配色";
129c129
< "VmH-Di-OxV.title" = "Triadic";
---
> "VmH-Di-OxV.title" = "3色配色";
135c135
< "aqf-d0-Bwm.title" = "RGB Hex";
---
> "aqf-d0-Bwm.title" = "RGB 16進";
138c138
< "dbt-Xy-95N.title" = "Sliders";
---
> "dbt-Xy-95N.title" = "スライダー";
141c141
< "eCr-eu-k3v.title" = "Wheel";
---
> "eCr-eu-k3v.title" = "ホイール";
144c144
< "hx8-gu-BWJ.title" = "8 bit";
---
> "hx8-gu-BWJ.title" = "8ビット";
180c180
< "jBo-NG-AkO.title" = "Triangle";
---
> "jBo-NG-AkO.title" = "三角形";
183c183
< "jth-tA-kjB.title" = "Square";
---
> "jth-tA-kjB.title" = "正方形";
186c186
< "mk9-Um-MiR.title" = "Boxes";
---
> "mk9-Um-MiR.title" = "ボックス";
189c189
< "oEh-PX-et1.title" = "Add Chord to Swatch";
---
> "oEh-PX-et1.title" = "コードをスウォッチに追加";
192c192
< "rQF-fE-eyb.title" = "Split Complementary";
---
> "rQF-fE-eyb.title" = "分裂補色";
195c195
< "v2g-by-7qs.title" = "8 bit";
---
> "v2g-by-7qs.title" = "8ビット";
198c198
< "x4x-Dg-gd3.title" = "Tints";
---
> "x4x-Dg-gd3.title" = "色合い";
201c201
< "zmb-Ei-kek.title" = "Add Chord to Swatch";
---
> "zmb-Ei-kek.title" = "コードをスウォッチに追加";
