---
---
---
---
---
---
---
---
---
---
---
---
---
---
12c12
18c18
27c27
30c30
36c36
39c39
3c3
42c42
51c51
57c57
60c60
63c63
6c6
9c9
< "1.title" = "Convert";
< "101.title" = "Convert";
< "1tk-96-p4k.title" = "Gray/16";
< "37.title" = "Text Cell";
< "6vY-fq-uzX.title" = "Profile";
< "IZy-Ov-REB.title" = "Gray/8";
< "KKw-kw-VEJ.title" = "Relative Colorimetric";
< "LwA-Ac-SBn.title" = "Absolute Colorimetric";
< "SxL-SC-ll3.title" = "Cancel";
< "dVm-gV-auk.title" = "Perceptual";
< "nzH-EM-tPy.title" = "Color Format";
< "xFm-aM-uwi.title" = "Black Point Compensation";
< "yaY-IE-bxO.title" = "Saturation";
< "zfS-6g-5gz.title" = "Rendering Intent";
> "1.title" = "変換";
> "101.title" = "変換";
> "1tk-96-p4k.title" = "グレー/16";
> "37.title" = "テキストセル";
> "6vY-fq-uzX.title" = "プロファイル";
> "IZy-Ov-REB.title" = "グレー/8";
> "KKw-kw-VEJ.title" = "相対的な色彩を保持";
> "LwA-Ac-SBn.title" = "絶対的な色彩を保持";
> "SxL-SC-ll3.title" = "キャンセル";
> "dVm-gV-auk.title" = "知覚";
> "nzH-EM-tPy.title" = "カラーフォーマット";
> "xFm-aM-uwi.title" = "黒点補正";
> "yaY-IE-bxO.title" = "彩度";
> "zfS-6g-5gz.title" = "レンダリングインテント";
