2,3c2,3
< /* Class = "NSTextFieldCell"; title = "Text Cell"; ObjectID = "0ZH-lP-Vq8"; */
< "0ZH-lP-Vq8.title" = "Text Cell";
---
> /* Class = "NSTextFieldCell"; title = "텍스트 셀"; ObjectID = "0ZH-lP-Vq8"; */
> "0ZH-lP-Vq8.title" = "텍스트 셀";
11,12c11,12
< /* Class = "NSTableColumn"; headerCell.title = "Name"; ObjectID = "6q2-YF-dgq"; */
< "6q2-YF-dgq.headerCell.title" = "Name";
---
> /* Class = "NSTableColumn"; headerCell.title = "이름"; ObjectID = "6q2-YF-dgq"; */
> "6q2-YF-dgq.headerCell.title" = "이름";
17,18c17,18
< /* Class = "NSTextFieldCell"; title = "Text Cell"; ObjectID = "HNx-Cc-jqb"; */
< "HNx-Cc-jqb.title" = "Text Cell";
---
> /* Class = "NSTextFieldCell"; title = "텍스트 셀"; ObjectID = "HNx-Cc-jqb"; */
> "HNx-Cc-jqb.title" = "텍스트 셀";
20,21c20,21
< /* Class = "NSTextFieldCell"; title = "Text Cell"; ObjectID = "JXD-sZ-XEE"; */
< "JXD-sZ-XEE.title" = "Text Cell";
---
> /* Class = "NSTextFieldCell"; title = "텍스트 셀"; ObjectID = "JXD-sZ-XEE"; */
> "JXD-sZ-XEE.title" = "텍스트 셀";
29,30c29,30
< /* Class = "NSTextFieldCell"; title = "Text Cell"; ObjectID = "XHc-xD-lCf"; */
< "XHc-xD-lCf.title" = "Text Cell";
---
> /* Class = "NSTextFieldCell"; title = "텍스트 셀"; ObjectID = "XHc-xD-lCf"; */
> "XHc-xD-lCf.title" = "텍스트 셀";
32,33c32,33
< /* Class = "NSTextFieldCell"; title = "Text Cell"; ObjectID = "eZb-vX-YcJ"; */
< "eZb-vX-YcJ.title" = "Text Cell";
---
> /* Class = "NSTextFieldCell"; title = "텍스트 셀"; ObjectID = "eZb-vX-YcJ"; */
> "eZb-vX-YcJ.title" = "텍스트 셀";
