3c3
< "0L7-Yi-v5u.ibShadowedToolTip" = "Current Page";
---
> "0L7-Yi-v5u.ibShadowedToolTip" = "現在のページ";
9c9
< "CMn-vQ-FzM.title" = "Text Cell";
---
> "CMn-vQ-FzM.title" = "テキストセル";
12c12
< "CTU-ZM-4qF.title" = "Text Cell";
---
> "CTU-ZM-4qF.title" = "テキストセル";
15c15
< "Oym-U7-s3f.headerCell.title" = "Page";
---
> "Oym-U7-s3f.headerCell.title" = "ページ";
18c18
< "bmb-lp-4fn.ibShadowedToolTip" = "Target Name";
---
> "bmb-lp-4fn.ibShadowedToolTip" = "ターゲット名";
21c21
< "nY9-US-IQ4.headerCell.title" = "Target Name";
---
> "nY9-US-IQ4.headerCell.title" = "ターゲット名";
