6c6
< "1bf-RW-eYK.headerToolTip" = "Status";
---
> "1bf-RW-eYK.headerToolTip" = "ステータス";
9c9
< "5gx-Ye-T8c.headerCell.title" = "Value";
---
> "5gx-Ye-T8c.headerCell.title" = "値";
12c12
< "6q2-YF-dgq.headerCell.title" = "Name";
---
> "6q2-YF-dgq.headerCell.title" = "名前";
15c15
< "8Nz-4p-Hua.ibShadowedToolTip" = "Value";
---
> "8Nz-4p-Hua.ibShadowedToolTip" = "値";
24c24
< "SmX-bn-5Zo.headerCell.title" = "Ch.";
---
> "SmX-bn-5Zo.headerCell.title" = "章";
27c27
< "SmX-bn-5Zo.headerToolTip" = "Chapter Number";
---
> "SmX-bn-5Zo.headerToolTip" = "章番号";
30c30
< "XHc-xD-lCf.title" = "Text Cell";
---
> "XHc-xD-lCf.title" = "テキストセル";
33c33
< "eZb-vX-YcJ.title" = "Text Cell";
---
> "eZb-vX-YcJ.title" = "テキストセル";
36c36
< "evS-A7-fUG.ibShadowedToolTip" = "Source Page";
---
> "evS-A7-fUG.ibShadowedToolTip" = "ソースページ";
39c39
< "nwx-Rj-ne2.ibShadowedToolTip" = "Target Name";
---
> "nwx-Rj-ne2.ibShadowedToolTip" = "ターゲット名";
42c42
< "oUT-B7-eUV.ibShadowedToolTip" = "Current Chapter";
---
> "oUT-B7-eUV.ibShadowedToolTip" = "現在の章";
