7,19c7,12
< ---
< ---
< ---
< 12c12
< 15c15
< 18c18
< 21c21
< 24c24
< 27c27
< 3c3
< 6c6
< 9c9
< < "1.title" = "Custom Blur";
---
> 11,12c11,12
> 17,18c17,18
> 23,24c23,24
> 26,27c26,27
> 5,6c5,6
> 8,9c8,9
23d15
< < "QWY-8e-sEJ.title" = "Divisor:";
25d16
< < "VC5-d1-L8z.title" = "Normalize";
28,36c19,36
< > "1.title" = "カスタムぼかし";
< > "210.title" = "キャンセル";
< > "26.title" = "適用";
< > "9N7-qV-8B2.ibShadowedToolTip" = "分割表示なし";
< > "QWY-8e-sEJ.title" = "分割数:";
< > "RFA-4w-Ze6.ibShadowedToolTip" = "分割表示";
< > "VC5-d1-L8z.title" = "正規化";
< > "fnA-KK-tkC.ibShadowedToolTip" = "ミラー表示";
< > "mEP-yP-hRa.title" = "オフセット:";
---
> < /* Class = "NSButton"; ibShadowedToolTip = "Mirror view"; ObjectID = "fnA-KK-tkC"; */
> < /* Class = "NSButton"; ibShadowedToolTip = "No split view"; ObjectID = "9N7-qV-8B2"; */
> < /* Class = "NSButton"; ibShadowedToolTip = "Split view"; ObjectID = "RFA-4w-Ze6"; */
> < /* Class = "NSButtonCell"; title = "Apply"; ObjectID = "26"; */
> < /* Class = "NSButtonCell"; title = "Cancel"; ObjectID = "210"; */
> < /* Class = "NSTextFieldCell"; title = "Offset:"; ObjectID = "mEP-yP-hRa"; */
> > "210.title" = "취소";
> > "26.title" = "적용";
> > "9N7-qV-8B2.ibShadowedToolTip" = "분할 보기 해제";
> > "RFA-4w-Ze6.ibShadowedToolTip" = "분할 보기";
> > "fnA-KK-tkC.ibShadowedToolTip" = "거울 보기";
> > "mEP-yP-hRa.title" = "편차:";
> > /* Class = "NSButton"; ibShadowedToolTip = "분할 보기 해제"; ObjectID = "9N7-qV-8B2"; */
> > /* Class = "NSButton"; ibShadowedToolTip = "분할 보기"; ObjectID = "RFA-4w-Ze6"; */
> > /* Class = "NSButton"; ibShadowedToolTip = "거울 보기"; ObjectID = "fnA-KK-tkC"; */
> > /* Class = "NSButtonCell"; title = "취소"; ObjectID = "210"; */
> > /* Class = "NSButtonCell"; title = "적용"; ObjectID = "26"; */
> > /* Class = "NSTextFieldCell"; title = "편차:"; ObjectID = "mEP-yP-hRa"; */
