---
12c12
15c15
18c18
21c21
24c24
27c27
3c3
6c6
9c9
< "1.title" = "Custom Blur";
< "210.title" = "Cancel";
< "26.title" = "Apply";
< "9N7-qV-8B2.ibShadowedToolTip" = "No split view";
< "QWY-8e-sEJ.title" = "Divisor:";
< "RFA-4w-Ze6.ibShadowedToolTip" = "Split view";
< "VC5-d1-L8z.title" = "Normalize";
< "fnA-KK-tkC.ibShadowedToolTip" = "Mirror view";
< "mEP-yP-hRa.title" = "Offset:";
> "1.title" = "カスタムぼかし";
> "210.title" = "キャンセル";
> "26.title" = "適用";
> "9N7-qV-8B2.ibShadowedToolTip" = "分割表示なし";
> "QWY-8e-sEJ.title" = "分割数:";
> "RFA-4w-Ze6.ibShadowedToolTip" = "分割表示";
> "VC5-d1-L8z.title" = "正規化";
> "fnA-KK-tkC.ibShadowedToolTip" = "ミラー表示";
> "mEP-yP-hRa.title" = "オフセット:";
