3c3
< "2UX-2c-ecV.title" = "Generate";
---
> "2UX-2c-ecV.title" = "生成";
6c6
< "5ew-Cj-XKt.ibShadowedToolTip" = "Delete Data Merge Source";
---
> "5ew-Cj-XKt.ibShadowedToolTip" = "データ結合ソースを削除";
9c9
< "F0z-JX-Cv5.title" = "Data Merge";
---
> "F0z-JX-Cv5.title" = "データ結合";
12c12
< "U9L-UT-4Dw.title" = "Section 1 - Prefix";
---
> "U9L-UT-4Dw.title" = "セクション1 - プレフィックス";
15c15
< "ali-zz-Rkf.title" = "Close";
---
> "ali-zz-Rkf.title" = "閉じる";
21c21
< "ttS-mB-1DJ.ibShadowedToolTip" = "Add Data Merge Source";
---
> "ttS-mB-1DJ.ibShadowedToolTip" = "データ結合ソースを追加";
24c24
< "wcs-se-rA1.title" = "Pages 1007-2007";
---
> "wcs-se-rA1.title" = "ページ1007～2007";
