1,9c1,2
< 3c3
< < "1.title" = "Deform";
< ---
< > "1.title" = "変形";
< 6c6
< < "12.title" = "Master";
< ---
< > "12.title" = "マスター";
< 9c9
---
> 8,9c8,9
> < /* Class = "NSButtonCell"; title = "Apply"; ObjectID = "26"; */
12,25c5,8
< > "26.title" = "適用";
< 15c15
< < "413.title" = "Rigid";
< ---
< > "413.title" = "剛体";
< 18c18
< < "414.title" = "Similarity";
< ---
< > "414.title" = "類似";
< 21c21
< < "417.title" = "Linear Constraints";
< ---
< > "417.title" = "線形制約";
< 24c24
---
> > /* Class = "NSButtonCell"; title = "적용"; ObjectID = "26"; */
> > "26.title" = "적용";
> 23,24c23,24
> < /* Class = "NSButtonCell"; title = "Cancel"; ObjectID = "421"; */
28,29c11,14
< > "421.title" = "キャンセル";
< 27c27
---
> > /* Class = "NSButtonCell"; title = "취소"; ObjectID = "421"; */
> > "421.title" = "취소";
> 26,27c26,27
> < /* Class = "NSButton"; ibShadowedToolTip = "Split view"; ObjectID = "J5Q-3N-3zE"; */
32,33c17,20
< > "J5Q-3N-3zE.ibShadowedToolTip" = "分割表示";
< 30c30
---
> > /* Class = "NSButton"; ibShadowedToolTip = "분할 뷰 모드"; ObjectID = "J5Q-3N-3zE"; */
> > "J5Q-3N-3zE.ibShadowedToolTip" = "분할 뷰 모드";
> 29,30c29,30
> < /* Class = "NSButton"; ibShadowedToolTip = "No split view"; ObjectID = "R1r-Vu-qc5"; */
36,37c23,26
< > "R1r-Vu-qc5.ibShadowedToolTip" = "分割表示なし";
< 33c33
---
> > /* Class = "NSButton"; ibShadowedToolTip = "분할 뷰 모드 해제"; ObjectID = "R1r-Vu-qc5"; */
> > "R1r-Vu-qc5.ibShadowedToolTip" = "분할 뷰 모드 해제";
> 32,33c32,33
> < /* Class = "NSButton"; ibShadowedToolTip = "Mirror view"; ObjectID = "VNT-Qb-zna"; */
40c29,30
< > "VNT-Qb-zna.ibShadowedToolTip" = "ミラー表示";
---
> > /* Class = "NSButton"; ibShadowedToolTip = "거울 뷰 모드"; ObjectID = "VNT-Qb-zna"; */
> > "VNT-Qb-zna.ibShadowedToolTip" = "거울 뷰 모드";
