---
23,24c23,24
26,27c26,27
29,30c29,30
32,33c32,33
8,9c8,9
< "26.title" = "Apply";
< "421.title" = "Cancel";
< "J5Q-3N-3zE.ibShadowedToolTip" = "Split view";
< "R1r-Vu-qc5.ibShadowedToolTip" = "No split view";
< "VNT-Qb-zna.ibShadowedToolTip" = "Mirror view";
< /* Class = "NSButton"; ibShadowedToolTip = "Mirror view"; ObjectID = "VNT-Qb-zna"; */
< /* Class = "NSButton"; ibShadowedToolTip = "No split view"; ObjectID = "R1r-Vu-qc5"; */
< /* Class = "NSButton"; ibShadowedToolTip = "Split view"; ObjectID = "J5Q-3N-3zE"; */
< /* Class = "NSButtonCell"; title = "Apply"; ObjectID = "26"; */
< /* Class = "NSButtonCell"; title = "Cancel"; ObjectID = "421"; */
> "26.title" = "적용";
> "421.title" = "취소";
> "J5Q-3N-3zE.ibShadowedToolTip" = "분할 보기";
> "R1r-Vu-qc5.ibShadowedToolTip" = "분할 보기 해제";
> "VNT-Qb-zna.ibShadowedToolTip" = "거울 보기";
> /* Class = "NSButton"; ibShadowedToolTip = "분할 보기 해제"; ObjectID = "R1r-Vu-qc5"; */
> /* Class = "NSButton"; ibShadowedToolTip = "분할 보기"; ObjectID = "J5Q-3N-3zE"; */
> /* Class = "NSButton"; ibShadowedToolTip = "거울 보기"; ObjectID = "VNT-Qb-zna"; */
> /* Class = "NSButtonCell"; title = "적용"; ObjectID = "26"; */
> /* Class = "NSButtonCell"; title = "취소"; ObjectID = "421"; */
