3c3
< "1.title" = "Defringe";
---
> "1.title" = "フリンジ除去";
6c6
< "146.title" = "Cancel";
---
> "146.title" = "キャンセル";
9c9
< "147.title" = "Apply";
---
> "147.title" = "適用";
12c12
< "153.title" = "Fringe Color";
---
> "153.title" = "カラーのフリンジ";
15c15
< "157.title" = "Tolerance";
---
> "157.title" = "許容量";
18c18
< "181.title" = "Radius";
---
> "181.title" = "半径";
21c21
< "223.title" = "Edge Brightness Threshold";
---
> "223.title" = "エッジ明るさのしきい値";
24c24
< "h7p-G3-L60.ibShadowedToolTip" = "Mirror view";
---
> "h7p-G3-L60.ibShadowedToolTip" = "ミラー表示";
27c27
< "oLU-Hw-n47.ibShadowedToolTip" = "No split view";
---
> "oLU-Hw-n47.ibShadowedToolTip" = "分割表示なし";
30c30
< "xh2-MS-6Nc.title" = "Also Remove Complementary Hue";
---
> "xh2-MS-6Nc.title" = "補色色相も削除";
33c33
< "zdj-cY-OmD.ibShadowedToolTip" = "Split view";
---
> "zdj-cY-OmD.ibShadowedToolTip" = "分割表示";
