1,13c1,2
< 3c3
< < "0Nj-0z-57u.title" = "From page:";
< ---
< > "0Nj-0z-57u.title" = "次のページから:";
< 6c6
< < "FQv-0w-VKW.title" = "Number of pages:";
< ---
< > "FQv-0w-VKW.title" = "ページ数:";
< 12c12
< < "QvC-M9-y7g.title" = "Delete Pages";
< ---
< > "QvC-M9-y7g.title" = "ページを削除";
< 15c15
---
> 14,15c14,15
> < /* Class = "NSButtonCell"; title = "Cancel"; ObjectID = "fIV-u8-dQJ"; */
16,20c5,6
< > "fIV-u8-dQJ.title" = "キャンセル";
< 18c18
< < "pLx-26-Egv.title" = "Delete Pages";
< ---
< > "pLx-26-Egv.title" = "ページを削除";
---
> > /* Class = "NSButtonCell"; title = "취소"; ObjectID = "fIV-u8-dQJ"; */
> > "fIV-u8-dQJ.title" = "취소";
