2,16c2,6
< 12c12
< 15c15
< 18c18
< 21c21
< 24c24
< 27c27
< 30c30
< 33c33
< 36c36
< 3c3
< 6c6
< 9c9
< < "1.title" = "Denoise";
< < "12.title" = "Luminance Denoise";
< < "GxW-qB-J0y.title" = "Extreme";
---
> 11,12c11,12
> 14,15c14,15
> 17,18c17,18
> 26,27c26,27
> 29,30c29,30
20,21d9
< < "aUH-OT-Vru.title" = "Color Denoise";
< < "cYC-uI-THq.title" = "Extreme";
24,37c12,26
< < "mLq-P1-cxE.title" = "Contribution";
< < "syL-Kw-aDD.title" = "Detail";
< > "1.title" = "ノイズ除去";
< > "12.title" = "輝度ノイズ除去";
< > "GxW-qB-J0y.title" = "最大";
< > "JGm-9x-sQD.title" = "キャンセル";
< > "Nzp-ab-elg.ibShadowedToolTip" = "分割表示";
< > "Oly-Im-3wo.ibShadowedToolTip" = "ミラー表示";
< > "aUH-OT-Vru.title" = "色ノイズ除去";
< > "cYC-uI-THq.title" = "最大";
< > "i7n-BM-gXj.title" = "適用";
< > "kqf-Zl-6d1.ibShadowedToolTip" = "分割表示なし";
< > "mLq-P1-cxE.title" = "レベル";
< > "syL-Kw-aDD.title" = "ディテール";
---
> < /* Class = "NSButton"; ibShadowedToolTip = "Mirror view"; ObjectID = "Oly-Im-3wo"; */
> < /* Class = "NSButton"; ibShadowedToolTip = "No split view"; ObjectID = "kqf-Zl-6d1"; */
> < /* Class = "NSButton"; ibShadowedToolTip = "Split view"; ObjectID = "Nzp-ab-elg"; */
> < /* Class = "NSButtonCell"; title = "Apply"; ObjectID = "i7n-BM-gXj"; */
> < /* Class = "NSButtonCell"; title = "Cancel"; ObjectID = "JGm-9x-sQD"; */
> > "JGm-9x-sQD.title" = "취소";
> > "Nzp-ab-elg.ibShadowedToolTip" = "분할 보기";
> > "Oly-Im-3wo.ibShadowedToolTip" = "거울 보기";
> > "i7n-BM-gXj.title" = "적용";
> > "kqf-Zl-6d1.ibShadowedToolTip" = "분할 보기 해제";
> > /* Class = "NSButton"; ibShadowedToolTip = "분할 보기 해제"; ObjectID = "kqf-Zl-6d1"; */
> > /* Class = "NSButton"; ibShadowedToolTip = "분할 보기"; ObjectID = "Nzp-ab-elg"; */
> > /* Class = "NSButton"; ibShadowedToolTip = "거울 보기"; ObjectID = "Oly-Im-3wo"; */
> > /* Class = "NSButtonCell"; title = "취소"; ObjectID = "JGm-9x-sQD"; */
> > /* Class = "NSButtonCell"; title = "적용"; ObjectID = "i7n-BM-gXj"; */
