3c3
< "1.title" = "Denoise";
---
> "1.title" = "ノイズ除去";
6c6
< "12.title" = "Luminance Denoise";
---
> "12.title" = "輝度ノイズ除去";
9c9
< "GxW-qB-J0y.title" = "Extreme";
---
> "GxW-qB-J0y.title" = "最大";
12c12
< "JGm-9x-sQD.title" = "Cancel";
---
> "JGm-9x-sQD.title" = "キャンセル";
15c15
< "Nzp-ab-elg.ibShadowedToolTip" = "Split view";
---
> "Nzp-ab-elg.ibShadowedToolTip" = "分割表示";
18c18
< "Oly-Im-3wo.ibShadowedToolTip" = "Mirror view";
---
> "Oly-Im-3wo.ibShadowedToolTip" = "ミラー表示";
21c21
< "aUH-OT-Vru.title" = "Color Denoise";
---
> "aUH-OT-Vru.title" = "色ノイズ除去";
24c24
< "cYC-uI-THq.title" = "Extreme";
---
> "cYC-uI-THq.title" = "最大";
27c27
< "i7n-BM-gXj.title" = "Apply";
---
> "i7n-BM-gXj.title" = "適用";
30c30
< "kqf-Zl-6d1.ibShadowedToolTip" = "No split view";
---
> "kqf-Zl-6d1.ibShadowedToolTip" = "分割表示なし";
33c33
< "mLq-P1-cxE.title" = "Contribution";
---
> "mLq-P1-cxE.title" = "レベル";
36c36
< "syL-Kw-aDD.title" = "Detail";
---
> "syL-Kw-aDD.title" = "ディテール";
