---
15c15
18c18
21c21
24c24
27c27
30c30
33c33
36c36
39c39
3c3
6c6
9c9
< "102.title" = "Vibrance";
< "135.title" = "Clarity";
< "15.title" = "Radius";
< "166.title" = "Cancel";
< "19.title" = "Apply";
< "3.title" = "Depth Of Field";
< "32.title" = "Elliptical";
< "33.title" = "Tilt Shift";
< "396.title" = "Mode";
< "9Nv-4z-CJ6.ibShadowedToolTip" = "Split view";
< "Ey6-gC-wKB.ibShadowedToolTip" = "No split view";
< "pri-8L-abp.ibShadowedToolTip" = "Mirror view";
> "102.title" = "自然な彩度";
> "135.title" = "明瞭度";
> "15.title" = "半径";
> "166.title" = "キャンセル";
> "19.title" = "適用";
> "3.title" = "被写界深度";
> "32.title" = "楕円形";
> "33.title" = "ティルトシフト";
> "396.title" = "モード";
> "9Nv-4z-CJ6.ibShadowedToolTip" = "分割表示";
> "Ey6-gC-wKB.ibShadowedToolTip" = "分割表示なし";
> "pri-8L-abp.ibShadowedToolTip" = "ミラー表示";
