2,13c2,11
< 15c15
< 18c18
< 21c21
< 24c24
< 27c27
< 30c30
< 33c33
< 36c36
< 39c39
< 3c3
< 6c6
< 9c9
---
> 14,15c14,15
> 20,21c20,21
> 23,24c23,24
> 26,27c26,27
> 29,30c29,30
> 32,33c32,33
> 35,36c35,36
> 38,39c38,39
> 5,6c5,6
> 8,9c8,9
19d16
< < "3.title" = "Depth Of Field";
21d17
< < "33.title" = "Tilt Shift";
26,37c22,51
< > "102.title" = "自然な彩度";
< > "135.title" = "明瞭度";
< > "15.title" = "半径";
< > "166.title" = "キャンセル";
< > "19.title" = "適用";
< > "3.title" = "被写界深度";
< > "32.title" = "楕円形";
< > "33.title" = "ティルトシフト";
< > "396.title" = "モード";
< > "9Nv-4z-CJ6.ibShadowedToolTip" = "分割表示";
< > "Ey6-gC-wKB.ibShadowedToolTip" = "分割表示なし";
< > "pri-8L-abp.ibShadowedToolTip" = "ミラー表示";
---
> > "102.title" = "활기";
> > "135.title" = "명쾌";
> > "15.title" = "반지름";
> > "166.title" = "취소";
> > "19.title" = "적용";
> > "32.title" = "타원형";
> > "396.title" = "모드";
> > "9Nv-4z-CJ6.ibShadowedToolTip" = "분할 보기";
> > "Ey6-gC-wKB.ibShadowedToolTip" = "분할 보기 해제";
> > "pri-8L-abp.ibShadowedToolTip" = "거울 보기";
