3c3
< "90.title" = "Develop Assistant";
---
> "90.title" = "現像アシスタント設定";
6c6
< "2dt-c3-c6G.title" = "Apple (Core Image RAW)";
---
> "2dt-c3-c6G.title" = "Apple (コア画像RAW)";
9c9
< "2wm-vf-2vI.title" = "Take no action";
---
> "2wm-vf-2vI.title" = "何もしない";
15c15
< "40q-so-OcS.title" = "Apply exposure bias as default";
---
> "40q-so-OcS.title" = "露出バイアスをデフォルトとして適用";
24c24
< "7OZ-2G-Q8K.title" = "RGB (32 bit HDR)";
---
> "7OZ-2G-Q8K.title" = "RGB(32ビットHDR)";
27c27
< "7Xi-FV-e4d.title" = "Europe";
---
> "7Xi-FV-e4d.title" = "欧州";
30c30
< "7yE-j3-f0l.title" = "RGB (16 bit)";
---
> "7yE-j3-f0l.title" = "RGB(16ビット)";
33c33
< "9aY-sk-vmp.title" = "Take no action";
---
> "9aY-sk-vmp.title" = "何もしない";
36c36
< "AXm-YH-nkW.title" = "Auto-select";
---
> "AXm-YH-nkW.title" = "自動選択";
42c42
< "JPR-Zv-6Qr.title" = "This setting is ignored for non-RAW images, and when using the Apple Core Image engine.";
---
> "JPR-Zv-6Qr.title" = "RAW画像でない場合、およびApple Core Imageエンジンを使用している場合は、この設定は無視されます。";
45c45
< "Kdf-4d-E0Z.title" = "Exposure bias:";
---
> "Kdf-4d-E0Z.title" = "露出バイアス:";
48c48
< "M35-nQ-5lG.title" = "Africa";
---
> "M35-nQ-5lG.title" = "アフリカ";
51c51
< "Oib-BG-QpP.title" = "Apply color / luminance reduction";
---
> "Oib-BG-QpP.title" = "カラー/輝度軽減を適用";
54c54
< "Tee-dk-BsX.title" = "Take no action";
---
> "Tee-dk-BsX.title" = "何もしない";
57c57
< "VmC-Av-DUd.title" = "Asia";
---
> "VmC-Av-DUd.title" = "アジア";
60c60
< "XoX-kP-uC5.title" = "RAW output format:";
---
> "XoX-kP-uC5.title" = "RAW出力形式:";
63c63
< "YIk-Ev-3Fy.title" = "South America";
---
> "YIk-Ev-3Fy.title" = "南米";
66c66
< "aPl-S5-Wwz.title" = "RAW Engine:";
---
> "aPl-S5-Wwz.title" = "RAWエンジン:";
69c69
< "ad1-QB-1FG.title" = "Last used";
---
> "ad1-QB-1FG.title" = "最後の使用";
72c72
< "bNt-Kd-6Vi.title" = "Tone curve:";
---
> "bNt-Kd-6Vi.title" = "トーンカーブ:";
75c75
< "cSI-KN-huL.title" = "Noise reduction:";
---
> "cSI-KN-huL.title" = "ノイズ軽減:";
81c81
< "f5b-B3-gF2.title" = "Apply tone curve";
---
> "f5b-B3-gF2.title" = "トーンカーブを適用";
84c84
< "hpy-Cc-8FN.title" = "Enable assistant";
---
> "hpy-Cc-8FN.title" = "アシスタントを有効にする";
87c87
< "maq-YM-nuV.title" = "Apply exposure bias as initial state";
---
> "maq-YM-nuV.title" = "露出バイアスを初期状態として適用";
90c90
< "oNY-Q2-D81.title" = "North America";
---
> "oNY-Q2-D81.title" = "北米";
93c93
< "pfg-ba-WFE.title" = "Default lens profile:";
---
> "pfg-ba-WFE.title" = "デフォルトレンズプロファイル:";
96c96
< "qHf-dR-wdL.title" = "Alert when assistant takes an action";
---
> "qHf-dR-wdL.title" = "アシスタントが処理を行うときにアラート";
99c99
< "rAJ-7c-7We.title" = "Map default region:";
---
> "rAJ-7c-7We.title" = "デフォルト地域のマッピング:";
102c102
< "s5j-LJ-AVj.title" = "Apply color reduction";
---
> "s5j-LJ-AVj.title" = "カラー軽減を適用";
105c105
< "ssP-qC-g9f.title" = "Close";
---
> "ssP-qC-g9f.title" = "閉じる";
108c108
< "szV-bK-vCM.title" = "None";
---
> "szV-bK-vCM.title" = "なし";
120c120
< "wY7-sY-0QA.ibShadowedToolTip" = "Determines how a lens correction profile is initially selected when entering Develop.";
---
> "wY7-sY-0QA.ibShadowedToolTip" = "現像に入るときにレンズ補正プロファイルを最初に選択する方法を決定します。";
