2,3c2,3
< /* Class = "NSMenuItem"; title = "Satellite"; ObjectID = "20A-96-OJJ"; */
< "20A-96-OJJ.title" = "Satellite";
---
> /* Class = "NSMenuItem"; title = "위성"; ObjectID = "20A-96-OJJ"; */
> "20A-96-OJJ.title" = "위성";
11,12c11,12
< /* Class = "NSButton"; ibShadowedToolTip = "Show Compass"; ObjectID = "Cd2-PL-Zpp"; */
< "Cd2-PL-Zpp.ibShadowedToolTip" = "Show Compass";
---
> /* Class = "NSButton"; ibShadowedToolTip = "나침반 보기"; ObjectID = "Cd2-PL-Zpp"; */
> "Cd2-PL-Zpp.ibShadowedToolTip" = "나침반 보기";
17,18c17,18
< /* Class = "NSButton"; ibShadowedToolTip = "Show Map Scale"; ObjectID = "Rct-aI-W2x"; */
< "Rct-aI-W2x.ibShadowedToolTip" = "Show Map Scale";
---
> /* Class = "NSButton"; ibShadowedToolTip = "지도 배율 보기"; ObjectID = "Rct-aI-W2x"; */
> "Rct-aI-W2x.ibShadowedToolTip" = "지도 배율 보기";
23,24c23,24
< /* Class = "NSMenuItem"; title = "Standard"; ObjectID = "cM1-aL-kzR"; */
< "cM1-aL-kzR.title" = "Standard";
---
> /* Class = "NSMenuItem"; title = "표준"; ObjectID = "cM1-aL-kzR"; */
> "cM1-aL-kzR.title" = "표준";
29,30c29,30
< /* Class = "NSButton"; ibShadowedToolTip = "Use Current Location"; ObjectID = "wTJ-Ul-hc7"; */
< "wTJ-Ul-hc7.ibShadowedToolTip" = "Use Current Location";
---
> /* Class = "NSButton"; ibShadowedToolTip = "지금 위치 사용"; ObjectID = "wTJ-Ul-hc7"; */
> "wTJ-Ul-hc7.ibShadowedToolTip" = "지금 위치 사용";
