1,5c1,2
< 3c3
< < "2nX-Ph-oze.title" = "Magenta";
< ---
< > "2nX-Ph-oze.title" = "マゼンタ";
< 6c6
---
> 5,6c5,6
> < /* Class = "NSButtonCell"; title = "Curves"; ObjectID = "9f4-qB-aiR"; */
8,17c5,8
< > "9f4-qB-aiR.title" = "カーブ";
< 9c9
< < "AoY-10-A05.title" = "Black & White";
< ---
< > "AoY-10-A05.title" = "白黒";
< 12c12
< < "HRe-Gi-Or9.title" = "Master";
< ---
< > "HRe-Gi-Or9.title" = "マスター";
< 15c15
---
> > /* Class = "NSButtonCell"; title = "곡선"; ObjectID = "9f4-qB-aiR"; */
> > "9f4-qB-aiR.title" = "곡선";
> 14,15c14,15
> < /* Class = "NSTextFieldCell"; title = "Red"; ObjectID = "Lrh-Xq-XqK"; */
20,29c11,14
< > "Lrh-Xq-XqK.title" = "赤";
< 18c18
< < "OCe-je-DNi.title" = "Cyan";
< ---
< > "OCe-je-DNi.title" = "シアン";
< 21c21
< < "R01-bB-qgC.title" = "Highlights Hue";
< ---
< > "R01-bB-qgC.title" = "ハイライトの色相";
< 24c24
---
> > /* Class = "NSTextFieldCell"; title = "빨강"; ObjectID = "Lrh-Xq-XqK"; */
> > "Lrh-Xq-XqK.title" = "빨강";
> 23,24c23,24
> < /* Class = "NSMenuItem"; title = "Blue"; ObjectID = "TUf-RL-nig"; */
32,33c17,20
< > "TUf-RL-nig.title" = "青";
< 27c27
---
> > /* Class = "NSMenuItem"; title = "파랑"; ObjectID = "TUf-RL-nig"; */
> > "TUf-RL-nig.title" = "파랑";
> 26,27c26,27
> < /* Class = "NSTextFieldCell"; title = "Blue"; ObjectID = "ZeW-MH-0Y1"; */
36,37c23,26
< > "ZeW-MH-0Y1.title" = "青";
< 30c30
---
> > /* Class = "NSTextFieldCell"; title = "파랑"; ObjectID = "ZeW-MH-0Y1"; */
> > "ZeW-MH-0Y1.title" = "파랑";
> 29,30c29,30
> < /* Class = "NSTextFieldCell"; title = "Green"; ObjectID = "dZn-CS-tyC"; */
40,41c29,32
< > "dZn-CS-tyC.title" = "緑";
< 36c36
---
> > /* Class = "NSTextFieldCell"; title = "초록"; ObjectID = "dZn-CS-tyC"; */
> > "dZn-CS-tyC.title" = "초록";
> 35,36c35,36
> < /* Class = "NSButtonCell"; title = "Split Toning"; ObjectID = "g6x-fB-GLo"; */
44,45c35,38
< > "g6x-fB-GLo.title" = "明暗別色補正";
< 39c39
---
> > /* Class = "NSButtonCell"; title = "분할 색조"; ObjectID = "g6x-fB-GLo"; */
> > "g6x-fB-GLo.title" = "분할 색조";
> 38,39c38,39
> < /* Class = "NSTextFieldCell"; title = "Yellow"; ObjectID = "h7e-9Y-IXx"; */
48,49c41,44
< > "h7e-9Y-IXx.title" = "黄";
< 42c42
---
> > /* Class = "NSTextFieldCell"; title = "노랑"; ObjectID = "h7e-9Y-IXx"; */
> > "h7e-9Y-IXx.title" = "노랑";
> 41,42c41,42
> < /* Class = "NSMenuItem"; title = "Green"; ObjectID = "m4b-Tg-gL1"; */
52,53c47,50
< > "m4b-Tg-gL1.title" = "緑";
< 45c45
---
> > /* Class = "NSMenuItem"; title = "초록"; ObjectID = "m4b-Tg-gL1"; */
> > "m4b-Tg-gL1.title" = "초록";
> 44,45c44,45
> < /* Class = "NSMenuItem"; title = "Red"; ObjectID = "mBa-Jz-oTS"; */
56,65c53,56
< > "mBa-Jz-oTS.title" = "赤";
< 48c48
< < "mu3-Az-njm.title" = "Highlights Saturation";
< ---
< > "mu3-Az-njm.title" = "ハイライトの彩度";
< 51c51
< < "ufO-Ad-0xM.title" = "Shadows Hue";
< ---
< > "ufO-Ad-0xM.title" = "シャドウの色相";
< 54c54
---
> > /* Class = "NSMenuItem"; title = "빨강"; ObjectID = "mBa-Jz-oTS"; */
> > "mBa-Jz-oTS.title" = "빨강";
> 53,54c53,54
> < /* Class = "NSTextFieldCell"; title = "Balance"; ObjectID = "w1I-Qf-1Nc"; */
68,72c59,60
< > "w1I-Qf-1Nc.title" = "バランス";
< 57c57
< < "ycP-XT-Cne.title" = "Shadows Saturation";
< ---
< > "ycP-XT-Cne.title" = "シャドウの彩度";
---
> > /* Class = "NSTextFieldCell"; title = "밸런스"; ObjectID = "w1I-Qf-1Nc"; */
> > "w1I-Qf-1Nc.title" = "밸런스";
