5,6c5,6
< /* Class = "NSButtonCell"; title = "Apply"; ObjectID = "26"; */
< "26.title" = "Apply";
---
> /* Class = "NSButtonCell"; title = "적용"; ObjectID = "26"; */
> "26.title" = "적용";
20,21c20,21
< /* Class = "NSButtonCell"; title = "Cancel"; ObjectID = "421"; */
< "421.title" = "Cancel";
---
> /* Class = "NSButtonCell"; title = "취소"; ObjectID = "421"; */
> "421.title" = "취소";
23,24c23,24
< /* Class = "NSButton"; ibShadowedToolTip = "Split view"; ObjectID = "J5Q-3N-3zE"; */
< "J5Q-3N-3zE.ibShadowedToolTip" = "Split view";
---
> /* Class = "NSButton"; ibShadowedToolTip = "분할 뷰 모드"; ObjectID = "J5Q-3N-3zE"; */
> "J5Q-3N-3zE.ibShadowedToolTip" = "분할 뷰 모드";
26,27c26,27
< /* Class = "NSButton"; ibShadowedToolTip = "No split view"; ObjectID = "R1r-Vu-qc5"; */
< "R1r-Vu-qc5.ibShadowedToolTip" = "No split view";
---
> /* Class = "NSButton"; ibShadowedToolTip = "분할 뷰 모드 해제"; ObjectID = "R1r-Vu-qc5"; */
> "R1r-Vu-qc5.ibShadowedToolTip" = "분할 뷰 모드 해제";
29,30c29,30
< /* Class = "NSButton"; ibShadowedToolTip = "Mirror view"; ObjectID = "VNT-Qb-zna"; */
< "VNT-Qb-zna.ibShadowedToolTip" = "Mirror view";
---
> /* Class = "NSButton"; ibShadowedToolTip = "거울 뷰 모드"; ObjectID = "VNT-Qb-zna"; */
> "VNT-Qb-zna.ibShadowedToolTip" = "거울 뷰 모드";
41,42c41,42
< /* Class = "NSMenuItem"; title = "Monochrome"; ObjectID = "ro4-6L-WAI"; */
< "ro4-6L-WAI.title" = "Monochrome";
---
> /* Class = "NSMenuItem"; title = "단색"; ObjectID = "ro4-6L-WAI"; */
> "ro4-6L-WAI.title" = "단색";
