2,3c2,3
< /* Class = "NSTextFieldCell"; title = "Length"; ObjectID = "17Y-9k-NuI"; */
< "17Y-9k-NuI.title" = "Length";
---
> /* Class = "NSTextFieldCell"; title = "길이"; ObjectID = "17Y-9k-NuI"; */
> "17Y-9k-NuI.title" = "길이";
5,6c5,6
< /* Class = "NSTextFieldCell"; title = "n/a"; ObjectID = "6CY-jT-OT5"; */
< "6CY-jT-OT5.title" = "n/a";
---
> /* Class = "NSTextFieldCell"; title = "없음"; ObjectID = "6CY-jT-OT5"; */
> "6CY-jT-OT5.title" = "없음";
8,9c8,9
< /* Class = "NSTextFieldCell"; title = "n/a"; ObjectID = "6vj-IW-EwY"; */
< "6vj-IW-EwY.title" = "n/a";
---
> /* Class = "NSTextFieldCell"; title = "없음"; ObjectID = "6vj-IW-EwY"; */
> "6vj-IW-EwY.title" = "없음";
11,12c11,12
< /* Class = "NSTextFieldCell"; title = "Points"; ObjectID = "7gH-a0-T0X"; */
< "7gH-a0-T0X.title" = "Points";
---
> /* Class = "NSTextFieldCell"; title = "포인트"; ObjectID = "7gH-a0-T0X"; */
> "7gH-a0-T0X.title" = "포인트";
14,15c14,15
< /* Class = "NSTextFieldCell"; title = "Beam"; ObjectID = "COy-mg-VHE"; */
< "COy-mg-VHE.title" = "Beam";
---
> /* Class = "NSTextFieldCell"; title = "빔"; ObjectID = "COy-mg-VHE"; */
> "COy-mg-VHE.title" = "빔";
17,18c17,18
< /* Class = "NSTextFieldCell"; title = "n/a"; ObjectID = "EcT-6p-OPo"; */
< "EcT-6p-OPo.title" = "n/a";
---
> /* Class = "NSTextFieldCell"; title = "없음"; ObjectID = "EcT-6p-OPo"; */
> "EcT-6p-OPo.title" = "없음";
20,21c20,21
< /* Class = "NSTextFieldCell"; title = "n/a"; ObjectID = "GCp-lC-5IQ"; */
< "GCp-lC-5IQ.title" = "n/a";
---
> /* Class = "NSTextFieldCell"; title = "없음"; ObjectID = "GCp-lC-5IQ"; */
> "GCp-lC-5IQ.title" = "없음";
23,24c23,24
< /* Class = "NSButtonCell"; title = "Show AF Regions"; ObjectID = "NZP-VF-O8l"; */
< "NZP-VF-O8l.title" = "Show AF Regions";
---
> /* Class = "NSButtonCell"; title = "AF 영역 보기"; ObjectID = "NZP-VF-O8l"; */
> "NZP-VF-O8l.title" = "AF 영역 보기";
32,33c32,33
< /* Class = "NSTextFieldCell"; title = "n/a"; ObjectID = "kA5-Ix-eEr"; */
< "kA5-Ix-eEr.title" = "n/a";
---
> /* Class = "NSTextFieldCell"; title = "없음"; ObjectID = "kA5-Ix-eEr"; */
> "kA5-Ix-eEr.title" = "없음";
35,36c35,36
< /* Class = "NSTextFieldCell"; title = "n/a"; ObjectID = "ofD-ZR-zsO"; */
< "ofD-ZR-zsO.title" = "n/a";
---
> /* Class = "NSTextFieldCell"; title = "없음"; ObjectID = "ofD-ZR-zsO"; */
> "ofD-ZR-zsO.title" = "없음";
38,39c38,39
< /* Class = "NSTextFieldCell"; title = "Valid"; ObjectID = "tKT-w1-hxF"; */
< "tKT-w1-hxF.title" = "Valid";
---
> /* Class = "NSTextFieldCell"; title = "유효"; ObjectID = "tKT-w1-hxF"; */
> "tKT-w1-hxF.title" = "유효";
41,42c41,42
< /* Class = "NSTextFieldCell"; title = "Mode"; ObjectID = "wDd-Ia-yoS"; */
< "wDd-Ia-yoS.title" = "Mode";
---
> /* Class = "NSTextFieldCell"; title = "모드"; ObjectID = "wDd-Ia-yoS"; */
> "wDd-Ia-yoS.title" = "모드";
44,45c44,45
< /* Class = "NSTextFieldCell"; title = "n/a"; ObjectID = "x9H-ml-rMQ"; */
< "x9H-ml-rMQ.title" = "n/a";
---
> /* Class = "NSTextFieldCell"; title = "없음"; ObjectID = "x9H-ml-rMQ"; */
> "x9H-ml-rMQ.title" = "없음";
