2,11c2,6
< 12c12
< 15c15
< 18c18
< 21c21
< 24c24
< 27c27
< 30c30
< 3c3
< 6c6
< 9c9
---
> 11,12c11,12
> 17,18c17,18
> 2,3c2,3
> 23,24c23,24
> 29,30c29,30
13,14d7
< < "4cP-8f-hLh.ibShadowedToolTip" = "Show Points Of Interest";
< < "8Up-0V-dao.ibShadowedToolTip" = "Previous Locations";
16d8
< < "LDx-fg-4Eq.ibShadowedToolTip" = "Locate By Address";
18d9
< < "TWz-R2-MfG.title" = "Hybrid";
20d10
< < "h6f-0t-Rho.ibShadowedToolTip" = "Show Zoom Controls";
22,31c12,26
< > "20A-96-OJJ.title" = "衛星";
< > "4cP-8f-hLh.ibShadowedToolTip" = "POIの表示";
< > "8Up-0V-dao.ibShadowedToolTip" = "これまでに表示した場所";
< > "Cd2-PL-Zpp.ibShadowedToolTip" = "方位記号の表示";
< > "LDx-fg-4Eq.ibShadowedToolTip" = "住所で指定";
< > "Rct-aI-W2x.ibShadowedToolTip" = "マップ縮尺の表示";
< > "TWz-R2-MfG.title" = "ハイブリッド";
< > "cM1-aL-kzR.title" = "標準";
< > "h6f-0t-Rho.ibShadowedToolTip" = "ズームコントロールの表示";
< > "wTJ-Ul-hc7.ibShadowedToolTip" = "現在の場所を使用";
---
> > "20A-96-OJJ.title" = "위성";
> > "Cd2-PL-Zpp.ibShadowedToolTip" = "나침반 보기";
> > "Rct-aI-W2x.ibShadowedToolTip" = "지도 배율 보기";
> > "cM1-aL-kzR.title" = "표준";
> > "wTJ-Ul-hc7.ibShadowedToolTip" = "지금 위치 사용";
