5,16c5
< ---
< ---
< ---
< ---
< ---
< ---
< ---
< ---
< ---
< 12c12
< 15c15
< 18c18
---
> 14,15c14,15
19,30c8
< 27c27
< 30c30
< 33c33
< 36c36
< 39c39
< 3c3
< 6c6
< 9c9
< < "368.title" = "Luminance";
< < "371.title" = "Noise Reduction";
< < "4S8-84-rar.title" = "Colors Contribution";
< < "8wK-nS-y9K.title" = "Detail Refinement";
---
> 35,36c35,36
32d9
< < "MBn-ns-Hg9.title" = "Noise Addition";
35,37d11
< < "Yu5-hd-63P.title" = "Luminance Details";
< < "f0D-zg-h44.title" = "Luminance Contribution";
< < "p9K-gN-drg.title" = "Gaussian";
39,52c13,20
< < "yay-ko-9FW.title" = "Intensity";
< > "368.title" = "輝度";
< > "371.title" = "ノイズ軽減";
< > "4S8-84-rar.title" = "カラーのレベル";
< > "8wK-nS-y9K.title" = "ディテール調整";
< > "Kvr-AL-15K.title" = "量";
< > "MBn-ns-Hg9.title" = "ノイズ追加";
< > "PfS-Iw-DVn.title" = "カラー";
< > "Pgg-Ek-LWM.title" = "カラー";
< > "Yu5-hd-63P.title" = "輝度のディテール";
< > "f0D-zg-h44.title" = "輝度のレベル";
< > "p9K-gN-drg.title" = "ガウス";
< > "uFB-g5-AX6.title" = "半径";
< > "yay-ko-9FW.title" = "強度";
---
> < /* Class = "NSTextFieldCell"; title = "Amount"; ObjectID = "Kvr-AL-15K"; */
> < /* Class = "NSTextFieldCell"; title = "Radius"; ObjectID = "uFB-g5-AX6"; */
> > "Kvr-AL-15K.title" = "양";
> > "PfS-Iw-DVn.title" = "색상";
> > "Pgg-Ek-LWM.title" = "색상";
> > "uFB-g5-AX6.title" = "반지름";
> > /* Class = "NSTextFieldCell"; title = "양"; ObjectID = "Kvr-AL-15K"; */
> > /* Class = "NSTextFieldCell"; title = "반지름"; ObjectID = "uFB-g5-AX6"; */
