---
12c12
15c15
18c18
21c21
24c24
27c27
30c30
3c3
6c6
9c9
< "20A-96-OJJ.title" = "Satellite";
< "4cP-8f-hLh.ibShadowedToolTip" = "Show Points Of Interest";
< "8Up-0V-dao.ibShadowedToolTip" = "Previous Locations";
< "Cd2-PL-Zpp.ibShadowedToolTip" = "Show Compass";
< "LDx-fg-4Eq.ibShadowedToolTip" = "Locate By Address";
< "Rct-aI-W2x.ibShadowedToolTip" = "Show Map Scale";
< "TWz-R2-MfG.title" = "Hybrid";
< "cM1-aL-kzR.title" = "Standard";
< "h6f-0t-Rho.ibShadowedToolTip" = "Show Zoom Controls";
< "wTJ-Ul-hc7.ibShadowedToolTip" = "Use Current Location";
> "20A-96-OJJ.title" = "衛星";
> "4cP-8f-hLh.ibShadowedToolTip" = "POIの表示";
> "8Up-0V-dao.ibShadowedToolTip" = "これまでに表示した場所";
> "Cd2-PL-Zpp.ibShadowedToolTip" = "方位記号の表示";
> "LDx-fg-4Eq.ibShadowedToolTip" = "住所で指定";
> "Rct-aI-W2x.ibShadowedToolTip" = "マップ縮尺の表示";
> "TWz-R2-MfG.title" = "ハイブリッド";
> "cM1-aL-kzR.title" = "標準";
> "h6f-0t-Rho.ibShadowedToolTip" = "ズームコントロールの表示";
> "wTJ-Ul-hc7.ibShadowedToolTip" = "現在の場所を使用";
