3c3
< "17Y-9k-NuI.title" = "Length";
---
> "17Y-9k-NuI.title" = "長さ";
6c6
< "6CY-jT-OT5.title" = "n/a";
---
> "6CY-jT-OT5.title" = "該当なし";
9c9
< "6vj-IW-EwY.title" = "n/a";
---
> "6vj-IW-EwY.title" = "該当なし";
12c12
< "7gH-a0-T0X.title" = "Points";
---
> "7gH-a0-T0X.title" = "ポイント";
15c15
< "COy-mg-VHE.title" = "Beam";
---
> "COy-mg-VHE.title" = "ビーム";
18c18
< "EcT-6p-OPo.title" = "n/a";
---
> "EcT-6p-OPo.title" = "該当なし";
21c21
< "GCp-lC-5IQ.title" = "n/a";
---
> "GCp-lC-5IQ.title" = "該当なし";
24c24
< "NZP-VF-O8l.title" = "Show AF Regions";
---
> "NZP-VF-O8l.title" = "AF領域を表示";
27c27
< "ZfZ-gD-SnA.title" = "Hyperfocal";
---
> "ZfZ-gD-SnA.title" = "過焦点";
33c33
< "kA5-Ix-eEr.title" = "n/a";
---
> "kA5-Ix-eEr.title" = "該当なし";
36c36
< "ofD-ZR-zsO.title" = "n/a";
---
> "ofD-ZR-zsO.title" = "該当なし";
39c39
< "tKT-w1-hxF.title" = "Valid";
---
> "tKT-w1-hxF.title" = "有効";
42c42
< "wDd-Ia-yoS.title" = "Mode";
---
> "wDd-Ia-yoS.title" = "モード";
45c45
< "x9H-ml-rMQ.title" = "n/a";
---
> "x9H-ml-rMQ.title" = "該当なし";
