2,18c2,15
< 12c12
< 15c15
< 18c18
< 21c21
< 24c24
< 27c27
< 30c30
< 33c33
< 36c36
< 39c39
< 3c3
< 42c42
< 45c45
< 48c48
< 51c51
< 6c6
< 9c9
---
> 11,12c11,12
> 2,3c2,3
> 20,21c20,21
> 23,24c23,24
> 29,30c29,30
> 32,33c32,33
> 35,36c35,36
> 38,39c38,39
> 41,42c41,42
> 44,45c44,45
> 47,48c47,48
> 5,6c5,6
> 50,51c50,51
> 8,9c8,9
21d17
< < "3wO-YA-YAH.title" = "Blackpoint";
24d19
< < "H9q-Do-dsI.title" = "Shadows & Highlights";
27d21
< < "TOA-3W-Uit.title" = "Highlights";
36,52c30,71
< > "146.title" = "エンハンス";
< > "148.title" = "コントラスト";
< > "3wO-YA-YAH.title" = "黒点";
< > "517.title" = "露出";
< > "519.title" = "露出";
< > "H9q-Do-dsI.title" = "シャドウとハイライト";
< > "Olc-Kg-HVM.title" = "明るさ";
< > "S5S-4x-gZj.title" = "プロファイル";
< > "TOA-3W-Uit.title" = "ハイライト";
< > "Z3v-D7-xVW.title" = "自然な彩度";
< > "adM-kp-T68.title" = "彩度";
< > "dtH-FW-xBt.title" = "明瞭度";
< > "gvs-8F-iJJ.title" = "温度";
< > "hRc-ek-dPD.title" = "ホワイトバランス";
< > "lOh-fh-6cu.title" = "シャドウ";
< > "qOl-tL-vQE.title" = "色合い";
< > "zwK-yd-CNW.title" = "出力プロファイル";
---
> > "146.title" = "개선";
> > "148.title" = "대비";
> > "517.title" = "노출";
> > "519.title" = "노출";
> > "Olc-Kg-HVM.title" = "명암";
> > "S5S-4x-gZj.title" = "프로파일";
> > "Z3v-D7-xVW.title" = "활기";
> > "adM-kp-T68.title" = "채도";
> > "dtH-FW-xBt.title" = "명쾌";
> > "gvs-8F-iJJ.title" = "온도";
> > "hRc-ek-dPD.title" = "화이트 밸런스";
> > "lOh-fh-6cu.title" = "그림자";
> > "qOl-tL-vQE.title" = "틴트";
> > "zwK-yd-CNW.title" = "프로파일 출력";
