2,3c2,3
< /* Class = "NSTextFieldCell"; title = "Threshold"; ObjectID = "5mC-lq-o1J"; */
< "5mC-lq-o1J.title" = "Threshold";
---
> /* Class = "NSTextFieldCell"; title = "역치"; ObjectID = "5mC-lq-o1J"; */
> "5mC-lq-o1J.title" = "역치";
11,12c11,12
< /* Class = "NSTextFieldCell"; title = "Vertical"; ObjectID = "Gwd-gd-Qn8"; */
< "Gwd-gd-Qn8.title" = "Vertical";
---
> /* Class = "NSTextFieldCell"; title = "세로"; ObjectID = "Gwd-gd-Qn8"; */
> "Gwd-gd-Qn8.title" = "세로";
14,15c14,15
< /* Class = "NSTextFieldCell"; title = "Scale"; ObjectID = "MVJ-Po-Pp9"; */
< "MVJ-Po-Pp9.title" = "Scale";
---
> /* Class = "NSTextFieldCell"; title = "배율"; ObjectID = "MVJ-Po-Pp9"; */
> "MVJ-Po-Pp9.title" = "배율";
17,18c17,18
< /* Class = "NSTextFieldCell"; title = "Hue"; ObjectID = "NKq-JJ-1dl"; */
< "NKq-JJ-1dl.title" = "Hue";
---
> /* Class = "NSTextFieldCell"; title = "색채"; ObjectID = "NKq-JJ-1dl"; */
> "NKq-JJ-1dl.title" = "색채";
26,27c26,27
< /* Class = "NSTextFieldCell"; title = "Tolerance"; ObjectID = "UHM-FU-I4n"; */
< "UHM-FU-I4n.title" = "Tolerance";
---
> /* Class = "NSTextFieldCell"; title = "허용량"; ObjectID = "UHM-FU-I4n"; */
> "UHM-FU-I4n.title" = "허용량";
29,30c29,30
< /* Class = "NSTextFieldCell"; title = "Scale"; ObjectID = "VMz-N0-RMB"; */
< "VMz-N0-RMB.title" = "Scale";
---
> /* Class = "NSTextFieldCell"; title = "배율"; ObjectID = "VMz-N0-RMB"; */
> "VMz-N0-RMB.title" = "배율";
35,36c35,36
< /* Class = "NSTextFieldCell"; title = "Lens Profile"; ObjectID = "WzT-xo-0Mi"; */
< "WzT-xo-0Mi.title" = "Lens Profile";
---
> /* Class = "NSTextFieldCell"; title = "렌즈 프로파일"; ObjectID = "WzT-xo-0Mi"; */
> "WzT-xo-0Mi.title" = "렌즈 프로파일";
38,39c38,39
< /* Class = "NSTextFieldCell"; title = "Hardness"; ObjectID = "djo-uP-ATF"; */
< "djo-uP-ATF.title" = "Hardness";
---
> /* Class = "NSTextFieldCell"; title = "굳기"; ObjectID = "djo-uP-ATF"; */
> "djo-uP-ATF.title" = "굳기";
53,54c53,54
< /* Class = "NSTextFieldCell"; title = "Horizontal"; ObjectID = "lhg-oq-4R3"; */
< "lhg-oq-4R3.title" = "Horizontal";
---
> /* Class = "NSTextFieldCell"; title = "가로"; ObjectID = "lhg-oq-4R3"; */
> "lhg-oq-4R3.title" = "가로";
56,57c56,57
< /* Class = "NSTextFieldCell"; title = "Radius"; ObjectID = "mi6-f5-tFY"; */
< "mi6-f5-tFY.title" = "Radius";
---
> /* Class = "NSTextFieldCell"; title = "반지름"; ObjectID = "mi6-f5-tFY"; */
> "mi6-f5-tFY.title" = "반지름";
62,63c62,63
< /* Class = "NSTextFieldCell"; title = "Distortion"; ObjectID = "qsS-xB-big"; */
< "qsS-xB-big.title" = "Distortion";
---
> /* Class = "NSTextFieldCell"; title = "왜곡"; ObjectID = "qsS-xB-big"; */
> "qsS-xB-big.title" = "왜곡";
74,75c74,75
< /* Class = "NSTextFieldCell"; title = "Rotation"; ObjectID = "soV-EI-pGv"; */
< "soV-EI-pGv.title" = "Rotation";
---
> /* Class = "NSTextFieldCell"; title = "회전"; ObjectID = "soV-EI-pGv"; */
> "soV-EI-pGv.title" = "회전";
