3c3
< "146.title" = "Enhance";
---
> "146.title" = "エンハンス";
6c6
< "148.title" = "Contrast";
---
> "148.title" = "コントラスト";
9c9
< "517.title" = "Exposure";
---
> "517.title" = "露出";
12c12
< "519.title" = "Exposure";
---
> "519.title" = "露出";
15c15
< "3wO-YA-YAH.title" = "Blackpoint";
---
> "3wO-YA-YAH.title" = "黒点";
18c18
< "H9q-Do-dsI.title" = "Shadows & Highlights";
---
> "H9q-Do-dsI.title" = "シャドウとハイライト";
21c21
< "Olc-Kg-HVM.title" = "Brightness";
---
> "Olc-Kg-HVM.title" = "明るさ";
24c24
< "S5S-4x-gZj.title" = "Profiles";
---
> "S5S-4x-gZj.title" = "プロファイル";
27c27
< "TOA-3W-Uit.title" = "Highlights";
---
> "TOA-3W-Uit.title" = "ハイライト";
30c30
< "Z3v-D7-xVW.title" = "Vibrance";
---
> "Z3v-D7-xVW.title" = "自然な彩度";
33c33
< "adM-kp-T68.title" = "Saturation";
---
> "adM-kp-T68.title" = "彩度";
36c36
< "dtH-FW-xBt.title" = "Clarity";
---
> "dtH-FW-xBt.title" = "明瞭度";
39c39
< "gvs-8F-iJJ.title" = "Temperature";
---
> "gvs-8F-iJJ.title" = "温度";
42c42
< "hRc-ek-dPD.title" = "White Balance";
---
> "hRc-ek-dPD.title" = "ホワイトバランス";
45c45
< "lOh-fh-6cu.title" = "Shadows";
---
> "lOh-fh-6cu.title" = "シャドウ";
48c48
< "qOl-tL-vQE.title" = "Tint";
---
> "qOl-tL-vQE.title" = "色合い";
51c51
< "zwK-yd-CNW.title" = "Output Profile";
---
> "zwK-yd-CNW.title" = "出力プロファイル";
