3c3
< "5mC-lq-o1J.title" = "Threshold";
---
> "5mC-lq-o1J.title" = "しきい値";
6c6
< "6Fc-w7-lMm.title" = "Also Remove Complementary Hue";
---
> "6Fc-w7-lMm.title" = "補色色相も削除";
9c9
< "88J-co-q92.title" = "Intensity";
---
> "88J-co-q92.title" = "強度";
12c12
< "Gwd-gd-Qn8.title" = "Vertical";
---
> "Gwd-gd-Qn8.title" = "垂直";
15c15
< "MVJ-Po-Pp9.title" = "Scale";
---
> "MVJ-Po-Pp9.title" = "スケール";
18c18
< "NKq-JJ-1dl.title" = "Hue";
---
> "NKq-JJ-1dl.title" = "色相";
21c21
< "R7e-kG-iDO.title" = "Lens Correction";
---
> "R7e-kG-iDO.title" = "レンズ補正";
24c24
< "Sed-lL-DpD.title" = "Defringe";
---
> "Sed-lL-DpD.title" = "フリンジ除去";
27c27
< "UHM-FU-I4n.title" = "Tolerance";
---
> "UHM-FU-I4n.title" = "許容量";
30c30
< "VMz-N0-RMB.title" = "Scale";
---
> "VMz-N0-RMB.title" = "スケール";
36c36
< "WzT-xo-0Mi.title" = "Lens Profile";
---
> "WzT-xo-0Mi.title" = "レンズプロファイル";
39c39
< "djo-uP-ATF.title" = "Hardness";
---
> "djo-uP-ATF.title" = "硬さ";
42c42
< "fqD-UC-yuI.title" = "Estimate From Image";
---
> "fqD-UC-yuI.title" = "画像から推定";
45c45
< "jhQ-AS-c6L.title" = "Chromatic Aberration Reduction";
---
> "jhQ-AS-c6L.title" = "色収差の軽減";
48c48
< "kQe-AG-lwm.title" = "Use Lens Profile";
---
> "kQe-AG-lwm.title" = "レンズプロファイルの使用";
51c51
< "kk4-rh-pIH.title" = "Use Lens Profile";
---
> "kk4-rh-pIH.title" = "レンズプロファイルの使用";
54c54
< "lhg-oq-4R3.title" = "Horizontal";
---
> "lhg-oq-4R3.title" = "水平";
57c57
< "mi6-f5-tFY.title" = "Radius";
---
> "mi6-f5-tFY.title" = "半径";
63c63
< "qsS-xB-big.title" = "Distortion";
---
> "qsS-xB-big.title" = "ゆがみ";
66c66
< "qwR-uQ-oOf.title" = "Remove Lens Vignette";
---
> "qwR-uQ-oOf.title" = "レンズビネットの除去";
69c69
< "s6H-g0-79Z.title" = "Post Crop Vignette";
---
> "s6H-g0-79Z.title" = "切り抜き後のビネット";
72c72
< "sVo-wQ-4Ou.title" = "Estimate From Image";
---
> "sVo-wQ-4Ou.title" = "画像から推定";
75c75
< "soV-EI-pGv.title" = "Rotation";
---
> "soV-EI-pGv.title" = "回転";
78c78
< "ygT-P8-4rM.title" = "Intensity";
---
> "ygT-P8-4rM.title" = "強度";
