2,3c2,3
< /* Class = "NSButtonCell"; title = "Enhance"; ObjectID = "146"; */
< "146.title" = "Enhance";
---
> /* Class = "NSButtonCell"; title = "개선"; ObjectID = "146"; */
> "146.title" = "개선";
5,6c5,6
< /* Class = "NSTextFieldCell"; title = "Contrast"; ObjectID = "148"; */
< "148.title" = "Contrast";
---
> /* Class = "NSTextFieldCell"; title = "대비"; ObjectID = "148"; */
> "148.title" = "대비";
8,9c8,9
< /* Class = "NSButtonCell"; title = "Exposure"; ObjectID = "517"; */
< "517.title" = "Exposure";
---
> /* Class = "NSButtonCell"; title = "노출"; ObjectID = "517"; */
> "517.title" = "노출";
11,12c11,12
< /* Class = "NSTextFieldCell"; title = "Exposure"; ObjectID = "519"; */
< "519.title" = "Exposure";
---
> /* Class = "NSTextFieldCell"; title = "노출"; ObjectID = "519"; */
> "519.title" = "노출";
20,21c20,21
< /* Class = "NSTextFieldCell"; title = "Brightness"; ObjectID = "Olc-Kg-HVM"; */
< "Olc-Kg-HVM.title" = "Brightness";
---
> /* Class = "NSTextFieldCell"; title = "명암"; ObjectID = "Olc-Kg-HVM"; */
> "Olc-Kg-HVM.title" = "명암";
23,24c23,24
< /* Class = "NSButtonCell"; title = "Profiles"; ObjectID = "S5S-4x-gZj"; */
< "S5S-4x-gZj.title" = "Profiles";
---
> /* Class = "NSButtonCell"; title = "프로파일"; ObjectID = "S5S-4x-gZj"; */
> "S5S-4x-gZj.title" = "프로파일";
29,30c29,30
< /* Class = "NSTextFieldCell"; title = "Vibrance"; ObjectID = "Z3v-D7-xVW"; */
< "Z3v-D7-xVW.title" = "Vibrance";
---
> /* Class = "NSTextFieldCell"; title = "활기"; ObjectID = "Z3v-D7-xVW"; */
> "Z3v-D7-xVW.title" = "활기";
32,33c32,33
< /* Class = "NSTextFieldCell"; title = "Saturation"; ObjectID = "adM-kp-T68"; */
< "adM-kp-T68.title" = "Saturation";
---
> /* Class = "NSTextFieldCell"; title = "채도"; ObjectID = "adM-kp-T68"; */
> "adM-kp-T68.title" = "채도";
35,36c35,36
< /* Class = "NSTextFieldCell"; title = "Clarity"; ObjectID = "dtH-FW-xBt"; */
< "dtH-FW-xBt.title" = "Clarity";
---
> /* Class = "NSTextFieldCell"; title = "명쾌"; ObjectID = "dtH-FW-xBt"; */
> "dtH-FW-xBt.title" = "명쾌";
38,39c38,39
< /* Class = "NSTextFieldCell"; title = "Temperature"; ObjectID = "gvs-8F-iJJ"; */
< "gvs-8F-iJJ.title" = "Temperature";
---
> /* Class = "NSTextFieldCell"; title = "온도"; ObjectID = "gvs-8F-iJJ"; */
> "gvs-8F-iJJ.title" = "온도";
41,42c41,42
< /* Class = "NSButtonCell"; title = "White Balance"; ObjectID = "hRc-ek-dPD"; */
< "hRc-ek-dPD.title" = "White Balance";
---
> /* Class = "NSButtonCell"; title = "화이트 밸런스"; ObjectID = "hRc-ek-dPD"; */
> "hRc-ek-dPD.title" = "화이트 밸런스";
44,45c44,45
< /* Class = "NSTextFieldCell"; title = "Shadows"; ObjectID = "lOh-fh-6cu"; */
< "lOh-fh-6cu.title" = "Shadows";
---
> /* Class = "NSTextFieldCell"; title = "그림자"; ObjectID = "lOh-fh-6cu"; */
> "lOh-fh-6cu.title" = "그림자";
47,48c47,48
< /* Class = "NSTextFieldCell"; title = "Tint"; ObjectID = "qOl-tL-vQE"; */
< "qOl-tL-vQE.title" = "Tint";
---
> /* Class = "NSTextFieldCell"; title = "틴트"; ObjectID = "qOl-tL-vQE"; */
> "qOl-tL-vQE.title" = "틴트";
50,51c50,51
< /* Class = "NSTextFieldCell"; title = "Output Profile"; ObjectID = "zwK-yd-CNW"; */
< "zwK-yd-CNW.title" = "Output Profile";
---
> /* Class = "NSTextFieldCell"; title = "프로파일 출력"; ObjectID = "zwK-yd-CNW"; */
> "zwK-yd-CNW.title" = "프로파일 출력";
