2,15c2,14
< 12c12
< 15c15
< 18c18
< 21c21
< 24c24
< 27c27
< 33c33
< 36c36
< 39c39
< 3c3
< 42c42
< 45c45
< 6c6
< 9c9
---
> 11,12c11,12
> 14,15c14,15
> 17,18c17,18
> 2,3c2,3
> 20,21c20,21
> 23,24c23,24
> 32,33c32,33
> 35,36c35,36
> 38,39c38,39
> 41,42c41,42
> 44,45c44,45
> 5,6c5,6
> 8,9c8,9
24d22
< < "ZfZ-gD-SnA.title" = "Hyperfocal";
30,43c28,66
< > "17Y-9k-NuI.title" = "長さ";
< > "6CY-jT-OT5.title" = "該当なし";
< > "6vj-IW-EwY.title" = "該当なし";
< > "7gH-a0-T0X.title" = "ポイント";
< > "COy-mg-VHE.title" = "ビーム";
< > "EcT-6p-OPo.title" = "該当なし";
< > "GCp-lC-5IQ.title" = "該当なし";
< > "NZP-VF-O8l.title" = "AF領域を表示";
< > "ZfZ-gD-SnA.title" = "過焦点";
< > "kA5-Ix-eEr.title" = "該当なし";
< > "ofD-ZR-zsO.title" = "該当なし";
< > "tKT-w1-hxF.title" = "有効";
< > "wDd-Ia-yoS.title" = "モード";
< > "x9H-ml-rMQ.title" = "該当なし";
---
> > "17Y-9k-NuI.title" = "길이";
> > "6CY-jT-OT5.title" = "없음";
> > "6vj-IW-EwY.title" = "없음";
> > "7gH-a0-T0X.title" = "포인트";
> > "COy-mg-VHE.title" = "빔";
> > "EcT-6p-OPo.title" = "없음";
> > "GCp-lC-5IQ.title" = "없음";
> > "NZP-VF-O8l.title" = "AF 영역 보기";
> > "kA5-Ix-eEr.title" = "없음";
> > "ofD-ZR-zsO.title" = "없음";
> > "tKT-w1-hxF.title" = "유효";
> > "wDd-Ia-yoS.title" = "모드";
> > "x9H-ml-rMQ.title" = "없음";
