3c3
< "2nX-Ph-oze.title" = "Magenta";
---
> "2nX-Ph-oze.title" = "マゼンタ";
6c6
< "9f4-qB-aiR.title" = "Curves";
---
> "9f4-qB-aiR.title" = "カーブ";
9c9
< "AoY-10-A05.title" = "Black & White";
---
> "AoY-10-A05.title" = "白黒";
12c12
< "HRe-Gi-Or9.title" = "Master";
---
> "HRe-Gi-Or9.title" = "マスター";
15c15
< "Lrh-Xq-XqK.title" = "Red";
---
> "Lrh-Xq-XqK.title" = "赤";
18c18
< "OCe-je-DNi.title" = "Cyan";
---
> "OCe-je-DNi.title" = "シアン";
21c21
< "R01-bB-qgC.title" = "Highlights Hue";
---
> "R01-bB-qgC.title" = "ハイライトの色相";
24c24
< "TUf-RL-nig.title" = "Blue";
---
> "TUf-RL-nig.title" = "青";
27c27
< "ZeW-MH-0Y1.title" = "Blue";
---
> "ZeW-MH-0Y1.title" = "青";
30c30
< "dZn-CS-tyC.title" = "Green";
---
> "dZn-CS-tyC.title" = "緑";
36c36
< "g6x-fB-GLo.title" = "Split Toning";
---
> "g6x-fB-GLo.title" = "明暗別色補正";
39c39
< "h7e-9Y-IXx.title" = "Yellow";
---
> "h7e-9Y-IXx.title" = "黄";
42c42
< "m4b-Tg-gL1.title" = "Green";
---
> "m4b-Tg-gL1.title" = "緑";
45c45
< "mBa-Jz-oTS.title" = "Red";
---
> "mBa-Jz-oTS.title" = "赤";
48c48
< "mu3-Az-njm.title" = "Highlights Saturation";
---
> "mu3-Az-njm.title" = "ハイライトの彩度";
51c51
< "ufO-Ad-0xM.title" = "Shadows Hue";
---
> "ufO-Ad-0xM.title" = "シャドウの色相";
54c54
< "w1I-Qf-1Nc.title" = "Balance";
---
> "w1I-Qf-1Nc.title" = "バランス";
57c57
< "ycP-XT-Cne.title" = "Shadows Saturation";
---
> "ycP-XT-Cne.title" = "シャドウの彩度";
