1c1,2
< 3c3
---
> 2,3c2,3
> < /* Class = "NSTextFieldCell"; title = "Threshold"; ObjectID = "5mC-lq-o1J"; */
4,13c5,8
< > "5mC-lq-o1J.title" = "しきい値";
< 6c6
< < "6Fc-w7-lMm.title" = "Also Remove Complementary Hue";
< ---
< > "6Fc-w7-lMm.title" = "補色色相も削除";
< 9c9
< < "88J-co-q92.title" = "Intensity";
< ---
< > "88J-co-q92.title" = "強度";
< 12c12
---
> > /* Class = "NSTextFieldCell"; title = "역치"; ObjectID = "5mC-lq-o1J"; */
> > "5mC-lq-o1J.title" = "역치";
> 11,12c11,12
> < /* Class = "NSTextFieldCell"; title = "Vertical"; ObjectID = "Gwd-gd-Qn8"; */
16,17c11,14
< > "Gwd-gd-Qn8.title" = "垂直";
< 15c15
---
> > /* Class = "NSTextFieldCell"; title = "세로"; ObjectID = "Gwd-gd-Qn8"; */
> > "Gwd-gd-Qn8.title" = "세로";
> 14,15c14,15
> < /* Class = "NSTextFieldCell"; title = "Scale"; ObjectID = "MVJ-Po-Pp9"; */
20,21c17,20
< > "MVJ-Po-Pp9.title" = "スケール";
< 18c18
---
> > /* Class = "NSTextFieldCell"; title = "배율"; ObjectID = "MVJ-Po-Pp9"; */
> > "MVJ-Po-Pp9.title" = "배율";
> 17,18c17,18
> < /* Class = "NSTextFieldCell"; title = "Hue"; ObjectID = "NKq-JJ-1dl"; */
24,33c23,26
< > "NKq-JJ-1dl.title" = "色相";
< 21c21
< < "R7e-kG-iDO.title" = "Lens Correction";
< ---
< > "R7e-kG-iDO.title" = "レンズ補正";
< 24c24
< < "Sed-lL-DpD.title" = "Defringe";
< ---
< > "Sed-lL-DpD.title" = "フリンジ除去";
< 27c27
---
> > /* Class = "NSTextFieldCell"; title = "색채"; ObjectID = "NKq-JJ-1dl"; */
> > "NKq-JJ-1dl.title" = "색채";
> 26,27c26,27
> < /* Class = "NSTextFieldCell"; title = "Tolerance"; ObjectID = "UHM-FU-I4n"; */
36,37c29,32
< > "UHM-FU-I4n.title" = "許容量";
< 30c30
---
> > /* Class = "NSTextFieldCell"; title = "허용량"; ObjectID = "UHM-FU-I4n"; */
> > "UHM-FU-I4n.title" = "허용량";
> 29,30c29,30
> < /* Class = "NSTextFieldCell"; title = "Scale"; ObjectID = "VMz-N0-RMB"; */
40,41c35,38
< > "VMz-N0-RMB.title" = "スケール";
< 36c36
---
> > /* Class = "NSTextFieldCell"; title = "배율"; ObjectID = "VMz-N0-RMB"; */
> > "VMz-N0-RMB.title" = "배율";
> 35,36c35,36
> < /* Class = "NSTextFieldCell"; title = "Lens Profile"; ObjectID = "WzT-xo-0Mi"; */
44,45c41,44
< > "WzT-xo-0Mi.title" = "レンズプロファイル";
< 39c39
---
> > /* Class = "NSTextFieldCell"; title = "렌즈 프로파일"; ObjectID = "WzT-xo-0Mi"; */
> > "WzT-xo-0Mi.title" = "렌즈 프로파일";
> 38,39c38,39
> < /* Class = "NSTextFieldCell"; title = "Hardness"; ObjectID = "djo-uP-ATF"; */
48,65c47,50
< > "djo-uP-ATF.title" = "硬さ";
< 42c42
< < "fqD-UC-yuI.title" = "Estimate From Image";
< ---
< > "fqD-UC-yuI.title" = "画像から推定";
< 45c45
< < "jhQ-AS-c6L.title" = "Chromatic Aberration Reduction";
< ---
< > "jhQ-AS-c6L.title" = "色収差の軽減";
< 48c48
< < "kQe-AG-lwm.title" = "Use Lens Profile";
< ---
< > "kQe-AG-lwm.title" = "レンズプロファイルの使用";
< 51c51
< < "kk4-rh-pIH.title" = "Use Lens Profile";
< ---
< > "kk4-rh-pIH.title" = "レンズプロファイルの使用";
< 54c54
---
> > /* Class = "NSTextFieldCell"; title = "굳기"; ObjectID = "djo-uP-ATF"; */
> > "djo-uP-ATF.title" = "굳기";
> 53,54c53,54
> < /* Class = "NSTextFieldCell"; title = "Horizontal"; ObjectID = "lhg-oq-4R3"; */
68,69c53,56
< > "lhg-oq-4R3.title" = "水平";
< 57c57
---
> > /* Class = "NSTextFieldCell"; title = "가로"; ObjectID = "lhg-oq-4R3"; */
> > "lhg-oq-4R3.title" = "가로";
> 56,57c56,57
> < /* Class = "NSTextFieldCell"; title = "Radius"; ObjectID = "mi6-f5-tFY"; */
72,73c59,62
< > "mi6-f5-tFY.title" = "半径";
< 63c63
---
> > /* Class = "NSTextFieldCell"; title = "반지름"; ObjectID = "mi6-f5-tFY"; */
> > "mi6-f5-tFY.title" = "반지름";
> 62,63c62,63
> < /* Class = "NSTextFieldCell"; title = "Distortion"; ObjectID = "qsS-xB-big"; */
76,89c65,68
< > "qsS-xB-big.title" = "ゆがみ";
< 66c66
< < "qwR-uQ-oOf.title" = "Remove Lens Vignette";
< ---
< > "qwR-uQ-oOf.title" = "レンズビネットの除去";
< 69c69
< < "s6H-g0-79Z.title" = "Post Crop Vignette";
< ---
< > "s6H-g0-79Z.title" = "切り抜き後のビネット";
< 72c72
< < "sVo-wQ-4Ou.title" = "Estimate From Image";
< ---
< > "sVo-wQ-4Ou.title" = "画像から推定";
< 75c75
---
> > /* Class = "NSTextFieldCell"; title = "왜곡"; ObjectID = "qsS-xB-big"; */
> > "qsS-xB-big.title" = "왜곡";
> 74,75c74,75
> < /* Class = "NSTextFieldCell"; title = "Rotation"; ObjectID = "soV-EI-pGv"; */
92,96c71,72
< > "soV-EI-pGv.title" = "回転";
< 78c78
< < "ygT-P8-4rM.title" = "Intensity";
< ---
< > "ygT-P8-4rM.title" = "強度";
---
> > /* Class = "NSTextFieldCell"; title = "회전"; ObjectID = "soV-EI-pGv"; */
> > "soV-EI-pGv.title" = "회전";
