5,6c5,6
< /* Class = "NSTextFieldCell"; title = "Radius"; ObjectID = "12"; */
< "12.title" = "Radius";
---
> /* Class = "NSTextFieldCell"; title = "반지름"; ObjectID = "12"; */
> "12.title" = "반지름";
8,9c8,9
< /* Class = "NSButtonCell"; title = "Apply"; ObjectID = "26"; */
< "26.title" = "Apply";
---
> /* Class = "NSButtonCell"; title = "적용"; ObjectID = "26"; */
> "26.title" = "적용";
14,15c14,15
< /* Class = "NSTextFieldCell"; title = "Opacity"; ObjectID = "230"; */
< "230.title" = "Opacity";
---
> /* Class = "NSTextFieldCell"; title = "불투명도"; ObjectID = "230"; */
> "230.title" = "불투명도";
17,18c17,18
< /* Class = "NSTextFieldCell"; title = "Threshold"; ObjectID = "234"; */
< "234.title" = "Threshold";
---
> /* Class = "NSTextFieldCell"; title = "역치"; ObjectID = "234"; */
> "234.title" = "역치";
20,21c20,21
< /* Class = "NSButtonCell"; title = "Cancel"; ObjectID = "340"; */
< "340.title" = "Cancel";
---
> /* Class = "NSButtonCell"; title = "취소"; ObjectID = "340"; */
> "340.title" = "취소";
23,24c23,24
< /* Class = "NSButton"; ibShadowedToolTip = "Split view"; ObjectID = "Cnu-zW-FwI"; */
< "Cnu-zW-FwI.ibShadowedToolTip" = "Split view";
---
> /* Class = "NSButton"; ibShadowedToolTip = "분할 뷰 모드"; ObjectID = "Cnu-zW-FwI"; */
> "Cnu-zW-FwI.ibShadowedToolTip" = "분할 뷰 모드";
26,27c26,27
< /* Class = "NSButton"; ibShadowedToolTip = "Mirror view"; ObjectID = "dbR-Rt-n6u"; */
< "dbR-Rt-n6u.ibShadowedToolTip" = "Mirror view";
---
> /* Class = "NSButton"; ibShadowedToolTip = "거울 뷰 모드"; ObjectID = "dbR-Rt-n6u"; */
> "dbR-Rt-n6u.ibShadowedToolTip" = "거울 뷰 모드";
29,30c29,30
< /* Class = "NSButton"; ibShadowedToolTip = "No split view"; ObjectID = "saL-bQ-DzL"; */
< "saL-bQ-DzL.ibShadowedToolTip" = "No split view";
---
> /* Class = "NSButton"; ibShadowedToolTip = "분할 뷰 모드 해제"; ObjectID = "saL-bQ-DzL"; */
> "saL-bQ-DzL.ibShadowedToolTip" = "분할 뷰 모드 해제";
