2,8c2,7
< 12c12
< 15c15
< 18c18
< 21c21
< 3c3
< 6c6
< 9c9
---
> 11,12c11,12
> 14,15c14,15
> 17,18c17,18
> 2,3c2,3
> 20,21c20,21
> 5,6c5,6
12d10
< < "88.title" = "Intensity";
16,22c14,31
< > "1.title" = "拡散";
< > "26.title" = "適用";
< > "418.title" = "キャンセル";
< > "88.title" = "強度";
< > "N8T-FF-OqH.ibShadowedToolTip" = "ミラー表示";
< > "Phf-kw-Rdu.ibShadowedToolTip" = "分割表示なし";
< > "tpx-9j-n6H.ibShadowedToolTip" = "分割表示";
---
> < /* Class = "NSButton"; ibShadowedToolTip = "Mirror view"; ObjectID = "N8T-FF-OqH"; */
> < /* Class = "NSButton"; ibShadowedToolTip = "No split view"; ObjectID = "Phf-kw-Rdu"; */
> < /* Class = "NSButton"; ibShadowedToolTip = "Split view"; ObjectID = "tpx-9j-n6H"; */
> < /* Class = "NSButtonCell"; title = "Apply"; ObjectID = "26"; */
> < /* Class = "NSButtonCell"; title = "Cancel"; ObjectID = "418"; */
> < /* Class = "NSWindow"; title = "Diffuse"; ObjectID = "1"; */
> > "1.title" = "확산";
> > "26.title" = "적용";
> > "418.title" = "취소";
> > "N8T-FF-OqH.ibShadowedToolTip" = "거울 보기";
> > "Phf-kw-Rdu.ibShadowedToolTip" = "분할 보기 해제";
> > "tpx-9j-n6H.ibShadowedToolTip" = "분할 보기";
> > /* Class = "NSButton"; ibShadowedToolTip = "분할 보기 해제"; ObjectID = "Phf-kw-Rdu"; */
> > /* Class = "NSButton"; ibShadowedToolTip = "거울 보기"; ObjectID = "N8T-FF-OqH"; */
> > /* Class = "NSButton"; ibShadowedToolTip = "분할 보기"; ObjectID = "tpx-9j-n6H"; */
> > /* Class = "NSButtonCell"; title = "적용"; ObjectID = "26"; */
> > /* Class = "NSButtonCell"; title = "취소"; ObjectID = "418"; */
> > /* Class = "NSWindow"; title = "확산"; ObjectID = "1"; */
