3c3
< "1.title" = "Diffuse Glow";
---
> "1.title" = "光彩拡散";
6c6
< "12.title" = "Radius";
---
> "12.title" = "半径";
9c9
< "26.title" = "Apply";
---
> "26.title" = "適用";
12c12
< "213.title" = "Intensity";
---
> "213.title" = "強度";
15c15
< "230.title" = "Opacity";
---
> "230.title" = "不透明度";
18c18
< "234.title" = "Threshold";
---
> "234.title" = "しきい値";
21c21
< "340.title" = "Cancel";
---
> "340.title" = "キャンセル";
24c24
< "Cnu-zW-FwI.ibShadowedToolTip" = "Split view";
---
> "Cnu-zW-FwI.ibShadowedToolTip" = "分割表示";
27c27
< "dbR-Rt-n6u.ibShadowedToolTip" = "Mirror view";
---
> "dbR-Rt-n6u.ibShadowedToolTip" = "ミラー表示";
30c30
< "saL-bQ-DzL.ibShadowedToolTip" = "No split view";
---
> "saL-bQ-DzL.ibShadowedToolTip" = "分割表示なし";
