1,5c1,2
< 3c3
< < "1.title" = "Diffuse Glow";
< ---
< > "1.title" = "光彩拡散";
< 6c6
---
> 5,6c5,6
> < /* Class = "NSTextFieldCell"; title = "Radius"; ObjectID = "12"; */
8,9c5,8
< > "12.title" = "半径";
< 9c9
---
> > /* Class = "NSTextFieldCell"; title = "반지름"; ObjectID = "12"; */
> > "12.title" = "반지름";
> 8,9c8,9
> < /* Class = "NSButtonCell"; title = "Apply"; ObjectID = "26"; */
12,17c11,14
< > "26.title" = "適用";
< 12c12
< < "213.title" = "Intensity";
< ---
< > "213.title" = "強度";
< 15c15
---
> > /* Class = "NSButtonCell"; title = "적용"; ObjectID = "26"; */
> > "26.title" = "적용";
> 14,15c14,15
> < /* Class = "NSTextFieldCell"; title = "Opacity"; ObjectID = "230"; */
20,21c17,20
< > "230.title" = "不透明度";
< 18c18
---
> > /* Class = "NSTextFieldCell"; title = "불투명도"; ObjectID = "230"; */
> > "230.title" = "불투명도";
> 17,18c17,18
> < /* Class = "NSTextFieldCell"; title = "Threshold"; ObjectID = "234"; */
24,25c23,26
< > "234.title" = "しきい値";
< 21c21
---
> > /* Class = "NSTextFieldCell"; title = "역치"; ObjectID = "234"; */
> > "234.title" = "역치";
> 20,21c20,21
> < /* Class = "NSButtonCell"; title = "Cancel"; ObjectID = "340"; */
28,29c29,32
< > "340.title" = "キャンセル";
< 24c24
---
> > /* Class = "NSButtonCell"; title = "취소"; ObjectID = "340"; */
> > "340.title" = "취소";
> 23,24c23,24
> < /* Class = "NSButton"; ibShadowedToolTip = "Split view"; ObjectID = "Cnu-zW-FwI"; */
32,33c35,38
< > "Cnu-zW-FwI.ibShadowedToolTip" = "分割表示";
< 27c27
---
> > /* Class = "NSButton"; ibShadowedToolTip = "분할 뷰 모드"; ObjectID = "Cnu-zW-FwI"; */
> > "Cnu-zW-FwI.ibShadowedToolTip" = "분할 뷰 모드";
> 26,27c26,27
> < /* Class = "NSButton"; ibShadowedToolTip = "Mirror view"; ObjectID = "dbR-Rt-n6u"; */
36,37c41,44
< > "dbR-Rt-n6u.ibShadowedToolTip" = "ミラー表示";
< 30c30
---
> > /* Class = "NSButton"; ibShadowedToolTip = "거울 뷰 모드"; ObjectID = "dbR-Rt-n6u"; */
> > "dbR-Rt-n6u.ibShadowedToolTip" = "거울 뷰 모드";
> 29,30c29,30
> < /* Class = "NSButton"; ibShadowedToolTip = "No split view"; ObjectID = "saL-bQ-DzL"; */
40c47,48
< > "saL-bQ-DzL.ibShadowedToolTip" = "分割表示なし";
---
> > /* Class = "NSButton"; ibShadowedToolTip = "분할 뷰 모드 해제"; ObjectID = "saL-bQ-DzL"; */
> > "saL-bQ-DzL.ibShadowedToolTip" = "분할 뷰 모드 해제";
