3c3
< "1.title" = "Diffuse";
---
> "1.title" = "拡散";
6c6
< "26.title" = "Apply";
---
> "26.title" = "適用";
9c9
< "88.title" = "Intensity";
---
> "88.title" = "強度";
12c12
< "418.title" = "Cancel";
---
> "418.title" = "キャンセル";
15c15
< "N8T-FF-OqH.ibShadowedToolTip" = "Mirror view";
---
> "N8T-FF-OqH.ibShadowedToolTip" = "ミラー表示";
18c18
< "Phf-kw-Rdu.ibShadowedToolTip" = "No split view";
---
> "Phf-kw-Rdu.ibShadowedToolTip" = "分割表示なし";
21c21
< "tpx-9j-n6H.ibShadowedToolTip" = "Split view";
---
> "tpx-9j-n6H.ibShadowedToolTip" = "分割表示";
