---
---
---
---
---
---
---
---
---
---
---
---
---
12c12
15c15
18c18
21c21
24c24
27c27
30c30
33c33
36c36
39c39
3c3
6c6
9c9
< "1.title" = "Displace";
< "12.title" = "Strength";
< "226.title" = "Cancel";
< "26.title" = "Apply";
< "308.title" = "Load Map From File";
< "316.title" = "Scale To Fit";
< "327.title" = "Load Map From Layers Beneath";
< "El2-Gg-8E6.title" = "Load Method";
< "Fl0-nZ-ahO.ibShadowedToolTip" = "Split view";
< "JWQ-1h-Np2.title" = "Red/Green offset";
< "n8a-1U-qAq.title" = "Sobel 3x3 intensity offset";
< "qcQ-lD-v4y.ibShadowedToolTip" = "No split view";
< "wCl-n6-vg1.ibShadowedToolTip" = "Mirror view";
> "1.title" = "置き換え";
> "12.title" = "強さ";
> "226.title" = "キャンセル";
> "26.title" = "適用";
> "308.title" = "マップをファイルから読み込み";
> "316.title" = "サイズに合わせてスケーリング";
> "327.title" = "マップを下のレイヤーから読み込み";
> "El2-Gg-8E6.title" = "読み込み方式";
> "Fl0-nZ-ahO.ibShadowedToolTip" = "分割表示";
> "JWQ-1h-Np2.title" = "赤/緑オフセット";
> "n8a-1U-qAq.title" = "Sobel 3x3強度オフセット";
> "qcQ-lD-v4y.ibShadowedToolTip" = "分割表示なし";
> "wCl-n6-vg1.ibShadowedToolTip" = "ミラー表示";
