6,28c6,10
< ---
< ---
< ---
< ---
< ---
< ---
< ---
< ---
< 12c12
< 15c15
< 18c18
< 21c21
< 24c24
< 27c27
< 30c30
< 33c33
< 36c36
< 39c39
< 3c3
< 6c6
< 9c9
< < "1.title" = "Displace";
< < "12.title" = "Strength";
---
> 11,12c11,12
> 26,27c26,27
> 35,36c35,36
> 38,39c38,39
> 8,9c8,9
31,34d12
< < "308.title" = "Load Map From File";
< < "316.title" = "Scale To Fit";
< < "327.title" = "Load Map From Layers Beneath";
< < "El2-Gg-8E6.title" = "Load Method";
36,37d13
< < "JWQ-1h-Np2.title" = "Red/Green offset";
< < "n8a-1U-qAq.title" = "Sobel 3x3 intensity offset";
40,52c16,30
< > "1.title" = "置き換え";
< > "12.title" = "強さ";
< > "226.title" = "キャンセル";
< > "26.title" = "適用";
< > "308.title" = "マップをファイルから読み込み";
< > "316.title" = "サイズに合わせてスケーリング";
< > "327.title" = "マップを下のレイヤーから読み込み";
< > "El2-Gg-8E6.title" = "読み込み方式";
< > "Fl0-nZ-ahO.ibShadowedToolTip" = "分割表示";
< > "JWQ-1h-Np2.title" = "赤/緑オフセット";
< > "n8a-1U-qAq.title" = "Sobel 3x3強度オフセット";
< > "qcQ-lD-v4y.ibShadowedToolTip" = "分割表示なし";
< > "wCl-n6-vg1.ibShadowedToolTip" = "ミラー表示";
---
> < /* Class = "NSButton"; ibShadowedToolTip = "Mirror view"; ObjectID = "wCl-n6-vg1"; */
> < /* Class = "NSButton"; ibShadowedToolTip = "No split view"; ObjectID = "qcQ-lD-v4y"; */
> < /* Class = "NSButton"; ibShadowedToolTip = "Split view"; ObjectID = "Fl0-nZ-ahO"; */
> < /* Class = "NSButtonCell"; title = "Apply"; ObjectID = "26"; */
> < /* Class = "NSButtonCell"; title = "Cancel"; ObjectID = "226"; */
> > "226.title" = "취소";
> > "26.title" = "적용";
> > "Fl0-nZ-ahO.ibShadowedToolTip" = "분할 보기";
> > "qcQ-lD-v4y.ibShadowedToolTip" = "분할 보기 해제";
> > "wCl-n6-vg1.ibShadowedToolTip" = "거울 보기";
> > /* Class = "NSButton"; ibShadowedToolTip = "분할 보기 해제"; ObjectID = "qcQ-lD-v4y"; */
> > /* Class = "NSButton"; ibShadowedToolTip = "분할 보기"; ObjectID = "Fl0-nZ-ahO"; */
> > /* Class = "NSButton"; ibShadowedToolTip = "거울 보기"; ObjectID = "wCl-n6-vg1"; */
> > /* Class = "NSButtonCell"; title = "취소"; ObjectID = "226"; */
> > /* Class = "NSButtonCell"; title = "적용"; ObjectID = "26"; */
