2c2
< /* Class = "NSTextFieldCell"; title = "Colour:"; ObjectID = "0JH-MY-Wpc"; */
---
> /* Class = "NSTextFieldCell"; title = "색상:"; ObjectID = "0JH-MY-Wpc"; */
5,6c5,6
< /* Class = "NSButtonCell"; title = "Button"; ObjectID = "1UO-bj-1Ct"; */
< "1UO-bj-1Ct.title" = "Button";
---
> /* Class = "NSButtonCell"; title = "버튼"; ObjectID = "1UO-bj-1Ct"; */
> "1UO-bj-1Ct.title" = "버튼";
11,12c11,12
< /* Class = "NSTextFieldCell"; title = "Document Units:"; ObjectID = "3Bx-1A-7DX"; */
< "3Bx-1A-7DX.title" = "Document Units:";
---
> /* Class = "NSTextFieldCell"; title = "문서 단위:"; ObjectID = "3Bx-1A-7DX"; */
> "3Bx-1A-7DX.title" = "문서 단위:";
20,21c20,21
< /* Class = "NSTextFieldCell"; title = "Top:"; ObjectID = "5yD-eB-mwR"; */
< "5yD-eB-mwR.title" = "Top:";
---
> /* Class = "NSTextFieldCell"; title = "위쪽:"; ObjectID = "5yD-eB-mwR"; */
> "5yD-eB-mwR.title" = "위쪽:";
41c41
< /* Class = "NSTextFieldCell"; title = "Colour Format:"; ObjectID = "CPZ-gV-lcj"; */
---
> /* Class = "NSTextFieldCell"; title = "색상 포맷"; ObjectID = "CPZ-gV-lcj"; */
68,69c68,69
< /* Class = "NSTextFieldCell"; title = "Left:"; ObjectID = "NmL-8u-DKg"; */
< "NmL-8u-DKg.title" = "Left:";
---
> /* Class = "NSTextFieldCell"; title = "왼쪽:"; ObjectID = "NmL-8u-DKg"; */
> "NmL-8u-DKg.title" = "왼쪽:";
83,84c83,84
< /* Class = "NSButtonCell"; title = "Cancel"; ObjectID = "QbK-of-2ht"; */
< "QbK-of-2ht.title" = "Cancel";
---
> /* Class = "NSButtonCell"; title = "취소"; ObjectID = "QbK-of-2ht"; */
> "QbK-of-2ht.title" = "취소";
86,87c86,87
< /* Class = "NSTextFieldCell"; title = "Right:"; ObjectID = "QxF-N8-EzW"; */
< "QxF-N8-EzW.title" = "Right:";
---
> /* Class = "NSTextFieldCell"; title = "오른쪽:"; ObjectID = "QxF-N8-EzW"; */
> "QxF-N8-EzW.title" = "오른쪽:";
89,90c89,90
< /* Class = "NSTextFieldCell"; title = "Start on:"; ObjectID = "RCb-3h-oZx"; */
< "RCb-3h-oZx.title" = "Start on:";
---
> /* Class = "NSTextFieldCell"; title = "개시:"; ObjectID = "RCb-3h-oZx"; */
> "RCb-3h-oZx.title" = "개시:";
95,96c95,96
< /* Class = "NSMenuItem"; title = "Left"; ObjectID = "Rwr-K9-EZe"; */
< "Rwr-K9-EZe.title" = "Left";
---
> /* Class = "NSMenuItem"; title = "왼쪽"; ObjectID = "Rwr-K9-EZe"; */
> "Rwr-K9-EZe.title" = "왼쪽";
98,99c98,99
< /* Class = "NSTextFieldCell"; title = "'Actual Size' Zoom:"; ObjectID = "TG6-DZ-wQy"; */
< "TG6-DZ-wQy.title" = "'Actual Size' Zoom:";
---
> /* Class = "NSTextFieldCell"; title = "'실제 크기' 맞추기:"; ObjectID = "TG6-DZ-wQy"; */
> "TG6-DZ-wQy.title" = "'실제 크기' 맞추기:";
119,120c119,120
< /* Class = "NSButtonCell"; title = "Transparent background"; ObjectID = "ckv-Og-YCg"; */
< "ckv-Og-YCg.title" = "Transparent background";
---
> /* Class = "NSButtonCell"; title = "투명한 배경"; ObjectID = "ckv-Og-YCg"; */
> "ckv-Og-YCg.title" = "투명한 배경";
128,129c128,129
< /* Class = "NSMenuItem"; title = "Default"; ObjectID = "hCK-bD-iSN"; */
< "hCK-bD-iSN.title" = "Default";
---
> /* Class = "NSMenuItem"; title = "기본값"; ObjectID = "hCK-bD-iSN"; */
> "hCK-bD-iSN.title" = "기본값";
131,132c131,132
< /* Class = "NSTextFieldCell"; title = "Bottom:"; ObjectID = "hM3-57-U7X"; */
< "hM3-57-U7X.title" = "Bottom:";
---
> /* Class = "NSTextFieldCell"; title = "아래쪽"; ObjectID = "hM3-57-U7X"; */
> "hM3-57-U7X.title" = "아래쪽";
134,135c134,135
< /* Class = "NSTabViewItem"; label = "Layout"; ObjectID = "khw-5N-Xyt"; */
< "khw-5N-Xyt.label" = "Layout";
---
> /* Class = "NSTabViewItem"; label = "구조"; ObjectID = "khw-5N-Xyt"; */
> "khw-5N-Xyt.label" = "구조";
137,138c137,138
< /* Class = "NSTabViewItem"; label = "Bleed"; ObjectID = "m8g-i7-Vfm"; */
< "m8g-i7-Vfm.label" = "Bleed";
---
> /* Class = "NSTabViewItem"; label = "도련"; ObjectID = "m8g-i7-Vfm"; */
> "m8g-i7-Vfm.label" = "도련";
140c140
< /* Class = "NSTextFieldCell"; title = "Colour Profile:"; ObjectID = "mqP-St-PnE"; */
---
> /* Class = "NSTextFieldCell"; title = "색상 프로파일:"; ObjectID = "mqP-St-PnE"; */
143c143
< /* Class = "NSTabViewItem"; label = "Colour"; ObjectID = "n5O-5H-Szw"; */
---
> /* Class = "NSTabViewItem"; label = "색상"; ObjectID = "n5O-5H-Szw"; */
161,162c161,162
< /* Class = "NSMenuItem"; title = "Right"; ObjectID = "y41-Pp-Cr8"; */
< "y41-Pp-Cr8.title" = "Right";
---
> /* Class = "NSMenuItem"; title = "오른쪽"; ObjectID = "y41-Pp-Cr8"; */
> "y41-Pp-Cr8.title" = "오른쪽";
