1,25c1,2
< 3c3
< < "0NS-sf-wHL.title" = "Send with history";
< ---
< > "0NS-sf-wHL.title" = "履歴付きで送信";
< 6c6
< < "D1m-Q4-ZR1.title" = "Close after sending";
< ---
< > "D1m-Q4-ZR1.title" = "送信後に閉じる";
< 9c9
< < "DVj-Vn-j3h.title" = "List all apps";
< ---
< > "DVj-Vn-j3h.title" = "すべてのアプリをリスト";
< 12c12
< < "Gn8-d4-7EZ.title" = "Send a copy of this document to:";
< ---
< > "Gn8-d4-7EZ.title" = "このドキュメントのコピーの送信先:";
< 15c15
< < "MrK-s5-CMI.title" = "Table View Cell";
< ---
< > "MrK-s5-CMI.title" = "表ビューセル";
< 18c18
< < "QvC-M9-y7g.title" = "Send Document";
< ---
< > "QvC-M9-y7g.title" = "ドキュメントを送信";
< 21c21
---
> 20,21c20,21
> < /* Class = "NSTextFieldCell"; title = "Text Cell"; ObjectID = "SCf-wZ-vaU"; */
28,29c5,8
< > "SCf-wZ-vaU.title" = "テキストセル";
< 24c24
---
> > /* Class = "NSTextFieldCell"; title = "텍스트 셀"; ObjectID = "SCf-wZ-vaU"; */
> > "SCf-wZ-vaU.title" = "텍스트 셀";
> 23,24c23,24
> < /* Class = "NSButtonCell"; title = "Cancel"; ObjectID = "kD8-bc-YVG"; */
32,36c11,12
< > "kD8-bc-YVG.title" = "キャンセル";
< 27c27
< < "zv2-h3-8YW.title" = "Send";
< ---
< > "zv2-h3-8YW.title" = "送信";
---
> > /* Class = "NSButtonCell"; title = "취소"; ObjectID = "kD8-bc-YVG"; */
> > "kD8-bc-YVG.title" = "취소";
