3c3
< "0NS-sf-wHL.title" = "Send with history";
---
> "0NS-sf-wHL.title" = "履歴付きで送信";
6c6
< "D1m-Q4-ZR1.title" = "Close after sending";
---
> "D1m-Q4-ZR1.title" = "送信後に閉じる";
9c9
< "DVj-Vn-j3h.title" = "List all apps";
---
> "DVj-Vn-j3h.title" = "すべてのアプリをリスト";
12c12
< "Gn8-d4-7EZ.title" = "Send a copy of this document to:";
---
> "Gn8-d4-7EZ.title" = "このドキュメントのコピーの送信先:";
15c15
< "MrK-s5-CMI.title" = "Table View Cell";
---
> "MrK-s5-CMI.title" = "表ビューセル";
18c18
< "QvC-M9-y7g.title" = "Send Document";
---
> "QvC-M9-y7g.title" = "ドキュメントを送信";
21c21
< "SCf-wZ-vaU.title" = "Text Cell";
---
> "SCf-wZ-vaU.title" = "テキストセル";
24c24
< "kD8-bc-YVG.title" = "Cancel";
---
> "kD8-bc-YVG.title" = "キャンセル";
27c27
< "zv2-h3-8YW.title" = "Send";
---
> "zv2-h3-8YW.title" = "送信";
