3c3
< "87G-BP-xQf.title" = "Retrieve Margin from Printer";
---
> "87G-BP-xQf.title" = "プリンターからマージンを取得";
6c6
< "8GO-mA-rHg.title" = "Left:";
---
> "8GO-mA-rHg.title" = "左:";
9c9
< "9qf-5e-Cj2.title" = "Top:";
---
> "9qf-5e-Cj2.title" = "上:";
12c12
< "F0z-JX-Cv5.title" = "Margins";
---
> "F0z-JX-Cv5.title" = "マージン";
15c15
< "IL7-Nb-YGl.title" = "Cancel";
---
> "IL7-Nb-YGl.title" = "キャンセル";
21c21
< "NPX-3H-iKd.title" = "Include Margins";
---
> "NPX-3H-iKd.title" = "マージンを含める";
24c24
< "aMI-lA-mk0.title" = "Right:";
---
> "aMI-lA-mk0.title" = "右:";
27c27
< "mbi-oj-3OE.title" = "Bottom:";
---
> "mbi-oj-3OE.title" = "下:";
