1c1,2
< 3c3
---
> 2,3c2,3
> < /* Class = "NSButtonCell"; title = "Retrieve Margin from Printer"; ObjectID = "87G-BP-xQf"; */
4,5c5,8
< > "87G-BP-xQf.title" = "プリンターからマージンを取得";
< 6c6
---
> > /* Class = "NSButtonCell"; title = "프린터 여백을 이용"; ObjectID = "87G-BP-xQf"; */
> > "87G-BP-xQf.title" = "프린터 여백을 이용";
> 5,6c5,6
> < /* Class = "NSTextFieldCell"; title = "Left:"; ObjectID = "8GO-mA-rHg"; */
8,9c11,14
< > "8GO-mA-rHg.title" = "左:";
< 9c9
---
> > /* Class = "NSTextFieldCell"; title = "왼쪽:"; ObjectID = "8GO-mA-rHg"; */
> > "8GO-mA-rHg.title" = "왼쪽:";
> 8,9c8,9
> < /* Class = "NSTextFieldCell"; title = "Top:"; ObjectID = "9qf-5e-Cj2"; */
12,13c17,20
< > "9qf-5e-Cj2.title" = "上:";
< 12c12
---
> > /* Class = "NSTextFieldCell"; title = "위쪽:"; ObjectID = "9qf-5e-Cj2"; */
> > "9qf-5e-Cj2.title" = "위쪽:";
> 11,12c11,12
> < /* Class = "NSWindow"; title = "Margins"; ObjectID = "F0z-JX-Cv5"; */
16,17c23,26
< > "F0z-JX-Cv5.title" = "マージン";
< 15c15
---
> > /* Class = "NSWindow"; title = "여백"; ObjectID = "F0z-JX-Cv5"; */
> > "F0z-JX-Cv5.title" = "여백";
> 14,15c14,15
> < /* Class = "NSButtonCell"; title = "Cancel"; ObjectID = "IL7-Nb-YGl"; */
20,21c29,32
< > "IL7-Nb-YGl.title" = "キャンセル";
< 21c21
---
> > /* Class = "NSButtonCell"; title = "취소"; ObjectID = "IL7-Nb-YGl"; */
> > "IL7-Nb-YGl.title" = "취소";
> 20,21c20,21
> < /* Class = "NSButtonCell"; title = "Include Margins"; ObjectID = "NPX-3H-iKd"; */
24,25c35,38
< > "NPX-3H-iKd.title" = "マージンを含める";
< 24c24
---
> > /* Class = "NSButtonCell"; title = "여백 포함"; ObjectID = "NPX-3H-iKd"; */
> > "NPX-3H-iKd.title" = "여백 포함";
> 23,24c23,24
> < /* Class = "NSTextFieldCell"; title = "Right:"; ObjectID = "aMI-lA-mk0"; */
28,29c41,44
< > "aMI-lA-mk0.title" = "右:";
< 27c27
---
> > /* Class = "NSTextFieldCell"; title = "오른쪽:"; ObjectID = "aMI-lA-mk0"; */
> > "aMI-lA-mk0.title" = "오른쪽:";
> 26,27c26,27
> < /* Class = "NSTextFieldCell"; title = "Bottom:"; ObjectID = "mbi-oj-3OE"; */
32c47,48
< > "mbi-oj-3OE.title" = "下:";
---
> > /* Class = "NSTextFieldCell"; title = "아래쪽"; ObjectID = "mbi-oj-3OE"; */
> > "mbi-oj-3OE.title" = "아래쪽";
