1,2c1,2
< 3c3
< < "0JH-MY-Wpc.title" = "Color:";
---
> 2c2
> < /* Class = "NSTextFieldCell"; title = "Colour:"; ObjectID = "0JH-MY-Wpc"; */
4,5c4,6
< > "0JH-MY-Wpc.title" = "カラー:";
< 6c6
---
> > /* Class = "NSTextFieldCell"; title = "색상:"; ObjectID = "0JH-MY-Wpc"; */
> 5,6c5,6
> < /* Class = "NSButtonCell"; title = "Button"; ObjectID = "1UO-bj-1Ct"; */
8,9c9,12
< > "1UO-bj-1Ct.title" = "ボタン";
< 12c12
---
> > /* Class = "NSButtonCell"; title = "버튼"; ObjectID = "1UO-bj-1Ct"; */
> > "1UO-bj-1Ct.title" = "버튼";
> 11,12c11,12
> < /* Class = "NSTextFieldCell"; title = "Document Units:"; ObjectID = "3Bx-1A-7DX"; */
12,17c15,18
< > "3Bx-1A-7DX.title" = "ドキュメント単位:";
< 15c15
< < "3Ia-w8-evj.title" = "Gray/8";
< ---
< > "3Ia-w8-evj.title" = "グレー/8";
< 21c21
---
> > /* Class = "NSTextFieldCell"; title = "문서 단위:"; ObjectID = "3Bx-1A-7DX"; */
> > "3Bx-1A-7DX.title" = "문서 단위:";
> 20,21c20,21
> < /* Class = "NSTextFieldCell"; title = "Top:"; ObjectID = "5yD-eB-mwR"; */
20,22c21,24
< > "5yD-eB-mwR.title" = "上:";
< 24c24
< < "6bH-f5-6JO.title" = "Vertically";
---
> > /* Class = "NSTextFieldCell"; title = "위쪽:"; ObjectID = "5yD-eB-mwR"; */
> > "5yD-eB-mwR.title" = "위쪽:";
> 41c41
> < /* Class = "NSTextFieldCell"; title = "Colour Format:"; ObjectID = "CPZ-gV-lcj"; */
24,57c26,28
< > "6bH-f5-6JO.title" = "垂直方向";
< 30c30
< < "8as-9P-5g7.title" = "Item 3";
< ---
< > "8as-9P-5g7.title" = "アイテム3";
< 36c36
< < "9gY-Pj-GuJ.title" = "Prefer Embedded";
< ---
< > "9gY-Pj-GuJ.title" = "埋め込みを優先";
< 39c39
< < "Afb-TN-TK6.title" = "Item 1";
< ---
< > "Afb-TN-TK6.title" = "アイテム1";
< 42c42
< < "CPZ-gV-lcj.title" = "Color Format:";
< ---
< > "CPZ-gV-lcj.title" = "カラーフォーマット:";
< 45c45
< < "F0z-JX-Cv5.title" = "Document Setup";
< ---
< > "F0z-JX-Cv5.title" = "ドキュメント設定";
< 48c48
< < "FwX-1B-jTC.title" = "Arrange:";
< ---
< > "FwX-1B-jTC.title" = "配置:";
< 54c54
< < "Ho3-hS-NCa.title" = "Image Placement Policy:";
< ---
< > "Ho3-hS-NCa.title" = "画像配置ポリシー:";
< 66c66
< < "LVV-Vn-DPx.title" = "Gray/16";
< ---
< > "LVV-Vn-DPx.title" = "グレー/16";
< 69c69
---
> > /* Class = "NSTextFieldCell"; title = "색상 포맷"; ObjectID = "CPZ-gV-lcj"; */
> 68,69c68,69
> < /* Class = "NSTextFieldCell"; title = "Left:"; ObjectID = "NmL-8u-DKg"; */
60,61c31,34
< > "NmL-8u-DKg.title" = "左:";
< 84c84
---
> > /* Class = "NSTextFieldCell"; title = "왼쪽:"; ObjectID = "NmL-8u-DKg"; */
> > "NmL-8u-DKg.title" = "왼쪽:";
> 83,84c83,84
> < /* Class = "NSButtonCell"; title = "Cancel"; ObjectID = "QbK-of-2ht"; */
64,65c37,40
< > "QbK-of-2ht.title" = "キャンセル";
< 87c87
---
> > /* Class = "NSButtonCell"; title = "취소"; ObjectID = "QbK-of-2ht"; */
> > "QbK-of-2ht.title" = "취소";
> 86,87c86,87
> < /* Class = "NSTextFieldCell"; title = "Right:"; ObjectID = "QxF-N8-EzW"; */
68,69c43,46
< > "QxF-N8-EzW.title" = "右:";
< 90c90
---
> > /* Class = "NSTextFieldCell"; title = "오른쪽:"; ObjectID = "QxF-N8-EzW"; */
> > "QxF-N8-EzW.title" = "오른쪽:";
> 89,90c89,90
> < /* Class = "NSTextFieldCell"; title = "Start on:"; ObjectID = "RCb-3h-oZx"; */
72,77c49,52
< > "RCb-3h-oZx.title" = "開始:";
< 93c93
< < "Rr4-iF-uQ4.title" = "Horizontally";
< ---
< > "Rr4-iF-uQ4.title" = "水平方向";
< 96c96
---
> > /* Class = "NSTextFieldCell"; title = "개시:"; ObjectID = "RCb-3h-oZx"; */
> > "RCb-3h-oZx.title" = "개시:";
> 95,96c95,96
> < /* Class = "NSMenuItem"; title = "Left"; ObjectID = "Rwr-K9-EZe"; */
80,81c55,58
< > "Rwr-K9-EZe.title" = "左";
< 99c99
---
> > /* Class = "NSMenuItem"; title = "왼쪽"; ObjectID = "Rwr-K9-EZe"; */
> > "Rwr-K9-EZe.title" = "왼쪽";
> 98,99c98,99
> < /* Class = "NSTextFieldCell"; title = "'Actual Size' Zoom:"; ObjectID = "TG6-DZ-wQy"; */
84,89c61,64
< > "TG6-DZ-wQy.title" = "実寸表示:";
< 102c102
< < "TqF-bq-caN.ibShadowedToolTip" = "Set the bleed color";
< ---
< > "TqF-bq-caN.ibShadowedToolTip" = "ブリードカラーを設定";
< 120c120
---
> > /* Class = "NSTextFieldCell"; title = "'실제 크기' 맞추기:"; ObjectID = "TG6-DZ-wQy"; */
> > "TG6-DZ-wQy.title" = "'실제 크기' 맞추기:";
> 119,120c119,120
> < /* Class = "NSButtonCell"; title = "Transparent background"; ObjectID = "ckv-Og-YCg"; */
92,101c67,70
< > "ckv-Og-YCg.title" = "透明な背景";
< 123c123
< < "dY7-gT-8N7.title" = "iPhone, iPad Mini (Retina)";
< ---
< > "dY7-gT-8N7.title" = "iPhone、iPad mini (Retina)";
< 126c126
< < "de7-vU-0Oe.title" = "Facing pages";
< ---
< > "de7-vU-0Oe.title" = "見開きページ";
< 129c129
---
> > /* Class = "NSButtonCell"; title = "투명한 배경"; ObjectID = "ckv-Og-YCg"; */
> > "ckv-Og-YCg.title" = "투명한 배경";
> 128,129c128,129
> < /* Class = "NSMenuItem"; title = "Default"; ObjectID = "hCK-bD-iSN"; */
104,105c73,76
< > "hCK-bD-iSN.title" = "デフォルト";
< 132c132
---
> > /* Class = "NSMenuItem"; title = "기본값"; ObjectID = "hCK-bD-iSN"; */
> > "hCK-bD-iSN.title" = "기본값";
> 131,132c131,132
> < /* Class = "NSTextFieldCell"; title = "Bottom:"; ObjectID = "hM3-57-U7X"; */
108,109c79,82
< > "hM3-57-U7X.title" = "下:";
< 135c135
---
> > /* Class = "NSTextFieldCell"; title = "아래쪽"; ObjectID = "hM3-57-U7X"; */
> > "hM3-57-U7X.title" = "아래쪽";
> 134,135c134,135
> < /* Class = "NSTabViewItem"; label = "Layout"; ObjectID = "khw-5N-Xyt"; */
112,113c85,88
< > "khw-5N-Xyt.label" = "レイアウト";
< 138c138
---
> > /* Class = "NSTabViewItem"; label = "구조"; ObjectID = "khw-5N-Xyt"; */
> > "khw-5N-Xyt.label" = "구조";
> 137,138c137,138
> < /* Class = "NSTabViewItem"; label = "Bleed"; ObjectID = "m8g-i7-Vfm"; */
116,118c91,94
< > "m8g-i7-Vfm.label" = "裁ち落とし";
< 141c141
< < "mqP-St-PnE.title" = "Color Profile:";
---
> > /* Class = "NSTabViewItem"; label = "도련"; ObjectID = "m8g-i7-Vfm"; */
> > "m8g-i7-Vfm.label" = "도련";
> 140c140
> < /* Class = "NSTextFieldCell"; title = "Colour Profile:"; ObjectID = "mqP-St-PnE"; */
120,122c96,98
< > "mqP-St-PnE.title" = "カラープロファイル:";
< 144c144
< < "n5O-5H-Szw.label" = "Color";
---
> > /* Class = "NSTextFieldCell"; title = "색상 프로파일:"; ObjectID = "mqP-St-PnE"; */
> 143c143
> < /* Class = "NSTabViewItem"; label = "Colour"; ObjectID = "n5O-5H-Szw"; */
124,133c100,102
< > "n5O-5H-Szw.label" = "カラー";
< 147c147
< < "o8O-MA-S7F.title" = "Prefer Linked";
< ---
< > "o8O-MA-S7F.title" = "リンクを優先";
< 156c156
< < "rVx-la-rFZ.title" = "Item 2";
< ---
< > "rVx-la-rFZ.title" = "アイテム2";
< 162c162
---
> > /* Class = "NSTabViewItem"; label = "색상"; ObjectID = "n5O-5H-Szw"; */
> 161,162c161,162
> < /* Class = "NSMenuItem"; title = "Right"; ObjectID = "y41-Pp-Cr8"; */
136c105,106
< > "y41-Pp-Cr8.title" = "右";
---
> > /* Class = "NSMenuItem"; title = "오른쪽"; ObjectID = "y41-Pp-Cr8"; */
> > "y41-Pp-Cr8.title" = "오른쪽";
