---
---
---
---
---
---
---
---
---
---
---
---
---
---
---
---
---
---
---
---
---
---
---
---
---
---
---
---
---
---
---
---
---
---
102c102
120c120
123c123
126c126
129c129
12c12
132c132
135c135
138c138
141c141
144c144
147c147
156c156
15c15
162c162
21c21
24c24
30c30
36c36
39c39
3c3
42c42
45c45
48c48
54c54
66c66
69c69
6c6
84c84
87c87
90c90
93c93
96c96
99c99
< "0JH-MY-Wpc.title" = "Color:";
< "1UO-bj-1Ct.title" = "Button";
< "3Bx-1A-7DX.title" = "Document Units:";
< "3Ia-w8-evj.title" = "Gray/8";
< "5yD-eB-mwR.title" = "Top:";
< "6bH-f5-6JO.title" = "Vertically";
< "8as-9P-5g7.title" = "Item 3";
< "9gY-Pj-GuJ.title" = "Prefer Embedded";
< "Afb-TN-TK6.title" = "Item 1";
< "CPZ-gV-lcj.title" = "Color Format:";
< "F0z-JX-Cv5.title" = "Document Setup";
< "FwX-1B-jTC.title" = "Arrange:";
< "Ho3-hS-NCa.title" = "Image Placement Policy:";
< "LVV-Vn-DPx.title" = "Gray/16";
< "NmL-8u-DKg.title" = "Left:";
< "QbK-of-2ht.title" = "Cancel";
< "QxF-N8-EzW.title" = "Right:";
< "RCb-3h-oZx.title" = "Start on:";
< "Rr4-iF-uQ4.title" = "Horizontally";
< "Rwr-K9-EZe.title" = "Left";
< "TG6-DZ-wQy.title" = "'Actual Size' Zoom:";
< "TqF-bq-caN.ibShadowedToolTip" = "Set the bleed color";
< "ckv-Og-YCg.title" = "Transparent background";
< "dY7-gT-8N7.title" = "iPhone, iPad Mini (Retina)";
< "de7-vU-0Oe.title" = "Facing pages";
< "hCK-bD-iSN.title" = "Default";
< "hM3-57-U7X.title" = "Bottom:";
< "khw-5N-Xyt.label" = "Layout";
< "m8g-i7-Vfm.label" = "Bleed";
< "mqP-St-PnE.title" = "Color Profile:";
< "n5O-5H-Szw.label" = "Color";
< "o8O-MA-S7F.title" = "Prefer Linked";
< "rVx-la-rFZ.title" = "Item 2";
< "y41-Pp-Cr8.title" = "Right";
> "0JH-MY-Wpc.title" = "カラー:";
> "1UO-bj-1Ct.title" = "ボタン";
> "3Bx-1A-7DX.title" = "ドキュメント単位:";
> "3Ia-w8-evj.title" = "グレー/8";
> "5yD-eB-mwR.title" = "上:";
> "6bH-f5-6JO.title" = "垂直方向";
> "8as-9P-5g7.title" = "アイテム3";
> "9gY-Pj-GuJ.title" = "埋め込みを優先";
> "Afb-TN-TK6.title" = "アイテム1";
> "CPZ-gV-lcj.title" = "カラーフォーマット:";
> "F0z-JX-Cv5.title" = "ドキュメント設定";
> "FwX-1B-jTC.title" = "配置:";
> "Ho3-hS-NCa.title" = "画像配置ポリシー:";
> "LVV-Vn-DPx.title" = "グレー/16";
> "NmL-8u-DKg.title" = "左:";
> "QbK-of-2ht.title" = "キャンセル";
> "QxF-N8-EzW.title" = "右:";
> "RCb-3h-oZx.title" = "開始:";
> "Rr4-iF-uQ4.title" = "水平方向";
> "Rwr-K9-EZe.title" = "左";
> "TG6-DZ-wQy.title" = "実寸表示:";
> "TqF-bq-caN.ibShadowedToolTip" = "ブリードカラーを設定";
> "ckv-Og-YCg.title" = "透明な背景";
> "dY7-gT-8N7.title" = "iPhone、iPad mini (Retina)";
> "de7-vU-0Oe.title" = "見開きページ";
> "hCK-bD-iSN.title" = "デフォルト";
> "hM3-57-U7X.title" = "下:";
> "khw-5N-Xyt.label" = "レイアウト";
> "m8g-i7-Vfm.label" = "裁ち落とし";
> "mqP-St-PnE.title" = "カラープロファイル:";
> "n5O-5H-Szw.label" = "カラー";
> "o8O-MA-S7F.title" = "リンクを優先";
> "rVx-la-rFZ.title" = "アイテム2";
> "y41-Pp-Cr8.title" = "右";
