---
---
---
---
---
---
---
11,12c11,12
14,15c14,15
17,18c17,18
20,21c20,21
26,27c26,27
5,6c5,6
8,9c8,9
< "12.title" = "Radius";
< "226.title" = "Cancel";
< "26.title" = "Apply";
< "BpR-G2-7yH.ibShadowedToolTip" = "No split view";
< "CAg-Kv-Cbg.title" = "Tolerance";
< "Qxa-CR-UcD.ibShadowedToolTip" = "Split view";
< "mXs-CF-285.ibShadowedToolTip" = "Mirror view";
< /* Class = "NSButton"; ibShadowedToolTip = "Mirror view"; ObjectID = "mXs-CF-285"; */
< /* Class = "NSButton"; ibShadowedToolTip = "No split view"; ObjectID = "BpR-G2-7yH"; */
< /* Class = "NSButton"; ibShadowedToolTip = "Split view"; ObjectID = "Qxa-CR-UcD"; */
< /* Class = "NSButtonCell"; title = "Apply"; ObjectID = "26"; */
< /* Class = "NSButtonCell"; title = "Cancel"; ObjectID = "226"; */
< /* Class = "NSTextFieldCell"; title = "Radius"; ObjectID = "12"; */
< /* Class = "NSTextFieldCell"; title = "Tolerance"; ObjectID = "CAg-Kv-Cbg"; */
> "12.title" = "반지름";
> "226.title" = "취소";
> "26.title" = "적용";
> "BpR-G2-7yH.ibShadowedToolTip" = "분할 뷰 모드 해제";
> "CAg-Kv-Cbg.title" = "허용량";
> "Qxa-CR-UcD.ibShadowedToolTip" = "분할 뷰 모드";
> "mXs-CF-285.ibShadowedToolTip" = "거울 뷰 모드";
> /* Class = "NSButton"; ibShadowedToolTip = "분할 뷰 모드 해제"; ObjectID = "BpR-G2-7yH"; */
> /* Class = "NSButton"; ibShadowedToolTip = "분할 뷰 모드"; ObjectID = "Qxa-CR-UcD"; */
> /* Class = "NSButton"; ibShadowedToolTip = "거울 뷰 모드"; ObjectID = "mXs-CF-285"; */
> /* Class = "NSButtonCell"; title = "취소"; ObjectID = "226"; */
> /* Class = "NSButtonCell"; title = "적용"; ObjectID = "26"; */
> /* Class = "NSTextFieldCell"; title = "반지름"; ObjectID = "12"; */
> /* Class = "NSTextFieldCell"; title = "허용량"; ObjectID = "CAg-Kv-Cbg"; */
