3c3
< "1.title" = "Dust & Scratches";
---
> "1.title" = "ダスト&スクラッチ";
6c6
< "12.title" = "Radius";
---
> "12.title" = "半径";
9c9
< "26.title" = "Apply";
---
> "26.title" = "適用";
12c12
< "226.title" = "Cancel";
---
> "226.title" = "キャンセル";
15c15
< "BpR-G2-7yH.ibShadowedToolTip" = "No split view";
---
> "BpR-G2-7yH.ibShadowedToolTip" = "分割表示なし";
18c18
< "CAg-Kv-Cbg.title" = "Tolerance";
---
> "CAg-Kv-Cbg.title" = "許容量";
21c21
< "Qxa-CR-UcD.ibShadowedToolTip" = "Split view";
---
> "Qxa-CR-UcD.ibShadowedToolTip" = "分割表示";
24c24
< "dn2-U9-BdY.title" = "Channel tolerance";
---
> "dn2-U9-BdY.title" = "チャンネル許容範囲";
27c27
< "mXs-CF-285.ibShadowedToolTip" = "Mirror view";
---
> "mXs-CF-285.ibShadowedToolTip" = "ミラー表示";
