2,11c2,8
< 12c12
< 15c15
< 18c18
< 21c21
< 24c24
< 27c27
< 3c3
< 6c6
< 9c9
< < "1.title" = "Dust & Scratches";
---
> 11,12c11,12
> 14,15c14,15
> 17,18c17,18
> 20,21c20,21
> 26,27c26,27
> 5,6c5,6
> 8,9c8,9
18d14
< < "dn2-U9-BdY.title" = "Channel tolerance";
20,28c16,36
< > "1.title" = "ダスト&スクラッチ";
< > "12.title" = "半径";
< > "226.title" = "キャンセル";
< > "26.title" = "適用";
< > "BpR-G2-7yH.ibShadowedToolTip" = "分割表示なし";
< > "CAg-Kv-Cbg.title" = "許容量";
< > "Qxa-CR-UcD.ibShadowedToolTip" = "分割表示";
< > "dn2-U9-BdY.title" = "チャンネル許容範囲";
< > "mXs-CF-285.ibShadowedToolTip" = "ミラー表示";
---
> > "12.title" = "반지름";
> > "226.title" = "취소";
> > "26.title" = "적용";
> > "BpR-G2-7yH.ibShadowedToolTip" = "분할 보기 해제";
> > "CAg-Kv-Cbg.title" = "허용량";
> > "Qxa-CR-UcD.ibShadowedToolTip" = "분할 보기";
> > "mXs-CF-285.ibShadowedToolTip" = "거울 보기";
