1,5c1,2
< 3c3
< < "5iU-pI-jIR.title" = "Edit Topic";
< ---
< > "5iU-pI-jIR.title" = "トピックの編集";
< 6c6
---
> 5,6c5,6
> < /* Class = "NSButtonCell"; title = "Cancel"; ObjectID = "C1b-Gm-bh9"; */
8,28c5,6
< > "C1b-Gm-bh9.title" = "キャンセル";
< 9c9
< < "DDx-Xc-hZ1.title" = "Sort By:";
< ---
< > "DDx-Xc-hZ1.title" = "次で並べ替え:";
< 12c12
< < "F0z-JX-Cv5.title" = "Edit Topic";
< ---
< > "F0z-JX-Cv5.title" = "トピックの編集";
< 15c15
< < "FiE-r5-uCN.title" = "Parent Topic:";
< ---
< > "FiE-r5-uCN.title" = "親トピック:";
< 21c21
< < "jAr-vo-nnl.title" = "See:";
< ---
< > "jAr-vo-nnl.title" = "参照項目:";
< 24c24
< < "lJQ-FT-8SK.title" = "Topic Name:";
< ---
< > "lJQ-FT-8SK.title" = "トピック名:";
---
> > /* Class = "NSButtonCell"; title = "취소"; ObjectID = "C1b-Gm-bh9"; */
> > "C1b-Gm-bh9.title" = "취소";
