---
---
---
---
---
---
---
12c12
15c15
21c21
24c24
3c3
6c6
9c9
< "5iU-pI-jIR.title" = "Edit Topic";
< "C1b-Gm-bh9.title" = "Cancel";
< "DDx-Xc-hZ1.title" = "Sort By:";
< "F0z-JX-Cv5.title" = "Edit Topic";
< "FiE-r5-uCN.title" = "Parent Topic:";
< "jAr-vo-nnl.title" = "See:";
< "lJQ-FT-8SK.title" = "Topic Name:";
> "5iU-pI-jIR.title" = "トピックの編集";
> "C1b-Gm-bh9.title" = "キャンセル";
> "DDx-Xc-hZ1.title" = "次で並べ替え:";
> "F0z-JX-Cv5.title" = "トピックの編集";
> "FiE-r5-uCN.title" = "親トピック:";
> "jAr-vo-nnl.title" = "参照項目:";
> "lJQ-FT-8SK.title" = "トピック名:";
