49,109c49,96
< ---
< ---
< ---
< ---
< ---
< ---
< 102c102
< 105c105
< 108c108
< 111c111
< 114c114
< 117c117
< 120c120
< 123c123
< 126c126
< 129c129
< 12c12
< 132c132
< 135c135
< 138c138
< 141c141
< 144c144
< 147c147
< 150c150
< 153c153
< 156c156
< 159c159
< 15c15
< 162c162
< 165c165
< 21c21
< 24c24
< 27c27
< 30c30
< 33c33
< 36c36
< 39c39
< 3c3
< 42c42
< 45c45
< 48c48
< 51c51
< 54c54
< 57c57
< 60c60
< 63c63
< 66c66
< 69c69
< 6c6
< 72c72
< 75c75
< 78c78
< 81c81
< 84c84
< 87c87
< 90c90
< 93c93
< 96c96
< 99c99
< 9c9
< < "100.title" = "Color Overlay";
---
> 101,102c101,102
> 104,105c104,105
> 107,108c107,108
> 11,12c11,12
> 113c113
> 116,117c116,117
> 119,120c119,120
> 122,123c122,123
> 125,126c125,126
> 128,129c128,129
> 131,132c131,132
> 134,135c134,135
> 137,138c137,138
> 140,141c140,141
> 143,144c143,144
> 146,147c146,147
> 149,150c149,150
> 14c14
> 152,153c152,153
> 155,156c155,156
> 158,159c158,159
> 161,162c161,162
> 164,165c164,165
> 2,3c2,3
> 20,21c20,21
> 23,24c23,24
> 26,27c26,27
> 29c29
> 38c38
> 41,42c41,42
> 44,45c44,45
> 47,48c47,48
> 5,6c5,6
> 50c50
> 56,57c56,57
> 59,60c59,60
> 62,63c62,63
> 65,66c65,66
> 68,69c68,69
> 71,72c71,72
> 74,75c74,75
> 77,78c77,78
> 8,9c8,9
> 80c80
> 86,87c86,87
> 89,90c89,90
> 95c95
> 98,99c98,99
113,116d99
< < "161.title" = "Color";
< < "165.title" = "Gradient Button";
< < "180.title" = "Gradient Button";
< < "181.title" = "Color";
121,122d103
< < "205.title" = "Color";
< < "206.title" = "Gradient Button";
131,132d111
< < "286.title" = "Color";
< < "287.title" = "Gradient Button";
137,138d115
< < "369.title" = "Gradient Button";
< < "370.title" = "Color";
143,144d119
< < "428.title" = "Gradient Button";
< < "429.title" = "Color";
163,216c138,274
< > "100.title" = "カラーオーバーレイ";
< > "130.title" = "半径";
< > "146.title" = "外側の光彩";
< > "148.title" = "半径";
< > "161.title" = "カラー";
< > "165.title" = "グラデーションボタン";
< > "180.title" = "グラデーションボタン";
< > "181.title" = "カラー";
< > "1H6-yn-E9C.ibShadowedToolTip" = "レイヤーエフェクト";
< > "201.title" = "オフセット";
< > "202.title" = "半径";
< > "204.title" = "外側のシャドウ";
< > "205.title" = "カラー";
< > "206.title" = "グラデーションボタン";
< > "207.title" = "角度";
< > "208.title" = "不透明度";
< > "212.title" = "不透明度";
< > "215.title" = "不透明度";
< > "221.title" = "不透明度";
< > "234.title" = "不透明度";
< > "283.title" = "半径";
< > "285.title" = "内側の光彩";
< > "286.title" = "カラー";
< > "287.title" = "グラデーションボタン";
< > "288.title" = "不透明度";
< > "2Dm-mX-vtu.ibShadowedToolTip" = "レイヤーエフェクト";
< > "30.title" = "半径";
< > "368.title" = "不透明度";
< > "369.title" = "グラデーションボタン";
< > "370.title" = "カラー";
< > "371.title" = "アウトライン";
< > "373.title" = "半径";
< > "426.title" = "不透明度";
< > "427.title" = "角度";
< > "428.title" = "グラデーションボタン";
< > "429.title" = "カラー";
< > "430.title" = "内側のシャドウ";
< > "432.title" = "半径";
< > "433.title" = "オフセット";
< > "499.title" = "オフセットツール";
< > "503.title" = "オフセットツール";
< > "517.title" = "グラデーションオーバーレイ";
< > "519.title" = "不透明度";
< > "6.title" = "ガウスぼかし";
< > "68.title" = "ベベル/エンボス";
< > "70.title" = "半径";
< > "9aJ-JE-4q1.ibShadowedToolTip" = "レイヤーエフェクト";
< > "Ddr-yg-XK5.title" = "アルファの維持";
< > "S9k-Z5-Iqu.ibShadowedToolTip" = "レイヤーエフェクト";
< > "TiS-dU-52M.ibShadowedToolTip" = "レイヤーエフェクト";
< > "Zc6-J4-KKT.ibShadowedToolTip" = "レイヤーエフェクト";
< > "ecr-gU-pA7.ibShadowedToolTip" = "レイヤーエフェクト";
< > "qwD-56-goS.ibShadowedToolTip" = "レイヤーエフェクト";
< > "yBm-Yy-u09.ibShadowedToolTip" = "レイヤーエフェクト";
---
> < /* Class = "NSButton"; ibShadowedToolTip = "Layer Effects"; ObjectID = "1H6-yn-E9C"; */
> < /* Class = "NSButton"; ibShadowedToolTip = "Layer Effects"; ObjectID = "2Dm-mX-vtu"; */
> < /* Class = "NSButton"; ibShadowedToolTip = "Layer Effects"; ObjectID = "9aJ-JE-4q1"; */
> < /* Class = "NSButton"; ibShadowedToolTip = "Layer Effects"; ObjectID = "S9k-Z5-Iqu"; */
> < /* Class = "NSButton"; ibShadowedToolTip = "Layer Effects"; ObjectID = "TiS-dU-52M"; */
> < /* Class = "NSButton"; ibShadowedToolTip = "Layer Effects"; ObjectID = "Zc6-J4-KKT"; */
> < /* Class = "NSButton"; ibShadowedToolTip = "Layer Effects"; ObjectID = "ecr-gU-pA7"; */
> < /* Class = "NSButton"; ibShadowedToolTip = "Layer Effects"; ObjectID = "qwD-56-goS"; */
> < /* Class = "NSButton"; ibShadowedToolTip = "Layer Effects"; ObjectID = "yBm-Yy-u09"; */
> < /* Class = "NSButtonCell"; title = "Bevel / Emboss"; ObjectID = "68"; */
> < /* Class = "NSButtonCell"; title = "Colour Overlay"; ObjectID = "100"; */
> < /* Class = "NSButtonCell"; title = "Gaussian Blur"; ObjectID = "6"; */
> < /* Class = "NSButtonCell"; title = "Gradient Overlay"; ObjectID = "517"; */
> < /* Class = "NSButtonCell"; title = "Inner Glow"; ObjectID = "285"; */
> < /* Class = "NSButtonCell"; title = "Inner Shadow"; ObjectID = "430"; */
> < /* Class = "NSButtonCell"; title = "Offset Tool"; ObjectID = "499"; */
> < /* Class = "NSButtonCell"; title = "Offset Tool"; ObjectID = "503"; */
> < /* Class = "NSButtonCell"; title = "Outer Glow"; ObjectID = "146"; */
> < /* Class = "NSButtonCell"; title = "Outer Shadow"; ObjectID = "204"; */
> < /* Class = "NSButtonCell"; title = "Outline"; ObjectID = "371"; */
> < /* Class = "NSButtonCell"; title = "Preserve alpha"; ObjectID = "Ddr-yg-XK5"; */
> < /* Class = "NSTextFieldCell"; title = "Angle"; ObjectID = "207"; */
> < /* Class = "NSTextFieldCell"; title = "Angle"; ObjectID = "427"; */
> < /* Class = "NSTextFieldCell"; title = "Colour"; ObjectID = "161"; */
> < /* Class = "NSTextFieldCell"; title = "Colour"; ObjectID = "181"; */
> < /* Class = "NSTextFieldCell"; title = "Colour"; ObjectID = "205"; */
> < /* Class = "NSTextFieldCell"; title = "Colour"; ObjectID = "286"; */
> < /* Class = "NSTextFieldCell"; title = "Colour"; ObjectID = "370"; */
> < /* Class = "NSTextFieldCell"; title = "Colour"; ObjectID = "429"; */
> < /* Class = "NSTextFieldCell"; title = "Offset"; ObjectID = "201"; */
> < /* Class = "NSTextFieldCell"; title = "Offset"; ObjectID = "433"; */
> < /* Class = "NSTextFieldCell"; title = "Opacity"; ObjectID = "208"; */
> < /* Class = "NSTextFieldCell"; title = "Opacity"; ObjectID = "212"; */
> < /* Class = "NSTextFieldCell"; title = "Opacity"; ObjectID = "215"; */
> < /* Class = "NSTextFieldCell"; title = "Opacity"; ObjectID = "221"; */
> < /* Class = "NSTextFieldCell"; title = "Opacity"; ObjectID = "234"; */
> < /* Class = "NSTextFieldCell"; title = "Opacity"; ObjectID = "288"; */
> < /* Class = "NSTextFieldCell"; title = "Opacity"; ObjectID = "368"; */
> < /* Class = "NSTextFieldCell"; title = "Opacity"; ObjectID = "426"; */
> < /* Class = "NSTextFieldCell"; title = "Opacity"; ObjectID = "519"; */
> < /* Class = "NSTextFieldCell"; title = "Radius"; ObjectID = "130"; */
> < /* Class = "NSTextFieldCell"; title = "Radius"; ObjectID = "148"; */
> < /* Class = "NSTextFieldCell"; title = "Radius"; ObjectID = "202"; */
> < /* Class = "NSTextFieldCell"; title = "Radius"; ObjectID = "283"; */
> < /* Class = "NSTextFieldCell"; title = "Radius"; ObjectID = "30"; */
> < /* Class = "NSTextFieldCell"; title = "Radius"; ObjectID = "373"; */
> < /* Class = "NSTextFieldCell"; title = "Radius"; ObjectID = "432"; */
> < /* Class = "NSTextFieldCell"; title = "Radius"; ObjectID = "70"; */
> > "130.title" = "반지름";
> > "146.title" = "외부 광채";
> > "148.title" = "반지름";
> > "1H6-yn-E9C.ibShadowedToolTip" = "레이어 효과";
> > "201.title" = "편차";
> > "202.title" = "반지름";
> > "204.title" = "외부 그림자";
> > "207.title" = "각도";
> > "208.title" = "불투명도";
> > "212.title" = "불투명도";
> > "215.title" = "불투명도";
> > "221.title" = "불투명도";
> > "234.title" = "불투명도";
> > "283.title" = "반지름";
> > "285.title" = "내부 광채";
> > "288.title" = "불투명도";
> > "2Dm-mX-vtu.ibShadowedToolTip" = "레이어 효과";
> > "30.title" = "반지름";
> > "368.title" = "불투명도";
> > "371.title" = "외형";
> > "373.title" = "반지름";
> > "426.title" = "불투명도";
> > "427.title" = "각도";
> > "430.title" = "내부 그림자";
> > "432.title" = "반지름";
> > "433.title" = "편차";
> > "499.title" = "편차 도구";
> > "503.title" = "편차 도구";
> > "517.title" = "그레이디언트 오버레이";
> > "519.title" = "불투명도";
> > "6.title" = "가우시안 블러";
> > "68.title" = "음각 / 양각";
> > "70.title" = "반지름";
> > "9aJ-JE-4q1.ibShadowedToolTip" = "레이어 효과";
> > "Ddr-yg-XK5.title" = "알파 유지";
> > "S9k-Z5-Iqu.ibShadowedToolTip" = "레이어 효과";
> > "TiS-dU-52M.ibShadowedToolTip" = "레이어 효과";
> > "Zc6-J4-KKT.ibShadowedToolTip" = "레이어 효과";
> > "ecr-gU-pA7.ibShadowedToolTip" = "레이어 효과";
> > "qwD-56-goS.ibShadowedToolTip" = "레이어 효과";
> > "yBm-Yy-u09.ibShadowedToolTip" = "레이어 효과";
> > /* Class = "NSButton"; ibShadowedToolTip = "레이어 효과"; ObjectID = "1H6-yn-E9C"; */
> > /* Class = "NSButton"; ibShadowedToolTip = "레이어 효과"; ObjectID = "2Dm-mX-vtu"; */
> > /* Class = "NSButton"; ibShadowedToolTip = "레이어 효과"; ObjectID = "9aJ-JE-4q1"; */
> > /* Class = "NSButton"; ibShadowedToolTip = "레이어 효과"; ObjectID = "S9k-Z5-Iqu"; */
> > /* Class = "NSButton"; ibShadowedToolTip = "레이어 효과"; ObjectID = "TiS-dU-52M"; */
> > /* Class = "NSButton"; ibShadowedToolTip = "레이어 효과"; ObjectID = "Zc6-J4-KKT"; */
> > /* Class = "NSButton"; ibShadowedToolTip = "레이어 효과"; ObjectID = "ecr-gU-pA7"; */
> > /* Class = "NSButton"; ibShadowedToolTip = "레이어 효과"; ObjectID = "qwD-56-goS"; */
> > /* Class = "NSButton"; ibShadowedToolTip = "레이어 효과"; ObjectID = "yBm-Yy-u09"; */
> > /* Class = "NSButtonCell"; title = "음각 / 양각"; ObjectID = "68"; */
> > /* Class = "NSButtonCell"; title = "외부 광채"; ObjectID = "146"; */
> > /* Class = "NSButtonCell"; title = "내부 광채"; ObjectID = "285"; */
> > /* Class = "NSButtonCell"; title = "편차 도구"; ObjectID = "499"; */
> > /* Class = "NSButtonCell"; title = "편차 도구"; ObjectID = "503"; */
> > /* Class = "NSButtonCell"; title = "알파 유지"; ObjectID = "Ddr-yg-XK5"; */
> > /* Class = "NSButtonCell"; title = "외부 그림자"; ObjectID = "204"; */
> > /* Class = "NSButtonCell"; title = "내부 그림자"; ObjectID = "430"; */
> > /* Class = "NSButtonCell"; title = "색상 오버레이"; ObjectID = "100"; */
> > /* Class = "NSButtonCell"; title = "외형"; ObjectID = "371"; */
> > /* Class = "NSButtonCell"; title = "가우시안 블러"; ObjectID = "6"; */
> > /* Class = "NSButtonCell"; title = "그레이디언트 오버레이"; ObjectID = "517"; */
> > /* Class = "NSTextFieldCell"; title = "색상"; ObjectID = "161"; */
> > /* Class = "NSTextFieldCell"; title = "색상"; ObjectID = "181"; */
> > /* Class = "NSTextFieldCell"; title = "편차"; ObjectID = "201"; */
> > /* Class = "NSTextFieldCell"; title = "색상"; ObjectID = "205"; */
> > /* Class = "NSTextFieldCell"; title = "각도"; ObjectID = "207"; */
> > /* Class = "NSTextFieldCell"; title = "색상"; ObjectID = "286"; */
> > /* Class = "NSTextFieldCell"; title = "색상"; ObjectID = "370"; */
> > /* Class = "NSTextFieldCell"; title = "각도"; ObjectID = "427"; */
> > /* Class = "NSTextFieldCell"; title = "색상"; ObjectID = "429"; */
> > /* Class = "NSTextFieldCell"; title = "편차"; ObjectID = "433"; */
> > /* Class = "NSTextFieldCell"; title = "반지름"; ObjectID = "130"; */
> > /* Class = "NSTextFieldCell"; title = "반지름"; ObjectID = "148"; */
> > /* Class = "NSTextFieldCell"; title = "반지름"; ObjectID = "202"; */
> > /* Class = "NSTextFieldCell"; title = "반지름"; ObjectID = "283"; */
> > /* Class = "NSTextFieldCell"; title = "반지름"; ObjectID = "30"; */
> > /* Class = "NSTextFieldCell"; title = "반지름"; ObjectID = "373"; */
> > /* Class = "NSTextFieldCell"; title = "반지름"; ObjectID = "432"; */
> > /* Class = "NSTextFieldCell"; title = "반지름"; ObjectID = "70"; */
> > /* Class = "NSTextFieldCell"; title = "불투명도"; ObjectID = "208"; */
> > /* Class = "NSTextFieldCell"; title = "불투명도"; ObjectID = "212"; */
> > /* Class = "NSTextFieldCell"; title = "불투명도"; ObjectID = "215"; */
> > /* Class = "NSTextFieldCell"; title = "불투명도"; ObjectID = "221"; */
> > /* Class = "NSTextFieldCell"; title = "불투명도"; ObjectID = "234"; */
> > /* Class = "NSTextFieldCell"; title = "불투명도"; ObjectID = "288"; */
> > /* Class = "NSTextFieldCell"; title = "불투명도"; ObjectID = "368"; */
> > /* Class = "NSTextFieldCell"; title = "불투명도"; ObjectID = "426"; */
> > /* Class = "NSTextFieldCell"; title = "불투명도"; ObjectID = "519"; */
