2,6c2,6
< 102c102
< 108c108
< 114c114
< 120c120
< 126c126
---
> 101,102c101,102
> 107,108c107,108
> 113,114c113,114
> 119,120c119,120
> 125,126c125,126
8,9c8,10
< 132c132
< 138c138
---
> 131,132c131,132
> 137,138c137,138
> 14,15c14,15
11,56c12,39
< 144c144
< 147c147
< 150c150
< 153c153
< 156c156
< 15c15
< 162c162
< 165c165
< 168c168
< 171c171
< 174c174
< 177c177
< 180c180
< 183c183
< 186c186
< 189c189
< 18c18
< 192c192
< 195c195
< 201c201
< 204c204
< 207c207
< 210c210
< 213c213
< 216c216
< 219c219
< 21c21
< 222c222
< 228c228
< 231c231
< 234c234
< 237c237
< 240c240
< 243c243
< 246c246
< 249c249
< 24c24
< 252c252
< 255c255
< 258c258
< 261c261
< 264c264
< 267c267
< 270c270
< 276c276
< 279c279
---
> 143,144c143,144
> 146,147c146,147
> 149,150c149,150
> 152,153c152,153
> 155,156c155,156
> 161,162c161,162
> 164,165c164,165
> 167,168c167,168
> 17,18c17,18
> 173,174c173,174
> 176,177c176,177
> 188,189c188,189
> 191,192c191,192
> 2,3c2,3
> 20,21c20,21
> 203,204c203,204
> 206,207c206,207
> 212,213c212,213
> 215,216c215,216
> 218,219c218,219
> 221,222c221,222
> 227,228c227,228
> 23,24c23,24
> 245,246c245,246
> 248,249c248,249
> 266,267c266,267
> 275,276c275,276
> 278,279c278,279
58,66c41,49
< 282c282
< 285c285
< 288c288
< 294c294
< 297c297
< 300c300
< 303c303
< 306c306
< 309c309
---
> 281,282c281,282
> 284,285c284,285
> 287,288c287,288
> 293,294c293,294
> 296,297c296,297
> 299,300c299,300
> 302,303c302,303
> 305,306c305,306
> 308,309c308,309
68,75c51,58
< 312c312
< 315c315
< 318c318
< 321c321
< 324c324
< 327c327
< 330c330
< 333c333
---
> 311,312c311,312
> 314,315c314,315
> 317,318c317,318
> 32,33c32,33
> 320,321c320,321
> 323,324c323,324
> 326,327c326,327
> 329,330c329,330
77,97c60,72
< 339c339
< 33c33
< 342c342
< 345c345
< 348c348
< 351c351
< 357c357
< 360c360
< 363c363
< 366c366
< 369c369
< 36c36
< 372c372
< 375c375
< 378c378
< 381c381
< 384c384
< 387c387
< 390c390
< 39c39
< 3c3
---
> 338,339c338,339
> 341,342c341,342
> 344,345c344,345
> 347,348c347,348
> 35,36c35,36
> 356,357c356,357
> 362,363c362,363
> 371,372c371,372
> 374,375c374,375
> 38,39c38,39
> 383,384c383,384
> 386,387c386,387
> 389,390c389,390
99,104c74,80
< 45c45
< 48c48
< 51c51
< 54c54
< 57c57
< 60c60
---
> 44,45c44,45
> 47,48c47,48
> 5,6c5,6
> 50,51c50,51
> 53,54c53,54
> 56,57c56,57
> 59,60c59,60
106,109c82,84
< 66c66
< 69c69
< 6c6
< 72c72
---
> 65,66c65,66
> 68,69c68,69
> 71,72c71,72
111,114c86,89
< 78c78
< 81c81
< 84c84
< 87c87
---
> 77,78c77,78
> 80,81c80,81
> 83,84c83,84
> 86,87c86,87
116,118c91,92
< 93c93
< 96c96
< < "1007.title" = "Highlight:";
---
> 92,93c92,93
> 95,96c95,96
121,122d94
< < "1083.title" = "Fill knocks out shadow";
< < "1091.title" = "Solid color";
125d96
< < "1099.label" = "Solid color";
131,135d101
< < "1154.title" = "Gradient:";
< < "1165.title" = "Scale X:";
< < "1171.title" = "Scale Y:";
< < "1180.title" = "Offset Y:";
< < "1181.title" = "Offset X:";
139,143d104
< < "1242.title" = "Offset Y:";
< < "1243.title" = "Offset X:";
< < "1244.title" = "Scale Y:";
< < "1245.title" = "Scale X:";
< < "1246.title" = "Gradient:";
145d105
< < "1275.title" = "Gradient:";
194d153
< < "7Xc-9F-TTE.title" = "Specular:";
210d168
< < "944.title" = "Pillow";
214,215d171
< < "978.title" = "Azimuth:";
< < "982.title" = "Elevation:";
221d176
< < "JRt-w1-ys5.title" = "Shininess:";
223d177
< < "TfO-jF-PQ8.title" = "Ambient:";
225,226d178
< < "b17-xr-WVH.title" = "Ambient light color:";
< < "bXO-sD-Upv.title" = "Specular color:";
229,230d180
< < "gNU-iI-0DP.title" = "Elevation:";
< < "i6m-A5-rN7.title" = "Azimuth:";
234,349c184,438
< > "1007.title" = "ハイライト:";
< > "1009.title" = "シャドウ:";
< > "1052.title" = "プロファイル:";
< > "1083.title" = "塗りつぶしでシャドウをノックアウト";
< > "1091.title" = "単色";
< > "1092.title" = "輪郭";
< > "1094.title" = "塗りつぶしスタイル:";
< > "1099.label" = "単色";
< > "1100.label" = "グラデーション";
< > "1119.title" = "グラデーション";
< > "1120.ibExternalUserDefinedRuntimeAttributesLocalizableStrings[0]" = "グラデーションオーバーレイ";
< > "1133.title" = "描画モード:";
< > "1149.title" = "不透明度:";
< > "1154.title" = "グラデーション:";
< > "1165.title" = "スケールX:";
< > "1171.title" = "スケールY:";
< > "1180.title" = "オフセットY:";
< > "1181.title" = "オフセットX:";
< > "1188.title" = "角度:";
< > "123.ibExternalUserDefinedRuntimeAttributesLocalizableStrings[0]" = "ベベル/エンボス";
< > "1241.title" = "角度:";
< > "1242.title" = "オフセットY:";
< > "1243.title" = "オフセットX:";
< > "1244.title" = "スケールY:";
< > "1245.title" = "スケールX:";
< > "1246.title" = "グラデーション:";
< > "1257.label" = "輪郭";
< > "1275.title" = "グラデーション:";
< > "130.title" = "半径:";
< > "1318.title" = "円錐形";
< > "1319.title" = "楕円形";
< > "1320.title" = "放射状";
< > "1321.title" = "線形";
< > "1322.title" = "タイプ:";
< > "1330.title" = "線形";
< > "1331.title" = "放射状";
< > "1332.title" = "楕円形";
< > "1333.title" = "円錐形";
< > "1334.title" = "タイプ:";
< > "1344.title" = "強度:";
< > "1352.title" = "強度:";
< > "1356.title" = "強度:";
< > "1360.title" = "強度:";
< > "1378.title" = "プロファイルを削除";
< > "141.ibExternalUserDefinedRuntimeAttributesLocalizableStrings[0]" = "外側の光彩";
< > "148.title" = "半径:";
< > "161.title" = "カラー:";
< > "181.title" = "カラー:";
< > "188.ibExternalUserDefinedRuntimeAttributesLocalizableStrings[0]" = "外側のシャドウ";
< > "2.ibExternalUserDefinedRuntimeAttributesLocalizableStrings[0]" = "ガウスぼかし";
< > "201.title" = "オフセット:";
< > "202.title" = "半径:";
< > "205.title" = "カラー:";
< > "207.title" = "角度:";
< > "208.title" = "不透明度:";
< > "215.title" = "不透明度:";
< > "221.title" = "不透明度:";
< > "274.ibExternalUserDefinedRuntimeAttributesLocalizableStrings[0]" = "内側の光彩";
< > "283.title" = "半径:";
< > "286.title" = "カラー:";
< > "288.title" = "不透明度:";
< > "30.title" = "半径:";
< > "359.ibExternalUserDefinedRuntimeAttributesLocalizableStrings[0]" = "アウトライン";
< > "368.title" = "不透明度:";
< > "370.title" = "カラー:";
< > "373.title" = "半径:";
< > "3Gn-JZ-cns.title" = "拡散:";
< > "411.ibExternalUserDefinedRuntimeAttributesLocalizableStrings[0]" = "内側のシャドウ";
< > "426.title" = "不透明度:";
< > "427.title" = "角度:";
< > "429.title" = "カラー:";
< > "432.title" = "半径:";
< > "433.title" = "オフセット:";
< > "4LO-YN-15L.title" = "半径:";
< > "59C-Bj-tvb.title" = "プロファイル:";
< > "788.title" = "描画モード:";
< > "7Xc-9F-TTE.title" = "スペキュラ:";
< > "812.title" = "描画モード:";
< > "821.title" = "描画モード:";
< > "830.title" = "描画モード:";
< > "839.title" = "描画モード:";
< > "857.title" = "描画モード:";
< > "911.title" = "内側";
< > "912.title" = "中央";
< > "913.title" = "外側";
< > "914.title" = "行揃え:";
< > "924.title" = "深さ:";
< > "930.title" = "ぼかし:";
< > "937.title" = "タイプ:";
< > "941.title" = "内側";
< > "942.title" = "外側";
< > "943.title" = "エンボス";
< > "944.title" = "ピロー";
< > "946.title" = "反転";
< > "954.title" = "向き:";
< > "96.ibExternalUserDefinedRuntimeAttributesLocalizableStrings[0]" = "カラーオーバーレイ";
< > "978.title" = "方位角:";
< > "982.title" = "仰角:";
< > "CbL-g2-7Ll.title" = "カラー:";
< > "DQs-Mg-dcM.title" = "アルファの維持";
< > "ENj-RY-fSm.title" = "削除";
< > "HPN-yv-19f.title" = "追加";
< > "Hu6-F0-5qY.title" = "プロファイルを削除";
< > "JRt-w1-ys5.title" = "光沢:";
< > "Nsh-Uv-K3G.title" = "不透明度:";
< > "TfO-jF-PQ8.title" = "アンビエント:";
< > "WRm-vP-u7z.title" = "光源:";
< > "b17-xr-WVH.title" = "アンビエントライトカラー:";
< > "bXO-sD-Upv.title" = "スペキュラカラー:";
< > "bnU-1x-w36.title" = "深さ:";
< > "ea7-W3-Wzy.title" = "ぼかし:";
< > "gNU-iI-0DP.title" = "仰角:";
< > "i6m-A5-rN7.title" = "方位角:";
< > "o2b-GG-sgp.title" = "オフセットツール";
< > "vD7-Sh-4w6.title" = "オフセットツール";
< > "xpj-Mc-gRZ.title" = "向き:";
---
> > "1009.title" = "그림자:";
> > "1052.title" = "프로파일:";
> > "1092.title" = "등고선";
> > "1094.title" = "칠 스타일:";
> > "1100.label" = "그레이디언트";
> > "1119.title" = "그레이디언트";
> > "1120.ibExternalUserDefinedRuntimeAttributesLocalizableStrings[0]" = "그레이디언트 오버레이";
> > "1133.title" = "혼합 모드:";
> > "1149.title" = "불투명도:";
> > "1188.title" = "각도:";
> > "123.ibExternalUserDefinedRuntimeAttributesLocalizableStrings[0]" = "음각 / 양각";
> > "1241.title" = "각도:";
> > "1257.label" = "등고선";
> > "130.title" = "반지름:";
> > "1318.title" = "원뿔형";
> > "1319.title" = "타원형";
> > "1320.title" = "방사형";
> > "1321.title" = "선형";
> > "1322.title" = "종류:";
> > "1330.title" = "선형";
> > "1331.title" = "방사형";
> > "1332.title" = "타원형";
> > "1333.title" = "원뿔형";
> > "1334.title" = "종류:";
> > "1344.title" = "세기:";
> > "1352.title" = "세기:";
> > "1356.title" = "세기:";
> > "1360.title" = "세기:";
> > "1378.title" = "프로파일 지우기";
> > "141.ibExternalUserDefinedRuntimeAttributesLocalizableStrings[0]" = "외부 광채";
> > "148.title" = "반지름:";
> > "161.title" = "색상:";
> > "181.title" = "색상:";
> > "188.ibExternalUserDefinedRuntimeAttributesLocalizableStrings[0]" = "외부 그림자";
> > "2.ibExternalUserDefinedRuntimeAttributesLocalizableStrings[0]" = "가우시안 블러";
> > "201.title" = "편차:";
> > "202.title" = "반지름:";
> > "205.title" = "색상:";
> > "207.title" = "각도:";
> > "208.title" = "불투명도:";
> > "215.title" = "불투명도:";
> > "221.title" = "불투명도:";
> > "274.ibExternalUserDefinedRuntimeAttributesLocalizableStrings[0]" = "내부 광채";
> > "283.title" = "반지름:";
> > "286.title" = "색상:";
> > "288.title" = "불투명도:";
> > "30.title" = "반지름:";
> > "359.ibExternalUserDefinedRuntimeAttributesLocalizableStrings[0]" = "외형";
> > "368.title" = "불투명도:";
> > "370.title" = "색상:";
> > "373.title" = "반지름:";
> > "3Gn-JZ-cns.title" = "확산:";
> > "411.ibExternalUserDefinedRuntimeAttributesLocalizableStrings[0]" = "내부 그림자";
> > "426.title" = "불투명도:";
> > "427.title" = "각도:";
> > "429.title" = "색상:";
> > "432.title" = "반지름:";
> > "433.title" = "편차:";
> > "4LO-YN-15L.title" = "반지름:";
> > "59C-Bj-tvb.title" = "프로파일:";
> > "788.title" = "혼합 모드:";
> > "812.title" = "혼합 모드:";
> > "821.title" = "혼합 모드:";
> > "830.title" = "혼합 모드:";
> > "839.title" = "혼합 모드:";
> > "857.title" = "혼합 모드:";
> > "911.title" = "안으로";
> > "912.title" = "가운데";
> > "913.title" = "바깥";
> > "914.title" = "정렬:";
> > "924.title" = "깊이:";
> > "930.title" = "부드럽게:";
> > "937.title" = "종류:";
> > "941.title" = "내부";
> > "942.title" = "외부";
> > "943.title" = "양각";
> > "946.title" = "반전";
> > "954.title" = "방향:";
> > "96.ibExternalUserDefinedRuntimeAttributesLocalizableStrings[0]" = "색상 오버레이";
> > "CbL-g2-7Ll.title" = "색상:";
> > "DQs-Mg-dcM.title" = "알파 유지";
> > "ENj-RY-fSm.title" = "지우기";
> > "HPN-yv-19f.title" = "추가";
> > "Hu6-F0-5qY.title" = "프로파일 지우기";
> > "Nsh-Uv-K3G.title" = "불투명도:";
> > "WRm-vP-u7z.title" = "광원:";
> > "bnU-1x-w36.title" = "깊이:";
> > "ea7-W3-Wzy.title" = "부드럽게:";
> > "o2b-GG-sgp.title" = "편차 도구";
> > "vD7-Sh-4w6.title" = "편차 도구";
> > "xpj-Mc-gRZ.title" = "방향:";
