3c3
< "6.title" = "Gaussian Blur";
---
> "6.title" = "ガウスぼかし";
6c6
< "30.title" = "Radius";
---
> "30.title" = "半径";
9c9
< "68.title" = "Bevel / Emboss";
---
> "68.title" = "ベベル/エンボス";
12c12
< "70.title" = "Radius";
---
> "70.title" = "半径";
15c15
< "100.title" = "Color Overlay";
---
> "100.title" = "カラーオーバーレイ";
21c21
< "130.title" = "Radius";
---
> "130.title" = "半径";
24c24
< "146.title" = "Outer Glow";
---
> "146.title" = "外側の光彩";
27c27
< "148.title" = "Radius";
---
> "148.title" = "半径";
30c30
< "161.title" = "Color";
---
> "161.title" = "カラー";
33c33
< "165.title" = "Gradient Button";
---
> "165.title" = "グラデーションボタン";
36c36
< "180.title" = "Gradient Button";
---
> "180.title" = "グラデーションボタン";
39c39
< "181.title" = "Color";
---
> "181.title" = "カラー";
42c42
< "201.title" = "Offset";
---
> "201.title" = "オフセット";
45c45
< "202.title" = "Radius";
---
> "202.title" = "半径";
48c48
< "204.title" = "Outer Shadow";
---
> "204.title" = "外側のシャドウ";
51c51
< "205.title" = "Color";
---
> "205.title" = "カラー";
54c54
< "206.title" = "Gradient Button";
---
> "206.title" = "グラデーションボタン";
57c57
< "207.title" = "Angle";
---
> "207.title" = "角度";
60c60
< "208.title" = "Opacity";
---
> "208.title" = "不透明度";
63c63
< "212.title" = "Opacity";
---
> "212.title" = "不透明度";
66c66
< "215.title" = "Opacity";
---
> "215.title" = "不透明度";
69c69
< "221.title" = "Opacity";
---
> "221.title" = "不透明度";
72c72
< "234.title" = "Opacity";
---
> "234.title" = "不透明度";
75c75
< "283.title" = "Radius";
---
> "283.title" = "半径";
78c78
< "285.title" = "Inner Glow";
---
> "285.title" = "内側の光彩";
81c81
< "286.title" = "Color";
---
> "286.title" = "カラー";
84c84
< "287.title" = "Gradient Button";
---
> "287.title" = "グラデーションボタン";
87c87
< "288.title" = "Opacity";
---
> "288.title" = "不透明度";
90c90
< "368.title" = "Opacity";
---
> "368.title" = "不透明度";
93c93
< "369.title" = "Gradient Button";
---
> "369.title" = "グラデーションボタン";
96c96
< "370.title" = "Color";
---
> "370.title" = "カラー";
99c99
< "371.title" = "Outline";
---
> "371.title" = "アウトライン";
102c102
< "373.title" = "Radius";
---
> "373.title" = "半径";
105c105
< "426.title" = "Opacity";
---
> "426.title" = "不透明度";
108c108
< "427.title" = "Angle";
---
> "427.title" = "角度";
111c111
< "428.title" = "Gradient Button";
---
> "428.title" = "グラデーションボタン";
114c114
< "429.title" = "Color";
---
> "429.title" = "カラー";
117c117
< "430.title" = "Inner Shadow";
---
> "430.title" = "内側のシャドウ";
120c120
< "432.title" = "Radius";
---
> "432.title" = "半径";
123c123
< "433.title" = "Offset";
---
> "433.title" = "オフセット";
126c126
< "499.title" = "Offset Tool";
---
> "499.title" = "オフセットツール";
129c129
< "503.title" = "Offset Tool";
---
> "503.title" = "オフセットツール";
132c132
< "517.title" = "Gradient Overlay";
---
> "517.title" = "グラデーションオーバーレイ";
135c135
< "519.title" = "Opacity";
---
> "519.title" = "不透明度";
138c138
< "1H6-yn-E9C.ibShadowedToolTip" = "Layer Effects";
---
> "1H6-yn-E9C.ibShadowedToolTip" = "レイヤーエフェクト";
141c141
< "2Dm-mX-vtu.ibShadowedToolTip" = "Layer Effects";
---
> "2Dm-mX-vtu.ibShadowedToolTip" = "レイヤーエフェクト";
144c144
< "9aJ-JE-4q1.ibShadowedToolTip" = "Layer Effects";
---
> "9aJ-JE-4q1.ibShadowedToolTip" = "レイヤーエフェクト";
147c147
< "Ddr-yg-XK5.title" = "Preserve alpha";
---
> "Ddr-yg-XK5.title" = "アルファの維持";
150c150
< "S9k-Z5-Iqu.ibShadowedToolTip" = "Layer Effects";
---
> "S9k-Z5-Iqu.ibShadowedToolTip" = "レイヤーエフェクト";
153c153
< "TiS-dU-52M.ibShadowedToolTip" = "Layer Effects";
---
> "TiS-dU-52M.ibShadowedToolTip" = "レイヤーエフェクト";
156c156
< "Zc6-J4-KKT.ibShadowedToolTip" = "Layer Effects";
---
> "Zc6-J4-KKT.ibShadowedToolTip" = "レイヤーエフェクト";
159c159
< "ecr-gU-pA7.ibShadowedToolTip" = "Layer Effects";
---
> "ecr-gU-pA7.ibShadowedToolTip" = "レイヤーエフェクト";
162c162
< "qwD-56-goS.ibShadowedToolTip" = "Layer Effects";
---
> "qwD-56-goS.ibShadowedToolTip" = "レイヤーエフェクト";
165c165
< "yBm-Yy-u09.ibShadowedToolTip" = "Layer Effects";
---
> "yBm-Yy-u09.ibShadowedToolTip" = "レイヤーエフェクト";
