2,3c2,3
< /* Class = "NSView"; 2.ibExternalUserDefinedRuntimeAttributesLocalizableStrings[0] = "Gaussian Blur"; ObjectID = "2"; */
< "2.ibExternalUserDefinedRuntimeAttributesLocalizableStrings[0]" = "Gaussian Blur";
---
> /* Class = "NSView"; 2.ibExternalUserDefinedRuntimeAttributesLocalizableStrings[0] = "가우시안 블러"; ObjectID = "2"; */
> "2.ibExternalUserDefinedRuntimeAttributesLocalizableStrings[0]" = "가우시안 블러";
5,6c5,6
< /* Class = "NSTextFieldCell"; title = "Radius:"; ObjectID = "30"; */
< "30.title" = "Radius:";
---
> /* Class = "NSTextFieldCell"; title = "반지름:"; ObjectID = "30"; */
> "30.title" = "반지름:";
11c11
< /* Class = "NSView"; 96.ibExternalUserDefinedRuntimeAttributesLocalizableStrings[0] = "Colour Overlay"; ObjectID = "96"; */
---
> /* Class = "NSView"; 96.ibExternalUserDefinedRuntimeAttributesLocalizableStrings[0] = "색상 오버레이"; ObjectID = "96"; */
14,15c14,15
< /* Class = "NSView"; 123.ibExternalUserDefinedRuntimeAttributesLocalizableStrings[0] = "Bevel / Emboss"; ObjectID = "123"; */
< "123.ibExternalUserDefinedRuntimeAttributesLocalizableStrings[0]" = "Bevel / Emboss";
---
> /* Class = "NSView"; 123.ibExternalUserDefinedRuntimeAttributesLocalizableStrings[0] = "음각 / 양각"; ObjectID = "123"; */
> "123.ibExternalUserDefinedRuntimeAttributesLocalizableStrings[0]" = "음각 / 양각";
17,18c17,18
< /* Class = "NSTextFieldCell"; title = "Radius:"; ObjectID = "130"; */
< "130.title" = "Radius:";
---
> /* Class = "NSTextFieldCell"; title = "반지름:"; ObjectID = "130"; */
> "130.title" = "반지름:";
20,21c20,21
< /* Class = "NSView"; 141.ibExternalUserDefinedRuntimeAttributesLocalizableStrings[0] = "Outer Glow"; ObjectID = "141"; */
< "141.ibExternalUserDefinedRuntimeAttributesLocalizableStrings[0]" = "Outer Glow";
---
> /* Class = "NSView"; 141.ibExternalUserDefinedRuntimeAttributesLocalizableStrings[0] = "외부 광채"; ObjectID = "141"; */
> "141.ibExternalUserDefinedRuntimeAttributesLocalizableStrings[0]" = "외부 광채";
23,24c23,24
< /* Class = "NSTextFieldCell"; title = "Radius:"; ObjectID = "148"; */
< "148.title" = "Radius:";
---
> /* Class = "NSTextFieldCell"; title = "반지름:"; ObjectID = "148"; */
> "148.title" = "반지름:";
26c26
< /* Class = "NSTextFieldCell"; title = "Colour:"; ObjectID = "161"; */
---
> /* Class = "NSTextFieldCell"; title = "색상:"; ObjectID = "161"; */
29c29
< /* Class = "NSTextFieldCell"; title = "Colour:"; ObjectID = "181"; */
---
> /* Class = "NSTextFieldCell"; title = "색상:"; ObjectID = "181"; */
32,33c32,33
< /* Class = "NSView"; 188.ibExternalUserDefinedRuntimeAttributesLocalizableStrings[0] = "Outer Shadow"; ObjectID = "188"; */
< "188.ibExternalUserDefinedRuntimeAttributesLocalizableStrings[0]" = "Outer Shadow";
---
> /* Class = "NSView"; 188.ibExternalUserDefinedRuntimeAttributesLocalizableStrings[0] = "외부 그림자"; ObjectID = "188"; */
> "188.ibExternalUserDefinedRuntimeAttributesLocalizableStrings[0]" = "외부 그림자";
35,36c35,36
< /* Class = "NSTextFieldCell"; title = "Offset:"; ObjectID = "201"; */
< "201.title" = "Offset:";
---
> /* Class = "NSTextFieldCell"; title = "편차:"; ObjectID = "201"; */
> "201.title" = "편차:";
38,39c38,39
< /* Class = "NSTextFieldCell"; title = "Radius:"; ObjectID = "202"; */
< "202.title" = "Radius:";
---
> /* Class = "NSTextFieldCell"; title = "반지름:"; ObjectID = "202"; */
> "202.title" = "반지름:";
41c41
< /* Class = "NSTextFieldCell"; title = "Colour:"; ObjectID = "205"; */
---
> /* Class = "NSTextFieldCell"; title = "색상:"; ObjectID = "205"; */
44,45c44,45
< /* Class = "NSTextFieldCell"; title = "Angle:"; ObjectID = "207"; */
< "207.title" = "Angle:";
---
> /* Class = "NSTextFieldCell"; title = "각도:"; ObjectID = "207"; */
> "207.title" = "각도:";
47,48c47,48
< /* Class = "NSTextFieldCell"; title = "Opacity:"; ObjectID = "208"; */
< "208.title" = "Opacity:";
---
> /* Class = "NSTextFieldCell"; title = "불투명도:"; ObjectID = "208"; */
> "208.title" = "불투명도:";
50,51c50,51
< /* Class = "NSTextFieldCell"; title = "Opacity:"; ObjectID = "215"; */
< "215.title" = "Opacity:";
---
> /* Class = "NSTextFieldCell"; title = "불투명도:"; ObjectID = "215"; */
> "215.title" = "불투명도:";
53,54c53,54
< /* Class = "NSTextFieldCell"; title = "Opacity:"; ObjectID = "221"; */
< "221.title" = "Opacity:";
---
> /* Class = "NSTextFieldCell"; title = "불투명도:"; ObjectID = "221"; */
> "221.title" = "불투명도:";
56,57c56,57
< /* Class = "NSView"; 274.ibExternalUserDefinedRuntimeAttributesLocalizableStrings[0] = "Inner Glow"; ObjectID = "274"; */
< "274.ibExternalUserDefinedRuntimeAttributesLocalizableStrings[0]" = "Inner Glow";
---
> /* Class = "NSView"; 274.ibExternalUserDefinedRuntimeAttributesLocalizableStrings[0] = "내부 광채"; ObjectID = "274"; */
> "274.ibExternalUserDefinedRuntimeAttributesLocalizableStrings[0]" = "내부 광채";
59,60c59,60
< /* Class = "NSTextFieldCell"; title = "Radius:"; ObjectID = "283"; */
< "283.title" = "Radius:";
---
> /* Class = "NSTextFieldCell"; title = "반지름:"; ObjectID = "283"; */
> "283.title" = "반지름:";
62c62
< /* Class = "NSTextFieldCell"; title = "Colour:"; ObjectID = "286"; */
---
> /* Class = "NSTextFieldCell"; title = "색상:"; ObjectID = "286"; */
65,66c65,66
< /* Class = "NSTextFieldCell"; title = "Opacity:"; ObjectID = "288"; */
< "288.title" = "Opacity:";
---
> /* Class = "NSTextFieldCell"; title = "불투명도:"; ObjectID = "288"; */
> "288.title" = "불투명도:";
68,69c68,69
< /* Class = "NSView"; 359.ibExternalUserDefinedRuntimeAttributesLocalizableStrings[0] = "Outline"; ObjectID = "359"; */
< "359.ibExternalUserDefinedRuntimeAttributesLocalizableStrings[0]" = "Outline";
---
> /* Class = "NSView"; 359.ibExternalUserDefinedRuntimeAttributesLocalizableStrings[0] = "외형"; ObjectID = "359"; */
> "359.ibExternalUserDefinedRuntimeAttributesLocalizableStrings[0]" = "외형";
71,72c71,72
< /* Class = "NSTextFieldCell"; title = "Opacity:"; ObjectID = "368"; */
< "368.title" = "Opacity:";
---
> /* Class = "NSTextFieldCell"; title = "불투명도:"; ObjectID = "368"; */
> "368.title" = "불투명도:";
74c74
< /* Class = "NSTextFieldCell"; title = "Colour:"; ObjectID = "370"; */
---
> /* Class = "NSTextFieldCell"; title = "색상:"; ObjectID = "370"; */
77,78c77,78
< /* Class = "NSTextFieldCell"; title = "Radius:"; ObjectID = "373"; */
< "373.title" = "Radius:";
---
> /* Class = "NSTextFieldCell"; title = "반지름:"; ObjectID = "373"; */
> "373.title" = "반지름:";
80,81c80,81
< /* Class = "NSView"; 411.ibExternalUserDefinedRuntimeAttributesLocalizableStrings[0] = "Inner Shadow"; ObjectID = "411"; */
< "411.ibExternalUserDefinedRuntimeAttributesLocalizableStrings[0]" = "Inner Shadow";
---
> /* Class = "NSView"; 411.ibExternalUserDefinedRuntimeAttributesLocalizableStrings[0] = "내부 그림자"; ObjectID = "411"; */
> "411.ibExternalUserDefinedRuntimeAttributesLocalizableStrings[0]" = "내부 그림자";
83,84c83,84
< /* Class = "NSTextFieldCell"; title = "Opacity:"; ObjectID = "426"; */
< "426.title" = "Opacity:";
---
> /* Class = "NSTextFieldCell"; title = "불투명도:"; ObjectID = "426"; */
> "426.title" = "불투명도:";
86,87c86,87
< /* Class = "NSTextFieldCell"; title = "Angle:"; ObjectID = "427"; */
< "427.title" = "Angle:";
---
> /* Class = "NSTextFieldCell"; title = "각도:"; ObjectID = "427"; */
> "427.title" = "각도:";
89c89
< /* Class = "NSTextFieldCell"; title = "Colour:"; ObjectID = "429"; */
---
> /* Class = "NSTextFieldCell"; title = "색상:"; ObjectID = "429"; */
92,93c92,93
< /* Class = "NSTextFieldCell"; title = "Radius:"; ObjectID = "432"; */
< "432.title" = "Radius:";
---
> /* Class = "NSTextFieldCell"; title = "반지름:"; ObjectID = "432"; */
> "432.title" = "반지름:";
95,96c95,96
< /* Class = "NSTextFieldCell"; title = "Offset:"; ObjectID = "433"; */
< "433.title" = "Offset:";
---
> /* Class = "NSTextFieldCell"; title = "편차:"; ObjectID = "433"; */
> "433.title" = "편차:";
101,102c101,102
< /* Class = "NSTextFieldCell"; title = "Blend mode:"; ObjectID = "788"; */
< "788.title" = "Blend mode:";
---
> /* Class = "NSTextFieldCell"; title = "혼합 모드:"; ObjectID = "788"; */
> "788.title" = "혼합 모드:";
107,108c107,108
< /* Class = "NSTextFieldCell"; title = "Blend mode:"; ObjectID = "812"; */
< "812.title" = "Blend mode:";
---
> /* Class = "NSTextFieldCell"; title = "혼합 모드:"; ObjectID = "812"; */
> "812.title" = "혼합 모드:";
113,114c113,114
< /* Class = "NSTextFieldCell"; title = "Blend mode:"; ObjectID = "821"; */
< "821.title" = "Blend mode:";
---
> /* Class = "NSTextFieldCell"; title = "혼합 모드:"; ObjectID = "821"; */
> "821.title" = "혼합 모드:";
119,120c119,120
< /* Class = "NSTextFieldCell"; title = "Blend mode:"; ObjectID = "830"; */
< "830.title" = "Blend mode:";
---
> /* Class = "NSTextFieldCell"; title = "혼합 모드:"; ObjectID = "830"; */
> "830.title" = "혼합 모드:";
125,126c125,126
< /* Class = "NSTextFieldCell"; title = "Blend mode:"; ObjectID = "839"; */
< "839.title" = "Blend mode:";
---
> /* Class = "NSTextFieldCell"; title = "혼합 모드:"; ObjectID = "839"; */
> "839.title" = "혼합 모드:";
131,132c131,132
< /* Class = "NSTextFieldCell"; title = "Blend mode:"; ObjectID = "857"; */
< "857.title" = "Blend mode:";
---
> /* Class = "NSTextFieldCell"; title = "혼합 모드:"; ObjectID = "857"; */
> "857.title" = "혼합 모드:";
137,138c137,138
< /* Class = "NSMenuItem"; title = "Inside"; ObjectID = "911"; */
< "911.title" = "Inside";
---
> /* Class = "NSMenuItem"; title = "안으로"; ObjectID = "911"; */
> "911.title" = "안으로";
140c140
< /* Class = "NSMenuItem"; title = "Centre"; ObjectID = "912"; */
---
> /* Class = "NSMenuItem"; title = "가운데"; ObjectID = "912"; */
143,144c143,144
< /* Class = "NSMenuItem"; title = "Outside"; ObjectID = "913"; */
< "913.title" = "Outside";
---
> /* Class = "NSMenuItem"; title = "바깥"; ObjectID = "913"; */
> "913.title" = "바깥";
146,147c146,147
< /* Class = "NSTextFieldCell"; title = "Alignment:"; ObjectID = "914"; */
< "914.title" = "Alignment:";
---
> /* Class = "NSTextFieldCell"; title = "정렬:"; ObjectID = "914"; */
> "914.title" = "정렬:";
149,150c149,150
< /* Class = "NSTextFieldCell"; title = "Depth:"; ObjectID = "924"; */
< "924.title" = "Depth:";
---
> /* Class = "NSTextFieldCell"; title = "깊이:"; ObjectID = "924"; */
> "924.title" = "깊이:";
152,153c152,153
< /* Class = "NSTextFieldCell"; title = "Soften:"; ObjectID = "930"; */
< "930.title" = "Soften:";
---
> /* Class = "NSTextFieldCell"; title = "부드럽게:"; ObjectID = "930"; */
> "930.title" = "부드럽게:";
155,156c155,156
< /* Class = "NSTextFieldCell"; title = "Type:"; ObjectID = "937"; */
< "937.title" = "Type:";
---
> /* Class = "NSTextFieldCell"; title = "종류:"; ObjectID = "937"; */
> "937.title" = "종류:";
161,162c161,162
< /* Class = "NSMenuItem"; title = "Inner"; ObjectID = "941"; */
< "941.title" = "Inner";
---
> /* Class = "NSMenuItem"; title = "내부"; ObjectID = "941"; */
> "941.title" = "내부";
164,165c164,165
< /* Class = "NSMenuItem"; title = "Outer"; ObjectID = "942"; */
< "942.title" = "Outer";
---
> /* Class = "NSMenuItem"; title = "외부"; ObjectID = "942"; */
> "942.title" = "외부";
167,168c167,168
< /* Class = "NSMenuItem"; title = "Emboss"; ObjectID = "943"; */
< "943.title" = "Emboss";
---
> /* Class = "NSMenuItem"; title = "양각"; ObjectID = "943"; */
> "943.title" = "양각";
173,174c173,174
< /* Class = "NSButtonCell"; title = "Invert"; ObjectID = "946"; */
< "946.title" = "Invert";
---
> /* Class = "NSButtonCell"; title = "반전"; ObjectID = "946"; */
> "946.title" = "반전";
176,177c176,177
< /* Class = "NSTextFieldCell"; title = "Direction:"; ObjectID = "954"; */
< "954.title" = "Direction:";
---
> /* Class = "NSTextFieldCell"; title = "방향:"; ObjectID = "954"; */
> "954.title" = "방향:";
188,189c188,189
< /* Class = "NSTextFieldCell"; title = "Shadow:"; ObjectID = "1009"; */
< "1009.title" = "Shadow:";
---
> /* Class = "NSTextFieldCell"; title = "그림자:"; ObjectID = "1009"; */
> "1009.title" = "그림자:";
191,192c191,192
< /* Class = "NSTextFieldCell"; title = "Profile:"; ObjectID = "1052"; */
< "1052.title" = "Profile:";
---
> /* Class = "NSTextFieldCell"; title = "프로파일:"; ObjectID = "1052"; */
> "1052.title" = "프로파일:";
203,204c203,204
< /* Class = "NSMenuItem"; title = "Contour"; ObjectID = "1092"; */
< "1092.title" = "Contour";
---
> /* Class = "NSMenuItem"; title = "등고선"; ObjectID = "1092"; */
> "1092.title" = "등고선";
206,207c206,207
< /* Class = "NSTextFieldCell"; title = "Fill style:"; ObjectID = "1094"; */
< "1094.title" = "Fill style:";
---
> /* Class = "NSTextFieldCell"; title = "칠 스타일:"; ObjectID = "1094"; */
> "1094.title" = "칠 스타일:";
212,213c212,213
< /* Class = "NSTabViewItem"; label = "Gradient"; ObjectID = "1100"; */
< "1100.label" = "Gradient";
---
> /* Class = "NSTabViewItem"; label = "그레이디언트"; ObjectID = "1100"; */
> "1100.label" = "그레이디언트";
215,216c215,216
< /* Class = "NSMenuItem"; title = "Gradient"; ObjectID = "1119"; */
< "1119.title" = "Gradient";
---
> /* Class = "NSMenuItem"; title = "그레이디언트"; ObjectID = "1119"; */
> "1119.title" = "그레이디언트";
218,219c218,219
< /* Class = "NSView"; 1120.ibExternalUserDefinedRuntimeAttributesLocalizableStrings[0] = "Gradient Overlay"; ObjectID = "1120"; */
< "1120.ibExternalUserDefinedRuntimeAttributesLocalizableStrings[0]" = "Gradient Overlay";
---
> /* Class = "NSView"; 1120.ibExternalUserDefinedRuntimeAttributesLocalizableStrings[0] = "그레이디언트 오버레이"; ObjectID = "1120"; */
> "1120.ibExternalUserDefinedRuntimeAttributesLocalizableStrings[0]" = "그레이디언트 오버레이";
221,222c221,222
< /* Class = "NSTextFieldCell"; title = "Blend mode:"; ObjectID = "1133"; */
< "1133.title" = "Blend mode:";
---
> /* Class = "NSTextFieldCell"; title = "혼합 모드:"; ObjectID = "1133"; */
> "1133.title" = "혼합 모드:";
227,228c227,228
< /* Class = "NSTextFieldCell"; title = "Opacity:"; ObjectID = "1149"; */
< "1149.title" = "Opacity:";
---
> /* Class = "NSTextFieldCell"; title = "불투명도:"; ObjectID = "1149"; */
> "1149.title" = "불투명도:";
245,246c245,246
< /* Class = "NSTextFieldCell"; title = "Angle:"; ObjectID = "1188"; */
< "1188.title" = "Angle:";
---
> /* Class = "NSTextFieldCell"; title = "각도:"; ObjectID = "1188"; */
> "1188.title" = "각도:";
248,249c248,249
< /* Class = "NSTextFieldCell"; title = "Angle:"; ObjectID = "1241"; */
< "1241.title" = "Angle:";
---
> /* Class = "NSTextFieldCell"; title = "각도:"; ObjectID = "1241"; */
> "1241.title" = "각도:";
266,267c266,267
< /* Class = "NSTabViewItem"; label = "Contour"; ObjectID = "1257"; */
< "1257.label" = "Contour";
---
> /* Class = "NSTabViewItem"; label = "등고선"; ObjectID = "1257"; */
> "1257.label" = "등고선";
275,276c275,276
< /* Class = "NSMenuItem"; title = "Conical"; ObjectID = "1318"; */
< "1318.title" = "Conical";
---
> /* Class = "NSMenuItem"; title = "원뿔형"; ObjectID = "1318"; */
> "1318.title" = "원뿔형";
278,279c278,279
< /* Class = "NSMenuItem"; title = "Elliptical"; ObjectID = "1319"; */
< "1319.title" = "Elliptical";
---
> /* Class = "NSMenuItem"; title = "타원형"; ObjectID = "1319"; */
> "1319.title" = "타원형";
281,282c281,282
< /* Class = "NSMenuItem"; title = "Radial"; ObjectID = "1320"; */
< "1320.title" = "Radial";
---
> /* Class = "NSMenuItem"; title = "방사형"; ObjectID = "1320"; */
> "1320.title" = "방사형";
284,285c284,285
< /* Class = "NSMenuItem"; title = "Linear"; ObjectID = "1321"; */
< "1321.title" = "Linear";
---
> /* Class = "NSMenuItem"; title = "선형"; ObjectID = "1321"; */
> "1321.title" = "선형";
287,288c287,288
< /* Class = "NSTextFieldCell"; title = "Type:"; ObjectID = "1322"; */
< "1322.title" = "Type:";
---
> /* Class = "NSTextFieldCell"; title = "종류:"; ObjectID = "1322"; */
> "1322.title" = "종류:";
293,294c293,294
< /* Class = "NSMenuItem"; title = "Linear"; ObjectID = "1330"; */
< "1330.title" = "Linear";
---
> /* Class = "NSMenuItem"; title = "선형"; ObjectID = "1330"; */
> "1330.title" = "선형";
296,297c296,297
< /* Class = "NSMenuItem"; title = "Radial"; ObjectID = "1331"; */
< "1331.title" = "Radial";
---
> /* Class = "NSMenuItem"; title = "방사형"; ObjectID = "1331"; */
> "1331.title" = "방사형";
299,300c299,300
< /* Class = "NSMenuItem"; title = "Elliptical"; ObjectID = "1332"; */
< "1332.title" = "Elliptical";
---
> /* Class = "NSMenuItem"; title = "타원형"; ObjectID = "1332"; */
> "1332.title" = "타원형";
302,303c302,303
< /* Class = "NSMenuItem"; title = "Conical"; ObjectID = "1333"; */
< "1333.title" = "Conical";
---
> /* Class = "NSMenuItem"; title = "원뿔형"; ObjectID = "1333"; */
> "1333.title" = "원뿔형";
305,306c305,306
< /* Class = "NSTextFieldCell"; title = "Type:"; ObjectID = "1334"; */
< "1334.title" = "Type:";
---
> /* Class = "NSTextFieldCell"; title = "종류:"; ObjectID = "1334"; */
> "1334.title" = "종류:";
308,309c308,309
< /* Class = "NSTextFieldCell"; title = "Intensity:"; ObjectID = "1344"; */
< "1344.title" = "Intensity:";
---
> /* Class = "NSTextFieldCell"; title = "세기:"; ObjectID = "1344"; */
> "1344.title" = "세기:";
311,312c311,312
< /* Class = "NSTextFieldCell"; title = "Intensity:"; ObjectID = "1352"; */
< "1352.title" = "Intensity:";
---
> /* Class = "NSTextFieldCell"; title = "세기:"; ObjectID = "1352"; */
> "1352.title" = "세기:";
314,315c314,315
< /* Class = "NSTextFieldCell"; title = "Intensity:"; ObjectID = "1356"; */
< "1356.title" = "Intensity:";
---
> /* Class = "NSTextFieldCell"; title = "세기:"; ObjectID = "1356"; */
> "1356.title" = "세기:";
317,318c317,318
< /* Class = "NSTextFieldCell"; title = "Intensity:"; ObjectID = "1360"; */
< "1360.title" = "Intensity:";
---
> /* Class = "NSTextFieldCell"; title = "세기:"; ObjectID = "1360"; */
> "1360.title" = "세기:";
320,321c320,321
< /* Class = "NSButtonCell"; title = "Remove Profile"; ObjectID = "1378"; */
< "1378.title" = "Remove Profile";
---
> /* Class = "NSButtonCell"; title = "프로파일 지우기"; ObjectID = "1378"; */
> "1378.title" = "프로파일 지우기";
323,324c323,324
< /* Class = "NSTextFieldCell"; title = "Diffuse:"; ObjectID = "3Gn-JZ-cns"; */
< "3Gn-JZ-cns.title" = "Diffuse:";
---
> /* Class = "NSTextFieldCell"; title = "확산:"; ObjectID = "3Gn-JZ-cns"; */
> "3Gn-JZ-cns.title" = "확산:";
326,327c326,327
< /* Class = "NSTextFieldCell"; title = "Radius:"; ObjectID = "4LO-YN-15L"; */
< "4LO-YN-15L.title" = "Radius:";
---
> /* Class = "NSTextFieldCell"; title = "반지름:"; ObjectID = "4LO-YN-15L"; */
> "4LO-YN-15L.title" = "반지름:";
329,330c329,330
< /* Class = "NSTextFieldCell"; title = "Profile:"; ObjectID = "59C-Bj-tvb"; */
< "59C-Bj-tvb.title" = "Profile:";
---
> /* Class = "NSTextFieldCell"; title = "프로파일:"; ObjectID = "59C-Bj-tvb"; */
> "59C-Bj-tvb.title" = "프로파일:";
335c335
< /* Class = "NSTextFieldCell"; title = "Colour:"; ObjectID = "CbL-g2-7Ll"; */
---
> /* Class = "NSTextFieldCell"; title = "색상:"; ObjectID = "CbL-g2-7Ll"; */
338,339c338,339
< /* Class = "NSButtonCell"; title = "Preserve alpha"; ObjectID = "DQs-Mg-dcM"; */
< "DQs-Mg-dcM.title" = "Preserve alpha";
---
> /* Class = "NSButtonCell"; title = "알파 유지"; ObjectID = "DQs-Mg-dcM"; */
> "DQs-Mg-dcM.title" = "알파 유지";
341,342c341,342
< /* Class = "NSButtonCell"; title = "Remove"; ObjectID = "ENj-RY-fSm"; */
< "ENj-RY-fSm.title" = "Remove";
---
> /* Class = "NSButtonCell"; title = "지우기"; ObjectID = "ENj-RY-fSm"; */
> "ENj-RY-fSm.title" = "지우기";
344,345c344,345
< /* Class = "NSButtonCell"; title = "Add"; ObjectID = "HPN-yv-19f"; */
< "HPN-yv-19f.title" = "Add";
---
> /* Class = "NSButtonCell"; title = "추가"; ObjectID = "HPN-yv-19f"; */
> "HPN-yv-19f.title" = "추가";
347,348c347,348
< /* Class = "NSButtonCell"; title = "Remove Profile"; ObjectID = "Hu6-F0-5qY"; */
< "Hu6-F0-5qY.title" = "Remove Profile";
---
> /* Class = "NSButtonCell"; title = "프로파일 지우기"; ObjectID = "Hu6-F0-5qY"; */
> "Hu6-F0-5qY.title" = "프로파일 지우기";
356,357c356,357
< /* Class = "NSTextFieldCell"; title = "Opacity:"; ObjectID = "Nsh-Uv-K3G"; */
< "Nsh-Uv-K3G.title" = "Opacity:";
---
> /* Class = "NSTextFieldCell"; title = "불투명도:"; ObjectID = "Nsh-Uv-K3G"; */
> "Nsh-Uv-K3G.title" = "불투명도:";
362,363c362,363
< /* Class = "NSTextFieldCell"; title = "Light source:"; ObjectID = "WRm-vP-u7z"; */
< "WRm-vP-u7z.title" = "Light source:";
---
> /* Class = "NSTextFieldCell"; title = "광원:"; ObjectID = "WRm-vP-u7z"; */
> "WRm-vP-u7z.title" = "광원:";
371,372c371,372
< /* Class = "NSTextFieldCell"; title = "Depth:"; ObjectID = "bnU-1x-w36"; */
< "bnU-1x-w36.title" = "Depth:";
---
> /* Class = "NSTextFieldCell"; title = "깊이:"; ObjectID = "bnU-1x-w36"; */
> "bnU-1x-w36.title" = "깊이:";
374,375c374,375
< /* Class = "NSTextFieldCell"; title = "Soften:"; ObjectID = "ea7-W3-Wzy"; */
< "ea7-W3-Wzy.title" = "Soften:";
---
> /* Class = "NSTextFieldCell"; title = "부드럽게:"; ObjectID = "ea7-W3-Wzy"; */
> "ea7-W3-Wzy.title" = "부드럽게:";
383,384c383,384
< /* Class = "NSButtonCell"; title = "Offset Tool"; ObjectID = "o2b-GG-sgp"; */
< "o2b-GG-sgp.title" = "Offset Tool";
---
> /* Class = "NSButtonCell"; title = "편차 도구"; ObjectID = "o2b-GG-sgp"; */
> "o2b-GG-sgp.title" = "편차 도구";
386,387c386,387
< /* Class = "NSButtonCell"; title = "Offset Tool"; ObjectID = "vD7-Sh-4w6"; */
< "vD7-Sh-4w6.title" = "Offset Tool";
---
> /* Class = "NSButtonCell"; title = "편차 도구"; ObjectID = "vD7-Sh-4w6"; */
> "vD7-Sh-4w6.title" = "편차 도구";
389,390c389,390
< /* Class = "NSTextFieldCell"; title = "Direction:"; ObjectID = "xpj-Mc-gRZ"; */
< "xpj-Mc-gRZ.title" = "Direction:";
---
> /* Class = "NSTextFieldCell"; title = "방향:"; ObjectID = "xpj-Mc-gRZ"; */
> "xpj-Mc-gRZ.title" = "방향:";
