3c3
< "2.ibExternalUserDefinedRuntimeAttributesLocalizableStrings[0]" = "Gaussian Blur";
---
> "2.ibExternalUserDefinedRuntimeAttributesLocalizableStrings[0]" = "ガウスぼかし";
6c6
< "30.title" = "Radius:";
---
> "30.title" = "半径:";
12c12
< "96.ibExternalUserDefinedRuntimeAttributesLocalizableStrings[0]" = "Color Overlay";
---
> "96.ibExternalUserDefinedRuntimeAttributesLocalizableStrings[0]" = "カラーオーバーレイ";
15c15
< "123.ibExternalUserDefinedRuntimeAttributesLocalizableStrings[0]" = "Bevel / Emboss";
---
> "123.ibExternalUserDefinedRuntimeAttributesLocalizableStrings[0]" = "ベベル/エンボス";
18c18
< "130.title" = "Radius:";
---
> "130.title" = "半径:";
21c21
< "141.ibExternalUserDefinedRuntimeAttributesLocalizableStrings[0]" = "Outer Glow";
---
> "141.ibExternalUserDefinedRuntimeAttributesLocalizableStrings[0]" = "外側の光彩";
24c24
< "148.title" = "Radius:";
---
> "148.title" = "半径:";
27c27
< "161.title" = "Color:";
---
> "161.title" = "カラー:";
30c30
< "181.title" = "Color:";
---
> "181.title" = "カラー:";
33c33
< "188.ibExternalUserDefinedRuntimeAttributesLocalizableStrings[0]" = "Outer Shadow";
---
> "188.ibExternalUserDefinedRuntimeAttributesLocalizableStrings[0]" = "外側のシャドウ";
36c36
< "201.title" = "Offset:";
---
> "201.title" = "オフセット:";
39c39
< "202.title" = "Radius:";
---
> "202.title" = "半径:";
42c42
< "205.title" = "Color:";
---
> "205.title" = "カラー:";
45c45
< "207.title" = "Angle:";
---
> "207.title" = "角度:";
48c48
< "208.title" = "Opacity:";
---
> "208.title" = "不透明度:";
51c51
< "215.title" = "Opacity:";
---
> "215.title" = "不透明度:";
54c54
< "221.title" = "Opacity:";
---
> "221.title" = "不透明度:";
57c57
< "274.ibExternalUserDefinedRuntimeAttributesLocalizableStrings[0]" = "Inner Glow";
---
> "274.ibExternalUserDefinedRuntimeAttributesLocalizableStrings[0]" = "内側の光彩";
60c60
< "283.title" = "Radius:";
---
> "283.title" = "半径:";
63c63
< "286.title" = "Color:";
---
> "286.title" = "カラー:";
66c66
< "288.title" = "Opacity:";
---
> "288.title" = "不透明度:";
69c69
< "359.ibExternalUserDefinedRuntimeAttributesLocalizableStrings[0]" = "Outline";
---
> "359.ibExternalUserDefinedRuntimeAttributesLocalizableStrings[0]" = "アウトライン";
72c72
< "368.title" = "Opacity:";
---
> "368.title" = "不透明度:";
75c75
< "370.title" = "Color:";
---
> "370.title" = "カラー:";
78c78
< "373.title" = "Radius:";
---
> "373.title" = "半径:";
81c81
< "411.ibExternalUserDefinedRuntimeAttributesLocalizableStrings[0]" = "Inner Shadow";
---
> "411.ibExternalUserDefinedRuntimeAttributesLocalizableStrings[0]" = "内側のシャドウ";
84c84
< "426.title" = "Opacity:";
---
> "426.title" = "不透明度:";
87c87
< "427.title" = "Angle:";
---
> "427.title" = "角度:";
90c90
< "429.title" = "Color:";
---
> "429.title" = "カラー:";
93c93
< "432.title" = "Radius:";
---
> "432.title" = "半径:";
96c96
< "433.title" = "Offset:";
---
> "433.title" = "オフセット:";
102c102
< "788.title" = "Blend mode:";
---
> "788.title" = "描画モード:";
108c108
< "812.title" = "Blend mode:";
---
> "812.title" = "描画モード:";
114c114
< "821.title" = "Blend mode:";
---
> "821.title" = "描画モード:";
120c120
< "830.title" = "Blend mode:";
---
> "830.title" = "描画モード:";
126c126
< "839.title" = "Blend mode:";
---
> "839.title" = "描画モード:";
132c132
< "857.title" = "Blend mode:";
---
> "857.title" = "描画モード:";
138c138
< "911.title" = "Inside";
---
> "911.title" = "内側";
141c141
< "912.title" = "Center";
---
> "912.title" = "中央";
144c144
< "913.title" = "Outside";
---
> "913.title" = "外側";
147c147
< "914.title" = "Alignment:";
---
> "914.title" = "行揃え:";
150c150
< "924.title" = "Depth:";
---
> "924.title" = "深さ:";
153c153
< "930.title" = "Soften:";
---
> "930.title" = "ぼかし:";
156c156
< "937.title" = "Type:";
---
> "937.title" = "タイプ:";
162c162
< "941.title" = "Inner";
---
> "941.title" = "内側";
165c165
< "942.title" = "Outer";
---
> "942.title" = "外側";
168c168
< "943.title" = "Emboss";
---
> "943.title" = "エンボス";
171c171
< "944.title" = "Pillow";
---
> "944.title" = "ピロー";
174c174
< "946.title" = "Invert";
---
> "946.title" = "反転";
177c177
< "954.title" = "Direction:";
---
> "954.title" = "向き:";
180c180
< "978.title" = "Azimuth:";
---
> "978.title" = "方位角:";
183c183
< "982.title" = "Elevation:";
---
> "982.title" = "仰角:";
186c186
< "1007.title" = "Highlight:";
---
> "1007.title" = "ハイライト:";
189c189
< "1009.title" = "Shadow:";
---
> "1009.title" = "シャドウ:";
192c192
< "1052.title" = "Profile:";
---
> "1052.title" = "プロファイル:";
195c195
< "1083.title" = "Fill knocks out shadow";
---
> "1083.title" = "塗りつぶしでシャドウをノックアウト";
201c201
< "1091.title" = "Solid color";
---
> "1091.title" = "単色";
204c204
< "1092.title" = "Contour";
---
> "1092.title" = "輪郭";
207c207
< "1094.title" = "Fill style:";
---
> "1094.title" = "塗りつぶしスタイル:";
210c210
< "1099.label" = "Solid color";
---
> "1099.label" = "単色";
213c213
< "1100.label" = "Gradient";
---
> "1100.label" = "グラデーション";
216c216
< "1119.title" = "Gradient";
---
> "1119.title" = "グラデーション";
219c219
< "1120.ibExternalUserDefinedRuntimeAttributesLocalizableStrings[0]" = "Gradient Overlay";
---
> "1120.ibExternalUserDefinedRuntimeAttributesLocalizableStrings[0]" = "グラデーションオーバーレイ";
222c222
< "1133.title" = "Blend mode:";
---
> "1133.title" = "描画モード:";
228c228
< "1149.title" = "Opacity:";
---
> "1149.title" = "不透明度:";
231c231
< "1154.title" = "Gradient:";
---
> "1154.title" = "グラデーション:";
234c234
< "1165.title" = "Scale X:";
---
> "1165.title" = "スケールX:";
237c237
< "1171.title" = "Scale Y:";
---
> "1171.title" = "スケールY:";
240c240
< "1180.title" = "Offset Y:";
---
> "1180.title" = "オフセットY:";
243c243
< "1181.title" = "Offset X:";
---
> "1181.title" = "オフセットX:";
246c246
< "1188.title" = "Angle:";
---
> "1188.title" = "角度:";
249c249
< "1241.title" = "Angle:";
---
> "1241.title" = "角度:";
252c252
< "1242.title" = "Offset Y:";
---
> "1242.title" = "オフセットY:";
255c255
< "1243.title" = "Offset X:";
---
> "1243.title" = "オフセットX:";
258c258
< "1244.title" = "Scale Y:";
---
> "1244.title" = "スケールY:";
261c261
< "1245.title" = "Scale X:";
---
> "1245.title" = "スケールX:";
264c264
< "1246.title" = "Gradient:";
---
> "1246.title" = "グラデーション:";
267c267
< "1257.label" = "Contour";
---
> "1257.label" = "輪郭";
270c270
< "1275.title" = "Gradient:";
---
> "1275.title" = "グラデーション:";
276c276
< "1318.title" = "Conical";
---
> "1318.title" = "円錐形";
279c279
< "1319.title" = "Elliptical";
---
> "1319.title" = "楕円形";
282c282
< "1320.title" = "Radial";
---
> "1320.title" = "放射状";
285c285
< "1321.title" = "Linear";
---
> "1321.title" = "線形";
288c288
< "1322.title" = "Type:";
---
> "1322.title" = "タイプ:";
294c294
< "1330.title" = "Linear";
---
> "1330.title" = "線形";
297c297
< "1331.title" = "Radial";
---
> "1331.title" = "放射状";
300c300
< "1332.title" = "Elliptical";
---
> "1332.title" = "楕円形";
303c303
< "1333.title" = "Conical";
---
> "1333.title" = "円錐形";
306c306
< "1334.title" = "Type:";
---
> "1334.title" = "タイプ:";
309c309
< "1344.title" = "Intensity:";
---
> "1344.title" = "強度:";
312c312
< "1352.title" = "Intensity:";
---
> "1352.title" = "強度:";
315c315
< "1356.title" = "Intensity:";
---
> "1356.title" = "強度:";
318c318
< "1360.title" = "Intensity:";
---
> "1360.title" = "強度:";
321c321
< "1378.title" = "Remove Profile";
---
> "1378.title" = "プロファイルを削除";
324c324
< "3Gn-JZ-cns.title" = "Diffuse:";
---
> "3Gn-JZ-cns.title" = "拡散:";
327c327
< "4LO-YN-15L.title" = "Radius:";
---
> "4LO-YN-15L.title" = "半径:";
330c330
< "59C-Bj-tvb.title" = "Profile:";
---
> "59C-Bj-tvb.title" = "プロファイル:";
333c333
< "7Xc-9F-TTE.title" = "Specular:";
---
> "7Xc-9F-TTE.title" = "スペキュラ:";
336c336
< "CbL-g2-7Ll.title" = "Color:";
---
> "CbL-g2-7Ll.title" = "カラー:";
339c339
< "DQs-Mg-dcM.title" = "Preserve alpha";
---
> "DQs-Mg-dcM.title" = "アルファの維持";
342c342
< "ENj-RY-fSm.title" = "Remove";
---
> "ENj-RY-fSm.title" = "削除";
345c345
< "HPN-yv-19f.title" = "Add";
---
> "HPN-yv-19f.title" = "追加";
348c348
< "Hu6-F0-5qY.title" = "Remove Profile";
---
> "Hu6-F0-5qY.title" = "プロファイルを削除";
351c351
< "JRt-w1-ys5.title" = "Shininess:";
---
> "JRt-w1-ys5.title" = "光沢:";
357c357
< "Nsh-Uv-K3G.title" = "Opacity:";
---
> "Nsh-Uv-K3G.title" = "不透明度:";
360c360
< "TfO-jF-PQ8.title" = "Ambient:";
---
> "TfO-jF-PQ8.title" = "アンビエント:";
363c363
< "WRm-vP-u7z.title" = "Light source:";
---
> "WRm-vP-u7z.title" = "光源:";
366c366
< "b17-xr-WVH.title" = "Ambient light color:";
---
> "b17-xr-WVH.title" = "アンビエントライトカラー:";
369c369
< "bXO-sD-Upv.title" = "Specular color:";
---
> "bXO-sD-Upv.title" = "スペキュラカラー:";
372c372
< "bnU-1x-w36.title" = "Depth:";
---
> "bnU-1x-w36.title" = "深さ:";
375c375
< "ea7-W3-Wzy.title" = "Soften:";
---
> "ea7-W3-Wzy.title" = "ぼかし:";
378c378
< "gNU-iI-0DP.title" = "Elevation:";
---
> "gNU-iI-0DP.title" = "仰角:";
381c381
< "i6m-A5-rN7.title" = "Azimuth:";
---
> "i6m-A5-rN7.title" = "方位角:";
384c384
< "o2b-GG-sgp.title" = "Offset Tool";
---
> "o2b-GG-sgp.title" = "オフセットツール";
387c387
< "vD7-Sh-4w6.title" = "Offset Tool";
---
> "vD7-Sh-4w6.title" = "オフセットツール";
390c390
< "xpj-Mc-gRZ.title" = "Direction:";
---
> "xpj-Mc-gRZ.title" = "向き:";
