2,3c2,3
< /* Class = "NSButtonCell"; title = "Gaussian Blur"; ObjectID = "6"; */
< "6.title" = "Gaussian Blur";
---
> /* Class = "NSButtonCell"; title = "가우시안 블러"; ObjectID = "6"; */
> "6.title" = "가우시안 블러";
5,6c5,6
< /* Class = "NSTextFieldCell"; title = "Radius"; ObjectID = "30"; */
< "30.title" = "Radius";
---
> /* Class = "NSTextFieldCell"; title = "반지름"; ObjectID = "30"; */
> "30.title" = "반지름";
8,9c8,9
< /* Class = "NSButtonCell"; title = "Bevel / Emboss"; ObjectID = "68"; */
< "68.title" = "Bevel / Emboss";
---
> /* Class = "NSButtonCell"; title = "음각 / 양각"; ObjectID = "68"; */
> "68.title" = "음각 / 양각";
11,12c11,12
< /* Class = "NSTextFieldCell"; title = "Radius"; ObjectID = "70"; */
< "70.title" = "Radius";
---
> /* Class = "NSTextFieldCell"; title = "반지름"; ObjectID = "70"; */
> "70.title" = "반지름";
14c14
< /* Class = "NSButtonCell"; title = "Colour Overlay"; ObjectID = "100"; */
---
> /* Class = "NSButtonCell"; title = "색상 오버레이"; ObjectID = "100"; */
20,21c20,21
< /* Class = "NSTextFieldCell"; title = "Radius"; ObjectID = "130"; */
< "130.title" = "Radius";
---
> /* Class = "NSTextFieldCell"; title = "반지름"; ObjectID = "130"; */
> "130.title" = "반지름";
23,24c23,24
< /* Class = "NSButtonCell"; title = "Outer Glow"; ObjectID = "146"; */
< "146.title" = "Outer Glow";
---
> /* Class = "NSButtonCell"; title = "외부 광채"; ObjectID = "146"; */
> "146.title" = "외부 광채";
26,27c26,27
< /* Class = "NSTextFieldCell"; title = "Radius"; ObjectID = "148"; */
< "148.title" = "Radius";
---
> /* Class = "NSTextFieldCell"; title = "반지름"; ObjectID = "148"; */
> "148.title" = "반지름";
29c29
< /* Class = "NSTextFieldCell"; title = "Colour"; ObjectID = "161"; */
---
> /* Class = "NSTextFieldCell"; title = "색상"; ObjectID = "161"; */
38c38
< /* Class = "NSTextFieldCell"; title = "Colour"; ObjectID = "181"; */
---
> /* Class = "NSTextFieldCell"; title = "색상"; ObjectID = "181"; */
41,42c41,42
< /* Class = "NSTextFieldCell"; title = "Offset"; ObjectID = "201"; */
< "201.title" = "Offset";
---
> /* Class = "NSTextFieldCell"; title = "편차"; ObjectID = "201"; */
> "201.title" = "편차";
44,45c44,45
< /* Class = "NSTextFieldCell"; title = "Radius"; ObjectID = "202"; */
< "202.title" = "Radius";
---
> /* Class = "NSTextFieldCell"; title = "반지름"; ObjectID = "202"; */
> "202.title" = "반지름";
47,48c47,48
< /* Class = "NSButtonCell"; title = "Outer Shadow"; ObjectID = "204"; */
< "204.title" = "Outer Shadow";
---
> /* Class = "NSButtonCell"; title = "외부 그림자"; ObjectID = "204"; */
> "204.title" = "외부 그림자";
50c50
< /* Class = "NSTextFieldCell"; title = "Colour"; ObjectID = "205"; */
---
> /* Class = "NSTextFieldCell"; title = "색상"; ObjectID = "205"; */
56,57c56,57
< /* Class = "NSTextFieldCell"; title = "Angle"; ObjectID = "207"; */
< "207.title" = "Angle";
---
> /* Class = "NSTextFieldCell"; title = "각도"; ObjectID = "207"; */
> "207.title" = "각도";
59,60c59,60
< /* Class = "NSTextFieldCell"; title = "Opacity"; ObjectID = "208"; */
< "208.title" = "Opacity";
---
> /* Class = "NSTextFieldCell"; title = "불투명도"; ObjectID = "208"; */
> "208.title" = "불투명도";
62,63c62,63
< /* Class = "NSTextFieldCell"; title = "Opacity"; ObjectID = "212"; */
< "212.title" = "Opacity";
---
> /* Class = "NSTextFieldCell"; title = "불투명도"; ObjectID = "212"; */
> "212.title" = "불투명도";
65,66c65,66
< /* Class = "NSTextFieldCell"; title = "Opacity"; ObjectID = "215"; */
< "215.title" = "Opacity";
---
> /* Class = "NSTextFieldCell"; title = "불투명도"; ObjectID = "215"; */
> "215.title" = "불투명도";
68,69c68,69
< /* Class = "NSTextFieldCell"; title = "Opacity"; ObjectID = "221"; */
< "221.title" = "Opacity";
---
> /* Class = "NSTextFieldCell"; title = "불투명도"; ObjectID = "221"; */
> "221.title" = "불투명도";
71,72c71,72
< /* Class = "NSTextFieldCell"; title = "Opacity"; ObjectID = "234"; */
< "234.title" = "Opacity";
---
> /* Class = "NSTextFieldCell"; title = "불투명도"; ObjectID = "234"; */
> "234.title" = "불투명도";
74,75c74,75
< /* Class = "NSTextFieldCell"; title = "Radius"; ObjectID = "283"; */
< "283.title" = "Radius";
---
> /* Class = "NSTextFieldCell"; title = "반지름"; ObjectID = "283"; */
> "283.title" = "반지름";
77,78c77,78
< /* Class = "NSButtonCell"; title = "Inner Glow"; ObjectID = "285"; */
< "285.title" = "Inner Glow";
---
> /* Class = "NSButtonCell"; title = "내부 광채"; ObjectID = "285"; */
> "285.title" = "내부 광채";
80c80
< /* Class = "NSTextFieldCell"; title = "Colour"; ObjectID = "286"; */
---
> /* Class = "NSTextFieldCell"; title = "색상"; ObjectID = "286"; */
86,87c86,87
< /* Class = "NSTextFieldCell"; title = "Opacity"; ObjectID = "288"; */
< "288.title" = "Opacity";
---
> /* Class = "NSTextFieldCell"; title = "불투명도"; ObjectID = "288"; */
> "288.title" = "불투명도";
89,90c89,90
< /* Class = "NSTextFieldCell"; title = "Opacity"; ObjectID = "368"; */
< "368.title" = "Opacity";
---
> /* Class = "NSTextFieldCell"; title = "불투명도"; ObjectID = "368"; */
> "368.title" = "불투명도";
95c95
< /* Class = "NSTextFieldCell"; title = "Colour"; ObjectID = "370"; */
---
> /* Class = "NSTextFieldCell"; title = "색상"; ObjectID = "370"; */
98,99c98,99
< /* Class = "NSButtonCell"; title = "Outline"; ObjectID = "371"; */
< "371.title" = "Outline";
---
> /* Class = "NSButtonCell"; title = "외형"; ObjectID = "371"; */
> "371.title" = "외형";
101,102c101,102
< /* Class = "NSTextFieldCell"; title = "Radius"; ObjectID = "373"; */
< "373.title" = "Radius";
---
> /* Class = "NSTextFieldCell"; title = "반지름"; ObjectID = "373"; */
> "373.title" = "반지름";
104,105c104,105
< /* Class = "NSTextFieldCell"; title = "Opacity"; ObjectID = "426"; */
< "426.title" = "Opacity";
---
> /* Class = "NSTextFieldCell"; title = "불투명도"; ObjectID = "426"; */
> "426.title" = "불투명도";
107,108c107,108
< /* Class = "NSTextFieldCell"; title = "Angle"; ObjectID = "427"; */
< "427.title" = "Angle";
---
> /* Class = "NSTextFieldCell"; title = "각도"; ObjectID = "427"; */
> "427.title" = "각도";
113c113
< /* Class = "NSTextFieldCell"; title = "Colour"; ObjectID = "429"; */
---
> /* Class = "NSTextFieldCell"; title = "색상"; ObjectID = "429"; */
116,117c116,117
< /* Class = "NSButtonCell"; title = "Inner Shadow"; ObjectID = "430"; */
< "430.title" = "Inner Shadow";
---
> /* Class = "NSButtonCell"; title = "내부 그림자"; ObjectID = "430"; */
> "430.title" = "내부 그림자";
119,120c119,120
< /* Class = "NSTextFieldCell"; title = "Radius"; ObjectID = "432"; */
< "432.title" = "Radius";
---
> /* Class = "NSTextFieldCell"; title = "반지름"; ObjectID = "432"; */
> "432.title" = "반지름";
122,123c122,123
< /* Class = "NSTextFieldCell"; title = "Offset"; ObjectID = "433"; */
< "433.title" = "Offset";
---
> /* Class = "NSTextFieldCell"; title = "편차"; ObjectID = "433"; */
> "433.title" = "편차";
125,126c125,126
< /* Class = "NSButtonCell"; title = "Offset Tool"; ObjectID = "499"; */
< "499.title" = "Offset Tool";
---
> /* Class = "NSButtonCell"; title = "편차 도구"; ObjectID = "499"; */
> "499.title" = "편차 도구";
128,129c128,129
< /* Class = "NSButtonCell"; title = "Offset Tool"; ObjectID = "503"; */
< "503.title" = "Offset Tool";
---
> /* Class = "NSButtonCell"; title = "편차 도구"; ObjectID = "503"; */
> "503.title" = "편차 도구";
131,132c131,132
< /* Class = "NSButtonCell"; title = "Gradient Overlay"; ObjectID = "517"; */
< "517.title" = "Gradient Overlay";
---
> /* Class = "NSButtonCell"; title = "그레이디언트 오버레이"; ObjectID = "517"; */
> "517.title" = "그레이디언트 오버레이";
134,135c134,135
< /* Class = "NSTextFieldCell"; title = "Opacity"; ObjectID = "519"; */
< "519.title" = "Opacity";
---
> /* Class = "NSTextFieldCell"; title = "불투명도"; ObjectID = "519"; */
> "519.title" = "불투명도";
137,138c137,138
< /* Class = "NSButton"; ibShadowedToolTip = "Layer Effects"; ObjectID = "1H6-yn-E9C"; */
< "1H6-yn-E9C.ibShadowedToolTip" = "Layer Effects";
---
> /* Class = "NSButton"; ibShadowedToolTip = "레이어 효과"; ObjectID = "1H6-yn-E9C"; */
> "1H6-yn-E9C.ibShadowedToolTip" = "레이어 효과";
140,141c140,141
< /* Class = "NSButton"; ibShadowedToolTip = "Layer Effects"; ObjectID = "2Dm-mX-vtu"; */
< "2Dm-mX-vtu.ibShadowedToolTip" = "Layer Effects";
---
> /* Class = "NSButton"; ibShadowedToolTip = "레이어 효과"; ObjectID = "2Dm-mX-vtu"; */
> "2Dm-mX-vtu.ibShadowedToolTip" = "레이어 효과";
143,144c143,144
< /* Class = "NSButton"; ibShadowedToolTip = "Layer Effects"; ObjectID = "9aJ-JE-4q1"; */
< "9aJ-JE-4q1.ibShadowedToolTip" = "Layer Effects";
---
> /* Class = "NSButton"; ibShadowedToolTip = "레이어 효과"; ObjectID = "9aJ-JE-4q1"; */
> "9aJ-JE-4q1.ibShadowedToolTip" = "레이어 효과";
146,147c146,147
< /* Class = "NSButtonCell"; title = "Preserve alpha"; ObjectID = "Ddr-yg-XK5"; */
< "Ddr-yg-XK5.title" = "Preserve alpha";
---
> /* Class = "NSButtonCell"; title = "알파 유지"; ObjectID = "Ddr-yg-XK5"; */
> "Ddr-yg-XK5.title" = "알파 유지";
149,150c149,150
< /* Class = "NSButton"; ibShadowedToolTip = "Layer Effects"; ObjectID = "S9k-Z5-Iqu"; */
< "S9k-Z5-Iqu.ibShadowedToolTip" = "Layer Effects";
---
> /* Class = "NSButton"; ibShadowedToolTip = "레이어 효과"; ObjectID = "S9k-Z5-Iqu"; */
> "S9k-Z5-Iqu.ibShadowedToolTip" = "레이어 효과";
152,153c152,153
< /* Class = "NSButton"; ibShadowedToolTip = "Layer Effects"; ObjectID = "TiS-dU-52M"; */
< "TiS-dU-52M.ibShadowedToolTip" = "Layer Effects";
---
> /* Class = "NSButton"; ibShadowedToolTip = "레이어 효과"; ObjectID = "TiS-dU-52M"; */
> "TiS-dU-52M.ibShadowedToolTip" = "레이어 효과";
155,156c155,156
< /* Class = "NSButton"; ibShadowedToolTip = "Layer Effects"; ObjectID = "Zc6-J4-KKT"; */
< "Zc6-J4-KKT.ibShadowedToolTip" = "Layer Effects";
---
> /* Class = "NSButton"; ibShadowedToolTip = "레이어 효과"; ObjectID = "Zc6-J4-KKT"; */
> "Zc6-J4-KKT.ibShadowedToolTip" = "레이어 효과";
158,159c158,159
< /* Class = "NSButton"; ibShadowedToolTip = "Layer Effects"; ObjectID = "ecr-gU-pA7"; */
< "ecr-gU-pA7.ibShadowedToolTip" = "Layer Effects";
---
> /* Class = "NSButton"; ibShadowedToolTip = "레이어 효과"; ObjectID = "ecr-gU-pA7"; */
> "ecr-gU-pA7.ibShadowedToolTip" = "레이어 효과";
161,162c161,162
< /* Class = "NSButton"; ibShadowedToolTip = "Layer Effects"; ObjectID = "qwD-56-goS"; */
< "qwD-56-goS.ibShadowedToolTip" = "Layer Effects";
---
> /* Class = "NSButton"; ibShadowedToolTip = "레이어 효과"; ObjectID = "qwD-56-goS"; */
> "qwD-56-goS.ibShadowedToolTip" = "레이어 효과";
164,165c164,165
< /* Class = "NSButton"; ibShadowedToolTip = "Layer Effects"; ObjectID = "yBm-Yy-u09"; */
< "yBm-Yy-u09.ibShadowedToolTip" = "Layer Effects";
---
> /* Class = "NSButton"; ibShadowedToolTip = "레이어 효과"; ObjectID = "yBm-Yy-u09"; */
> "yBm-Yy-u09.ibShadowedToolTip" = "레이어 효과";
