2,7c2,6
< 12c12
< 15c15
< 18c18
< 21c21
< 24c24
< 3c3
---
> 11,12c11,12
> 14,15c14,15
> 17,18c17,18
> 2,3c2,3
> 5,6c5,6
8a8
> < "24.title" = "Text Cell";
12,19c12,26
< < "TM0-JW-Msu.ibShadowedToolTip" = "Move up";
< < "ddh-1K-anr.ibShadowedToolTip" = "Move down";
< > "1.title" = "レイヤーエフェクト";
< > "271.title" = "閉じる";
< > "275.title" = "オブジェクトとともにスケーリング";
< > "278.title" = "塗りつぶしの不透明度:";
< > "TM0-JW-Msu.ibShadowedToolTip" = "上へ移動";
< > "ddh-1K-anr.ibShadowedToolTip" = "下へ移動";
---
> > "1.title" = "레이어 효과";
> > "24.title" = "텍스트 셀";
> > "271.title" = "닫기";
> > "275.title" = "오브젝트와 함께 배율";
> > "278.title" = "칠 불투명도:";
