2,3c2,3
< /* Class = "NSWindow"; title = "Layer Effects"; ObjectID = "1"; */
< "1.title" = "Layer Effects";
---
> /* Class = "NSWindow"; title = "레이어 효과"; ObjectID = "1"; */
> "1.title" = "레이어 효과";
5,6c5,6
< /* Class = "NSTextFieldCell"; title = "Text Cell"; ObjectID = "24"; */
< "24.title" = "Text Cell";
---
> /* Class = "NSTextFieldCell"; title = "텍스트 셀"; ObjectID = "24"; */
> "24.title" = "텍스트 셀";
11,12c11,12
< /* Class = "NSButtonCell"; title = "Close"; ObjectID = "271"; */
< "271.title" = "Close";
---
> /* Class = "NSButtonCell"; title = "닫기"; ObjectID = "271"; */
> "271.title" = "닫기";
14,15c14,15
< /* Class = "NSButtonCell"; title = "Scale with Object"; ObjectID = "275"; */
< "275.title" = "Scale with Object";
---
> /* Class = "NSButtonCell"; title = "오브젝트와 함께 배율"; ObjectID = "275"; */
> "275.title" = "오브젝트와 함께 배율";
17,18c17,18
< /* Class = "NSTextFieldCell"; title = "Fill Opacity:"; ObjectID = "278"; */
< "278.title" = "Fill Opacity:";
---
> /* Class = "NSTextFieldCell"; title = "칠 불투명도:"; ObjectID = "278"; */
> "278.title" = "칠 불투명도:";
