92,121c92,96
< ---
< ---
< ---
< ---
< ---
< ---
< ---
< ---
< ---
< ---
< ---
< ---
< ---
< ---
< ---
< ---
< ---
< ---
< ---
< ---
< ---
< ---
< ---
< ---
< ---
< 102c102
< 108c108
< 114c114
< 120c120
< 126c126
---
> 101,102c101,102
> 107,108c107,108
> 113,114c113,114
> 119,120c119,120
> 125,126c125,126
123,171c98,129
< 132c132
< 138c138
< 141c141
< 144c144
< 147c147
< 150c150
< 153c153
< 156c156
< 15c15
< 162c162
< 165c165
< 168c168
< 171c171
< 174c174
< 177c177
< 180c180
< 183c183
< 186c186
< 189c189
< 18c18
< 192c192
< 195c195
< 201c201
< 204c204
< 207c207
< 210c210
< 213c213
< 216c216
< 219c219
< 21c21
< 222c222
< 228c228
< 231c231
< 234c234
< 237c237
< 240c240
< 243c243
< 246c246
< 249c249
< 24c24
< 252c252
< 255c255
< 258c258
< 261c261
< 264c264
< 267c267
< 270c270
< 276c276
< 279c279
---
> 131,132c131,132
> 137,138c137,138
> 14,15c14,15
> 140c140
> 143,144c143,144
> 146,147c146,147
> 149,150c149,150
> 152,153c152,153
> 155,156c155,156
> 161,162c161,162
> 164,165c164,165
> 167,168c167,168
> 17,18c17,18
> 173,174c173,174
> 176,177c176,177
> 188,189c188,189
> 191,192c191,192
> 2,3c2,3
> 20,21c20,21
> 203,204c203,204
> 206,207c206,207
> 212,213c212,213
> 215,216c215,216
> 218,219c218,219
> 221,222c221,222
> 227,228c227,228
> 23,24c23,24
> 245,246c245,246
> 248,249c248,249
> 266,267c266,267
> 275,276c275,276
> 278,279c278,279
173,181c131,139
< 282c282
< 285c285
< 288c288
< 294c294
< 297c297
< 300c300
< 303c303
< 306c306
< 309c309
---
> 281,282c281,282
> 284,285c284,285
> 287,288c287,288
> 293,294c293,294
> 296,297c296,297
> 299,300c299,300
> 302,303c302,303
> 305,306c305,306
> 308,309c308,309
183,190c141,148
< 312c312
< 315c315
< 318c318
< 321c321
< 324c324
< 327c327
< 330c330
< 333c333
---
> 311,312c311,312
> 314,315c314,315
> 317,318c317,318
> 32,33c32,33
> 320,321c320,321
> 323,324c323,324
> 326,327c326,327
> 329,330c329,330
192,212c150,162
< 339c339
< 33c33
< 342c342
< 345c345
< 348c348
< 351c351
< 357c357
< 360c360
< 363c363
< 366c366
< 369c369
< 36c36
< 372c372
< 375c375
< 378c378
< 381c381
< 384c384
< 387c387
< 390c390
< 39c39
< 3c3
---
> 338,339c338,339
> 341,342c341,342
> 344,345c344,345
> 347,348c347,348
> 35,36c35,36
> 356,357c356,357
> 362,363c362,363
> 371,372c371,372
> 374,375c374,375
> 38,39c38,39
> 383,384c383,384
> 386,387c386,387
> 389,390c389,390
214,219c164,170
< 45c45
< 48c48
< 51c51
< 54c54
< 57c57
< 60c60
---
> 44,45c44,45
> 47,48c47,48
> 5,6c5,6
> 50,51c50,51
> 53,54c53,54
> 56,57c56,57
> 59,60c59,60
221,224c172,174
< 66c66
< 69c69
< 6c6
< 72c72
---
> 65,66c65,66
> 68,69c68,69
> 71,72c71,72
226,229c176,179
< 78c78
< 81c81
< 84c84
< 87c87
---
> 77,78c77,78
> 80,81c80,81
> 83,84c83,84
> 86,87c86,87
231,233c181,182
< 93c93
< 96c96
< < "1007.title" = "Highlight:";
---
> 92,93c92,93
> 95,96c95,96
236,237d184
< < "1083.title" = "Fill knocks out shadow";
< < "1091.title" = "Solid color";
240d186
< < "1099.label" = "Solid color";
246,250d191
< < "1154.title" = "Gradient:";
< < "1165.title" = "Scale X:";
< < "1171.title" = "Scale Y:";
< < "1180.title" = "Offset Y:";
< < "1181.title" = "Offset X:";
254,258d194
< < "1242.title" = "Offset Y:";
< < "1243.title" = "Offset X:";
< < "1244.title" = "Scale Y:";
< < "1245.title" = "Scale X:";
< < "1246.title" = "Gradient:";
260d195
< < "1275.title" = "Gradient:";
309d243
< < "7Xc-9F-TTE.title" = "Specular:";
316d249
< < "912.title" = "Center";
325d257
< < "944.title" = "Pillow";
329,330d260
< < "978.title" = "Azimuth:";
< < "982.title" = "Elevation:";
336d265
< < "JRt-w1-ys5.title" = "Shininess:";
338d266
< < "TfO-jF-PQ8.title" = "Ambient:";
340,341d267
< < "b17-xr-WVH.title" = "Ambient light color:";
< < "bXO-sD-Upv.title" = "Specular color:";
344,345d269
< < "gNU-iI-0DP.title" = "Elevation:";
< < "i6m-A5-rN7.title" = "Azimuth:";
349,464c273,528
< > "1007.title" = "ハイライト:";
< > "1009.title" = "シャドウ:";
< > "1052.title" = "プロファイル:";
< > "1083.title" = "塗りつぶしでシャドウをノックアウト";
< > "1091.title" = "単色";
< > "1092.title" = "輪郭";
< > "1094.title" = "塗りつぶしスタイル:";
< > "1099.label" = "単色";
< > "1100.label" = "グラデーション";
< > "1119.title" = "グラデーション";
< > "1120.ibExternalUserDefinedRuntimeAttributesLocalizableStrings[0]" = "グラデーションオーバーレイ";
< > "1133.title" = "描画モード:";
< > "1149.title" = "不透明度:";
< > "1154.title" = "グラデーション:";
< > "1165.title" = "スケールX:";
< > "1171.title" = "スケールY:";
< > "1180.title" = "オフセットY:";
< > "1181.title" = "オフセットX:";
< > "1188.title" = "角度:";
< > "123.ibExternalUserDefinedRuntimeAttributesLocalizableStrings[0]" = "ベベル/エンボス";
< > "1241.title" = "角度:";
< > "1242.title" = "オフセットY:";
< > "1243.title" = "オフセットX:";
< > "1244.title" = "スケールY:";
< > "1245.title" = "スケールX:";
< > "1246.title" = "グラデーション:";
< > "1257.label" = "輪郭";
< > "1275.title" = "グラデーション:";
< > "130.title" = "半径:";
< > "1318.title" = "円錐形";
< > "1319.title" = "楕円形";
< > "1320.title" = "放射状";
< > "1321.title" = "線形";
< > "1322.title" = "タイプ:";
< > "1330.title" = "線形";
< > "1331.title" = "放射状";
< > "1332.title" = "楕円形";
< > "1333.title" = "円錐形";
< > "1334.title" = "タイプ:";
< > "1344.title" = "強度:";
< > "1352.title" = "強度:";
< > "1356.title" = "強度:";
< > "1360.title" = "強度:";
< > "1378.title" = "プロファイルを削除";
< > "141.ibExternalUserDefinedRuntimeAttributesLocalizableStrings[0]" = "外側の光彩";
< > "148.title" = "半径:";
< > "161.title" = "カラー:";
< > "181.title" = "カラー:";
< > "188.ibExternalUserDefinedRuntimeAttributesLocalizableStrings[0]" = "外側のシャドウ";
< > "2.ibExternalUserDefinedRuntimeAttributesLocalizableStrings[0]" = "ガウスぼかし";
< > "201.title" = "オフセット:";
< > "202.title" = "半径:";
< > "205.title" = "カラー:";
< > "207.title" = "角度:";
< > "208.title" = "不透明度:";
< > "215.title" = "不透明度:";
< > "221.title" = "不透明度:";
< > "274.ibExternalUserDefinedRuntimeAttributesLocalizableStrings[0]" = "内側の光彩";
< > "283.title" = "半径:";
< > "286.title" = "カラー:";
< > "288.title" = "不透明度:";
< > "30.title" = "半径:";
< > "359.ibExternalUserDefinedRuntimeAttributesLocalizableStrings[0]" = "アウトライン";
< > "368.title" = "不透明度:";
< > "370.title" = "カラー:";
< > "373.title" = "半径:";
< > "3Gn-JZ-cns.title" = "拡散:";
< > "411.ibExternalUserDefinedRuntimeAttributesLocalizableStrings[0]" = "内側のシャドウ";
< > "426.title" = "不透明度:";
< > "427.title" = "角度:";
< > "429.title" = "カラー:";
< > "432.title" = "半径:";
< > "433.title" = "オフセット:";
< > "4LO-YN-15L.title" = "半径:";
< > "59C-Bj-tvb.title" = "プロファイル:";
< > "788.title" = "描画モード:";
< > "7Xc-9F-TTE.title" = "スペキュラ:";
< > "812.title" = "描画モード:";
< > "821.title" = "描画モード:";
< > "830.title" = "描画モード:";
< > "839.title" = "描画モード:";
< > "857.title" = "描画モード:";
< > "911.title" = "内側";
< > "912.title" = "中央";
< > "913.title" = "外側";
< > "914.title" = "行揃え:";
< > "924.title" = "深さ:";
< > "930.title" = "ぼかし:";
< > "937.title" = "タイプ:";
< > "941.title" = "内側";
< > "942.title" = "外側";
< > "943.title" = "エンボス";
< > "944.title" = "ピロー";
< > "946.title" = "反転";
< > "954.title" = "向き:";
< > "96.ibExternalUserDefinedRuntimeAttributesLocalizableStrings[0]" = "カラーオーバーレイ";
< > "978.title" = "方位角:";
< > "982.title" = "仰角:";
< > "CbL-g2-7Ll.title" = "カラー:";
< > "DQs-Mg-dcM.title" = "アルファの維持";
< > "ENj-RY-fSm.title" = "削除";
< > "HPN-yv-19f.title" = "追加";
< > "Hu6-F0-5qY.title" = "プロファイルを削除";
< > "JRt-w1-ys5.title" = "光沢:";
< > "Nsh-Uv-K3G.title" = "不透明度:";
< > "TfO-jF-PQ8.title" = "アンビエント:";
< > "WRm-vP-u7z.title" = "光源:";
< > "b17-xr-WVH.title" = "アンビエントライトカラー:";
< > "bXO-sD-Upv.title" = "スペキュラカラー:";
< > "bnU-1x-w36.title" = "深さ:";
< > "ea7-W3-Wzy.title" = "ぼかし:";
< > "gNU-iI-0DP.title" = "仰角:";
< > "i6m-A5-rN7.title" = "方位角:";
< > "o2b-GG-sgp.title" = "オフセットツール";
< > "vD7-Sh-4w6.title" = "オフセットツール";
< > "xpj-Mc-gRZ.title" = "向き:";
---
> < /* Class = "NSButtonCell"; title = "Add"; ObjectID = "HPN-yv-19f"; */
> < /* Class = "NSButtonCell"; title = "Invert"; ObjectID = "946"; */
> < /* Class = "NSButtonCell"; title = "Offset Tool"; ObjectID = "o2b-GG-sgp"; */
> < /* Class = "NSButtonCell"; title = "Offset Tool"; ObjectID = "vD7-Sh-4w6"; */
> < /* Class = "NSButtonCell"; title = "Preserve alpha"; ObjectID = "DQs-Mg-dcM"; */
> < /* Class = "NSButtonCell"; title = "Remove Profile"; ObjectID = "1378"; */
> < /* Class = "NSButtonCell"; title = "Remove Profile"; ObjectID = "Hu6-F0-5qY"; */
> < /* Class = "NSButtonCell"; title = "Remove"; ObjectID = "ENj-RY-fSm"; */
> < /* Class = "NSMenuItem"; title = "Centre"; ObjectID = "912"; */
> < /* Class = "NSMenuItem"; title = "Conical"; ObjectID = "1318"; */
> < /* Class = "NSMenuItem"; title = "Conical"; ObjectID = "1333"; */
> < /* Class = "NSMenuItem"; title = "Contour"; ObjectID = "1092"; */
> < /* Class = "NSMenuItem"; title = "Elliptical"; ObjectID = "1319"; */
> < /* Class = "NSMenuItem"; title = "Elliptical"; ObjectID = "1332"; */
> < /* Class = "NSMenuItem"; title = "Emboss"; ObjectID = "943"; */
> < /* Class = "NSMenuItem"; title = "Gradient"; ObjectID = "1119"; */
> < /* Class = "NSMenuItem"; title = "Inner"; ObjectID = "941"; */
> < /* Class = "NSMenuItem"; title = "Inside"; ObjectID = "911"; */
> < /* Class = "NSMenuItem"; title = "Linear"; ObjectID = "1321"; */
> < /* Class = "NSMenuItem"; title = "Linear"; ObjectID = "1330"; */
> < /* Class = "NSMenuItem"; title = "Outer"; ObjectID = "942"; */
> < /* Class = "NSMenuItem"; title = "Outside"; ObjectID = "913"; */
> < /* Class = "NSMenuItem"; title = "Radial"; ObjectID = "1320"; */
> < /* Class = "NSMenuItem"; title = "Radial"; ObjectID = "1331"; */
> < /* Class = "NSTabViewItem"; label = "Contour"; ObjectID = "1257"; */
> < /* Class = "NSTabViewItem"; label = "Gradient"; ObjectID = "1100"; */
> < /* Class = "NSTextFieldCell"; title = "Alignment:"; ObjectID = "914"; */
> < /* Class = "NSTextFieldCell"; title = "Angle:"; ObjectID = "1188"; */
> < /* Class = "NSTextFieldCell"; title = "Angle:"; ObjectID = "1241"; */
> < /* Class = "NSTextFieldCell"; title = "Angle:"; ObjectID = "207"; */
> < /* Class = "NSTextFieldCell"; title = "Angle:"; ObjectID = "427"; */
> < /* Class = "NSTextFieldCell"; title = "Blend mode:"; ObjectID = "1133"; */
> < /* Class = "NSTextFieldCell"; title = "Blend mode:"; ObjectID = "788"; */
> < /* Class = "NSTextFieldCell"; title = "Blend mode:"; ObjectID = "812"; */
> < /* Class = "NSTextFieldCell"; title = "Blend mode:"; ObjectID = "821"; */
> < /* Class = "NSTextFieldCell"; title = "Blend mode:"; ObjectID = "830"; */
> < /* Class = "NSTextFieldCell"; title = "Blend mode:"; ObjectID = "839"; */
> < /* Class = "NSTextFieldCell"; title = "Blend mode:"; ObjectID = "857"; */
> < /* Class = "NSTextFieldCell"; title = "Depth:"; ObjectID = "924"; */
> < /* Class = "NSTextFieldCell"; title = "Depth:"; ObjectID = "bnU-1x-w36"; */
> < /* Class = "NSTextFieldCell"; title = "Diffuse:"; ObjectID = "3Gn-JZ-cns"; */
> < /* Class = "NSTextFieldCell"; title = "Direction:"; ObjectID = "954"; */
> < /* Class = "NSTextFieldCell"; title = "Direction:"; ObjectID = "xpj-Mc-gRZ"; */
> < /* Class = "NSTextFieldCell"; title = "Fill style:"; ObjectID = "1094"; */
> < /* Class = "NSTextFieldCell"; title = "Intensity:"; ObjectID = "1344"; */
> < /* Class = "NSTextFieldCell"; title = "Intensity:"; ObjectID = "1352"; */
> < /* Class = "NSTextFieldCell"; title = "Intensity:"; ObjectID = "1356"; */
> < /* Class = "NSTextFieldCell"; title = "Intensity:"; ObjectID = "1360"; */
> < /* Class = "NSTextFieldCell"; title = "Light source:"; ObjectID = "WRm-vP-u7z"; */
> < /* Class = "NSTextFieldCell"; title = "Offset:"; ObjectID = "201"; */
> < /* Class = "NSTextFieldCell"; title = "Offset:"; ObjectID = "433"; */
> < /* Class = "NSTextFieldCell"; title = "Opacity:"; ObjectID = "1149"; */
> < /* Class = "NSTextFieldCell"; title = "Opacity:"; ObjectID = "208"; */
> < /* Class = "NSTextFieldCell"; title = "Opacity:"; ObjectID = "215"; */
> < /* Class = "NSTextFieldCell"; title = "Opacity:"; ObjectID = "221"; */
> < /* Class = "NSTextFieldCell"; title = "Opacity:"; ObjectID = "288"; */
> < /* Class = "NSTextFieldCell"; title = "Opacity:"; ObjectID = "368"; */
> < /* Class = "NSTextFieldCell"; title = "Opacity:"; ObjectID = "426"; */
> < /* Class = "NSTextFieldCell"; title = "Opacity:"; ObjectID = "Nsh-Uv-K3G"; */
> < /* Class = "NSTextFieldCell"; title = "Profile:"; ObjectID = "1052"; */
> < /* Class = "NSTextFieldCell"; title = "Profile:"; ObjectID = "59C-Bj-tvb"; */
> < /* Class = "NSTextFieldCell"; title = "Radius:"; ObjectID = "130"; */
> < /* Class = "NSTextFieldCell"; title = "Radius:"; ObjectID = "148"; */
> < /* Class = "NSTextFieldCell"; title = "Radius:"; ObjectID = "202"; */
> < /* Class = "NSTextFieldCell"; title = "Radius:"; ObjectID = "283"; */
> < /* Class = "NSTextFieldCell"; title = "Radius:"; ObjectID = "30"; */
> < /* Class = "NSTextFieldCell"; title = "Radius:"; ObjectID = "373"; */
> < /* Class = "NSTextFieldCell"; title = "Radius:"; ObjectID = "432"; */
> < /* Class = "NSTextFieldCell"; title = "Radius:"; ObjectID = "4LO-YN-15L"; */
> < /* Class = "NSTextFieldCell"; title = "Shadow:"; ObjectID = "1009"; */
> < /* Class = "NSTextFieldCell"; title = "Soften:"; ObjectID = "930"; */
> < /* Class = "NSTextFieldCell"; title = "Soften:"; ObjectID = "ea7-W3-Wzy"; */
> < /* Class = "NSTextFieldCell"; title = "Type:"; ObjectID = "1322"; */
> < /* Class = "NSTextFieldCell"; title = "Type:"; ObjectID = "1334"; */
> < /* Class = "NSTextFieldCell"; title = "Type:"; ObjectID = "937"; */
> < /* Class = "NSView"; 1120.ibExternalUserDefinedRuntimeAttributesLocalizableStrings[0] = "Gradient Overlay"; ObjectID = "1120"; */
> < /* Class = "NSView"; 123.ibExternalUserDefinedRuntimeAttributesLocalizableStrings[0] = "Bevel / Emboss"; ObjectID = "123"; */
> < /* Class = "NSView"; 141.ibExternalUserDefinedRuntimeAttributesLocalizableStrings[0] = "Outer Glow"; ObjectID = "141"; */
> < /* Class = "NSView"; 188.ibExternalUserDefinedRuntimeAttributesLocalizableStrings[0] = "Outer Shadow"; ObjectID = "188"; */
> < /* Class = "NSView"; 2.ibExternalUserDefinedRuntimeAttributesLocalizableStrings[0] = "Gaussian Blur"; ObjectID = "2"; */
> < /* Class = "NSView"; 274.ibExternalUserDefinedRuntimeAttributesLocalizableStrings[0] = "Inner Glow"; ObjectID = "274"; */
> < /* Class = "NSView"; 359.ibExternalUserDefinedRuntimeAttributesLocalizableStrings[0] = "Outline"; ObjectID = "359"; */
> < /* Class = "NSView"; 411.ibExternalUserDefinedRuntimeAttributesLocalizableStrings[0] = "Inner Shadow"; ObjectID = "411"; */
> > "1009.title" = "그림자:";
> > "1052.title" = "프로파일:";
> > "1092.title" = "등고선";
> > "1094.title" = "칠 스타일:";
> > "1100.label" = "그레이디언트";
> > "1119.title" = "그레이디언트";
> > "1120.ibExternalUserDefinedRuntimeAttributesLocalizableStrings[0]" = "그레이디언트 오버레이";
> > "1133.title" = "혼합 모드:";
> > "1149.title" = "불투명도:";
> > "1188.title" = "각도:";
> > "123.ibExternalUserDefinedRuntimeAttributesLocalizableStrings[0]" = "음각 / 양각";
> > "1241.title" = "각도:";
> > "1257.label" = "등고선";
> > "130.title" = "반지름:";
> > "1318.title" = "원뿔형";
> > "1319.title" = "타원형";
> > "1320.title" = "방사형";
> > "1321.title" = "선형";
> > "1322.title" = "종류:";
> > "1330.title" = "선형";
> > "1331.title" = "방사형";
> > "1332.title" = "타원형";
> > "1333.title" = "원뿔형";
> > "1334.title" = "종류:";
> > "1344.title" = "세기:";
> > "1352.title" = "세기:";
> > "1356.title" = "세기:";
> > "1360.title" = "세기:";
> > "1378.title" = "프로파일 지우기";
> > "141.ibExternalUserDefinedRuntimeAttributesLocalizableStrings[0]" = "외부 광채";
> > "148.title" = "반지름:";
> > "161.title" = "색상:";
> > "181.title" = "색상:";
> > "188.ibExternalUserDefinedRuntimeAttributesLocalizableStrings[0]" = "외부 그림자";
> > "2.ibExternalUserDefinedRuntimeAttributesLocalizableStrings[0]" = "가우시안 블러";
> > "201.title" = "편차:";
> > "202.title" = "반지름:";
> > "205.title" = "색상:";
> > "207.title" = "각도:";
> > "208.title" = "불투명도:";
> > "215.title" = "불투명도:";
> > "221.title" = "불투명도:";
> > "274.ibExternalUserDefinedRuntimeAttributesLocalizableStrings[0]" = "내부 광채";
> > "283.title" = "반지름:";
> > "286.title" = "색상:";
> > "288.title" = "불투명도:";
> > "30.title" = "반지름:";
> > "359.ibExternalUserDefinedRuntimeAttributesLocalizableStrings[0]" = "외형";
> > "368.title" = "불투명도:";
> > "370.title" = "색상:";
> > "373.title" = "반지름:";
> > "3Gn-JZ-cns.title" = "확산:";
> > "411.ibExternalUserDefinedRuntimeAttributesLocalizableStrings[0]" = "내부 그림자";
> > "426.title" = "불투명도:";
> > "427.title" = "각도:";
> > "429.title" = "색상:";
> > "432.title" = "반지름:";
> > "433.title" = "편차:";
> > "4LO-YN-15L.title" = "반지름:";
> > "59C-Bj-tvb.title" = "프로파일:";
> > "788.title" = "혼합 모드:";
> > "812.title" = "혼합 모드:";
> > "821.title" = "혼합 모드:";
> > "830.title" = "혼합 모드:";
> > "839.title" = "혼합 모드:";
> > "857.title" = "혼합 모드:";
> > "911.title" = "안으로";
> > "913.title" = "바깥";
> > "914.title" = "정렬:";
> > "924.title" = "깊이:";
> > "930.title" = "부드럽게:";
> > "937.title" = "종류:";
> > "941.title" = "내부";
> > "942.title" = "외부";
> > "943.title" = "양각";
> > "946.title" = "반전";
> > "954.title" = "방향:";
> > "96.ibExternalUserDefinedRuntimeAttributesLocalizableStrings[0]" = "색상 오버레이";
> > "CbL-g2-7Ll.title" = "색상:";
> > "DQs-Mg-dcM.title" = "알파 유지";
> > "ENj-RY-fSm.title" = "지우기";
> > "HPN-yv-19f.title" = "추가";
> > "Hu6-F0-5qY.title" = "프로파일 지우기";
> > "Nsh-Uv-K3G.title" = "불투명도:";
> > "WRm-vP-u7z.title" = "광원:";
> > "bnU-1x-w36.title" = "깊이:";
> > "ea7-W3-Wzy.title" = "부드럽게:";
> > "o2b-GG-sgp.title" = "편차 도구";
> > "vD7-Sh-4w6.title" = "편차 도구";
> > "xpj-Mc-gRZ.title" = "방향:";
> > /* Class = "NSButtonCell"; title = "알파 유지"; ObjectID = "DQs-Mg-dcM"; */
> > /* Class = "NSButtonCell"; title = "편차 도구"; ObjectID = "o2b-GG-sgp"; */
> > /* Class = "NSButtonCell"; title = "편차 도구"; ObjectID = "vD7-Sh-4w6"; */
> > /* Class = "NSButtonCell"; title = "반전"; ObjectID = "946"; */
> > /* Class = "NSButtonCell"; title = "추가"; ObjectID = "HPN-yv-19f"; */
> > /* Class = "NSButtonCell"; title = "지우기"; ObjectID = "ENj-RY-fSm"; */
> > /* Class = "NSButtonCell"; title = "프로파일 지우기"; ObjectID = "1378"; */
> > /* Class = "NSButtonCell"; title = "프로파일 지우기"; ObjectID = "Hu6-F0-5qY"; */
> > /* Class = "NSMenuItem"; title = "선형"; ObjectID = "1321"; */
> > /* Class = "NSMenuItem"; title = "선형"; ObjectID = "1330"; */
> > /* Class = "NSMenuItem"; title = "바깥"; ObjectID = "913"; */
> > /* Class = "NSMenuItem"; title = "내부"; ObjectID = "941"; */
> > /* Class = "NSMenuItem"; title = "외부"; ObjectID = "942"; */
> > /* Class = "NSMenuItem"; title = "양각"; ObjectID = "943"; */
> > /* Class = "NSMenuItem"; title = "등고선"; ObjectID = "1092"; */
> > /* Class = "NSMenuItem"; title = "원뿔형"; ObjectID = "1318"; */
> > /* Class = "NSMenuItem"; title = "타원형"; ObjectID = "1319"; */
> > /* Class = "NSMenuItem"; title = "방사형"; ObjectID = "1320"; */
> > /* Class = "NSMenuItem"; title = "방사형"; ObjectID = "1331"; */
> > /* Class = "NSMenuItem"; title = "타원형"; ObjectID = "1332"; */
> > /* Class = "NSMenuItem"; title = "원뿔형"; ObjectID = "1333"; */
> > /* Class = "NSMenuItem"; title = "안으로"; ObjectID = "911"; */
> > /* Class = "NSMenuItem"; title = "가운데"; ObjectID = "912"; */
> > /* Class = "NSMenuItem"; title = "그레이디언트"; ObjectID = "1119"; */
> > /* Class = "NSTabViewItem"; label = "등고선"; ObjectID = "1257"; */
> > /* Class = "NSTabViewItem"; label = "그레이디언트"; ObjectID = "1100"; */
> > /* Class = "NSTextFieldCell"; title = "칠 스타일:"; ObjectID = "1094"; */
> > /* Class = "NSTextFieldCell"; title = "혼합 모드:"; ObjectID = "1133"; */
> > /* Class = "NSTextFieldCell"; title = "혼합 모드:"; ObjectID = "788"; */
> > /* Class = "NSTextFieldCell"; title = "혼합 모드:"; ObjectID = "812"; */
> > /* Class = "NSTextFieldCell"; title = "혼합 모드:"; ObjectID = "821"; */
> > /* Class = "NSTextFieldCell"; title = "혼합 모드:"; ObjectID = "830"; */
> > /* Class = "NSTextFieldCell"; title = "혼합 모드:"; ObjectID = "839"; */
> > /* Class = "NSTextFieldCell"; title = "혼합 모드:"; ObjectID = "857"; */
> > /* Class = "NSTextFieldCell"; title = "각도:"; ObjectID = "1188"; */
> > /* Class = "NSTextFieldCell"; title = "각도:"; ObjectID = "1241"; */
> > /* Class = "NSTextFieldCell"; title = "종류:"; ObjectID = "1322"; */
> > /* Class = "NSTextFieldCell"; title = "종류:"; ObjectID = "1334"; */
> > /* Class = "NSTextFieldCell"; title = "세기:"; ObjectID = "1344"; */
> > /* Class = "NSTextFieldCell"; title = "세기:"; ObjectID = "1352"; */
> > /* Class = "NSTextFieldCell"; title = "세기:"; ObjectID = "1356"; */
> > /* Class = "NSTextFieldCell"; title = "세기:"; ObjectID = "1360"; */
> > /* Class = "NSTextFieldCell"; title = "편차:"; ObjectID = "201"; */
> > /* Class = "NSTextFieldCell"; title = "각도:"; ObjectID = "207"; */
> > /* Class = "NSTextFieldCell"; title = "확산:"; ObjectID = "3Gn-JZ-cns"; */
> > /* Class = "NSTextFieldCell"; title = "각도:"; ObjectID = "427"; */
> > /* Class = "NSTextFieldCell"; title = "편차:"; ObjectID = "433"; */
> > /* Class = "NSTextFieldCell"; title = "정렬:"; ObjectID = "914"; */
> > /* Class = "NSTextFieldCell"; title = "깊이:"; ObjectID = "924"; */
> > /* Class = "NSTextFieldCell"; title = "종류:"; ObjectID = "937"; */
> > /* Class = "NSTextFieldCell"; title = "방향:"; ObjectID = "954"; */
> > /* Class = "NSTextFieldCell"; title = "광원:"; ObjectID = "WRm-vP-u7z"; */
> > /* Class = "NSTextFieldCell"; title = "깊이:"; ObjectID = "bnU-1x-w36"; */
> > /* Class = "NSTextFieldCell"; title = "방향:"; ObjectID = "xpj-Mc-gRZ"; */
> > /* Class = "NSTextFieldCell"; title = "그림자:"; ObjectID = "1009"; */
> > /* Class = "NSTextFieldCell"; title = "반지름:"; ObjectID = "130"; */
> > /* Class = "NSTextFieldCell"; title = "반지름:"; ObjectID = "148"; */
> > /* Class = "NSTextFieldCell"; title = "반지름:"; ObjectID = "202"; */
> > /* Class = "NSTextFieldCell"; title = "반지름:"; ObjectID = "283"; */
> > /* Class = "NSTextFieldCell"; title = "반지름:"; ObjectID = "30"; */
> > /* Class = "NSTextFieldCell"; title = "반지름:"; ObjectID = "373"; */
> > /* Class = "NSTextFieldCell"; title = "반지름:"; ObjectID = "432"; */
> > /* Class = "NSTextFieldCell"; title = "반지름:"; ObjectID = "4LO-YN-15L"; */
> > /* Class = "NSTextFieldCell"; title = "프로파일:"; ObjectID = "1052"; */
> > /* Class = "NSTextFieldCell"; title = "불투명도:"; ObjectID = "1149"; */
> > /* Class = "NSTextFieldCell"; title = "불투명도:"; ObjectID = "208"; */
> > /* Class = "NSTextFieldCell"; title = "불투명도:"; ObjectID = "215"; */
> > /* Class = "NSTextFieldCell"; title = "불투명도:"; ObjectID = "221"; */
> > /* Class = "NSTextFieldCell"; title = "불투명도:"; ObjectID = "288"; */
> > /* Class = "NSTextFieldCell"; title = "불투명도:"; ObjectID = "368"; */
> > /* Class = "NSTextFieldCell"; title = "불투명도:"; ObjectID = "426"; */
> > /* Class = "NSTextFieldCell"; title = "프로파일:"; ObjectID = "59C-Bj-tvb"; */
> > /* Class = "NSTextFieldCell"; title = "부드럽게:"; ObjectID = "930"; */
> > /* Class = "NSTextFieldCell"; title = "불투명도:"; ObjectID = "Nsh-Uv-K3G"; */
> > /* Class = "NSTextFieldCell"; title = "부드럽게:"; ObjectID = "ea7-W3-Wzy"; */
> > /* Class = "NSView"; 1120.ibExternalUserDefinedRuntimeAttributesLocalizableStrings[0] = "그레이디언트 오버레이"; ObjectID = "1120"; */
> > /* Class = "NSView"; 123.ibExternalUserDefinedRuntimeAttributesLocalizableStrings[0] = "음각 / 양각"; ObjectID = "123"; */
> > /* Class = "NSView"; 141.ibExternalUserDefinedRuntimeAttributesLocalizableStrings[0] = "외부 광채"; ObjectID = "141"; */
> > /* Class = "NSView"; 188.ibExternalUserDefinedRuntimeAttributesLocalizableStrings[0] = "외부 그림자"; ObjectID = "188"; */
> > /* Class = "NSView"; 2.ibExternalUserDefinedRuntimeAttributesLocalizableStrings[0] = "가우시안 블러"; ObjectID = "2"; */
> > /* Class = "NSView"; 274.ibExternalUserDefinedRuntimeAttributesLocalizableStrings[0] = "내부 광채"; ObjectID = "274"; */
> > /* Class = "NSView"; 359.ibExternalUserDefinedRuntimeAttributesLocalizableStrings[0] = "외형"; ObjectID = "359"; */
> > /* Class = "NSView"; 411.ibExternalUserDefinedRuntimeAttributesLocalizableStrings[0] = "내부 그림자"; ObjectID = "411"; */
