2,3c2,3
< /* Class = "NSWindow"; title = "Emboss"; ObjectID = "1"; */
< "1.title" = "Emboss";
---
> /* Class = "NSWindow"; title = "양각"; ObjectID = "1"; */
> "1.title" = "양각";
5,6c5,6
< /* Class = "NSTextFieldCell"; title = "Radius"; ObjectID = "12"; */
< "12.title" = "Radius";
---
> /* Class = "NSTextFieldCell"; title = "반지름"; ObjectID = "12"; */
> "12.title" = "반지름";
8,9c8,9
< /* Class = "NSButtonCell"; title = "Apply"; ObjectID = "26"; */
< "26.title" = "Apply";
---
> /* Class = "NSButtonCell"; title = "적용"; ObjectID = "26"; */
> "26.title" = "적용";
11,12c11,12
< /* Class = "NSTextFieldCell"; title = "Rotation"; ObjectID = "213"; */
< "213.title" = "Rotation";
---
> /* Class = "NSTextFieldCell"; title = "회전"; ObjectID = "213"; */
> "213.title" = "회전";
14,15c14,15
< /* Class = "NSButtonCell"; title = "Cancel"; ObjectID = "236"; */
< "236.title" = "Cancel";
---
> /* Class = "NSButtonCell"; title = "취소"; ObjectID = "236"; */
> "236.title" = "취소";
17,18c17,18
< /* Class = "NSTextFieldCell"; title = "Amount"; ObjectID = "279"; */
< "279.title" = "Amount";
---
> /* Class = "NSTextFieldCell"; title = "양"; ObjectID = "279"; */
> "279.title" = "양";
20,21c20,21
< /* Class = "NSButtonCell"; title = "Monochrome"; ObjectID = "F6P-6d-fJt"; */
< "F6P-6d-fJt.title" = "Monochrome";
---
> /* Class = "NSButtonCell"; title = "단색"; ObjectID = "F6P-6d-fJt"; */
> "F6P-6d-fJt.title" = "단색";
23,24c23,24
< /* Class = "NSButton"; ibShadowedToolTip = "Mirror view"; ObjectID = "OHR-BD-XbM"; */
< "OHR-BD-XbM.ibShadowedToolTip" = "Mirror view";
---
> /* Class = "NSButton"; ibShadowedToolTip = "거울 뷰 모드"; ObjectID = "OHR-BD-XbM"; */
> "OHR-BD-XbM.ibShadowedToolTip" = "거울 뷰 모드";
26,27c26,27
< /* Class = "NSButton"; ibShadowedToolTip = "Split view"; ObjectID = "e7W-Ry-HF6"; */
< "e7W-Ry-HF6.ibShadowedToolTip" = "Split view";
---
> /* Class = "NSButton"; ibShadowedToolTip = "분할 뷰 모드"; ObjectID = "e7W-Ry-HF6"; */
> "e7W-Ry-HF6.ibShadowedToolTip" = "분할 뷰 모드";
29,30c29,30
< /* Class = "NSButton"; ibShadowedToolTip = "No split view"; ObjectID = "eXT-WI-6gM"; */
< "eXT-WI-6gM.ibShadowedToolTip" = "No split view";
---
> /* Class = "NSButton"; ibShadowedToolTip = "분할 뷰 모드 해제"; ObjectID = "eXT-WI-6gM"; */
> "eXT-WI-6gM.ibShadowedToolTip" = "분할 뷰 모드 해제";
