2,23c2,10
< 12c12
< 15c15
< 21c21
< 24c24
< 27c27
< 30c30
< 33c33
< 36c36
< 39c39
< 3c3
< 42c42
< 45c45
< 48c48
< 51c51
< 54c54
< 57c57
< 63c63
< 66c66
< 6c6
< 72c72
< 75c75
< 78c78
---
> 11,12c11,12
> 14,15c14,15
> 2,3c2,3
> 35,36c35,36
> 44,45c44,45
> 5,6c5,6
> 50,51c50,51
> 56,57c56,57
> 62,63c62,63
28,32d14
< < "6oX-kD-exv.title" = "Parameter B (b)";
< < "CS9-Oj-J5S.title" = "Wrap";
< < "MAh-XE-rba.title" = "Degrees";
< < "Vch-6h-IPz.title" = "Radians";
< < "W9u-6c-HBU.title" = "Parameter C (c)";
34,35d15
< < "WJG-qK-Mfc.title" = "Zero";
< < "WOY-6h-4Y5.title" = "Angular units";
37d16
< < "ZKU-CM-ecR.title" = "Cartesian";
39d17
< < "b1X-DH-8hZ.title" = "Extend Mode";
42,67c20,46
< < "vaX-ug-Nvc.title" = "Full";
< < "wbb-Y5-GXx.title" = "Coordinate System";
< < "xXf-h8-CaE.title" = "Parameter A (a)";
< < "ysL-SJ-vz2.title" = "Polar";
< > "0kA-UE-M3n.ibShadowedToolTip" = "ミラー表示";
< > "1.title" = "数式";
< > "26.title" = "適用";
< > "409.title" = "キャンセル";
< > "6oX-kD-exv.title" = "パラメータB(b)";
< > "CS9-Oj-J5S.title" = "回り込み";
< > "MAh-XE-rba.title" = "度";
< > "Vch-6h-IPz.title" = "ラジアン";
< > "W9u-6c-HBU.title" = "パラメータC(c)";
< > "WEp-G8-si7.title" = "数式";
< > "WJG-qK-Mfc.title" = "ゼロ";
< > "WOY-6h-4Y5.title" = "角度の単位";
< > "Y45-Yj-gQW.title" = "繰り返し";
< > "ZKU-CM-ecR.title" = "カルテシアン";
< > "ZSb-J6-CFB.ibShadowedToolTip" = "分割表示なし";
< > "b1X-DH-8hZ.title" = "拡張モード";
< > "bsA-EH-3aR.ibShadowedToolTip" = "分割表示";
< > "r4Q-Iu-ff7.title" = "ミラー";
< > "vaX-ug-Nvc.title" = "フル";
< > "wbb-Y5-GXx.title" = "座標系";
< > "xXf-h8-CaE.title" = "パラメータA(a)";
< > "ysL-SJ-vz2.title" = "極座標";
---
> > "0kA-UE-M3n.ibShadowedToolTip" = "거울 보기";
> > "1.title" = "수식";
> > "26.title" = "적용";
> > "409.title" = "취소";
> > "WEp-G8-si7.title" = "수식";
> > "Y45-Yj-gQW.title" = "반복";
> > "ZSb-J6-CFB.ibShadowedToolTip" = "분할 보기 해제";
> > "bsA-EH-3aR.ibShadowedToolTip" = "분할 보기";
> > "r4Q-Iu-ff7.title" = "거울";
