---
---
---
---
---
---
---
---
---
11,12c11,12
14,15c14,15
2,3c2,3
35,36c35,36
44,45c44,45
5,6c5,6
50,51c50,51
56,57c56,57
62,63c62,63
< "0kA-UE-M3n.ibShadowedToolTip" = "Mirror view";
< "1.title" = "Equations";
< "26.title" = "Apply";
< "409.title" = "Cancel";
< "WEp-G8-si7.title" = "Equations";
< "Y45-Yj-gQW.title" = "Repeat";
< "ZSb-J6-CFB.ibShadowedToolTip" = "No split view";
< "bsA-EH-3aR.ibShadowedToolTip" = "Split view";
< "r4Q-Iu-ff7.title" = "Mirror";
< /* Class = "NSButton"; ibShadowedToolTip = "Mirror view"; ObjectID = "0kA-UE-M3n"; */
< /* Class = "NSButton"; ibShadowedToolTip = "No split view"; ObjectID = "ZSb-J6-CFB"; */
< /* Class = "NSButton"; ibShadowedToolTip = "Split view"; ObjectID = "bsA-EH-3aR"; */
< /* Class = "NSButtonCell"; title = "Apply"; ObjectID = "26"; */
< /* Class = "NSButtonCell"; title = "Cancel"; ObjectID = "409"; */
< /* Class = "NSMenuItem"; title = "Mirror"; ObjectID = "r4Q-Iu-ff7"; */
< /* Class = "NSMenuItem"; title = "Repeat"; ObjectID = "Y45-Yj-gQW"; */
< /* Class = "NSTextFieldCell"; title = "Equations"; ObjectID = "WEp-G8-si7"; */
< /* Class = "NSWindow"; title = "Equations"; ObjectID = "1"; */
> "0kA-UE-M3n.ibShadowedToolTip" = "거울 뷰 모드";
> "1.title" = "수식";
> "26.title" = "적용";
> "409.title" = "취소";
> "WEp-G8-si7.title" = "수식";
> "Y45-Yj-gQW.title" = "반복";
> "ZSb-J6-CFB.ibShadowedToolTip" = "분할 뷰 모드 해제";
> "bsA-EH-3aR.ibShadowedToolTip" = "분할 뷰 모드";
> "r4Q-Iu-ff7.title" = "거울";
> /* Class = "NSButton"; ibShadowedToolTip = "분할 뷰 모드 해제"; ObjectID = "ZSb-J6-CFB"; */
> /* Class = "NSButton"; ibShadowedToolTip = "거울 뷰 모드"; ObjectID = "0kA-UE-M3n"; */
> /* Class = "NSButton"; ibShadowedToolTip = "분할 뷰 모드"; ObjectID = "bsA-EH-3aR"; */
> /* Class = "NSButtonCell"; title = "적용"; ObjectID = "26"; */
> /* Class = "NSButtonCell"; title = "취소"; ObjectID = "409"; */
> /* Class = "NSMenuItem"; title = "반복"; ObjectID = "Y45-Yj-gQW"; */
> /* Class = "NSMenuItem"; title = "거울"; ObjectID = "r4Q-Iu-ff7"; */
> /* Class = "NSTextFieldCell"; title = "수식"; ObjectID = "WEp-G8-si7"; */
> /* Class = "NSWindow"; title = "수식"; ObjectID = "1"; */
