---
---
---
---
---
---
---
---
---
---
---
---
---
---
---
---
---
---
---
---
---
---
12c12
15c15
21c21
24c24
27c27
30c30
33c33
36c36
39c39
3c3
42c42
45c45
48c48
51c51
54c54
57c57
63c63
66c66
6c6
72c72
75c75
78c78
< "0kA-UE-M3n.ibShadowedToolTip" = "Mirror view";
< "1.title" = "Equations";
< "26.title" = "Apply";
< "409.title" = "Cancel";
< "6oX-kD-exv.title" = "Parameter B (b)";
< "CS9-Oj-J5S.title" = "Wrap";
< "MAh-XE-rba.title" = "Degrees";
< "Vch-6h-IPz.title" = "Radians";
< "W9u-6c-HBU.title" = "Parameter C (c)";
< "WEp-G8-si7.title" = "Equations";
< "WJG-qK-Mfc.title" = "Zero";
< "WOY-6h-4Y5.title" = "Angular units";
< "Y45-Yj-gQW.title" = "Repeat";
< "ZKU-CM-ecR.title" = "Cartesian";
< "ZSb-J6-CFB.ibShadowedToolTip" = "No split view";
< "b1X-DH-8hZ.title" = "Extend Mode";
< "bsA-EH-3aR.ibShadowedToolTip" = "Split view";
< "r4Q-Iu-ff7.title" = "Mirror";
< "vaX-ug-Nvc.title" = "Full";
< "wbb-Y5-GXx.title" = "Coordinate System";
< "xXf-h8-CaE.title" = "Parameter A (a)";
< "ysL-SJ-vz2.title" = "Polar";
> "0kA-UE-M3n.ibShadowedToolTip" = "ミラー表示";
> "1.title" = "数式";
> "26.title" = "適用";
> "409.title" = "キャンセル";
> "6oX-kD-exv.title" = "パラメータB(b)";
> "CS9-Oj-J5S.title" = "回り込み";
> "MAh-XE-rba.title" = "度";
> "Vch-6h-IPz.title" = "ラジアン";
> "W9u-6c-HBU.title" = "パラメータC(c)";
> "WEp-G8-si7.title" = "数式";
> "WJG-qK-Mfc.title" = "ゼロ";
> "WOY-6h-4Y5.title" = "角度の単位";
> "Y45-Yj-gQW.title" = "繰り返し";
> "ZKU-CM-ecR.title" = "カルテシアン";
> "ZSb-J6-CFB.ibShadowedToolTip" = "分割表示なし";
> "b1X-DH-8hZ.title" = "拡張モード";
> "bsA-EH-3aR.ibShadowedToolTip" = "分割表示";
> "r4Q-Iu-ff7.title" = "ミラー";
> "vaX-ug-Nvc.title" = "フル";
> "wbb-Y5-GXx.title" = "座標系";
> "xXf-h8-CaE.title" = "パラメータA(a)";
> "ysL-SJ-vz2.title" = "極座標";
