---
---
---
---
2,3c2,3
20,21c20,21
5,6c5,6
8,9c8,9
< "1.title" = "Export LUT";
< "1004.title" = "Cancel";
< "101.title" = "Export";
< "OYq-Up-seb.title" = "Title";
< /* Class = "NSButtonCell"; title = "Cancel"; ObjectID = "1004"; */
< /* Class = "NSButtonCell"; title = "Export"; ObjectID = "101"; */
< /* Class = "NSTextFieldCell"; title = "Title"; ObjectID = "OYq-Up-seb"; */
< /* Class = "NSWindow"; title = "Export LUT"; ObjectID = "1"; */
> "1.title" = "LUT 내보내기";
> "1004.title" = "취소";
> "101.title" = "내보내기";
> "OYq-Up-seb.title" = "타이틀";
> /* Class = "NSButtonCell"; title = "취소"; ObjectID = "1004"; */
> /* Class = "NSButtonCell"; title = "내보내기"; ObjectID = "101"; */
> /* Class = "NSTextFieldCell"; title = "타이틀"; ObjectID = "OYq-Up-seb"; */
> /* Class = "NSWindow"; title = "LUT 내보내기"; ObjectID = "1"; */
