2,13c2,5
< 12c12
< 15c15
< 18c18
< 21c21
< 24c24
< 27c27
< 30c30
< 33c33
< 36c36
< 3c3
< 6c6
< 9c9
---
> 2,3c2,3
> 20,21c20,21
> 32,33c32,33
> 35,36c35,36
15,19d6
< < "P6X-bj-nXi.headerCell.title" = "Description";
< < "PI1-tN-3rZ.ibShadowedToolTip" = "The path is invalid";
< < "PO7-S0-Gix.title" = "Path components:";
< < "XVJ-vf-Lup.title" = "Table View Cell";
< < "YRX-eq-afB.title" = "Enter text or drag-drop variable tokens from the available list to form the common output path.";
21,23d7
< < "kgW-Q9-Mqk.title" = "Table View Cell";
< < "oSr-bz-vN4.headerCell.title" = "Variable";
< < "q55-JW-fxj.placeholderString" = "Drag tokens and enter text to form a path template";
26,37c10,21
< > "H7S-Kq-meK.title" = "完了";
< > "P6X-bj-nXi.headerCell.title" = "説明";
< > "PI1-tN-3rZ.ibShadowedToolTip" = "パスは無効です";
< > "PO7-S0-Gix.title" = "パスの構成要素:";
< > "XVJ-vf-Lup.title" = "表ビューセル";
< > "YRX-eq-afB.title" = "テキストを入力するか、使用可能な変数トークンのリストからトークンをドラッグ&ドロップして、共通出力パスを指定します。";
< > "aED-9K-gWc.title" = "テキストセル";
< > "kgW-Q9-Mqk.title" = "表ビューセル";
< > "oSr-bz-vN4.headerCell.title" = "変数";
< > "q55-JW-fxj.placeholderString" = "トークンをドラッグし、テキストを入力してパステンプレートを指定します";
< > "rax-DG-ZCb.title" = "テキストセル";
< > "xIn-39-M8k.title" = "キャンセル";
---
> > "H7S-Kq-meK.title" = "완료";
> > "aED-9K-gWc.title" = "텍스트 셀";
> > "rax-DG-ZCb.title" = "텍스트 셀";
> > "xIn-39-M8k.title" = "취소";
