---
---
---
---
---
---
---
---
---
---
---
---
12c12
15c15
18c18
21c21
24c24
27c27
30c30
33c33
36c36
3c3
6c6
9c9
< "1Jj-uV-eYC.ibShadowedToolTip" = "Raster layer resolution too low for export";
< "2Dh-Vh-Iix.ibShadowedToolTip" = "Layer is exported";
< "5.placeholderString" = "Name of Object";
< "5.title" = "Sample description text";
< "7g4-0Z-FdF.ibShadowedToolTip" = "Layer is exported";
< "CdD-xT-bdC.ibShadowedToolTip" = "Make item visible";
< "GNQ-X9-54P.ibShadowedToolTip" = "Raster layer resolution too low for export";
< "NVw-52-MFU.ibShadowedToolTip" = "Make item visible";
< "OkT-OF-dKh.placeholderString" = "Name of Object";
< "OkT-OF-dKh.title" = "Sample description text";
< "VpS-aC-cUE.ibShadowedToolTip" = "Make item visible in export";
< "whj-7k-jzu.ibShadowedToolTip" = "Make item visible in export";
> "1Jj-uV-eYC.ibShadowedToolTip" = "書き出しに対し、ラスターレイヤー解像度が低すぎます";
> "2Dh-Vh-Iix.ibShadowedToolTip" = "レイヤーが書き出しされました";
> "5.placeholderString" = "オブジェクト名";
> "5.title" = "サンプル説明テキスト";
> "7g4-0Z-FdF.ibShadowedToolTip" = "レイヤーが書き出しされました";
> "CdD-xT-bdC.ibShadowedToolTip" = "項目を表示します";
> "GNQ-X9-54P.ibShadowedToolTip" = "書き出しに対し、ラスターレイヤー解像度が低すぎます";
> "NVw-52-MFU.ibShadowedToolTip" = "項目を表示します";
> "OkT-OF-dKh.placeholderString" = "オブジェクト名";
> "OkT-OF-dKh.title" = "サンプル説明テキスト";
> "VpS-aC-cUE.ibShadowedToolTip" = "項目を書き出しに表示します";
> "whj-7k-jzu.ibShadowedToolTip" = "項目を書き出しに表示します";
