2,4c2,6
< 12c12
< 15c15
< 6c6
---
> 11,12c11,12
> 14,15c14,15
> 2,3c2,3
> 5,6c5,6
> < "75.title" = "Text Cell";
8,10c10,21
< > "Cma-Bb-JH7.ibShadowedToolTip" = "現在選択されているオブジェクトからスライスを作成します";
< > "K9Y-uY-bbB.ibShadowedToolTip" = "すべてのレイヤーを編集";
< > "Qdj-Fd-R3t.title" = "スライスを作成";
---
> < /* Class = "NSButton"; ibShadowedToolTip = "Create Slice from the currently selected object"; ObjectID = "Cma-Bb-JH7"; */
> < /* Class = "NSButton"; ibShadowedToolTip = "Edit All Layers"; ObjectID = "K9Y-uY-bbB"; */
> < /* Class = "NSButtonCell"; title = "Create Slice"; ObjectID = "Qdj-Fd-R3t"; */
> < /* Class = "NSTextFieldCell"; title = "Text Cell"; ObjectID = "75"; */
> > "75.title" = "텍스트 셀";
> > "Cma-Bb-JH7.ibShadowedToolTip" = "지금 선택된 오브젝트로부터 슬라이스 생성";
> > "K9Y-uY-bbB.ibShadowedToolTip" = "모든 레이어 편집";
> > "Qdj-Fd-R3t.title" = "슬라이스 생성";
> > /* Class = "NSButton"; ibShadowedToolTip = "모든 레이어 편집"; ObjectID = "K9Y-uY-bbB"; */
> > /* Class = "NSButton"; ibShadowedToolTip = "지금 선택된 오브젝트로부터 슬라이스 생성"; ObjectID = "Cma-Bb-JH7"; */
> > /* Class = "NSButtonCell"; title = "슬라이스 생성"; ObjectID = "Qdj-Fd-R3t"; */
> > /* Class = "NSTextFieldCell"; title = "텍스트 셀"; ObjectID = "75"; */
