1,5c1,2
< 3c3
< < "3F1-ta-oAq.title" = "Box";
< ---
< > "3F1-ta-oAq.title" = "ボックス";
< 6c6
---
> 5,6c5,6
> < /* Class = "NSTextFieldCell"; title = "Mode:"; ObjectID = "7D0-58-l1D"; */
8,9c5,8
< > "7D0-58-l1D.title" = "モード:";
< 9c9
---
> > /* Class = "NSTextFieldCell"; title = "모드:"; ObjectID = "7D0-58-l1D"; */
> > "7D0-58-l1D.title" = "모드:";
> 8,9c8,9
> < /* Class = "NSMenuItem"; title = "Rename Preset..."; ObjectID = "8LF-dh-Fag"; */
12,13c11,14
< > "8LF-dh-Fag.title" = "プリセット名の変更...";
< 12c12
---
> > /* Class = "NSMenuItem"; title = "미리 설정 이름 변경..."; ObjectID = "8LF-dh-Fag"; */
> > "8LF-dh-Fag.title" = "미리 설정 이름 변경...";
> 11,12c11,12
> < /* Class = "NSMenuItem"; title = "Delete Preset"; ObjectID = "QS5-Bs-bdP"; */
16,20c17,18
< > "QS5-Bs-bdP.title" = "プリセットを削除";
< 15c15
< < "YJa-aH-j3o.title" = "Create Preset...";
< ---
< > "YJa-aH-j3o.title" = "プリセットを作成...";
---
> > /* Class = "NSMenuItem"; title = "미리 설정 지우기"; ObjectID = "QS5-Bs-bdP"; */
> > "QS5-Bs-bdP.title" = "미리 설정 지우기";
