2,21c2,7
< 12c12
< 15c15
< 18c18
< 21c21
< 27c27
< 30c30
< 33c33
< 39c39
< 42c42
< 45c45
< 48c48
< 51c51
< 54c54
< 57c57
< 60c60
< 63c63
< 69c69
< 6c6
< 72c72
< 9c9
---
> 11,12c11,12
> 2,3c2,3
> 5,6c5,6
> 50,51c50,51
> 68,69c68,69
> 8,9c8,9
25,34c11
< < "8XY-qY-Se9.title" = "Replace export setup";
< < "Ai0-Xh-qx1.title" = "Copy export setup";
< < "Awt-Ya-cjd.title" = "Rename export setup preset...";
< < "HIa-wo-uxu.title" = "Add export format";
< < "JeO-zZ-qDg.ibShadowedToolTip" = "Paste new item";
< < "JiO-XD-i7F.ibShadowedToolTip" = "Select an Export Batch Description builder. The batch description builder will generate supplemental files based on the entire set of files being exported.";
< < "LS1-xU-cXf.ibShadowedToolTip" = "Export batch description builder";
< < "SkF-mC-K1N.title" = "Delete export setup preset";
< < "WKB-ip-DD9.title" = "Replace export format";
< < "cJ3-AN-sAj.title" = "Copy export format";
---
> < "75.title" = "Text Cell";
36,39d12
< < "jVd-n8-FZZ.ibShadowedToolTip" = "Select an export setup preset to apply it to the selected slices";
< < "kCi-LW-PWn.ibShadowedToolTip" = "Click to export all checked Slices";
< < "kfU-cd-Ez0.title" = "Create export setup preset...";
< < "mFR-cj-5MN.ibShadowedToolTip" = "Paste and replace";
41,61c14,31
< < "wlp-3t-jVU.title" = "Batch builder:";
< > "1lE-O9-BA0.ibShadowedToolTip" = "選択スライスを削除";
< > "1zz-pF-T9N.title" = "スライスを書き出し(000)";
< > "6Qj-kD-Crr.title" = "連続";
< > "8XY-qY-Se9.title" = "書き出しセットアップを置換";
< > "Ai0-Xh-qx1.title" = "書き出しセットアップをコピー";
< > "Awt-Ya-cjd.title" = "書き出しセットアッププリセットの名前を変更...";
< > "HIa-wo-uxu.title" = "書き出しフォーマットを追加";
< > "JeO-zZ-qDg.ibShadowedToolTip" = "新規項目をペースト";
< > "JiO-XD-i7F.ibShadowedToolTip" = "書き出し一括記述ビルダーを選択します。一括記述ビルダーは、書き出される一連のファイルに基づいて補助ファイルを生成します。";
< > "LS1-xU-cXf.ibShadowedToolTip" = "書き出し一括記述ビルダー";
< > "SkF-mC-K1N.title" = "書き出しセットアッププリセットを削除";
< > "WKB-ip-DD9.title" = "書き出しフォーマットを置換";
< > "cJ3-AN-sAj.title" = "書き出しフォーマットをコピー";
< > "dXe-cM-5k8.title" = "書き出しプリセット:";
< > "jVd-n8-FZZ.ibShadowedToolTip" = "選択されているスライスに適用する書き出しセットアッププリセットを選択します";
< > "kCi-LW-PWn.ibShadowedToolTip" = "クリックすると、チェックしたすべてのスライスを書き出します";
< > "kfU-cd-Ez0.title" = "書き出しセットアッププリセットを作成...";
< > "mFR-cj-5MN.ibShadowedToolTip" = "ペーストと置換";
< > "sob-v2-stO.ibShadowedToolTip" = "コピー";
< > "wlp-3t-jVU.title" = "一括ビルダー:";
---
> > "1lE-O9-BA0.ibShadowedToolTip" = "선택된 슬라이스 지우기";
> > "1zz-pF-T9N.title" = "슬라이스 내보내기 (000)";
> > "6Qj-kD-Crr.title" = "연속";
> > "75.title" = "텍스트 셀";
> > "dXe-cM-5k8.title" = "내보내기 미리 설정:";
> > "sob-v2-stO.ibShadowedToolTip" = "복사";
