3c3
< "0BQ-J8-Qni.title" = "Include printers marks";
---
> "0BQ-J8-Qni.title" = "プリンターマークを含める";
6c6
< "0at-Zh-ZZ9.title" = "Lines:";
---
> "0at-Zh-ZZ9.title" = "行数:";
9c9
< "0gP-WA-IpL.title" = "Spacial pixels:";
---
> "0gP-WA-IpL.title" = "空間のピクセル数:";
12c12
< "1Vy-EF-R6c.title" = "RGB 8-bit";
---
> "1Vy-EF-R6c.title" = "RGB 8ビット";
15c15
< "1d6-mA-mlV.ibShadowedToolTip" = "Selection contains multiple settings";
---
> "1d6-mA-mlV.ibShadowedToolTip" = "選択範囲に複数の設定が含まれています";
18c18
< "1ey-hs-GXR.ibShadowedToolTip" = "Selection contains multiple advanced blending strategies";
---
> "1ey-hs-GXR.ibShadowedToolTip" = "選択範囲に高度なブレンディング方式が複数含まれています";
21c21
< "1lb-Wk-1pU.title" = "Preset:";
---
> "1lb-Wk-1pU.title" = "プリセット:";
27c27
< "2Jj-14-Yiv.ibShadowedToolTip" = "Choose how to handle exporting gradients. Affinity handles gradients in a different way to other apps, so editable gradients may appear different in other applications.";
---
> "2Jj-14-Yiv.ibShadowedToolTip" = "書き出し用グラデーションの処理方法を決定します。Affinityではグラデーションの処理方法が他のアプリとは異なるので、編集可能なグラデーションは他のアプリケーションで同じように表示されない可能性があります。";
30c30
< "2SD-UX-wdH.title" = "Quality:";
---
> "2SD-UX-wdH.title" = "品質:";
36c36
< "2oC-5C-Q5A.ibShadowedToolTip" = "Export layers with indeterminable channels as a single channel base on luminance";
---
> "2oC-5C-Q5A.ibShadowedToolTip" = "不確定なチャンネルを輝度に基づく単一のチャンネルとして用いてレイヤーを書き出します";
39c39
< "2yn-qA-3pA.title" = "Embed metadata";
---
> "2yn-qA-3pA.title" = "メタデータを埋め込む";
42c42
< "32P-vX-ufu.title" = "Quality:";
---
> "32P-vX-ufu.title" = "品質:";
51c51
< "3d9-rl-FKC.ibShadowedToolTip" = "Selection contains multiple settings";
---
> "3d9-rl-FKC.ibShadowedToolTip" = "選択範囲に複数の設定が含まれています";
57c57
< "3iD-Q9-Zn4.ibShadowedToolTip" = "Selection contains multiple progressive settings";
---
> "3iD-Q9-Zn4.ibShadowedToolTip" = "選択範囲に複数のプログレッシブ設定が含まれています";
60c60
< "3lQ-Mh-xFl.title" = "Bicubic";
---
> "3lQ-Mh-xFl.title" = "バイキュービック";
63c63
< "3xh-tS-fYK.ibShadowedToolTip" = "Selection contains multiple settings";
---
> "3xh-tS-fYK.ibShadowedToolTip" = "選択範囲に複数の設定が含まれています";
69c69
< "4UO-47-xcH.ibShadowedToolTip" = "Selection contains multiple ICC embedding options";
---
> "4UO-47-xcH.ibShadowedToolTip" = "選択範囲に複数のICC埋め込みオプションが含まれています";
72c72
< "4Ws-VZ-HNp.ibShadowedToolTip" = "Selection contains multiple settings";
---
> "4Ws-VZ-HNp.ibShadowedToolTip" = "選択範囲に複数の設定が含まれています";
75c75
< "4aR-Oy-0Dx.title" = "B44 (Lossy)";
---
> "4aR-Oy-0Dx.title" = "B44(非可逆)";
78c78
< "4g9-1U-hNi.ibShadowedToolTip" = "Selection contains multiple settings";
---
> "4g9-1U-hNi.ibShadowedToolTip" = "選択範囲に複数の設定が含まれています";
81c81
< "4oe-7L-yzx.title" = "CMYK 8-bit";
---
> "4oe-7L-yzx.title" = "CMYK 8ビット";
84c84
< "4wq-Va-zbI.ibShadowedToolTip" = "Selection contains multiple embed metadata options";
---
> "4wq-Va-zbI.ibShadowedToolTip" = "選択範囲に複数の埋め込みメタデータオプションが含まれています";
87c87
< "5D4-1a-2mi.title" = "Automatic";
---
> "5D4-1a-2mi.title" = "自動";
93c93
< "5Sz-h0-P7L.title" = "Embed metadata";
---
> "5Sz-h0-P7L.title" = "メタデータを埋め込む";
96c96
< "5pF-9X-Rk7.ibShadowedToolTip" = "Selection contains multiple DPI settings";
---
> "5pF-9X-Rk7.ibShadowedToolTip" = "選択範囲に複数のDPI設定が含まれています";
99c99
< "66v-si-luN.title" = "Nearest Neighbor";
---
> "66v-si-luN.title" = "ニアレストネイバー";
102c102
< "6Jd-SE-3Sk.ibShadowedToolTip" = "Selection contains multiple color counts";
---
> "6Jd-SE-3Sk.ibShadowedToolTip" = "選択範囲に複数の色数が含まれています";
105c105
< "6RD-Vg-LZF.title" = "Include bleed";
---
> "6RD-Vg-LZF.title" = "裁ち落としを含める";
108c108
< "6Rk-Id-7C2.title" = "Password:";
---
> "6Rk-Id-7C2.title" = "パスワード:";
111c111
< "6e8-L9-8E1.title" = "Resample:";
---
> "6e8-L9-8E1.title" = "リサンプル:";
114c114
< "6nv-ed-v7y.ibShadowedToolTip" = "Selection contains multiple settings";
---
> "6nv-ed-v7y.ibShadowedToolTip" = "選択範囲に複数の設定が含まれています";
117c117
< "6wc-1x-NbU.ibShadowedToolTip" = "Selection contains multiple settings";
---
> "6wc-1x-NbU.ibShadowedToolTip" = "選択範囲に複数の設定が含まれています";
120c120
< "7Ic-0d-DkN.ibShadowedToolTip" = "Selection contains multiple settings";
---
> "7Ic-0d-DkN.ibShadowedToolTip" = "選択範囲に複数の設定が含まれています";
123c123
< "8Ay-x3-q1t.title" = "ICC profile:";
---
> "8Ay-x3-q1t.title" = "ICCプロファイル:";
126c126
< "8Fo-fw-dfM.ibShadowedToolTip" = "Bleed will be applied";
---
> "8Fo-fw-dfM.ibShadowedToolTip" = "裁ち落としが適用されます";
129c129
< "8Im-I1-Uu0.title" = "Include hyperlinks";
---
> "8Im-I1-Uu0.title" = "ハイパーリンクを含める";
132c132
< "8J4-ZV-BVh.title" = "Custom";
---
> "8J4-ZV-BVh.title" = "カスタム";
138c138
< "8bD-Dc-b8q.ibShadowedToolTip" = "Selection contains multiple progressive settings";
---
> "8bD-Dc-b8q.ibShadowedToolTip" = "選択範囲に複数のプログレッシブ設定が含まれています";
141c141
< "8dw-oj-zOC.ibShadowedToolTip" = "Selection contains multiple quality values";
---
> "8dw-oj-zOC.ibShadowedToolTip" = "選択範囲に複数の品質値が含まれています";
144c144
< "8eC-gM-D09.ibShadowedToolTip" = "Selection contains multiple compression types";
---
> "8eC-gM-D09.ibShadowedToolTip" = "選択範囲に複数の圧縮タイプが含まれています";
150c150
< "8u3-nA-StC.title" = "Adjustments:";
---
> "8u3-nA-StC.title" = "調整:";
153c153
< "9B3-cy-m7P.ibShadowedToolTip" = "Selection contains multiple settings";
---
> "9B3-cy-m7P.ibShadowedToolTip" = "選択範囲に複数の設定が含まれています";
156c156
< "9D2-pk-iod.title" = "Nearest Neighbor";
---
> "9D2-pk-iod.title" = "ニアレストネイバー";
159c159
< "9FU-y0-SbM.title" = "16-bit (HALF)";
---
> "9FU-y0-SbM.title" = "16ビット(HALF)";
162c162
< "9Lh-f4-Fsb.ibShadowedToolTip" = "Selection contains multiple settings";
---
> "9Lh-f4-Fsb.ibShadowedToolTip" = "選択範囲に複数の設定が含まれています";
165c165
< "9UP-1n-K8p.title" = "Use tile patterns";
---
> "9UP-1n-K8p.title" = "タイルパターンを使用";
168c168
< "9da-tB-yIv.title" = "Preserve editability";
---
> "9da-tB-yIv.title" = "編集可能性を維持";
171c171
< "AFX-lS-bW4.title" = "Preserve editability";
---
> "AFX-lS-bW4.title" = "編集可能性を維持";
174c174
< "AHf-6q-CCp.title" = "Resample:";
---
> "AHf-6q-CCp.title" = "リサンプル:";
177c177
< "Ack-u4-xla.title" = "Bilinear";
---
> "Ack-u4-xla.title" = "バイリニア";
180c180
< "AvJ-4B-riQ.title" = "Overprint black";
---
> "AvJ-4B-riQ.title" = "オーバープリントブラック";
183c183
< "C0u-OP-FPF.ibShadowedToolTip" = "Selection contains multiple smallest file size options";
---
> "C0u-OP-FPF.ibShadowedToolTip" = "選択範囲に最小ファイルサイズに関する複数のオプションが含まれています";
186c186
< "C3T-H7-fJ6.title" = "PDF 1.4 (Acrobat 5)";
---
> "C3T-H7-fJ6.title" = "PDF 1.4(Acrobat 5)";
189c189
< "CCk-fD-jr9.title" = "Preserve accuracy";
---
> "CCk-fD-jr9.title" = "精度を維持";
192c192
< "CLL-wb-Hc9.ibShadowedToolTip" = "Bleed will be applied";
---
> "CLL-wb-Hc9.ibShadowedToolTip" = "裁ち落としが適用されます";
195c195
< "CPl-aH-FqR.ibShadowedToolTip" = "Selection contains multiple settings";
---
> "CPl-aH-FqR.ibShadowedToolTip" = "選択範囲に複数の設定が含まれています";
198c198
< "Cn6-9G-9Je.ibShadowedToolTip" = "Bleed will be applied";
---
> "Cn6-9G-9Je.ibShadowedToolTip" = "裁ち落としが適用されます";
201c201
< "CyQ-Ml-rza.title" = "Include unknown channels";
---
> "CyQ-Ml-rza.title" = "不明なチャンネルを含める";
204c204
< "D3k-EY-0d4.ibShadowedToolTip" = "Selection contains multiple adjustment strategies";
---
> "D3k-EY-0d4.ibShadowedToolTip" = "選択範囲に複数の調整方式が含まれています";
207c207
< "DM2-JA-2sb.title" = "Include color bars";
---
> "DM2-JA-2sb.title" = "カラーバーを含める";
210c210
< "DOp-K7-9kq.title" = "Export text as curves";
---
> "DOp-K7-9kq.title" = "テキストをカーブとして書き出し";
216c216
< "DV4-Qo-cjW.title" = "Embed profiles";
---
> "DV4-Qo-cjW.title" = "プロファイルを埋め込む";
219c219
< "Dbu-nn-lUS.ibShadowedToolTip" = "Metadata will be embedded";
---
> "Dbu-nn-lUS.ibShadowedToolTip" = "メタデータが埋め込まれます";
222c222
< "DeM-BO-S37.title" = "No document printing";
---
> "DeM-BO-S37.title" = "ドキュメントは書き出せません";
225c225
< "Dk1-Da-MJf.title" = "Use document format";
---
> "Dk1-Da-MJf.title" = "ドキュメント形式を使用";
228c228
< "Dug-pV-HVt.title" = "Downsample images";
---
> "Dug-pV-HVt.title" = "画像のダウンサンプル";
231c231
< "E0d-2P-MOM.title" = "RGB 16-bit";
---
> "E0d-2P-MOM.title" = "RGB 16ビット";
234c234
< "EA4-1A-ldi.title" = "Grayscale 8-bit";
---
> "EA4-1A-ldi.title" = "グレースケール 8ビット";
240c240
< "EP6-Qr-g3D.title" = "Minimize size";
---
> "EP6-Qr-g3D.title" = "サイズを最小にする";
249c249
< "F8c-KG-ysP.ibShadowedToolTip" = "Selection contains multiple settings";
---
> "F8c-KG-ysP.ibShadowedToolTip" = "選択範囲に複数の設定が含まれています";
252c252
< "Fa8-hj-fcn.title" = "Include crop marks";
---
> "Fa8-hj-fcn.title" = "コーナートンボを含める";
255c255
< "FmU-Ze-G3l.title" = "32-bit (FLOAT)";
---
> "FmU-Ze-G3l.title" = "32ビット(FLOAT)";
261c261
< "FwC-cJ-zFw.title" = "Use DPI:";
---
> "FwC-cJ-zFw.title" = "次のDPIを使用:";
264c264
< "GDA-cR-grw.title" = "PDF 1.6 (Acrobat 7)";
---
> "GDA-cR-grw.title" = "PDF 1.6(Acrobat 7)";
267c267
< "GHa-aP-Pev.ibShadowedToolTip" = "Selection contains multiple settings";
---
> "GHa-aP-Pev.ibShadowedToolTip" = "選択範囲に複数の設定が含まれています";
270c270
< "GW2-xL-yXt.title" = "Lanczos 3 (separable)";
---
> "GW2-xL-yXt.title" = "Lanczos 3(分離可能)";
273c273
< "GrR-9P-dRD.ibShadowedToolTip" = "Selection contains multiple settings";
---
> "GrR-9P-dRD.ibShadowedToolTip" = "選択範囲に複数の設定が含まれています";
276c276
< "GvW-z0-oHP.ibShadowedToolTip" = "Selection contains multiple settings";
---
> "GvW-z0-oHP.ibShadowedToolTip" = "選択範囲に複数の設定が含まれています";
279c279
< "H6X-9t-2F7.ibShadowedToolTip" = "Selection contains multiple rasterize settings";
---
> "H6X-9t-2F7.ibShadowedToolTip" = "選択範囲に複数のラスタライズ設定が含まれています";
282c282
< "HKt-Ur-MwP.title" = "Bilinear";
---
> "HKt-Ur-MwP.title" = "バイリニア";
285c285
< "HN4-jz-cbd.title" = "Preserve accuracy";
---
> "HN4-jz-cbd.title" = "精度を維持";
288c288
< "Hc6-J5-Een.ibShadowedToolTip" = "Selection contains multiple settings";
---
> "Hc6-J5-Een.ibShadowedToolTip" = "選択範囲に複数の設定が含まれています";
291c291
< "Hi3-jW-eah.ibShadowedToolTip" = "Selection contains multiple pixel types";
---
> "Hi3-jW-eah.ibShadowedToolTip" = "選択範囲に複数のピクセルタイプが含まれています";
294c294
< "Hlx-VA-UBF.ibShadowedToolTip" = "Selection contains multiple pixel types";
---
> "Hlx-VA-UBF.ibShadowedToolTip" = "選択範囲に複数のピクセルタイプが含まれています";
297c297
< "HxN-Hj-83V.title" = "Include layers";
---
> "HxN-Hj-83V.title" = "レイヤーを含める";
300c300
< "IBV-E0-ftA.title" = "Subset fonts";
---
> "IBV-E0-ftA.title" = "サブセットフォント";
306c306
< "IMz-Zn-0BP.ibShadowedToolTip" = "Selection contains multiple settings";
---
> "IMz-Zn-0BP.ibShadowedToolTip" = "選択範囲に複数の設定が含まれています";
309c309
< "INU-Ov-7Yg.ibShadowedToolTip" = "Selection contains multiple resamplers";
---
> "INU-Ov-7Yg.ibShadowedToolTip" = "選択範囲に複数のリサンプラーが含まれています";
312c312
< "IPb-f9-d1z.ibShadowedToolTip" = "Bleed will be applied";
---
> "IPb-f9-d1z.ibShadowedToolTip" = "裁ち落としが適用されます";
315c315
< "IaL-gn-LDO.ibShadowedToolTip" = "Selection contains multiple settings";
---
> "IaL-gn-LDO.ibShadowedToolTip" = "選択範囲に複数の設定が含まれています";
318c318
< "Iaw-q7-nuC.ibShadowedToolTip" = "Selection contains multiple gradient strategies";
---
> "Iaw-q7-nuC.ibShadowedToolTip" = "選択範囲に複数のグラデーション方式が含まれています";
321c321
< "Ich-7o-FLT.title" = "All Fonts";
---
> "Ich-7o-FLT.title" = "すべてのフォント";
324c324
< "Ipu-Wi-Vit.title" = "Grayscale";
---
> "Ipu-Wi-Vit.title" = "グレースケール";
327c327
< "Ix8-VW-fL7.ibShadowedToolTip" = "Selection contains multiple embed metadata options";
---
> "Ix8-VW-fL7.ibShadowedToolTip" = "選択範囲に複数の埋め込みメタデータオプションが含まれています";
330c330
< "JEh-77-PfM.title" = "Nothing";
---
> "JEh-77-PfM.title" = "なし";
339c339
< "Jei-Gk-pzU.title" = "Preserve accuracy";
---
> "Jei-Gk-pzU.title" = "精度を維持";
345c345
< "JgB-QE-mUJ.title" = "Include bleed";
---
> "JgB-QE-mUJ.title" = "裁ち落としを含める";
348c348
< "Jio-XL-HaI.title" = "Preserve editability";
---
> "Jio-XL-HaI.title" = "編集可能性を維持";
351c351
< "JoP-dF-QPy.title" = "Other pixels:";
---
> "JoP-dF-QPy.title" = "その他のピクセル:";
354c354
< "JwO-LA-7TH.title" = "Master Password:";
---
> "JwO-LA-7TH.title" = "マスターパスワード:";
357c357
< "Jwl-H5-qu4.ibShadowedToolTip" = "Selection contains multiple settings";
---
> "Jwl-H5-qu4.ibShadowedToolTip" = "選択範囲に複数の設定が含まれています";
360c360
< "KFg-Ws-Wtz.title" = "B44A (Lossy)";
---
> "KFg-Ws-Wtz.title" = "B44A(非可逆)";
363c363
< "KhL-Sp-yds.ibShadowedToolTip" = "Selection contains multiple quality values";
---
> "KhL-Sp-yds.ibShadowedToolTip" = "選択範囲に複数の品質値が含まれています";
369c369
< "LTJ-An-4kB.ibShadowedToolTip" = "Selection contains multiple pixel formats";
---
> "LTJ-An-4kB.ibShadowedToolTip" = "選択範囲に複数のピクセル形式が含まれています";
372c372
< "Lck-it-xSK.title" = "Gradients:";
---
> "Lck-it-xSK.title" = "グラデーション:";
375c375
< "Lr9-xA-vqn.ibShadowedToolTip" = "Selection contains multiple settings";
---
> "Lr9-xA-vqn.ibShadowedToolTip" = "選択範囲に複数の設定が含まれています";
378c378
< "LvD-5G-0JU.ibShadowedToolTip" = "Choose how to handle exporting vector strokes. Some third party applications may not support vector strokes even if they support vector masks.";
---
> "LvD-5G-0JU.ibShadowedToolTip" = "書き出し用ベクター境界線の処理方法を決定します。一部のサードパーティアプリケーションでは、たとえベクターマスクがサポートされていても、ベクター境界線はサポートされていない場合があります。";
381c381
< "MAz-e3-css.title" = "Honor spot colors";
---
> "MAz-e3-css.title" = "スポットカラーを有効化";
384c384
< "MDD-8l-dkr.ibShadowedToolTip" = "Selection contains multiple settings";
---
> "MDD-8l-dkr.ibShadowedToolTip" = "選択範囲に複数の設定が含まれています";
387c387
< "MEF-WZ-0zZ.title" = "Include bleed";
---
> "MEF-WZ-0zZ.title" = "裁ち落としを含める";
390c390
< "MfL-e3-tru.title" = "Black & White";
---
> "MfL-e3-tru.title" = "白黒";
393c393
< "N0W-UY-2hR.ibShadowedToolTip" = "Selection contains multiple settings";
---
> "N0W-UY-2hR.ibShadowedToolTip" = "選択範囲に複数の設定が含まれています";
396c396
< "N0e-XF-djY.ibShadowedToolTip" = "Selection contains multiple settings";
---
> "N0e-XF-djY.ibShadowedToolTip" = "選択範囲に複数の設定が含まれています";
402c402
< "N86-H6-0Pz.title" = "Lanczos 3 (non-separable)";
---
> "N86-H6-0Pz.title" = "Lanczos 3(分離不可)";
405c405
< "NyX-1D-irq.title" = "Create preset...";
---
> "NyX-1D-irq.title" = "プリセットを作成...";
408c408
< "ODn-47-rAu.title" = "Lanczos 3 (separable)";
---
> "ODn-47-rAu.title" = "Lanczos 3(分離可能)";
411c411
< "OLh-25-ayz.title" = "PXR24 (Lossy)";
---
> "OLh-25-ayz.title" = "PXR24(非可逆)";
414c414
< "ONb-oI-yI6.ibShadowedToolTip" = "Selection contains multiple DPI settings";
---
> "ONb-oI-yI6.ibShadowedToolTip" = "選択範囲に複数のDPI設定が含まれています";
417c417
< "OWH-VR-mbO.ibShadowedToolTip" = "Selection contains multiple pixel types";
---
> "OWH-VR-mbO.ibShadowedToolTip" = "選択範囲に複数のピクセルタイプが含まれています";
423c423
< "Ole-lO-HWC.ibShadowedToolTip" = "Selection contains multiple embed metadata options";
---
> "Ole-lO-HWC.ibShadowedToolTip" = "選択範囲に複数の埋め込みメタデータオプションが含まれています";
426c426
< "P2D-Wx-AmQ.title" = "DWAA (Lossy)";
---
> "P2D-Wx-AmQ.title" = "DWAA(非可逆)";
429c429
< "P5o-jm-4xY.title" = "Allow advanced features";
---
> "P5o-jm-4xY.title" = "拡張機能を許可";
435c435
< "PPd-0w-4No.ibShadowedToolTip" = "Selection contains multiple settings";
---
> "PPd-0w-4No.ibShadowedToolTip" = "選択範囲に複数の設定が含まれています";
438c438
< "PSe-3G-dpI.title" = "Use relative coordinates";
---
> "PSe-3G-dpI.title" = "相対座標を使用";
441c441
< "Po8-OM-nkV.ibShadowedToolTip" = "Selection contains multiple embed metadata options";
---
> "Po8-OM-nkV.ibShadowedToolTip" = "選択範囲に複数の埋め込みメタデータオプションが含まれています";
444c444
< "PyT-eK-P3z.title" = "Colors:";
---
> "PyT-eK-P3z.title" = "カラー:";
450c450
< "QID-gz-VYS.ibShadowedToolTip" = "Selection contains multiple matte colors";
---
> "QID-gz-VYS.ibShadowedToolTip" = "選択範囲に複数のマットカラーが含まれています";
453c453
< "QMV-OZ-08J.title" = "Convert image color spaces";
---
> "QMV-OZ-08J.title" = "画像の色空間を変換する";
456c456
< "Qqt-U9-Yzj.title" = "Delete preset";
---
> "Qqt-U9-Yzj.title" = "プリセットを削除";
459c459
< "RDT-Sf-F6J.ibShadowedToolTip" = "Selection contains multiple palette types";
---
> "RDT-Sf-F6J.ibShadowedToolTip" = "選択範囲に複数のパレットタイプが含まれています";
462c462
< "REE-cF-4kY.title" = "Resample:";
---
> "REE-cF-4kY.title" = "リサンプル:";
465c465
< "RH3-Ex-XPi.ibShadowedToolTip" = "Selection contains multiple embed metadata options";
---
> "RH3-Ex-XPi.ibShadowedToolTip" = "選択範囲に複数の埋め込みメタデータオプションが含まれています";
468c468
< "RUH-cf-JLg.label" = "Empty";
---
> "RUH-cf-JLg.label" = "空";
471c471
< "RWO-er-suU.title" = "Uncommon Fonts";
---
> "RWO-er-suU.title" = "一般的でないフォント";
474c474
< "RiJ-cq-lEY.title" = "Text as Curves";
---
> "RiJ-cq-lEY.title" = "曲線状のテキスト";
477c477
< "RiT-x5-l40.title" = "Multi channel";
---
> "RiT-x5-l40.title" = "マルチチャンネル";
480c480
< "Rzg-bo-Xcv.title" = "Lanczos 3 (non-separable)";
---
> "Rzg-bo-Xcv.title" = "Lanczos 3(分離不可)";
483c483
< "SJR-Pm-60d.title" = "Preserve editability";
---
> "SJR-Pm-60d.title" = "編集可能性を維持";
486c486
< "SWr-jA-5HA.ibShadowedToolTip" = "Selection contains multiple settings";
---
> "SWr-jA-5HA.ibShadowedToolTip" = "選択範囲に複数の設定が含まれています";
489c489
< "TIz-gw-QH1.title" = "Use hex colors";
---
> "TIz-gw-QH1.title" = "16進数カラーを使用";
492c492
< "TJF-FU-2KF.ibShadowedToolTip" = "Selection contains multiple settings";
---
> "TJF-FU-2KF.ibShadowedToolTip" = "選択範囲に複数の設定が含まれています";
495c495
< "Tpc-ks-cKM.title" = "Relative coordinates";
---
> "Tpc-ks-cKM.title" = "相対座標";
498c498
< "Txa-Xc-VmG.ibShadowedToolTip" = "Export as a multi channel file, where layers are split into channels based on channel naming";
---
> "Txa-Xc-VmG.ibShadowedToolTip" = "マルチチャンネルファイルとして書き出し、チャンネルの名前付けに基づいてレイヤーをチャンネルに分割します";
501c501
< "U5Q-o1-Jmq.title" = "Compatibility:";
---
> "U5Q-o1-Jmq.title" = "互換性:";
507c507
< "UZC-cI-3ls.title" = "32-bit (FLOAT)";
---
> "UZC-cI-3ls.title" = "32ビット(FLOAT)";
510c510
< "Uk6-8J-dNs.ibShadowedToolTip" = "Selection contains multiple settings";
---
> "Uk6-8J-dNs.ibShadowedToolTip" = "選択範囲に複数の設定が含まれています";
516c516
< "Ums-8R-AQa.ibShadowedToolTip" = "Selection contains multiple resampler types";
---
> "Ums-8R-AQa.ibShadowedToolTip" = "選択範囲に複数のリサンプラータイプが含まれています";
519c519
< "Uw6-4X-RDQ.title" = "Lossless";
---
> "Uw6-4X-RDQ.title" = "ロスレス";
522c522
< "Vhq-IE-uQd.title" = "Unsupported properties";
---
> "Vhq-IE-uQd.title" = "サポートされていないプロパティ";
525c525
< "WWt-bg-7Jn.ibShadowedToolTip" = "Metadata will be embedded";
---
> "WWt-bg-7Jn.ibShadowedToolTip" = "メタデータが埋め込まれます";
528c528
< "WbP-zi-YmF.title" = "Rasterize:";
---
> "WbP-zi-YmF.title" = "ラスタライズ:";
531c531
< "Wo8-NU-w8a.title" = "Lanczos 3 (non-separable)";
---
> "Wo8-NU-w8a.title" = "Lanczos 3(分離不可)";
534c534
< "X6n-hn-JXB.title" = "PostScript level:";
---
> "X6n-hn-JXB.title" = "PostScriptレベル:";
543c543
< "YBE-Hf-BoN.title" = "Include invisible layers";
---
> "YBE-Hf-BoN.title" = "非表示レイヤーを含める";
546c546
< "YHZ-PA-7yd.title" = "Preserve accuracy";
---
> "YHZ-PA-7yd.title" = "精度を維持";
549c549
< "YNA-d3-JgY.title" = "Grayscale 16-bit";
---
> "YNA-d3-JgY.title" = "グレースケール 16ビット";
555c555
< "Ywj-Vl-dkw.ibShadowedToolTip" = "Choose how to handle exporting layer effects. Affinity handles layer effects in a different way to other apps, so editable layer effects may appear different in other applications. Some third party applications may also not support layer effects.";
---
> "Ywj-Vl-dkw.ibShadowedToolTip" = "書き出し用レイヤー効果の処理方法を決定します。Affinityではレイヤー効果の処理方法が他のアプリとは異なるので、編集可能なレイヤー効果は他のアプリケーションで同じように表示されない可能性があります。一部のサードパーティアプリケーションでは、レイヤー効果がサポートされていない場合もあります。";
558c558
< "Yyv-cq-9eW.title" = "Web colors";
---
> "Yyv-cq-9eW.title" = "Webカラー";
564c564
< "Z7u-st-omK.ibShadowedToolTip" = "Selection contains multiple resampler types";
---
> "Z7u-st-omK.ibShadowedToolTip" = "選択範囲に複数のリサンプラータイプが含まれています";
567c567
< "ZUI-j1-teB.ibShadowedToolTip" = "Selection contains multiple settings";
---
> "ZUI-j1-teB.ibShadowedToolTip" = "選択範囲に複数の設定が含まれています";
570c570
< "Za5-Yv-82k.title" = "Embed  fonts:";
---
> "Za5-Yv-82k.title" = "フォントを埋め込む:";
573c573
< "Zas-so-ri5.ibShadowedToolTip" = "Selection contains multiple embed metadata options";
---
> "Zas-so-ri5.ibShadowedToolTip" = "選択範囲に複数の埋め込みメタデータオプションが含まれています";
576c576
< "Zp1-3Q-2z4.title" = "RGB 32-bit";
---
> "Zp1-3Q-2z4.title" = "RGB 32ビット";
579c579
< "ZqR-hT-UvQ.title" = "Include registration marks";
---
> "ZqR-hT-UvQ.title" = "レジストレーションマークを含める";
582c582
< "ZqY-sE-tKH.title" = "Lanczos 3 (separable)";
---
> "ZqY-sE-tKH.title" = "Lanczos 3(分離可能)";
585c585
< "ZtH-Xp-d4Y.title" = "Embed ICC profile";
---
> "ZtH-Xp-d4Y.title" = "ICCプロファイルを埋め込む";
588c588
< "ZtV-f5-caY.ibShadowedToolTip" = "Selection contains multiple settings";
---
> "ZtV-f5-caY.ibShadowedToolTip" = "選択範囲に複数の設定が含まれています";
612c612
< "aAH-JA-Yyk.title" = "Include page information";
---
> "aAH-JA-Yyk.title" = "ページ情報を含める";
615c615
< "aJQ-0M-m4Z.title" = "Bicubic";
---
> "aJQ-0M-m4Z.title" = "バイキュービック";
618c618
< "aVS-8V-fXS.ibShadowedToolTip" = "Selection contains multiple settings";
---
> "aVS-8V-fXS.ibShadowedToolTip" = "選択範囲に複数の設定が含まれています";
624c624
< "ac4-ay-C0s.ibShadowedToolTip" = "Chose the resampler to use when resizing raster elements";
---
> "ac4-ay-C0s.ibShadowedToolTip" = "ラスター要素のサイズ変更時に使用するリサンプラーを決定します";
627c627
< "amF-J1-cQf.ibShadowedToolTip" = "Selection contains multiple settings";
---
> "amF-J1-cQf.ibShadowedToolTip" = "選択範囲に複数の設定が含まれています";
633c633
< "atd-dl-5Xa.title" = "No editing of comments and form fields";
---
> "atd-dl-5Xa.title" = "コメントとフォームフィールドの編集はできません";
636c636
< "avX-vD-mvf.title" = "16-bit (HALF)";
---
> "avX-vD-mvf.title" = "16ビット(HALF)";
639c639
< "awr-sh-Q8B.ibShadowedToolTip" = "Selection contains multiple palettize choices";
---
> "awr-sh-Q8B.ibShadowedToolTip" = "選択範囲に複数の減色の選択肢が含まれています";
645c645
< "b53-B9-NEf.title" = "Pixel format:";
---
> "b53-B9-NEf.title" = "ピクセル形式:";
648c648
< "bk7-OS-1jZ.ibShadowedToolTip" = "Convert top level clipping curves to vector paths";
---
> "bk7-OS-1jZ.ibShadowedToolTip" = "トップレベルのクリッピングカーブをベクターパスに変換";
651c651
< "br6-Kf-J1N.ibShadowedToolTip" = "Selection contains multiple quality values";
---
> "br6-Kf-J1N.ibShadowedToolTip" = "選択範囲に複数の品質値が含まれています";
654c654
< "c1I-sg-Ktx.ibShadowedToolTip" = "Selection contains multiple settings";
---
> "c1I-sg-Ktx.ibShadowedToolTip" = "選択範囲に複数の設定が含まれています";
660c660
< "cOv-5b-dIx.title" = "Compatibility mode";
---
> "cOv-5b-dIx.title" = "互換性モード";
663c663
< "cSn-SC-ahX.title" = "Nearest Neighbor";
---
> "cSn-SC-ahX.title" = "ニアレストネイバー";
666c666
< "cV2-xI-hbe.ibShadowedToolTip" = "Selection contains multiple settings";
---
> "cV2-xI-hbe.ibShadowedToolTip" = "選択範囲に複数の設定が含まれています";
669c669
< "cW2-Kn-n2P.ibShadowedToolTip" = "Selection contains multiple settings";
---
> "cW2-Kn-n2P.ibShadowedToolTip" = "選択範囲に複数の設定が含まれています";
672c672
< "cfv-KF-vrV.title" = "Flatten transforms";
---
> "cfv-KF-vrV.title" = "変形をフラット化";
675c675
< "cfy-Nk-9nm.ibShadowedToolTip" = "Selection contains multiple settings";
---
> "cfy-Nk-9nm.ibShadowedToolTip" = "選択範囲に複数の設定が含まれています";
678c678
< "d1u-NX-8Vq.title" = "Button";
---
> "d1u-NX-8Vq.title" = "ボタン";
684c684
< "d7G-Q2-PrO.ibShadowedToolTip" = "Choose the pixel data type to use for all other pixels (including unknown channels)";
---
> "d7G-Q2-PrO.ibShadowedToolTip" = "他のすべてのピクセル(不明なチャンネルを含む)で使用するピクセルデータタイプを選択します";
687c687
< "dCV-fx-mnI.title" = "Embed metadata";
---
> "dCV-fx-mnI.title" = "メタデータを埋め込む";
690c690
< "dCh-iC-buP.ibShadowedToolTip" = "Selection contains multiple settings";
---
> "dCh-iC-buP.ibShadowedToolTip" = "選択範囲に複数の設定が含まれています";
699c699
< "daH-jt-Hz1.title" = "Nearest Neighbor";
---
> "daH-jt-Hz1.title" = "ニアレストネイバー";
702c702
< "dae-w0-J20.title" = "32-bit (FLOAT)";
---
> "dae-w0-J20.title" = "32ビット(FLOAT)";
705c705
< "db6-hZ-LmF.title" = "PDF 1.5 (Acrobat 6)";
---
> "db6-hZ-LmF.title" = "PDF 1.5(Acrobat 6)";
708c708
< "djc-ji-xd3.title" = "Compression:";
---
> "djc-ji-xd3.title" = "圧縮:";
711c711
< "dm9-vs-6NS.ibShadowedToolTip" = "Selection contains multiple compression settings";
---
> "dm9-vs-6NS.ibShadowedToolTip" = "選択範囲に複数の圧縮設定が含まれています";
717c717
< "eFj-cF-z81.ibShadowedToolTip" = "Selection contains multiple settings";
---
> "eFj-cF-z81.ibShadowedToolTip" = "選択範囲に複数の設定が含まれています";
720c720
< "eIL-tj-Cqd.ibShadowedToolTip" = "Selection contains multiple convert to paths settings";
---
> "eIL-tj-Cqd.ibShadowedToolTip" = "選択範囲に複数のパスに変換設定が含まれています";
726c726
< "eUn-jW-DSj.ibShadowedToolTip" = "Metadata will be embedded";
---
> "eUn-jW-DSj.ibShadowedToolTip" = "メタデータが埋め込まれます";
732c732
< "edz-Rv-iHT.ibShadowedToolTip" = "Selection contains multiple resampler types";
---
> "edz-Rv-iHT.ibShadowedToolTip" = "選択範囲に複数のリサンプラータイプが含まれています";
738c738
< "eup-RI-K4d.title" = "Color Space:";
---
> "eup-RI-K4d.title" = "色空間:";
741c741
< "exd-qy-a3P.title" = "Include hyperlinks";
---
> "exd-qy-a3P.title" = "ハイパーリンクを含める";
744c744
< "f8W-45-a4W.ibShadowedToolTip" = "Selection contains multiple downsample settings";
---
> "f8W-45-a4W.ibShadowedToolTip" = "選択範囲に複数のダウンサンプル設定が含まれています";
747c747
< "f9E-PB-vnw.ibShadowedToolTip" = "An OCIO color profile will be applied if one can be identified from the output filename";
---
> "f9E-PB-vnw.ibShadowedToolTip" = "出力ファイル名に基づいて見つけたOCIOカラープロファイルが適用されます";
753c753
< "fGw-Wq-U8E.title" = "Palette:";
---
> "fGw-Wq-U8E.title" = "パレット:";
756c756
< "fJr-xQ-w9k.title" = "Quality:";
---
> "fJr-xQ-w9k.title" = "品質:";
762c762
< "fhv-v7-Q5b.ibShadowedToolTip" = "Selection contains multiple line strategies";
---
> "fhv-v7-Q5b.ibShadowedToolTip" = "選択範囲に複数のライン方式が含まれています";
765c765
< "fsU-yc-fBY.ibShadowedToolTip" = "Selection contains multiple ICC profiles";
---
> "fsU-yc-fBY.ibShadowedToolTip" = "選択範囲に複数のICCプロファイルが含まれています";
771c771
< "g7N-yx-UUm.title" = "Bilinear";
---
> "g7N-yx-UUm.title" = "バイリニア";
774c774
< "gaY-IU-bZd.title" = "Matte:";
---
> "gaY-IU-bZd.title" = "マット:";
777c777
< "hVU-UQ-z7u.ibShadowedToolTip" = "Selection contains multiple settings";
---
> "hVU-UQ-z7u.ibShadowedToolTip" = "選択範囲に複数の設定が含まれています";
780c780
< "hh6-am-TrE.title" = "Profile:";
---
> "hh6-am-TrE.title" = "プロファイル:";
783c783
< "hsk-BJ-NTr.ibShadowedToolTip" = "Selection contains multiple settings";
---
> "hsk-BJ-NTr.ibShadowedToolTip" = "選択範囲に複数の設定が含まれています";
786c786
< "i0K-gD-l4t.title" = "Allow JPEG compression";
---
> "i0K-gD-l4t.title" = "JPEG圧縮を許可";
795c795
< "iGi-Mh-20J.ibShadowedToolTip" = "Selection contains multiple settings";
---
> "iGi-Mh-20J.ibShadowedToolTip" = "選択範囲に複数の設定が含まれています";
798c798
< "iNf-sd-6QB.ibShadowedToolTip" = "Selection contains multiple export as raster options";
---
> "iNf-sd-6QB.ibShadowedToolTip" = "選択範囲にラスターとしての書き出しに関する複数のオプションが含まれています";
801c801
< "iNh-Lk-aJQ.ibShadowedToolTip" = "Selection contains multiple quality values";
---
> "iNh-Lk-aJQ.ibShadowedToolTip" = "選択範囲に複数の品質値が含まれています";
804c804
< "iVn-sM-5ya.title" = "Set view box";
---
> "iVn-sM-5ya.title" = "viewBoxを設定する";
807c807
< "io4-Jl-JeE.ibShadowedToolTip" = "Metadata will be embedded";
---
> "io4-Jl-JeE.ibShadowedToolTip" = "メタデータが埋め込まれます";
810c810
< "jPy-KT-IqW.title" = "Longer text spans";
---
> "jPy-KT-IqW.title" = "より長いテキスト範囲";
813c813
< "jTV-Sb-2yd.ibShadowedToolTip" = "Selection contains multiple embed metadata options";
---
> "jTV-Sb-2yd.ibShadowedToolTip" = "選択範囲に複数の埋め込みメタデータオプションが含まれています";
822c822
< "jUC-TW-gCC.title" = "Include bleed";
---
> "jUC-TW-gCC.title" = "裁ち落としを含める";
825c825
< "jfd-da-AN5.title" = "Image pixels:";
---
> "jfd-da-AN5.title" = "画像のピクセル:";
828c828
< "k1Y-U0-A3n.ibShadowedToolTip" = "Selection contains multiple settings";
---
> "k1Y-U0-A3n.ibShadowedToolTip" = "選択範囲に複数の設定が含まれています";
831c831
< "keZ-Js-Xa1.title" = "Radio";
---
> "keZ-Js-Xa1.title" = "ラジオ";
834c834
< "kmK-zo-0BK.title" = "Embed metadata";
---
> "kmK-zo-0BK.title" = "メタデータを埋め込む";
840c840
< "lvC-58-b0F.title" = "Everything";
---
> "lvC-58-b0F.title" = "すべて";
843c843
< "m3E-yQ-3Mu.ibShadowedToolTip" = "Selection contains multiple embed metadata options";
---
> "m3E-yQ-3Mu.ibShadowedToolTip" = "選択範囲に複数の埋め込みメタデータオプションが含まれています";
846c846
< "mNR-BK-r2U.ibShadowedToolTip" = "Selection contains multiple settings";
---
> "mNR-BK-r2U.ibShadowedToolTip" = "選択範囲に複数の設定が含まれています";
849c849
< "mWu-S7-EJE.title" = "Quality:";
---
> "mWu-S7-EJE.title" = "品質:";
852c852
< "meU-TN-Dai.title" = "PDF 1.7 (Acrobat 8)";
---
> "meU-TN-Dai.title" = "PDF 1.7(Acrobat 8)";
855c855
< "mfe-Nx-PsA.title" = "Button";
---
> "mfe-Nx-PsA.title" = "ボタン";
858c858
< "mnl-id-ppO.ibShadowedToolTip" = "Selection contains multiple settings";
---
> "mnl-id-ppO.ibShadowedToolTip" = "選択範囲に複数の設定が含まれています";
861c861
< "mt1-YX-Jkr.title" = "Preserve editability";
---
> "mt1-YX-Jkr.title" = "編集可能性を維持";
864c864
< "nMX-Tn-ASz.title" = "Use document resolution";
---
> "nMX-Tn-ASz.title" = "ドキュメント解像度を使用";
867c867
< "nOf-NA-gQi.ibShadowedToolTip" = "Chose how to handle exporting advanced blending options. Some third party applications may not support advanced blending options.";
---
> "nOf-NA-gQi.ibShadowedToolTip" = "書き出し用の高度なブレンディングオプションの処理方法を決定します。一部のサードパーティアプリケーションでは、高度なブレンディングオプションがサポートされていない場合があります。";
870c870
< "nnH-xS-g6e.title" = "Master password required for editing and printing";
---
> "nnH-xS-g6e.title" = "編集とプリントにはマスターパスワードが必要です";
873c873
< "oB8-z8-Odr.title" = "Lanczos 3 (non-separable)";
---
> "oB8-z8-Odr.title" = "Lanczos 3(分離不可)";
876c876
< "oF0-QJ-9Kr.title" = "Embed metadata";
---
> "oF0-QJ-9Kr.title" = "メタデータを埋め込む";
882c882
< "oWw-78-XC2.title" = "Adv Blending:";
---
> "oWw-78-XC2.title" = "高度なブレンディング:";
888c888
< "pGG-2M-pBH.title" = "Layer effects:";
---
> "pGG-2M-pBH.title" = "レイヤーエフェクト:";
891c891
< "pGh-fh-bSy.title" = "LAB 16-bit";
---
> "pGh-fh-bSy.title" = "LAB 16ビット";
894c894
< "pIn-Y9-eBJ.title" = "DWAB (Lossy)";
---
> "pIn-Y9-eBJ.title" = "DWAB(非可逆)";
897c897
< "pQG-QA-2PG.ibShadowedToolTip" = "Use Zip compression where it results in smaller file sizes. Files may not be compatible with some third party applications.";
---
> "pQG-QA-2PG.ibShadowedToolTip" = "zip圧縮を使用して、結果として得られるファイルサイズを小さくします。ファイルは一部のサードパーティアプリケーションとの互換性が失われる可能性があります。";
903c903
< "pzm-8b-7EY.title" = "Smallest file sizes";
---
> "pzm-8b-7EY.title" = "最小ファイルサイズ";
906c906
< "qA8-PI-nMQ.title" = "Include bookmarks";
---
> "qA8-PI-nMQ.title" = "ブックマークを含める";
909c909
< "raU-5X-9Wa.title" = "Lanczos 3 (separable)";
---
> "raU-5X-9Wa.title" = "Lanczos 3(分離可能)";
912c912
< "rds-Ya-J1F.title" = "Matte:";
---
> "rds-Ya-J1F.title" = "マット:";
915c915
< "rkY-1D-yqu.ibShadowedToolTip" = "Selection contains multiple compatibility mode options";
---
> "rkY-1D-yqu.ibShadowedToolTip" = "選択範囲に複数の互換性モードオプションが含まれています";
918c918
< "rmK-qU-4TC.ibShadowedToolTip" = "Selection contains multiple layer effects strategies";
---
> "rmK-qU-4TC.ibShadowedToolTip" = "選択範囲に複数のレイヤー効果方式が含まれています";
921c921
< "rpo-eu-Cwh.title" = "16-bit (HALF)";
---
> "rpo-eu-Cwh.title" = "16ビット(HALF)";
927c927
< "s75-eS-eZq.ibShadowedToolTip" = "Selection contains multiple matte colors";
---
> "s75-eS-eZq.ibShadowedToolTip" = "選択範囲に複数のマットカラーが含まれています";
930c930
< "sUA-BB-JnF.ibShadowedToolTip" = "Compatibility mode is required for many third party applications that do not handle PSD vector masks. Results in larger file sizes.";
---
> "sUA-BB-JnF.ibShadowedToolTip" = "PSDベクターマスクを処理しない多くのサードパーティアプリケーションでは、互換性モードが必要になります。結果として得られるファイルサイズは大きくなります。";
933c933
< "scW-9j-Mie.title" = "File format:";
---
> "scW-9j-Mie.title" = "ファイル形式:";
936c936
< "seB-25-dDq.title" = "Preserve accuracy";
---
> "seB-25-dDq.title" = "精度を維持";
939c939
< "sxF-Xr-IQm.title" = "Progressive";
---
> "sxF-Xr-IQm.title" = "プログレッシブ";
942c942
< "tFN-3b-dej.title" = "None";
---
> "tFN-3b-dej.title" = "なし";
945c945
< "tr1-f2-WUj.label" = "Empty";
---
> "tr1-f2-WUj.label" = "空";
948c948
< "tz6-tv-eeQ.ibShadowedToolTip" = "Metadata will be embedded";
---
> "tz6-tv-eeQ.ibShadowedToolTip" = "メタデータが埋め込まれます";
951c951
< "tzB-wu-9dM.title" = "No content copying";
---
> "tzB-wu-9dM.title" = "コンテンツのコピーはできません";
954c954
< "tzf-M5-CMV.title" = "Require Password to Open";
---
> "tzf-M5-CMV.title" = "開くにはパスワードが必要です";
957c957
< "uQa-f0-X6v.ibShadowedToolTip" = "Selection contains multiple embed metadata options";
---
> "uQa-f0-X6v.ibShadowedToolTip" = "選択範囲に複数の埋め込みメタデータオプションが含まれています";
960c960
< "uc8-qd-hej.title" = "Color profile from name";
---
> "uc8-qd-hej.title" = "名前に基づくカラープロファイル";
966c966
< "uov-HY-qh3.ibShadowedToolTip" = "Choose how to handle exporting adjustment layers. Affinity handles adjustments in a different way to other apps, so editable adjustments may appear different in other applications. Some third party applications may also not support adjustments.";
---
> "uov-HY-qh3.ibShadowedToolTip" = "書き出し用調整レイヤーの処理方法を決定します。Affinityでは調整の処理方法が他のアプリとは異なるので、編集可能な調整は他のアプリケーションで同じように表示されない可能性があります。一部のサードパーティアプリケーションでは、調整がサポートされていない場合もあります。";
969c969
< "vAN-qI-Q1g.title" = "Bilinear";
---
> "vAN-qI-Q1g.title" = "バイリニア";
972c972
< "vet-0d-KP7.title" = "Resample:";
---
> "vet-0d-KP7.title" = "リサンプル:";
975c975
< "vfq-su-viQ.title" = "Bicubic";
---
> "vfq-su-viQ.title" = "バイキュービック";
978c978
< "vl4-um-bwf.ibShadowedToolTip" = "Choose the pixel data type to use for all image pixels (including RGB, Alpha [A], Luminance [Y] and Chroma [RY,BY] channels)";
---
> "vl4-um-bwf.ibShadowedToolTip" = "すべての画像ピクセル(RGB、アルファ[A]、輝度[Y]、色度[RY,BY]の各チャンネルを含む)で使用するピクセルデータタイプを選択します";
981c981
< "vnx-qv-2UQ.title" = "Add line breaks";
---
> "vnx-qv-2UQ.title" = "改行を追加";
984c984
< "vpI-UI-eNE.title" = "Bicubic";
---
> "vpI-UI-eNE.title" = "バイキュービック";
987c987
< "w9j-zI-eKQ.ibShadowedToolTip" = "Choose the pixel data type to use for all spacial pixels (including XYZ, Z and ZBack)";
---
> "w9j-zI-eKQ.ibShadowedToolTip" = "すべての空間ピクセル(XYZ、Z、ZBackを含む)で使用するピクセルデータタイプを選択します";
996c996
< "xbt-nQ-QB6.title" = "No content modification";
---
> "xbt-nQ-QB6.title" = "コンテンツの変更はできません";
999c999
< "xiH-c0-hBV.title" = "Above:";
---
> "xiH-c0-hBV.title" = "上:";
1002c1002
< "xij-AZ-7WT.title" = "Compression:";
---
> "xij-AZ-7WT.title" = "圧縮:";
1008c1008
< "yC7-Nz-ia1.title" = "Rename preset...";
---
> "yC7-Nz-ia1.title" = "プリセット名の変更...";
1011c1011
< "yoS-VC-Lw5.title" = "None";
---
> "yoS-VC-Lw5.title" = "なし";
1014c1014
< "yrU-Nz-yx1.title" = "Palettized";
---
> "yrU-Nz-yx1.title" = "減色";
1017c1017
< "z0C-lV-mql.ibShadowedToolTip" = "Rasterize layer contents (including raster and vector masks, layer effects and adjustments)";
---
> "z0C-lV-mql.ibShadowedToolTip" = "レイヤーコンテンツ(ラスターおよびベクターマスク、レイヤー効果および調整など)をラスタライズします";
1020c1020
< "zVF-TF-eVD.title" = "Convert clips to paths";
---
> "zVF-TF-eVD.title" = "クリップをパスに変換";
1023c1023
< "zWt-Kf-uKh.title" = "No Fonts";
---
> "zWt-Kf-uKh.title" = "フォントなし";
1026c1026
< "zwc-1z-nN7.title" = "Rasterize all layers";
---
> "zwc-1z-nN7.title" = "すべてのレイヤーをラスタライズ";
