---
---
---
---
2,3c2,3
20,21c20,21
32,33c32,33
35,36c35,36
< "H7S-Kq-meK.title" = "Done";
< "aED-9K-gWc.title" = "Text Cell";
< "rax-DG-ZCb.title" = "Text Cell";
< "xIn-39-M8k.title" = "Cancel";
< /* Class = "NSButtonCell"; title = "Cancel"; ObjectID = "xIn-39-M8k"; */
< /* Class = "NSButtonCell"; title = "Done"; ObjectID = "H7S-Kq-meK"; */
< /* Class = "NSTextFieldCell"; title = "Text Cell"; ObjectID = "aED-9K-gWc"; */
< /* Class = "NSTextFieldCell"; title = "Text Cell"; ObjectID = "rax-DG-ZCb"; */
> "H7S-Kq-meK.title" = "완료";
> "aED-9K-gWc.title" = "텍스트 셀";
> "rax-DG-ZCb.title" = "텍스트 셀";
> "xIn-39-M8k.title" = "취소";
> /* Class = "NSButtonCell"; title = "완료"; ObjectID = "H7S-Kq-meK"; */
> /* Class = "NSButtonCell"; title = "취소"; ObjectID = "xIn-39-M8k"; */
> /* Class = "NSTextFieldCell"; title = "텍스트 셀"; ObjectID = "aED-9K-gWc"; */
> /* Class = "NSTextFieldCell"; title = "텍스트 셀"; ObjectID = "rax-DG-ZCb"; */
