2,3c2,3
< /* Class = "NSButtonCell"; title = "Cancel"; ObjectID = "08d-Ns-xUu"; */
< "08d-Ns-xUu.title" = "Cancel";
---
> /* Class = "NSButtonCell"; title = "취소"; ObjectID = "08d-Ns-xUu"; */
> "08d-Ns-xUu.title" = "취소";
5,6c5,6
< /* Class = "NSButtonCell"; title = "Export"; ObjectID = "67K-LN-16B"; */
< "67K-LN-16B.title" = "Export";
---
> /* Class = "NSButtonCell"; title = "내보내기"; ObjectID = "67K-LN-16B"; */
> "67K-LN-16B.title" = "내보내기";
8,9c8,9
< /* Class = "NSWindow"; title = "Export"; ObjectID = "CHo-O7-99J"; */
< "CHo-O7-99J.title" = "Export";
---
> /* Class = "NSWindow"; title = "내보내기"; ObjectID = "CHo-O7-99J"; */
> "CHo-O7-99J.title" = "내보내기";
17,18c17,18
< /* Class = "NSTextFieldCell"; title = "Text Cell"; ObjectID = "gpQ-oN-NEJ"; */
< "gpQ-oN-NEJ.title" = "Text Cell";
---
> /* Class = "NSTextFieldCell"; title = "텍스트 셀"; ObjectID = "gpQ-oN-NEJ"; */
> "gpQ-oN-NEJ.title" = "텍스트 셀";
