5,20c5,8
< ---
< ---
< ---
< ---
< ---
< ---
< 12c12
< 15c15
< 21c21
< 27c27
< 39c39
< 3c3
< 42c42
< 45c45
< 6c6
< 9c9
---
> 2,3c2,3
> 20,21c20,21
> 5,6c5,6
> 8,9c8,9
24,25d11
< < "KSV-Lw-s2i.title" = "Preview";
< < "KWq-tQ-DrA.title" = "Load Preview Image";
27,40c13,24
< < "WhB-fD-Z9Q.title" = "Exported LUT";
< < "lIB-w1-LLQ.title" = "Quality";
< < "qoL-xQ-zKb.title" = "Format";
< < "w8n-EE-sV0.title" = ".look (LUT only)";
< > "1.title" = "LUTを書き出し";
< > "1004.title" = "キャンセル";
< > "101.title" = "書き出し";
< > "KSV-Lw-s2i.title" = "プレビュー";
< > "KWq-tQ-DrA.title" = "プレビュー画像の読み込み";
< > "OYq-Up-seb.title" = "タイトル";
< > "WhB-fD-Z9Q.title" = "書き出し済みLUT";
< > "lIB-w1-LLQ.title" = "品質";
< > "qoL-xQ-zKb.title" = "フォーマット";
< > "w8n-EE-sV0.title" = ".look(LUTのみ)";
---
> < /* Class = "NSButtonCell"; title = "Cancel"; ObjectID = "1004"; */
> < /* Class = "NSButtonCell"; title = "Export"; ObjectID = "101"; */
> < /* Class = "NSTextFieldCell"; title = "Title"; ObjectID = "OYq-Up-seb"; */
> < /* Class = "NSWindow"; title = "Export LUT"; ObjectID = "1"; */
> > "1.title" = "LUT 내보내기";
> > "1004.title" = "취소";
> > "101.title" = "내보내기";
> > "OYq-Up-seb.title" = "타이틀";
> > /* Class = "NSButtonCell"; title = "취소"; ObjectID = "1004"; */
> > /* Class = "NSButtonCell"; title = "내보내기"; ObjectID = "101"; */
> > /* Class = "NSTextFieldCell"; title = "타이틀"; ObjectID = "OYq-Up-seb"; */
> > /* Class = "NSWindow"; title = "LUT 내보내기"; ObjectID = "1"; */
