2,3c2,3
< /* Class = "NSTextFieldCell"; title = "Text Cell"; ObjectID = "5ni-m7-3Tf"; */
< "5ni-m7-3Tf.title" = "Text Cell";
---
> /* Class = "NSTextFieldCell"; title = "텍스트 셀"; ObjectID = "5ni-m7-3Tf"; */
> "5ni-m7-3Tf.title" = "텍스트 셀";
5,6c5,6
< /* Class = "NSTextFieldCell"; title = "Text Cell"; ObjectID = "9Up-kQ-27c"; */
< "9Up-kQ-27c.title" = "Text Cell";
---
> /* Class = "NSTextFieldCell"; title = "텍스트 셀"; ObjectID = "9Up-kQ-27c"; */
> "9Up-kQ-27c.title" = "텍스트 셀";
14,15c14,15
< /* Class = "NSButtonCell"; title = "Done"; ObjectID = "H7S-Kq-meK"; */
< "H7S-Kq-meK.title" = "Done";
---
> /* Class = "NSButtonCell"; title = "완료"; ObjectID = "H7S-Kq-meK"; */
> "H7S-Kq-meK.title" = "완료";
20,21c20,21
< /* Class = "NSTextFieldCell"; placeholderString = "Name"; ObjectID = "LuR-GI-Z85"; */
< "LuR-GI-Z85.placeholderString" = "Name";
---
> /* Class = "NSTextFieldCell"; placeholderString = "이름"; ObjectID = "LuR-GI-Z85"; */
> "LuR-GI-Z85.placeholderString" = "이름";
23,24c23,24
< /* Class = "NSTableColumn"; headerCell.title = "Name"; ObjectID = "O0a-0B-DeR"; */
< "O0a-0B-DeR.headerCell.title" = "Name";
---
> /* Class = "NSTableColumn"; headerCell.title = "이름"; ObjectID = "O0a-0B-DeR"; */
> "O0a-0B-DeR.headerCell.title" = "이름";
44,45c44,45
< /* Class = "NSTextFieldCell"; title = "Text Cell"; ObjectID = "Yxw-bx-Cy8"; */
< "Yxw-bx-Cy8.title" = "Text Cell";
---
> /* Class = "NSTextFieldCell"; title = "텍스트 셀"; ObjectID = "Yxw-bx-Cy8"; */
> "Yxw-bx-Cy8.title" = "텍스트 셀";
47,48c47,48
< /* Class = "NSTextFieldCell"; title = "Text Cell"; ObjectID = "aED-9K-gWc"; */
< "aED-9K-gWc.title" = "Text Cell";
---
> /* Class = "NSTextFieldCell"; title = "텍스트 셀"; ObjectID = "aED-9K-gWc"; */
> "aED-9K-gWc.title" = "텍스트 셀";
74,75c74,75
< /* Class = "NSTextFieldCell"; title = "Text Cell"; ObjectID = "rax-DG-ZCb"; */
< "rax-DG-ZCb.title" = "Text Cell";
---
> /* Class = "NSTextFieldCell"; title = "텍스트 셀"; ObjectID = "rax-DG-ZCb"; */
> "rax-DG-ZCb.title" = "텍스트 셀";
80,81c80,81
< /* Class = "NSButtonCell"; title = "Cancel"; ObjectID = "xIn-39-M8k"; */
< "xIn-39-M8k.title" = "Cancel";
---
> /* Class = "NSButtonCell"; title = "취소"; ObjectID = "xIn-39-M8k"; */
> "xIn-39-M8k.title" = "취소";
