2,201c2,8
< 1008c1008
< 1011c1011
< 1014c1014
< 1020c1020
< 1023c1023
< 1026c1026
< 1029c1029
< 102c102
< 1032c1032
< 1035c1035
< 1038c1038
< 105c105
< 108c108
< 111c111
< 114c114
< 117c117
< 120c120
< 123c123
< 126c126
< 129c129
< 12c12
< 132c132
< 138c138
< 141c141
< 144c144
< 147c147
< 153c153
< 156c156
< 159c159
< 15c15
< 162c162
< 165c165
< 168c168
< 171c171
< 174c174
< 177c177
< 180c180
< 183c183
< 186c186
< 189c189
< 18c18
< 192c192
< 195c195
< 198c198
< 201c201
< 204c204
< 207c207
< 210c210
< 213c213
< 219c219
< 21c21
< 222c222
< 225c225
< 228c228
< 231c231
< 234c234
< 237c237
< 243c243
< 252c252
< 255c255
< 258c258
< 264c264
< 267c267
< 270c270
< 273c273
< 276c276
< 279c279
< 27c27
< 282c282
< 285c285
< 288c288
< 291c291
< 294c294
< 297c297
< 300c300
< 303c303
< 309c309
< 30c30
< 312c312
< 315c315
< 318c318
< 321c321
< 324c324
< 327c327
< 330c330
< 333c333
< 342c342
< 348c348
< 351c351
< 354c354
< 357c357
< 360c360
< 363c363
< 366c366
< 36c36
< 372c372
< 375c375
< 378c378
< 381c381
< 384c384
< 387c387
< 390c390
< 393c393
< 396c396
< 39c39
< 3c3
< 402c402
< 405c405
< 408c408
< 411c411
< 414c414
< 417c417
< 423c423
< 426c426
< 429c429
< 42c42
< 435c435
< 438c438
< 441c441
< 444c444
< 450c450
< 453c453
< 456c456
< 459c459
< 462c462
< 465c465
< 468c468
< 471c471
< 474c474
< 477c477
< 480c480
< 483c483
< 486c486
< 489c489
< 492c492
< 495c495
< 498c498
< 501c501
< 504c504
< 510c510
< 513c513
< 519c519
< 51c51
< 522c522
< 525c525
< 528c528
< 531c531
< 534c534
< 537c537
< 540c540
< 549c549
< 552c552
< 555c555
< 561c561
< 564c564
< 570c570
< 573c573
< 576c576
< 579c579
< 57c57
< 582c582
< 585c585
< 588c588
< 591c591
< 594c594
< 60c60
< 618c618
< 621c621
< 624c624
< 630c630
< 633c633
< 639c639
< 63c63
< 642c642
< 648c648
< 651c651
< 654c654
< 657c657
< 663c663
< 666c666
< 669c669
< 672c672
< 675c675
< 678c678
< 681c681
< 687c687
< 690c690
< 693c693
< 69c69
< 6c6
< 702c702
< 705c705
< 708c708
< 711c711
< 714c714
< 720c720
< 723c723
< 729c729
< 72c72
< 735c735
---
> 1022,1023c1022,1023
> 122,123c122,123
> 131,132c131,132
> 20,21c20,21
> 455,456c455,456
> 647,648c647,648
> 680,681c680,681
203,288c10,15
< 744c744
< 747c747
< 750c750
< 756c756
< 759c759
< 75c75
< 765c765
< 768c768
< 774c774
< 777c777
< 780c780
< 783c783
< 786c786
< 789c789
< 78c78
< 792c792
< 801c801
< 804c804
< 807c807
< 810c810
< 813c813
< 816c816
< 819c819
< 81c81
< 828c828
< 831c831
< 834c834
< 840c840
< 843c843
< 849c849
< 84c84
< 852c852
< 855c855
< 858c858
< 864c864
< 867c867
< 870c870
< 873c873
< 876c876
< 879c879
< 87c87
< 882c882
< 885c885
< 891c891
< 897c897
< 900c900
< 903c903
< 906c906
< 912c912
< 915c915
< 918c918
< 921c921
< 924c924
< 927c927
< 930c930
< 936c936
< 939c939
< 93c93
< 942c942
< 945c945
< 948c948
< 951c951
< 954c954
< 957c957
< 960c960
< 963c963
< 966c966
< 969c969
< 96c96
< 972c972
< 978c978
< 981c981
< 984c984
< 987c987
< 990c990
< 993c993
< 996c996
< 999c999
< 99c99
< 9c9
< < "0BQ-J8-Qni.title" = "Include printers marks";
< < "0at-Zh-ZZ9.title" = "Lines:";
< < "0gP-WA-IpL.title" = "Spacial pixels:";
< < "1Vy-EF-R6c.title" = "RGB 8-bit";
< < "1d6-mA-mlV.ibShadowedToolTip" = "Selection contains multiple settings";
< < "1ey-hs-GXR.ibShadowedToolTip" = "Selection contains multiple advanced blending strategies";
---
> 785,786c785,786
> 848,849c848,849
> 86,87c86,87
> 863,864c863,864
> 941,942c941,942
> 950,951c950,951
290,304d16
< < "2Jj-14-Yiv.ibShadowedToolTip" = "Choose how to handle exporting gradients. Affinity handles gradients in a different way to other apps, so editable gradients may appear different in other applications.";
< < "2SD-UX-wdH.title" = "Quality:";
< < "2oC-5C-Q5A.ibShadowedToolTip" = "Export layers with indeterminable channels as a single channel base on luminance";
< < "2yn-qA-3pA.title" = "Embed metadata";
< < "32P-vX-ufu.title" = "Quality:";
< < "3d9-rl-FKC.ibShadowedToolTip" = "Selection contains multiple settings";
< < "3iD-Q9-Zn4.ibShadowedToolTip" = "Selection contains multiple progressive settings";
< < "3lQ-Mh-xFl.title" = "Bicubic";
< < "3xh-tS-fYK.ibShadowedToolTip" = "Selection contains multiple settings";
< < "4UO-47-xcH.ibShadowedToolTip" = "Selection contains multiple ICC embedding options";
< < "4Ws-VZ-HNp.ibShadowedToolTip" = "Selection contains multiple settings";
< < "4aR-Oy-0Dx.title" = "B44 (Lossy)";
< < "4g9-1U-hNi.ibShadowedToolTip" = "Selection contains multiple settings";
< < "4oe-7L-yzx.title" = "CMYK 8-bit";
< < "4wq-Va-zbI.ibShadowedToolTip" = "Selection contains multiple embed metadata options";
306,315d17
< < "5Sz-h0-P7L.title" = "Embed metadata";
< < "5pF-9X-Rk7.ibShadowedToolTip" = "Selection contains multiple DPI settings";
< < "66v-si-luN.title" = "Nearest Neighbor";
< < "6Jd-SE-3Sk.ibShadowedToolTip" = "Selection contains multiple color counts";
< < "6RD-Vg-LZF.title" = "Include bleed";
< < "6Rk-Id-7C2.title" = "Open password:";
< < "6e8-L9-8E1.title" = "Resample:";
< < "6nv-ed-v7y.ibShadowedToolTip" = "Selection contains multiple settings";
< < "6wc-1x-NbU.ibShadowedToolTip" = "Selection contains multiple settings";
< < "7Ic-0d-DkN.ibShadowedToolTip" = "Selection contains multiple settings";
317,318d18
< < "8Fo-fw-dfM.ibShadowedToolTip" = "Bleed will be applied";
< < "8Im-I1-Uu0.title" = "Include hyperlinks";
320,410d19
< < "8Nw-aP-iUf.title" = "Password Protection";
< < "8bD-Dc-b8q.ibShadowedToolTip" = "Selection contains multiple progressive settings";
< < "8dw-oj-zOC.ibShadowedToolTip" = "Selection contains multiple quality values";
< < "8eC-gM-D09.ibShadowedToolTip" = "Selection contains multiple compression types";
< < "8u3-nA-StC.title" = "Adjustments:";
< < "9B3-cy-m7P.ibShadowedToolTip" = "Selection contains multiple settings";
< < "9D2-pk-iod.title" = "Nearest Neighbor";
< < "9FU-y0-SbM.title" = "16-bit (HALF)";
< < "9Lh-f4-Fsb.ibShadowedToolTip" = "Selection contains multiple settings";
< < "9UP-1n-K8p.title" = "Use tile patterns";
< < "9da-tB-yIv.title" = "Preserve editability";
< < "AFX-lS-bW4.title" = "Preserve editability";
< < "AHf-6q-CCp.title" = "Resample:";
< < "Ack-u4-xla.title" = "Bilinear";
< < "AvJ-4B-riQ.title" = "Overprint black";
< < "C0u-OP-FPF.ibShadowedToolTip" = "Selection contains multiple smallest file size options";
< < "C3T-H7-fJ6.title" = "PDF 1.4 (Acrobat 5)";
< < "CCk-fD-jr9.title" = "Preserve accuracy";
< < "CLL-wb-Hc9.ibShadowedToolTip" = "Bleed will be applied";
< < "CPl-aH-FqR.ibShadowedToolTip" = "Selection contains multiple settings";
< < "Cn6-9G-9Je.ibShadowedToolTip" = "Bleed will be applied";
< < "CyQ-Ml-rza.title" = "Include unknown channels";
< < "D3k-EY-0d4.ibShadowedToolTip" = "Selection contains multiple adjustment strategies";
< < "DM2-JA-2sb.title" = "Include color bars";
< < "DOp-K7-9kq.title" = "Export text as curves";
< < "DV4-Qo-cjW.title" = "Embed profiles";
< < "Dbu-nn-lUS.ibShadowedToolTip" = "Metadata will be embedded";
< < "DeM-BO-S37.title" = "Allow document printing";
< < "Dk1-Da-MJf.title" = "Use document format";
< < "Dug-pV-HVt.title" = "Downsample images";
< < "E0d-2P-MOM.title" = "RGB 16-bit";
< < "EA4-1A-ldi.title" = "Grayscale 8-bit";
< < "EP6-Qr-g3D.title" = "Minimize size";
< < "F8c-KG-ysP.ibShadowedToolTip" = "Selection contains multiple settings";
< < "Fa8-hj-fcn.title" = "Include crop marks";
< < "FmU-Ze-G3l.title" = "32-bit (FLOAT)";
< < "FwC-cJ-zFw.title" = "Use DPI:";
< < "GDA-cR-grw.title" = "PDF 1.6 (Acrobat 7)";
< < "GHa-aP-Pev.ibShadowedToolTip" = "Selection contains multiple settings";
< < "GW2-xL-yXt.title" = "Lanczos 3 (separable)";
< < "GrR-9P-dRD.ibShadowedToolTip" = "Selection contains multiple settings";
< < "GvW-z0-oHP.ibShadowedToolTip" = "Selection contains multiple settings";
< < "H6X-9t-2F7.ibShadowedToolTip" = "Selection contains multiple rasterize settings";
< < "HKt-Ur-MwP.title" = "Bilinear";
< < "HN4-jz-cbd.title" = "Preserve accuracy";
< < "Hc6-J5-Een.ibShadowedToolTip" = "Selection contains multiple settings";
< < "Hi3-jW-eah.ibShadowedToolTip" = "Selection contains multiple pixel types";
< < "Hlx-VA-UBF.ibShadowedToolTip" = "Selection contains multiple pixel types";
< < "HxN-Hj-83V.title" = "Include layers";
< < "IBV-E0-ftA.title" = "Subset fonts";
< < "IMz-Zn-0BP.ibShadowedToolTip" = "Selection contains multiple settings";
< < "INU-Ov-7Yg.ibShadowedToolTip" = "Selection contains multiple resamplers";
< < "IPb-f9-d1z.ibShadowedToolTip" = "Bleed will be applied";
< < "IaL-gn-LDO.ibShadowedToolTip" = "Selection contains multiple settings";
< < "Iaw-q7-nuC.ibShadowedToolTip" = "Selection contains multiple gradient strategies";
< < "Ich-7o-FLT.title" = "All Fonts";
< < "Ipu-Wi-Vit.title" = "Grayscale";
< < "Ix8-VW-fL7.ibShadowedToolTip" = "Selection contains multiple embed metadata options";
< < "JEh-77-PfM.title" = "Nothing";
< < "Jei-Gk-pzU.title" = "Preserve accuracy";
< < "JgB-QE-mUJ.title" = "Include bleed";
< < "Jio-XL-HaI.title" = "Preserve editability";
< < "JoP-dF-QPy.title" = "Other pixels:";
< < "JwO-LA-7TH.title" = "Permissions password:";
< < "Jwl-H5-qu4.ibShadowedToolTip" = "Selection contains multiple settings";
< < "KFg-Ws-Wtz.title" = "B44A (Lossy)";
< < "KhL-Sp-yds.ibShadowedToolTip" = "Selection contains multiple quality values";
< < "LTJ-An-4kB.ibShadowedToolTip" = "Selection contains multiple pixel formats";
< < "Lck-it-xSK.title" = "Gradients:";
< < "Lr9-xA-vqn.ibShadowedToolTip" = "Selection contains multiple settings";
< < "LvD-5G-0JU.ibShadowedToolTip" = "Choose how to handle exporting vector strokes. Some third party applications may not support vector strokes even if they support vector masks.";
< < "MAz-e3-css.title" = "Honor spot colors";
< < "MDD-8l-dkr.ibShadowedToolTip" = "Selection contains multiple settings";
< < "MEF-WZ-0zZ.title" = "Include bleed";
< < "MfL-e3-tru.title" = "Black & White";
< < "N0W-UY-2hR.ibShadowedToolTip" = "Selection contains multiple settings";
< < "N86-H6-0Pz.title" = "Lanczos 3 (non-separable)";
< < "NyX-1D-irq.title" = "Create preset...";
< < "ODn-47-rAu.title" = "Lanczos 3 (separable)";
< < "OLh-25-ayz.title" = "PXR24 (Lossy)";
< < "ONb-oI-yI6.ibShadowedToolTip" = "Selection contains multiple DPI settings";
< < "OWH-VR-mbO.ibShadowedToolTip" = "Selection contains multiple pixel types";
< < "Ole-lO-HWC.ibShadowedToolTip" = "Selection contains multiple embed metadata options";
< < "P2D-Wx-AmQ.title" = "DWAA (Lossy)";
< < "P5o-jm-4xY.title" = "Allow advanced features";
< < "PPd-0w-4No.ibShadowedToolTip" = "Selection contains multiple settings";
< < "PSe-3G-dpI.title" = "Use relative coordinates";
< < "Po8-OM-nkV.ibShadowedToolTip" = "Selection contains multiple embed metadata options";
< < "PyT-eK-P3z.title" = "Colors:";
< < "QID-gz-VYS.ibShadowedToolTip" = "Selection contains multiple matte colors";
< < "QMV-OZ-08J.title" = "Convert image color spaces";
412,458d20
< < "RDT-Sf-F6J.ibShadowedToolTip" = "Selection contains multiple palette types";
< < "REE-cF-4kY.title" = "Resample:";
< < "RH3-Ex-XPi.ibShadowedToolTip" = "Selection contains multiple embed metadata options";
< < "RUH-cf-JLg.label" = "Empty";
< < "RWO-er-suU.title" = "Uncommon Fonts";
< < "RiJ-cq-lEY.title" = "Text as Curves";
< < "RiT-x5-l40.title" = "Multi channel";
< < "Rzg-bo-Xcv.title" = "Lanczos 3 (non-separable)";
< < "SJR-Pm-60d.title" = "Preserve editability";
< < "SWr-jA-5HA.ibShadowedToolTip" = "Selection contains multiple settings";
< < "TIz-gw-QH1.title" = "Use hex colors";
< < "TJF-FU-2KF.ibShadowedToolTip" = "Selection contains multiple settings";
< < "TVJ-OQ-ugG.title" = "Tagged PDF";
< < "Tpc-ks-cKM.title" = "Relative coordinates";
< < "Txa-Xc-VmG.ibShadowedToolTip" = "Export as a multi channel file, where layers are split into channels based on channel naming";
< < "U5Q-o1-Jmq.title" = "Compatibility:";
< < "UZC-cI-3ls.title" = "32-bit (FLOAT)";
< < "Uk6-8J-dNs.ibShadowedToolTip" = "Selection contains multiple settings";
< < "Ums-8R-AQa.ibShadowedToolTip" = "Selection contains multiple resampler types";
< < "Uw6-4X-RDQ.title" = "Lossless";
< < "Vhq-IE-uQd.title" = "Unsupported properties";
< < "Vt0-jA-Rpe.ibShadowedToolTip" = "Selection contains multiple settings";
< < "WWt-bg-7Jn.ibShadowedToolTip" = "Metadata will be embedded";
< < "WbP-zi-YmF.title" = "Rasterize:";
< < "Wo8-NU-w8a.title" = "Lanczos 3 (non-separable)";
< < "X6n-hn-JXB.title" = "PostScript level:";
< < "YBE-Hf-BoN.title" = "Include invisible layers";
< < "YHZ-PA-7yd.title" = "Preserve accuracy";
< < "YNA-d3-JgY.title" = "Grayscale 16-bit";
< < "Ywj-Vl-dkw.ibShadowedToolTip" = "Choose how to handle exporting layer effects. Affinity handles layer effects in a different way to other apps, so editable layer effects may appear different in other applications. Some third party applications may also not support layer effects.";
< < "Yyv-cq-9eW.title" = "Web colors";
< < "Z7u-st-omK.ibShadowedToolTip" = "Selection contains multiple resampler types";
< < "ZUI-j1-teB.ibShadowedToolTip" = "Selection contains multiple settings";
< < "Za5-Yv-82k.title" = "Embed  fonts:";
< < "Zas-so-ri5.ibShadowedToolTip" = "Selection contains multiple embed metadata options";
< < "Zp1-3Q-2z4.title" = "RGB 32-bit";
< < "ZqR-hT-UvQ.title" = "Include registration marks";
< < "ZqY-sE-tKH.title" = "Lanczos 3 (separable)";
< < "ZtH-Xp-d4Y.title" = "Embed ICC profile";
< < "ZtV-f5-caY.ibShadowedToolTip" = "Selection contains multiple settings";
< < "aAH-JA-Yyk.title" = "Include page information";
< < "aJQ-0M-m4Z.title" = "Bicubic";
< < "aVS-8V-fXS.ibShadowedToolTip" = "Selection contains multiple settings";
< < "ac4-ay-C0s.ibShadowedToolTip" = "Chose the resampler to use when resizing raster elements";
< < "amF-J1-cQf.ibShadowedToolTip" = "Selection contains multiple settings";
< < "avX-vD-mvf.title" = "16-bit (HALF)";
< < "awr-sh-Q8B.ibShadowedToolTip" = "Selection contains multiple palletize choices";
460,468d21
< < "bk7-OS-1jZ.ibShadowedToolTip" = "Convert top level clipping curves to vector paths";
< < "br6-Kf-J1N.ibShadowedToolTip" = "Selection contains multiple quality values";
< < "c1I-sg-Ktx.ibShadowedToolTip" = "Selection contains multiple settings";
< < "cOv-5b-dIx.title" = "Compatibility mode";
< < "cSn-SC-ahX.title" = "Nearest Neighbor";
< < "cV2-xI-hbe.ibShadowedToolTip" = "Selection contains multiple settings";
< < "cW2-Kn-n2P.ibShadowedToolTip" = "Selection contains multiple settings";
< < "cfv-KF-vrV.title" = "Flatten transforms";
< < "cfy-Nk-9nm.ibShadowedToolTip" = "Selection contains multiple settings";
470,481d22
< < "d7G-Q2-PrO.ibShadowedToolTip" = "Choose the pixel data type to use for all other pixels (including unknown channels)";
< < "dCV-fx-mnI.title" = "Embed metadata";
< < "dCh-iC-buP.ibShadowedToolTip" = "Selection contains multiple settings";
< < "daH-jt-Hz1.title" = "Nearest Neighbor";
< < "dae-w0-J20.title" = "32-bit (FLOAT)";
< < "db6-hZ-LmF.title" = "PDF 1.5 (Acrobat 6)";
< < "djc-ji-xd3.title" = "Compression:";
< < "dm9-vs-6NS.ibShadowedToolTip" = "Selection contains multiple compression settings";
< < "eFj-cF-z81.ibShadowedToolTip" = "Selection contains multiple settings";
< < "eIL-tj-Cqd.ibShadowedToolTip" = "Selection contains multiple convert to paths settings";
< < "eUn-jW-DSj.ibShadowedToolTip" = "Metadata will be embedded";
< < "edz-Rv-iHT.ibShadowedToolTip" = "Selection contains multiple resampler types";
483,493d23
< < "exd-qy-a3P.title" = "Include hyperlinks";
< < "f8W-45-a4W.ibShadowedToolTip" = "Selection contains multiple downsample settings";
< < "f9E-PB-vnw.ibShadowedToolTip" = "An OCIO color profile will be applied if one can be identified from the output filename";
< < "fGw-Wq-U8E.title" = "Palette:";
< < "fJr-xQ-w9k.title" = "Quality:";
< < "fhv-v7-Q5b.ibShadowedToolTip" = "Selection contains multiple line strategies";
< < "fsU-yc-fBY.ibShadowedToolTip" = "Selection contains multiple ICC profiles";
< < "g7N-yx-UUm.title" = "Bilinear";
< < "gaY-IU-bZd.title" = "Matte:";
< < "hVU-UQ-z7u.ibShadowedToolTip" = "Selection contains multiple settings";
< < "hXU-kw-3JN.title" = "Encryption Level:";
495,508d24
< < "hsk-BJ-NTr.ibShadowedToolTip" = "Selection contains multiple settings";
< < "i0K-gD-l4t.title" = "Allow JPEG compression";
< < "iGi-Mh-20J.ibShadowedToolTip" = "Selection contains multiple settings";
< < "iNf-sd-6QB.ibShadowedToolTip" = "Selection contains multiple export as raster options";
< < "iNh-Lk-aJQ.ibShadowedToolTip" = "Selection contains multiple quality values";
< < "iVn-sM-5ya.title" = "Set view box";
< < "io4-Jl-JeE.ibShadowedToolTip" = "Metadata will be embedded";
< < "jPy-KT-IqW.title" = "Longer text spans";
< < "jTV-Sb-2yd.ibShadowedToolTip" = "Selection contains multiple embed metadata options";
< < "jUC-TW-gCC.title" = "Include bleed";
< < "jfd-da-AN5.title" = "Image pixels:";
< < "k1Y-U0-A3n.ibShadowedToolTip" = "Selection contains multiple settings";
< < "keZ-Js-Xa1.title" = "Radio";
< < "kmK-zo-0BK.title" = "Embed metadata";
510,512d25
< < "m3E-yQ-3Mu.ibShadowedToolTip" = "Selection contains multiple embed metadata options";
< < "mNR-BK-r2U.ibShadowedToolTip" = "Selection contains multiple settings";
< < "mWu-S7-EJE.title" = "Quality:";
514,534d26
< < "mnl-id-ppO.ibShadowedToolTip" = "Selection contains multiple settings";
< < "mt1-YX-Jkr.title" = "Preserve editability";
< < "nMX-Tn-ASz.title" = "Use document resolution";
< < "nOf-NA-gQi.ibShadowedToolTip" = "Chose how to handle exporting advanced blending options. Some third party applications may not support advanced blending options.";
< < "nnH-xS-g6e.title" = "Require password for modification and printing";
< < "oB8-z8-Odr.title" = "Lanczos 3 (non-separable)";
< < "oF0-QJ-9Kr.title" = "Embed metadata";
< < "oWw-78-XC2.title" = "Adv Blending:";
< < "pGG-2M-pBH.title" = "Layer effects:";
< < "pGh-fh-bSy.title" = "LAB 16-bit";
< < "pIn-Y9-eBJ.title" = "DWAB (Lossy)";
< < "pQG-QA-2PG.ibShadowedToolTip" = "Use Zip compression where it results in smaller file sizes. Files may not be compatible with some third party applications.";
< < "pzm-8b-7EY.title" = "Smallest file sizes";
< < "qA8-PI-nMQ.title" = "Include bookmarks";
< < "raU-5X-9Wa.title" = "Lanczos 3 (separable)";
< < "rds-Ya-J1F.title" = "Matte:";
< < "rkY-1D-yqu.ibShadowedToolTip" = "Selection contains multiple compatibility mode options";
< < "rmK-qU-4TC.ibShadowedToolTip" = "Selection contains multiple layer effects strategies";
< < "rpo-eu-Cwh.title" = "16-bit (HALF)";
< < "s75-eS-eZq.ibShadowedToolTip" = "Selection contains multiple matte colors";
< < "sUA-BB-JnF.ibShadowedToolTip" = "Compatibility mode is required for many third party applications that do not handle PSD vector masks. Results in larger file sizes.";
536,537d27
< < "seB-25-dDq.title" = "Preserve accuracy";
< < "sxF-Xr-IQm.title" = "Progressive";
539,557d28
< < "tr1-f2-WUj.label" = "Empty";
< < "tz6-tv-eeQ.ibShadowedToolTip" = "Metadata will be embedded";
< < "tzB-wu-9dM.title" = "Enable copying of content";
< < "tzf-M5-CMV.title" = "Require password to open";
< < "u7M-CR-KjG.ibShadowedToolTip" = "Selection contains multiple settings";
< < "uQa-f0-X6v.ibShadowedToolTip" = "Selection contains multiple embed metadata options";
< < "uc8-qd-hej.title" = "Color profile from name";
< < "uov-HY-qh3.ibShadowedToolTip" = "Choose how to handle exporting adjustment layers. Affinity handles adjustments in a different way to other apps, so editable adjustments may appear different in other applications. Some third party applications may also not support adjustments.";
< < "vAN-qI-Q1g.title" = "Bilinear";
< < "vet-0d-KP7.title" = "Resample:";
< < "vfq-su-viQ.title" = "Bicubic";
< < "vl4-um-bwf.ibShadowedToolTip" = "Choose the pixel data type to use for all image pixels (including RGB, Alpha [A], Luminance [Y] and Chroma [RY,BY] channels)";
< < "vnx-qv-2UQ.title" = "Add line breaks";
< < "vpI-UI-eNE.title" = "Bicubic";
< < "w9j-zI-eKQ.ibShadowedToolTip" = "Choose the pixel data type to use for all spacial pixels (including XYZ, Z and ZBack)";
< < "xbt-nQ-QB6.title" = "Allow content modification";
< < "xiH-c0-hBV.title" = "Above:";
< < "xij-AZ-7WT.title" = "Compression:";
< < "yC7-Nz-ia1.title" = "Rename preset...";
559,844c30,69
< < "yrU-Nz-yx1.title" = "Palettized";
< < "z0C-lV-mql.ibShadowedToolTip" = "Rasterize layer contents (including raster and vector masks, layer effects and adjustments)";
< < "zVF-TF-eVD.title" = "Convert clips to paths";
< < "zWt-Kf-uKh.title" = "No Fonts";
< < "zwc-1z-nN7.title" = "Rasterize all layers";
< > "0BQ-J8-Qni.title" = "プリンターマークを含める";
< > "0at-Zh-ZZ9.title" = "行数:";
< > "0gP-WA-IpL.title" = "空間のピクセル数:";
< > "1Vy-EF-R6c.title" = "RGB 8ビット";
< > "1d6-mA-mlV.ibShadowedToolTip" = "選択範囲に複数の設定が含まれています";
< > "1ey-hs-GXR.ibShadowedToolTip" = "選択範囲に高度なブレンディング方式が複数含まれています";
< > "1lb-Wk-1pU.title" = "プリセット:";
< > "2Jj-14-Yiv.ibShadowedToolTip" = "書き出し用グラデーションの処理方法を決定します。Affinityではグラデーションの処理方法が他のアプリとは異なるので、編集可能なグラデーションは他のアプリケーションで同じように表示されない可能性があります。";
< > "2SD-UX-wdH.title" = "品質:";
< > "2oC-5C-Q5A.ibShadowedToolTip" = "不確定なチャンネルを輝度に基づく単一のチャンネルとして用いてレイヤーを書き出します";
< > "2yn-qA-3pA.title" = "メタデータを埋め込む";
< > "32P-vX-ufu.title" = "品質:";
< > "3d9-rl-FKC.ibShadowedToolTip" = "選択範囲に複数の設定が含まれています";
< > "3iD-Q9-Zn4.ibShadowedToolTip" = "選択範囲に複数のプログレッシブ設定が含まれています";
< > "3lQ-Mh-xFl.title" = "バイキュービック";
< > "3xh-tS-fYK.ibShadowedToolTip" = "選択範囲に複数の設定が含まれています";
< > "4UO-47-xcH.ibShadowedToolTip" = "選択範囲に複数のICC埋め込みオプションが含まれています";
< > "4Ws-VZ-HNp.ibShadowedToolTip" = "選択範囲に複数の設定が含まれています";
< > "4aR-Oy-0Dx.title" = "B44(非可逆)";
< > "4g9-1U-hNi.ibShadowedToolTip" = "選択範囲に複数の設定が含まれています";
< > "4oe-7L-yzx.title" = "CMYK 8ビット";
< > "4wq-Va-zbI.ibShadowedToolTip" = "選択範囲に複数の埋め込みメタデータオプションが含まれています";
< > "5D4-1a-2mi.title" = "自動";
< > "5Sz-h0-P7L.title" = "メタデータを埋め込む";
< > "5pF-9X-Rk7.ibShadowedToolTip" = "選択範囲に複数のDPI設定が含まれています";
< > "66v-si-luN.title" = "ニアレストネイバー";
< > "6Jd-SE-3Sk.ibShadowedToolTip" = "選択範囲に複数の色数が含まれています";
< > "6RD-Vg-LZF.title" = "裁ち落としを含める";
< > "6Rk-Id-7C2.title" = "開くパスワード:";
< > "6e8-L9-8E1.title" = "リサンプル:";
< > "6nv-ed-v7y.ibShadowedToolTip" = "選択範囲に複数の設定が含まれています";
< > "6wc-1x-NbU.ibShadowedToolTip" = "選択範囲に複数の設定が含まれています";
< > "7Ic-0d-DkN.ibShadowedToolTip" = "選択範囲に複数の設定が含まれています";
< > "8Ay-x3-q1t.title" = "ICCプロファイル:";
< > "8Fo-fw-dfM.ibShadowedToolTip" = "裁ち落としが適用されます";
< > "8Im-I1-Uu0.title" = "ハイパーリンクを含める";
< > "8J4-ZV-BVh.title" = "カスタム";
< > "8Nw-aP-iUf.title" = "パスワード保護";
< > "8bD-Dc-b8q.ibShadowedToolTip" = "選択範囲に複数のプログレッシブ設定が含まれています";
< > "8dw-oj-zOC.ibShadowedToolTip" = "選択範囲に複数の品質値が含まれています";
< > "8eC-gM-D09.ibShadowedToolTip" = "選択範囲に複数の圧縮タイプが含まれています";
< > "8u3-nA-StC.title" = "調整:";
< > "9B3-cy-m7P.ibShadowedToolTip" = "選択範囲に複数の設定が含まれています";
< > "9D2-pk-iod.title" = "ニアレストネイバー";
< > "9FU-y0-SbM.title" = "16ビット(HALF)";
< > "9Lh-f4-Fsb.ibShadowedToolTip" = "選択範囲に複数の設定が含まれています";
< > "9UP-1n-K8p.title" = "タイルパターンを使用";
< > "9da-tB-yIv.title" = "編集可能性を維持";
< > "AFX-lS-bW4.title" = "編集可能性を維持";
< > "AHf-6q-CCp.title" = "リサンプル:";
< > "Ack-u4-xla.title" = "バイリニア";
< > "AvJ-4B-riQ.title" = "オーバープリントブラック";
< > "C0u-OP-FPF.ibShadowedToolTip" = "選択範囲に最小ファイルサイズに関する複数のオプションが含まれています";
< > "C3T-H7-fJ6.title" = "PDF 1.4(Acrobat 5)";
< > "CCk-fD-jr9.title" = "精度を維持";
< > "CLL-wb-Hc9.ibShadowedToolTip" = "裁ち落としが適用されます";
< > "CPl-aH-FqR.ibShadowedToolTip" = "選択範囲に複数の設定が含まれています";
< > "Cn6-9G-9Je.ibShadowedToolTip" = "裁ち落としが適用されます";
< > "CyQ-Ml-rza.title" = "不明なチャンネルを含める";
< > "D3k-EY-0d4.ibShadowedToolTip" = "選択範囲に複数の調整方式が含まれています";
< > "DM2-JA-2sb.title" = "カラーバーを含める";
< > "DOp-K7-9kq.title" = "テキストをカーブとして書き出し";
< > "DV4-Qo-cjW.title" = "プロファイルを埋め込む";
< > "Dbu-nn-lUS.ibShadowedToolTip" = "メタデータが埋め込まれます";
< > "DeM-BO-S37.title" = "ドキュメントの書き出しを許可";
< > "Dk1-Da-MJf.title" = "ドキュメント形式を使用";
< > "Dug-pV-HVt.title" = "画像のダウンサンプル";
< > "E0d-2P-MOM.title" = "RGB 16ビット";
< > "EA4-1A-ldi.title" = "グレースケール 8ビット";
< > "EP6-Qr-g3D.title" = "サイズを最小にする";
< > "F8c-KG-ysP.ibShadowedToolTip" = "選択範囲に複数の設定が含まれています";
< > "Fa8-hj-fcn.title" = "コーナートンボを含める";
< > "FmU-Ze-G3l.title" = "32ビット(FLOAT)";
< > "FwC-cJ-zFw.title" = "次のDPIを使用:";
< > "GDA-cR-grw.title" = "PDF 1.6(Acrobat 7)";
< > "GHa-aP-Pev.ibShadowedToolTip" = "選択範囲に複数の設定が含まれています";
< > "GW2-xL-yXt.title" = "Lanczos 3(分離可能)";
< > "GrR-9P-dRD.ibShadowedToolTip" = "選択範囲に複数の設定が含まれています";
< > "GvW-z0-oHP.ibShadowedToolTip" = "選択範囲に複数の設定が含まれています";
< > "H6X-9t-2F7.ibShadowedToolTip" = "選択範囲に複数のラスタライズ設定が含まれています";
< > "HKt-Ur-MwP.title" = "バイリニア";
< > "HN4-jz-cbd.title" = "精度を維持";
< > "Hc6-J5-Een.ibShadowedToolTip" = "選択範囲に複数の設定が含まれています";
< > "Hi3-jW-eah.ibShadowedToolTip" = "選択範囲に複数のピクセルタイプが含まれています";
< > "Hlx-VA-UBF.ibShadowedToolTip" = "選択範囲に複数のピクセルタイプが含まれています";
< > "HxN-Hj-83V.title" = "レイヤーを含める";
< > "IBV-E0-ftA.title" = "サブセットフォント";
< > "IMz-Zn-0BP.ibShadowedToolTip" = "選択範囲に複数の設定が含まれています";
< > "INU-Ov-7Yg.ibShadowedToolTip" = "選択範囲に複数のリサンプラーが含まれています";
< > "IPb-f9-d1z.ibShadowedToolTip" = "裁ち落としが適用されます";
< > "IaL-gn-LDO.ibShadowedToolTip" = "選択範囲に複数の設定が含まれています";
< > "Iaw-q7-nuC.ibShadowedToolTip" = "選択範囲に複数のグラデーション方式が含まれています";
< > "Ich-7o-FLT.title" = "すべてのフォント";
< > "Ipu-Wi-Vit.title" = "グレースケール";
< > "Ix8-VW-fL7.ibShadowedToolTip" = "選択範囲に複数の埋め込みメタデータオプションが含まれています";
< > "JEh-77-PfM.title" = "なし";
< > "Jei-Gk-pzU.title" = "精度を維持";
< > "JgB-QE-mUJ.title" = "裁ち落としを含める";
< > "Jio-XL-HaI.title" = "編集可能性を維持";
< > "JoP-dF-QPy.title" = "その他のピクセル:";
< > "JwO-LA-7TH.title" = "権限パスワード:";
< > "Jwl-H5-qu4.ibShadowedToolTip" = "選択範囲に複数の設定が含まれています";
< > "KFg-Ws-Wtz.title" = "B44A(非可逆)";
< > "KhL-Sp-yds.ibShadowedToolTip" = "選択範囲に複数の品質値が含まれています";
< > "LTJ-An-4kB.ibShadowedToolTip" = "選択範囲に複数のピクセル形式が含まれています";
< > "Lck-it-xSK.title" = "グラデーション:";
< > "Lr9-xA-vqn.ibShadowedToolTip" = "選択範囲に複数の設定が含まれています";
< > "LvD-5G-0JU.ibShadowedToolTip" = "書き出し用ベクター境界線の処理方法を決定します。一部のサードパーティアプリケーションでは、たとえベクターマスクがサポートされていても、ベクター境界線はサポートされていない場合があります。";
< > "MAz-e3-css.title" = "スポットカラーを有効化";
< > "MDD-8l-dkr.ibShadowedToolTip" = "選択範囲に複数の設定が含まれています";
< > "MEF-WZ-0zZ.title" = "裁ち落としを含める";
< > "MfL-e3-tru.title" = "白黒";
< > "N0W-UY-2hR.ibShadowedToolTip" = "選択範囲に複数の設定が含まれています";
< > "N86-H6-0Pz.title" = "Lanczos 3(分離不可)";
< > "NyX-1D-irq.title" = "プリセットを作成...";
< > "ODn-47-rAu.title" = "Lanczos 3(分離可能)";
< > "OLh-25-ayz.title" = "PXR24(非可逆)";
< > "ONb-oI-yI6.ibShadowedToolTip" = "選択範囲に複数のDPI設定が含まれています";
< > "OWH-VR-mbO.ibShadowedToolTip" = "選択範囲に複数のピクセルタイプが含まれています";
< > "Ole-lO-HWC.ibShadowedToolTip" = "選択範囲に複数の埋め込みメタデータオプションが含まれています";
< > "P2D-Wx-AmQ.title" = "DWAA(非可逆)";
< > "P5o-jm-4xY.title" = "拡張機能を許可";
< > "PPd-0w-4No.ibShadowedToolTip" = "選択範囲に複数の設定が含まれています";
< > "PSe-3G-dpI.title" = "相対座標を使用";
< > "Po8-OM-nkV.ibShadowedToolTip" = "選択範囲に複数の埋め込みメタデータオプションが含まれています";
< > "PyT-eK-P3z.title" = "カラー:";
< > "QID-gz-VYS.ibShadowedToolTip" = "選択範囲に複数のマットカラーが含まれています";
< > "QMV-OZ-08J.title" = "画像の色空間を変換する";
< > "Qqt-U9-Yzj.title" = "プリセットを削除";
< > "RDT-Sf-F6J.ibShadowedToolTip" = "選択範囲に複数のパレットタイプが含まれています";
< > "REE-cF-4kY.title" = "リサンプル:";
< > "RH3-Ex-XPi.ibShadowedToolTip" = "選択範囲に複数の埋め込みメタデータオプションが含まれています";
< > "RUH-cf-JLg.label" = "空";
< > "RWO-er-suU.title" = "一般的でないフォント";
< > "RiJ-cq-lEY.title" = "曲線状のテキスト";
< > "RiT-x5-l40.title" = "マルチチャンネル";
< > "Rzg-bo-Xcv.title" = "Lanczos 3(分離不可)";
< > "SJR-Pm-60d.title" = "編集可能性を維持";
< > "SWr-jA-5HA.ibShadowedToolTip" = "選択範囲に複数の設定が含まれています";
< > "TIz-gw-QH1.title" = "16進数カラーを使用";
< > "TJF-FU-2KF.ibShadowedToolTip" = "選択範囲に複数の設定が含まれています";
< > "TVJ-OQ-ugG.title" = "タグ付きPDF";
< > "Tpc-ks-cKM.title" = "相対座標";
< > "Txa-Xc-VmG.ibShadowedToolTip" = "マルチチャンネルファイルとして書き出し、チャンネルの名前付けに基づいてレイヤーをチャンネルに分割します";
< > "U5Q-o1-Jmq.title" = "互換性:";
< > "UZC-cI-3ls.title" = "32ビット(FLOAT)";
< > "Uk6-8J-dNs.ibShadowedToolTip" = "選択範囲に複数の設定が含まれています";
< > "Ums-8R-AQa.ibShadowedToolTip" = "選択範囲に複数のリサンプラータイプが含まれています";
< > "Uw6-4X-RDQ.title" = "ロスレス";
< > "Vhq-IE-uQd.title" = "サポートされていないプロパティ";
< > "Vt0-jA-Rpe.ibShadowedToolTip" = "選択範囲に複数の設定が含まれています";
< > "WWt-bg-7Jn.ibShadowedToolTip" = "メタデータが埋め込まれます";
< > "WbP-zi-YmF.title" = "ラスタライズ:";
< > "Wo8-NU-w8a.title" = "Lanczos 3(分離不可)";
< > "X6n-hn-JXB.title" = "PostScriptレベル:";
< > "YBE-Hf-BoN.title" = "非表示レイヤーを含める";
< > "YHZ-PA-7yd.title" = "精度を維持";
< > "YNA-d3-JgY.title" = "グレースケール 16ビット";
< > "Ywj-Vl-dkw.ibShadowedToolTip" = "書き出し用レイヤー効果の処理方法を決定します。Affinityではレイヤー効果の処理方法が他のアプリとは異なるので、編集可能なレイヤー効果は他のアプリケーションで同じように表示されない可能性があります。一部のサードパーティアプリケーションでは、レイヤー効果がサポートされていない場合もあります。";
< > "Yyv-cq-9eW.title" = "Webカラー";
< > "Z7u-st-omK.ibShadowedToolTip" = "選択範囲に複数のリサンプラータイプが含まれています";
< > "ZUI-j1-teB.ibShadowedToolTip" = "選択範囲に複数の設定が含まれています";
< > "Za5-Yv-82k.title" = "フォントを埋め込む:";
< > "Zas-so-ri5.ibShadowedToolTip" = "選択範囲に複数の埋め込みメタデータオプションが含まれています";
< > "Zp1-3Q-2z4.title" = "RGB 32ビット";
< > "ZqR-hT-UvQ.title" = "レジストレーションマークを含める";
< > "ZqY-sE-tKH.title" = "Lanczos 3(分離可能)";
< > "ZtH-Xp-d4Y.title" = "ICCプロファイルを埋め込む";
< > "ZtV-f5-caY.ibShadowedToolTip" = "選択範囲に複数の設定が含まれています";
< > "aAH-JA-Yyk.title" = "ページ情報を含める";
< > "aJQ-0M-m4Z.title" = "バイキュービック";
< > "aVS-8V-fXS.ibShadowedToolTip" = "選択範囲に複数の設定が含まれています";
< > "ac4-ay-C0s.ibShadowedToolTip" = "ラスター要素のサイズ変更時に使用するリサンプラーを決定します";
< > "amF-J1-cQf.ibShadowedToolTip" = "選択範囲に複数の設定が含まれています";
< > "avX-vD-mvf.title" = "16ビット(HALF)";
< > "awr-sh-Q8B.ibShadowedToolTip" = "選択範囲に複数の減色の選択肢が含まれています";
< > "b53-B9-NEf.title" = "ピクセル形式:";
< > "bk7-OS-1jZ.ibShadowedToolTip" = "トップレベルのクリッピングカーブをベクターパスに変換";
< > "br6-Kf-J1N.ibShadowedToolTip" = "選択範囲に複数の品質値が含まれています";
< > "c1I-sg-Ktx.ibShadowedToolTip" = "選択範囲に複数の設定が含まれています";
< > "cOv-5b-dIx.title" = "互換性モード";
< > "cSn-SC-ahX.title" = "ニアレストネイバー";
< > "cV2-xI-hbe.ibShadowedToolTip" = "選択範囲に複数の設定が含まれています";
< > "cW2-Kn-n2P.ibShadowedToolTip" = "選択範囲に複数の設定が含まれています";
< > "cfv-KF-vrV.title" = "変形をフラット化";
< > "cfy-Nk-9nm.ibShadowedToolTip" = "選択範囲に複数の設定が含まれています";
< > "d1u-NX-8Vq.title" = "ボタン";
< > "d7G-Q2-PrO.ibShadowedToolTip" = "他のすべてのピクセル(不明なチャンネルを含む)で使用するピクセルデータタイプを選択します";
< > "dCV-fx-mnI.title" = "メタデータを埋め込む";
< > "dCh-iC-buP.ibShadowedToolTip" = "選択範囲に複数の設定が含まれています";
< > "daH-jt-Hz1.title" = "ニアレストネイバー";
< > "dae-w0-J20.title" = "32ビット(FLOAT)";
< > "db6-hZ-LmF.title" = "PDF 1.5(Acrobat 6)";
< > "djc-ji-xd3.title" = "圧縮:";
< > "dm9-vs-6NS.ibShadowedToolTip" = "選択範囲に複数の圧縮設定が含まれています";
< > "eFj-cF-z81.ibShadowedToolTip" = "選択範囲に複数の設定が含まれています";
< > "eIL-tj-Cqd.ibShadowedToolTip" = "選択範囲に複数のパスに変換設定が含まれています";
< > "eUn-jW-DSj.ibShadowedToolTip" = "メタデータが埋め込まれます";
< > "edz-Rv-iHT.ibShadowedToolTip" = "選択範囲に複数のリサンプラータイプが含まれています";
< > "eup-RI-K4d.title" = "色空間:";
< > "exd-qy-a3P.title" = "ハイパーリンクを含める";
< > "f8W-45-a4W.ibShadowedToolTip" = "選択範囲に複数のダウンサンプル設定が含まれています";
< > "f9E-PB-vnw.ibShadowedToolTip" = "出力ファイル名に基づいて見つけたOCIOカラープロファイルが適用されます";
< > "fGw-Wq-U8E.title" = "パレット:";
< > "fJr-xQ-w9k.title" = "品質:";
< > "fhv-v7-Q5b.ibShadowedToolTip" = "選択範囲に複数のライン方式が含まれています";
< > "fsU-yc-fBY.ibShadowedToolTip" = "選択範囲に複数のICCプロファイルが含まれています";
< > "g7N-yx-UUm.title" = "バイリニア";
< > "gaY-IU-bZd.title" = "マット:";
< > "hVU-UQ-z7u.ibShadowedToolTip" = "選択範囲に複数の設定が含まれています";
< > "hXU-kw-3JN.title" = "暗号化レベル:";
< > "hh6-am-TrE.title" = "プロファイル:";
< > "hsk-BJ-NTr.ibShadowedToolTip" = "選択範囲に複数の設定が含まれています";
< > "i0K-gD-l4t.title" = "JPEG圧縮を許可";
< > "iGi-Mh-20J.ibShadowedToolTip" = "選択範囲に複数の設定が含まれています";
< > "iNf-sd-6QB.ibShadowedToolTip" = "選択範囲にラスターとしての書き出しに関する複数のオプションが含まれています";
< > "iNh-Lk-aJQ.ibShadowedToolTip" = "選択範囲に複数の品質値が含まれています";
< > "iVn-sM-5ya.title" = "viewBoxを設定する";
< > "io4-Jl-JeE.ibShadowedToolTip" = "メタデータが埋め込まれます";
< > "jPy-KT-IqW.title" = "より長いテキスト範囲";
< > "jTV-Sb-2yd.ibShadowedToolTip" = "選択範囲に複数の埋め込みメタデータオプションが含まれています";
< > "jUC-TW-gCC.title" = "裁ち落としを含める";
< > "jfd-da-AN5.title" = "画像のピクセル:";
< > "k1Y-U0-A3n.ibShadowedToolTip" = "選択範囲に複数の設定が含まれています";
< > "keZ-Js-Xa1.title" = "ラジオ";
< > "kmK-zo-0BK.title" = "メタデータを埋め込む";
< > "lvC-58-b0F.title" = "すべて";
< > "m3E-yQ-3Mu.ibShadowedToolTip" = "選択範囲に複数の埋め込みメタデータオプションが含まれています";
< > "mNR-BK-r2U.ibShadowedToolTip" = "選択範囲に複数の設定が含まれています";
< > "mWu-S7-EJE.title" = "品質:";
< > "mfe-Nx-PsA.title" = "ボタン";
< > "mnl-id-ppO.ibShadowedToolTip" = "選択範囲に複数の設定が含まれています";
< > "mt1-YX-Jkr.title" = "編集可能性を維持";
< > "nMX-Tn-ASz.title" = "ドキュメント解像度を使用";
< > "nOf-NA-gQi.ibShadowedToolTip" = "書き出し用の高度なブレンディングオプションの処理方法を決定します。一部のサードパーティアプリケーションでは、高度なブレンディングオプションがサポートされていない場合があります。";
< > "nnH-xS-g6e.title" = "編集とプリントにはパスワードが必要です";
< > "oB8-z8-Odr.title" = "Lanczos 3(分離不可)";
< > "oF0-QJ-9Kr.title" = "メタデータを埋め込む";
< > "oWw-78-XC2.title" = "高度なブレンディング:";
< > "pGG-2M-pBH.title" = "レイヤーエフェクト:";
< > "pGh-fh-bSy.title" = "LAB 16ビット";
< > "pIn-Y9-eBJ.title" = "DWAB(非可逆)";
< > "pQG-QA-2PG.ibShadowedToolTip" = "zip圧縮を使用して、結果として得られるファイルサイズを小さくします。ファイルは一部のサードパーティアプリケーションとの互換性が失われる可能性があります。";
< > "pzm-8b-7EY.title" = "最小ファイルサイズ";
< > "qA8-PI-nMQ.title" = "ブックマークを含める";
< > "raU-5X-9Wa.title" = "Lanczos 3(分離可能)";
< > "rds-Ya-J1F.title" = "マット:";
< > "rkY-1D-yqu.ibShadowedToolTip" = "選択範囲に複数の互換性モードオプションが含まれています";
< > "rmK-qU-4TC.ibShadowedToolTip" = "選択範囲に複数のレイヤー効果方式が含まれています";
< > "rpo-eu-Cwh.title" = "16ビット(HALF)";
< > "s75-eS-eZq.ibShadowedToolTip" = "選択範囲に複数のマットカラーが含まれています";
< > "sUA-BB-JnF.ibShadowedToolTip" = "PSDベクターマスクを処理しない多くのサードパーティアプリケーションでは、互換性モードが必要になります。結果として得られるファイルサイズは大きくなります。";
< > "scW-9j-Mie.title" = "ファイル形式:";
< > "seB-25-dDq.title" = "精度を維持";
< > "sxF-Xr-IQm.title" = "プログレッシブ";
< > "tFN-3b-dej.title" = "なし";
< > "tr1-f2-WUj.label" = "空";
< > "tz6-tv-eeQ.ibShadowedToolTip" = "メタデータが埋め込まれます";
< > "tzB-wu-9dM.title" = "コンテンツのコピーを有効にする";
< > "tzf-M5-CMV.title" = "開くにはパスワードが必要です";
< > "u7M-CR-KjG.ibShadowedToolTip" = "選択範囲に複数の設定が含まれています";
< > "uQa-f0-X6v.ibShadowedToolTip" = "選択範囲に複数の埋め込みメタデータオプションが含まれています";
< > "uc8-qd-hej.title" = "名前に基づくカラープロファイル";
< > "uov-HY-qh3.ibShadowedToolTip" = "書き出し用調整レイヤーの処理方法を決定します。Affinityでは調整の処理方法が他のアプリとは異なるので、編集可能な調整は他のアプリケーションで同じように表示されない可能性があります。一部のサードパーティアプリケーションでは、調整がサポートされていない場合もあります。";
< > "vAN-qI-Q1g.title" = "バイリニア";
< > "vet-0d-KP7.title" = "リサンプル:";
< > "vfq-su-viQ.title" = "バイキュービック";
< > "vl4-um-bwf.ibShadowedToolTip" = "すべての画像ピクセル(RGB、アルファ[A]、輝度[Y]、色度[RY,BY]の各チャンネルを含む)で使用するピクセルデータタイプを選択します";
< > "vnx-qv-2UQ.title" = "改行を追加";
< > "vpI-UI-eNE.title" = "バイキュービック";
< > "w9j-zI-eKQ.ibShadowedToolTip" = "すべての空間ピクセル(XYZ、Z、ZBackを含む)で使用するピクセルデータタイプを選択します";
< > "xbt-nQ-QB6.title" = "コンテンツの変更を許可";
< > "xiH-c0-hBV.title" = "上:";
< > "xij-AZ-7WT.title" = "圧縮:";
< > "yC7-Nz-ia1.title" = "プリセット名の変更...";
< > "yoS-VC-Lw5.title" = "なし";
< > "yrU-Nz-yx1.title" = "減色";
< > "z0C-lV-mql.ibShadowedToolTip" = "レイヤーコンテンツ(ラスターおよびベクターマスク、レイヤー効果および調整など)をラスタライズします";
< > "zVF-TF-eVD.title" = "クリップをパスに変換";
< > "zWt-Kf-uKh.title" = "フォントなし";
< > "zwc-1z-nN7.title" = "すべてのレイヤーをラスタライズ";
---
> > "1lb-Wk-1pU.title" = "미리 설정:";
> > "5D4-1a-2mi.title" = "자동";
> > "8Ay-x3-q1t.title" = "ICC 프로파일:";
> > "8J4-ZV-BVh.title" = "사용자화";
> > "Qqt-U9-Yzj.title" = "미리 설정 지우기";
> > "b53-B9-NEf.title" = "픽셀 포맷:";
> > "d1u-NX-8Vq.title" = "버튼";
> > "eup-RI-K4d.title" = "색공간:";
> > "hh6-am-TrE.title" = "프로파일:";
> > "lvC-58-b0F.title" = "모두";
> > "mfe-Nx-PsA.title" = "버튼";
> > "scW-9j-Mie.title" = "파일 포맷:";
> > "tFN-3b-dej.title" = "없음";
> > "yoS-VC-Lw5.title" = "없음";
