6c6
< "1lE-O9-BA0.ibShadowedToolTip" = "Delete selected slice";
---
> "1lE-O9-BA0.ibShadowedToolTip" = "選択スライスを削除";
9c9
< "1zz-pF-T9N.title" = "Export Slices (000)";
---
> "1zz-pF-T9N.title" = "スライスを書き出し(000)";
12c12
< "6Qj-kD-Crr.title" = "Continuous";
---
> "6Qj-kD-Crr.title" = "連続";
15c15
< "8XY-qY-Se9.title" = "Replace export setup";
---
> "8XY-qY-Se9.title" = "書き出しセットアップを置換";
18c18
< "Ai0-Xh-qx1.title" = "Copy export setup";
---
> "Ai0-Xh-qx1.title" = "書き出しセットアップをコピー";
21c21
< "Awt-Ya-cjd.title" = "Rename export setup preset...";
---
> "Awt-Ya-cjd.title" = "書き出しセットアッププリセットの名前を変更...";
27c27
< "HIa-wo-uxu.title" = "Add export format";
---
> "HIa-wo-uxu.title" = "書き出しフォーマットを追加";
30c30
< "JeO-zZ-qDg.ibShadowedToolTip" = "Paste new item";
---
> "JeO-zZ-qDg.ibShadowedToolTip" = "新規項目をペースト";
33c33
< "JiO-XD-i7F.ibShadowedToolTip" = "Select an Export Batch Description builder. The batch description builder will generate supplemental files based on the entire set of files being exported.";
---
> "JiO-XD-i7F.ibShadowedToolTip" = "書き出し一括記述ビルダーを選択します。一括記述ビルダーは、書き出される一連のファイルに基づいて補助ファイルを生成します。";
39c39
< "LS1-xU-cXf.ibShadowedToolTip" = "Export batch description builder";
---
> "LS1-xU-cXf.ibShadowedToolTip" = "書き出し一括記述ビルダー";
42c42
< "SkF-mC-K1N.title" = "Delete export setup preset";
---
> "SkF-mC-K1N.title" = "書き出しセットアッププリセットを削除";
45c45
< "WKB-ip-DD9.title" = "Replace export format";
---
> "WKB-ip-DD9.title" = "書き出しフォーマットを置換";
48c48
< "cJ3-AN-sAj.title" = "Copy export format";
---
> "cJ3-AN-sAj.title" = "書き出しフォーマットをコピー";
51c51
< "dXe-cM-5k8.title" = "Export preset:";
---
> "dXe-cM-5k8.title" = "書き出しプリセット:";
54c54
< "jVd-n8-FZZ.ibShadowedToolTip" = "Select an export setup preset to apply it to the selected slices";
---
> "jVd-n8-FZZ.ibShadowedToolTip" = "選択されているスライスに適用する書き出しセットアッププリセットを選択します";
57c57
< "kCi-LW-PWn.ibShadowedToolTip" = "Click to export all checked Slices";
---
> "kCi-LW-PWn.ibShadowedToolTip" = "クリックすると、チェックしたすべてのスライスを書き出します";
60c60
< "kfU-cd-Ez0.title" = "Create export setup preset...";
---
> "kfU-cd-Ez0.title" = "書き出しセットアッププリセットを作成...";
63c63
< "mFR-cj-5MN.ibShadowedToolTip" = "Paste and replace";
---
> "mFR-cj-5MN.ibShadowedToolTip" = "ペーストと置換";
69c69
< "sob-v2-stO.ibShadowedToolTip" = "Copy";
---
> "sob-v2-stO.ibShadowedToolTip" = "コピー";
72c72
< "wlp-3t-jVU.title" = "Batch builder:";
---
> "wlp-3t-jVU.title" = "一括ビルダー:";
