3,31c3,4
< ---
< ---
< ---
< ---
< ---
< ---
< ---
< ---
< ---
< ---
< ---
< ---
< ---
< 12c12
< 15c15
< 27c27
< 30c30
< 33c33
< 36c36
< 3c3
< 45c45
< 48c48
< 51c51
< 54c54
< 60c60
< 63c63
< 6c6
< 9c9
< < "1.title" = "Export Timelapse";
---
> 5,6c5,6
> 8,9c8,9
34,60c7,12
< < "67b-tb-kwK.title" = "Native document size";
< < "6rN-I0-kSa.title" = "Include undo / redo steps";
< < "BV7-Ps-Pl4.title" = "Apple ProRes (422)";
< < "H6o-sj-YW8.title" = "Cross fade steps";
< < "IMe-7n-uah.title" = "I understand";
< < "LtB-QJ-zvC.title" = "Transition smoothly between affected areas at";
< < "Z94-xn-fgF.title" = "Milliseconds per step";
< < "aA4-kd-PY4.title" = "Video compression and export is provided by macOS. Please ensure you have reviewed the relevant sections of the macOS EULA before using this feature.";
< < "b5c-eI-ksd.title" = "fade / transition frames per second.";
< < "cna-49-zun.title" = "Video size";
< < "fVH-bZ-vLQ.title" = "Zoom to area affected by step";
< < "nRK-5G-0I6.title" = "Codec";
< > "1.title" = "タイムラプスを書き出し";
< > "1004.title" = "キャンセル";
< > "101.title" = "書き出し";
< > "67b-tb-kwK.title" = "ネイティブのドキュメントサイズ";
< > "6rN-I0-kSa.title" = "元に戻す/やり直すステップを含める";
< > "BV7-Ps-Pl4.title" = "Apple ProRes (442)";
< > "H6o-sj-YW8.title" = "クロスフェードステップ";
< > "IMe-7n-uah.title" = "同意する";
< > "LtB-QJ-zvC.title" = "影響を受けたエリア間でスムーズに移行";
< > "Z94-xn-fgF.title" = "ステップ当たりミリ秒数";
< > "aA4-kd-PY4.title" = "ビデオの圧縮と書き出しは、macOSにより提供されます。この機能を使用する前に、macOSの使用許諾契約の関連するセクションを確認してください。";
< > "b5c-eI-ksd.title" = "1秒当たりのフェード/移行フレーム数";
< > "cna-49-zun.title" = "ビデオサイズ";
< > "fVH-bZ-vLQ.title" = "ステップによって影響を受けるエリアにズーム";
< > "nRK-5G-0I6.title" = "コーデック";
---
> < /* Class = "NSButtonCell"; title = "Cancel"; ObjectID = "1004"; */
> < /* Class = "NSButtonCell"; title = "Export"; ObjectID = "101"; */
> > "1004.title" = "취소";
> > "101.title" = "내보내기";
> > /* Class = "NSButtonCell"; title = "취소"; ObjectID = "1004"; */
> > /* Class = "NSButtonCell"; title = "내보내기"; ObjectID = "101"; */
