3c3
< "0S5-58-zLj.title" = "Preset:";
---
> "0S5-58-zLj.title" = "プリセット:";
6c6
< "0aX-9g-Xds.title" = "Lanczos 3 (non-separable)";
---
> "0aX-9g-Xds.title" = "Lanczos 3(分離不可)";
9c9
< "0mi-5c-YiD.title" = "Lossless";
---
> "0mi-5c-YiD.title" = "ロスレス";
12c12
< "1MV-3Z-Ocj.title" = "Size:";
---
> "1MV-3Z-Ocj.title" = "サイズ:";
15c15
< "1Ug-YR-P59.ibShadowedToolTip" = "Height";
---
> "1Ug-YR-P59.ibShadowedToolTip" = "高さ";
21c21
< "2ZT-xE-qVw.title" = "Resample:";
---
> "2ZT-xE-qVw.title" = "リサンプル:";
27c27
< "3Lg-U5-qTt.title" = "Size:";
---
> "3Lg-U5-qTt.title" = "サイズ:";
36c36
< "3gB-rh-xOD.title" = "Lanczos 3 (non-separable)";
---
> "3gB-rh-xOD.title" = "Lanczos 3(分離不可)";
39c39
< "43z-cX-RVL.title" = "Include bleed";
---
> "43z-cX-RVL.title" = "裁ち落としを含める";
42c42
< "4CW-jQ-Ups.title" = "Export";
---
> "4CW-jQ-Ups.title" = "書き出し";
45c45
< "4R5-eA-6s6.title" = "Nearest Neighbor";
---
> "4R5-eA-6s6.title" = "ニアレストネイバー";
48c48
< "4US-Qu-zPd.title" = "WARNING! The JPEG format supports images with a maximum dimension of 65500 pixels. Your output will be scaled to fit.";
---
> "4US-Qu-zPd.title" = "警告! JPEG形式でサポートされる画像の最大寸法は65500ピクセルです。これに合わせて出力がスケーリングされます。";
51c51
< "4Xe-SR-0iV.title" = "Resample:";
---
> "4Xe-SR-0iV.title" = "リサンプル:";
54c54
< "4dn-A0-5ju.title" = "Cancel";
---
> "4dn-A0-5ju.title" = "キャンセル";
57c57
< "4jJ-u0-xr2.title" = "Bilinear";
---
> "4jJ-u0-xr2.title" = "バイリニア";
60c60
< "5X3-cA-DEz.title" = "(Some areas will be rasterized)";
---
> "5X3-cA-DEz.title" = "(一部の領域はラスタライズされます)";
63c63
< "5gb-TB-fyd.title" = "Preset:";
---
> "5gb-TB-fyd.title" = "プリセット:";
66c66
< "5ww-qO-RJR.title" = "Raster DPI:";
---
> "5ww-qO-RJR.title" = "ラスターDPI:";
72c72
< "6bF-6P-NRh.ibShadowedToolTip" = "Width";
---
> "6bF-6P-NRh.ibShadowedToolTip" = "幅";
75c75
< "7Kr-Lv-ZYj.title" = "Bilinear";
---
> "7Kr-Lv-ZYj.title" = "バイリニア";
78c78
< "7nv-6l-X2B.title" = "Preview export when complete";
---
> "7nv-6l-X2B.title" = "完了時に書き出しをプレビュー";
81c81
< "7q7-9F-XIa.ibShadowedToolTip" = "Width";
---
> "7q7-9F-XIa.ibShadowedToolTip" = "幅";
87c87
< "7wL-66-lu2.title" = "Resample:";
---
> "7wL-66-lu2.title" = "リサンプル:";
93c93
< "8PI-f2-xLp.title" = "(Some areas will be rasterized)";
---
> "8PI-f2-xLp.title" = "(一部の領域はラスタライズされます)";
96c96
< "9eI-FX-6em.ibShadowedToolTip" = "Width";
---
> "9eI-FX-6em.ibShadowedToolTip" = "幅";
99c99
< "A8a-Km-Qmp.title" = "Bilinear";
---
> "A8a-Km-Qmp.title" = "バイリニア";
102c102
< "AMi-7B-l9c.title" = "Nearest Neighbor";
---
> "AMi-7B-l9c.title" = "ニアレストネイバー";
108c108
< "BN4-ak-ikV.title" = "Lanczos 3 (non-separable)";
---
> "BN4-ak-ikV.title" = "Lanczos 3(分離不可)";
114c114
< "Blp-xn-ZMm.title" = "WARNING! The PNG format supports images with a maximum dimension of 32767 pixels. Your output will be scaled to fit.";
---
> "Blp-xn-ZMm.title" = "警告! PNG形式でサポートされる画像の最大寸法は32767ピクセルです。これに合わせて出力がスケーリングされます。";
117c117
< "CBF-du-Pvv.title" = "Size:";
---
> "CBF-du-Pvv.title" = "サイズ:";
123c123
< "CeC-uM-pm9.title" = "Preset:";
---
> "CeC-uM-pm9.title" = "プリセット:";
129c129
< "Cpf-xP-Xcc.title" = "Size:";
---
> "Cpf-xP-Xcc.title" = "サイズ:";
132c132
< "DQB-7t-QW3.title" = "Bicubic";
---
> "DQB-7t-QW3.title" = "バイキュービック";
135c135
< "DQl-dz-4uf.title" = "Lanczos 3 (separable)";
---
> "DQl-dz-4uf.title" = "Lanczos 3(分離可能)";
138c138
< "Des-GD-Pgd.title" = "Nearest Neighbor";
---
> "Des-GD-Pgd.title" = "ニアレストネイバー";
141c141
< "F0z-JX-Cv5.title" = "Export";
---
> "F0z-JX-Cv5.title" = "書き出し";
144c144
< "FKc-W8-srJ.title" = "Bilinear";
---
> "FKc-W8-srJ.title" = "バイリニア";
147c147
< "FtO-s2-BgX.title" = "Lanczos 3 (non-separable)";
---
> "FtO-s2-BgX.title" = "Lanczos 3(分離不可)";
156c156
< "GU4-OA-5av.ibShadowedToolTip" = "Height";
---
> "GU4-OA-5av.ibShadowedToolTip" = "高さ";
159c159
< "HF0-oR-fLu.title" = "Bicubic";
---
> "HF0-oR-fLu.title" = "バイキュービック";
162c162
< "HJf-Ky-WoV.title" = "Resample:";
---
> "HJf-Ky-WoV.title" = "リサンプル:";
165c165
< "HaK-KR-DOk.title" = "Lanczos 3 (separable)";
---
> "HaK-KR-DOk.title" = "Lanczos 3(分離可能)";
168c168
< "HaK-RJ-RTB.ibShadowedToolTip" = "Height";
---
> "HaK-RJ-RTB.ibShadowedToolTip" = "高さ";
171c171
< "Hwn-dn-OwM.ibShadowedToolTip" = "Height";
---
> "Hwn-dn-OwM.ibShadowedToolTip" = "高さ";
174c174
< "Jib-Vc-i15.title" = "With bleed";
---
> "Jib-Vc-i15.title" = "裁ち落としあり";
177c177
< "Jso-uC-vCH.ibShadowedToolTip" = "Height";
---
> "Jso-uC-vCH.ibShadowedToolTip" = "高さ";
180c180
< "Jub-VO-6lq.title" = "Preset:";
---
> "Jub-VO-6lq.title" = "プリセット:";
207c207
< "Lkh-uo-tM1.title" = "Estimated File Size:";
---
> "Lkh-uo-tM1.title" = "推定ファイルサイズ:";
210c210
< "ME7-0X-gFP.title" = "Preset:";
---
> "ME7-0X-gFP.title" = "プリセット:";
213c213
< "MpB-xl-2TA.ibShadowedToolTip" = "Width";
---
> "MpB-xl-2TA.ibShadowedToolTip" = "幅";
219c219
< "NEw-3S-wGS.ibShadowedToolTip" = "Width";
---
> "NEw-3S-wGS.ibShadowedToolTip" = "幅";
222c222
< "NKX-3g-qSr.title" = "Bicubic";
---
> "NKX-3g-qSr.title" = "バイキュービック";
225c225
< "Nb8-5K-PFV.title" = "Bicubic";
---
> "Nb8-5K-PFV.title" = "バイキュービック";
228c228
< "NfT-7C-ADR.title" = "Bilinear";
---
> "NfT-7C-ADR.title" = "バイリニア";
231c231
< "O6l-bQ-uko.title" = "Preset:";
---
> "O6l-bQ-uko.title" = "プリセット:";
234c234
< "ODv-EB-pTg.title" = "Lanczos 3 (separable)";
---
> "ODv-EB-pTg.title" = "Lanczos 3(分離可)";
237c237
< "OLw-I8-BQu.title" = "Lanczos 3 (separable)";
---
> "OLw-I8-BQu.title" = "Lanczos 3(分離可能)";
240c240
< "OTC-nk-k13.title" = "Lanczos 3 (non-separable)";
---
> "OTC-nk-k13.title" = "Lanczos 3(分離不可)";
243c243
< "OtV-jY-L7x.title" = "Calculating";
---
> "OtV-jY-L7x.title" = "計算中";
246c246
< "P5F-L5-uXQ.title" = "Generating Preview…";
---
> "P5F-L5-uXQ.title" = "プレビューを生成中…";
249c249
< "PGY-fz-9fG.title" = "Lanczos 3 (separable)";
---
> "PGY-fz-9fG.title" = "Lanczos 3(分離可能)";
255c255
< "Pz4-iL-btF.title" = "Nearest Neighbor";
---
> "Pz4-iL-btF.title" = "ニアレストネイバー";
258c258
< "QXz-HP-TSt.title" = "Lanczos 3 (separable)";
---
> "QXz-HP-TSt.title" = "Lanczos 3(分離可能)";
261c261
< "Qc9-WO-EMP.title" = "Size:";
---
> "Qc9-WO-EMP.title" = "サイズ:";
264c264
< "Qxg-Wk-LvO.ibShadowedToolTip" = "Width";
---
> "Qxg-Wk-LvO.ibShadowedToolTip" = "幅";
267c267
< "R3G-DU-LRh.title" = "Resample:";
---
> "R3G-DU-LRh.title" = "リサンプル:";
270c270
< "Ren-3Z-pDd.title" = "Bilinear";
---
> "Ren-3Z-pDd.title" = "バイリニア";
273c273
< "SWO-6w-lrE.title" = "Bicubic";
---
> "SWO-6w-lrE.title" = "バイキュービック";
276c276
< "TV7-mB-1Vh.title" = "Lanczos 3 (separable)";
---
> "TV7-mB-1Vh.title" = "Lanczos 3(分離可能)";
279c279
< "Trp-sW-YY0.title" = "Lanczos 3 (non-separable)";
---
> "Trp-sW-YY0.title" = "Lanczos 3(分離不可)";
282c282
< "UI9-7S-QPu.title" = "Resample:";
---
> "UI9-7S-QPu.title" = "リサンプル:";
285c285
< "UYp-60-tR3.title" = "Nearest Neighbor";
---
> "UYp-60-tR3.title" = "ニアレストネイバー";
288c288
< "VEW-yY-G9H.title" = "Preset:";
---
> "VEW-yY-G9H.title" = "プリセット:";
291c291
< "Vf6-uA-2cW.title" = "With bleed";
---
> "Vf6-uA-2cW.title" = "裁ち落としあり";
294c294
< "Vs1-1Z-P72.title" = "Don't export layers hidden by Export Persona";
---
> "Vs1-1Z-P72.title" = "書き出しペルソナで非表示にしたレイヤーを書き出ししない";
300c300
< "Wfs-ig-0oq.title" = "With bleed";
---
> "Wfs-ig-0oq.title" = "裁ち落としあり";
303c303
< "Wqm-6w-aCh.title" = "Preset:";
---
> "Wqm-6w-aCh.title" = "プリセット:";
306c306
< "X9b-GF-6nQ.title" = "Bicubic";
---
> "X9b-GF-6nQ.title" = "バイキュービック";
309c309
< "XbJ-G7-EF3.title" = "Nearest Neighbor";
---
> "XbJ-G7-EF3.title" = "ニアレストネイバー";
315c315
< "Xys-eA-wTT.title" = "Size:";
---
> "Xys-eA-wTT.title" = "サイズ:";
318c318
< "Y2a-7f-goU.title" = "Bicubic";
---
> "Y2a-7f-goU.title" = "バイキュービック";
321c321
< "Y6v-en-VhB.title" = "Size:";
---
> "Y6v-en-VhB.title" = "サイズ:";
324c324
< "Yga-QI-ILJ.title" = "OtherViews";
---
> "Yga-QI-ILJ.title" = "その他のビュー";
327c327
< "Ymq-Os-7my.title" = "Export text as curves for font independence";
---
> "Ymq-Os-7my.title" = "フォントを非依存にするためにテキストをカーブとして書き出し";
330c330
< "ZD0-tT-mzm.ibShadowedToolTip" = "Height";
---
> "ZD0-tT-mzm.ibShadowedToolTip" = "高さ";
354c354
< "Zsr-ag-BTM.title" = "Nearest Neighbor";
---
> "Zsr-ag-BTM.title" = "ニアレストネイバー";
357c357
< "ajL-jA-XKX.title" = "(Some areas will be rasterised)";
---
> "ajL-jA-XKX.title" = "(一部の領域はラスタライズされます)";
360c360
< "be6-uF-6jW.title" = "Preset:";
---
> "be6-uF-6jW.title" = "プリセット:";
363c363
< "c7r-Kn-eYI.title" = "Area:";
---
> "c7r-Kn-eYI.title" = "領域:";
366c366
< "cPB-vC-AsG.title" = "Bilinear";
---
> "cPB-vC-AsG.title" = "バイリニア";
369c369
< "cTy-50-edS.title" = "Bilinear";
---
> "cTy-50-edS.title" = "バイリニア";
372c372
< "cew-ry-GXp.title" = "Lanczos 3 (separable)";
---
> "cew-ry-GXp.title" = "Lanczos 3(分離可能)";
378c378
< "dGE-I9-Bpo.ibShadowedToolTip" = "Width";
---
> "dGE-I9-Bpo.ibShadowedToolTip" = "幅";
381c381
< "e81-lX-y35.ibShadowedToolTip" = "Height";
---
> "e81-lX-y35.ibShadowedToolTip" = "高さ";
387c387
< "eWB-oR-PA4.title" = "Lanczos 3 (separable)";
---
> "eWB-oR-PA4.title" = "Lanczos 3(分離可能)";
390c390
< "ezs-dq-h6D.title" = "With bleed";
---
> "ezs-dq-h6D.title" = "裁ち落としあり";
393c393
< "fY1-7R-Giy.title" = "Resample:";
---
> "fY1-7R-Giy.title" = "リサンプル:";
396c396
< "fYs-74-yXg.title" = "Bilinear";
---
> "fYs-74-yXg.title" = "バイリニア";
399c399
< "fb1-QL-S7z.title" = "Include bleed";
---
> "fb1-QL-S7z.title" = "裁ち落としを含める";
402c402
< "fpt-80-ER6.title" = "Lanczos 3 (non-separable)";
---
> "fpt-80-ER6.title" = "Lanczos 3(分離不可)";
405c405
< "gQn-hn-LMp.title" = "Pages:";
---
> "gQn-hn-LMp.title" = "ページ数:";
408c408
< "gVs-UY-Ooz.title" = "Preset:";
---
> "gVs-UY-Ooz.title" = "プリセット:";
432c432
< "gic-hL-0Xx.title" = "Preset:";
---
> "gic-hL-0Xx.title" = "プリセット:";
435c435
< "hdF-j5-yix.title" = "Bicubic";
---
> "hdF-j5-yix.title" = "バイキュービック";
438c438
< "hfh-b5-i3T.title" = "Preset:";
---
> "hfh-b5-i3T.title" = "プリセット:";
441c441
< "hgx-S4-PRo.title" = "Quality:";
---
> "hgx-S4-PRo.title" = "品質:";
444c444
< "i64-7g-fKx.title" = "Include bleed";
---
> "i64-7g-fKx.title" = "裁ち落としを含める";
447c447
< "i6f-Qa-WbM.title" = "Bicubic";
---
> "i6f-Qa-WbM.title" = "バイキュービック";
453c453
< "j4F-4R-AXO.title" = "Nearest Neighbor";
---
> "j4F-4R-AXO.title" = "ニアレストネイバー";
456c456
< "jMN-2s-aid.title" = "Bicubic";
---
> "jMN-2s-aid.title" = "バイキュービック";
462c462
< "kbu-h2-8Js.title" = "Nearest Neighbor";
---
> "kbu-h2-8Js.title" = "ニアレストネイバー";
465c465
< "lvz-La-Kag.title" = "Lanczos 3 (non-separable)";
---
> "lvz-La-Kag.title" = "Lanczos 3(分離不可)";
468c468
< "lyo-qv-ji1.title" = "(Some areas will be rasterized)";
---
> "lyo-qv-ji1.title" = "(一部の領域はラスタライズされます)";
471c471
< "mTe-h1-m33.title" = "PostScript level:";
---
> "mTe-h1-m33.title" = "PostScriptレベル:";
474c474
< "mda-oW-sll.title" = "Size:";
---
> "mda-oW-sll.title" = "サイズ:";
477c477
< "mh4-hT-5Fz.title" = "Nearest Neighbor";
---
> "mh4-hT-5Fz.title" = "ニアレストネイバー";
480c480
< "nA2-zH-ZfO.ibShadowedToolTip" = "Width";
---
> "nA2-zH-ZfO.ibShadowedToolTip" = "幅";
486c486
< "nm3-zK-uqz.title" = "Lanczos 3 (separable)";
---
> "nm3-zK-uqz.title" = "Lanczos 3(分離可能)";
489c489
< "oDp-TL-hV9.ibShadowedToolTip" = "Width";
---
> "oDp-TL-hV9.ibShadowedToolTip" = "幅";
492c492
< "oZa-VM-FyU.title" = "Quality:";
---
> "oZa-VM-FyU.title" = "品質:";
495c495
< "oa0-WO-QC9.ibShadowedToolTip" = "Height";
---
> "oa0-WO-QC9.ibShadowedToolTip" = "高さ";
498c498
< "of8-cv-yPb.title" = "Raster DPI:";
---
> "of8-cv-yPb.title" = "ラスターDPI:";
501c501
< "pls-Wg-qGw.ibShadowedToolTip" = "Height";
---
> "pls-Wg-qGw.ibShadowedToolTip" = "高さ";
525c525
< "qf0-Ft-sdk.title" = "Bilinear";
---
> "qf0-Ft-sdk.title" = "バイリニア";
531c531
< "qtR-S3-gT9.ibShadowedToolTip" = "Width";
---
> "qtR-S3-gT9.ibShadowedToolTip" = "幅";
537c537
< "rhm-jD-wRG.title" = "Raster DPI:";
---
> "rhm-jD-wRG.title" = "ラスターDPI:";
540c540
< "rtP-FH-chB.title" = "Preset:";
---
> "rtP-FH-chB.title" = "プリセット:";
543c543
< "s8u-Dq-Cg8.title" = "Preset:";
---
> "s8u-Dq-Cg8.title" = "プリセット:";
546c546
< "saO-rV-K0v.title" = "Resample:";
---
> "saO-rV-K0v.title" = "リサンプル:";
549c549
< "sse-lI-3er.title" = "Resample:";
---
> "sse-lI-3er.title" = "リサンプル:";
552c552
< "t95-kr-GID.title" = "Save Affinity layers";
---
> "t95-kr-GID.title" = "Affinityレイヤーを保存";
555c555
< "tc4-cf-SOL.ibShadowedToolTip" = "Height";
---
> "tc4-cf-SOL.ibShadowedToolTip" = "高さ";
558c558
< "tc4-mv-c9t.title" = "With bleed";
---
> "tc4-mv-c9t.title" = "裁ち落としあり";
561c561
< "u6N-uv-7uS.title" = "Resample:";
---
> "u6N-uv-7uS.title" = "リサンプル:";
567c567
< "uVG-uv-Iu0.title" = "Size:";
---
> "uVG-uv-Iu0.title" = "サイズ:";
570c570
< "ufj-4O-lRk.title" = "Bicubic";
---
> "ufj-4O-lRk.title" = "バイキュービック";
573c573
< "vFS-yM-Tdx.title" = "With bleed";
---
> "vFS-yM-Tdx.title" = "裁ち落としあり";
576c576
< "vod-D7-zgN.title" = "Size:";
---
> "vod-D7-zgN.title" = "サイズ:";
579c579
< "wDN-Ea-WbL.title" = "Nearest Neighbor";
---
> "wDN-Ea-WbL.title" = "ニアレストネイバー";
582c582
< "wH3-97-ShG.title" = "Lanczos 3 (non-separable)";
---
> "wH3-97-ShG.title" = "Lanczos 3(分離不可)";
588c588
< "wPV-9I-L50.title" = "Lanczos 3 (separable)";
---
> "wPV-9I-L50.title" = "Lanczos 3(分離可能)";
591c591
< "x3X-mb-Tdb.title" = "Bilinear";
---
> "x3X-mb-Tdb.title" = "バイリニア";
594c594
< "xV7-xB-xTW.title" = "Lanczos 3 (non-separable)";
---
> "xV7-xB-xTW.title" = "Lanczos 3(分離不可)";
597c597
< "xfH-o9-Wb1.title" = "Lanczos 3 (non-separable)";
---
> "xfH-o9-Wb1.title" = "Lanczos 3(分離不可)";
600c600
< "yra-HS-Mbf.title" = "Quality:";
---
> "yra-HS-Mbf.title" = "品質:";
603c603
< "yub-E2-60N.title" = "Raster DPI:";
---
> "yub-E2-60N.title" = "ラスターDPI:";
609c609
< "zKc-6k-h8S.title" = "Preset:";
---
> "zKc-6k-h8S.title" = "プリセット:";
612c612
< "zST-Qq-Xoq.title" = "Resample:";
---
> "zST-Qq-Xoq.title" = "リサンプル:";
