2,3c2,3
< /* Class = "NSTextFieldCell"; title = "Preset:"; ObjectID = "0S5-58-zLj"; */
< "0S5-58-zLj.title" = "Preset:";
---
> /* Class = "NSTextFieldCell"; title = "미리 설정:"; ObjectID = "0S5-58-zLj"; */
> "0S5-58-zLj.title" = "미리 설정:";
11,12c11,12
< /* Class = "NSTextFieldCell"; title = "Size:"; ObjectID = "1MV-3Z-Ocj"; */
< "1MV-3Z-Ocj.title" = "Size:";
---
> /* Class = "NSTextFieldCell"; title = "크기:"; ObjectID = "1MV-3Z-Ocj"; */
> "1MV-3Z-Ocj.title" = "크기:";
14,15c14,15
< /* Class = "NSView"; ibShadowedToolTip = "Height"; ObjectID = "1Ug-YR-P59"; */
< "1Ug-YR-P59.ibShadowedToolTip" = "Height";
---
> /* Class = "NSView"; ibShadowedToolTip = "높이"; ObjectID = "1Ug-YR-P59"; */
> "1Ug-YR-P59.ibShadowedToolTip" = "높이";
26,27c26,27
< /* Class = "NSTextFieldCell"; title = "Size:"; ObjectID = "3Lg-U5-qTt"; */
< "3Lg-U5-qTt.title" = "Size:";
---
> /* Class = "NSTextFieldCell"; title = "크기:"; ObjectID = "3Lg-U5-qTt"; */
> "3Lg-U5-qTt.title" = "크기:";
41,42c41,42
< /* Class = "NSButtonCell"; title = "Export"; ObjectID = "4CW-jQ-Ups"; */
< "4CW-jQ-Ups.title" = "Export";
---
> /* Class = "NSButtonCell"; title = "내보내기"; ObjectID = "4CW-jQ-Ups"; */
> "4CW-jQ-Ups.title" = "내보내기";
53,54c53,54
< /* Class = "NSButtonCell"; title = "Cancel"; ObjectID = "4dn-A0-5ju"; */
< "4dn-A0-5ju.title" = "Cancel";
---
> /* Class = "NSButtonCell"; title = "취소"; ObjectID = "4dn-A0-5ju"; */
> "4dn-A0-5ju.title" = "취소";
62,63c62,63
< /* Class = "NSTextFieldCell"; title = "Preset:"; ObjectID = "5gb-TB-fyd"; */
< "5gb-TB-fyd.title" = "Preset:";
---
> /* Class = "NSTextFieldCell"; title = "미리 설정:"; ObjectID = "5gb-TB-fyd"; */
> "5gb-TB-fyd.title" = "미리 설정:";
71,72c71,72
< /* Class = "NSView"; ibShadowedToolTip = "Width"; ObjectID = "6bF-6P-NRh"; */
< "6bF-6P-NRh.ibShadowedToolTip" = "Width";
---
> /* Class = "NSView"; ibShadowedToolTip = "너비"; ObjectID = "6bF-6P-NRh"; */
> "6bF-6P-NRh.ibShadowedToolTip" = "너비";
80,81c80,81
< /* Class = "NSView"; ibShadowedToolTip = "Width"; ObjectID = "7q7-9F-XIa"; */
< "7q7-9F-XIa.ibShadowedToolTip" = "Width";
---
> /* Class = "NSView"; ibShadowedToolTip = "너비"; ObjectID = "7q7-9F-XIa"; */
> "7q7-9F-XIa.ibShadowedToolTip" = "너비";
95,96c95,96
< /* Class = "NSView"; ibShadowedToolTip = "Width"; ObjectID = "9eI-FX-6em"; */
< "9eI-FX-6em.ibShadowedToolTip" = "Width";
---
> /* Class = "NSView"; ibShadowedToolTip = "너비"; ObjectID = "9eI-FX-6em"; */
> "9eI-FX-6em.ibShadowedToolTip" = "너비";
116,117c116,117
< /* Class = "NSTextFieldCell"; title = "Size:"; ObjectID = "CBF-du-Pvv"; */
< "CBF-du-Pvv.title" = "Size:";
---
> /* Class = "NSTextFieldCell"; title = "크기:"; ObjectID = "CBF-du-Pvv"; */
> "CBF-du-Pvv.title" = "크기:";
122,123c122,123
< /* Class = "NSTextFieldCell"; title = "Preset:"; ObjectID = "CeC-uM-pm9"; */
< "CeC-uM-pm9.title" = "Preset:";
---
> /* Class = "NSTextFieldCell"; title = "미리 설정:"; ObjectID = "CeC-uM-pm9"; */
> "CeC-uM-pm9.title" = "미리 설정:";
128,129c128,129
< /* Class = "NSTextFieldCell"; title = "Size:"; ObjectID = "Cpf-xP-Xcc"; */
< "Cpf-xP-Xcc.title" = "Size:";
---
> /* Class = "NSTextFieldCell"; title = "크기:"; ObjectID = "Cpf-xP-Xcc"; */
> "Cpf-xP-Xcc.title" = "크기:";
140,141c140,141
< /* Class = "NSWindow"; title = "Export"; ObjectID = "F0z-JX-Cv5"; */
< "F0z-JX-Cv5.title" = "Export";
---
> /* Class = "NSWindow"; title = "내보내기"; ObjectID = "F0z-JX-Cv5"; */
> "F0z-JX-Cv5.title" = "내보내기";
155,156c155,156
< /* Class = "NSView"; ibShadowedToolTip = "Height"; ObjectID = "GU4-OA-5av"; */
< "GU4-OA-5av.ibShadowedToolTip" = "Height";
---
> /* Class = "NSView"; ibShadowedToolTip = "높이"; ObjectID = "GU4-OA-5av"; */
> "GU4-OA-5av.ibShadowedToolTip" = "높이";
167,168c167,168
< /* Class = "NSView"; ibShadowedToolTip = "Height"; ObjectID = "HaK-RJ-RTB"; */
< "HaK-RJ-RTB.ibShadowedToolTip" = "Height";
---
> /* Class = "NSView"; ibShadowedToolTip = "높이"; ObjectID = "HaK-RJ-RTB"; */
> "HaK-RJ-RTB.ibShadowedToolTip" = "높이";
170,171c170,171
< /* Class = "NSView"; ibShadowedToolTip = "Height"; ObjectID = "Hwn-dn-OwM"; */
< "Hwn-dn-OwM.ibShadowedToolTip" = "Height";
---
> /* Class = "NSView"; ibShadowedToolTip = "높이"; ObjectID = "Hwn-dn-OwM"; */
> "Hwn-dn-OwM.ibShadowedToolTip" = "높이";
176,177c176,177
< /* Class = "NSView"; ibShadowedToolTip = "Height"; ObjectID = "Jso-uC-vCH"; */
< "Jso-uC-vCH.ibShadowedToolTip" = "Height";
---
> /* Class = "NSView"; ibShadowedToolTip = "높이"; ObjectID = "Jso-uC-vCH"; */
> "Jso-uC-vCH.ibShadowedToolTip" = "높이";
179,180c179,180
< /* Class = "NSTextFieldCell"; title = "Preset:"; ObjectID = "Jub-VO-6lq"; */
< "Jub-VO-6lq.title" = "Preset:";
---
> /* Class = "NSTextFieldCell"; title = "미리 설정:"; ObjectID = "Jub-VO-6lq"; */
> "Jub-VO-6lq.title" = "미리 설정:";
206,207c206,207
< /* Class = "NSTextFieldCell"; title = "Estimated File Size:"; ObjectID = "Lkh-uo-tM1"; */
< "Lkh-uo-tM1.title" = "Estimated File Size:";
---
> /* Class = "NSTextFieldCell"; title = "예상 파일 크기:"; ObjectID = "Lkh-uo-tM1"; */
> "Lkh-uo-tM1.title" = "예상 파일 크기:";
209,210c209,210
< /* Class = "NSTextFieldCell"; title = "Preset:"; ObjectID = "ME7-0X-gFP"; */
< "ME7-0X-gFP.title" = "Preset:";
---
> /* Class = "NSTextFieldCell"; title = "미리 설정:"; ObjectID = "ME7-0X-gFP"; */
> "ME7-0X-gFP.title" = "미리 설정:";
212,213c212,213
< /* Class = "NSView"; ibShadowedToolTip = "Width"; ObjectID = "MpB-xl-2TA"; */
< "MpB-xl-2TA.ibShadowedToolTip" = "Width";
---
> /* Class = "NSView"; ibShadowedToolTip = "너비"; ObjectID = "MpB-xl-2TA"; */
> "MpB-xl-2TA.ibShadowedToolTip" = "너비";
218,219c218,219
< /* Class = "NSView"; ibShadowedToolTip = "Width"; ObjectID = "NEw-3S-wGS"; */
< "NEw-3S-wGS.ibShadowedToolTip" = "Width";
---
> /* Class = "NSView"; ibShadowedToolTip = "너비"; ObjectID = "NEw-3S-wGS"; */
> "NEw-3S-wGS.ibShadowedToolTip" = "너비";
230,231c230,231
< /* Class = "NSTextFieldCell"; title = "Preset:"; ObjectID = "O6l-bQ-uko"; */
< "O6l-bQ-uko.title" = "Preset:";
---
> /* Class = "NSTextFieldCell"; title = "미리 설정:"; ObjectID = "O6l-bQ-uko"; */
> "O6l-bQ-uko.title" = "미리 설정:";
260,261c260,261
< /* Class = "NSTextFieldCell"; title = "Size:"; ObjectID = "Qc9-WO-EMP"; */
< "Qc9-WO-EMP.title" = "Size:";
---
> /* Class = "NSTextFieldCell"; title = "크기:"; ObjectID = "Qc9-WO-EMP"; */
> "Qc9-WO-EMP.title" = "크기:";
263,264c263,264
< /* Class = "NSView"; ibShadowedToolTip = "Width"; ObjectID = "Qxg-Wk-LvO"; */
< "Qxg-Wk-LvO.ibShadowedToolTip" = "Width";
---
> /* Class = "NSView"; ibShadowedToolTip = "너비"; ObjectID = "Qxg-Wk-LvO"; */
> "Qxg-Wk-LvO.ibShadowedToolTip" = "너비";
287,288c287,288
< /* Class = "NSTextFieldCell"; title = "Preset:"; ObjectID = "VEW-yY-G9H"; */
< "VEW-yY-G9H.title" = "Preset:";
---
> /* Class = "NSTextFieldCell"; title = "미리 설정:"; ObjectID = "VEW-yY-G9H"; */
> "VEW-yY-G9H.title" = "미리 설정:";
302,303c302,303
< /* Class = "NSTextFieldCell"; title = "Preset:"; ObjectID = "Wqm-6w-aCh"; */
< "Wqm-6w-aCh.title" = "Preset:";
---
> /* Class = "NSTextFieldCell"; title = "미리 설정:"; ObjectID = "Wqm-6w-aCh"; */
> "Wqm-6w-aCh.title" = "미리 설정:";
314,315c314,315
< /* Class = "NSTextFieldCell"; title = "Size:"; ObjectID = "Xys-eA-wTT"; */
< "Xys-eA-wTT.title" = "Size:";
---
> /* Class = "NSTextFieldCell"; title = "크기:"; ObjectID = "Xys-eA-wTT"; */
> "Xys-eA-wTT.title" = "크기:";
320,321c320,321
< /* Class = "NSTextFieldCell"; title = "Size:"; ObjectID = "Y6v-en-VhB"; */
< "Y6v-en-VhB.title" = "Size:";
---
> /* Class = "NSTextFieldCell"; title = "크기:"; ObjectID = "Y6v-en-VhB"; */
> "Y6v-en-VhB.title" = "크기:";
329,330c329,330
< /* Class = "NSView"; ibShadowedToolTip = "Height"; ObjectID = "ZD0-tT-mzm"; */
< "ZD0-tT-mzm.ibShadowedToolTip" = "Height";
---
> /* Class = "NSView"; ibShadowedToolTip = "높이"; ObjectID = "ZD0-tT-mzm"; */
> "ZD0-tT-mzm.ibShadowedToolTip" = "높이";
359,360c359,360
< /* Class = "NSTextFieldCell"; title = "Preset:"; ObjectID = "be6-uF-6jW"; */
< "be6-uF-6jW.title" = "Preset:";
---
> /* Class = "NSTextFieldCell"; title = "미리 설정:"; ObjectID = "be6-uF-6jW"; */
> "be6-uF-6jW.title" = "미리 설정:";
362,363c362,363
< /* Class = "NSTextFieldCell"; title = "Area:"; ObjectID = "c7r-Kn-eYI"; */
< "c7r-Kn-eYI.title" = "Area:";
---
> /* Class = "NSTextFieldCell"; title = "영역:"; ObjectID = "c7r-Kn-eYI"; */
> "c7r-Kn-eYI.title" = "영역:";
377,378c377,378
< /* Class = "NSView"; ibShadowedToolTip = "Width"; ObjectID = "dGE-I9-Bpo"; */
< "dGE-I9-Bpo.ibShadowedToolTip" = "Width";
---
> /* Class = "NSView"; ibShadowedToolTip = "너비"; ObjectID = "dGE-I9-Bpo"; */
> "dGE-I9-Bpo.ibShadowedToolTip" = "너비";
380,381c380,381
< /* Class = "NSView"; ibShadowedToolTip = "Height"; ObjectID = "e81-lX-y35"; */
< "e81-lX-y35.ibShadowedToolTip" = "Height";
---
> /* Class = "NSView"; ibShadowedToolTip = "높이"; ObjectID = "e81-lX-y35"; */
> "e81-lX-y35.ibShadowedToolTip" = "높이";
407,408c407,408
< /* Class = "NSTextFieldCell"; title = "Preset:"; ObjectID = "gVs-UY-Ooz"; */
< "gVs-UY-Ooz.title" = "Preset:";
---
> /* Class = "NSTextFieldCell"; title = "미리 설정:"; ObjectID = "gVs-UY-Ooz"; */
> "gVs-UY-Ooz.title" = "미리 설정:";
431,432c431,432
< /* Class = "NSTextFieldCell"; title = "Preset:"; ObjectID = "gic-hL-0Xx"; */
< "gic-hL-0Xx.title" = "Preset:";
---
> /* Class = "NSTextFieldCell"; title = "미리 설정:"; ObjectID = "gic-hL-0Xx"; */
> "gic-hL-0Xx.title" = "미리 설정:";
437,438c437,438
< /* Class = "NSTextFieldCell"; title = "Preset:"; ObjectID = "hfh-b5-i3T"; */
< "hfh-b5-i3T.title" = "Preset:";
---
> /* Class = "NSTextFieldCell"; title = "미리 설정:"; ObjectID = "hfh-b5-i3T"; */
> "hfh-b5-i3T.title" = "미리 설정:";
473,474c473,474
< /* Class = "NSTextFieldCell"; title = "Size:"; ObjectID = "mda-oW-sll"; */
< "mda-oW-sll.title" = "Size:";
---
> /* Class = "NSTextFieldCell"; title = "크기:"; ObjectID = "mda-oW-sll"; */
> "mda-oW-sll.title" = "크기:";
479,480c479,480
< /* Class = "NSView"; ibShadowedToolTip = "Width"; ObjectID = "nA2-zH-ZfO"; */
< "nA2-zH-ZfO.ibShadowedToolTip" = "Width";
---
> /* Class = "NSView"; ibShadowedToolTip = "너비"; ObjectID = "nA2-zH-ZfO"; */
> "nA2-zH-ZfO.ibShadowedToolTip" = "너비";
488,489c488,489
< /* Class = "NSView"; ibShadowedToolTip = "Width"; ObjectID = "oDp-TL-hV9"; */
< "oDp-TL-hV9.ibShadowedToolTip" = "Width";
---
> /* Class = "NSView"; ibShadowedToolTip = "너비"; ObjectID = "oDp-TL-hV9"; */
> "oDp-TL-hV9.ibShadowedToolTip" = "너비";
494,495c494,495
< /* Class = "NSView"; ibShadowedToolTip = "Height"; ObjectID = "oa0-WO-QC9"; */
< "oa0-WO-QC9.ibShadowedToolTip" = "Height";
---
> /* Class = "NSView"; ibShadowedToolTip = "높이"; ObjectID = "oa0-WO-QC9"; */
> "oa0-WO-QC9.ibShadowedToolTip" = "높이";
500,501c500,501
< /* Class = "NSView"; ibShadowedToolTip = "Height"; ObjectID = "pls-Wg-qGw"; */
< "pls-Wg-qGw.ibShadowedToolTip" = "Height";
---
> /* Class = "NSView"; ibShadowedToolTip = "높이"; ObjectID = "pls-Wg-qGw"; */
> "pls-Wg-qGw.ibShadowedToolTip" = "높이";
530,531c530,531
< /* Class = "NSView"; ibShadowedToolTip = "Width"; ObjectID = "qtR-S3-gT9"; */
< "qtR-S3-gT9.ibShadowedToolTip" = "Width";
---
> /* Class = "NSView"; ibShadowedToolTip = "너비"; ObjectID = "qtR-S3-gT9"; */
> "qtR-S3-gT9.ibShadowedToolTip" = "너비";
539,540c539,540
< /* Class = "NSTextFieldCell"; title = "Preset:"; ObjectID = "rtP-FH-chB"; */
< "rtP-FH-chB.title" = "Preset:";
---
> /* Class = "NSTextFieldCell"; title = "미리 설정:"; ObjectID = "rtP-FH-chB"; */
> "rtP-FH-chB.title" = "미리 설정:";
542,543c542,543
< /* Class = "NSTextFieldCell"; title = "Preset:"; ObjectID = "s8u-Dq-Cg8"; */
< "s8u-Dq-Cg8.title" = "Preset:";
---
> /* Class = "NSTextFieldCell"; title = "미리 설정:"; ObjectID = "s8u-Dq-Cg8"; */
> "s8u-Dq-Cg8.title" = "미리 설정:";
554,555c554,555
< /* Class = "NSView"; ibShadowedToolTip = "Height"; ObjectID = "tc4-cf-SOL"; */
< "tc4-cf-SOL.ibShadowedToolTip" = "Height";
---
> /* Class = "NSView"; ibShadowedToolTip = "높이"; ObjectID = "tc4-cf-SOL"; */
> "tc4-cf-SOL.ibShadowedToolTip" = "높이";
566,567c566,567
< /* Class = "NSTextFieldCell"; title = "Size:"; ObjectID = "uVG-uv-Iu0"; */
< "uVG-uv-Iu0.title" = "Size:";
---
> /* Class = "NSTextFieldCell"; title = "크기:"; ObjectID = "uVG-uv-Iu0"; */
> "uVG-uv-Iu0.title" = "크기:";
575,576c575,576
< /* Class = "NSTextFieldCell"; title = "Size:"; ObjectID = "vod-D7-zgN"; */
< "vod-D7-zgN.title" = "Size:";
---
> /* Class = "NSTextFieldCell"; title = "크기:"; ObjectID = "vod-D7-zgN"; */
> "vod-D7-zgN.title" = "크기:";
608,609c608,609
< /* Class = "NSTextFieldCell"; title = "Preset:"; ObjectID = "zKc-6k-h8S"; */
< "zKc-6k-h8S.title" = "Preset:";
---
> /* Class = "NSTextFieldCell"; title = "미리 설정:"; ObjectID = "zKc-6k-h8S"; */
> "zKc-6k-h8S.title" = "미리 설정:";
