---
12c12
15c15
18c18
21c21
3c3
6c6
9c9
< "08d-Ns-xUu.title" = "Cancel";
< "67K-LN-16B.title" = "Export";
< "CHo-O7-99J.title" = "Export";
< "Ryr-YE-odQ.title" = "Export new items only";
< "fip-VE-rcV.title" = "Table View Cell";
< "gpQ-oN-NEJ.title" = "Text Cell";
< "lpo-3e-OG6.title" = "The following files will either be overwritten or cannot be exported.\n\nUntick items to exclude them from export.";
> "08d-Ns-xUu.title" = "キャンセル";
> "67K-LN-16B.title" = "書き出し";
> "CHo-O7-99J.title" = "書き出し";
> "Ryr-YE-odQ.title" = "新規項目のみを書き出し";
> "fip-VE-rcV.title" = "表ビューセル";
> "gpQ-oN-NEJ.title" = "テキストセル";
> "lpo-3e-OG6.title" = "次のファイルは上書きされるか、または書き出しできません。\n\nチェックを外すと、項目は書き出し対象から除外されます。";
