1c1,2
< 3c3
---
> 2,3c2,3
> < /* Class = "NSTextFieldCell"; title = "Text Cell"; ObjectID = "5ni-m7-3Tf"; */
4,5c5,8
< > "5ni-m7-3Tf.title" = "テキストセル";
< 6c6
---
> > /* Class = "NSTextFieldCell"; title = "텍스트 셀"; ObjectID = "5ni-m7-3Tf"; */
> > "5ni-m7-3Tf.title" = "텍스트 셀";
> 5,6c5,6
> < /* Class = "NSTextFieldCell"; title = "Text Cell"; ObjectID = "9Up-kQ-27c"; */
8,17c11,14
< > "9Up-kQ-27c.title" = "テキストセル";
< 9c9
< < "CuL-hU-lOE.ibShadowedToolTip" = "The user scale is used instead of the exported image scale when forming paths or writing description files. It does not affect the size of the exported image.";
< ---
< > "CuL-hU-lOE.ibShadowedToolTip" = "パスを指定するときや記述ファイルを作成するときは、書き出される画像のスケールではなくユーザースケールが使用されます。このスケールは、書き出される画像のサイズに影響しません。";
< 12c12
< < "GqA-nR-yW1.title" = "User variables:";
< ---
< > "GqA-nR-yW1.title" = "ユーザー変数:";
< 15c15
---
> > /* Class = "NSTextFieldCell"; title = "텍스트 셀"; ObjectID = "9Up-kQ-27c"; */
> > "9Up-kQ-27c.title" = "텍스트 셀";
> 14,15c14,15
> < /* Class = "NSButtonCell"; title = "Done"; ObjectID = "H7S-Kq-meK"; */
20,25c17,20
< > "H7S-Kq-meK.title" = "完了";
< 18c18
< < "HH0-Oe-Ihv.placeholderString" = "Not set";
< ---
< > "HH0-Oe-Ihv.placeholderString" = "設定しない";
< 21c21
---
> > /* Class = "NSButtonCell"; title = "완료"; ObjectID = "H7S-Kq-meK"; */
> > "H7S-Kq-meK.title" = "완료";
> 20,21c20,21
> < /* Class = "NSTextFieldCell"; placeholderString = "Name"; ObjectID = "LuR-GI-Z85"; */
28,29c23,26
< > "LuR-GI-Z85.placeholderString" = "名前";
< 24c24
---
> > /* Class = "NSTextFieldCell"; placeholderString = "이름"; ObjectID = "LuR-GI-Z85"; */
> > "LuR-GI-Z85.placeholderString" = "이름";
> 23,24c23,24
> < /* Class = "NSTableColumn"; headerCell.title = "Name"; ObjectID = "O0a-0B-DeR"; */
32,57c29,32
< > "O0a-0B-DeR.headerCell.title" = "名前";
< 27c27
< < "P6X-bj-nXi.headerCell.title" = "Description";
< ---
< > "P6X-bj-nXi.headerCell.title" = "説明";
< 30c30
< < "PI1-tN-3rZ.ibShadowedToolTip" = "The path is invalid";
< ---
< > "PI1-tN-3rZ.ibShadowedToolTip" = "パスは無効です";
< 33c33
< < "PO7-S0-Gix.title" = "Path components:";
< ---
< > "PO7-S0-Gix.title" = "パスの構成要素:";
< 36c36
< < "WpL-4Y-96Z.headerCell.title" = "Value";
< ---
< > "WpL-4Y-96Z.headerCell.title" = "値";
< 39c39
< < "XVJ-vf-Lup.title" = "Table View Cell";
< ---
< > "XVJ-vf-Lup.title" = "表ビューセル";
< 42c42
< < "YRX-eq-afB.title" = "Enter text or drag-drop variable tokens from the available list to form the output path. Note, the file extension will be added automatically.";
< ---
< > "YRX-eq-afB.title" = "テキストを入力するか、使用可能な変数トークンのリストからトークンをドラッグ&ドロップして、出力パスを指定します。ファイル拡張子は自動的に追加されることに注意してください。";
< 45c45
---
> > /* Class = "NSTableColumn"; headerCell.title = "이름"; ObjectID = "O0a-0B-DeR"; */
> > "O0a-0B-DeR.headerCell.title" = "이름";
> 44,45c44,45
> < /* Class = "NSTextFieldCell"; title = "Text Cell"; ObjectID = "Yxw-bx-Cy8"; */
60,61c35,38
< > "Yxw-bx-Cy8.title" = "テキストセル";
< 48c48
---
> > /* Class = "NSTextFieldCell"; title = "텍스트 셀"; ObjectID = "Yxw-bx-Cy8"; */
> > "Yxw-bx-Cy8.title" = "텍스트 셀";
> 47,48c47,48
> < /* Class = "NSTextFieldCell"; title = "Text Cell"; ObjectID = "aED-9K-gWc"; */
64,97c41,44
< > "aED-9K-gWc.title" = "テキストセル";
< 51c51
< < "eEl-zb-Ozf.ibShadowedToolTip" = "The DPI value is used in the exported file, and overrides the DPI of the document.";
< ---
< > "eEl-zb-Ozf.ibShadowedToolTip" = "DPI値は書き出されるファイルで使用され、ドキュメントのDPIに優先します。";
< 54c54
< < "h8x-fJ-RFy.placeholderString" = "Not set";
< ---
< > "h8x-fJ-RFy.placeholderString" = "設定しない";
< 57c57
< < "jj2-Cm-Adi.title" = "Table View Cell";
< ---
< > "jj2-Cm-Adi.title" = "表ビューセル";
< 60c60
< < "kgW-Q9-Mqk.title" = "Table View Cell";
< ---
< > "kgW-Q9-Mqk.title" = "表ビューセル";
< 63c63
< < "mVC-dK-SLm.placeholderString" = "Value";
< ---
< > "mVC-dK-SLm.placeholderString" = "値";
< 66c66
< < "n2S-NR-rJW.title" = "Exported DPI:";
< ---
< > "n2S-NR-rJW.title" = "書き出されるDPI:";
< 69c69
< < "oSr-bz-vN4.headerCell.title" = "Variable";
< ---
< > "oSr-bz-vN4.headerCell.title" = "変数";
< 72c72
< < "q55-JW-fxj.placeholderString" = "Drag tokens and enter text to form a path template";
< ---
< > "q55-JW-fxj.placeholderString" = "トークンをドラッグし、テキストを入力してパステンプレートを指定します";
< 75c75
---
> > /* Class = "NSTextFieldCell"; title = "텍스트 셀"; ObjectID = "aED-9K-gWc"; */
> > "aED-9K-gWc.title" = "텍스트 셀";
> 74,75c74,75
> < /* Class = "NSTextFieldCell"; title = "Text Cell"; ObjectID = "rax-DG-ZCb"; */
100,105c47,50
< > "rax-DG-ZCb.title" = "テキストセル";
< 78c78
< < "w2B-Md-0BA.title" = "User scale:";
< ---
< > "w2B-Md-0BA.title" = "ユーザースケール:";
< 81c81
---
> > /* Class = "NSTextFieldCell"; title = "텍스트 셀"; ObjectID = "rax-DG-ZCb"; */
> > "rax-DG-ZCb.title" = "텍스트 셀";
> 80,81c80,81
> < /* Class = "NSButtonCell"; title = "Cancel"; ObjectID = "xIn-39-M8k"; */
108c53,54
< > "xIn-39-M8k.title" = "キャンセル";
---
> > /* Class = "NSButtonCell"; title = "취소"; ObjectID = "xIn-39-M8k"; */
> > "xIn-39-M8k.title" = "취소";
