1c1,2
< 3c3
---
> 2,3c2,3
> < /* Class = "NSButtonCell"; title = "Cancel"; ObjectID = "08d-Ns-xUu"; */
4,5c5,8
< > "08d-Ns-xUu.title" = "キャンセル";
< 6c6
---
> > /* Class = "NSButtonCell"; title = "취소"; ObjectID = "08d-Ns-xUu"; */
> > "08d-Ns-xUu.title" = "취소";
> 5,6c5,6
> < /* Class = "NSButtonCell"; title = "Export"; ObjectID = "67K-LN-16B"; */
8,9c11,14
< > "67K-LN-16B.title" = "書き出し";
< 9c9
---
> > /* Class = "NSButtonCell"; title = "내보내기"; ObjectID = "67K-LN-16B"; */
> > "67K-LN-16B.title" = "내보내기";
> 8,9c8,9
> < /* Class = "NSWindow"; title = "Export"; ObjectID = "CHo-O7-99J"; */
12,21c17,20
< > "CHo-O7-99J.title" = "書き出し";
< 12c12
< < "Ryr-YE-odQ.title" = "Export new items only";
< ---
< > "Ryr-YE-odQ.title" = "新規項目のみを書き出し";
< 15c15
< < "fip-VE-rcV.title" = "Table View Cell";
< ---
< > "fip-VE-rcV.title" = "表ビューセル";
< 18c18
---
> > /* Class = "NSWindow"; title = "내보내기"; ObjectID = "CHo-O7-99J"; */
> > "CHo-O7-99J.title" = "내보내기";
> 17,18c17,18
> < /* Class = "NSTextFieldCell"; title = "Text Cell"; ObjectID = "gpQ-oN-NEJ"; */
24,28c23,24
< > "gpQ-oN-NEJ.title" = "テキストセル";
< 21c21
< < "lpo-3e-OG6.title" = "The following files will either be overwritten or cannot be exported.\n\nUntick items to exclude them from export.";
< ---
< > "lpo-3e-OG6.title" = "次のファイルは上書きされるか、または書き出しできません。\n\nチェックを外すと、項目は書き出し対象から除外されます。";
---
> > /* Class = "NSTextFieldCell"; title = "텍스트 셀"; ObjectID = "gpQ-oN-NEJ"; */
> > "gpQ-oN-NEJ.title" = "텍스트 셀";
