---
12c12
15c15
18c18
21c21
24c24
27c27
30c30
33c33
36c36
39c39
3c3
42c42
45c45
48c48
51c51
54c54
57c57
60c60
63c63
66c66
69c69
6c6
72c72
9c9
< "2ar-d6-xVq.ibShadowedToolTip" = "Delete input";
< "8Ab-bC-Onn.ibShadowedToolTip" = "Name of input (required)";
< "APL-jS-fkh.placeholderString" = "Label";
< "Bta-bq-HP1.placeholderString" = "Description";
< "FnF-lE-brL.placeholderString" = "Description";
< "HAS-1E-6b4.ibShadowedToolTip" = "Delete input";
< "HTe-ja-65N.ibShadowedToolTip" = "Name of input (required)";
< "L6B-qh-tcx.placeholderString" = "Value";
< "OKn-tf-TRN.ibShadowedToolTip" = "Input value";
< "QCf-Pb-CK6.ibShadowedToolTip" = "Name of input (required)";
< "UBp-r4-NJN.ibShadowedToolTip" = "Delete input";
< "UCM-mM-3Bd.ibShadowedToolTip" = "Elevation-Rotation input";
< "VfG-XI-ty9.placeholderString" = "Name";
< "Xvo-iT-a9T.placeholderString" = "Description";
< "YTN-Xi-10w.ibShadowedToolTip" = "Delete input";
< "ZoF-zl-9Rv.ibShadowedToolTip" = "Description for the input (optional)";
< "aJI-Lb-gdq.ibShadowedToolTip" = "Description for the input (optional)";
< "biO-Zh-IIM.ibShadowedToolTip" = "Name of input (required)";
< "fLb-9q-KN4.placeholderString" = "Description";
< "fdv-bQ-Zql.ibShadowedToolTip" = "Description for the input (optional)";
< "hPc-6J-YN0.placeholderString" = "Label";
< "kRm-NG-M0i.ibShadowedToolTip" = "Angle input";
< "pXJ-7o-nam.ibShadowedToolTip" = "Description for the input (optional)";
< "v4v-fb-yHg.placeholderString" = "Label";
> "2ar-d6-xVq.ibShadowedToolTip" = "入力を削除";
> "8Ab-bC-Onn.ibShadowedToolTip" = "入力の名前(必須)";
> "APL-jS-fkh.placeholderString" = "ラベル";
> "Bta-bq-HP1.placeholderString" = "説明";
> "FnF-lE-brL.placeholderString" = "説明";
> "HAS-1E-6b4.ibShadowedToolTip" = "入力を削除";
> "HTe-ja-65N.ibShadowedToolTip" = "入力の名前(必須)";
> "L6B-qh-tcx.placeholderString" = "値";
> "OKn-tf-TRN.ibShadowedToolTip" = "入力値";
> "QCf-Pb-CK6.ibShadowedToolTip" = "入力の名前(必須)";
> "UBp-r4-NJN.ibShadowedToolTip" = "入力を削除";
> "UCM-mM-3Bd.ibShadowedToolTip" = "仰角回転の入力";
> "VfG-XI-ty9.placeholderString" = "名前";
> "Xvo-iT-a9T.placeholderString" = "説明";
> "YTN-Xi-10w.ibShadowedToolTip" = "入力を削除";
> "ZoF-zl-9Rv.ibShadowedToolTip" = "入力の説明(オプション)";
> "aJI-Lb-gdq.ibShadowedToolTip" = "入力の説明(オプション)";
> "biO-Zh-IIM.ibShadowedToolTip" = "入力の名前(必須)";
> "fLb-9q-KN4.placeholderString" = "説明";
> "fdv-bQ-Zql.ibShadowedToolTip" = "入力の説明(オプション)";
> "hPc-6J-YN0.placeholderString" = "ラベル";
> "kRm-NG-M0i.ibShadowedToolTip" = "角度の入力";
> "pXJ-7o-nam.ibShadowedToolTip" = "入力の説明(オプション)";
> "v4v-fb-yHg.placeholderString" = "ラベル";
