8,9c8,9
< /* Class = "NSButtonCell"; title = "Apply"; ObjectID = "26"; */
< "26.title" = "Apply";
---
> /* Class = "NSButtonCell"; title = "적용"; ObjectID = "26"; */
> "26.title" = "적용";
11,12c11,12
< /* Class = "NSButtonCell"; title = "Cancel"; ObjectID = "210"; */
< "210.title" = "Cancel";
---
> /* Class = "NSButtonCell"; title = "취소"; ObjectID = "210"; */
> "210.title" = "취소";
14,15c14,15
< /* Class = "NSButton"; ibShadowedToolTip = "Split view"; ObjectID = "9DS-7a-sQc"; */
< "9DS-7a-sQc.ibShadowedToolTip" = "Split view";
---
> /* Class = "NSButton"; ibShadowedToolTip = "분할 뷰 모드"; ObjectID = "9DS-7a-sQc"; */
> "9DS-7a-sQc.ibShadowedToolTip" = "분할 뷰 모드";
17,18c17,18
< /* Class = "NSButton"; ibShadowedToolTip = "No split view"; ObjectID = "LPY-aQ-npz"; */
< "LPY-aQ-npz.ibShadowedToolTip" = "No split view";
---
> /* Class = "NSButton"; ibShadowedToolTip = "분할 뷰 모드 해제"; ObjectID = "LPY-aQ-npz"; */
> "LPY-aQ-npz.ibShadowedToolTip" = "분할 뷰 모드 해제";
20,21c20,21
< /* Class = "NSButton"; ibShadowedToolTip = "Mirror view"; ObjectID = "bb4-Xc-bFw"; */
< "bb4-Xc-bFw.ibShadowedToolTip" = "Mirror view";
---
> /* Class = "NSButton"; ibShadowedToolTip = "거울 뷰 모드"; ObjectID = "bb4-Xc-bFw"; */
> "bb4-Xc-bFw.ibShadowedToolTip" = "거울 뷰 모드";
26,27c26,27
< /* Class = "NSTextFieldCell"; title = "Blend Mode"; ObjectID = "sgi-ag-17d"; */
< "sgi-ag-17d.title" = "Blend Mode";
---
> /* Class = "NSTextFieldCell"; title = "혼합 모드"; ObjectID = "sgi-ag-17d"; */
> "sgi-ag-17d.title" = "혼합 모드";
