---
---
---
---
---
---
---
---
12c12
15c15
18c18
21c21
27c27
3c3
6c6
9c9
< "1.title" = "Fade";
< "12.title" = "Fade";
< "210.title" = "Cancel";
< "26.title" = "Apply";
< "9DS-7a-sQc.ibShadowedToolTip" = "Split view";
< "LPY-aQ-npz.ibShadowedToolTip" = "No split view";
< "bb4-Xc-bFw.ibShadowedToolTip" = "Mirror view";
< "sgi-ag-17d.title" = "Blend Mode";
> "1.title" = "フェード";
> "12.title" = "フェード";
> "210.title" = "キャンセル";
> "26.title" = "適用";
> "9DS-7a-sQc.ibShadowedToolTip" = "分割表示";
> "LPY-aQ-npz.ibShadowedToolTip" = "分割表示なし";
> "bb4-Xc-bFw.ibShadowedToolTip" = "ミラー表示";
> "sgi-ag-17d.title" = "描画モード";
