1c1,2
< 3c3
---
> 2,3c2,3
> < /* Class = "NSTextFieldCell"; title = "History Item"; ObjectID = "10"; */
4,16c5,6
< > "10.title" = "履歴項目";
< 6c6
< < "0jK-b2-FLV.title" = "History details";
< ---
< > "0jK-b2-FLV.title" = "履歴の詳細";
< 9c9
< < "3gg-su-aG6.ibShadowedToolTip" = "Set undo brush source";
< ---
< > "3gg-su-aG6.ibShadowedToolTip" = "ブラシソースの取り消しを設定";
< 12c12
< < "mRz-64-j11.ibShadowedToolTip" = "Cycle future";
< ---
< > "mRz-64-j11.ibShadowedToolTip" = "フューチャーを表示";
---
> > /* Class = "NSTextFieldCell"; title = "편집 기록 항목"; ObjectID = "10"; */
> > "10.title" = "편집 기록 항목";
