2,13c2,11
< 12c12
< 15c15
< 18c18
< 21c21
< 24c24
< 27c27
< 30c30
< 33c33
< 3c3
< 6c6
< 9c9
< < "1.title" = "FFT Denoise";
---
> 11,12c11,12
> 14,15c14,15
> 17,18c17,18
> 20,21c20,21
> 23,24c23,24
> 26,27c26,27
> 29,30c29,30
> 32,33c32,33
> 5,6c5,6
> 8,9c8,9
24,34c22,51
< > "1.title" = "FFTノイズ除去";
< > "Em6-TH-4fU.ibShadowedToolTip" = "ミラー表示";
< > "JGm-9x-sQD.title" = "キャンセル";
< > "M7r-pW-SBy.ibShadowedToolTip" = "分割表示";
< > "WQX-Zg-i43.title" = "その他";
< > "aaj-CV-AFb.title" = "流量:";
< > "i7n-BM-gXj.title" = "適用";
< > "mkE-WV-C4p.title" = "硬さ:";
< > "sal-iK-r0i.title" = "幅:";
< > "yya-c3-fi8.ibShadowedToolTip" = "分割表示なし";
< > "z62-rK-4j2.title" = "不透明度:";
---
> > "Em6-TH-4fU.ibShadowedToolTip" = "거울 보기";
> > "JGm-9x-sQD.title" = "취소";
> > "M7r-pW-SBy.ibShadowedToolTip" = "분할 보기";
> > "WQX-Zg-i43.title" = "더 보기";
> > "aaj-CV-AFb.title" = "흐름:";
> > "i7n-BM-gXj.title" = "적용";
> > "mkE-WV-C4p.title" = "굳기:";
> > "sal-iK-r0i.title" = "너비:";
> > "yya-c3-fi8.ibShadowedToolTip" = "분할 보기 해제";
> > "z62-rK-4j2.title" = "불투명도:";
