1,5c1,2
< 3c3
< < "1.title" = "FFT Denoise";
< ---
< > "1.title" = "FFTノイズ除去";
< 6c6
---
> 5,6c5,6
> < /* Class = "NSButton"; ibShadowedToolTip = "Mirror view"; ObjectID = "Em6-TH-4fU"; */
8,9c5,8
< > "Em6-TH-4fU.ibShadowedToolTip" = "ミラー表示";
< 9c9
---
> > /* Class = "NSButton"; ibShadowedToolTip = "거울 뷰 모드"; ObjectID = "Em6-TH-4fU"; */
> > "Em6-TH-4fU.ibShadowedToolTip" = "거울 뷰 모드";
> 8,9c8,9
> < /* Class = "NSButtonCell"; title = "Cancel"; ObjectID = "JGm-9x-sQD"; */
12,13c11,14
< > "JGm-9x-sQD.title" = "キャンセル";
< 12c12
---
> > /* Class = "NSButtonCell"; title = "취소"; ObjectID = "JGm-9x-sQD"; */
> > "JGm-9x-sQD.title" = "취소";
> 11,12c11,12
> < /* Class = "NSButton"; ibShadowedToolTip = "Split view"; ObjectID = "M7r-pW-SBy"; */
16,17c17,20
< > "M7r-pW-SBy.ibShadowedToolTip" = "分割表示";
< 15c15
---
> > /* Class = "NSButton"; ibShadowedToolTip = "분할 뷰 모드"; ObjectID = "M7r-pW-SBy"; */
> > "M7r-pW-SBy.ibShadowedToolTip" = "분할 뷰 모드";
> 14,15c14,15
> < /* Class = "NSButtonCell"; title = "More"; ObjectID = "WQX-Zg-i43"; */
20,21c23,26
< > "WQX-Zg-i43.title" = "その他";
< 18c18
---
> > /* Class = "NSButtonCell"; title = "더 보기"; ObjectID = "WQX-Zg-i43"; */
> > "WQX-Zg-i43.title" = "더 보기";
> 17,18c17,18
> < /* Class = "NSTextFieldCell"; title = "Flow:"; ObjectID = "aaj-CV-AFb"; */
24,25c29,32
< > "aaj-CV-AFb.title" = "流量:";
< 21c21
---
> > /* Class = "NSTextFieldCell"; title = "흐름:"; ObjectID = "aaj-CV-AFb"; */
> > "aaj-CV-AFb.title" = "흐름:";
> 20,21c20,21
> < /* Class = "NSButtonCell"; title = "Apply"; ObjectID = "i7n-BM-gXj"; */
28,29c35,38
< > "i7n-BM-gXj.title" = "適用";
< 24c24
---
> > /* Class = "NSButtonCell"; title = "적용"; ObjectID = "i7n-BM-gXj"; */
> > "i7n-BM-gXj.title" = "적용";
> 23,24c23,24
> < /* Class = "NSTextFieldCell"; title = "Hardness:"; ObjectID = "mkE-WV-C4p"; */
32,33c41,44
< > "mkE-WV-C4p.title" = "硬さ:";
< 27c27
---
> > /* Class = "NSTextFieldCell"; title = "굳기:"; ObjectID = "mkE-WV-C4p"; */
> > "mkE-WV-C4p.title" = "굳기:";
> 26,27c26,27
> < /* Class = "NSTextFieldCell"; title = "Width:"; ObjectID = "sal-iK-r0i"; */
36,37c47,50
< > "sal-iK-r0i.title" = "幅:";
< 30c30
---
> > /* Class = "NSTextFieldCell"; title = "너비:"; ObjectID = "sal-iK-r0i"; */
> > "sal-iK-r0i.title" = "너비:";
> 29,30c29,30
> < /* Class = "NSButton"; ibShadowedToolTip = "No split view"; ObjectID = "yya-c3-fi8"; */
40,41c53,56
< > "yya-c3-fi8.ibShadowedToolTip" = "分割表示なし";
< 33c33
---
> > /* Class = "NSButton"; ibShadowedToolTip = "분할 뷰 모드 해제"; ObjectID = "yya-c3-fi8"; */
> > "yya-c3-fi8.ibShadowedToolTip" = "분할 뷰 모드 해제";
> 32,33c32,33
> < /* Class = "NSTextFieldCell"; title = "Opacity:"; ObjectID = "z62-rK-4j2"; */
44c59,60
< > "z62-rK-4j2.title" = "不透明度:";
---
> > /* Class = "NSTextFieldCell"; title = "불투명도:"; ObjectID = "z62-rK-4j2"; */
> > "z62-rK-4j2.title" = "불투명도:";
