---
---
---
---
20,21c20,21
26,27c26,27
32,33c32,33
8,9c8,9
< "Gva-n6-xeI.title" = "Text Cell";
< "VPY-N4-lKs.title" = "Text Cell";
< "hqo-df-oyb.title" = "Text Cell";
< "xOB-Ke-ocm.title" = "Text Cell";
< /* Class = "NSTextFieldCell"; title = "Text Cell"; ObjectID = "Gva-n6-xeI"; */
< /* Class = "NSTextFieldCell"; title = "Text Cell"; ObjectID = "VPY-N4-lKs"; */
< /* Class = "NSTextFieldCell"; title = "Text Cell"; ObjectID = "hqo-df-oyb"; */
< /* Class = "NSTextFieldCell"; title = "Text Cell"; ObjectID = "xOB-Ke-ocm"; */
> "Gva-n6-xeI.title" = "텍스트 셀";
> "VPY-N4-lKs.title" = "텍스트 셀";
> "hqo-df-oyb.title" = "텍스트 셀";
> "xOB-Ke-ocm.title" = "텍스트 셀";
> /* Class = "NSTextFieldCell"; title = "텍스트 셀"; ObjectID = "Gva-n6-xeI"; */
> /* Class = "NSTextFieldCell"; title = "텍스트 셀"; ObjectID = "VPY-N4-lKs"; */
> /* Class = "NSTextFieldCell"; title = "텍스트 셀"; ObjectID = "hqo-df-oyb"; */
> /* Class = "NSTextFieldCell"; title = "텍스트 셀"; ObjectID = "xOB-Ke-ocm"; */
