3c3
< "Dw0-d6-CVq.title" = "Table View Cell";
---
> "Dw0-d6-CVq.title" = "表ビューセル";
6c6
< "EQ0-Uk-pd5.ibShadowedToolTip" = "Default Format";
---
> "EQ0-Uk-pd5.ibShadowedToolTip" = "デフォルトフォーマット";
9c9
< "Gva-n6-xeI.title" = "Text Cell";
---
> "Gva-n6-xeI.title" = "テキストセル";
12c12
< "N5Q-Qu-1sd.title" = "Table View Cell";
---
> "N5Q-Qu-1sd.title" = "表ビューセル";
18c18
< "UtU-gc-ouM.title" = "Table View Cell";
---
> "UtU-gc-ouM.title" = "表ビューセル";
21c21
< "VPY-N4-lKs.title" = "Text Cell";
---
> "VPY-N4-lKs.title" = "テキストセル";
24c24
< "XKr-Mp-p7W.title" = "Table View Cell";
---
> "XKr-Mp-p7W.title" = "表ビューセル";
27c27
< "hqo-df-oyb.title" = "Text Cell";
---
> "hqo-df-oyb.title" = "テキストセル";
30c30
< "puZ-2K-JXF.title" = "Double-click field name to insert";
---
> "puZ-2K-JXF.title" = "フィールド名をダブルクリックして挿入";
33c33
< "xOB-Ke-ocm.title" = "Text Cell";
---
> "xOB-Ke-ocm.title" = "テキストセル";
