3c3
< "1.title" = "Field Blur";
---
> "1.title" = "フィールドぼかし";
6c6
< "12.title" = "Global Radius";
---
> "12.title" = "グローバル半径";
9c9
< "26.title" = "Apply";
---
> "26.title" = "適用";
12c12
< "210.title" = "Cancel";
---
> "210.title" = "キャンセル";
15c15
< "299-Qg-gwy.title" = "Selected Handle Level";
---
> "299-Qg-gwy.title" = "選択されているハンドルレベル";
18c18
< "L1D-3S-CeX.title" = "Selected Handle Power";
---
> "L1D-3S-CeX.title" = "選択されているハンドルパワー";
21c21
< "Ltk-tI-wRy.ibShadowedToolTip" = "Split view";
---
> "Ltk-tI-wRy.ibShadowedToolTip" = "分割表示";
24c24
< "MOA-Oa-wtv.ibShadowedToolTip" = "No split view";
---
> "MOA-Oa-wtv.ibShadowedToolTip" = "分割表示なし";
27c27
< "z1c-Hh-uOd.ibShadowedToolTip" = "Mirror view";
---
> "z1c-Hh-uOd.ibShadowedToolTip" = "ミラー表示";
