2,3c2,3
< /* Class = "NSWindow"; title = "Fill"; ObjectID = "1"; */
< "1.title" = "Fill";
---
> /* Class = "NSWindow"; title = "칠"; ObjectID = "1"; */
> "1.title" = "칠";
5,6c5,6
< /* Class = "NSButtonCell"; title = "Apply"; ObjectID = "26"; */
< "26.title" = "Apply";
---
> /* Class = "NSButtonCell"; title = "적용"; ObjectID = "26"; */
> "26.title" = "적용";
8,9c8,9
< /* Class = "NSButtonCell"; title = "Cancel"; ObjectID = "255"; */
< "255.title" = "Cancel";
---
> /* Class = "NSButtonCell"; title = "취소"; ObjectID = "255"; */
> "255.title" = "취소";
11,12c11,12
< /* Class = "NSTextFieldCell"; title = "Opacity:"; ObjectID = "0eJ-Ts-WuE"; */
< "0eJ-Ts-WuE.title" = "Opacity:";
---
> /* Class = "NSTextFieldCell"; title = "불투명도:"; ObjectID = "0eJ-Ts-WuE"; */
> "0eJ-Ts-WuE.title" = "불투명도:";
23,24c23,24
< /* Class = "NSTextFieldCell"; title = "Blend Mode:"; ObjectID = "gwu-od-Wph"; */
< "gwu-od-Wph.title" = "Blend Mode:";
---
> /* Class = "NSTextFieldCell"; title = "혼합 모드:"; ObjectID = "gwu-od-Wph"; */
> "gwu-od-Wph.title" = "혼합 모드:";
29,30c29,30
< /* Class = "NSButtonCell"; title = "Button"; ObjectID = "n8y-hM-aJA"; */
< "n8y-hM-aJA.title" = "Button";
---
> /* Class = "NSButtonCell"; title = "버튼"; ObjectID = "n8y-hM-aJA"; */
> "n8y-hM-aJA.title" = "버튼";
32,33c32,33
< /* Class = "NSButtonCell"; title = "History"; ObjectID = "o4E-1z-ZMt"; */
< "o4E-1z-ZMt.title" = "History";
---
> /* Class = "NSButtonCell"; title = "편집 기록"; ObjectID = "o4E-1z-ZMt"; */
> "o4E-1z-ZMt.title" = "편집 기록";
