1,5c1,2
< 3c3
< < "0TF-Eb-tj7.title" = "Grayness";
< ---
< > "0TF-Eb-tj7.title" = "グレーネス";
< 6c6
---
> 5,6c5,6
> < /* Class = "NSButtonCell"; title = "Copy"; ObjectID = "1Dp-FQ-PVb"; */
8,9c5,8
< > "1Dp-FQ-PVb.title" = "コピー";
< 9c9
---
> > /* Class = "NSButtonCell"; title = "복사"; ObjectID = "1Dp-FQ-PVb"; */
> > "1Dp-FQ-PVb.title" = "복사";
> 8,9c8,9
> < /* Class = "NSMenuItem"; title = "RGB Sliders"; ObjectID = "2d1-0p-nrj"; */
12,13c11,14
< > "2d1-0p-nrj.title" = "RGBスライダー";
< 18c18
---
> > /* Class = "NSMenuItem"; title = "RGB 슬라이더"; ObjectID = "2d1-0p-nrj"; */
> > "2d1-0p-nrj.title" = "RGB 슬라이더";
> 17,18c17,18
> < /* Class = "NSMenuItem"; title = "Linear"; ObjectID = "92N-BY-b5E"; */
16,17c17,20
< > "92N-BY-b5E.title" = "線形";
< 21c21
---
> > /* Class = "NSMenuItem"; title = "선형"; ObjectID = "92N-BY-b5E"; */
> > "92N-BY-b5E.title" = "선형";
> 20,21c20,21
> < /* Class = "NSMenuItem"; title = "Hue"; ObjectID = "93b-S5-6WI"; */
20,21c23,26
< > "93b-S5-6WI.title" = "色相";
< 24c24
---
> > /* Class = "NSMenuItem"; title = "색채"; ObjectID = "93b-S5-6WI"; */
> > "93b-S5-6WI.title" = "색채";
> 23,24c23,24
> < /* Class = "NSTextFieldCell"; title = "Opacity:"; ObjectID = "Ei0-hI-9VN"; */
24,33c29,32
< > "Ei0-hI-9VN.title" = "不透明度:";
< 27c27
< < "EuE-Sf-Mqd.title" = "LAB Sliders";
< ---
< > "EuE-Sf-Mqd.title" = "LABスライダー";
< 30c30
< < "FWd-0V-7gF.title" = "Item 3";
< ---
< > "FWd-0V-7gF.title" = "アイテム3";
< 33c33
---
> > /* Class = "NSTextFieldCell"; title = "불투명도:"; ObjectID = "Ei0-hI-9VN"; */
> > "Ei0-hI-9VN.title" = "불투명도:";
> 32,33c32,33
> < /* Class = "NSMenuItem"; title = "Conical"; ObjectID = "HjM-ug-kug"; */
36,45c35,38
< > "HjM-ug-kug.title" = "円錐形";
< 36c36
< < "JcQ-dD-OkO.title" = "Item 2";
< ---
< > "JcQ-dD-OkO.title" = "アイテム2";
< 39c39
< < "MEQ-M2-l7C.title" = "Stop:";
< ---
< > "MEQ-M2-l7C.title" = "終点:";
< 42c42
---
> > /* Class = "NSMenuItem"; title = "원뿔형"; ObjectID = "HjM-ug-kug"; */
> > "HjM-ug-kug.title" = "원뿔형";
> 41,42c41,42
> < /* Class = "NSTextFieldCell"; title = "Noise"; ObjectID = "N2C-N9-tRf"; */
48,50c41,44
< > "N2C-N9-tRf.title" = "ノイズ";
< 45c45
< < "Nif-6l-2XP.label" = "Color";
---
> > /* Class = "NSTextFieldCell"; title = "잡음"; ObjectID = "N2C-N9-tRf"; */
> > "N2C-N9-tRf.title" = "잡음";
> 44c44
> < /* Class = "NSTabViewItem"; label = "Colour"; ObjectID = "Nif-6l-2XP"; */
52,53c46,48
< > "Nif-6l-2XP.label" = "カラー";
< 48c48
---
> > /* Class = "NSTabViewItem"; label = "색상"; ObjectID = "Nif-6l-2XP"; */
> 47,48c47,48
> < /* Class = "NSTextFieldCell"; title = "Type:"; ObjectID = "PiU-7o-NrL"; */
56,57c51,54
< > "PiU-7o-NrL.title" = "タイプ:";
< 51c51
---
> > /* Class = "NSTextFieldCell"; title = "종류:"; ObjectID = "PiU-7o-NrL"; */
> > "PiU-7o-NrL.title" = "종류:";
> 50,51c50,51
> < /* Class = "NSButtonCell"; title = "Delete"; ObjectID = "QRf-mf-Poi"; */
60,65c57,60
< > "QRf-mf-Poi.title" = "削除";
< 54c54
< < "Sr8-4R-2AB.title" = "Mid Point:";
< ---
< > "Sr8-4R-2AB.title" = "中間点:";
< 57c57
---
> > /* Class = "NSButtonCell"; title = "지우기"; ObjectID = "QRf-mf-Poi"; */
> > "QRf-mf-Poi.title" = "지우기";
> 56,57c56,57
> < /* Class = "NSTextFieldCell"; title = "Position:"; ObjectID = "TgV-8U-ijN"; */
68,69c63,66
< > "TgV-8U-ijN.title" = "位置:";
< 60c60
---
> > /* Class = "NSTextFieldCell"; title = "위치:"; ObjectID = "TgV-8U-ijN"; */
> > "TgV-8U-ijN.title" = "위치:";
> 59,60c59,60
> < /* Class = "NSMenuItem"; title = "Tint"; ObjectID = "WW9-xY-wcu"; */
72,77c69,72
< > "WW9-xY-wcu.title" = "色合い";
< 63c63
< < "YPp-xV-cMx.title" = "Item 1";
< ---
< > "YPp-xV-cMx.title" = "アイテム1";
< 69c69
---
> > /* Class = "NSMenuItem"; title = "틴트"; ObjectID = "WW9-xY-wcu"; */
> > "WW9-xY-wcu.title" = "틴트";
> 68,69c68,69
> < /* Class = "NSButtonCell"; title = "Insert"; ObjectID = "apv-kE-C3S"; */
80,85c75,78
< > "apv-kE-C3S.title" = "挿入";
< 72c72
< < "bpl-5h-tnI.title" = "CMYK Sliders";
< ---
< > "bpl-5h-tnI.title" = "CMYKスライダー";
< 75c75
---
> > /* Class = "NSButtonCell"; title = "삽입"; ObjectID = "apv-kE-C3S"; */
> > "apv-kE-C3S.title" = "삽입";
> 74,75c74,75
> < /* Class = "NSTextFieldCell"; title = "Recent:"; ObjectID = "dt1-oS-lmF"; */
88,90c81,84
< > "dt1-oS-lmF.title" = "最近使用したもの:";
< 78c78
< < "feO-0E-rg0.title" = "Color:";
---
> > /* Class = "NSTextFieldCell"; title = "최근 사용 항목:"; ObjectID = "dt1-oS-lmF"; */
> > "dt1-oS-lmF.title" = "최근 사용 항목:";
> 77c77
> < /* Class = "NSTextFieldCell"; title = "Colour:"; ObjectID = "feO-0E-rg0"; */
92,93c86,88
< > "feO-0E-rg0.title" = "カラー:";
< 81c81
---
> > /* Class = "NSTextFieldCell"; title = "색상:"; ObjectID = "feO-0E-rg0"; */
> 80,81c80,81
> < /* Class = "NSMenuItem"; title = "RGB Hex Sliders"; ObjectID = "fwQ-ke-o0F"; */
96,97c91,94
< > "fwQ-ke-o0F.title" = "RGB 16進数スライダー";
< 84c84
---
> > /* Class = "NSMenuItem"; title = "RGB Hex 슬라이더"; ObjectID = "fwQ-ke-o0F"; */
> > "fwQ-ke-o0F.title" = "RGB Hex 슬라이더";
> 83,84c83,84
> < /* Class = "NSTabViewItem"; label = "Swatches"; ObjectID = "g62-Qw-ckK"; */
100,101c97,100
< > "g62-Qw-ckK.label" = "スウォッチ";
< 87c87
---
> > /* Class = "NSTabViewItem"; label = "견본"; ObjectID = "g62-Qw-ckK"; */
> > "g62-Qw-ckK.label" = "견본";
> 86,87c86,87
> < /* Class = "NSMenuItem"; title = "Lightness"; ObjectID = "gzc-Ry-ZM4"; */
104,105c103,106
< > "gzc-Ry-ZM4.title" = "明るさ";
< 90c90
---
> > /* Class = "NSMenuItem"; title = "밝기"; ObjectID = "gzc-Ry-ZM4"; */
> > "gzc-Ry-ZM4.title" = "밝기";
> 89,90c89,90
> < /* Class = "NSMenuItem"; title = "Elliptical"; ObjectID = "ihr-0u-OdQ"; */
108,109c109,112
< > "ihr-0u-OdQ.title" = "楕円形";
< 93c93
---
> > /* Class = "NSMenuItem"; title = "타원형"; ObjectID = "ihr-0u-OdQ"; */
> > "ihr-0u-OdQ.title" = "타원형";
> 92,93c92,93
> < /* Class = "NSTabViewItem"; label = "Gradient"; ObjectID = "ilf-ic-9Hw"; */
112,117c115,118
< > "ilf-ic-9Hw.label" = "グラデーション";
< 96c96
< < "oSf-Ah-CFQ.title" = "HSL Color Wheel";
< ---
< > "oSf-Ah-CFQ.title" = "HSLカラーホイール";
< 99c99
---
> > /* Class = "NSTabViewItem"; label = "그레이디언트"; ObjectID = "ilf-ic-9Hw"; */
> > "ilf-ic-9Hw.label" = "그레이디언트";
> 98,99c98,99
> < /* Class = "NSMenuItem"; title = "Saturation"; ObjectID = "p1G-N2-VfH"; */
120,121c121,124
< > "p1G-N2-VfH.title" = "彩度";
< 102c102
---
> > /* Class = "NSMenuItem"; title = "채도"; ObjectID = "p1G-N2-VfH"; */
> > "p1G-N2-VfH.title" = "채도";
> 101,102c101,102
> < /* Class = "NSMenuItem"; title = "Radial"; ObjectID = "pXi-pp-w9p"; */
124,129c127,130
< > "pXi-pp-w9p.title" = "放射状";
< 105c105
< < "pgK-SO-dAo.title" = "Gradient:";
< ---
< > "pgK-SO-dAo.title" = "グラデーション:";
< 108c108
---
> > /* Class = "NSMenuItem"; title = "방사형"; ObjectID = "pXi-pp-w9p"; */
> > "pXi-pp-w9p.title" = "방사형";
> 107,108c107,108
> < /* Class = "NSMenuItem"; title = "HSL Sliders"; ObjectID = "r3h-Dn-SoG"; */
132,140c133,134
< > "r3h-Dn-SoG.title" = "HSLスライダー";
< 111c111
< < "vvp-Ii-a5v.title" = "Grad";
< ---
< > "vvp-Ii-a5v.title" = "グラデーション";
< 114c114
< < "yuH-NK-FxO.title" = "Reverse";
< ---
< > "yuH-NK-FxO.title" = "反転";
---
> > /* Class = "NSMenuItem"; title = "HSL 슬라이더"; ObjectID = "r3h-Dn-SoG"; */
> > "r3h-Dn-SoG.title" = "HSL 슬라이더";
