2,13c2,8
< 12c12
< 15c15
< 18c18
< 24c24
< 27c27
< 30c30
< 33c33
< 36c36
< 39c39
< 3c3
< 6c6
< 9c9
---
> 11,12c11,12
> 2,3c2,3
> 23,24c23,24
> 29,30c29,30
> 32,33c32,33
> 5,6c5,6
> 8,9c8,9
18,19d12
< < "K17-BT-11I.title" = "Custom color";
< < "dwx-M4-IK1.title" = "Primary Color";
21d13
< < "n3U-rU-fgF.title" = "Inpainting";
24,37c16,36
< < "rHH-lk-AEo.title" = "Secondary Color";
< < "waB-r3-9JW.title" = "Radio";
< > "0eJ-Ts-WuE.title" = "不透明度:";
< > "1.title" = "塗りつぶし";
< > "255.title" = "キャンセル";
< > "26.title" = "適用";
< > "K17-BT-11I.title" = "カスタムカラー";
< > "dwx-M4-IK1.title" = "メインカラー";
< > "gwu-od-Wph.title" = "描画モード:";
< > "n3U-rU-fgF.title" = "インペインティング";
< > "n8y-hM-aJA.title" = "ボタン";
< > "o4E-1z-ZMt.title" = "履歴";
< > "rHH-lk-AEo.title" = "サブカラー";
< > "waB-r3-9JW.title" = "ラジオ";
---
> > "0eJ-Ts-WuE.title" = "불투명도:";
> > "1.title" = "칠";
> > "255.title" = "취소";
> > "26.title" = "적용";
> > "gwu-od-Wph.title" = "혼합 모드:";
> > "n8y-hM-aJA.title" = "버튼";
> > "o4E-1z-ZMt.title" = "편집 기록";
