3c3
< "0TF-Eb-tj7.title" = "Grayness";
---
> "0TF-Eb-tj7.title" = "グレーネス";
6c6
< "1Dp-FQ-PVb.title" = "Copy";
---
> "1Dp-FQ-PVb.title" = "コピー";
9c9
< "2d1-0p-nrj.title" = "RGB Sliders";
---
> "2d1-0p-nrj.title" = "RGBスライダー";
18c18
< "92N-BY-b5E.title" = "Linear";
---
> "92N-BY-b5E.title" = "線形";
21c21
< "93b-S5-6WI.title" = "Hue";
---
> "93b-S5-6WI.title" = "色相";
24c24
< "Ei0-hI-9VN.title" = "Opacity:";
---
> "Ei0-hI-9VN.title" = "不透明度:";
27c27
< "EuE-Sf-Mqd.title" = "LAB Sliders";
---
> "EuE-Sf-Mqd.title" = "LABスライダー";
30c30
< "FWd-0V-7gF.title" = "Item 3";
---
> "FWd-0V-7gF.title" = "アイテム3";
33c33
< "HjM-ug-kug.title" = "Conical";
---
> "HjM-ug-kug.title" = "円錐形";
36c36
< "JcQ-dD-OkO.title" = "Item 2";
---
> "JcQ-dD-OkO.title" = "アイテム2";
39c39
< "MEQ-M2-l7C.title" = "Stop:";
---
> "MEQ-M2-l7C.title" = "終点:";
42c42
< "N2C-N9-tRf.title" = "Noise";
---
> "N2C-N9-tRf.title" = "ノイズ";
45c45
< "Nif-6l-2XP.label" = "Color";
---
> "Nif-6l-2XP.label" = "カラー";
48c48
< "PiU-7o-NrL.title" = "Type:";
---
> "PiU-7o-NrL.title" = "タイプ:";
51c51
< "QRf-mf-Poi.title" = "Delete";
---
> "QRf-mf-Poi.title" = "削除";
54c54
< "Sr8-4R-2AB.title" = "Mid Point:";
---
> "Sr8-4R-2AB.title" = "中間点:";
57c57
< "TgV-8U-ijN.title" = "Position:";
---
> "TgV-8U-ijN.title" = "位置:";
60c60
< "WW9-xY-wcu.title" = "Tint";
---
> "WW9-xY-wcu.title" = "色合い";
63c63
< "YPp-xV-cMx.title" = "Item 1";
---
> "YPp-xV-cMx.title" = "アイテム1";
69c69
< "apv-kE-C3S.title" = "Insert";
---
> "apv-kE-C3S.title" = "挿入";
72c72
< "bpl-5h-tnI.title" = "CMYK Sliders";
---
> "bpl-5h-tnI.title" = "CMYKスライダー";
75c75
< "dt1-oS-lmF.title" = "Recent:";
---
> "dt1-oS-lmF.title" = "最近使用したもの:";
78c78
< "feO-0E-rg0.title" = "Color:";
---
> "feO-0E-rg0.title" = "カラー:";
81c81
< "fwQ-ke-o0F.title" = "RGB Hex Sliders";
---
> "fwQ-ke-o0F.title" = "RGB 16進数スライダー";
84c84
< "g62-Qw-ckK.label" = "Swatches";
---
> "g62-Qw-ckK.label" = "スウォッチ";
87c87
< "gzc-Ry-ZM4.title" = "Lightness";
---
> "gzc-Ry-ZM4.title" = "明るさ";
90c90
< "ihr-0u-OdQ.title" = "Elliptical";
---
> "ihr-0u-OdQ.title" = "楕円形";
93c93
< "ilf-ic-9Hw.label" = "Gradient";
---
> "ilf-ic-9Hw.label" = "グラデーション";
96c96
< "oSf-Ah-CFQ.title" = "HSL Color Wheel";
---
> "oSf-Ah-CFQ.title" = "HSLカラーホイール";
99c99
< "p1G-N2-VfH.title" = "Saturation";
---
> "p1G-N2-VfH.title" = "彩度";
102c102
< "pXi-pp-w9p.title" = "Radial";
---
> "pXi-pp-w9p.title" = "放射状";
105c105
< "pgK-SO-dAo.title" = "Gradient:";
---
> "pgK-SO-dAo.title" = "グラデーション:";
108c108
< "r3h-Dn-SoG.title" = "HSL Sliders";
---
> "r3h-Dn-SoG.title" = "HSLスライダー";
111c111
< "vvp-Ii-a5v.title" = "Grad";
---
> "vvp-Ii-a5v.title" = "グラデーション";
114c114
< "yuH-NK-FxO.title" = "Reverse";
---
> "yuH-NK-FxO.title" = "反転";
