2,16c2,8
< 102c102
< 105c105
< 108c108
< 111c111
< 114c114
< 18c18
< 21c21
< 24c24
< 27c27
< 30c30
< 33c33
< 36c36
< 39c39
< 3c3
< 42c42
---
> 101,102c101,102
> 107,108c107,108
> 17,18c17,18
> 20,21c20,21
> 23,24c23,24
> 32,33c32,33
> 41,42c41,42
18,27c10,16
< 48c48
< 51c51
< 54c54
< 57c57
< 60c60
< 63c63
< 69c69
< 6c6
< 72c72
< 75c75
---
> 47,48c47,48
> 5,6c5,6
> 50,51c50,51
> 56,57c56,57
> 59,60c59,60
> 68,69c68,69
> 74,75c74,75
29,37c18,24
< 81c81
< 84c84
< 87c87
< 90c90
< 93c93
< 96c96
< 99c99
< 9c9
< < "0TF-Eb-tj7.title" = "Grayness";
---
> 8,9c8,9
> 80,81c80,81
> 83,84c83,84
> 86,87c86,87
> 89,90c89,90
> 92,93c92,93
> 98,99c98,99
43,44d29
< < "EuE-Sf-Mqd.title" = "LAB Sliders";
< < "FWd-0V-7gF.title" = "Item 3";
46,47d30
< < "JcQ-dD-OkO.title" = "Item 2";
< < "MEQ-M2-l7C.title" = "Stop:";
52d34
< < "Sr8-4R-2AB.title" = "Mid Point:";
55d36
< < "YPp-xV-cMx.title" = "Item 1";
57d37
< < "bpl-5h-tnI.title" = "CMYK Sliders";
65d44
< < "oSf-Ah-CFQ.title" = "HSL Color Wheel";
68d46
< < "pgK-SO-dAo.title" = "Gradient:";
70,106c48,112
< < "vvp-Ii-a5v.title" = "Grad";
< < "yuH-NK-FxO.title" = "Reverse";
< > "0TF-Eb-tj7.title" = "グレーネス";
< > "1Dp-FQ-PVb.title" = "コピー";
< > "2d1-0p-nrj.title" = "RGBスライダー";
< > "92N-BY-b5E.title" = "線形";
< > "93b-S5-6WI.title" = "色相";
< > "Ei0-hI-9VN.title" = "不透明度:";
< > "EuE-Sf-Mqd.title" = "LABスライダー";
< > "FWd-0V-7gF.title" = "アイテム3";
< > "HjM-ug-kug.title" = "円錐形";
< > "JcQ-dD-OkO.title" = "アイテム2";
< > "MEQ-M2-l7C.title" = "終点:";
< > "N2C-N9-tRf.title" = "ノイズ";
< > "Nif-6l-2XP.label" = "カラー";
< > "PiU-7o-NrL.title" = "タイプ:";
< > "QRf-mf-Poi.title" = "削除";
< > "Sr8-4R-2AB.title" = "中間点:";
< > "TgV-8U-ijN.title" = "位置:";
< > "WW9-xY-wcu.title" = "色合い";
< > "YPp-xV-cMx.title" = "アイテム1";
< > "apv-kE-C3S.title" = "挿入";
< > "bpl-5h-tnI.title" = "CMYKスライダー";
< > "dt1-oS-lmF.title" = "最近使用したもの:";
< > "feO-0E-rg0.title" = "カラー:";
< > "fwQ-ke-o0F.title" = "RGB 16進数スライダー";
< > "g62-Qw-ckK.label" = "スウォッチ";
< > "gzc-Ry-ZM4.title" = "明るさ";
< > "ihr-0u-OdQ.title" = "楕円形";
< > "ilf-ic-9Hw.label" = "グラデーション";
< > "oSf-Ah-CFQ.title" = "HSLカラーホイール";
< > "p1G-N2-VfH.title" = "彩度";
< > "pXi-pp-w9p.title" = "放射状";
< > "pgK-SO-dAo.title" = "グラデーション:";
< > "r3h-Dn-SoG.title" = "HSLスライダー";
< > "vvp-Ii-a5v.title" = "グラデーション";
< > "yuH-NK-FxO.title" = "反転";
---
> > "1Dp-FQ-PVb.title" = "복사";
> > "2d1-0p-nrj.title" = "RGB 슬라이더";
> > "92N-BY-b5E.title" = "선형";
> > "93b-S5-6WI.title" = "색채";
> > "Ei0-hI-9VN.title" = "불투명도:";
> > "HjM-ug-kug.title" = "원뿔형";
> > "N2C-N9-tRf.title" = "잡음";
> > "Nif-6l-2XP.label" = "색상";
> > "PiU-7o-NrL.title" = "종류:";
> > "QRf-mf-Poi.title" = "지우기";
> > "TgV-8U-ijN.title" = "위치:";
> > "WW9-xY-wcu.title" = "틴트";
> > "apv-kE-C3S.title" = "삽입";
> > "dt1-oS-lmF.title" = "최근 사용 항목:";
> > "feO-0E-rg0.title" = "색상:";
> > "fwQ-ke-o0F.title" = "RGB Hex 슬라이더";
> > "g62-Qw-ckK.label" = "견본";
> > "gzc-Ry-ZM4.title" = "밝기";
> > "ihr-0u-OdQ.title" = "타원형";
> > "ilf-ic-9Hw.label" = "그레이디언트";
> > "p1G-N2-VfH.title" = "채도";
> > "pXi-pp-w9p.title" = "방사형";
> > "r3h-Dn-SoG.title" = "HSL 슬라이더";
