1c1,2
< 3c3
---
> 2,3c2,3
> < /* Class = "NSWindow"; title = "Fill"; ObjectID = "1"; */
4,5c5,8
< > "1.title" = "塗りつぶし";
< 6c6
---
> > /* Class = "NSWindow"; title = "칠"; ObjectID = "1"; */
> > "1.title" = "칠";
> 5,6c5,6
> < /* Class = "NSButtonCell"; title = "Apply"; ObjectID = "26"; */
8,9c11,14
< > "26.title" = "適用";
< 9c9
---
> > /* Class = "NSButtonCell"; title = "적용"; ObjectID = "26"; */
> > "26.title" = "적용";
> 8,9c8,9
> < /* Class = "NSButtonCell"; title = "Cancel"; ObjectID = "255"; */
12,13c17,20
< > "255.title" = "キャンセル";
< 12c12
---
> > /* Class = "NSButtonCell"; title = "취소"; ObjectID = "255"; */
> > "255.title" = "취소";
> 11,12c11,12
> < /* Class = "NSTextFieldCell"; title = "Opacity:"; ObjectID = "0eJ-Ts-WuE"; */
16,25c23,26
< > "0eJ-Ts-WuE.title" = "不透明度:";
< 15c15
< < "K17-BT-11I.title" = "Custom color";
< ---
< > "K17-BT-11I.title" = "カスタムカラー";
< 18c18
< < "dwx-M4-IK1.title" = "Primary Color";
< ---
< > "dwx-M4-IK1.title" = "メインカラー";
< 24c24
---
> > /* Class = "NSTextFieldCell"; title = "불투명도:"; ObjectID = "0eJ-Ts-WuE"; */
> > "0eJ-Ts-WuE.title" = "불투명도:";
> 23,24c23,24
> < /* Class = "NSTextFieldCell"; title = "Blend Mode:"; ObjectID = "gwu-od-Wph"; */
28,33c29,32
< > "gwu-od-Wph.title" = "描画モード:";
< 27c27
< < "n3U-rU-fgF.title" = "Inpainting";
< ---
< > "n3U-rU-fgF.title" = "インペインティング";
< 30c30
---
> > /* Class = "NSTextFieldCell"; title = "혼합 모드:"; ObjectID = "gwu-od-Wph"; */
> > "gwu-od-Wph.title" = "혼합 모드:";
> 29,30c29,30
> < /* Class = "NSButtonCell"; title = "Button"; ObjectID = "n8y-hM-aJA"; */
36,37c35,38
< > "n8y-hM-aJA.title" = "ボタン";
< 33c33
---
> > /* Class = "NSButtonCell"; title = "버튼"; ObjectID = "n8y-hM-aJA"; */
> > "n8y-hM-aJA.title" = "버튼";
> 32,33c32,33
> < /* Class = "NSButtonCell"; title = "History"; ObjectID = "o4E-1z-ZMt"; */
40,48c41,42
< > "o4E-1z-ZMt.title" = "履歴";
< 36c36
< < "rHH-lk-AEo.title" = "Secondary Color";
< ---
< > "rHH-lk-AEo.title" = "サブカラー";
< 39c39
< < "waB-r3-9JW.title" = "Radio";
< ---
< > "waB-r3-9JW.title" = "ラジオ";
---
> > /* Class = "NSButtonCell"; title = "편집 기록"; ObjectID = "o4E-1z-ZMt"; */
> > "o4E-1z-ZMt.title" = "편집 기록";
