---
102c102
105c105
108c108
111c111
114c114
117c117
120c120
123c123
126c126
129c129
12c12
132c132
15c15
18c18
21c21
24c24
27c27
30c30
33c33
36c36
39c39
3c3
42c42
45c45
48c48
51c51
54c54
57c57
60c60
63c63
69c69
6c6
72c72
75c75
78c78
81c81
84c84
87c87
90c90
93c93
96c96
99c99
9c9
< "16u-ju-vpx.title" = "Table View Cell";
< "190-I9-Jjl.title" = "Regular Expression Options";
< "1MW-WI-78P.title" = "Character Style";
< "2Ds-jm-rFv.title" = "Format";
< "3EC-uT-gRu.title" = "Format";
< "6Ei-t2-QjV.title" = "Text Cell";
< "6vd-WJ-Xg0.title" = "Item";
< "7Z7-46-PpV.title" = "Regular Expression";
< "7v6-pU-pPM.ibShadowedToolTip" = "Formatting";
< "8q4-tT-Vy1.title" = "%d results";
< "9kl-Ah-4P0.title" = "Scope";
< "BZZ-pL-zdI.title" = "Selection";
< "CfL-8d-gZp.title" = "Page";
< "CqY-ld-jG8.title" = "Dot matches Paragraph Break";
< "Dhw-hj-QTP.title" = "Replace";
< "Dkb-Zu-T2c.title" = "Spread";
< "FMk-Ev-nj2.title" = "Replace with";
< "L84-0U-fVj.title" = "Paragraph Style";
< "LJs-YQ-WL2.title" = "Item";
< "N1N-nb-JuN.title" = "Match Case";
< "NKF-E3-HvB.title" = "Normal";
< "QXi-I6-hMg.title" = "Paragraph Style";
< "Qy4-Yd-far.title" = "Match Whole Word Only";
< "TE0-SS-Vjw.title" = "Find";
< "UEL-ci-yh5.title" = "Character Style";
< "UnU-RD-ExL.title" = "Paragraph Style";
< "Vyb-UG-7Bj.title" = "Reset Format";
< "aGJ-PI-49W.title" = "Character Style";
< "aMx-Ht-gOK.title" = "ReplaceOptionsMenu";
< "bPc-k3-bwz.title" = "Replace All";
< "dQc-V9-soe.title" = "Paragraph Style";
< "dhi-UV-let.title" = "Find";
< "eCB-a9-pvQ.title" = "Reset Format";
< "ilz-Jj-15N.title" = "Character Style";
< "kOl-QG-rzW.ibShadowedToolTip" = "Formatting";
< "lPU-vR-qQQ.title" = "Document";
< "pwl-ab-EuU.title" = "Regular Expression Options";
< "s8V-EU-umx.title" = "Item";
< "uFn-PJ-E8O.title" = "Single Line Mode";
< "uwZ-xm-01x.title" = "Story";
< "vaY-1k-BBc.title" = "Locale Aware Regular Expression";
< "vvd-Mc-aDm.title" = "Section";
< "yw4-4s-bDS.title" = "Item";
> "16u-ju-vpx.title" = "表ビューセル";
> "190-I9-Jjl.title" = "正規表現オプション";
> "1MW-WI-78P.title" = "文字スタイル";
> "2Ds-jm-rFv.title" = "フォーマット";
> "3EC-uT-gRu.title" = "フォーマット";
> "6Ei-t2-QjV.title" = "テキストセル";
> "6vd-WJ-Xg0.title" = "アイテム";
> "7Z7-46-PpV.title" = "正規表現";
> "7v6-pU-pPM.ibShadowedToolTip" = "フォーマット";
> "8q4-tT-Vy1.title" = "%dの結果";
> "9kl-Ah-4P0.title" = "スコープ";
> "BZZ-pL-zdI.title" = "選択範囲";
> "CfL-8d-gZp.title" = "ページ";
> "CqY-ld-jG8.title" = "段落の区切りとドットが一致";
> "Dhw-hj-QTP.title" = "置換";
> "Dkb-Zu-T2c.title" = "スプレッド";
> "FMk-Ev-nj2.title" = "次で置換";
> "L84-0U-fVj.title" = "段落スタイル";
> "LJs-YQ-WL2.title" = "アイテム";
> "N1N-nb-JuN.title" = "大文字と小文字を区別してマッチング";
> "NKF-E3-HvB.title" = "標準";
> "QXi-I6-hMg.title" = "段落スタイル";
> "Qy4-Yd-far.title" = "単語全体のみをマッチング";
> "TE0-SS-Vjw.title" = "検索";
> "UEL-ci-yh5.title" = "文字スタイル";
> "UnU-RD-ExL.title" = "段落スタイル";
> "Vyb-UG-7Bj.title" = "フォーマットをリセット";
> "aGJ-PI-49W.title" = "文字スタイル";
> "aMx-Ht-gOK.title" = "置換オプションメニュー";
> "bPc-k3-bwz.title" = "すべて置換";
> "dQc-V9-soe.title" = "段落スタイル";
> "dhi-UV-let.title" = "検索";
> "eCB-a9-pvQ.title" = "フォーマットをリセット";
> "ilz-Jj-15N.title" = "文字スタイル";
> "kOl-QG-rzW.ibShadowedToolTip" = "フォーマット";
> "lPU-vR-qQQ.title" = "ドキュメント";
> "pwl-ab-EuU.title" = "正規表現オプション";
> "s8V-EU-umx.title" = "アイテム";
> "uFn-PJ-E8O.title" = "一重線モード";
> "uwZ-xm-01x.title" = "ストーリー";
> "vaY-1k-BBc.title" = "ロケール対応正規表現";
> "vvd-Mc-aDm.title" = "セクション";
> "yw4-4s-bDS.title" = "アイテム";
