8,9c8,9
< /* Class = "NSMenu"; title = "Character Style"; ObjectID = "1MW-WI-78P"; */
< "1MW-WI-78P.title" = "Character Style";
---
> /* Class = "NSMenu"; title = "문자 스타일"; ObjectID = "1MW-WI-78P"; */
> "1MW-WI-78P.title" = "문자 스타일";
17,18c17,18
< /* Class = "NSTextFieldCell"; title = "Text Cell"; ObjectID = "6Ei-t2-QjV"; */
< "6Ei-t2-QjV.title" = "Text Cell";
---
> /* Class = "NSTextFieldCell"; title = "텍스트 셀"; ObjectID = "6Ei-t2-QjV"; */
> "6Ei-t2-QjV.title" = "텍스트 셀";
20,21c20,21
< /* Class = "NSMenuItem"; title = "Item"; ObjectID = "6vd-WJ-Xg0"; */
< "6vd-WJ-Xg0.title" = "Item";
---
> /* Class = "NSMenuItem"; title = "항목"; ObjectID = "6vd-WJ-Xg0"; */
> "6vd-WJ-Xg0.title" = "항목";
35,36c35,36
< /* Class = "NSMenuItem"; title = "Selection"; ObjectID = "BZZ-pL-zdI"; */
< "BZZ-pL-zdI.title" = "Selection";
---
> /* Class = "NSMenuItem"; title = "선택 항목"; ObjectID = "BZZ-pL-zdI"; */
> "BZZ-pL-zdI.title" = "선택 항목";
38,39c38,39
< /* Class = "NSMenuItem"; title = "Page"; ObjectID = "CfL-8d-gZp"; */
< "CfL-8d-gZp.title" = "Page";
---
> /* Class = "NSMenuItem"; title = "페이지"; ObjectID = "CfL-8d-gZp"; */
> "CfL-8d-gZp.title" = "페이지";
56,57c56,57
< /* Class = "NSMenuItem"; title = "Item"; ObjectID = "LJs-YQ-WL2"; */
< "LJs-YQ-WL2.title" = "Item";
---
> /* Class = "NSMenuItem"; title = "항목"; ObjectID = "LJs-YQ-WL2"; */
> "LJs-YQ-WL2.title" = "항목";
62,63c62,63
< /* Class = "NSMenuItem"; title = "Normal"; ObjectID = "NKF-E3-HvB"; */
< "NKF-E3-HvB.title" = "Normal";
---
> /* Class = "NSMenuItem"; title = "정규"; ObjectID = "NKF-E3-HvB"; */
> "NKF-E3-HvB.title" = "정규";
77,78c77,78
< /* Class = "NSMenuItem"; title = "Character Style"; ObjectID = "UEL-ci-yh5"; */
< "UEL-ci-yh5.title" = "Character Style";
---
> /* Class = "NSMenuItem"; title = "문자 스타일"; ObjectID = "UEL-ci-yh5"; */
> "UEL-ci-yh5.title" = "문자 스타일";
86,87c86,87
< /* Class = "NSMenuItem"; title = "Character Style"; ObjectID = "aGJ-PI-49W"; */
< "aGJ-PI-49W.title" = "Character Style";
---
> /* Class = "NSMenuItem"; title = "문자 스타일"; ObjectID = "aGJ-PI-49W"; */
> "aGJ-PI-49W.title" = "문자 스타일";
104,105c104,105
< /* Class = "NSMenu"; title = "Character Style"; ObjectID = "ilz-Jj-15N"; */
< "ilz-Jj-15N.title" = "Character Style";
---
> /* Class = "NSMenu"; title = "문자 스타일"; ObjectID = "ilz-Jj-15N"; */
> "ilz-Jj-15N.title" = "문자 스타일";
110,111c110,111
< /* Class = "NSMenuItem"; title = "Document"; ObjectID = "lPU-vR-qQQ"; */
< "lPU-vR-qQQ.title" = "Document";
---
> /* Class = "NSMenuItem"; title = "문서"; ObjectID = "lPU-vR-qQQ"; */
> "lPU-vR-qQQ.title" = "문서";
116,117c116,117
< /* Class = "NSMenuItem"; title = "Item"; ObjectID = "s8V-EU-umx"; */
< "s8V-EU-umx.title" = "Item";
---
> /* Class = "NSMenuItem"; title = "항목"; ObjectID = "s8V-EU-umx"; */
> "s8V-EU-umx.title" = "항목";
131,132c131,132
< /* Class = "NSMenuItem"; title = "Item"; ObjectID = "yw4-4s-bDS"; */
< "yw4-4s-bDS.title" = "Item";
---
> /* Class = "NSMenuItem"; title = "항목"; ObjectID = "yw4-4s-bDS"; */
> "yw4-4s-bDS.title" = "항목";
