1,9c1,2
< 3c3
< < "16u-ju-vpx.title" = "Table View Cell";
< ---
< > "16u-ju-vpx.title" = "表ビューセル";
< 6c6
< < "190-I9-Jjl.title" = "Regular Expression Options";
< ---
< > "190-I9-Jjl.title" = "正規表現オプション";
< 9c9
---
> 8,9c8,9
> < /* Class = "NSMenu"; title = "Character Style"; ObjectID = "1MW-WI-78P"; */
12,21c5,8
< > "1MW-WI-78P.title" = "文字スタイル";
< 12c12
< < "2Ds-jm-rFv.title" = "Format";
< ---
< > "2Ds-jm-rFv.title" = "フォーマット";
< 15c15
< < "3EC-uT-gRu.title" = "Format";
< ---
< > "3EC-uT-gRu.title" = "フォーマット";
< 18c18
---
> > /* Class = "NSMenu"; title = "문자 스타일"; ObjectID = "1MW-WI-78P"; */
> > "1MW-WI-78P.title" = "문자 스타일";
> 17,18c17,18
> < /* Class = "NSTextFieldCell"; title = "Text Cell"; ObjectID = "6Ei-t2-QjV"; */
24,25c11,14
< > "6Ei-t2-QjV.title" = "テキストセル";
< 21c21
---
> > /* Class = "NSTextFieldCell"; title = "텍스트 셀"; ObjectID = "6Ei-t2-QjV"; */
> > "6Ei-t2-QjV.title" = "텍스트 셀";
> 20,21c20,21
> < /* Class = "NSMenuItem"; title = "Item"; ObjectID = "6vd-WJ-Xg0"; */
28,45c17,20
< > "6vd-WJ-Xg0.title" = "アイテム";
< 24c24
< < "7Z7-46-PpV.title" = "Regular Expression";
< ---
< > "7Z7-46-PpV.title" = "正規表現";
< 27c27
< < "7v6-pU-pPM.ibShadowedToolTip" = "Formatting";
< ---
< > "7v6-pU-pPM.ibShadowedToolTip" = "フォーマット";
< 30c30
< < "8q4-tT-Vy1.title" = "%d results";
< ---
< > "8q4-tT-Vy1.title" = "%dの結果";
< 33c33
< < "9kl-Ah-4P0.title" = "Scope";
< ---
< > "9kl-Ah-4P0.title" = "スコープ";
< 36c36
---
> > /* Class = "NSMenuItem"; title = "항목"; ObjectID = "6vd-WJ-Xg0"; */
> > "6vd-WJ-Xg0.title" = "항목";
> 35,36c35,36
> < /* Class = "NSMenuItem"; title = "Selection"; ObjectID = "BZZ-pL-zdI"; */
48,49c23,26
< > "BZZ-pL-zdI.title" = "選択範囲";
< 39c39
---
> > /* Class = "NSMenuItem"; title = "선택 항목"; ObjectID = "BZZ-pL-zdI"; */
> > "BZZ-pL-zdI.title" = "선택 항목";
> 38,39c38,39
> < /* Class = "NSMenuItem"; title = "Page"; ObjectID = "CfL-8d-gZp"; */
52,73c29,32
< > "CfL-8d-gZp.title" = "ページ";
< 42c42
< < "CqY-ld-jG8.title" = "Dot matches Paragraph Break";
< ---
< > "CqY-ld-jG8.title" = "段落の区切りとドットが一致";
< 45c45
< < "Dhw-hj-QTP.title" = "Replace";
< ---
< > "Dhw-hj-QTP.title" = "置換";
< 48c48
< < "Dkb-Zu-T2c.title" = "Spread";
< ---
< > "Dkb-Zu-T2c.title" = "スプレッド";
< 51c51
< < "FMk-Ev-nj2.title" = "Replace with";
< ---
< > "FMk-Ev-nj2.title" = "次で置換";
< 54c54
< < "L84-0U-fVj.title" = "Paragraph Style";
< ---
< > "L84-0U-fVj.title" = "段落スタイル";
< 57c57
---
> > /* Class = "NSMenuItem"; title = "페이지"; ObjectID = "CfL-8d-gZp"; */
> > "CfL-8d-gZp.title" = "페이지";
> 56,57c56,57
> < /* Class = "NSMenuItem"; title = "Item"; ObjectID = "LJs-YQ-WL2"; */
76,81c35,38
< > "LJs-YQ-WL2.title" = "アイテム";
< 60c60
< < "N1N-nb-JuN.title" = "Match Case";
< ---
< > "N1N-nb-JuN.title" = "大文字と小文字を区別してマッチング";
< 63c63
---
> > /* Class = "NSMenuItem"; title = "항목"; ObjectID = "LJs-YQ-WL2"; */
> > "LJs-YQ-WL2.title" = "항목";
> 62,63c62,63
> < /* Class = "NSMenuItem"; title = "Normal"; ObjectID = "NKF-E3-HvB"; */
84,97c41,44
< > "NKF-E3-HvB.title" = "標準";
< 69c69
< < "QXi-I6-hMg.title" = "Paragraph Style";
< ---
< > "QXi-I6-hMg.title" = "段落スタイル";
< 72c72
< < "Qy4-Yd-far.title" = "Match Whole Word Only";
< ---
< > "Qy4-Yd-far.title" = "単語全体のみをマッチング";
< 75c75
< < "TE0-SS-Vjw.title" = "Find";
< ---
< > "TE0-SS-Vjw.title" = "検索";
< 78c78
---
> > /* Class = "NSMenuItem"; title = "정규"; ObjectID = "NKF-E3-HvB"; */
> > "NKF-E3-HvB.title" = "정규";
> 77,78c77,78
> < /* Class = "NSMenuItem"; title = "Character Style"; ObjectID = "UEL-ci-yh5"; */
100,109c47,50
< > "UEL-ci-yh5.title" = "文字スタイル";
< 81c81
< < "UnU-RD-ExL.title" = "Paragraph Style";
< ---
< > "UnU-RD-ExL.title" = "段落スタイル";
< 84c84
< < "Vyb-UG-7Bj.title" = "Reset Format";
< ---
< > "Vyb-UG-7Bj.title" = "フォーマットをリセット";
< 87c87
---
> > /* Class = "NSMenuItem"; title = "문자 스타일"; ObjectID = "UEL-ci-yh5"; */
> > "UEL-ci-yh5.title" = "문자 스타일";
> 86,87c86,87
> < /* Class = "NSMenuItem"; title = "Character Style"; ObjectID = "aGJ-PI-49W"; */
112,133c53,56
< > "aGJ-PI-49W.title" = "文字スタイル";
< 90c90
< < "aMx-Ht-gOK.title" = "ReplaceOptionsMenu";
< ---
< > "aMx-Ht-gOK.title" = "置換オプションメニュー";
< 93c93
< < "bPc-k3-bwz.title" = "Replace All";
< ---
< > "bPc-k3-bwz.title" = "すべて置換";
< 96c96
< < "dQc-V9-soe.title" = "Paragraph Style";
< ---
< > "dQc-V9-soe.title" = "段落スタイル";
< 99c99
< < "dhi-UV-let.title" = "Find";
< ---
< > "dhi-UV-let.title" = "検索";
< 102c102
< < "eCB-a9-pvQ.title" = "Reset Format";
< ---
< > "eCB-a9-pvQ.title" = "フォーマットをリセット";
< 105c105
---
> > /* Class = "NSMenuItem"; title = "문자 스타일"; ObjectID = "aGJ-PI-49W"; */
> > "aGJ-PI-49W.title" = "문자 스타일";
> 104,105c104,105
> < /* Class = "NSMenu"; title = "Character Style"; ObjectID = "ilz-Jj-15N"; */
136,141c59,62
< > "ilz-Jj-15N.title" = "文字スタイル";
< 108c108
< < "kOl-QG-rzW.ibShadowedToolTip" = "Formatting";
< ---
< > "kOl-QG-rzW.ibShadowedToolTip" = "フォーマット";
< 111c111
---
> > /* Class = "NSMenu"; title = "문자 스타일"; ObjectID = "ilz-Jj-15N"; */
> > "ilz-Jj-15N.title" = "문자 스타일";
> 110,111c110,111
> < /* Class = "NSMenuItem"; title = "Document"; ObjectID = "lPU-vR-qQQ"; */
144,149c65,68
< > "lPU-vR-qQQ.title" = "ドキュメント";
< 114c114
< < "pwl-ab-EuU.title" = "Regular Expression Options";
< ---
< > "pwl-ab-EuU.title" = "正規表現オプション";
< 117c117
---
> > /* Class = "NSMenuItem"; title = "문서"; ObjectID = "lPU-vR-qQQ"; */
> > "lPU-vR-qQQ.title" = "문서";
> 116,117c116,117
> < /* Class = "NSMenuItem"; title = "Item"; ObjectID = "s8V-EU-umx"; */
152,169c71,74
< > "s8V-EU-umx.title" = "アイテム";
< 120c120
< < "uFn-PJ-E8O.title" = "Single Line Mode";
< ---
< > "uFn-PJ-E8O.title" = "一重線モード";
< 123c123
< < "uwZ-xm-01x.title" = "Story";
< ---
< > "uwZ-xm-01x.title" = "ストーリー";
< 126c126
< < "vaY-1k-BBc.title" = "Locale Aware Regular Expression";
< ---
< > "vaY-1k-BBc.title" = "ロケール対応正規表現";
< 129c129
< < "vvd-Mc-aDm.title" = "Section";
< ---
< > "vvd-Mc-aDm.title" = "セクション";
< 132c132
---
> > /* Class = "NSMenuItem"; title = "항목"; ObjectID = "s8V-EU-umx"; */
> > "s8V-EU-umx.title" = "항목";
> 131,132c131,132
> < /* Class = "NSMenuItem"; title = "Item"; ObjectID = "yw4-4s-bDS"; */
172c77,78
< > "yw4-4s-bDS.title" = "アイテム";
---
> > /* Class = "NSMenuItem"; title = "항목"; ObjectID = "yw4-4s-bDS"; */
> > "yw4-4s-bDS.title" = "항목";
