3c3
< "39a-F5-r94.headerCell.title" = "Name";
---
> "39a-F5-r94.headerCell.title" = "名前";
6c6
< "3Xo-xf-YXb.headerCell.title" = "Substitution Style";
---
> "3Xo-xf-YXb.headerCell.title" = "代替スタイル";
9c9
< "4dE-V3-nhc.title" = "Text";
---
> "4dE-V3-nhc.title" = "テキスト";
12c12
< "Ds6-n2-qBB.title" = "Item 2";
---
> "Ds6-n2-qBB.title" = "アイテム2";
15c15
< "EFj-tm-gkt.headerCell.title" = "Substitution";
---
> "EFj-tm-gkt.headerCell.title" = "代替";
18c18
< "NhE-Bu-Jcr.title" = "Table View Cell";
---
> "NhE-Bu-Jcr.title" = "表ビューセル";
21c21
< "QvC-M9-y7g.title" = "Font Manager";
---
> "QvC-M9-y7g.title" = "フォントマネージャー";
24c24
< "Tl6-eW-7o4.title" = "Close";
---
> "Tl6-eW-7o4.title" = "閉じる";
27c27
< "YEj-bc-goA.title" = "Text Cell";
---
> "YEj-bc-goA.title" = "テキストセル";
30c30
< "arv-Xg-H4d.title" = "Item 3";
---
> "arv-Xg-H4d.title" = "アイテム3";
33c33
< "fdS-So-n8g.title" = "Text Cell";
---
> "fdS-So-n8g.title" = "テキストセル";
36c36
< "i8b-mW-tqL.title" = "Locate";
---
> "i8b-mW-tqL.title" = "検索";
39c39
< "idB-G8-d3c.headerCell.title" = "Status";
---
> "idB-G8-d3c.headerCell.title" = "ステータス";
42c42
< "nBz-fi-2ab.title" = "Text Cell";
---
> "nBz-fi-2ab.title" = "テキストセル";
45c45
< "saJ-0v-QKT.title" = "Table View Cell";
---
> "saJ-0v-QKT.title" = "表ビューセル";
