5,6c5,6
< /* Class = "NSTextFieldCell"; title = "Radius"; ObjectID = "12"; */
< "12.title" = "Radius";
---
> /* Class = "NSTextFieldCell"; title = "반지름"; ObjectID = "12"; */
> "12.title" = "반지름";
8,9c8,9
< /* Class = "NSButtonCell"; title = "Apply"; ObjectID = "26"; */
< "26.title" = "Apply";
---
> /* Class = "NSButtonCell"; title = "적용"; ObjectID = "26"; */
> "26.title" = "적용";
11,12c11,12
< /* Class = "NSButtonCell"; title = "Cancel"; ObjectID = "210"; */
< "210.title" = "Cancel";
---
> /* Class = "NSButtonCell"; title = "취소"; ObjectID = "210"; */
> "210.title" = "취소";
14,15c14,15
< /* Class = "NSMenuItem"; title = "Median"; ObjectID = "22a-NI-KOX"; */
< "22a-NI-KOX.title" = "Median";
---
> /* Class = "NSMenuItem"; title = "중앙값"; ObjectID = "22a-NI-KOX"; */
> "22a-NI-KOX.title" = "중앙값";
20,21c20,21
< /* Class = "NSButtonCell"; title = "Mirror"; ObjectID = "8qN-gc-udP"; */
< "8qN-gc-udP.title" = "Mirror";
---
> /* Class = "NSButtonCell"; title = "거울"; ObjectID = "8qN-gc-udP"; */
> "8qN-gc-udP.title" = "거울";
29,30c29,30
< /* Class = "NSTextFieldCell"; title = "Tolerance"; ObjectID = "wzo-NJ-XBT"; */
< "wzo-NJ-XBT.title" = "Tolerance";
---
> /* Class = "NSTextFieldCell"; title = "허용량"; ObjectID = "wzo-NJ-XBT"; */
> "wzo-NJ-XBT.title" = "허용량";
