3c3
< "1.title" = "Frequency Separation";
---
> "1.title" = "周波数分離";
6c6
< "12.title" = "Radius";
---
> "12.title" = "半径";
9c9
< "26.title" = "Apply";
---
> "26.title" = "適用";
12c12
< "210.title" = "Cancel";
---
> "210.title" = "キャンセル";
15c15
< "22a-NI-KOX.title" = "Median";
---
> "22a-NI-KOX.title" = "メディアン";
18c18
< "3Ea-lw-Jw3.title" = "Gaussian";
---
> "3Ea-lw-Jw3.title" = "ガウス";
21c21
< "8qN-gc-udP.title" = "Mirror";
---
> "8qN-gc-udP.title" = "ミラー";
24c24
< "h5G-Y9-ChZ.title" = "Bilateral";
---
> "h5G-Y9-ChZ.title" = "両面";
27c27
< "sII-TD-N2y.title" = "Method";
---
> "sII-TD-N2y.title" = "方式";
30c30
< "wzo-NJ-XBT.title" = "Tolerance";
---
> "wzo-NJ-XBT.title" = "許容量";
