7,21c7,12
< ---
< ---
< ---
< ---
< 12c12
< 15c15
< 18c18
< 21c21
< 24c24
< 27c27
< 30c30
< 3c3
< 6c6
< 9c9
< < "1.title" = "Frequency Separation";
---
> 11,12c11,12
> 14,15c14,15
> 20,21c20,21
> 29,30c29,30
> 5,6c5,6
> 8,9c8,9
26d16
< < "3Ea-lw-Jw3.title" = "Gaussian";
28,29d17
< < "h5G-Y9-ChZ.title" = "Bilateral";
< < "sII-TD-N2y.title" = "Method";
31,40c19,36
< > "1.title" = "周波数分離";
< > "12.title" = "半径";
< > "210.title" = "キャンセル";
< > "22a-NI-KOX.title" = "メディアン";
< > "26.title" = "適用";
< > "3Ea-lw-Jw3.title" = "ガウス";
< > "8qN-gc-udP.title" = "ミラー";
< > "h5G-Y9-ChZ.title" = "両面";
< > "sII-TD-N2y.title" = "方式";
< > "wzo-NJ-XBT.title" = "許容量";
---
> < /* Class = "NSButtonCell"; title = "Apply"; ObjectID = "26"; */
> < /* Class = "NSButtonCell"; title = "Cancel"; ObjectID = "210"; */
> < /* Class = "NSButtonCell"; title = "Mirror"; ObjectID = "8qN-gc-udP"; */
> < /* Class = "NSMenuItem"; title = "Median"; ObjectID = "22a-NI-KOX"; */
> < /* Class = "NSTextFieldCell"; title = "Radius"; ObjectID = "12"; */
> < /* Class = "NSTextFieldCell"; title = "Tolerance"; ObjectID = "wzo-NJ-XBT"; */
> > "12.title" = "반지름";
> > "210.title" = "취소";
> > "22a-NI-KOX.title" = "중앙값";
> > "26.title" = "적용";
> > "8qN-gc-udP.title" = "거울";
> > "wzo-NJ-XBT.title" = "허용량";
> > /* Class = "NSButtonCell"; title = "취소"; ObjectID = "210"; */
> > /* Class = "NSButtonCell"; title = "적용"; ObjectID = "26"; */
> > /* Class = "NSButtonCell"; title = "거울"; ObjectID = "8qN-gc-udP"; */
> > /* Class = "NSMenuItem"; title = "중앙값"; ObjectID = "22a-NI-KOX"; */
> > /* Class = "NSTextFieldCell"; title = "반지름"; ObjectID = "12"; */
> > /* Class = "NSTextFieldCell"; title = "허용량"; ObjectID = "wzo-NJ-XBT"; */
