5,6c5,6
< /* Class = "NSTextFieldCell"; title = "Radius"; ObjectID = "12"; */
< "12.title" = "Radius";
---
> /* Class = "NSTextFieldCell"; title = "반지름"; ObjectID = "12"; */
> "12.title" = "반지름";
8,9c8,9
< /* Class = "NSButtonCell"; title = "Apply"; ObjectID = "26"; */
< "26.title" = "Apply";
---
> /* Class = "NSButtonCell"; title = "적용"; ObjectID = "26"; */
> "26.title" = "적용";
11,12c11,12
< /* Class = "NSButtonCell"; title = "Cancel"; ObjectID = "210"; */
< "210.title" = "Cancel";
---
> /* Class = "NSButtonCell"; title = "취소"; ObjectID = "210"; */
> "210.title" = "취소";
14,15c14,15
< /* Class = "NSButton"; ibShadowedToolTip = "No split view"; ObjectID = "A9C-1A-e0I"; */
< "A9C-1A-e0I.ibShadowedToolTip" = "No split view";
---
> /* Class = "NSButton"; ibShadowedToolTip = "분할 뷰 모드 해제"; ObjectID = "A9C-1A-e0I"; */
> "A9C-1A-e0I.ibShadowedToolTip" = "분할 뷰 모드 해제";
17,18c17,18
< /* Class = "NSButton"; ibShadowedToolTip = "Split view"; ObjectID = "Fwl-Ci-LvJ"; */
< "Fwl-Ci-LvJ.ibShadowedToolTip" = "Split view";
---
> /* Class = "NSButton"; ibShadowedToolTip = "분할 뷰 모드"; ObjectID = "Fwl-Ci-LvJ"; */
> "Fwl-Ci-LvJ.ibShadowedToolTip" = "분할 뷰 모드";
20,21c20,21
< /* Class = "NSButton"; ibShadowedToolTip = "Mirror view"; ObjectID = "hWK-Wc-Wed"; */
< "hWK-Wc-Wed.ibShadowedToolTip" = "Mirror view";
---
> /* Class = "NSButton"; ibShadowedToolTip = "거울 뷰 모드"; ObjectID = "hWK-Wc-Wed"; */
> "hWK-Wc-Wed.ibShadowedToolTip" = "거울 뷰 모드";
