3c3
< "1.title" = "Gaussian";
---
> "1.title" = "ガウス";
6c6
< "12.title" = "Radius";
---
> "12.title" = "半径";
9c9
< "26.title" = "Apply";
---
> "26.title" = "適用";
12c12
< "210.title" = "Cancel";
---
> "210.title" = "キャンセル";
15c15
< "A9C-1A-e0I.ibShadowedToolTip" = "No split view";
---
> "A9C-1A-e0I.ibShadowedToolTip" = "分割表示なし";
18c18
< "Fwl-Ci-LvJ.ibShadowedToolTip" = "Split view";
---
> "Fwl-Ci-LvJ.ibShadowedToolTip" = "分割表示";
21c21
< "hWK-Wc-Wed.ibShadowedToolTip" = "Mirror view";
---
> "hWK-Wc-Wed.ibShadowedToolTip" = "ミラー表示";
