7,15c7,12
< ---
< 12c12
< 15c15
< 18c18
< 21c21
< 3c3
< 6c6
< 9c9
< < "1.title" = "Gaussian";
---
> 11,12c11,12
> 14,15c14,15
> 17,18c17,18
> 20,21c20,21
> 5,6c5,6
> 8,9c8,9
22,28c19,36
< > "1.title" = "ガウス";
< > "12.title" = "半径";
< > "210.title" = "キャンセル";
< > "26.title" = "適用";
< > "A9C-1A-e0I.ibShadowedToolTip" = "分割表示なし";
< > "Fwl-Ci-LvJ.ibShadowedToolTip" = "分割表示";
< > "hWK-Wc-Wed.ibShadowedToolTip" = "ミラー表示";
---
> < /* Class = "NSButton"; ibShadowedToolTip = "Mirror view"; ObjectID = "hWK-Wc-Wed"; */
> < /* Class = "NSButton"; ibShadowedToolTip = "No split view"; ObjectID = "A9C-1A-e0I"; */
> < /* Class = "NSButton"; ibShadowedToolTip = "Split view"; ObjectID = "Fwl-Ci-LvJ"; */
> < /* Class = "NSButtonCell"; title = "Apply"; ObjectID = "26"; */
> < /* Class = "NSButtonCell"; title = "Cancel"; ObjectID = "210"; */
> < /* Class = "NSTextFieldCell"; title = "Radius"; ObjectID = "12"; */
> > "12.title" = "반지름";
> > "210.title" = "취소";
> > "26.title" = "적용";
> > "A9C-1A-e0I.ibShadowedToolTip" = "분할 보기 해제";
> > "Fwl-Ci-LvJ.ibShadowedToolTip" = "분할 보기";
> > "hWK-Wc-Wed.ibShadowedToolTip" = "거울 보기";
> > /* Class = "NSButton"; ibShadowedToolTip = "분할 보기 해제"; ObjectID = "A9C-1A-e0I"; */
> > /* Class = "NSButton"; ibShadowedToolTip = "분할 보기"; ObjectID = "Fwl-Ci-LvJ"; */
> > /* Class = "NSButton"; ibShadowedToolTip = "거울 보기"; ObjectID = "hWK-Wc-Wed"; */
> > /* Class = "NSButtonCell"; title = "취소"; ObjectID = "210"; */
> > /* Class = "NSButtonCell"; title = "적용"; ObjectID = "26"; */
> > /* Class = "NSTextFieldCell"; title = "반지름"; ObjectID = "12"; */
