---
12c12
18c18
21c21
27c27
30c30
33c33
36c36
39c39
3c3
42c42
45c45
48c48
51c51
54c54
57c57
6c6
9c9
< "0XO-WN-VnR.title" = "Smallest Size";
< "0fD-RT-A7K.title" = "Small Size";
< "5rT-BY-CV1.title" = "Clear Recently Used";
< "9uf-oK-fUE.title" = "Item 3";
< "EJR-02-rDb.title" = "Item 1";
< "HFc-kP-SBv.title" = "Item 1";
< "Lq7-h1-B2g.title" = "Item 2";
< "Muq-F9-e1E.title" = "Item 2";
< "O5V-Uv-UCx.title" = "Item 1";
< "Rhc-lR-670.title" = "Medium Size";
< "Sk2-Mm-46U.title" = "Item 3";
< "WGu-ks-SqI.title" = "Largest Size";
< "Z8B-px-v24.title" = "Item 2";
< "clf-3Z-azT.title" = "Item 3";
< "lQR-zD-AKc.title" = "Glyphs";
< "nQ5-O2-vaI.title" = "Large Size";
< "qZa-il-oWl.title" = "Use selected font";
> "0XO-WN-VnR.title" = "最小サイズ";
> "0fD-RT-A7K.title" = "小サイズ";
> "5rT-BY-CV1.title" = "最近使用したものをクリア";
> "9uf-oK-fUE.title" = "アイテム3";
> "EJR-02-rDb.title" = "アイテム1";
> "HFc-kP-SBv.title" = "アイテム1";
> "Lq7-h1-B2g.title" = "アイテム2";
> "Muq-F9-e1E.title" = "アイテム2";
> "O5V-Uv-UCx.title" = "アイテム1";
> "Rhc-lR-670.title" = "中サイズ";
> "Sk2-Mm-46U.title" = "アイテム3";
> "WGu-ks-SqI.title" = "最大サイズ";
> "Z8B-px-v24.title" = "アイテム2";
> "clf-3Z-azT.title" = "アイテム3";
> "lQR-zD-AKc.title" = "グリフ";
> "nQ5-O2-vaI.title" = "大サイズ";
> "qZa-il-oWl.title" = "選択フォントを使用";
