1,28d0
< ---
< 15c15
< 21c21
< 24c24
< 27c27
< 30c30
< 33c33
< 3c3
< 6c6
< 9c9
< < "1BP-6K-hm1.title" = "Glyphs";
< < "6Yi-eD-2sG.title" = "Smallest Size";
< < "QTc-ub-RJy.title" = "Largest Size";
< < "hVX-1r-luV.ibShadowedToolTip" = "Lock Font and Traits";
< < "nwl-cQ-Djf.title" = "Large Size";
< < "peM-0B-cJa.title" = "Medium Size";
< < "rnl-Ch-K29.title" = "Clear Recently Used";
< < "t18-ms-wdm.title" = "Unicode plus Alternates";
< < "tV4-Bj-ThD.title" = "Small Size";
< > "1BP-6K-hm1.title" = "グリフ";
< > "6Yi-eD-2sG.title" = "最小サイズ";
< > "QTc-ub-RJy.title" = "最大サイズ";
< > "hVX-1r-luV.ibShadowedToolTip" = "フォントと特性のロック";
< > "nwl-cQ-Djf.title" = "大サイズ";
< > "peM-0B-cJa.title" = "中サイズ";
< > "rnl-Ch-K29.title" = "最近使用したものをクリア";
< > "t18-ms-wdm.title" = "Unicodeと代替文字";
< > "tV4-Bj-ThD.title" = "小サイズ";
