3c3
< "1BP-6K-hm1.title" = "Glyphs";
---
> "1BP-6K-hm1.title" = "グリフ";
6c6
< "6Yi-eD-2sG.title" = "Smallest Size";
---
> "6Yi-eD-2sG.title" = "最小サイズ";
9c9
< "QTc-ub-RJy.title" = "Largest Size";
---
> "QTc-ub-RJy.title" = "最大サイズ";
15c15
< "hVX-1r-luV.ibShadowedToolTip" = "Lock Font and Traits";
---
> "hVX-1r-luV.ibShadowedToolTip" = "フォントと特性のロック";
21c21
< "nwl-cQ-Djf.title" = "Large Size";
---
> "nwl-cQ-Djf.title" = "大サイズ";
24c24
< "peM-0B-cJa.title" = "Medium Size";
---
> "peM-0B-cJa.title" = "中サイズ";
27c27
< "rnl-Ch-K29.title" = "Clear Recently Used";
---
> "rnl-Ch-K29.title" = "最近使用したものをクリア";
30c30
< "t18-ms-wdm.title" = "Unicode plus Alternates";
---
> "t18-ms-wdm.title" = "Unicodeと代替文字";
33c33
< "tV4-Bj-ThD.title" = "Small Size";
---
> "tV4-Bj-ThD.title" = "小サイズ";
