2,13c2
< 12c12
< 15c15
< 18c18
< 21c21
< 24c24
< 3c3
< 9c9
< < "0Bb-Ws-gkn.title" = "Item 1";
< < "QvC-M9-y7g.title" = "Go to Master Page";
< < "R5D-nW-SH0.title" = "Item 3";
< < "Uui-yx-fwy.title" = "Master Page:";
< < "ddv-gw-f2E.title" = "Item 2";
---
> 20,21c20,21
15,22c4,6
< < "pLx-26-Egv.title" = "Go to Master Page";
< > "0Bb-Ws-gkn.title" = "アイテム1";
< > "QvC-M9-y7g.title" = "マスターページに移動";
< > "R5D-nW-SH0.title" = "アイテム3";
< > "Uui-yx-fwy.title" = "マスターページ:";
< > "ddv-gw-f2E.title" = "アイテム2";
< > "fIV-u8-dQJ.title" = "キャンセル";
< > "pLx-26-Egv.title" = "マスターページに移動";
---
> < /* Class = "NSButtonCell"; title = "Cancel"; ObjectID = "fIV-u8-dQJ"; */
> > "fIV-u8-dQJ.title" = "취소";
> > /* Class = "NSButtonCell"; title = "취소"; ObjectID = "fIV-u8-dQJ"; */
