7,20c7,12
< ---
< ---
< ---
< 12c12
< 15c15
< 18c18
< 21c21
< 24c24
< 27c27
< 3c3
< 6c6
< 9c9
< < "100.title" = "Color:";
< < "101.title" = "Gradient Button";
---
> 11c11
> 17,18c17,18
> 2,3c2,3
> 23,24c23,24
> 5,6c5,6
> 8,9c8,9
22d13
< < "103.title" = "Mid Point:";
24d14
< < "133.title" = "Reverse";
28,36c18,34
< > "100.title" = "カラー:";
< > "101.title" = "グラデーションボタン";
< > "102.title" = "位置:";
< > "103.title" = "中間点:";
< > "104.title" = "不透明度:";
< > "133.title" = "反転";
< > "84.title" = "削除";
< > "85.title" = "コピー";
< > "86.title" = "挿入";
---
> < /* Class = "NSButtonCell"; title = "Copy"; ObjectID = "85"; */
> < /* Class = "NSButtonCell"; title = "Delete"; ObjectID = "84"; */
> < /* Class = "NSButtonCell"; title = "Insert"; ObjectID = "86"; */
> < /* Class = "NSTextFieldCell"; title = "Colour:"; ObjectID = "100"; */
> < /* Class = "NSTextFieldCell"; title = "Opacity:"; ObjectID = "104"; */
> < /* Class = "NSTextFieldCell"; title = "Position:"; ObjectID = "102"; */
> > "102.title" = "위치:";
> > "104.title" = "불투명도:";
> > "84.title" = "지우기";
> > "85.title" = "복사";
> > "86.title" = "삽입";
> > /* Class = "NSButtonCell"; title = "복사"; ObjectID = "85"; */
> > /* Class = "NSButtonCell"; title = "삽입"; ObjectID = "86"; */
> > /* Class = "NSButtonCell"; title = "지우기"; ObjectID = "84"; */
> > /* Class = "NSTextFieldCell"; title = "색상:"; ObjectID = "100"; */
> > /* Class = "NSTextFieldCell"; title = "위치:"; ObjectID = "102"; */
> > /* Class = "NSTextFieldCell"; title = "불투명도:"; ObjectID = "104"; */
