3c3
< "84.title" = "Delete";
---
> "84.title" = "削除";
6c6
< "85.title" = "Copy";
---
> "85.title" = "コピー";
9c9
< "86.title" = "Insert";
---
> "86.title" = "挿入";
12c12
< "100.title" = "Color:";
---
> "100.title" = "カラー:";
15c15
< "101.title" = "Gradient Button";
---
> "101.title" = "グラデーションボタン";
18c18
< "102.title" = "Position:";
---
> "102.title" = "位置:";
21c21
< "103.title" = "Mid Point:";
---
> "103.title" = "中間点:";
24c24
< "104.title" = "Opacity:";
---
> "104.title" = "不透明度:";
27c27
< "133.title" = "Reverse";
---
> "133.title" = "反転";
