1c1,2
< 6c6
---
> 5,6c5,6
> < /* Class = "NSMenuItem"; title = "Do not add"; ObjectID = "1X5-c9-7dt"; */
4,13c5,8
< > "1X5-c9-7dt.title" = "追加しない";
< 9c9
< < "2GD-76-VUb.ibShadowedToolTip" = "Roll";
< ---
< > "2GD-76-VUb.ibShadowedToolTip" = "ロール";
< 12c12
< < "2oW-3a-jSa.title" = "Additional axis setup";
< ---
< > "2oW-3a-jSa.title" = "追加軸の設定";
< 15c15
---
> > /* Class = "NSMenuItem"; title = "추가하지 않음"; ObjectID = "1X5-c9-7dt"; */
> > "1X5-c9-7dt.title" = "추가하지 않음";
> 14,15c14,15
> < /* Class = "NSTextFieldCell"; title = "Horizontal axis:"; ObjectID = "4BZ-sN-9II"; */
16,25c11,14
< > "4BZ-sN-9II.title" = "水平軸:";
< 18c18
< < "4SU-Mh-LoZ.ibShadowedToolTip" = "Elevation";
< ---
< > "4SU-Mh-LoZ.ibShadowedToolTip" = "仰角";
< 21c21
< < "5gM-2s-YKs.title" = "Y rotation:";
< ---
< > "5gM-2s-YKs.title" = "Y回転:";
< 24c24
---
> > /* Class = "NSTextFieldCell"; title = "가로 축:"; ObjectID = "4BZ-sN-9II"; */
> > "4BZ-sN-9II.title" = "가로 축:";
> 23,24c23,24
> < /* Class = "NSMenuItem"; title = "Add for constraining"; ObjectID = "A5K-MR-BIo"; */
28,29c17,20
< > "A5K-MR-BIo.title" = "固定対象に追加";
< 30c30
---
> > /* Class = "NSMenuItem"; title = "제약 대상에 추가"; ObjectID = "A5K-MR-BIo"; */
> > "A5K-MR-BIo.title" = "제약 대상에 추가";
> 29,30c29,30
> < /* Class = "NSMenuItem"; title = "Do not add"; ObjectID = "D9r-pG-EwG"; */
32,33c23,26
< > "D9r-pG-EwG.title" = "追加しない";
< 33c33
---
> > /* Class = "NSMenuItem"; title = "추가하지 않음"; ObjectID = "D9r-pG-EwG"; */
> > "D9r-pG-EwG.title" = "추가하지 않음";
> 32,33c32,33
> < /* Class = "NSMenuItem"; title = "Do not add"; ObjectID = "Dbm-fN-v7G"; */
36,37c29,32
< > "Dbm-fN-v7G.title" = "追加しない";
< 42c42
---
> > /* Class = "NSMenuItem"; title = "추가하지 않음"; ObjectID = "Dbm-fN-v7G"; */
> > "Dbm-fN-v7G.title" = "추가하지 않음";
> 41,42c41,42
> < /* Class = "NSBox"; title = "First axis"; ObjectID = "LGn-IK-u3Y"; */
40,41c35,38
< > "LGn-IK-u3Y.title" = "第1軸";
< 45c45
---
> > /* Class = "NSBox"; title = "첫 번째 축"; ObjectID = "LGn-IK-u3Y"; */
> > "LGn-IK-u3Y.title" = "첫 번째 축";
> 44,45c44,45
> < /* Class = "NSTextFieldCell"; title = "Intermediate angles:"; ObjectID = "LNk-PO-QJf"; */
44,49c41,44
< > "LNk-PO-QJf.title" = "中間角度:";
< 48c48
< < "Lw6-vI-85N.ibShadowedToolTip" = "Roll";
< ---
< > "Lw6-vI-85N.ibShadowedToolTip" = "ロール";
< 51c51
---
> > /* Class = "NSTextFieldCell"; title = "사이 각도:"; ObjectID = "LNk-PO-QJf"; */
> > "LNk-PO-QJf.title" = "사이 각도:";
> 50,51c50,51
> < /* Class = "NSTextFieldCell"; title = "Plane perpendicular axis:"; ObjectID = "MIc-xS-bBP"; */
52,57c47,50
< > "MIc-xS-bBP.title" = "平面直交軸:";
< 57c57
< < "O0z-d7-Hlg.title" = "Up axis:";
< ---
< > "O0z-d7-Hlg.title" = "上方向軸:";
< 60c60
---
> > /* Class = "NSTextFieldCell"; title = "평면 직교 축:"; ObjectID = "MIc-xS-bBP"; */
> > "MIc-xS-bBP.title" = "평면 직교 축:";
> 59,60c59,60
> < /* Class = "NSBox"; title = "First axis"; ObjectID = "PB5-mM-xKs"; */
60,65c53,56
< > "PB5-mM-xKs.title" = "第1軸";
< 63c63
< < "PwQ-s2-ZJB.ibShadowedToolTip" = "Elevation";
< ---
< > "PwQ-s2-ZJB.ibShadowedToolTip" = "仰角";
< 66c66
---
> > /* Class = "NSBox"; title = "첫 번째 축"; ObjectID = "PB5-mM-xKs"; */
> > "PB5-mM-xKs.title" = "첫 번째 축";
> 65,66c65,66
> < /* Class = "NSBox"; title = "Second axis"; ObjectID = "PyM-fk-lNu"; */
68,69c59,62
< > "PyM-fk-lNu.title" = "第2軸";
< 69c69
---
> > /* Class = "NSBox"; title = "두 번째 축"; ObjectID = "PyM-fk-lNu"; */
> > "PyM-fk-lNu.title" = "두 번째 축";
> 68,69c68,69
> < /* Class = "NSTextFieldCell"; title = "Vertical axis:"; ObjectID = "QMR-aM-T1o"; */
72,73c65,68
< > "QMR-aM-T1o.title" = "垂直軸:";
< 72c72
---
> > /* Class = "NSTextFieldCell"; title = "세로 축:"; ObjectID = "QMR-aM-T1o"; */
> > "QMR-aM-T1o.title" = "세로 축:";
> 71,72c71,72
> < /* Class = "NSMenuItem"; title = "Add for snapping"; ObjectID = "R2W-nq-5F3"; */
76,81c71,74
< > "R2W-nq-5F3.title" = "スナップ対象に追加";
< 75c75
< < "RIV-iV-hKp.title" = "First axis:";
< ---
< > "RIV-iV-hKp.title" = "第1軸:";
< 78c78
---
> > /* Class = "NSMenuItem"; title = "스내핑 대상에 추가"; ObjectID = "R2W-nq-5F3"; */
> > "R2W-nq-5F3.title" = "스내핑 대상에 추가";
> 77,78c77,78
> < /* Class = "NSMenuItem"; title = "Add for constraining"; ObjectID = "RWB-Lf-5HG"; */
84,85c77,80
< > "RWB-Lf-5HG.title" = "固定対象に追加";
< 81c81
---
> > /* Class = "NSMenuItem"; title = "제약 대상에 추가"; ObjectID = "RWB-Lf-5HG"; */
> > "RWB-Lf-5HG.title" = "제약 대상에 추가";
> 80,81c80,81
> < /* Class = "NSMenuItem"; title = "Add for constraining"; ObjectID = "Rgq-HG-FHS"; */
88,89c83,86
< > "Rgq-HG-FHS.title" = "固定対象に追加";
< 87c87
---
> > /* Class = "NSMenuItem"; title = "제약 대상에 추가"; ObjectID = "Rgq-HG-FHS"; */
> > "Rgq-HG-FHS.title" = "제약 대상에 추가";
> 86,87c86,87
> < /* Class = "NSTextFieldCell"; title = "Divisions:"; ObjectID = "UMi-Bk-3f1"; */
92,93c89,92
< > "UMi-Bk-3f1.title" = "区分:";
< 96c96
---
> > /* Class = "NSTextFieldCell"; title = "구획:"; ObjectID = "UMi-Bk-3f1"; */
> > "UMi-Bk-3f1.title" = "구획:";
> 95,96c95,96
> < /* Class = "NSBox"; title = "Snapping axis setup"; ObjectID = "Zdo-GS-GOe"; */
96,97c95,98
< > "Zdo-GS-GOe.title" = "スナップ軸の設定";
< 102c102
---
> > /* Class = "NSBox"; title = "스내핑 축 설정"; ObjectID = "Zdo-GS-GOe"; */
> > "Zdo-GS-GOe.title" = "스내핑 축 설정";
> 101,102c101,102
> < /* Class = "NSMenuItem"; title = "Add for snapping"; ObjectID = "cZ8-Fe-DtN"; */
100,113c101,104
< > "cZ8-Fe-DtN.title" = "スナップ対象に追加";
< 105c105
< < "dUg-cq-kPu.title" = "X rotation:";
< ---
< > "dUg-cq-kPu.title" = "X回転:";
< 111c111
< < "ib2-S7-CF7.title" = "Cube Scale:";
< ---
< > "ib2-S7-CF7.title" = "キューブスケール:";
< 114c114
< < "izN-Bf-hTk.title" = "Z rotation:";
< ---
< > "izN-Bf-hTk.title" = "Z回転:";
< 117c117
---
> > /* Class = "NSMenuItem"; title = "스내핑 대상에 추가"; ObjectID = "cZ8-Fe-DtN"; */
> > "cZ8-Fe-DtN.title" = "스내핑 대상에 추가";
> 116,117c116,117
> < /* Class = "NSMenuItem"; title = "Add for constraining"; ObjectID = "jLz-9a-M89"; */
116,117c107,110
< > "jLz-9a-M89.title" = "固定対象に追加";
< 120c120
---
> > /* Class = "NSMenuItem"; title = "제약 대상에 추가"; ObjectID = "jLz-9a-M89"; */
> > "jLz-9a-M89.title" = "제약 대상에 추가";
> 119,120c119,120
> < /* Class = "NSMenuItem"; title = "Add for snapping"; ObjectID = "jg7-Aa-cEC"; */
120,121c113,116
< > "jg7-Aa-cEC.title" = "スナップ対象に追加";
< 123c123
---
> > /* Class = "NSMenuItem"; title = "스내핑 대상에 추가"; ObjectID = "jg7-Aa-cEC"; */
> > "jg7-Aa-cEC.title" = "스내핑 대상에 추가";
> 122,123c122,123
> < /* Class = "NSMenuItem"; title = "Add for snapping"; ObjectID = "jqL-s4-Dp3"; */
124,129c119,122
< > "jqL-s4-Dp3.title" = "スナップ対象に追加";
< 126c126
< < "kEv-Gn-XMu.label" = "Component";
< ---
< > "kEv-Gn-XMu.label" = "構成要素";
< 132c132
---
> > /* Class = "NSMenuItem"; title = "스내핑 대상에 추가"; ObjectID = "jqL-s4-Dp3"; */
> > "jqL-s4-Dp3.title" = "스내핑 대상에 추가";
> 131,132c131,132
> < /* Class = "NSMenuItem"; title = "Do not add"; ObjectID = "mK3-Eh-GVH"; */
132,141c125,128
< > "mK3-Eh-GVH.title" = "追加しない";
< 135c135
< < "mr8-eK-LY3.title" = "Rotation order:";
< ---
< > "mr8-eK-LY3.title" = "回転順序:";
< 141c141
< < "nY0-9E-2fd.title" = "Intermediate divisions:";
< ---
< > "nY0-9E-2fd.title" = "中間区分:";
< 150c150
---
> > /* Class = "NSMenuItem"; title = "추가하지 않음"; ObjectID = "mK3-Eh-GVH"; */
> > "mK3-Eh-GVH.title" = "추가하지 않음";
> 149,150c149,150
> < /* Class = "NSTabViewItem"; label = "Camera"; ObjectID = "sJj-UP-gwN"; */
144,149c131,134
< > "sJj-UP-gwN.label" = "カメラ";
< 153c153
< < "sTZ-iD-V7q.ibShadowedToolTip" = "Resulting Snapping and Constraining Axis";
< ---
< > "sTZ-iD-V7q.ibShadowedToolTip" = "結果として得られるスナップと制約となる軸";
< 156c156
---
> > /* Class = "NSTabViewItem"; label = "카메라"; ObjectID = "sJj-UP-gwN"; */
> > "sJj-UP-gwN.label" = "카메라";
> 155,156c155,156
> < /* Class = "NSBox"; title = "Grid setup"; ObjectID = "sxJ-S1-i56"; */
152,157c137,140
< > "sxJ-S1-i56.title" = "グリッド設定";
< 159c159
< < "tBg-We-Z8A.title" = "Second axis:";
< ---
< > "tBg-We-Z8A.title" = "第2軸:";
< 162c162
---
> > /* Class = "NSBox"; title = "격자 설정"; ObjectID = "sxJ-S1-i56"; */
> > "sxJ-S1-i56.title" = "격자 설정";
> 161,162c161,162
> < /* Class = "NSBox"; title = "First axis"; ObjectID = "tba-wT-oOz"; */
160,172c143,144
< > "tba-wT-oOz.title" = "第1軸";
< 165c165
< < "tgG-MO-aHz.ibShadowedToolTip" = "Orientation";
< ---
< > "tgG-MO-aHz.ibShadowedToolTip" = "向き";
< 168c168
< < "yjb-ht-u5N.ibShadowedToolTip" = "Elevation";
< ---
< > "yjb-ht-u5N.ibShadowedToolTip" = "仰角";
< 171c171
< < "ztc-M7-mwU.ibShadowedToolTip" = "Orientation";
< ---
< > "ztc-M7-mwU.ibShadowedToolTip" = "向き";
---
> > /* Class = "NSBox"; title = "첫 번째 축"; ObjectID = "tba-wT-oOz"; */
> > "tba-wT-oOz.title" = "첫 번째 축";
