6c6
< "1X5-c9-7dt.title" = "Do not add";
---
> "1X5-c9-7dt.title" = "追加しない";
9c9
< "2GD-76-VUb.ibShadowedToolTip" = "Roll";
---
> "2GD-76-VUb.ibShadowedToolTip" = "ロール";
12c12
< "2oW-3a-jSa.title" = "Additional axis setup";
---
> "2oW-3a-jSa.title" = "追加軸の設定";
15c15
< "4BZ-sN-9II.title" = "Horizontal axis:";
---
> "4BZ-sN-9II.title" = "水平軸:";
18c18
< "4SU-Mh-LoZ.ibShadowedToolTip" = "Elevation";
---
> "4SU-Mh-LoZ.ibShadowedToolTip" = "仰角";
21c21
< "5gM-2s-YKs.title" = "Y rotation:";
---
> "5gM-2s-YKs.title" = "Y回転:";
24c24
< "A5K-MR-BIo.title" = "Add for constraining";
---
> "A5K-MR-BIo.title" = "固定対象に追加";
30c30
< "D9r-pG-EwG.title" = "Do not add";
---
> "D9r-pG-EwG.title" = "追加しない";
33c33
< "Dbm-fN-v7G.title" = "Do not add";
---
> "Dbm-fN-v7G.title" = "追加しない";
42c42
< "LGn-IK-u3Y.title" = "First axis";
---
> "LGn-IK-u3Y.title" = "第1軸";
45c45
< "LNk-PO-QJf.title" = "Intermediate angles:";
---
> "LNk-PO-QJf.title" = "中間角度:";
48c48
< "Lw6-vI-85N.ibShadowedToolTip" = "Roll";
---
> "Lw6-vI-85N.ibShadowedToolTip" = "ロール";
51c51
< "MIc-xS-bBP.title" = "Plane perpendicular axis:";
---
> "MIc-xS-bBP.title" = "平面直交軸:";
57c57
< "O0z-d7-Hlg.title" = "Up axis:";
---
> "O0z-d7-Hlg.title" = "上方向軸:";
60c60
< "PB5-mM-xKs.title" = "First axis";
---
> "PB5-mM-xKs.title" = "第1軸";
63c63
< "PwQ-s2-ZJB.ibShadowedToolTip" = "Elevation";
---
> "PwQ-s2-ZJB.ibShadowedToolTip" = "仰角";
66c66
< "PyM-fk-lNu.title" = "Second axis";
---
> "PyM-fk-lNu.title" = "第2軸";
69c69
< "QMR-aM-T1o.title" = "Vertical axis:";
---
> "QMR-aM-T1o.title" = "垂直軸:";
72c72
< "R2W-nq-5F3.title" = "Add for snapping";
---
> "R2W-nq-5F3.title" = "スナップ対象に追加";
75c75
< "RIV-iV-hKp.title" = "First axis:";
---
> "RIV-iV-hKp.title" = "第1軸:";
78c78
< "RWB-Lf-5HG.title" = "Add for constraining";
---
> "RWB-Lf-5HG.title" = "固定対象に追加";
81c81
< "Rgq-HG-FHS.title" = "Add for constraining";
---
> "Rgq-HG-FHS.title" = "固定対象に追加";
87c87
< "UMi-Bk-3f1.title" = "Divisions:";
---
> "UMi-Bk-3f1.title" = "区分:";
96c96
< "Zdo-GS-GOe.title" = "Snapping axis setup";
---
> "Zdo-GS-GOe.title" = "スナップ軸の設定";
102c102
< "cZ8-Fe-DtN.title" = "Add for snapping";
---
> "cZ8-Fe-DtN.title" = "スナップ対象に追加";
105c105
< "dUg-cq-kPu.title" = "X rotation:";
---
> "dUg-cq-kPu.title" = "X回転:";
111c111
< "ib2-S7-CF7.title" = "Cube Scale:";
---
> "ib2-S7-CF7.title" = "キューブスケール:";
114c114
< "izN-Bf-hTk.title" = "Z rotation:";
---
> "izN-Bf-hTk.title" = "Z回転:";
117c117
< "jLz-9a-M89.title" = "Add for constraining";
---
> "jLz-9a-M89.title" = "固定対象に追加";
120c120
< "jg7-Aa-cEC.title" = "Add for snapping";
---
> "jg7-Aa-cEC.title" = "スナップ対象に追加";
123c123
< "jqL-s4-Dp3.title" = "Add for snapping";
---
> "jqL-s4-Dp3.title" = "スナップ対象に追加";
126c126
< "kEv-Gn-XMu.label" = "Component";
---
> "kEv-Gn-XMu.label" = "構成要素";
132c132
< "mK3-Eh-GVH.title" = "Do not add";
---
> "mK3-Eh-GVH.title" = "追加しない";
135c135
< "mr8-eK-LY3.title" = "Rotation order:";
---
> "mr8-eK-LY3.title" = "回転順序:";
141c141
< "nY0-9E-2fd.title" = "Intermediate divisions:";
---
> "nY0-9E-2fd.title" = "中間区分:";
150c150
< "sJj-UP-gwN.label" = "Camera";
---
> "sJj-UP-gwN.label" = "カメラ";
153c153
< "sTZ-iD-V7q.ibShadowedToolTip" = "Resulting Snapping and Constraining Axis";
---
> "sTZ-iD-V7q.ibShadowedToolTip" = "結果として得られるスナップと制約となる軸";
156c156
< "sxJ-S1-i56.title" = "Grid setup";
---
> "sxJ-S1-i56.title" = "グリッド設定";
159c159
< "tBg-We-Z8A.title" = "Second axis:";
---
> "tBg-We-Z8A.title" = "第2軸:";
162c162
< "tba-wT-oOz.title" = "First axis";
---
> "tba-wT-oOz.title" = "第1軸";
165c165
< "tgG-MO-aHz.ibShadowedToolTip" = "Orientation";
---
> "tgG-MO-aHz.ibShadowedToolTip" = "向き";
168c168
< "yjb-ht-u5N.ibShadowedToolTip" = "Elevation";
---
> "yjb-ht-u5N.ibShadowedToolTip" = "仰角";
171c171
< "ztc-M7-mwU.ibShadowedToolTip" = "Orientation";
---
> "ztc-M7-mwU.ibShadowedToolTip" = "向き";
