2,3c2,3
< /* Class = "NSWindow"; title = "Guides"; ObjectID = "1"; */
< "1.title" = "Guides";
---
> /* Class = "NSWindow"; title = "안내선"; ObjectID = "1"; */
> "1.title" = "안내선";
11,12c11,12
< /* Class = "NSTextFieldCell"; title = "Text Cell"; ObjectID = "18"; */
< "18.title" = "Text Cell";
---
> /* Class = "NSTextFieldCell"; title = "텍스트 셀"; ObjectID = "18"; */
> "18.title" = "텍스트 셀";
14,15c14,15
< /* Class = "NSTextFieldCell"; title = "Text Cell"; ObjectID = "24"; */
< "24.title" = "Text Cell";
---
> /* Class = "NSTextFieldCell"; title = "텍스트 셀"; ObjectID = "24"; */
> "24.title" = "텍스트 셀";
17,18c17,18
< /* Class = "NSButtonCell"; title = "Close"; ObjectID = "26"; */
< "26.title" = "Close";
---
> /* Class = "NSButtonCell"; title = "닫기"; ObjectID = "26"; */
> "26.title" = "닫기";
32c32
< /* Class = "NSTextFieldCell"; title = "Colour:"; ObjectID = "5It-ev-sNy"; */
---
> /* Class = "NSTextFieldCell"; title = "색상:"; ObjectID = "5It-ev-sNy"; */
35,36c35,36
< /* Class = "NSButtonCell"; title = "Percent"; ObjectID = "6PN-K9-Tf6"; */
< "6PN-K9-Tf6.title" = "Percent";
---
> /* Class = "NSButtonCell"; title = "백분율"; ObjectID = "6PN-K9-Tf6"; */
> "6PN-K9-Tf6.title" = "백분율";
38,39c38,39
< /* Class = "NSTextFieldCell"; title = "Gutter:"; ObjectID = "8ZZ-Bw-KlB"; */
< "8ZZ-Bw-KlB.title" = "Gutter:";
---
> /* Class = "NSTextFieldCell"; title = "여백:"; ObjectID = "8ZZ-Bw-KlB"; */
> "8ZZ-Bw-KlB.title" = "여백:";
41,42c41,42
< /* Class = "NSTextFieldCell"; title = "Column Guides"; ObjectID = "CK2-fe-Dl1"; */
< "CK2-fe-Dl1.title" = "Column Guides";
---
> /* Class = "NSTextFieldCell"; title = "열 안내선"; ObjectID = "CK2-fe-Dl1"; */
> "CK2-fe-Dl1.title" = "열 안내선";
47,48c47,48
< /* Class = "NSTextFieldCell"; title = "Top:"; ObjectID = "Fni-I1-Sg7"; */
< "Fni-I1-Sg7.title" = "Top:";
---
> /* Class = "NSTextFieldCell"; title = "위쪽:"; ObjectID = "Fni-I1-Sg7"; */
> "Fni-I1-Sg7.title" = "위쪽:";
53,54c53,54
< /* Class = "NSTextFieldCell"; title = "Columns:"; ObjectID = "KJm-8a-bnW"; */
< "KJm-8a-bnW.title" = "Columns:";
---
> /* Class = "NSTextFieldCell"; title = "행:"; ObjectID = "KJm-8a-bnW"; */
> "KJm-8a-bnW.title" = "행:";
56,57c56,57
< /* Class = "NSTextFieldCell"; title = "Bottom:"; ObjectID = "KjF-0p-diM"; */
< "KjF-0p-diM.title" = "Bottom:";
---
> /* Class = "NSTextFieldCell"; title = "아래쪽"; ObjectID = "KjF-0p-diM"; */
> "KjF-0p-diM.title" = "아래쪽";
59,60c59,60
< /* Class = "NSTextFieldCell"; title = "Left:"; ObjectID = "LFc-kJ-50t"; */
< "LFc-kJ-50t.title" = "Left:";
---
> /* Class = "NSTextFieldCell"; title = "왼쪽:"; ObjectID = "LFc-kJ-50t"; */
> "LFc-kJ-50t.title" = "왼쪽:";
62,63c62,63
< /* Class = "NSTextFieldCell"; title = "Style:"; ObjectID = "MA9-h9-3Ux"; */
< "MA9-h9-3Ux.title" = "Style:";
---
> /* Class = "NSTextFieldCell"; title = "스타일:"; ObjectID = "MA9-h9-3Ux"; */
> "MA9-h9-3Ux.title" = "스타일:";
71,72c71,72
< /* Class = "NSTextFieldCell"; title = "Rows:"; ObjectID = "RMN-16-uQd"; */
< "RMN-16-uQd.title" = "Rows:";
---
> /* Class = "NSTextFieldCell"; title = "열:"; ObjectID = "RMN-16-uQd"; */
> "RMN-16-uQd.title" = "열:";
77,78c77,78
< /* Class = "NSMenuItem"; title = "Outline"; ObjectID = "S38-o4-IrR"; */
< "S38-o4-IrR.title" = "Outline";
---
> /* Class = "NSMenuItem"; title = "외형"; ObjectID = "S38-o4-IrR"; */
> "S38-o4-IrR.title" = "외형";
83,84c83,84
< /* Class = "NSButtonCell"; title = "Button"; ObjectID = "arG-dM-8U4"; */
< "arG-dM-8U4.title" = "Button";
---
> /* Class = "NSButtonCell"; title = "버튼"; ObjectID = "arG-dM-8U4"; */
> "arG-dM-8U4.title" = "버튼";
86,87c86,87
< /* Class = "NSTextFieldCell"; title = "Margins"; ObjectID = "bQs-66-fqn"; */
< "bQs-66-fqn.title" = "Margins";
---
> /* Class = "NSTextFieldCell"; title = "여백"; ObjectID = "bQs-66-fqn"; */
> "bQs-66-fqn.title" = "여백";
89,90c89,90
< /* Class = "NSTextFieldCell"; title = "Right:"; ObjectID = "dWU-Pe-VWn"; */
< "dWU-Pe-VWn.title" = "Right:";
---
> /* Class = "NSTextFieldCell"; title = "오른쪽:"; ObjectID = "dWU-Pe-VWn"; */
> "dWU-Pe-VWn.title" = "오른쪽:";
98,99c98,99
< /* Class = "NSButtonCell"; title = "Button"; ObjectID = "fZG-vR-6NS"; */
< "fZG-vR-6NS.title" = "Button";
---
> /* Class = "NSButtonCell"; title = "버튼"; ObjectID = "fZG-vR-6NS"; */
> "fZG-vR-6NS.title" = "버튼";
101c101
< /* Class = "NSTextFieldCell"; title = "Colour:"; ObjectID = "ibe-KI-fUd"; */
---
> /* Class = "NSTextFieldCell"; title = "색상:"; ObjectID = "ibe-KI-fUd"; */
104,105c104,105
< /* Class = "NSButtonCell"; title = "Remove All Guides"; ObjectID = "pmh-zz-W3b"; */
< "pmh-zz-W3b.title" = "Remove All Guides";
---
> /* Class = "NSButtonCell"; title = "모든 안내선 지우기"; ObjectID = "pmh-zz-W3b"; */
> "pmh-zz-W3b.title" = "모든 안내선 지우기";
107,108c107,108
< /* Class = "NSButtonCell"; title = "Button"; ObjectID = "pnC-4d-0iN"; */
< "pnC-4d-0iN.title" = "Button";
---
> /* Class = "NSButtonCell"; title = "버튼"; ObjectID = "pnC-4d-0iN"; */
> "pnC-4d-0iN.title" = "버튼";
113c113
< /* Class = "NSTextFieldCell"; title = "Colour:"; ObjectID = "rDq-fn-kBF"; */
---
> /* Class = "NSTextFieldCell"; title = "색상:"; ObjectID = "rDq-fn-kBF"; */
