---
---
---
---
---
---
---
---
---
---
---
---
---
---
---
---
---
---
---
---
---
---
---
---
---
---
---
---
---
---
---
---
102c102
105c105
108c108
111c111
114c114
18c18
21c21
24c24
27c27
30c30
33c33
36c36
39c39
3c3
42c42
45c45
48c48
54c54
57c57
60c60
63c63
66c66
6c6
72c72
78c78
84c84
87c87
90c90
93c93
96c96
99c99
9c9
< "1.title" = "Guides";
< "26.title" = "Close";
< "4.title" = "Horizontal Guides";
< "5It-ev-sNy.title" = "Color:";
< "61.ibShadowedToolTip" = "Add New Brush Category";
< "62.ibShadowedToolTip" = "Remove Brush Category";
< "67.ibShadowedToolTip" = "Remove Brush Category";
< "68.ibShadowedToolTip" = "Add New Brush Category";
< "6PN-K9-Tf6.title" = "Percent";
< "8ZZ-Bw-KlB.title" = "Gutter:";
< "9.title" = "Vertical Guides";
< "CK2-fe-Dl1.title" = "Column Guides";
< "CXG-5c-CXz.title" = "Filled";
< "Fni-I1-Sg7.title" = "Top:";
< "KJm-8a-bnW.title" = "Columns:";
< "KjF-0p-diM.title" = "Bottom:";
< "LFc-kJ-50t.title" = "Left:";
< "MA9-h9-3Ux.title" = "Style:";
< "N0Z-Tc-y0w.title" = "Spread Origin";
< "RMN-16-uQd.title" = "Rows:";
< "S38-o4-IrR.title" = "Outline";
< "arG-dM-8U4.title" = "Button";
< "bQs-66-fqn.title" = "Margins";
< "dWU-Pe-VWn.title" = "Right:";
< "e0t-Ya-eJd.ibShadowedToolTip" = "Set the margin color";
< "fAQ-bh-EpT.ibShadowedToolTip" = "Set the column guide color";
< "fZG-vR-6NS.title" = "Button";
< "ibe-KI-fUd.title" = "Color:";
< "pmh-zz-W3b.title" = "Remove All Guides";
< "pnC-4d-0iN.title" = "Button";
< "puc-gW-Xy5.ibShadowedToolTip" = "Set the column guide color";
< "rDq-fn-kBF.title" = "Color:";
> "1.title" = "ガイド";
> "26.title" = "閉じる";
> "4.title" = "水平ガイド";
> "5It-ev-sNy.title" = "カラー:";
> "61.ibShadowedToolTip" = "新規ブラシカテゴリを追加";
> "62.ibShadowedToolTip" = "ブラシカテゴリを削除";
> "67.ibShadowedToolTip" = "ブラシカテゴリを削除";
> "68.ibShadowedToolTip" = "新規ブラシカテゴリを追加";
> "6PN-K9-Tf6.title" = "パーセント";
> "8ZZ-Bw-KlB.title" = "余白:";
> "9.title" = "垂直ガイド";
> "CK2-fe-Dl1.title" = "カラムガイド";
> "CXG-5c-CXz.title" = "塗りつぶし済み";
> "Fni-I1-Sg7.title" = "上:";
> "KJm-8a-bnW.title" = "列数:";
> "KjF-0p-diM.title" = "下:";
> "LFc-kJ-50t.title" = "左:";
> "MA9-h9-3Ux.title" = "スタイル:";
> "N0Z-Tc-y0w.title" = "スプレッド基点";
> "RMN-16-uQd.title" = "行数:";
> "S38-o4-IrR.title" = "アウトライン";
> "arG-dM-8U4.title" = "ボタン";
> "bQs-66-fqn.title" = "マージン";
> "dWU-Pe-VWn.title" = "右:";
> "e0t-Ya-eJd.ibShadowedToolTip" = "マージンカラーを設定";
> "fAQ-bh-EpT.ibShadowedToolTip" = "カラムガイドのカラーを設定";
> "fZG-vR-6NS.title" = "ボタン";
> "ibe-KI-fUd.title" = "カラー:";
> "pmh-zz-W3b.title" = "ガイドをすべて削除";
> "pnC-4d-0iN.title" = "ボタン";
> "puc-gW-Xy5.ibShadowedToolTip" = "列ガイドのカラーを設定";
> "rDq-fn-kBF.title" = "カラー:";
