12,41c12,22
< ---
< ---
< ---
< ---
< ---
< ---
< ---
< ---
< ---
< 12c12
< 15c15
< 18c18
< 21c21
< 24c24
< 27c27
< 30c30
< 36c36
< 39c39
< 3c3
< 42c42
< 45c45
< 48c48
< 54c54
< 57c57
< 60c60
< 63c63
< 66c66
< 6c6
< 9c9
< < "1.title" = "Halftone";
---
> 11,12c11,12
> 14,15c14,15
> 17,18c17,18
> 23,24c23,24
> 41,42c41,42
> 47,48c47,48
> 5,6c5,6
> 56c56
> 59,60c59,60
> 62,63c62,63
> 8,9c8,9
47d27
< < "9C1-VV-GvL.title" = "Round";
49,52d28
< < "OoJ-Ud-45Q.title" = "Gray Component Replacement";
< < "Q5M-O5-iql.title" = "Line";
< < "Qzf-oL-3SC.title" = "Screen";
< < "Scc-Mm-4KF.title" = "Dot";
54d29
< < "b0D-NO-33a.title" = "Circular";
56,57d30
< < "jOP-6z-MT5.title" = "Under Color Removal";
< < "kD9-sV-H0R.title" = "Color";
60,80c33,64
< < "yT7-EY-npm.title" = "Screen Angle";
< > "1.title" = "ハーフトーン";
< > "100.title" = "キャンセル";
< > "12.title" = "セルサイズ";
< > "26.title" = "適用";
< > "47B-FK-Yq1.title" = "アイテム";
< > "5BA-uM-b6z.title" = "モノクロ";
< > "9C1-VV-GvL.title" = "ラウンド";
< > "KHj-pC-25w.ibShadowedToolTip" = "ミラー表示";
< > "OoJ-Ud-45Q.title" = "グレーコンポーネントの置換";
< > "Q5M-O5-iql.title" = "線";
< > "Qzf-oL-3SC.title" = "スクリーン";
< > "Scc-Mm-4KF.title" = "ドット";
< > "YF3-dq-gr7.title" = "コサイン";
< > "b0D-NO-33a.title" = "循環";
< > "eKl-jE-goz.title" = "コントラスト";
< > "jOP-6z-MT5.title" = "下色除去(UCR)";
< > "kD9-sV-H0R.title" = "カラー";
< > "mIV-HS-pW3.ibShadowedToolTip" = "分割表示なし";
< > "oXm-bk-Sje.ibShadowedToolTip" = "分割表示";
< > "yT7-EY-npm.title" = "スクリーン角度";
---
> < /* Class = "NSButton"; ibShadowedToolTip = "Mirror view"; ObjectID = "KHj-pC-25w"; */
> < /* Class = "NSButton"; ibShadowedToolTip = "No split view"; ObjectID = "mIV-HS-pW3"; */
> < /* Class = "NSButton"; ibShadowedToolTip = "Split view"; ObjectID = "oXm-bk-Sje"; */
> < /* Class = "NSButtonCell"; title = "Apply"; ObjectID = "26"; */
> < /* Class = "NSButtonCell"; title = "Cancel"; ObjectID = "100"; */
> < /* Class = "NSMenuItem"; title = "Colour"; ObjectID = "kD9-sV-H0R"; */
> < /* Class = "NSMenuItem"; title = "Cosine"; ObjectID = "YF3-dq-gr7"; */
> < /* Class = "NSMenuItem"; title = "Item"; ObjectID = "47B-FK-Yq1"; */
> < /* Class = "NSMenuItem"; title = "Monochrome"; ObjectID = "5BA-uM-b6z"; */
> < /* Class = "NSTextFieldCell"; title = "Cell Size"; ObjectID = "12"; */
> < /* Class = "NSTextFieldCell"; title = "Contrast"; ObjectID = "eKl-jE-goz"; */
> > "100.title" = "취소";
> > "12.title" = "셀 크기";
> > "26.title" = "적용";
> > "47B-FK-Yq1.title" = "항목";
> > "5BA-uM-b6z.title" = "단색";
> > "KHj-pC-25w.ibShadowedToolTip" = "거울 뷰 모드";
> > "YF3-dq-gr7.title" = "코사인";
> > "eKl-jE-goz.title" = "대비";
> > "mIV-HS-pW3.ibShadowedToolTip" = "분할 뷰 모드 해제";
> > "oXm-bk-Sje.ibShadowedToolTip" = "분할 뷰 모드";
> > /* Class = "NSButton"; ibShadowedToolTip = "분할 뷰 모드 해제"; ObjectID = "mIV-HS-pW3"; */
> > /* Class = "NSButton"; ibShadowedToolTip = "거울 뷰 모드"; ObjectID = "KHj-pC-25w"; */
> > /* Class = "NSButton"; ibShadowedToolTip = "분할 뷰 모드"; ObjectID = "oXm-bk-Sje"; */
> > /* Class = "NSButtonCell"; title = "취소"; ObjectID = "100"; */
> > /* Class = "NSButtonCell"; title = "적용"; ObjectID = "26"; */
> > /* Class = "NSMenuItem"; title = "항목"; ObjectID = "47B-FK-Yq1"; */
> > /* Class = "NSMenuItem"; title = "단색"; ObjectID = "5BA-uM-b6z"; */
> > /* Class = "NSMenuItem"; title = "색상"; ObjectID = "kD9-sV-H0R"; */
> > /* Class = "NSMenuItem"; title = "코사인"; ObjectID = "YF3-dq-gr7"; */
> > /* Class = "NSTextFieldCell"; title = "셀 크기"; ObjectID = "12"; */
> > /* Class = "NSTextFieldCell"; title = "대비"; ObjectID = "eKl-jE-goz"; */
