5,6c5,6
< /* Class = "NSTextFieldCell"; title = "Cell Size"; ObjectID = "12"; */
< "12.title" = "Cell Size";
---
> /* Class = "NSTextFieldCell"; title = "셀 크기"; ObjectID = "12"; */
> "12.title" = "셀 크기";
8,9c8,9
< /* Class = "NSButtonCell"; title = "Apply"; ObjectID = "26"; */
< "26.title" = "Apply";
---
> /* Class = "NSButtonCell"; title = "적용"; ObjectID = "26"; */
> "26.title" = "적용";
11,12c11,12
< /* Class = "NSButtonCell"; title = "Cancel"; ObjectID = "100"; */
< "100.title" = "Cancel";
---
> /* Class = "NSButtonCell"; title = "취소"; ObjectID = "100"; */
> "100.title" = "취소";
14,15c14,15
< /* Class = "NSMenuItem"; title = "Item"; ObjectID = "47B-FK-Yq1"; */
< "47B-FK-Yq1.title" = "Item";
---
> /* Class = "NSMenuItem"; title = "항목"; ObjectID = "47B-FK-Yq1"; */
> "47B-FK-Yq1.title" = "항목";
17,18c17,18
< /* Class = "NSMenuItem"; title = "Monochrome"; ObjectID = "5BA-uM-b6z"; */
< "5BA-uM-b6z.title" = "Monochrome";
---
> /* Class = "NSMenuItem"; title = "단색"; ObjectID = "5BA-uM-b6z"; */
> "5BA-uM-b6z.title" = "단색";
23,24c23,24
< /* Class = "NSButton"; ibShadowedToolTip = "Mirror view"; ObjectID = "KHj-pC-25w"; */
< "KHj-pC-25w.ibShadowedToolTip" = "Mirror view";
---
> /* Class = "NSButton"; ibShadowedToolTip = "거울 뷰 모드"; ObjectID = "KHj-pC-25w"; */
> "KHj-pC-25w.ibShadowedToolTip" = "거울 뷰 모드";
41,42c41,42
< /* Class = "NSMenuItem"; title = "Cosine"; ObjectID = "YF3-dq-gr7"; */
< "YF3-dq-gr7.title" = "Cosine";
---
> /* Class = "NSMenuItem"; title = "코사인"; ObjectID = "YF3-dq-gr7"; */
> "YF3-dq-gr7.title" = "코사인";
47,48c47,48
< /* Class = "NSTextFieldCell"; title = "Contrast"; ObjectID = "eKl-jE-goz"; */
< "eKl-jE-goz.title" = "Contrast";
---
> /* Class = "NSTextFieldCell"; title = "대비"; ObjectID = "eKl-jE-goz"; */
> "eKl-jE-goz.title" = "대비";
56c56
< /* Class = "NSMenuItem"; title = "Colour"; ObjectID = "kD9-sV-H0R"; */
---
> /* Class = "NSMenuItem"; title = "색상"; ObjectID = "kD9-sV-H0R"; */
59,60c59,60
< /* Class = "NSButton"; ibShadowedToolTip = "No split view"; ObjectID = "mIV-HS-pW3"; */
< "mIV-HS-pW3.ibShadowedToolTip" = "No split view";
---
> /* Class = "NSButton"; ibShadowedToolTip = "분할 뷰 모드 해제"; ObjectID = "mIV-HS-pW3"; */
> "mIV-HS-pW3.ibShadowedToolTip" = "분할 뷰 모드 해제";
62,63c62,63
< /* Class = "NSButton"; ibShadowedToolTip = "Split view"; ObjectID = "oXm-bk-Sje"; */
< "oXm-bk-Sje.ibShadowedToolTip" = "Split view";
---
> /* Class = "NSButton"; ibShadowedToolTip = "분할 뷰 모드"; ObjectID = "oXm-bk-Sje"; */
> "oXm-bk-Sje.ibShadowedToolTip" = "분할 뷰 모드";
