3c3
< "1.title" = "Halftone";
---
> "1.title" = "ハーフトーン";
6c6
< "12.title" = "Cell Size";
---
> "12.title" = "セルサイズ";
9c9
< "26.title" = "Apply";
---
> "26.title" = "適用";
12c12
< "100.title" = "Cancel";
---
> "100.title" = "キャンセル";
15c15
< "47B-FK-Yq1.title" = "Item";
---
> "47B-FK-Yq1.title" = "アイテム";
18c18
< "5BA-uM-b6z.title" = "Monochrome";
---
> "5BA-uM-b6z.title" = "モノクロ";
21c21
< "9C1-VV-GvL.title" = "Round";
---
> "9C1-VV-GvL.title" = "ラウンド";
24c24
< "KHj-pC-25w.ibShadowedToolTip" = "Mirror view";
---
> "KHj-pC-25w.ibShadowedToolTip" = "ミラー表示";
27c27
< "OoJ-Ud-45Q.title" = "Gray Component Replacement";
---
> "OoJ-Ud-45Q.title" = "グレーコンポーネントの置換";
30c30
< "Q5M-O5-iql.title" = "Line";
---
> "Q5M-O5-iql.title" = "線";
36c36
< "Qzf-oL-3SC.title" = "Screen";
---
> "Qzf-oL-3SC.title" = "スクリーン";
39c39
< "Scc-Mm-4KF.title" = "Dot";
---
> "Scc-Mm-4KF.title" = "ドット";
42c42
< "YF3-dq-gr7.title" = "Cosine";
---
> "YF3-dq-gr7.title" = "コサイン";
45c45
< "b0D-NO-33a.title" = "Circular";
---
> "b0D-NO-33a.title" = "循環";
48c48
< "eKl-jE-goz.title" = "Contrast";
---
> "eKl-jE-goz.title" = "コントラスト";
54c54
< "jOP-6z-MT5.title" = "Under Color Removal";
---
> "jOP-6z-MT5.title" = "下色除去(UCR)";
57c57
< "kD9-sV-H0R.title" = "Color";
---
> "kD9-sV-H0R.title" = "カラー";
60c60
< "mIV-HS-pW3.ibShadowedToolTip" = "No split view";
---
> "mIV-HS-pW3.ibShadowedToolTip" = "分割表示なし";
63c63
< "oXm-bk-Sje.ibShadowedToolTip" = "Split view";
---
> "oXm-bk-Sje.ibShadowedToolTip" = "分割表示";
66c66
< "yT7-EY-npm.title" = "Screen Angle";
---
> "yT7-EY-npm.title" = "スクリーン角度";
