3c3
< "1.title" = "Haze Removal";
---
> "1.title" = "かすみの除去";
6c6
< "26.title" = "Apply";
---
> "26.title" = "適用";
9c9
< "223.title" = "Cancel";
---
> "223.title" = "キャンセル";
12c12
< "GTn-6l-K7D.title" = "Distance";
---
> "GTn-6l-K7D.title" = "距離";
15c15
< "VJI-CJ-Epl.title" = "Strength";
---
> "VJI-CJ-Epl.title" = "強さ";
18c18
< "Voo-E8-N0Z.ibShadowedToolTip" = "No split view";
---
> "Voo-E8-N0Z.ibShadowedToolTip" = "分割表示なし";
21c21
< "f6i-aE-KGF.ibShadowedToolTip" = "Mirror view";
---
> "f6i-aE-KGF.ibShadowedToolTip" = "ミラー表示";
24c24
< "fWZ-cc-C6O.ibShadowedToolTip" = "Split view";
---
> "fWZ-cc-C6O.ibShadowedToolTip" = "分割表示";
27c27
< "yNS-db-h5g.title" = "Exposure Correction";
---
> "yNS-db-h5g.title" = "露出補正";
