1,40d0
< 3c3
< < "10q-og-tLQ.title" = "Extended Dynamic Range";
< ---
< > "10q-og-tLQ.title" = "拡張ダイナミックレンジ";
< 6c6
< < "1Nv-5d-iGu.title" = "Preview Gamma";
< ---
< > "1Nv-5d-iGu.title" = "プレビューのガンマ";
< 9c9
< < "8Sm-Jn-G3D.title" = "Preview Exposure";
< ---
< > "8Sm-Jn-G3D.title" = "プレビューの露出";
< 12c12
< < "AIj-Kv-oep.title" = "ICC Display Transform";
< ---
< > "AIj-Kv-oep.title" = "ICC表示変換";
< 15c15
< < "B4v-kv-MMk.title" = "Show EDR Clipping";
< ---
< > "B4v-kv-MMk.title" = "EDRクリッピングの表示";
< 18c18
< < "YRX-Lb-a06.title" = "OCIO Display Transform";
< ---
< > "YRX-Lb-a06.title" = "OCIO表示変換";
< 21c21
< < "sH2-Ry-KXV.title" = "Unmanaged";
< ---
< > "sH2-Ry-KXV.title" = "アンマネージド";
< 24c24
< < "tNg-Am-ExV.title" = "Display Transform";
< ---
< > "tNg-Am-ExV.title" = "表示変換";
< 27c27
< < "ucv-bI-ARn.title" = "Enable EDR";
< ---
< > "ucv-bI-ARn.title" = "EDRを有効にする";
< 30c30
< < "whK-FS-s9v.title" = "Clip to maximum";
< ---
< > "whK-FS-s9v.title" = "最大値にクリップ";
