2,10c2,8
< 12c12
< 15c15
< 18c18
< 21c21
< 24c24
< 3c3
< 6c6
< 9c9
< < "1.title" = "High Pass";
---
> 11,12c11,12
> 14,15c14,15
> 17,18c17,18
> 20,21c20,21
> 23,24c23,24
> 5,6c5,6
> 8,9c8,9
18,25c16,36
< > "1.title" = "ハイパス";
< > "12.title" = "半径";
< > "210.title" = "キャンセル";
< > "26.title" = "適用";
< > "O9j-fC-hxA.ibShadowedToolTip" = "ミラー表示";
< > "Ztp-Xh-6jd.ibShadowedToolTip" = "分割表示なし";
< > "c7D-h4-8n8.title" = "モノクロ";
< > "cef-RM-lYO.ibShadowedToolTip" = "分割表示";
---
> > "12.title" = "반지름";
> > "210.title" = "취소";
> > "26.title" = "적용";
> > "O9j-fC-hxA.ibShadowedToolTip" = "거울 보기";
> > "Ztp-Xh-6jd.ibShadowedToolTip" = "분할 보기 해제";
> > "c7D-h4-8n8.title" = "단색";
> > "cef-RM-lYO.ibShadowedToolTip" = "분할 보기";
