3c3
< "1.title" = "High Pass";
---
> "1.title" = "ハイパス";
6c6
< "12.title" = "Radius";
---
> "12.title" = "半径";
9c9
< "26.title" = "Apply";
---
> "26.title" = "適用";
12c12
< "210.title" = "Cancel";
---
> "210.title" = "キャンセル";
15c15
< "O9j-fC-hxA.ibShadowedToolTip" = "Mirror view";
---
> "O9j-fC-hxA.ibShadowedToolTip" = "ミラー表示";
18c18
< "Ztp-Xh-6jd.ibShadowedToolTip" = "No split view";
---
> "Ztp-Xh-6jd.ibShadowedToolTip" = "分割表示なし";
21c21
< "c7D-h4-8n8.title" = "Monochrome";
---
> "c7D-h4-8n8.title" = "モノクロ";
24c24
< "cef-RM-lYO.ibShadowedToolTip" = "Split view";
---
> "cef-RM-lYO.ibShadowedToolTip" = "分割表示";
