---
11,12c11,12
14,15c14,15
17,18c17,18
20,21c20,21
23,24c23,24
5,6c5,6
8,9c8,9
< "12.title" = "Radius";
< "210.title" = "Cancel";
< "26.title" = "Apply";
< "O9j-fC-hxA.ibShadowedToolTip" = "Mirror view";
< "Ztp-Xh-6jd.ibShadowedToolTip" = "No split view";
< "c7D-h4-8n8.title" = "Monochrome";
< "cef-RM-lYO.ibShadowedToolTip" = "Split view";
< /* Class = "NSButton"; ibShadowedToolTip = "Mirror view"; ObjectID = "O9j-fC-hxA"; */
< /* Class = "NSButton"; ibShadowedToolTip = "No split view"; ObjectID = "Ztp-Xh-6jd"; */
< /* Class = "NSButton"; ibShadowedToolTip = "Split view"; ObjectID = "cef-RM-lYO"; */
< /* Class = "NSButtonCell"; title = "Apply"; ObjectID = "26"; */
< /* Class = "NSButtonCell"; title = "Cancel"; ObjectID = "210"; */
< /* Class = "NSButtonCell"; title = "Monochrome"; ObjectID = "c7D-h4-8n8"; */
< /* Class = "NSTextFieldCell"; title = "Radius"; ObjectID = "12"; */
> "12.title" = "반지름";
> "210.title" = "취소";
> "26.title" = "적용";
> "O9j-fC-hxA.ibShadowedToolTip" = "거울 보기";
> "Ztp-Xh-6jd.ibShadowedToolTip" = "분할 보기 해제";
> "c7D-h4-8n8.title" = "단색";
> "cef-RM-lYO.ibShadowedToolTip" = "분할 보기";
> /* Class = "NSButton"; ibShadowedToolTip = "분할 보기 해제"; ObjectID = "Ztp-Xh-6jd"; */
> /* Class = "NSButton"; ibShadowedToolTip = "거울 보기"; ObjectID = "O9j-fC-hxA"; */
> /* Class = "NSButton"; ibShadowedToolTip = "분할 보기"; ObjectID = "cef-RM-lYO"; */
> /* Class = "NSButtonCell"; title = "취소"; ObjectID = "210"; */
> /* Class = "NSButtonCell"; title = "적용"; ObjectID = "26"; */
> /* Class = "NSButtonCell"; title = "단색"; ObjectID = "c7D-h4-8n8"; */
> /* Class = "NSTextFieldCell"; title = "반지름"; ObjectID = "12"; */
