1,5c1,2
< 3c3
< < "1.title" = "High Pass";
< ---
< > "1.title" = "ハイパス";
< 6c6
---
> 5,6c5,6
> < /* Class = "NSTextFieldCell"; title = "Radius"; ObjectID = "12"; */
8,9c5,8
< > "12.title" = "半径";
< 9c9
---
> > /* Class = "NSTextFieldCell"; title = "반지름"; ObjectID = "12"; */
> > "12.title" = "반지름";
> 8,9c8,9
> < /* Class = "NSButtonCell"; title = "Apply"; ObjectID = "26"; */
12,13c11,14
< > "26.title" = "適用";
< 12c12
---
> > /* Class = "NSButtonCell"; title = "적용"; ObjectID = "26"; */
> > "26.title" = "적용";
> 11,12c11,12
> < /* Class = "NSButtonCell"; title = "Cancel"; ObjectID = "210"; */
16,17c17,20
< > "210.title" = "キャンセル";
< 15c15
---
> > /* Class = "NSButtonCell"; title = "취소"; ObjectID = "210"; */
> > "210.title" = "취소";
> 14,15c14,15
> < /* Class = "NSButton"; ibShadowedToolTip = "Mirror view"; ObjectID = "O9j-fC-hxA"; */
20,21c23,26
< > "O9j-fC-hxA.ibShadowedToolTip" = "ミラー表示";
< 18c18
---
> > /* Class = "NSButton"; ibShadowedToolTip = "거울 뷰 모드"; ObjectID = "O9j-fC-hxA"; */
> > "O9j-fC-hxA.ibShadowedToolTip" = "거울 뷰 모드";
> 17,18c17,18
> < /* Class = "NSButton"; ibShadowedToolTip = "No split view"; ObjectID = "Ztp-Xh-6jd"; */
24,25c29,32
< > "Ztp-Xh-6jd.ibShadowedToolTip" = "分割表示なし";
< 21c21
---
> > /* Class = "NSButton"; ibShadowedToolTip = "분할 뷰 모드 해제"; ObjectID = "Ztp-Xh-6jd"; */
> > "Ztp-Xh-6jd.ibShadowedToolTip" = "분할 뷰 모드 해제";
> 20,21c20,21
> < /* Class = "NSButtonCell"; title = "Monochrome"; ObjectID = "c7D-h4-8n8"; */
28,29c35,38
< > "c7D-h4-8n8.title" = "モノクロ";
< 24c24
---
> > /* Class = "NSButtonCell"; title = "단색"; ObjectID = "c7D-h4-8n8"; */
> > "c7D-h4-8n8.title" = "단색";
> 23,24c23,24
> < /* Class = "NSButton"; ibShadowedToolTip = "Split view"; ObjectID = "cef-RM-lYO"; */
32c41,42
< > "cef-RM-lYO.ibShadowedToolTip" = "分割表示";
---
> > /* Class = "NSButton"; ibShadowedToolTip = "분할 뷰 모드"; ObjectID = "cef-RM-lYO"; */
> > "cef-RM-lYO.ibShadowedToolTip" = "분할 뷰 모드";
