3c3
< "27.title" = "Mean: -";
---
> "27.title" = "平均: -";
6c6
< "29.title" = "Std. Dev.: -";
---
> "29.title" = "標準偏差: -";
9c9
< "31.title" = "Median: -";
---
> "31.title" = "中間値: -";
12c12
< "35.title" = "Pixels: -";
---
> "35.title" = "ピクセル数: -";
15c15
< "37.title" = "Level: 0";
---
> "37.title" = "レベル: 0";
18c18
< "41.title" = "Pixels: 0";
---
> "41.title" = "ピクセル数: 0";
21c21
< "45.title" = "Percentile: 0";
---
> "45.title" = "パーセント: 0";
27c27
< "AsM-Bv-O9Z.title" = "Blue Channel";
---
> "AsM-Bv-O9Z.title" = "青チャンネル";
30c30
< "Do1-cG-Ego.title" = "Marquee";
---
> "Do1-cG-Ego.title" = "選択";
33c33
< "N68-1K-ZYy.title" = "Min:";
---
> "N68-1K-ZYy.title" = "最小:";
36c36
< "R1T-CA-D4X.ibShadowedToolTip" = "Coarse histogram - click to generate fine.";
---
> "R1T-CA-D4X.ibShadowedToolTip" = "粗いヒストグラム - クリックで詳細なヒストグラムを生成します。";
39c39
< "bwP-aM-2mO.title" = "Red Channel";
---
> "bwP-aM-2mO.title" = "赤チャンネル";
42c42
< "n1v-2h-mAY.title" = "Green Channel";
---
> "n1v-2h-mAY.title" = "緑チャンネル";
45c45
< "pCs-qB-MjK.title" = "Max:";
---
> "pCs-qB-MjK.title" = "最大:";
48c48
< "qqr-za-stZ.title" = "All Channels";
---
> "qqr-za-stZ.title" = "すべてのチャンネル";
51c51
< "r5W-c1-Ode.title" = "Layer";
---
> "r5W-c1-Ode.title" = "レイヤー";
