---
---
---
---
---
---
---
---
---
---
---
---
---
12c12
15c15
18c18
21c21
24c24
27c27
33c33
36c36
39c39
3c3
42c42
6c6
9c9
< "1.title" = "Live Hue Range Mask";
< "BvD-Vb-1mw.title" = "Preview";
< "Loc-Ae-w3a.title" = "Invert output";
< "Odr-un-1P0.title" = "Hue Range";
< "Qkh-t4-hcy.title" = "Delete preset";
< "Qyy-hp-iUk.title" = "Hue Range Blur Radius";
< "SBc-g9-Vcu.title" = "Create preset";
< "Zib-1Z-EOy.title" = "Opacity:";
< "auY-4H-POM.title" = "Picker";
< "fSY-0R-TuL.title" = "Rename preset";
< "gUb-Gn-Xog.title" = "Merge";
< "kmY-Lg-bQr.title" = "Delete";
< "w6O-3n-idl.title" = "Reset";
> "1.title" = "ライブ色相範囲マスク";
> "BvD-Vb-1mw.title" = "プレビュー";
> "Loc-Ae-w3a.title" = "出力を反転";
> "Odr-un-1P0.title" = "色相範囲";
> "Qkh-t4-hcy.title" = "プリセットを削除";
> "Qyy-hp-iUk.title" = "色相範囲シャドウぼかし";
> "SBc-g9-Vcu.title" = "プリセットを作成";
> "Zib-1Z-EOy.title" = "不透明度:";
> "auY-4H-POM.title" = "選択";
> "fSY-0R-TuL.title" = "プリセット名を変更";
> "gUb-Gn-Xog.title" = "結合";
> "kmY-Lg-bQr.title" = "削除";
> "w6O-3n-idl.title" = "リセット";
