2,18c2,8
< 12c12
< 15c15
< 18c18
< 21c21
< 24c24
< 27c27
< 33c33
< 36c36
< 39c39
< 3c3
< 42c42
< 6c6
< 9c9
< < "1.title" = "Live Hue Range Mask";
< < "BvD-Vb-1mw.title" = "Preview";
< < "Loc-Ae-w3a.title" = "Invert output";
< < "Odr-un-1P0.title" = "Hue Range";
---
> 14,15c14,15
> 20,21c20,21
> 23,24c23,24
> 32,33c32,33
> 35,36c35,36
> 38,39c38,39
> 41,42c41,42
20d9
< < "Qyy-hp-iUk.title" = "Hue Range Blur Radius";
23d11
< < "auY-4H-POM.title" = "Picker";
28,40c16,36
< > "1.title" = "ライブ色相範囲マスク";
< > "BvD-Vb-1mw.title" = "プレビュー";
< > "Loc-Ae-w3a.title" = "出力を反転";
< > "Odr-un-1P0.title" = "色相範囲";
< > "Qkh-t4-hcy.title" = "プリセットを削除";
< > "Qyy-hp-iUk.title" = "色相範囲シャドウぼかし";
< > "SBc-g9-Vcu.title" = "プリセットを作成";
< > "Zib-1Z-EOy.title" = "不透明度:";
< > "auY-4H-POM.title" = "選択";
< > "fSY-0R-TuL.title" = "プリセット名を変更";
< > "gUb-Gn-Xog.title" = "結合";
< > "kmY-Lg-bQr.title" = "削除";
< > "w6O-3n-idl.title" = "リセット";
---
> > "Qkh-t4-hcy.title" = "미리 설정 지우기";
> > "SBc-g9-Vcu.title" = "미리 설정 생성";
> > "Zib-1Z-EOy.title" = "불투명도:";
> > "fSY-0R-TuL.title" = "미리 설정 이름 변경";
> > "gUb-Gn-Xog.title" = "통합";
> > "kmY-Lg-bQr.title" = "지우기";
> > "w6O-3n-idl.title" = "재설정";
