2,15c2,9
< 12c12
< 15c15
< 18c18
< 24c24
< 27c27
< 30c30
< 33c33
< 36c36
< 39c39
< 42c42
< 45c45
< 48c48
< 6c6
< 9c9
---
> 11,12c11,12
> 23,24c23,24
> 26,27c26,27
> 29,30c29,30
> 35,36c35,36
> 41,42c41,42
> 47,48c47,48
> 5,6c5,6
17d10
< < "2WJ-zx-mVY.ibShadowedToolTip" = "Add Hyperlink";
19,20d11
< < "YpG-ou-VsK.ibShadowedToolTip" = "Go to Target";
< < "ZDF-K3-ZSH.ibShadowedToolTip" = "Remove Hyperlink";
24d14
< < "oeJ-Vg-8OU.title" = "Table View Cell";
26d15
< < "qiq-n6-Rvv.ibShadowedToolTip" = "Go to Source";
28d16
< < "up7-FM-6bQ.ibShadowedToolTip" = "Edit Hyperlink";
30,43c18,41
< > "1fN-xE-oEr.title" = "標準";
< > "2WJ-zx-mVY.ibShadowedToolTip" = "ハイパーリンクを追加";
< > "QkY-d3-q7i.title" = "ユーザー定義";
< > "YpG-ou-VsK.ibShadowedToolTip" = "ハイパーリンク先へ移動";
< > "ZDF-K3-ZSH.ibShadowedToolTip" = "ハイパーリンクを削除";
< > "giK-6j-qiX.title" = "カテゴリ";
< > "iZh-ez-kXg.headerCell.title" = "名前";
< > "ijU-lM-mHj.title" = "ユーザー定義";
< > "oeJ-Vg-8OU.title" = "表ビューセル";
< > "pcj-B1-7FM.title" = "テキストセル";
< > "qiq-n6-Rvv.ibShadowedToolTip" = "ハイパーリンク元へ移動";
< > "rX0-fH-UAv.title" = "標準";
< > "up7-FM-6bQ.ibShadowedToolTip" = "ハイパーリンクを編集";
< > "zwu-8Z-0hc.title" = "カテゴリ";
---
> > "1fN-xE-oEr.title" = "표준";
> > "QkY-d3-q7i.title" = "사용자 정의";
> > "giK-6j-qiX.title" = "범주";
> > "iZh-ez-kXg.headerCell.title" = "이름";
> > "ijU-lM-mHj.title" = "사용자 정의";
> > "pcj-B1-7FM.title" = "텍스트 셀";
> > "rX0-fH-UAv.title" = "표준";
> > "zwu-8Z-0hc.title" = "범주";
