5,6c5,6
< /* Class = "NSMenuItem"; title = "Standard"; ObjectID = "1fN-xE-oEr"; */
< "1fN-xE-oEr.title" = "Standard";
---
> /* Class = "NSMenuItem"; title = "표준"; ObjectID = "1fN-xE-oEr"; */
> "1fN-xE-oEr.title" = "표준";
11,12c11,12
< /* Class = "NSMenuItem"; title = "User Defined"; ObjectID = "QkY-d3-q7i"; */
< "QkY-d3-q7i.title" = "User Defined";
---
> /* Class = "NSMenuItem"; title = "사용자 정의"; ObjectID = "QkY-d3-q7i"; */
> "QkY-d3-q7i.title" = "사용자 정의";
23,24c23,24
< /* Class = "NSMenuItem"; title = "Categories"; ObjectID = "giK-6j-qiX"; */
< "giK-6j-qiX.title" = "Categories";
---
> /* Class = "NSMenuItem"; title = "범주"; ObjectID = "giK-6j-qiX"; */
> "giK-6j-qiX.title" = "범주";
26,27c26,27
< /* Class = "NSTableColumn"; headerCell.title = "Name"; ObjectID = "iZh-ez-kXg"; */
< "iZh-ez-kXg.headerCell.title" = "Name";
---
> /* Class = "NSTableColumn"; headerCell.title = "이름"; ObjectID = "iZh-ez-kXg"; */
> "iZh-ez-kXg.headerCell.title" = "이름";
29,30c29,30
< /* Class = "NSMenuItem"; title = "User Defined"; ObjectID = "ijU-lM-mHj"; */
< "ijU-lM-mHj.title" = "User Defined";
---
> /* Class = "NSMenuItem"; title = "사용자 정의"; ObjectID = "ijU-lM-mHj"; */
> "ijU-lM-mHj.title" = "사용자 정의";
35,36c35,36
< /* Class = "NSTextFieldCell"; title = "Text Cell"; ObjectID = "pcj-B1-7FM"; */
< "pcj-B1-7FM.title" = "Text Cell";
---
> /* Class = "NSTextFieldCell"; title = "텍스트 셀"; ObjectID = "pcj-B1-7FM"; */
> "pcj-B1-7FM.title" = "텍스트 셀";
41,42c41,42
< /* Class = "NSMenuItem"; title = "Standard"; ObjectID = "rX0-fH-UAv"; */
< "rX0-fH-UAv.title" = "Standard";
---
> /* Class = "NSMenuItem"; title = "표준"; ObjectID = "rX0-fH-UAv"; */
> "rX0-fH-UAv.title" = "표준";
47,48c47,48
< /* Class = "NSMenuItem"; title = "Categories"; ObjectID = "zwu-8Z-0hc"; */
< "zwu-8Z-0hc.title" = "Categories";
---
> /* Class = "NSMenuItem"; title = "범주"; ObjectID = "zwu-8Z-0hc"; */
> "zwu-8Z-0hc.title" = "범주";
