6c6
< "1fN-xE-oEr.title" = "Standard";
---
> "1fN-xE-oEr.title" = "標準";
9c9
< "2WJ-zx-mVY.ibShadowedToolTip" = "Add Hyperlink";
---
> "2WJ-zx-mVY.ibShadowedToolTip" = "ハイパーリンクを追加";
12c12
< "QkY-d3-q7i.title" = "User Defined";
---
> "QkY-d3-q7i.title" = "ユーザー定義";
15c15
< "YpG-ou-VsK.ibShadowedToolTip" = "Go to Target";
---
> "YpG-ou-VsK.ibShadowedToolTip" = "ハイパーリンク先へ移動";
18c18
< "ZDF-K3-ZSH.ibShadowedToolTip" = "Remove Hyperlink";
---
> "ZDF-K3-ZSH.ibShadowedToolTip" = "ハイパーリンクを削除";
24c24
< "giK-6j-qiX.title" = "Categories";
---
> "giK-6j-qiX.title" = "カテゴリ";
27c27
< "iZh-ez-kXg.headerCell.title" = "Name";
---
> "iZh-ez-kXg.headerCell.title" = "名前";
30c30
< "ijU-lM-mHj.title" = "User Defined";
---
> "ijU-lM-mHj.title" = "ユーザー定義";
33c33
< "oeJ-Vg-8OU.title" = "Table View Cell";
---
> "oeJ-Vg-8OU.title" = "表ビューセル";
36c36
< "pcj-B1-7FM.title" = "Text Cell";
---
> "pcj-B1-7FM.title" = "テキストセル";
39c39
< "qiq-n6-Rvv.ibShadowedToolTip" = "Go to Source";
---
> "qiq-n6-Rvv.ibShadowedToolTip" = "ハイパーリンク元へ移動";
42c42
< "rX0-fH-UAv.title" = "Standard";
---
> "rX0-fH-UAv.title" = "標準";
45c45
< "up7-FM-6bQ.ibShadowedToolTip" = "Edit Hyperlink";
---
> "up7-FM-6bQ.ibShadowedToolTip" = "ハイパーリンクを編集";
48c48
< "zwu-8Z-0hc.title" = "Categories";
---
> "zwu-8Z-0hc.title" = "カテゴリ";
