3c3
< "42y-vg-uRZ.title" = "Topic:";
---
> "42y-vg-uRZ.title" = "トピック:";
6c6
< "9rA-dv-fEf.title" = "Cancel";
---
> "9rA-dv-fEf.title" = "キャンセル";
9c9
< "F0z-JX-Cv5.title" = "Index Topic";
---
> "F0z-JX-Cv5.title" = "インデックストピック";
12c12
< "JBC-mS-DVp.ibShadowedToolTip" = "Move to Parent";
---
> "JBC-mS-DVp.ibShadowedToolTip" = "親に移動";
15c15
< "MVr-A4-BoX.title" = "Insert Topic Reference";
---
> "MVr-A4-BoX.title" = "トピック参照を挿入";
18c18
< "gqi-pB-7cv.title" = "Parent Topic:";
---
> "gqi-pB-7cv.title" = "親トピック:";
24c24
< "q1Z-ma-yRF.title" = "Style Override:";
---
> "q1Z-ma-yRF.title" = "スタイルオーバーライド:";
