1,5c1,2
< 3c3
< < "76x-pM-y03.title" = "See:";
< ---
< > "76x-pM-y03.title" = "参照項目:";
< 6c6
---
> 5,6c5,6
> < /* Class = "NSWindow"; title = "Window"; ObjectID = "F0z-JX-Cv5"; */
8,13c5,8
< > "F0z-JX-Cv5.title" = "ウィンドウ";
< 9c9
< < "jUB-6V-MBq.title" = "Add cross-reference";
< ---
< > "jUB-6V-MBq.title" = "相互参照を追加";
< 15c15
---
> > /* Class = "NSWindow"; title = "윈도우"; ObjectID = "F0z-JX-Cv5"; */
> > "F0z-JX-Cv5.title" = "윈도우";
> 14,15c14,15
> < /* Class = "NSButtonCell"; title = "Cancel"; ObjectID = "zeh-OH-A6b"; */
16c11,12
< > "zeh-OH-A6b.title" = "キャンセル";
---
> > /* Class = "NSButtonCell"; title = "취소"; ObjectID = "zeh-OH-A6b"; */
> > "zeh-OH-A6b.title" = "취소";
