2,9c2
< 12c12
< 15c15
< 18c18
< 24c24
< 3c3
< 6c6
< 9c9
< < "42y-vg-uRZ.title" = "Topic:";
---
> 5,6c5,6
11,22c4,6
< < "F0z-JX-Cv5.title" = "Index Topic";
< < "JBC-mS-DVp.ibShadowedToolTip" = "Move to Parent";
< < "MVr-A4-BoX.title" = "Insert Topic Reference";
< < "gqi-pB-7cv.title" = "Parent Topic:";
< < "q1Z-ma-yRF.title" = "Style Override:";
< > "42y-vg-uRZ.title" = "トピック:";
< > "9rA-dv-fEf.title" = "キャンセル";
< > "F0z-JX-Cv5.title" = "インデックストピック";
< > "JBC-mS-DVp.ibShadowedToolTip" = "親に移動";
< > "MVr-A4-BoX.title" = "トピック参照を挿入";
< > "gqi-pB-7cv.title" = "親トピック:";
< > "q1Z-ma-yRF.title" = "スタイルオーバーライド:";
---
> > "9rA-dv-fEf.title" = "취소";
