2,3c2,3
< /* Class = "NSButtonCell"; title = "Done"; ObjectID = "Rvh-ho-h5E"; */
< "Rvh-ho-h5E.title" = "Done";
---
> /* Class = "NSButtonCell"; title = "완료"; ObjectID = "Rvh-ho-h5E"; */
> "Rvh-ho-h5E.title" = "완료";
5,6c5,6
< /* Class = "NSTextFieldCell"; title = "Label"; ObjectID = "dML-GY-M3Z"; */
< "dML-GY-M3Z.title" = "Label";
---
> /* Class = "NSTextFieldCell"; title = "라벨"; ObjectID = "dML-GY-M3Z"; */
> "dML-GY-M3Z.title" = "라벨";
8,9c8,9
< /* Class = "NSTextFieldCell"; title = "Text Cell"; ObjectID = "ekp-hI-I42"; */
< "ekp-hI-I42.title" = "Text Cell";
---
> /* Class = "NSTextFieldCell"; title = "텍스트 셀"; ObjectID = "ekp-hI-I42"; */
> "ekp-hI-I42.title" = "텍스트 셀";
11,12c11,12
< /* Class = "NSTextFieldCell"; title = "Text Cell"; ObjectID = "jfh-61-bw7"; */
< "jfh-61-bw7.title" = "Text Cell";
---
> /* Class = "NSTextFieldCell"; title = "텍스트 셀"; ObjectID = "jfh-61-bw7"; */
> "jfh-61-bw7.title" = "텍스트 셀";
14,15c14,15
< /* Class = "NSTextFieldCell"; title = "All"; ObjectID = "re7-tS-UnR"; */
< "re7-tS-UnR.title" = "All";
---
> /* Class = "NSTextFieldCell"; title = "모두"; ObjectID = "re7-tS-UnR"; */
> "re7-tS-UnR.title" = "모두";
