1c1,2
< 3c3
---
> 2,3c2,3
> < /* Class = "NSButton"; ibShadowedToolTip = "Delete"; ObjectID = "3fV-jJ-Jgt"; */
4,37c5,8
< > "3fV-jJ-Jgt.ibShadowedToolTip" = "削除";
< 6c6
< < "6Ki-7u-MBH.title" = "Show Topics and References";
< ---
< > "6Ki-7u-MBH.title" = "トピックとリファレンスの表示";
< 9c9
< < "83E-B9-ZlP.ibShadowedToolTip" = "Insert Marker";
< ---
< > "83E-B9-ZlP.ibShadowedToolTip" = "マーカーの挿入";
< 12c12
< < "FMV-B5-33m.title" = "Edit Topic…";
< ---
< > "FMV-B5-33m.title" = "トピックの編集…";
< 15c15
< < "McN-hp-0lT.ibShadowedToolTip" = "Add Topic";
< ---
< > "McN-hp-0lT.ibShadowedToolTip" = "トピックを追加";
< 18c18
< < "WDB-g7-cro.title" = "Table View Cell";
< ---
< > "WDB-g7-cro.title" = "表ビューセル";
< 21c21
< < "XZx-22-BC7.ibShadowedToolTip" = "Insert Index";
< ---
< > "XZx-22-BC7.ibShadowedToolTip" = "インデックスの挿入";
< 24c24
< < "dNU-MI-6na.placeholderString" = "Filter";
< ---
< > "dNU-MI-6na.placeholderString" = "フィルター";
< 27c27
< < "gQX-2E-cyq.title" = "Show Topics";
< ---
< > "gQX-2E-cyq.title" = "トピックを表示";
< 30c30
---
> > /* Class = "NSButton"; ibShadowedToolTip = "지우기"; ObjectID = "3fV-jJ-Jgt"; */
> > "3fV-jJ-Jgt.ibShadowedToolTip" = "지우기";
> 29,30c29,30
> < /* Class = "NSTextFieldCell"; title = "Text Cell"; ObjectID = "mNo-sw-QPa"; */
40,52c11,12
< > "mNo-sw-QPa.title" = "テキストセル";
< 33c33
< < "qun-KE-Cly.ibShadowedToolTip" = "Update";
< ---
< > "qun-KE-Cly.ibShadowedToolTip" = "更新";
< 36c36
< < "rLq-Pb-vt8.ibShadowedToolTip" = "Show/Hide Index Marks";
< ---
< > "rLq-Pb-vt8.ibShadowedToolTip" = "インデックスマークの表示/非表示";
< 39c39
< < "uuI-lg-7yU.title" = "Table View Cell";
< ---
< > "uuI-lg-7yU.title" = "表ビューセル";
---
> > /* Class = "NSTextFieldCell"; title = "텍스트 셀"; ObjectID = "mNo-sw-QPa"; */
> > "mNo-sw-QPa.title" = "텍스트 셀";
