---
---
---
---
---
---
---
---
---
---
---
---
---
12c12
15c15
18c18
21c21
24c24
27c27
30c30
33c33
36c36
39c39
3c3
6c6
9c9
< "3fV-jJ-Jgt.ibShadowedToolTip" = "Delete";
< "6Ki-7u-MBH.title" = "Show Topics and References";
< "83E-B9-ZlP.ibShadowedToolTip" = "Insert Marker";
< "FMV-B5-33m.title" = "Edit Topic…";
< "McN-hp-0lT.ibShadowedToolTip" = "Add Topic";
< "WDB-g7-cro.title" = "Table View Cell";
< "XZx-22-BC7.ibShadowedToolTip" = "Insert Index";
< "dNU-MI-6na.placeholderString" = "Filter";
< "gQX-2E-cyq.title" = "Show Topics";
< "mNo-sw-QPa.title" = "Text Cell";
< "qun-KE-Cly.ibShadowedToolTip" = "Update";
< "rLq-Pb-vt8.ibShadowedToolTip" = "Show/Hide Index Marks";
< "uuI-lg-7yU.title" = "Table View Cell";
> "3fV-jJ-Jgt.ibShadowedToolTip" = "削除";
> "6Ki-7u-MBH.title" = "トピックとリファレンスの表示";
> "83E-B9-ZlP.ibShadowedToolTip" = "マーカーの挿入";
> "FMV-B5-33m.title" = "トピックの編集…";
> "McN-hp-0lT.ibShadowedToolTip" = "トピックを追加";
> "WDB-g7-cro.title" = "表ビューセル";
> "XZx-22-BC7.ibShadowedToolTip" = "インデックスの挿入";
> "dNU-MI-6na.placeholderString" = "フィルター";
> "gQX-2E-cyq.title" = "トピックを表示";
> "mNo-sw-QPa.title" = "テキストセル";
> "qun-KE-Cly.ibShadowedToolTip" = "更新";
> "rLq-Pb-vt8.ibShadowedToolTip" = "インデックスマークの表示/非表示";
> "uuI-lg-7yU.title" = "表ビューセル";
