12c12
< "8kU-HI-EaK.ibShadowedToolTip" = "Color Model";
---
> "8kU-HI-EaK.ibShadowedToolTip" = "カラーモデル";
15c15
< "9O4-TR-JTF.title" = "Total Ink";
---
> "9O4-TR-JTF.title" = "インク総量";
21c21
< "Nio-HA-ebK.title" = "Grayscale";
---
> "Nio-HA-ebK.title" = "グレースケール";
30c30
< "c6Q-JF-JEt.ibShadowedToolTip" = "Sample From Location";
---
> "c6Q-JF-JEt.ibShadowedToolTip" = "場所からサンプル取得";
36c36
< "i92-hs-6TD.ibShadowedToolTip" = "Sample From Cursor";
---
> "i92-hs-6TD.ibShadowedToolTip" = "カーソルからサンプル取得";
54c54
< "zax-Ol-sKw.title" = "RGB Hex";
---
> "zax-Ol-sKw.title" = "RGB 16進";
