1,19d0
< ---
< 12c12
< 15c15
< 21c21
< 30c30
< 36c36
< 54c54
< < "8kU-HI-EaK.ibShadowedToolTip" = "Color Model";
< < "9O4-TR-JTF.title" = "Total Ink";
< < "Nio-HA-ebK.title" = "Grayscale";
< < "c6Q-JF-JEt.ibShadowedToolTip" = "Sample From Location";
< < "i92-hs-6TD.ibShadowedToolTip" = "Sample From Cursor";
< < "zax-Ol-sKw.title" = "RGB Hex";
< > "8kU-HI-EaK.ibShadowedToolTip" = "カラーモデル";
< > "9O4-TR-JTF.title" = "インク総量";
< > "Nio-HA-ebK.title" = "グレースケール";
< > "c6Q-JF-JEt.ibShadowedToolTip" = "場所からサンプル取得";
< > "i92-hs-6TD.ibShadowedToolTip" = "カーソルからサンプル取得";
< > "zax-Ol-sKw.title" = "RGB 16進";
