2,15c2,9
< 12c12
< 15c15
< 18c18
< 21c21
< 24c24
< 27c27
< 30c30
< 33c33
< 36c36
< 39c39
< 3c3
< 6c6
< 9c9
< < "1.title" = "Live Luminosity Range Mask";
---
> 17,18c17,18
> 23,24c23,24
> 26,27c26,27
> 29,30c29,30
> 32,33c32,33
> 38,39c38,39
> 5,6c5,6
> 8,9c8,9
18,19d11
< < "Loc-Ae-w3a.title" = "Invert output";
< < "MMT-eP-hLV.title" = "Preview";
21d12
< < "Qyy-hp-iUk.title" = "Blur Radius";
26d16
< < "uhE-DR-JW9.title" = "Luminosity Map";
28,40c18,41
< > "1.title" = "ライブ輝度範囲マスク";
< > "5ee-zK-QV0.title" = "線形";
< > "EaD-3g-pW7.title" = "プリセット名を変更";
< > "Loc-Ae-w3a.title" = "出力を反転";
< > "MMT-eP-hLV.title" = "プレビュー";
< > "Q4q-Pr-O8K.title" = "結合";
< > "Qyy-hp-iUk.title" = "ぼかし半径";
< > "Sjb-01-t3A.title" = "プリセットを削除";
< > "T3q-gD-78Z.title" = "リセット";
< > "dJa-gA-m2Q.title" = "不透明度:";
< > "hWr-Cy-D70.title" = "削除";
< > "uhE-DR-JW9.title" = "輝度マップ";
< > "wCt-GR-asw.title" = "プリセットを作成";
---
> > "5ee-zK-QV0.title" = "선형";
> > "EaD-3g-pW7.title" = "미리 설정 이름 변경";
> > "Q4q-Pr-O8K.title" = "통합";
> > "Sjb-01-t3A.title" = "미리 설정 지우기";
> > "T3q-gD-78Z.title" = "재설정";
> > "dJa-gA-m2Q.title" = "불투명도:";
> > "hWr-Cy-D70.title" = "지우기";
> > "wCt-GR-asw.title" = "미리 설정 생성";
