---
12c12
15c15
18c18
21c21
24c24
27c27
30c30
33c33
36c36
39c39
3c3
6c6
9c9
< "1.title" = "Live Luminosity Range Mask";
< "5ee-zK-QV0.title" = "Linear";
< "EaD-3g-pW7.title" = "Rename preset";
< "Loc-Ae-w3a.title" = "Invert output";
< "MMT-eP-hLV.title" = "Preview";
< "Q4q-Pr-O8K.title" = "Merge";
< "Qyy-hp-iUk.title" = "Blur Radius";
< "Sjb-01-t3A.title" = "Delete preset";
< "T3q-gD-78Z.title" = "Reset";
< "dJa-gA-m2Q.title" = "Opacity:";
< "hWr-Cy-D70.title" = "Delete";
< "uhE-DR-JW9.title" = "Luminosity Map";
< "wCt-GR-asw.title" = "Create preset";
> "1.title" = "ライブ輝度範囲マスク";
> "5ee-zK-QV0.title" = "線形";
> "EaD-3g-pW7.title" = "プリセット名を変更";
> "Loc-Ae-w3a.title" = "出力を反転";
> "MMT-eP-hLV.title" = "プレビュー";
> "Q4q-Pr-O8K.title" = "結合";
> "Qyy-hp-iUk.title" = "ぼかし半径";
> "Sjb-01-t3A.title" = "プリセットを削除";
> "T3q-gD-78Z.title" = "リセット";
> "dJa-gA-m2Q.title" = "不透明度:";
> "hWr-Cy-D70.title" = "削除";
> "uhE-DR-JW9.title" = "輝度マップ";
> "wCt-GR-asw.title" = "プリセットを作成";
