7,31c7,12
< ---
< ---
< ---
< ---
< ---
< ---
< ---
< ---
< ---
< 12c12
< 15c15
< 18c18
< 21c21
< 24c24
< 27c27
< 30c30
< 33c33
< 36c36
< 39c39
< 3c3
< 42c42
< 45c45
< 6c6
< 9c9
< < "Erd-9p-1tB.title" = "Apply to all";
---
> 14,15c14,15
> 23,24c23,24
> 29,30c29,30
> 41,42c41,42
> 44,45c44,45
> 5,6c5,6
33,34d13
< < "Fzd-8q-55e.title" = "Table View Cell";
< < "G9L-6j-cUQ.headerCell.title" = "Items";
36,37d14
< < "PZp-FZ-g5R.title" = "Table View Cell";
< < "QKJ-aE-Rba.headerCell.title" = "Keys";
39d15
< < "WcY-hn-L7H.title" = "Modifiers are not permitted.";
41,43d16
< < "aJW-Ux-ZJ8.title" = "Duplicate Check";
< < "d5u-B6-Eoy.title" = "Clear All Shortcuts";
< < "f81-la-BRR.title" = "Ignore Modifier";
46,60c19,36
< > "Erd-9p-1tB.title" = "すべてに適用";
< > "F0z-JX-Cv5.title" = "キーボードショートカット";
< > "Fzd-8q-55e.title" = "表ビューセル";
< > "G9L-6j-cUQ.headerCell.title" = "項目";
< > "PQk-Ee-kSs.title" = "テキストセル";
< > "PZp-FZ-g5R.title" = "表ビューセル";
< > "QKJ-aE-Rba.headerCell.title" = "キー";
< > "REh-7S-Dmd.title" = "保存";
< > "WcY-hn-L7H.title" = "修飾キーは許容されません。";
< > "Xm5-oB-JOM.title" = "リセット";
< > "aJW-Ux-ZJ8.title" = "重複チェック";
< > "d5u-B6-Eoy.title" = "すべてのショートカットをクリア";
< > "f81-la-BRR.title" = "修飾キーを無視";
< > "knY-tt-Md0.title" = "テキストセル";
< > "lfV-Xl-Qpb.title" = "読み込み";
---
> < /* Class = "NSButtonCell"; title = "Load"; ObjectID = "lfV-Xl-Qpb"; */
> < /* Class = "NSButtonCell"; title = "Reset"; ObjectID = "Xm5-oB-JOM"; */
> < /* Class = "NSButtonCell"; title = "Save"; ObjectID = "REh-7S-Dmd"; */
> < /* Class = "NSTextFieldCell"; title = "Text Cell"; ObjectID = "PQk-Ee-kSs"; */
> < /* Class = "NSTextFieldCell"; title = "Text Cell"; ObjectID = "knY-tt-Md0"; */
> < /* Class = "NSWindow"; title = "Keyboard Shortcuts"; ObjectID = "F0z-JX-Cv5"; */
> > "F0z-JX-Cv5.title" = "키보드 단축키";
> > "PQk-Ee-kSs.title" = "텍스트 셀";
> > "REh-7S-Dmd.title" = "저장";
> > "Xm5-oB-JOM.title" = "재설정";
> > "knY-tt-Md0.title" = "텍스트 셀";
> > "lfV-Xl-Qpb.title" = "불러오기";
> > /* Class = "NSButtonCell"; title = "저장"; ObjectID = "REh-7S-Dmd"; */
> > /* Class = "NSButtonCell"; title = "재설정"; ObjectID = "Xm5-oB-JOM"; */
> > /* Class = "NSButtonCell"; title = "불러오기"; ObjectID = "lfV-Xl-Qpb"; */
> > /* Class = "NSTextFieldCell"; title = "텍스트 셀"; ObjectID = "PQk-Ee-kSs"; */
> > /* Class = "NSTextFieldCell"; title = "텍스트 셀"; ObjectID = "knY-tt-Md0"; */
> > /* Class = "NSWindow"; title = "키보드 단축키"; ObjectID = "F0z-JX-Cv5"; */
