3c3
< "Erd-9p-1tB.title" = "Apply to all";
---
> "Erd-9p-1tB.title" = "すべてに適用";
6c6
< "F0z-JX-Cv5.title" = "Keyboard Shortcuts";
---
> "F0z-JX-Cv5.title" = "キーボードショートカット";
9c9
< "Fzd-8q-55e.title" = "Table View Cell";
---
> "Fzd-8q-55e.title" = "表ビューセル";
12c12
< "G9L-6j-cUQ.headerCell.title" = "Items";
---
> "G9L-6j-cUQ.headerCell.title" = "項目";
15c15
< "PQk-Ee-kSs.title" = "Text Cell";
---
> "PQk-Ee-kSs.title" = "テキストセル";
18c18
< "PZp-FZ-g5R.title" = "Table View Cell";
---
> "PZp-FZ-g5R.title" = "表ビューセル";
21c21
< "QKJ-aE-Rba.headerCell.title" = "Keys";
---
> "QKJ-aE-Rba.headerCell.title" = "キー";
24c24
< "REh-7S-Dmd.title" = "Save";
---
> "REh-7S-Dmd.title" = "保存";
27c27
< "WcY-hn-L7H.title" = "Modifiers are not permitted.";
---
> "WcY-hn-L7H.title" = "修飾キーは許容されません。";
30c30
< "Xm5-oB-JOM.title" = "Reset";
---
> "Xm5-oB-JOM.title" = "リセット";
33c33
< "aJW-Ux-ZJ8.title" = "Duplicate Check";
---
> "aJW-Ux-ZJ8.title" = "重複チェック";
36c36
< "d5u-B6-Eoy.title" = "Clear All Shortcuts";
---
> "d5u-B6-Eoy.title" = "すべてのショートカットをクリア";
39c39
< "f81-la-BRR.title" = "Ignore Modifier";
---
> "f81-la-BRR.title" = "修飾キーを無視";
42c42
< "knY-tt-Md0.title" = "Text Cell";
---
> "knY-tt-Md0.title" = "テキストセル";
45c45
< "lfV-Xl-Qpb.title" = "Load";
---
> "lfV-Xl-Qpb.title" = "読み込み";
