8,9c8,9
< /* Class = "NSTextFieldCell"; title = "Style"; ObjectID = "b9b-B4-8WO"; */
< "b9b-B4-8WO.title" = "Style";
---
> /* Class = "NSTextFieldCell"; title = "스타일"; ObjectID = "b9b-B4-8WO"; */
> "b9b-B4-8WO.title" = "스타일";
14,15c14,15
< /* Class = "NSButton"; ibShadowedToolTip = "Apply"; ObjectID = "tGz-Zi-ehH"; */
< "tGz-Zi-ehH.ibShadowedToolTip" = "Apply";
---
> /* Class = "NSButton"; ibShadowedToolTip = "적용"; ObjectID = "tGz-Zi-ehH"; */
> "tGz-Zi-ehH.ibShadowedToolTip" = "적용";
17,18c17,18
< /* Class = "NSButton"; ibShadowedToolTip = "Mask"; ObjectID = "uDJ-Tu-qAQ"; */
< "uDJ-Tu-qAQ.ibShadowedToolTip" = "Mask";
---
> /* Class = "NSButton"; ibShadowedToolTip = "마스크"; ObjectID = "uDJ-Tu-qAQ"; */
> "uDJ-Tu-qAQ.ibShadowedToolTip" = "마스크";
20,21c20,21
< /* Class = "NSTextFieldCell"; title = "Style"; ObjectID = "vbj-KY-rpj"; */
< "vbj-KY-rpj.title" = "Style";
---
> /* Class = "NSTextFieldCell"; title = "스타일"; ObjectID = "vbj-KY-rpj"; */
> "vbj-KY-rpj.title" = "스타일";
