6c6
< "108.title" = "Opacity:";
---
> "108.title" = "不透明度:";
9c9
< "157.ibShadowedToolTip" = "Add Layer";
---
> "157.ibShadowedToolTip" = "レイヤーを追加";
12c12
< "164.ibShadowedToolTip" = "Remove Layer";
---
> "164.ibShadowedToolTip" = "レイヤーを削除";
15c15
< "167.ibShadowedToolTip" = "Mask Layer";
---
> "167.ibShadowedToolTip" = "マスクレイヤー";
18c18
< "170.ibShadowedToolTip" = "Adjustments";
---
> "170.ibShadowedToolTip" = "調整";
21c21
< "173.ibShadowedToolTip" = "Layer Effects";
---
> "173.ibShadowedToolTip" = "レイヤーエフェクト";
24c24
< "0N1-K6-tCa.title" = "Mask to Below";
---
> "0N1-K6-tCa.title" = "下のレイヤーにマスクを使用";
27c27
< "0ei-lO-DFN.title" = "Lock";
---
> "0ei-lO-DFN.title" = "ロック";
30c30
< "0vB-oy-A9X.title" = "Procedural Texture…";
---
> "0vB-oy-A9X.title" = "プロシージャルテクスチャ…";
33c33
< "2Hb-1s-nNS.title" = "Duplicate";
---
> "2Hb-1s-nNS.title" = "複製";
36c36
< "2UE-TY-ZEp.title" = "Field Blur…";
---
> "2UE-TY-ZEp.title" = "フィールドぼかし…";
39c39
< "2zz-tV-sEO.title" = "Cut";
---
> "2zz-tV-sEO.title" = "カット";
42c42
< "3Cy-pU-xbV.title" = "Color Balance…";
---
> "3Cy-pU-xbV.title" = "カラーバランス…";
45c45
< "3KO-uC-p7G.title" = "Paste";
---
> "3KO-uC-p7G.title" = "ペースト";
48c48
< "3PJ-5b-LTw.title" = "Preflight Comment";
---
> "3PJ-5b-LTw.title" = "プリフライトコメント";
51c51
< "3pC-0D-ZMZ.title" = "Select Parent";
---
> "3pC-0D-ZMZ.title" = "親を選択";
54c54
< "3sn-hH-AxX.title" = "Group";
---
> "3sn-hH-AxX.title" = "グループ化";
57c57
< "410-7P-30G.title" = "Release";
---
> "410-7P-30G.title" = "解除";
60c60
< "4bE-Ph-Kya.ibShadowedToolTip" = "Lock/Unlock";
---
> "4bE-Ph-Kya.ibShadowedToolTip" = "ロック/ロック解除";
63c63
< "54n-ro-kqV.title" = "Spherical…";
---
> "54n-ro-kqV.title" = "球面…";
66c66
< "5IQ-Lu-TDX.title" = "Dust & Scratches…";
---
> "5IQ-Lu-TDX.title" = "ダスト&スクラッチ…";
69c69
< "5eK-jL-Jut.title" = "Release Mask";
---
> "5eK-jL-Jut.title" = "マスクの解除";
72c72
< "651-f4-Nf5.title" = "Voronoi…";
---
> "651-f4-Nf5.title" = "水晶…";
75c75
< "6f3-Ib-fxL.title" = "Posterize…";
---
> "6f3-Ib-fxL.title" = "ポスタライズ…";
78c78
< "71e-Zc-lJH.title" = "Depth Of Field…";
---
> "71e-Zc-lJH.title" = "被写界深度…";
81c81
< "7Ab-hq-qJg.title" = "Hide";
---
> "7Ab-hq-qJg.title" = "非表示";
84c84
< "7eK-A4-q39.title" = "Delete";
---
> "7eK-A4-q39.title" = "削除";
87c87
< "7eq-yN-pCf.title" = "Exclude from Snapping";
---
> "7eq-yN-pCf.title" = "スナップから除外";
90c90
< "7tZ-zN-cL9.title" = "Mask to Below";
---
> "7tZ-zN-cL9.title" = "下のレイヤーにマスクを使用";
93c93
< "87p-cM-8aU.title" = "Lock";
---
> "87p-cM-8aU.title" = "ロック";
96c96
< "8x7-Ck-GRK.title" = "Edit Frame Content";
---
> "8x7-Ck-GRK.title" = "フレームコンテンツを編集";
99c99
< "9DK-c4-kDe.title" = "New Layer";
---
> "9DK-c4-kDe.title" = "新規レイヤー";
102c102
< "9OG-Fb-KB2.title" = "Cut";
---
> "9OG-Fb-KB2.title" = "カット";
105c105
< "9h1-iC-Lh3.title" = "Arc - Vertical";
---
> "9h1-iC-Lh3.title" = "円弧 - 垂直";
108c108
< "ADS-DR-aKK.title" = "Refine Mask...";
---
> "ADS-DR-aKK.title" = "マスクの調整...";
111c111
< "Adn-9m-x7e.title" = "Normals…";
---
> "Adn-9m-x7e.title" = "法線…";
114c114
< "Ajp-cQ-VFF.title" = "Mesh Warp…";
---
> "Ajp-cQ-VFF.title" = "メッシュワープ…";
117c117
< "BMy-y6-fUm.title" = "Rasterize & Trim…";
---
> "BMy-y6-fUm.title" = "ラスタライズ&トリム…";
120c120
< "BU4-y1-JP2.title" = "Rasterize & Trim…";
---
> "BU4-y1-JP2.title" = "ラスタライズ&トリム…";
123c123
< "Bhe-Rj-DGT.title" = "Twist";
---
> "Bhe-Rj-DGT.title" = "ツイスト";
126c126
< "BkK-Co-xJV.title" = "Color Tag Placeholder";
---
> "BkK-Co-xJV.title" = "カラータグプレースホルダー";
129c129
< "C8u-AZ-voy.title" = "Ripple…";
---
> "C8u-AZ-voy.title" = "波紋…";
132c132
< "CBp-Ub-Dp8.title" = "Selective Color…";
---
> "CBp-Ub-Dp8.title" = "特定色域…";
135c135
< "CNa-ig-aaT.title" = "Empty Mask";
---
> "CNa-ig-aaT.title" = "空のマスク";
138c138
< "CRZ-rD-EK4.title" = "Merge Down";
---
> "CRZ-rD-EK4.title" = "下のレイヤーと結合";
141c141
< "D3K-5a-rHG.title" = "Show Object Type";
---
> "D3K-5a-rHG.title" = "オブジェクトタイプを表示";
144c144
< "DAc-v6-0rC.title" = "Diffuse…";
---
> "DAc-v6-0rC.title" = "拡散…";
147c147
< "DXI-ee-UI2.title" = "Bend - Horizontal";
---
> "DXI-ee-UI2.title" = "曲げ - 水平";
150c150
< "Dix-1O-NLA.title" = "Hide Others";
---
> "Dix-1O-NLA.title" = "他を隠す";
153c153
< "DuV-rb-GfA.title" = "Expand Selection";
---
> "DuV-rb-GfA.title" = "選択範囲の展開";
156c156
< "E6G-hK-iFa.title" = "Merge Visible";
---
> "E6G-hK-iFa.title" = "表示レイヤーを結合";
159c159
< "EUZ-cx-w79.title" = "Levels…";
---
> "EUZ-cx-w79.title" = "レベル…";
162c162
< "Ebf-rT-roF.title" = "Color Tag Placeholder";
---
> "Ebf-rT-roF.title" = "カラータグプレースホルダー";
165c165
< "Fda-Uy-jwc.title" = "Quad";
---
> "Fda-Uy-jwc.title" = "クアッド";
168c168
< "FoJ-NY-5Ov.title" = "Paste";
---
> "FoJ-NY-5Ov.title" = "ペースト";
171c171
< "GNc-XS-WkR.ibShadowedToolTip" = "Warp";
---
> "GNc-XS-WkR.ibShadowedToolTip" = "ワープ";
174c174
< "GvO-16-DzV.title" = "Denoise…";
---
> "GvO-16-DzV.title" = "ノイズ除去…";
177c177
< "Gye-W2-jRI.title" = "Perspective…";
---
> "Gye-W2-jRI.title" = "パースペクティブ…";
180c180
< "H5V-Ku-YBI.title" = "Maximum Blur…";
---
> "H5V-Ku-YBI.title" = "最大ぼかし…";
183c183
< "HRa-fh-uj1.title" = "Minimum Blur…";
---
> "HRa-fh-uj1.title" = "最小ぼかし…";
186c186
< "HY8-Nu-XR5.ibShadowedToolTip" = "Live Filters";
---
> "HY8-Nu-XR5.ibShadowedToolTip" = "ライブフィルター";
189c189
< "HdJ-lz-exU.title" = "New Pixel Layer";
---
> "HdJ-lz-exU.title" = "新規ピクセルレイヤー";
192c192
< "HdS-WT-IE7.title" = "Release";
---
> "HdS-WT-IE7.title" = "解除";
195c195
< "I4d-uU-nRU.title" = "Invert";
---
> "I4d-uU-nRU.title" = "反転";
198c198
< "IEh-6e-cCG.title" = "Lens Filter…";
---
> "IEh-6e-cCG.title" = "レンズフィルター…";
201c201
< "IMu-Gr-bUZ.title" = "Collapse Selection";
---
> "IMu-Gr-bUZ.title" = "選択範囲の折りたたみ";
204c204
< "Ijy-rQ-bU2.title" = "Expand Selection";
---
> "Ijy-rQ-bU2.title" = "選択範囲の展開";
207c207
< "IkG-NO-9Zx.title" = "Hide";
---
> "IkG-NO-9Zx.title" = "非表示";
210c210
< "JH2-6A-U0B.title" = "Delete";
---
> "JH2-6A-U0B.title" = "削除";
213c213
< "JuM-B0-ypn.title" = "Paste";
---
> "JuM-B0-ypn.title" = "ペースト";
216c216
< "K6S-GX-59r.title" = "Displace…";
---
> "K6S-GX-59r.title" = "置き換え…";
219c219
< "K8g-kE-GAk.title" = "Hide";
---
> "K8g-kE-GAk.title" = "非表示";
222c222
< "KIV-Uq-ytQ.title" = "Vignette…";
---
> "KIV-Uq-ytQ.title" = "ビネット…";
225c225
< "KPN-AR-hOG.title" = "Release";
---
> "KPN-AR-hOG.title" = "解除";
228c228
< "KYh-iz-0Po.title" = "Vibrance…";
---
> "KYh-iz-0Po.title" = "自然な彩度…";
231c231
< "Keu-l7-gGh.title" = "Collapse Selection";
---
> "Keu-l7-gGh.title" = "選択範囲の折りたたみ";
234c234
< "Kqi-y1-nN1.title" = "Threshold…";
---
> "Kqi-y1-nN1.title" = "しきい値…";
237c237
< "Lee-Dz-BaE.title" = "Merge Visible";
---
> "Lee-Dz-BaE.title" = "表示レイヤーを結合";
240c240
< "Mau-8E-HK8.title" = "Merge Selected";
---
> "Mau-8E-HK8.title" = "選択範囲を結合";
243c243
< "MmL-mr-DDu.title" = "Rasterize to Mask";
---
> "MmL-mr-DDu.title" = "マスクにラスタライズ";
246c246
< "Mn9-9M-JEz.title" = "Exclude from Snapping";
---
> "Mn9-9M-JEz.title" = "スナップから除外";
249c249
< "NEW-bK-5WJ.title" = "Rasterize & Trim…";
---
> "NEW-bK-5WJ.title" = "ラスタライズ&トリム…";
252c252
< "NKx-kP-jVf.title" = "Gradient Map…";
---
> "NKx-kP-jVf.title" = "グラデーションマップ…";
255c255
< "OSQ-ja-PfP.title" = "Large Thumbnails";
---
> "OSQ-ja-PfP.title" = "サムネイル大";
258c258
< "OSs-ig-FHC.title" = "Expand Selection";
---
> "OSs-ig-FHC.title" = "選択範囲の展開";
261c261
< "Omw-yO-gxY.title" = "Twirl…";
---
> "Omw-yO-gxY.title" = "渦巻き…";
264c264
< "Oq8-NE-dRv.title" = "Curves…";
---
> "Oq8-NE-dRv.title" = "カーブ…";
267c267
< "P65-bU-b5x.title" = "Dark";
---
> "P65-bU-b5x.title" = "ダーク";
270c270
< "PF5-dY-ItF.title" = "Cut";
---
> "PF5-dY-ItF.title" = "カット";
273c273
< "PKn-Mm-xuT.title" = "Channel Mixer…";
---
> "PKn-Mm-xuT.title" = "チャンネルミキサー…";
276c276
< "PNB-AL-3qq.title" = "Copy";
---
> "PNB-AL-3qq.title" = "コピー";
279c279
< "QDb-v0-U5W.title" = "Duplicate";
---
> "QDb-v0-U5W.title" = "複製";
282c282
< "QW0-kh-KcE.title" = "Mask";
---
> "QW0-kh-KcE.title" = "マスク";
285c285
< "Qgw-oc-VnG.title" = "New Pixel Layer";
---
> "Qgw-oc-VnG.title" = "新規ピクセルレイヤー";
288c288
< "RaI-hw-4YR.title" = "Collapse Selection";
---
> "RaI-hw-4YR.title" = "選択範囲の折りたたみ";
291c291
< "S2r-Rh-7IK.title" = "Lock";
---
> "S2r-Rh-7IK.title" = "ロック";
294c294
< "S5i-WE-IB6.title" = "Select Parent";
---
> "S5i-WE-IB6.title" = "親を選択";
297c297
< "Swu-Q9-rrW.title" = "Show Others";
---
> "Swu-Q9-rrW.title" = "その他を表示";
300c300
< "TRz-oj-Dg4.title" = "Perspective";
---
> "TRz-oj-Dg4.title" = "パースペクティブ";
303c303
< "TjQ-96-DeA.title" = "Exposure…";
---
> "TjQ-96-DeA.title" = "露出…";
306c306
< "TwW-TW-fDj.title" = "Duplicate";
---
> "TwW-TW-fDj.title" = "複製";
309c309
< "UAm-lY-cwe.title" = "Rasterize to Mask";
---
> "UAm-lY-cwe.title" = "マスクにラスタライズ";
312c312
< "UTa-p5-pgM.title" = "Text Cell";
---
> "UTa-p5-pgM.title" = "テキストセル";
315c315
< "UfA-rH-oP6.title" = "Properties…";
---
> "UfA-rH-oP6.title" = "プロパティ…";
318c318
< "UoG-zn-DFb.title" = "Rasterize to Mask";
---
> "UoG-zn-DFb.title" = "マスクにラスタライズ";
321c321
< "VF8-jt-RrP.title" = "Luminosity Range Mask…";
---
> "VF8-jt-RrP.title" = "輝度範囲マスク…";
324c324
< "VGC-ZU-76a.title" = "Radial Blur…";
---
> "VGC-ZU-76a.title" = "放射状ぼかし…";
327c327
< "VvG-AZ-ANl.title" = "Collapse All Parents";
---
> "VvG-AZ-ANl.title" = "すべての親を折りたたむ";
330c330
< "W5X-AA-7Fa.title" = "Checkerboard";
---
> "W5X-AA-7Fa.title" = "チェッカーボード";
333c333
< "WFi-Kq-B9V.title" = "New Pixel Layer";
---
> "WFi-Kq-B9V.title" = "新規ピクセルレイヤー";
336c336
< "XUK-pB-oQF.title" = "Lens Blur…";
---
> "XUK-pB-oQF.title" = "レンズぼかし…";
339c339
< "XUo-8X-01p.ibShadowedToolTip" = "Edit All Layers";
---
> "XUo-8X-01p.ibShadowedToolTip" = "すべてのレイヤーを編集";
342c342
< "Xco-Zy-yQ3.title" = "Cut";
---
> "Xco-Zy-yQ3.title" = "カット";
345c345
< "Xgf-2p-THS.title" = "Delete";
---
> "Xgf-2p-THS.title" = "削除";
348c348
< "Y3K-9B-l09.title" = "Select Same Tag Color";
---
> "Y3K-9B-l09.title" = "同じタグカラーを選択";
351c351
< "Yck-jy-C1r.title" = "Ungroup";
---
> "Yck-jy-C1r.title" = "グループ解除";
357c357
< "ZU9-TJ-4oq.title" = "Preflight Comment";
---
> "ZU9-TJ-4oq.title" = "プリフライトコメント";
360c360
< "ZUW-uh-KrE.title" = "Halftone…";
---
> "ZUW-uh-KrE.title" = "ハーフトーン…";
363c363
< "Zcx-kR-NPS.title" = "Unsharp Mask…";
---
> "Zcx-kR-NPS.title" = "アンシャープマスク…";
366c366
< "a8r-CN-E4L.title" = "Medium Thumbnails";
---
> "a8r-CN-E4L.title" = "サムネイル中";
369c369
< "ac1-Ze-KJK.title" = "Brightness and Contrast…";
---
> "ac1-Ze-KJK.title" = "明るさとコントラスト…";
372c372
< "aey-y9-0vT.title" = "Liquify…";
---
> "aey-y9-0vT.title" = "ゆがみ…";
375c375
< "afm-gE-ZSx.title" = "Select Same Tag Color";
---
> "afm-gE-ZSx.title" = "同じタグカラーを選択";
378c378
< "aos-pW-97h.title" = "Hue Range Mask…";
---
> "aos-pW-97h.title" = "色相範囲マスク…";
381c381
< "asZ-KS-OcW.title" = "Bend - Vertical";
---
> "asZ-KS-OcW.title" = "曲げ - 垂直";
384c384
< "bYy-Pn-5XB.title" = "Delete";
---
> "bYy-Pn-5XB.title" = "削除";
387c387
< "brq-16-CzO.title" = "Fish Eye";
---
> "brq-16-CzO.title" = "魚眼";
390c390
< "buw-mG-r1d.title" = "Rasterize…";
---
> "buw-mG-r1d.title" = "ラスタライズ…";
393c393
< "bvX-0g-T0d.title" = "Expand Selection";
---
> "bvX-0g-T0d.title" = "選択範囲の展開";
396c396
< "bwh-Yp-RYg.title" = "Color Tag Placeholder";
---
> "bwh-Yp-RYg.title" = "カラータグプレースホルダー";
399c399
< "cHP-BL-cl5.title" = "Copy";
---
> "cHP-BL-cl5.title" = "コピー";
402c402
< "cSJ-AW-6yE.title" = "Group";
---
> "cSJ-AW-6yE.title" = "グループ化";
405c405
< "cbF-6M-ptW.title" = "Gaussian Blur…";
---
> "cbF-6M-ptW.title" = "ガウスぼかし…";
408c408
< "cp6-gI-rg4.title" = "Copy";
---
> "cp6-gI-rg4.title" = "コピー";
411c411
< "cwG-4t-ZTf.title" = "Lens Distortion…";
---
> "cwG-4t-ZTf.title" = "レンズゆがみ…";
414c414
< "cxk-Gp-eNd.title" = "New Layer";
---
> "cxk-Gp-eNd.title" = "新規レイヤー";
417c417
< "dS5-17-jOa.title" = "Collapse Selection";
---
> "dS5-17-jOa.title" = "選択範囲の折りたたみ";
420c420
< "dUN-TC-4vJ.title" = "Mask to Below";
---
> "dUN-TC-4vJ.title" = "下のレイヤーにマスクを使用";
423c423
< "ddz-dY-viZ.title" = "Bilateral Blur…";
---
> "ddz-dY-viZ.title" = "表面ぼかし…";
426c426
< "dxk-Tc-mWM.title" = "Merge Visible";
---
> "dxk-Tc-mWM.title" = "表示レイヤーを結合";
429c429
< "e8N-Q7-x1a.title" = "Band-pass Mask…";
---
> "e8N-Q7-x1a.title" = "バンドパスマスク…";
432c432
< "eff-c0-fWI.title" = "Hide";
---
> "eff-c0-fWI.title" = "非表示";
435c435
< "eoK-JN-x1T.title" = "Pinch / Punch…";
---
> "eoK-JN-x1T.title" = "ピンチ/パンチ…";
438c438
< "fpe-ZH-kMm.title" = "Cut";
---
> "fpe-ZH-kMm.title" = "カット";
441c441
< "fuV-8Z-OaX.title" = "New Layer";
---
> "fuV-8Z-OaX.title" = "新規レイヤー";
444c444
< "fxc-sC-Q4b.title" = "Paste";
---
> "fxc-sC-Q4b.title" = "ペースト";
447c447
< "fyV-kE-dA7.title" = "Duplicate";
---
> "fyV-kE-dA7.title" = "複製";
450c450
< "gPr-k7-4dz.title" = "Merge Down";
---
> "gPr-k7-4dz.title" = "下のレイヤーと結合";
453c453
< "gQ1-KW-jqe.title" = "Shadows / Highlights…";
---
> "gQ1-KW-jqe.title" = "シャドウ/ハイライト…";
456c456
< "gae-Jc-6wh.title" = "Merge Down";
---
> "gae-Jc-6wh.title" = "下のレイヤーと結合";
459c459
< "glT-tK-yZ5.title" = "Duplicate";
---
> "glT-tK-yZ5.title" = "複製";
462c462
< "gv4-Nu-nnM.title" = "Mesh";
---
> "gv4-Nu-nnM.title" = "メッシュ";
465c465
< "h08-4P-cH9.title" = "Black and White…";
---
> "h08-4P-cH9.title" = "白黒…";
471c471
< "hVz-GL-fp2.title" = "Add Noise…";
---
> "hVz-GL-fp2.title" = "ノイズを追加…";
474c474
< "hXM-wT-lvW.title" = "Clarity…";
---
> "hXM-wT-lvW.title" = "明瞭度…";
477c477
< "hXl-nq-0KU.title" = "Rasterize & Trim…";
---
> "hXl-nq-0KU.title" = "ラスタライズ&トリム…";
480c480
< "i5T-G3-l30.title" = "New Pixel Layer";
---
> "i5T-G3-l30.title" = "新規ピクセルレイヤー";
486c486
< "jh8-cp-7GQ.title" = "Ungroup";
---
> "jh8-cp-7GQ.title" = "グループ解除";
489c489
< "k2u-Jm-0HR.title" = "Hide";
---
> "k2u-Jm-0HR.title" = "非表示";
492c492
< "k42-lm-Vm6.title" = "White Balance…";
---
> "k42-lm-Vm6.title" = "ホワイトバランス…";
495c495
< "k50-gt-XVh.title" = "Edit Mask";
---
> "k50-gt-XVh.title" = "マスクを編集";
498c498
< "kKF-TC-oUu.title" = "Thumbnail Background";
---
> "kKF-TC-oUu.title" = "サムネイルの背景";
501c501
< "kKi-A3-6Ez.title" = "Collapse All Parents";
---
> "kKi-A3-6Ez.title" = "すべての親を折りたたむ";
504c504
< "kRS-W8-hiQ.title" = "Thumbnail Background";
---
> "kRS-W8-hiQ.title" = "サムネイルの背景";
507c507
< "kbJ-4i-Zlx.title" = "Shadows / Highlights…";
---
> "kbJ-4i-Zlx.title" = "シャドウ/ハイライト…";
510c510
< "klj-pa-MfZ.title" = "Hide";
---
> "klj-pa-MfZ.title" = "非表示";
513c513
< "ku6-Vv-PgY.title" = "Paste";
---
> "ku6-Vv-PgY.title" = "ペースト";
516c516
< "kuE-O3-tq1.title" = "Release";
---
> "kuE-O3-tq1.title" = "解除";
519c519
< "kyq-FK-yaO.title" = "Hide Others";
---
> "kyq-FK-yaO.title" = "他を隠す";
522c522
< "l07-FM-57g.title" = "Rasterize…";
---
> "l07-FM-57g.title" = "ラスタライズ…";
525c525
< "lFd-6K-edX.title" = "Auto";
---
> "lFd-6K-edX.title" = "自動";
528c528
< "lG0-Rq-P1m.title" = "Exclude from Snapping";
---
> "lG0-Rq-P1m.title" = "スナップから除外";
531c531
< "lI6-0K-5TZ.title" = "Color Tag Placeholder";
---
> "lI6-0K-5TZ.title" = "カラータグプレースホルダー";
534c534
< "lal-7J-HSh.title" = "Delete";
---
> "lal-7J-HSh.title" = "削除";
537c537
< "mB8-og-JfM.title" = "Soft Proof…";
---
> "mB8-og-JfM.title" = "ソフト校正…";
540c540
< "nGZ-NG-6rt.title" = "Defringe…";
---
> "nGZ-NG-6rt.title" = "フリンジ除去…";
543c543
< "nei-8E-Af9.title" = "Select Same Name";
---
> "nei-8E-Af9.title" = "同じ名前を選択";
546c546
< "o1n-fa-ddw.title" = "Properties…";
---
> "o1n-fa-ddw.title" = "プロパティ…";
549c549
< "oGJ-lf-Xae.title" = "Merge Visible";
---
> "oGJ-lf-Xae.title" = "表示レイヤーを結合";
552c552
< "osk-jW-QfR.title" = "Lighting…";
---
> "osk-jW-QfR.title" = "照明…";
555c555
< "pBT-rj-VoI.title" = "Set…";
---
> "pBT-rj-VoI.title" = "設定...";
558c558
< "pP0-hd-tRt.title" = "Median Blur…";
---
> "pP0-hd-tRt.title" = "中間値ぼかし…";
561c561
< "pqc-cX-alo.title" = "Clear";
---
> "pqc-cX-alo.title" = "クリア";
564c564
< "q4r-H9-jh3.title" = "Show Others";
---
> "q4r-H9-jh3.title" = "その他を表示";
567c567
< "qIz-6Z-1Rf.title" = "Rasterize to Mask";
---
> "qIz-6Z-1Rf.title" = "マスクにラスタライズ";
570c570
< "qLl-aR-Cpr.title" = "High Pass…";
---
> "qLl-aR-Cpr.title" = "ハイパス…";
573c573
< "qYy-cL-52C.title" = "Ungroup";
---
> "qYy-cL-52C.title" = "グループ解除";
576c576
< "qku-VS-zQE.title" = "Small Thumbnails";
---
> "qku-VS-zQE.title" = "サムネイル小";
579c579
< "qu9-LW-YUs.title" = "Edit Linked";
---
> "qu9-LW-YUs.title" = "リンクを編集";
582c582
< "rBJ-Jn-KIP.title" = "Split Toning…";
---
> "rBJ-Jn-KIP.title" = "明暗別色補正…";
585c585
< "rlM-FF-7kH.title" = "Edit Detached";
---
> "rlM-FF-7kH.title" = "切り離しを編集";
588c588
< "rwH-Nj-DNG.title" = "Motion Blur…";
---
> "rwH-Nj-DNG.title" = "モーションぼかし…";
591c591
< "s48-Qf-Qft.ibShadowedToolTip" = "Blend Options";
---
> "s48-Qf-Qft.ibShadowedToolTip" = "ブレンドオプション";
594c594
< "s5G-yy-TDC.title" = "Rasterize…";
---
> "s5G-yy-TDC.title" = "ラスタライズ…";
597c597
< "t2c-nC-q3r.title" = "Compound Mask";
---
> "t2c-nC-q3r.title" = "複合マスク";
600c600
< "trj-9r-OkX.title" = "Copy";
---
> "trj-9r-OkX.title" = "コピー";
603c603
< "twh-QL-F1w.title" = "Exclude from Snapping";
---
> "twh-QL-F1w.title" = "スナップから除外";
606c606
< "uef-tj-zDK.ibShadowedToolTip" = "Add Pixel Layer";
---
> "uef-tj-zDK.ibShadowedToolTip" = "ピクセルレイヤーを追加";
609c609
< "uhS-B7-FzW.title" = "Copy";
---
> "uhS-B7-FzW.title" = "コピー";
612c612
< "vPF-yq-KPV.title" = "Arc - Horizontal";
---
> "vPF-yq-KPV.title" = "円弧 - 水平";
615c615
< "vSw-c1-RjW.title" = "Group";
---
> "vSw-c1-RjW.title" = "グループ化";
618c618
< "voD-GH-rjs.title" = "Recolor…";
---
> "voD-GH-rjs.title" = "リカラー…";
621c621
< "wWS-Et-8qg.title" = "Auto-scroll";
---
> "wWS-Et-8qg.title" = "自動スクロール";
624c624
< "waR-HC-mI3.title" = "Box Blur…";
---
> "waR-HC-mI3.title" = "ボックスぼかし…";
627c627
< "wmA-4c-NbV.title" = "Color Tag Placeholder";
---
> "wmA-4c-NbV.title" = "カラータグプレースホルダー";
630c630
< "y2c-A2-ur8.title" = "Select Same Name";
---
> "y2c-A2-ur8.title" = "同じ名前を選択";
633c633
< "yHq-E4-VYE.title" = "Show Group Thumbnails";
---
> "yHq-E4-VYE.title" = "グループサムネイルを表示";
636c636
< "yNQ-sy-CPz.title" = "New Layer";
---
> "yNQ-sy-CPz.title" = "新規レイヤー";
639c639
< "yOE-y1-XVB.title" = "Lock";
---
> "yOE-y1-XVB.title" = "ロック";
642c642
< "yVL-aF-prU.title" = "Rasterize…";
---
> "yVL-aF-prU.title" = "ラスタライズ…";
645c645
< "zDg-eG-Geb.title" = "Light";
---
> "zDg-eG-Geb.title" = "ライト";
648c648
< "zNn-wW-jQH.title" = "Diffuse Glow…";
---
> "zNn-wW-jQH.title" = "光彩拡散…";
