3c3
< "5.placeholderString" = "Name of Object";
---
> "5.placeholderString" = "オブジェクト名";
6c6
< "5.title" = "Sample description text";
---
> "5.title" = "サンプル説明テキスト";
9c9
< "26.ibShadowedToolTip" = "Is visible";
---
> "26.ibShadowedToolTip" = "可視状態です";
12c12
< "29.ibShadowedToolTip" = "Has layer effects";
---
> "29.ibShadowedToolTip" = "レイヤーエフェクトがかかっています";
15c15
< "31.ibShadowedToolTip" = "Is locked";
---
> "31.ibShadowedToolTip" = "ロックされています";
18c18
< "1Fl-Zk-tL9.title" = "Intersect";
---
> "1Fl-Zk-tL9.title" = "交差";
21c21
< "1Ha-2Q-p8x.ibShadowedToolTip" = "Is Linked";
---
> "1Ha-2Q-p8x.ibShadowedToolTip" = "リンクされています";
24c24
< "2cM-eT-3vw.ibShadowedToolTip" = "Inline in Text";
---
> "2cM-eT-3vw.ibShadowedToolTip" = "テキスト内にインライン表示";
27c27
< "5rJ-Ee-L9w.title" = "Range";
---
> "5rJ-Ee-L9w.title" = "範囲";
30c30
< "6sX-la-jZJ.ibShadowedToolTip" = "Floating Near Text";
---
> "6sX-la-jZJ.ibShadowedToolTip" = "テキスト付近にフローティング";
33c33
< "79s-mH-O0w.title" = "Median";
---
> "79s-mH-O0w.title" = "メディアン";
36c36
< "LQ1-kp-M6D.title" = "Minimum";
---
> "LQ1-kp-M6D.title" = "最小";
39c39
< "Mhc-Aa-7zP.title" = "Add";
---
> "Mhc-Aa-7zP.title" = "追加";
42c42
< "Njf-bh-Saq.title" = "Skewness";
---
> "Njf-bh-Saq.title" = "歪度";
45c45
< "OSa-1t-2sr.title" = "Variance";
---
> "OSa-1t-2sr.title" = "許容誤差";
48c48
< "OWo-CO-hni.title" = "Xor";
---
> "OWo-CO-hni.title" = "中マド";
51c51
< "OkT-OF-dKh.placeholderString" = "Name of Object";
---
> "OkT-OF-dKh.placeholderString" = "オブジェクト名";
54c54
< "OkT-OF-dKh.title" = "Sample description text";
---
> "OkT-OF-dKh.title" = "サンプル説明テキスト";
57c57
< "P7O-kF-7Dq.title" = "Total";
---
> "P7O-kF-7Dq.title" = "合計";
60c60
< "R3J-Zw-oL3.title" = "Standard Deviation";
---
> "R3J-Zw-oL3.title" = "標準偏差";
63c63
< "Voc-Do-r8c.ibShadowedToolTip" = "Is Linked";
---
> "Voc-Do-r8c.ibShadowedToolTip" = "リンクされています";
66c66
< "Ysx-6h-3SW.title" = "Mean";
---
> "Ysx-6h-3SW.title" = "平均";
69c69
< "Z1u-g8-GZa.title" = "Subtract";
---
> "Z1u-g8-GZa.title" = "型抜き";
72c72
< "a3g-4p-BIz.title" = "Outlier";
---
> "a3g-4p-BIz.title" = "外れ値";
75c75
< "b34-jO-UKN.ibShadowedToolTip" = "Is excluded from snapping";
---
> "b34-jO-UKN.ibShadowedToolTip" = "スナップから除外されています";
78c78
< "de3-Bd-gB3.title" = "Maximum";
---
> "de3-Bd-gB3.title" = "最大";
81c81
< "isl-FC-6Mj.title" = "Entropy";
---
> "isl-FC-6Mj.title" = "エントロピー";
84c84
< "pWs-Kh-SH0.title" = "Mid-Range";
---
> "pWs-Kh-SH0.title" = "中範囲";
87c87
< "vgN-GW-ZyI.title" = "Kurtosis";
---
> "vgN-GW-ZyI.title" = "尖度";
