4,7c4,6
< 3c3
< 6c6
< 9c9
< < "P84-lh-NFf.title" = "Color";
---
> 2c2
> 5,6c5,6
> 8c8
9,12c8,14
< < "iSy-z8-ZVr.title" = "Layer Color:";
< > "P84-lh-NFf.title" = "カラー";
< > "Vya-Rx-lnr.title" = "レイヤー名:";
< > "iSy-z8-ZVr.title" = "レイヤーカラー:";
---
> < /* Class = "NSButtonCell"; title = "Colour"; ObjectID = "P84-lh-NFf"; */
> < /* Class = "NSTextFieldCell"; title = "Layer Colour:"; ObjectID = "iSy-z8-ZVr"; */
> < /* Class = "NSTextFieldCell"; title = "Layer Name:"; ObjectID = "Vya-Rx-lnr"; */
> > "Vya-Rx-lnr.title" = "레이어 이름:";
> > /* Class = "NSButtonCell"; title = "색상"; ObjectID = "P84-lh-NFf"; */
> > /* Class = "NSTextFieldCell"; title = "레이어 이름:"; ObjectID = "Vya-Rx-lnr"; */
> > /* Class = "NSTextFieldCell"; title = "레이어 색상:"; ObjectID = "iSy-z8-ZVr"; */
