---
17,18c17,18
32,33c32,33
38,39c38,39
47,48c47,48
59,60c59,60
65,66c65,66
68,69c68,69
77,78c77,78
80,81c80,81
< "1Fl-Zk-tL9.title" = "Intersect";
< "79s-mH-O0w.title" = "Median";
< "Mhc-Aa-7zP.title" = "Add";
< "OWo-CO-hni.title" = "Xor";
< "R3J-Zw-oL3.title" = "Standard Deviation";
< "Ysx-6h-3SW.title" = "Mean";
< "Z1u-g8-GZa.title" = "Subtract";
< "de3-Bd-gB3.title" = "Maximum";
< "isl-FC-6Mj.title" = "Entropy";
< /* Class = "NSMenuItem"; title = "Add"; ObjectID = "Mhc-Aa-7zP"; */
< /* Class = "NSMenuItem"; title = "Entropy"; ObjectID = "isl-FC-6Mj"; */
< /* Class = "NSMenuItem"; title = "Intersect"; ObjectID = "1Fl-Zk-tL9"; */
< /* Class = "NSMenuItem"; title = "Maximum"; ObjectID = "de3-Bd-gB3"; */
< /* Class = "NSMenuItem"; title = "Mean"; ObjectID = "Ysx-6h-3SW"; */
< /* Class = "NSMenuItem"; title = "Median"; ObjectID = "79s-mH-O0w"; */
< /* Class = "NSMenuItem"; title = "Standard Deviation"; ObjectID = "R3J-Zw-oL3"; */
< /* Class = "NSMenuItem"; title = "Subtract"; ObjectID = "Z1u-g8-GZa"; */
< /* Class = "NSMenuItem"; title = "Xor"; ObjectID = "OWo-CO-hni"; */
> "1Fl-Zk-tL9.title" = "교차";
> "79s-mH-O0w.title" = "중앙값";
> "Mhc-Aa-7zP.title" = "추가";
> "OWo-CO-hni.title" = "배타적논리합";
> "R3J-Zw-oL3.title" = "표준 편차";
> "Ysx-6h-3SW.title" = "평균";
> "Z1u-g8-GZa.title" = "제거";
> "de3-Bd-gB3.title" = "최대";
> "isl-FC-6Mj.title" = "엔트로피";
> /* Class = "NSMenuItem"; title = "표준 편차"; ObjectID = "R3J-Zw-oL3"; */
> /* Class = "NSMenuItem"; title = "교차"; ObjectID = "1Fl-Zk-tL9"; */
> /* Class = "NSMenuItem"; title = "추가"; ObjectID = "Mhc-Aa-7zP"; */
> /* Class = "NSMenuItem"; title = "평균"; ObjectID = "Ysx-6h-3SW"; */
> /* Class = "NSMenuItem"; title = "제거"; ObjectID = "Z1u-g8-GZa"; */
> /* Class = "NSMenuItem"; title = "최대"; ObjectID = "de3-Bd-gB3"; */
> /* Class = "NSMenuItem"; title = "중앙값"; ObjectID = "79s-mH-O0w"; */
> /* Class = "NSMenuItem"; title = "엔트로피"; ObjectID = "isl-FC-6Mj"; */
> /* Class = "NSMenuItem"; title = "배타적논리합"; ObjectID = "OWo-CO-hni"; */
