6c6
< "P81-AA-w2Q.title" = "Spread";
---
> "P81-AA-w2Q.title" = "スプレッド";
9c9
< "Qvn-dx-ZFA.ibShadowedToolTip" = "Add new state";
---
> "Qvn-dx-ZFA.ibShadowedToolTip" = "ステートを新規追加";
15c15
< "d0e-1P-vHC.title" = "Scope:";
---
> "d0e-1P-vHC.title" = "スコープ:";
18c18
< "jXr-AO-BcN.ibShadowedToolTip" = "Delete state";
---
> "jXr-AO-BcN.ibShadowedToolTip" = "ステートを削除";
21c21
< "qUF-JS-brb.title" = "Document";
---
> "qUF-JS-brb.title" = "ドキュメント";
24c24
< "ud5-rb-6sh.ibShadowedToolTip" = "Add new smart state";
---
> "ud5-rb-6sh.ibShadowedToolTip" = "スマートステートを新規追加";
27c27
< "y6f-44-92O.title" = "Selection";
---
> "y6f-44-92O.title" = "選択";
