2,30c2,10
< 12c12
< 15c15
< 18c18
< 21c21
< 24c24
< 27c27
< 30c30
< 33c33
< 36c36
< 39c39
< 3c3
< 42c42
< 45c45
< 48c48
< 51c51
< 54c54
< 57c57
< 60c60
< 63c63
< 66c66
< 69c69
< 6c6
< 72c72
< 75c75
< 78c78
< 81c81
< 84c84
< 87c87
< 9c9
---
> 17,18c17,18
> 32,33c32,33
> 38,39c38,39
> 47,48c47,48
> 59,60c59,60
> 65,66c65,66
> 68,69c68,69
> 77,78c77,78
> 80,81c80,81
32,40d11
< < "1Ha-2Q-p8x.ibShadowedToolTip" = "Is Linked";
< < "26.ibShadowedToolTip" = "Is visible";
< < "29.ibShadowedToolTip" = "Has layer effects";
< < "2cM-eT-3vw.ibShadowedToolTip" = "Inline in Text";
< < "31.ibShadowedToolTip" = "Is locked";
< < "5.placeholderString" = "Name of Object";
< < "5.title" = "Sample description text";
< < "5rJ-Ee-L9w.title" = "Range";
< < "6sX-la-jZJ.ibShadowedToolTip" = "Floating Near Text";
42d12
< < "LQ1-kp-M6D.title" = "Minimum";
44,45d13
< < "Njf-bh-Saq.title" = "Skewness";
< < "OSa-1t-2sr.title" = "Variance";
47,49d14
< < "OkT-OF-dKh.placeholderString" = "Name of Object";
< < "OkT-OF-dKh.title" = "Sample description text";
< < "P7O-kF-7Dq.title" = "Total";
51d15
< < "Voc-Do-r8c.ibShadowedToolTip" = "Is Linked";
54,55d17
< < "a3g-4p-BIz.title" = "Outlier";
< < "b34-jO-UKN.ibShadowedToolTip" = "Is excluded from snapping";
58,88c20,46
< < "pWs-Kh-SH0.title" = "Mid-Range";
< < "vgN-GW-ZyI.title" = "Kurtosis";
< > "1Fl-Zk-tL9.title" = "交差";
< > "1Ha-2Q-p8x.ibShadowedToolTip" = "リンクされています";
< > "26.ibShadowedToolTip" = "可視状態です";
< > "29.ibShadowedToolTip" = "レイヤーエフェクトがかかっています";
< > "2cM-eT-3vw.ibShadowedToolTip" = "テキスト内にインライン表示";
< > "31.ibShadowedToolTip" = "ロックされています";
< > "5.placeholderString" = "オブジェクト名";
< > "5.title" = "サンプル説明テキスト";
< > "5rJ-Ee-L9w.title" = "範囲";
< > "6sX-la-jZJ.ibShadowedToolTip" = "テキスト付近にフローティング";
< > "79s-mH-O0w.title" = "メディアン";
< > "LQ1-kp-M6D.title" = "最小";
< > "Mhc-Aa-7zP.title" = "追加";
< > "Njf-bh-Saq.title" = "歪度";
< > "OSa-1t-2sr.title" = "許容誤差";
< > "OWo-CO-hni.title" = "中マド";
< > "OkT-OF-dKh.placeholderString" = "オブジェクト名";
< > "OkT-OF-dKh.title" = "サンプル説明テキスト";
< > "P7O-kF-7Dq.title" = "合計";
< > "R3J-Zw-oL3.title" = "標準偏差";
< > "Voc-Do-r8c.ibShadowedToolTip" = "リンクされています";
< > "Ysx-6h-3SW.title" = "平均";
< > "Z1u-g8-GZa.title" = "型抜き";
< > "a3g-4p-BIz.title" = "外れ値";
< > "b34-jO-UKN.ibShadowedToolTip" = "スナップから除外されています";
< > "de3-Bd-gB3.title" = "最大";
< > "isl-FC-6Mj.title" = "エントロピー";
< > "pWs-Kh-SH0.title" = "中範囲";
< > "vgN-GW-ZyI.title" = "尖度";
---
> > "1Fl-Zk-tL9.title" = "교차";
> > "79s-mH-O0w.title" = "중앙값";
> > "Mhc-Aa-7zP.title" = "추가";
> > "OWo-CO-hni.title" = "배타적논리합";
> > "R3J-Zw-oL3.title" = "표준 편차";
> > "Ysx-6h-3SW.title" = "평균";
> > "Z1u-g8-GZa.title" = "제거";
> > "de3-Bd-gB3.title" = "최대";
> > "isl-FC-6Mj.title" = "엔트로피";
