3c3
< "HM3-H8-ovw.title" = "Visibility changes";
---
> "HM3-H8-ovw.title" = "可視性の変更";
6c6
< "WeN-71-r3I.title" = "Effects changes";
---
> "WeN-71-r3I.title" = "エフェクトの変更";
9c9
< "b9b-B4-8WO.title" = "Style";
---
> "b9b-B4-8WO.title" = "スタイル";
12c12
< "j9l-4Z-ACr.ibShadowedToolTip" = "Update";
---
> "j9l-4Z-ACr.ibShadowedToolTip" = "更新";
15c15
< "tGz-Zi-ehH.ibShadowedToolTip" = "Apply";
---
> "tGz-Zi-ehH.ibShadowedToolTip" = "適用";
18c18
< "uDJ-Tu-qAQ.ibShadowedToolTip" = "Mask";
---
> "uDJ-Tu-qAQ.ibShadowedToolTip" = "マスク";
21c21
< "vbj-KY-rpj.title" = "Style";
---
> "vbj-KY-rpj.title" = "スタイル";
