93,425c93,184
< ---
< ---
< ---
< ---
< ---
< ---
< ---
< ---
< ---
< ---
< ---
< ---
< ---
< ---
< ---
< ---
< ---
< ---
< ---
< ---
< ---
< ---
< ---
< ---
< ---
< ---
< ---
< ---
< ---
< ---
< ---
< ---
< ---
< ---
< ---
< ---
< ---
< ---
< ---
< ---
< ---
< ---
< ---
< ---
< ---
< ---
< ---
< ---
< ---
< ---
< ---
< ---
< ---
< ---
< ---
< ---
< ---
< ---
< ---
< ---
< ---
< ---
< ---
< ---
< ---
< ---
< ---
< ---
< ---
< ---
< ---
< ---
< ---
< ---
< ---
< ---
< ---
< ---
< ---
< ---
< ---
< ---
< ---
< ---
< ---
< ---
< ---
< ---
< ---
< ---
< ---
< ---
< ---
< ---
< ---
< ---
< ---
< ---
< ---
< ---
< ---
< ---
< ---
< ---
< ---
< ---
< ---
< ---
< ---
< ---
< ---
< ---
< ---
< ---
< ---
< ---
< ---
< ---
< ---
< ---
< 102c102
< 105c105
< 108c108
< 111c111
< 114c114
< 117c117
< 120c120
< 123c123
< 126c126
< 129c129
< 12c12
< 132c132
< 135c135
< 138c138
< 141c141
< 144c144
< 147c147
< 150c150
< 153c153
< 156c156
< 159c159
< 15c15
< 162c162
< 165c165
< 168c168
< 171c171
< 174c174
< 177c177
< 180c180
< 183c183
< 186c186
< 189c189
< 18c18
< 192c192
< 195c195
< 198c198
< 201c201
< 204c204
< 207c207
< 210c210
< 213c213
< 216c216
< 219c219
< 21c21
< 222c222
< 225c225
< 228c228
< 231c231
< 234c234
< 237c237
< 240c240
< 243c243
< 246c246
< 249c249
< 24c24
< 252c252
< 255c255
< 258c258
< 261c261
< 264c264
< 267c267
< 270c270
< 273c273
< 276c276
< 279c279
< 27c27
< 282c282
< 285c285
< 288c288
< 291c291
< 294c294
< 297c297
< 300c300
< 303c303
< 306c306
< 309c309
< 30c30
< 312c312
< 315c315
< 318c318
< 321c321
< 324c324
< 327c327
< 330c330
< 333c333
< 336c336
< 339c339
< 33c33
< 342c342
< 345c345
< 348c348
< 351c351
< 357c357
< 360c360
< 363c363
< 366c366
< 369c369
< 36c36
< 372c372
< 375c375
< 378c378
< 381c381
< 384c384
< 387c387
< 390c390
< 393c393
< 396c396
< 399c399
< 39c39
< 402c402
< 405c405
< 408c408
< 411c411
< 414c414
< 417c417
< 420c420
< 423c423
< 426c426
< 429c429
< 42c42
< 432c432
< 435c435
< 438c438
< 441c441
< 444c444
< 447c447
< 450c450
< 453c453
< 456c456
< 459c459
< 45c45
< 462c462
< 465c465
< 471c471
< 474c474
< 477c477
< 480c480
< 486c486
< 489c489
< 48c48
< 492c492
< 495c495
< 498c498
< 501c501
< 504c504
< 507c507
< 510c510
< 513c513
< 516c516
< 519c519
< 51c51
< 522c522
< 525c525
< 528c528
< 531c531
< 534c534
< 537c537
< 540c540
< 543c543
< 546c546
< 549c549
< 54c54
< 552c552
< 555c555
< 558c558
< 561c561
< 564c564
< 567c567
< 570c570
< 573c573
< 576c576
< 579c579
< 57c57
< 582c582
< 585c585
< 588c588
< 591c591
< 594c594
< 597c597
< 600c600
< 603c603
< 606c606
< 609c609
< 60c60
< 612c612
< 615c615
< 618c618
< 621c621
< 624c624
< 627c627
< 630c630
< 633c633
< 636c636
< 639c639
< 63c63
< 642c642
< 645c645
< 648c648
< 66c66
< 69c69
< 6c6
< 72c72
< 75c75
< 78c78
< 81c81
< 84c84
< 87c87
< 90c90
< 93c93
< 96c96
< 99c99
< 9c9
< < "0N1-K6-tCa.title" = "Mask to Below";
---
> 101,102c101,102
> 11,12c11,12
> 137,138c137,138
> 14,15c14,15
> 149,150c149,150
> 155,156c155,156
> 167,168c167,168
> 17,18c17,18
> 188,189c188,189
> 194,195c194,195
> 20,21c20,21
> 206,207c206,207
> 209,210c209,210
> 212,213c212,213
> 218,219c218,219
> 236,237c236,237
> 239,240c239,240
> 242c242
> 254,255c254,255
> 26,27c26,27
> 266,267c266,267
> 269,270c269,270
> 275,276c275,276
> 278,279c278,279
> 281,282c281,282
> 284,285c284,285
> 290,291c290,291
> 305,306c305,306
> 308c308
> 311,312c311,312
> 317c317
> 32,33c32,33
> 332,333c332,333
> 338,339c338,339
> 341,342c341,342
> 344,345c344,345
> 347c347
> 350,351c350,351
> 365,366c365,366
> 374c374
> 38,39c38,39
> 383,384c383,384
> 389c389
> 398,399c398,399
> 401,402c401,402
> 407,408c407,408
> 413,414c413,414
> 425,426c425,426
> 431,432c431,432
> 437,438c437,438
> 44,45c44,45
> 440,441c440,441
> 443,444c443,444
> 446,447c446,447
> 449,450c449,450
> 455,456c455,456
> 458,459c458,459
> 461,462c461,462
> 479,480c479,480
> 485,486c485,486
> 488,489c488,489
> 5,6c5,6
> 509,510c509,510
> 512,513c512,513
> 518,519c518,519
> 521c521
> 524,525c524,525
> 53,54c53,54
> 533,534c533,534
> 542,543c542,543
> 548,549c548,549
> 566c566
> 572,573c572,573
> 575,576c575,576
> 59,60c59,60
> 590,591c590,591
> 593c593
> 599,600c599,600
> 605,606c605,606
> 608,609c608,609
> 614,615c614,615
> 620,621c620,621
> 629,630c629,630
> 635,636c635,636
> 638,639c638,639
> 641c641
> 644,645c644,645
> 8,9c8,9
> 80,81c80,81
> 83,84c83,84
> 92,93c92,93
> 98,99c98,99
427d185
< < "0vB-oy-A9X.title" = "Procedural Texture…";
435d192
< < "2UE-TY-ZEp.title" = "Field Blur…";
437d193
< < "3Cy-pU-xbV.title" = "Color Balance…";
439,440d194
< < "3PJ-5b-LTw.title" = "Preflight Comment";
< < "3pC-0D-ZMZ.title" = "Select Parent";
442d195
< < "410-7P-30G.title" = "Release";
444,449d196
< < "54n-ro-kqV.title" = "Spherical…";
< < "5IQ-Lu-TDX.title" = "Dust & Scratches…";
< < "5eK-jL-Jut.title" = "Release Mask";
< < "651-f4-Nf5.title" = "Voronoi…";
< < "6f3-Ib-fxL.title" = "Posterize…";
< < "71e-Zc-lJH.title" = "Depth Of Field…";
452,453d198
< < "7eq-yN-pCf.title" = "Exclude from Snapping";
< < "7tZ-zN-cL9.title" = "Mask to Below";
455d199
< < "8x7-Ck-GRK.title" = "Edit Frame Content";
458,468d201
< < "9h1-iC-Lh3.title" = "Arc - Vertical";
< < "ADS-DR-aKK.title" = "Refine Mask...";
< < "Adn-9m-x7e.title" = "Normals…";
< < "Ajp-cQ-VFF.title" = "Mesh Warp…";
< < "BMy-y6-fUm.title" = "Rasterize & Trim…";
< < "BU4-y1-JP2.title" = "Rasterize & Trim…";
< < "Bhe-Rj-DGT.title" = "Twist";
< < "BkK-Co-xJV.title" = "Color Tag Placeholder";
< < "C8u-AZ-voy.title" = "Ripple…";
< < "CBp-Ub-Dp8.title" = "Selective Color…";
< < "CNa-ig-aaT.title" = "Empty Mask";
470,472d202
< < "D3K-5a-rHG.title" = "Show Object Type";
< < "DAc-v6-0rC.title" = "Diffuse…";
< < "DXI-ee-UI2.title" = "Bend - Horizontal";
474d203
< < "DuV-rb-GfA.title" = "Expand Selection";
476,478d204
< < "EUZ-cx-w79.title" = "Levels…";
< < "Ebf-rT-roF.title" = "Color Tag Placeholder";
< < "Fda-Uy-jwc.title" = "Quad";
480,485d205
< < "GNc-XS-WkR.ibShadowedToolTip" = "Warp";
< < "GvO-16-DzV.title" = "Denoise…";
< < "Gye-W2-jRI.title" = "Perspective…";
< < "H5V-Ku-YBI.title" = "Maximum Blur…";
< < "HRa-fh-uj1.title" = "Minimum Blur…";
< < "HY8-Nu-XR5.ibShadowedToolTip" = "Live Filters";
487d206
< < "HdS-WT-IE7.title" = "Release";
489,491d207
< < "IEh-6e-cCG.title" = "Lens Filter…";
< < "IMu-Gr-bUZ.title" = "Collapse Selection";
< < "Ijy-rQ-bU2.title" = "Expand Selection";
495d210
< < "K6S-GX-59r.title" = "Displace…";
497,501d211
< < "KIV-Uq-ytQ.title" = "Vignette…";
< < "KPN-AR-hOG.title" = "Release";
< < "KYh-iz-0Po.title" = "Vibrance…";
< < "Keu-l7-gGh.title" = "Collapse Selection";
< < "Kqi-y1-nN1.title" = "Threshold…";
504,507d213
< < "MmL-mr-DDu.title" = "Rasterize to Mask";
< < "Mn9-9M-JEz.title" = "Exclude from Snapping";
< < "NEW-bK-5WJ.title" = "Rasterize & Trim…";
< < "NKx-kP-jVf.title" = "Gradient Map…";
509,511d214
< < "OSs-ig-FHC.title" = "Expand Selection";
< < "Omw-yO-gxY.title" = "Twirl…";
< < "Oq8-NE-dRv.title" = "Curves…";
514d216
< < "PKn-Mm-xuT.title" = "Channel Mixer…";
519d220
< < "RaI-hw-4YR.title" = "Collapse Selection";
521,524d221
< < "S5i-WE-IB6.title" = "Select Parent";
< < "Swu-Q9-rrW.title" = "Show Others";
< < "TRz-oj-Dg4.title" = "Perspective";
< < "TjQ-96-DeA.title" = "Exposure…";
526d222
< < "UAm-lY-cwe.title" = "Rasterize to Mask";
528,533d223
< < "UfA-rH-oP6.title" = "Properties…";
< < "UoG-zn-DFb.title" = "Rasterize to Mask";
< < "VF8-jt-RrP.title" = "Luminosity Range Mask…";
< < "VGC-ZU-76a.title" = "Radial Blur…";
< < "VvG-AZ-ANl.title" = "Collapse All Parents";
< < "W5X-AA-7Fa.title" = "Checkerboard";
535d224
< < "XUK-pB-oQF.title" = "Lens Blur…";
539d227
< < "Y3K-9B-l09.title" = "Select Same Tag Color";
541,543d228
< < "ZU9-TJ-4oq.title" = "Preflight Comment";
< < "ZUW-uh-KrE.title" = "Halftone…";
< < "Zcx-kR-NPS.title" = "Unsharp Mask…";
545,549d229
< < "ac1-Ze-KJK.title" = "Brightness and Contrast…";
< < "aey-y9-0vT.title" = "Liquify…";
< < "afm-gE-ZSx.title" = "Select Same Tag Color";
< < "aos-pW-97h.title" = "Hue Range Mask…";
< < "asZ-KS-OcW.title" = "Bend - Vertical";
551,554d230
< < "brq-16-CzO.title" = "Fish Eye";
< < "buw-mG-r1d.title" = "Rasterize…";
< < "bvX-0g-T0d.title" = "Expand Selection";
< < "bwh-Yp-RYg.title" = "Color Tag Placeholder";
557d232
< < "cbF-6M-ptW.title" = "Gaussian Blur…";
559d233
< < "cwG-4t-ZTf.title" = "Lens Distortion…";
561,563d234
< < "dS5-17-jOa.title" = "Collapse Selection";
< < "dUN-TC-4vJ.title" = "Mask to Below";
< < "ddz-dY-viZ.title" = "Bilateral Blur…";
565d235
< < "e8N-Q7-x1a.title" = "Band-pass Mask…";
567d236
< < "eoK-JN-x1T.title" = "Pinch / Punch…";
573d241
< < "gQ1-KW-jqe.title" = "Shadows / Highlights…";
577,580d244
< < "h08-4P-cH9.title" = "Black and White…";
< < "hVz-GL-fp2.title" = "Add Noise…";
< < "hXM-wT-lvW.title" = "Clarity…";
< < "hXl-nq-0KU.title" = "Rasterize & Trim…";
584,589d247
< < "k42-lm-Vm6.title" = "White Balance…";
< < "k50-gt-XVh.title" = "Edit Mask";
< < "kKF-TC-oUu.title" = "Thumbnail Background";
< < "kKi-A3-6Ez.title" = "Collapse All Parents";
< < "kRS-W8-hiQ.title" = "Thumbnail Background";
< < "kbJ-4i-Zlx.title" = "Shadows / Highlights…";
592d249
< < "kuE-O3-tq1.title" = "Release";
594d250
< < "l07-FM-57g.title" = "Rasterize…";
596,597d251
< < "lG0-Rq-P1m.title" = "Exclude from Snapping";
< < "lI6-0K-5TZ.title" = "Color Tag Placeholder";
599,600d252
< < "mB8-og-JfM.title" = "Soft Proof…";
< < "nGZ-NG-6rt.title" = "Defringe…";
602d253
< < "o1n-fa-ddw.title" = "Properties…";
604,610d254
< < "osk-jW-QfR.title" = "Lighting…";
< < "pBT-rj-VoI.title" = "Set…";
< < "pP0-hd-tRt.title" = "Median Blur…";
< < "pqc-cX-alo.title" = "Clear";
< < "q4r-H9-jh3.title" = "Show Others";
< < "qIz-6Z-1Rf.title" = "Rasterize to Mask";
< < "qLl-aR-Cpr.title" = "High Pass…";
613,616d256
< < "qu9-LW-YUs.title" = "Edit Linked";
< < "rBJ-Jn-KIP.title" = "Split Toning…";
< < "rlM-FF-7kH.title" = "Edit Detached";
< < "rwH-Nj-DNG.title" = "Motion Blur…";
618,619d257
< < "s5G-yy-TDC.title" = "Rasterize…";
< < "t2c-nC-q3r.title" = "Compound Mask";
621d258
< < "twh-QL-F1w.title" = "Exclude from Snapping";
624d260
< < "vPF-yq-KPV.title" = "Arc - Horizontal";
626d261
< < "voD-GH-rjs.title" = "Recolor…";
628,629d262
< < "waR-HC-mI3.title" = "Box Blur…";
< < "wmA-4c-NbV.title" = "Color Tag Placeholder";
631d263
< < "yHq-E4-VYE.title" = "Show Group Thumbnails";
634d265
< < "yVL-aF-prU.title" = "Rasterize…";
636,848c267,532
< < "zNn-wW-jQH.title" = "Diffuse Glow…";
< > "0N1-K6-tCa.title" = "下のレイヤーにマスクを使用";
< > "0ei-lO-DFN.title" = "ロック";
< > "0vB-oy-A9X.title" = "プロシージャルテクスチャ…";
< > "108.title" = "不透明度:";
< > "157.ibShadowedToolTip" = "レイヤーを追加";
< > "164.ibShadowedToolTip" = "レイヤーを削除";
< > "167.ibShadowedToolTip" = "マスクレイヤー";
< > "170.ibShadowedToolTip" = "調整";
< > "173.ibShadowedToolTip" = "レイヤーエフェクト";
< > "2Hb-1s-nNS.title" = "複製";
< > "2UE-TY-ZEp.title" = "フィールドぼかし…";
< > "2zz-tV-sEO.title" = "カット";
< > "3Cy-pU-xbV.title" = "カラーバランス…";
< > "3KO-uC-p7G.title" = "ペースト";
< > "3PJ-5b-LTw.title" = "プリフライトコメント";
< > "3pC-0D-ZMZ.title" = "親を選択";
< > "3sn-hH-AxX.title" = "グループ化";
< > "410-7P-30G.title" = "解除";
< > "4bE-Ph-Kya.ibShadowedToolTip" = "ロック/ロック解除";
< > "54n-ro-kqV.title" = "球面…";
< > "5IQ-Lu-TDX.title" = "ダスト&スクラッチ…";
< > "5eK-jL-Jut.title" = "マスクの解除";
< > "651-f4-Nf5.title" = "水晶…";
< > "6f3-Ib-fxL.title" = "ポスタライズ…";
< > "71e-Zc-lJH.title" = "被写界深度…";
< > "7Ab-hq-qJg.title" = "非表示";
< > "7eK-A4-q39.title" = "削除";
< > "7eq-yN-pCf.title" = "スナップから除外";
< > "7tZ-zN-cL9.title" = "下のレイヤーにマスクを使用";
< > "87p-cM-8aU.title" = "ロック";
< > "8x7-Ck-GRK.title" = "フレームコンテンツを編集";
< > "9DK-c4-kDe.title" = "新規レイヤー";
< > "9OG-Fb-KB2.title" = "カット";
< > "9h1-iC-Lh3.title" = "円弧 - 垂直";
< > "ADS-DR-aKK.title" = "マスクの調整...";
< > "Adn-9m-x7e.title" = "法線…";
< > "Ajp-cQ-VFF.title" = "メッシュワープ…";
< > "BMy-y6-fUm.title" = "ラスタライズ&トリム…";
< > "BU4-y1-JP2.title" = "ラスタライズ&トリム…";
< > "Bhe-Rj-DGT.title" = "ツイスト";
< > "BkK-Co-xJV.title" = "カラータグプレースホルダー";
< > "C8u-AZ-voy.title" = "波紋…";
< > "CBp-Ub-Dp8.title" = "特定色域…";
< > "CNa-ig-aaT.title" = "空のマスク";
< > "CRZ-rD-EK4.title" = "下のレイヤーと結合";
< > "D3K-5a-rHG.title" = "オブジェクトタイプを表示";
< > "DAc-v6-0rC.title" = "拡散…";
< > "DXI-ee-UI2.title" = "曲げ - 水平";
< > "Dix-1O-NLA.title" = "他を隠す";
< > "DuV-rb-GfA.title" = "選択範囲の展開";
< > "E6G-hK-iFa.title" = "表示レイヤーを結合";
< > "EUZ-cx-w79.title" = "レベル…";
< > "Ebf-rT-roF.title" = "カラータグプレースホルダー";
< > "Fda-Uy-jwc.title" = "クアッド";
< > "FoJ-NY-5Ov.title" = "ペースト";
< > "GNc-XS-WkR.ibShadowedToolTip" = "ワープ";
< > "GvO-16-DzV.title" = "ノイズ除去…";
< > "Gye-W2-jRI.title" = "パースペクティブ…";
< > "H5V-Ku-YBI.title" = "最大ぼかし…";
< > "HRa-fh-uj1.title" = "最小ぼかし…";
< > "HY8-Nu-XR5.ibShadowedToolTip" = "ライブフィルター";
< > "HdJ-lz-exU.title" = "新規ピクセルレイヤー";
< > "HdS-WT-IE7.title" = "解除";
< > "I4d-uU-nRU.title" = "反転";
< > "IEh-6e-cCG.title" = "レンズフィルター…";
< > "IMu-Gr-bUZ.title" = "選択範囲の折りたたみ";
< > "Ijy-rQ-bU2.title" = "選択範囲の展開";
< > "IkG-NO-9Zx.title" = "非表示";
< > "JH2-6A-U0B.title" = "削除";
< > "JuM-B0-ypn.title" = "ペースト";
< > "K6S-GX-59r.title" = "置き換え…";
< > "K8g-kE-GAk.title" = "非表示";
< > "KIV-Uq-ytQ.title" = "ビネット…";
< > "KPN-AR-hOG.title" = "解除";
< > "KYh-iz-0Po.title" = "自然な彩度…";
< > "Keu-l7-gGh.title" = "選択範囲の折りたたみ";
< > "Kqi-y1-nN1.title" = "しきい値…";
< > "Lee-Dz-BaE.title" = "表示レイヤーを結合";
< > "Mau-8E-HK8.title" = "選択範囲を結合";
< > "MmL-mr-DDu.title" = "マスクにラスタライズ";
< > "Mn9-9M-JEz.title" = "スナップから除外";
< > "NEW-bK-5WJ.title" = "ラスタライズ&トリム…";
< > "NKx-kP-jVf.title" = "グラデーションマップ…";
< > "OSQ-ja-PfP.title" = "サムネイル大";
< > "OSs-ig-FHC.title" = "選択範囲の展開";
< > "Omw-yO-gxY.title" = "渦巻き…";
< > "Oq8-NE-dRv.title" = "カーブ…";
< > "P65-bU-b5x.title" = "ダーク";
< > "PF5-dY-ItF.title" = "カット";
< > "PKn-Mm-xuT.title" = "チャンネルミキサー…";
< > "PNB-AL-3qq.title" = "コピー";
< > "QDb-v0-U5W.title" = "複製";
< > "QW0-kh-KcE.title" = "マスク";
< > "Qgw-oc-VnG.title" = "新規ピクセルレイヤー";
< > "RaI-hw-4YR.title" = "選択範囲の折りたたみ";
< > "S2r-Rh-7IK.title" = "ロック";
< > "S5i-WE-IB6.title" = "親を選択";
< > "Swu-Q9-rrW.title" = "その他を表示";
< > "TRz-oj-Dg4.title" = "パースペクティブ";
< > "TjQ-96-DeA.title" = "露出…";
< > "TwW-TW-fDj.title" = "複製";
< > "UAm-lY-cwe.title" = "マスクにラスタライズ";
< > "UTa-p5-pgM.title" = "テキストセル";
< > "UfA-rH-oP6.title" = "プロパティ…";
< > "UoG-zn-DFb.title" = "マスクにラスタライズ";
< > "VF8-jt-RrP.title" = "輝度範囲マスク…";
< > "VGC-ZU-76a.title" = "放射状ぼかし…";
< > "VvG-AZ-ANl.title" = "すべての親を折りたたむ";
< > "W5X-AA-7Fa.title" = "チェッカーボード";
< > "WFi-Kq-B9V.title" = "新規ピクセルレイヤー";
< > "XUK-pB-oQF.title" = "レンズぼかし…";
< > "XUo-8X-01p.ibShadowedToolTip" = "すべてのレイヤーを編集";
< > "Xco-Zy-yQ3.title" = "カット";
< > "Xgf-2p-THS.title" = "削除";
< > "Y3K-9B-l09.title" = "同じタグカラーを選択";
< > "Yck-jy-C1r.title" = "グループ解除";
< > "ZU9-TJ-4oq.title" = "プリフライトコメント";
< > "ZUW-uh-KrE.title" = "ハーフトーン…";
< > "Zcx-kR-NPS.title" = "アンシャープマスク…";
< > "a8r-CN-E4L.title" = "サムネイル中";
< > "ac1-Ze-KJK.title" = "明るさとコントラスト…";
< > "aey-y9-0vT.title" = "ゆがみ…";
< > "afm-gE-ZSx.title" = "同じタグカラーを選択";
< > "aos-pW-97h.title" = "色相範囲マスク…";
< > "asZ-KS-OcW.title" = "曲げ - 垂直";
< > "bYy-Pn-5XB.title" = "削除";
< > "brq-16-CzO.title" = "魚眼";
< > "buw-mG-r1d.title" = "ラスタライズ…";
< > "bvX-0g-T0d.title" = "選択範囲の展開";
< > "bwh-Yp-RYg.title" = "カラータグプレースホルダー";
< > "cHP-BL-cl5.title" = "コピー";
< > "cSJ-AW-6yE.title" = "グループ化";
< > "cbF-6M-ptW.title" = "ガウスぼかし…";
< > "cp6-gI-rg4.title" = "コピー";
< > "cwG-4t-ZTf.title" = "レンズゆがみ…";
< > "cxk-Gp-eNd.title" = "新規レイヤー";
< > "dS5-17-jOa.title" = "選択範囲の折りたたみ";
< > "dUN-TC-4vJ.title" = "下のレイヤーにマスクを使用";
< > "ddz-dY-viZ.title" = "表面ぼかし…";
< > "dxk-Tc-mWM.title" = "表示レイヤーを結合";
< > "e8N-Q7-x1a.title" = "バンドパスマスク…";
< > "eff-c0-fWI.title" = "非表示";
< > "eoK-JN-x1T.title" = "ピンチ/パンチ…";
< > "fpe-ZH-kMm.title" = "カット";
< > "fuV-8Z-OaX.title" = "新規レイヤー";
< > "fxc-sC-Q4b.title" = "ペースト";
< > "fyV-kE-dA7.title" = "複製";
< > "gPr-k7-4dz.title" = "下のレイヤーと結合";
< > "gQ1-KW-jqe.title" = "シャドウ/ハイライト…";
< > "gae-Jc-6wh.title" = "下のレイヤーと結合";
< > "glT-tK-yZ5.title" = "複製";
< > "gv4-Nu-nnM.title" = "メッシュ";
< > "h08-4P-cH9.title" = "白黒…";
< > "hVz-GL-fp2.title" = "ノイズを追加…";
< > "hXM-wT-lvW.title" = "明瞭度…";
< > "hXl-nq-0KU.title" = "ラスタライズ&トリム…";
< > "i5T-G3-l30.title" = "新規ピクセルレイヤー";
< > "jh8-cp-7GQ.title" = "グループ解除";
< > "k2u-Jm-0HR.title" = "非表示";
< > "k42-lm-Vm6.title" = "ホワイトバランス…";
< > "k50-gt-XVh.title" = "マスクを編集";
< > "kKF-TC-oUu.title" = "サムネイルの背景";
< > "kKi-A3-6Ez.title" = "すべての親を折りたたむ";
< > "kRS-W8-hiQ.title" = "サムネイルの背景";
< > "kbJ-4i-Zlx.title" = "シャドウ/ハイライト…";
< > "klj-pa-MfZ.title" = "非表示";
< > "ku6-Vv-PgY.title" = "ペースト";
< > "kuE-O3-tq1.title" = "解除";
< > "kyq-FK-yaO.title" = "他を隠す";
< > "l07-FM-57g.title" = "ラスタライズ…";
< > "lFd-6K-edX.title" = "自動";
< > "lG0-Rq-P1m.title" = "スナップから除外";
< > "lI6-0K-5TZ.title" = "カラータグプレースホルダー";
< > "lal-7J-HSh.title" = "削除";
< > "mB8-og-JfM.title" = "ソフト校正…";
< > "nGZ-NG-6rt.title" = "フリンジ除去…";
< > "nei-8E-Af9.title" = "同じ名前を選択";
< > "o1n-fa-ddw.title" = "プロパティ…";
< > "oGJ-lf-Xae.title" = "表示レイヤーを結合";
< > "osk-jW-QfR.title" = "照明…";
< > "pBT-rj-VoI.title" = "設定...";
< > "pP0-hd-tRt.title" = "中間値ぼかし…";
< > "pqc-cX-alo.title" = "クリア";
< > "q4r-H9-jh3.title" = "その他を表示";
< > "qIz-6Z-1Rf.title" = "マスクにラスタライズ";
< > "qLl-aR-Cpr.title" = "ハイパス…";
< > "qYy-cL-52C.title" = "グループ解除";
< > "qku-VS-zQE.title" = "サムネイル小";
< > "qu9-LW-YUs.title" = "リンクを編集";
< > "rBJ-Jn-KIP.title" = "明暗別色補正…";
< > "rlM-FF-7kH.title" = "切り離しを編集";
< > "rwH-Nj-DNG.title" = "モーションぼかし…";
< > "s48-Qf-Qft.ibShadowedToolTip" = "ブレンドオプション";
< > "s5G-yy-TDC.title" = "ラスタライズ…";
< > "t2c-nC-q3r.title" = "複合マスク";
< > "trj-9r-OkX.title" = "コピー";
< > "twh-QL-F1w.title" = "スナップから除外";
< > "uef-tj-zDK.ibShadowedToolTip" = "ピクセルレイヤーを追加";
< > "uhS-B7-FzW.title" = "コピー";
< > "vPF-yq-KPV.title" = "円弧 - 水平";
< > "vSw-c1-RjW.title" = "グループ化";
< > "voD-GH-rjs.title" = "リカラー…";
< > "wWS-Et-8qg.title" = "自動スクロール";
< > "waR-HC-mI3.title" = "ボックスぼかし…";
< > "wmA-4c-NbV.title" = "カラータグプレースホルダー";
< > "y2c-A2-ur8.title" = "同じ名前を選択";
< > "yHq-E4-VYE.title" = "グループサムネイルを表示";
< > "yNQ-sy-CPz.title" = "新規レイヤー";
< > "yOE-y1-XVB.title" = "ロック";
< > "yVL-aF-prU.title" = "ラスタライズ…";
< > "zDg-eG-Geb.title" = "ライト";
< > "zNn-wW-jQH.title" = "光彩拡散…";
---
> < /* Class = "NSButton"; ibShadowedToolTip = "Add Layer"; ObjectID = "157"; */
> < /* Class = "NSButton"; ibShadowedToolTip = "Add Pixel Layer"; ObjectID = "uef-tj-zDK"; */
> < /* Class = "NSButton"; ibShadowedToolTip = "Adjustments"; ObjectID = "170"; */
> < /* Class = "NSButton"; ibShadowedToolTip = "Blend Options"; ObjectID = "s48-Qf-Qft"; */
> < /* Class = "NSButton"; ibShadowedToolTip = "Edit All Layers"; ObjectID = "XUo-8X-01p"; */
> < /* Class = "NSButton"; ibShadowedToolTip = "Layer Effects"; ObjectID = "173"; */
> < /* Class = "NSButton"; ibShadowedToolTip = "Lock/Unlock"; ObjectID = "4bE-Ph-Kya"; */
> < /* Class = "NSButton"; ibShadowedToolTip = "Mask Layer"; ObjectID = "167"; */
> < /* Class = "NSButton"; ibShadowedToolTip = "Remove Layer"; ObjectID = "164"; */
> < /* Class = "NSMenuItem"; title = "Auto"; ObjectID = "lFd-6K-edX"; */
> < /* Class = "NSMenuItem"; title = "Auto-scroll"; ObjectID = "wWS-Et-8qg"; */
> < /* Class = "NSMenuItem"; title = "Copy"; ObjectID = "PNB-AL-3qq"; */
> < /* Class = "NSMenuItem"; title = "Copy"; ObjectID = "cHP-BL-cl5"; */
> < /* Class = "NSMenuItem"; title = "Copy"; ObjectID = "cp6-gI-rg4"; */
> < /* Class = "NSMenuItem"; title = "Copy"; ObjectID = "trj-9r-OkX"; */
> < /* Class = "NSMenuItem"; title = "Copy"; ObjectID = "uhS-B7-FzW"; */
> < /* Class = "NSMenuItem"; title = "Cut"; ObjectID = "2zz-tV-sEO"; */
> < /* Class = "NSMenuItem"; title = "Cut"; ObjectID = "9OG-Fb-KB2"; */
> < /* Class = "NSMenuItem"; title = "Cut"; ObjectID = "PF5-dY-ItF"; */
> < /* Class = "NSMenuItem"; title = "Cut"; ObjectID = "Xco-Zy-yQ3"; */
> < /* Class = "NSMenuItem"; title = "Cut"; ObjectID = "fpe-ZH-kMm"; */
> < /* Class = "NSMenuItem"; title = "Dark"; ObjectID = "P65-bU-b5x"; */
> < /* Class = "NSMenuItem"; title = "Delete"; ObjectID = "7eK-A4-q39"; */
> < /* Class = "NSMenuItem"; title = "Delete"; ObjectID = "JH2-6A-U0B"; */
> < /* Class = "NSMenuItem"; title = "Delete"; ObjectID = "Xgf-2p-THS"; */
> < /* Class = "NSMenuItem"; title = "Delete"; ObjectID = "bYy-Pn-5XB"; */
> < /* Class = "NSMenuItem"; title = "Delete"; ObjectID = "lal-7J-HSh"; */
> < /* Class = "NSMenuItem"; title = "Duplicate"; ObjectID = "2Hb-1s-nNS"; */
> < /* Class = "NSMenuItem"; title = "Duplicate"; ObjectID = "QDb-v0-U5W"; */
> < /* Class = "NSMenuItem"; title = "Duplicate"; ObjectID = "TwW-TW-fDj"; */
> < /* Class = "NSMenuItem"; title = "Duplicate"; ObjectID = "fyV-kE-dA7"; */
> < /* Class = "NSMenuItem"; title = "Duplicate"; ObjectID = "glT-tK-yZ5"; */
> < /* Class = "NSMenuItem"; title = "Group"; ObjectID = "3sn-hH-AxX"; */
> < /* Class = "NSMenuItem"; title = "Group"; ObjectID = "cSJ-AW-6yE"; */
> < /* Class = "NSMenuItem"; title = "Group"; ObjectID = "vSw-c1-RjW"; */
> < /* Class = "NSMenuItem"; title = "Hide Others"; ObjectID = "Dix-1O-NLA"; */
> < /* Class = "NSMenuItem"; title = "Hide Others"; ObjectID = "kyq-FK-yaO"; */
> < /* Class = "NSMenuItem"; title = "Hide"; ObjectID = "7Ab-hq-qJg"; */
> < /* Class = "NSMenuItem"; title = "Hide"; ObjectID = "IkG-NO-9Zx"; */
> < /* Class = "NSMenuItem"; title = "Hide"; ObjectID = "K8g-kE-GAk"; */
> < /* Class = "NSMenuItem"; title = "Hide"; ObjectID = "eff-c0-fWI"; */
> < /* Class = "NSMenuItem"; title = "Hide"; ObjectID = "k2u-Jm-0HR"; */
> < /* Class = "NSMenuItem"; title = "Hide"; ObjectID = "klj-pa-MfZ"; */
> < /* Class = "NSMenuItem"; title = "Invert"; ObjectID = "I4d-uU-nRU"; */
> < /* Class = "NSMenuItem"; title = "Large Thumbnails"; ObjectID = "OSQ-ja-PfP"; */
> < /* Class = "NSMenuItem"; title = "Light"; ObjectID = "zDg-eG-Geb"; */
> < /* Class = "NSMenuItem"; title = "Lock"; ObjectID = "0ei-lO-DFN"; */
> < /* Class = "NSMenuItem"; title = "Lock"; ObjectID = "87p-cM-8aU"; */
> < /* Class = "NSMenuItem"; title = "Lock"; ObjectID = "S2r-Rh-7IK"; */
> < /* Class = "NSMenuItem"; title = "Lock"; ObjectID = "yOE-y1-XVB"; */
> < /* Class = "NSMenuItem"; title = "Mask"; ObjectID = "QW0-kh-KcE"; */
> < /* Class = "NSMenuItem"; title = "Medium Thumbnails"; ObjectID = "a8r-CN-E4L"; */
> < /* Class = "NSMenuItem"; title = "Merge Down"; ObjectID = "CRZ-rD-EK4"; */
> < /* Class = "NSMenuItem"; title = "Merge Down"; ObjectID = "gPr-k7-4dz"; */
> < /* Class = "NSMenuItem"; title = "Merge Down"; ObjectID = "gae-Jc-6wh"; */
> < /* Class = "NSMenuItem"; title = "Merge Selected"; ObjectID = "Mau-8E-HK8"; */
> < /* Class = "NSMenuItem"; title = "Merge Visible"; ObjectID = "E6G-hK-iFa"; */
> < /* Class = "NSMenuItem"; title = "Merge Visible"; ObjectID = "Lee-Dz-BaE"; */
> < /* Class = "NSMenuItem"; title = "Merge Visible"; ObjectID = "dxk-Tc-mWM"; */
> < /* Class = "NSMenuItem"; title = "Merge Visible"; ObjectID = "oGJ-lf-Xae"; */
> < /* Class = "NSMenuItem"; title = "Mesh"; ObjectID = "gv4-Nu-nnM"; */
> < /* Class = "NSMenuItem"; title = "New Layer"; ObjectID = "9DK-c4-kDe"; */
> < /* Class = "NSMenuItem"; title = "New Layer"; ObjectID = "cxk-Gp-eNd"; */
> < /* Class = "NSMenuItem"; title = "New Layer"; ObjectID = "fuV-8Z-OaX"; */
> < /* Class = "NSMenuItem"; title = "New Layer"; ObjectID = "yNQ-sy-CPz"; */
> < /* Class = "NSMenuItem"; title = "New Pixel Layer"; ObjectID = "HdJ-lz-exU"; */
> < /* Class = "NSMenuItem"; title = "New Pixel Layer"; ObjectID = "Qgw-oc-VnG"; */
> < /* Class = "NSMenuItem"; title = "New Pixel Layer"; ObjectID = "WFi-Kq-B9V"; */
> < /* Class = "NSMenuItem"; title = "New Pixel Layer"; ObjectID = "i5T-G3-l30"; */
> < /* Class = "NSMenuItem"; title = "Paste"; ObjectID = "3KO-uC-p7G"; */
> < /* Class = "NSMenuItem"; title = "Paste"; ObjectID = "FoJ-NY-5Ov"; */
> < /* Class = "NSMenuItem"; title = "Paste"; ObjectID = "JuM-B0-ypn"; */
> < /* Class = "NSMenuItem"; title = "Paste"; ObjectID = "fxc-sC-Q4b"; */
> < /* Class = "NSMenuItem"; title = "Paste"; ObjectID = "ku6-Vv-PgY"; */
> < /* Class = "NSMenuItem"; title = "Rasterise to Mask"; ObjectID = "MmL-mr-DDu"; */
> < /* Class = "NSMenuItem"; title = "Rasterise to Mask"; ObjectID = "UAm-lY-cwe"; */
> < /* Class = "NSMenuItem"; title = "Rasterise to Mask"; ObjectID = "UoG-zn-DFb"; */
> < /* Class = "NSMenuItem"; title = "Rasterise to Mask"; ObjectID = "qIz-6Z-1Rf"; */
> < /* Class = "NSMenuItem"; title = "Rasterise…"; ObjectID = "buw-mG-r1d"; */
> < /* Class = "NSMenuItem"; title = "Rasterise…"; ObjectID = "l07-FM-57g"; */
> < /* Class = "NSMenuItem"; title = "Rasterise…"; ObjectID = "s5G-yy-TDC"; */
> < /* Class = "NSMenuItem"; title = "Rasterise…"; ObjectID = "yVL-aF-prU"; */
> < /* Class = "NSMenuItem"; title = "Select Same Name"; ObjectID = "nei-8E-Af9"; */
> < /* Class = "NSMenuItem"; title = "Select Same Name"; ObjectID = "y2c-A2-ur8"; */
> < /* Class = "NSMenuItem"; title = "Select Same Tag Colour"; ObjectID = "Y3K-9B-l09"; */
> < /* Class = "NSMenuItem"; title = "Select Same Tag Colour"; ObjectID = "afm-gE-ZSx"; */
> < /* Class = "NSMenuItem"; title = "Small Thumbnails"; ObjectID = "qku-VS-zQE"; */
> < /* Class = "NSMenuItem"; title = "Ungroup"; ObjectID = "Yck-jy-C1r"; */
> < /* Class = "NSMenuItem"; title = "Ungroup"; ObjectID = "jh8-cp-7GQ"; */
> < /* Class = "NSMenuItem"; title = "Ungroup"; ObjectID = "qYy-cL-52C"; */
> < /* Class = "NSTextFieldCell"; title = "Opacity:"; ObjectID = "108"; */
> < /* Class = "NSTextFieldCell"; title = "Text Cell"; ObjectID = "UTa-p5-pgM"; */
> > "0ei-lO-DFN.title" = "잠금";
> > "108.title" = "불투명도:";
> > "157.ibShadowedToolTip" = "레이어 추가";
> > "164.ibShadowedToolTip" = "레이어 지우기";
> > "167.ibShadowedToolTip" = "마스크 레이어";
> > "170.ibShadowedToolTip" = "조정";
> > "173.ibShadowedToolTip" = "레이어 효과";
> > "2Hb-1s-nNS.title" = "복제";
> > "2zz-tV-sEO.title" = "오려두기";
> > "3KO-uC-p7G.title" = "붙이기";
> > "3sn-hH-AxX.title" = "그룹";
> > "4bE-Ph-Kya.ibShadowedToolTip" = "잠금/잠금 풀기";
> > "7Ab-hq-qJg.title" = "가리기";
> > "7eK-A4-q39.title" = "지우기";
> > "87p-cM-8aU.title" = "잠금";
> > "9DK-c4-kDe.title" = "신규 레이어";
> > "9OG-Fb-KB2.title" = "오려두기";
> > "CRZ-rD-EK4.title" = "아래 항목 통합";
> > "Dix-1O-NLA.title" = "기타 가리기";
> > "E6G-hK-iFa.title" = "보이는 항목 통합";
> > "FoJ-NY-5Ov.title" = "붙이기";
> > "HdJ-lz-exU.title" = "신규 픽셀 레이어";
> > "I4d-uU-nRU.title" = "반전";
> > "IkG-NO-9Zx.title" = "가리기";
> > "JH2-6A-U0B.title" = "지우기";
> > "JuM-B0-ypn.title" = "붙이기";
> > "K8g-kE-GAk.title" = "가리기";
> > "Lee-Dz-BaE.title" = "보이는 항목 통합";
> > "Mau-8E-HK8.title" = "선택 항목 통합";
> > "OSQ-ja-PfP.title" = "큰 마중그림";
> > "P65-bU-b5x.title" = "다크";
> > "PF5-dY-ItF.title" = "오려두기";
> > "PNB-AL-3qq.title" = "복사";
> > "QDb-v0-U5W.title" = "복제";
> > "QW0-kh-KcE.title" = "마스크";
> > "Qgw-oc-VnG.title" = "신규 픽셀 레이어";
> > "S2r-Rh-7IK.title" = "잠금";
> > "TwW-TW-fDj.title" = "복제";
> > "UTa-p5-pgM.title" = "텍스트 셀";
> > "WFi-Kq-B9V.title" = "신규 픽셀 레이어";
> > "XUo-8X-01p.ibShadowedToolTip" = "모든 레이어 편집";
> > "Xco-Zy-yQ3.title" = "오려두기";
> > "Xgf-2p-THS.title" = "지우기";
> > "Yck-jy-C1r.title" = "그룹 풀기";
> > "a8r-CN-E4L.title" = "중간 마중그림";
> > "bYy-Pn-5XB.title" = "지우기";
> > "cHP-BL-cl5.title" = "복사";
> > "cSJ-AW-6yE.title" = "그룹";
> > "cp6-gI-rg4.title" = "복사";
> > "cxk-Gp-eNd.title" = "신규 레이어";
> > "dxk-Tc-mWM.title" = "보이는 항목 통합";
> > "eff-c0-fWI.title" = "가리기";
> > "fpe-ZH-kMm.title" = "오려두기";
> > "fuV-8Z-OaX.title" = "신규 레이어";
> > "fxc-sC-Q4b.title" = "붙이기";
> > "fyV-kE-dA7.title" = "복제";
> > "gPr-k7-4dz.title" = "아래 항목 통합";
> > "gae-Jc-6wh.title" = "아래 항목 통합";
> > "glT-tK-yZ5.title" = "복제";
> > "gv4-Nu-nnM.title" = "그물";
> > "i5T-G3-l30.title" = "신규 픽셀 레이어";
> > "jh8-cp-7GQ.title" = "그룹 풀기";
> > "k2u-Jm-0HR.title" = "가리기";
> > "klj-pa-MfZ.title" = "가리기";
> > "ku6-Vv-PgY.title" = "붙이기";
> > "kyq-FK-yaO.title" = "기타 가리기";
> > "lFd-6K-edX.title" = "자동";
> > "lal-7J-HSh.title" = "지우기";
> > "nei-8E-Af9.title" = "이름으로 동일 선택";
> > "oGJ-lf-Xae.title" = "보이는 항목 통합";
> > "qYy-cL-52C.title" = "그룹 풀기";
> > "qku-VS-zQE.title" = "작은 마중그림";
> > "s48-Qf-Qft.ibShadowedToolTip" = "혼합 설정";
> > "trj-9r-OkX.title" = "복사";
> > "uef-tj-zDK.ibShadowedToolTip" = "픽셀 레이어 추가";
> > "uhS-B7-FzW.title" = "복사";
> > "vSw-c1-RjW.title" = "그룹";
> > "wWS-Et-8qg.title" = "자동 스크롤";
> > "y2c-A2-ur8.title" = "이름으로 동일 선택";
> > "yNQ-sy-CPz.title" = "신규 레이어";
> > "yOE-y1-XVB.title" = "잠금";
> > "zDg-eG-Geb.title" = "라이트";
> > /* Class = "NSButton"; ibShadowedToolTip = "혼합 설정"; ObjectID = "s48-Qf-Qft"; */
> > /* Class = "NSButton"; ibShadowedToolTip = "모든 레이어 편집"; ObjectID = "XUo-8X-01p"; */
> > /* Class = "NSButton"; ibShadowedToolTip = "픽셀 레이어 추가"; ObjectID = "uef-tj-zDK"; */
> > /* Class = "NSButton"; ibShadowedToolTip = "조정"; ObjectID = "170"; */
> > /* Class = "NSButton"; ibShadowedToolTip = "잠금/잠금 풀기"; ObjectID = "4bE-Ph-Kya"; */
> > /* Class = "NSButton"; ibShadowedToolTip = "레이어 추가"; ObjectID = "157"; */
> > /* Class = "NSButton"; ibShadowedToolTip = "레이어 효과"; ObjectID = "173"; */
> > /* Class = "NSButton"; ibShadowedToolTip = "레이어 지우기"; ObjectID = "164"; */
> > /* Class = "NSButton"; ibShadowedToolTip = "마스크 레이어"; ObjectID = "167"; */
> > /* Class = "NSMenuItem"; title = "큰 마중그림"; ObjectID = "OSQ-ja-PfP"; */
> > /* Class = "NSMenuItem"; title = "아래 항목 통합"; ObjectID = "CRZ-rD-EK4"; */
> > /* Class = "NSMenuItem"; title = "선택 항목 통합"; ObjectID = "Mau-8E-HK8"; */
> > /* Class = "NSMenuItem"; title = "아래 항목 통합"; ObjectID = "gPr-k7-4dz"; */
> > /* Class = "NSMenuItem"; title = "아래 항목 통합"; ObjectID = "gae-Jc-6wh"; */
> > /* Class = "NSMenuItem"; title = "신규 픽셀 레이어"; ObjectID = "HdJ-lz-exU"; */
> > /* Class = "NSMenuItem"; title = "신규 픽셀 레이어"; ObjectID = "Qgw-oc-VnG"; */
> > /* Class = "NSMenuItem"; title = "신규 픽셀 레이어"; ObjectID = "WFi-Kq-B9V"; */
> > /* Class = "NSMenuItem"; title = "신규 픽셀 레이어"; ObjectID = "i5T-G3-l30"; */
> > /* Class = "NSMenuItem"; title = "그룹 풀기"; ObjectID = "Yck-jy-C1r"; */
> > /* Class = "NSMenuItem"; title = "그룹 풀기"; ObjectID = "jh8-cp-7GQ"; */
> > /* Class = "NSMenuItem"; title = "그룹 풀기"; ObjectID = "qYy-cL-52C"; */
> > /* Class = "NSMenuItem"; title = "신규 레이어"; ObjectID = "9DK-c4-kDe"; */
> > /* Class = "NSMenuItem"; title = "기타 가리기"; ObjectID = "Dix-1O-NLA"; */
> > /* Class = "NSMenuItem"; title = "신규 레이어"; ObjectID = "cxk-Gp-eNd"; */
> > /* Class = "NSMenuItem"; title = "신규 레이어"; ObjectID = "fuV-8Z-OaX"; */
> > /* Class = "NSMenuItem"; title = "기타 가리기"; ObjectID = "kyq-FK-yaO"; */
> > /* Class = "NSMenuItem"; title = "자동 스크롤"; ObjectID = "wWS-Et-8qg"; */
> > /* Class = "NSMenuItem"; title = "신규 레이어"; ObjectID = "yNQ-sy-CPz"; */
> > /* Class = "NSMenuItem"; title = "태그 색상으로 동일 선택"; ObjectID = "Y3K-9B-l09"; */
> > /* Class = "NSMenuItem"; title = "태그 색상으로 동일 선택"; ObjectID = "afm-gE-ZSx"; */
> > /* Class = "NSMenuItem"; title = "중간 마중그림"; ObjectID = "a8r-CN-E4L"; */
> > /* Class = "NSMenuItem"; title = "작은 마중그림"; ObjectID = "qku-VS-zQE"; */
> > /* Class = "NSMenuItem"; title = "잠금"; ObjectID = "0ei-lO-DFN"; */
> > /* Class = "NSMenuItem"; title = "복제"; ObjectID = "2Hb-1s-nNS"; */
> > /* Class = "NSMenuItem"; title = "그룹"; ObjectID = "3sn-hH-AxX"; */
> > /* Class = "NSMenuItem"; title = "잠금"; ObjectID = "87p-cM-8aU"; */
> > /* Class = "NSMenuItem"; title = "반전"; ObjectID = "I4d-uU-nRU"; */
> > /* Class = "NSMenuItem"; title = "다크"; ObjectID = "P65-bU-b5x"; */
> > /* Class = "NSMenuItem"; title = "복사"; ObjectID = "PNB-AL-3qq"; */
> > /* Class = "NSMenuItem"; title = "복제"; ObjectID = "QDb-v0-U5W"; */
> > /* Class = "NSMenuItem"; title = "잠금"; ObjectID = "S2r-Rh-7IK"; */
> > /* Class = "NSMenuItem"; title = "복제"; ObjectID = "TwW-TW-fDj"; */
> > /* Class = "NSMenuItem"; title = "복사"; ObjectID = "cHP-BL-cl5"; */
> > /* Class = "NSMenuItem"; title = "그룹"; ObjectID = "cSJ-AW-6yE"; */
> > /* Class = "NSMenuItem"; title = "복사"; ObjectID = "cp6-gI-rg4"; */
> > /* Class = "NSMenuItem"; title = "복제"; ObjectID = "fyV-kE-dA7"; */
> > /* Class = "NSMenuItem"; title = "복제"; ObjectID = "glT-tK-yZ5"; */
> > /* Class = "NSMenuItem"; title = "그물"; ObjectID = "gv4-Nu-nnM"; */
> > /* Class = "NSMenuItem"; title = "자동"; ObjectID = "lFd-6K-edX"; */
> > /* Class = "NSMenuItem"; title = "복사"; ObjectID = "trj-9r-OkX"; */
> > /* Class = "NSMenuItem"; title = "복사"; ObjectID = "uhS-B7-FzW"; */
> > /* Class = "NSMenuItem"; title = "그룹"; ObjectID = "vSw-c1-RjW"; */
> > /* Class = "NSMenuItem"; title = "잠금"; ObjectID = "yOE-y1-XVB"; */
> > /* Class = "NSMenuItem"; title = "보이는 항목 통합"; ObjectID = "E6G-hK-iFa"; */
> > /* Class = "NSMenuItem"; title = "보이는 항목 통합"; ObjectID = "Lee-Dz-BaE"; */
> > /* Class = "NSMenuItem"; title = "보이는 항목 통합"; ObjectID = "dxk-Tc-mWM"; */
> > /* Class = "NSMenuItem"; title = "보이는 항목 통합"; ObjectID = "oGJ-lf-Xae"; */
> > /* Class = "NSMenuItem"; title = "마스크 래스터화"; ObjectID = "MmL-mr-DDu"; */
> > /* Class = "NSMenuItem"; title = "마스크 래스터화"; ObjectID = "UAm-lY-cwe"; */
> > /* Class = "NSMenuItem"; title = "마스크 래스터화"; ObjectID = "UoG-zn-DFb"; */
> > /* Class = "NSMenuItem"; title = "마스크 래스터화"; ObjectID = "qIz-6Z-1Rf"; */
> > /* Class = "NSMenuItem"; title = "붙이기"; ObjectID = "3KO-uC-p7G"; */
> > /* Class = "NSMenuItem"; title = "가리기"; ObjectID = "7Ab-hq-qJg"; */
> > /* Class = "NSMenuItem"; title = "지우기"; ObjectID = "7eK-A4-q39"; */
> > /* Class = "NSMenuItem"; title = "붙이기"; ObjectID = "FoJ-NY-5Ov"; */
> > /* Class = "NSMenuItem"; title = "가리기"; ObjectID = "IkG-NO-9Zx"; */
> > /* Class = "NSMenuItem"; title = "지우기"; ObjectID = "JH2-6A-U0B"; */
> > /* Class = "NSMenuItem"; title = "붙이기"; ObjectID = "JuM-B0-ypn"; */
> > /* Class = "NSMenuItem"; title = "가리기"; ObjectID = "K8g-kE-GAk"; */
> > /* Class = "NSMenuItem"; title = "마스크"; ObjectID = "QW0-kh-KcE"; */
> > /* Class = "NSMenuItem"; title = "지우기"; ObjectID = "Xgf-2p-THS"; */
> > /* Class = "NSMenuItem"; title = "지우기"; ObjectID = "bYy-Pn-5XB"; */
> > /* Class = "NSMenuItem"; title = "가리기"; ObjectID = "eff-c0-fWI"; */
> > /* Class = "NSMenuItem"; title = "붙이기"; ObjectID = "fxc-sC-Q4b"; */
> > /* Class = "NSMenuItem"; title = "가리기"; ObjectID = "k2u-Jm-0HR"; */
> > /* Class = "NSMenuItem"; title = "가리기"; ObjectID = "klj-pa-MfZ"; */
> > /* Class = "NSMenuItem"; title = "붙이기"; ObjectID = "ku6-Vv-PgY"; */
> > /* Class = "NSMenuItem"; title = "지우기"; ObjectID = "lal-7J-HSh"; */
> > /* Class = "NSMenuItem"; title = "라이트"; ObjectID = "zDg-eG-Geb"; */
> > /* Class = "NSMenuItem"; title = "이름으로 동일 선택"; ObjectID = "nei-8E-Af9"; */
> > /* Class = "NSMenuItem"; title = "이름으로 동일 선택"; ObjectID = "y2c-A2-ur8"; */
> > /* Class = "NSMenuItem"; title = "오려두기"; ObjectID = "2zz-tV-sEO"; */
> > /* Class = "NSMenuItem"; title = "오려두기"; ObjectID = "9OG-Fb-KB2"; */
> > /* Class = "NSMenuItem"; title = "오려두기"; ObjectID = "PF5-dY-ItF"; */
> > /* Class = "NSMenuItem"; title = "오려두기"; ObjectID = "Xco-Zy-yQ3"; */
> > /* Class = "NSMenuItem"; title = "오려두기"; ObjectID = "fpe-ZH-kMm"; */
> > /* Class = "NSMenuItem"; title = "래스터화…"; ObjectID = "buw-mG-r1d"; */
> > /* Class = "NSMenuItem"; title = "래스터화…"; ObjectID = "l07-FM-57g"; */
> > /* Class = "NSMenuItem"; title = "래스터화…"; ObjectID = "s5G-yy-TDC"; */
> > /* Class = "NSMenuItem"; title = "래스터화…"; ObjectID = "yVL-aF-prU"; */
> > /* Class = "NSTextFieldCell"; title = "텍스트 셀"; ObjectID = "UTa-p5-pgM"; */
> > /* Class = "NSTextFieldCell"; title = "불투명도:"; ObjectID = "108"; */
