5,6c5,6
< /* Class = "NSTextFieldCell"; title = "Opacity:"; ObjectID = "108"; */
< "108.title" = "Opacity:";
---
> /* Class = "NSTextFieldCell"; title = "불투명도:"; ObjectID = "108"; */
> "108.title" = "불투명도:";
8,9c8,9
< /* Class = "NSButton"; ibShadowedToolTip = "Add Layer"; ObjectID = "157"; */
< "157.ibShadowedToolTip" = "Add Layer";
---
> /* Class = "NSButton"; ibShadowedToolTip = "레이어 추가"; ObjectID = "157"; */
> "157.ibShadowedToolTip" = "레이어 추가";
11,12c11,12
< /* Class = "NSButton"; ibShadowedToolTip = "Remove Layer"; ObjectID = "164"; */
< "164.ibShadowedToolTip" = "Remove Layer";
---
> /* Class = "NSButton"; ibShadowedToolTip = "레이어 지우기"; ObjectID = "164"; */
> "164.ibShadowedToolTip" = "레이어 지우기";
14,15c14,15
< /* Class = "NSButton"; ibShadowedToolTip = "Mask Layer"; ObjectID = "167"; */
< "167.ibShadowedToolTip" = "Mask Layer";
---
> /* Class = "NSButton"; ibShadowedToolTip = "마스크 레이어"; ObjectID = "167"; */
> "167.ibShadowedToolTip" = "마스크 레이어";
17,18c17,18
< /* Class = "NSButton"; ibShadowedToolTip = "Adjustments"; ObjectID = "170"; */
< "170.ibShadowedToolTip" = "Adjustments";
---
> /* Class = "NSButton"; ibShadowedToolTip = "조정"; ObjectID = "170"; */
> "170.ibShadowedToolTip" = "조정";
20,21c20,21
< /* Class = "NSButton"; ibShadowedToolTip = "Layer Effects"; ObjectID = "173"; */
< "173.ibShadowedToolTip" = "Layer Effects";
---
> /* Class = "NSButton"; ibShadowedToolTip = "레이어 효과"; ObjectID = "173"; */
> "173.ibShadowedToolTip" = "레이어 효과";
26,27c26,27
< /* Class = "NSMenuItem"; title = "Lock"; ObjectID = "0ei-lO-DFN"; */
< "0ei-lO-DFN.title" = "Lock";
---
> /* Class = "NSMenuItem"; title = "잠금"; ObjectID = "0ei-lO-DFN"; */
> "0ei-lO-DFN.title" = "잠금";
32,33c32,33
< /* Class = "NSMenuItem"; title = "Duplicate"; ObjectID = "2Hb-1s-nNS"; */
< "2Hb-1s-nNS.title" = "Duplicate";
---
> /* Class = "NSMenuItem"; title = "복제"; ObjectID = "2Hb-1s-nNS"; */
> "2Hb-1s-nNS.title" = "복제";
38,39c38,39
< /* Class = "NSMenuItem"; title = "Cut"; ObjectID = "2zz-tV-sEO"; */
< "2zz-tV-sEO.title" = "Cut";
---
> /* Class = "NSMenuItem"; title = "오려두기"; ObjectID = "2zz-tV-sEO"; */
> "2zz-tV-sEO.title" = "오려두기";
44,45c44,45
< /* Class = "NSMenuItem"; title = "Paste"; ObjectID = "3KO-uC-p7G"; */
< "3KO-uC-p7G.title" = "Paste";
---
> /* Class = "NSMenuItem"; title = "붙이기"; ObjectID = "3KO-uC-p7G"; */
> "3KO-uC-p7G.title" = "붙이기";
53,54c53,54
< /* Class = "NSMenuItem"; title = "Group"; ObjectID = "3sn-hH-AxX"; */
< "3sn-hH-AxX.title" = "Group";
---
> /* Class = "NSMenuItem"; title = "그룹"; ObjectID = "3sn-hH-AxX"; */
> "3sn-hH-AxX.title" = "그룹";
59,60c59,60
< /* Class = "NSButton"; ibShadowedToolTip = "Lock/Unlock"; ObjectID = "4bE-Ph-Kya"; */
< "4bE-Ph-Kya.ibShadowedToolTip" = "Lock/Unlock";
---
> /* Class = "NSButton"; ibShadowedToolTip = "잠금/잠금 풀기"; ObjectID = "4bE-Ph-Kya"; */
> "4bE-Ph-Kya.ibShadowedToolTip" = "잠금/잠금 풀기";
80,81c80,81
< /* Class = "NSMenuItem"; title = "Hide"; ObjectID = "7Ab-hq-qJg"; */
< "7Ab-hq-qJg.title" = "Hide";
---
> /* Class = "NSMenuItem"; title = "가리기"; ObjectID = "7Ab-hq-qJg"; */
> "7Ab-hq-qJg.title" = "가리기";
83,84c83,84
< /* Class = "NSMenuItem"; title = "Delete"; ObjectID = "7eK-A4-q39"; */
< "7eK-A4-q39.title" = "Delete";
---
> /* Class = "NSMenuItem"; title = "지우기"; ObjectID = "7eK-A4-q39"; */
> "7eK-A4-q39.title" = "지우기";
92,93c92,93
< /* Class = "NSMenuItem"; title = "Lock"; ObjectID = "87p-cM-8aU"; */
< "87p-cM-8aU.title" = "Lock";
---
> /* Class = "NSMenuItem"; title = "잠금"; ObjectID = "87p-cM-8aU"; */
> "87p-cM-8aU.title" = "잠금";
98,99c98,99
< /* Class = "NSMenuItem"; title = "New Layer"; ObjectID = "9DK-c4-kDe"; */
< "9DK-c4-kDe.title" = "New Layer";
---
> /* Class = "NSMenuItem"; title = "신규 레이어"; ObjectID = "9DK-c4-kDe"; */
> "9DK-c4-kDe.title" = "신규 레이어";
101,102c101,102
< /* Class = "NSMenuItem"; title = "Cut"; ObjectID = "9OG-Fb-KB2"; */
< "9OG-Fb-KB2.title" = "Cut";
---
> /* Class = "NSMenuItem"; title = "오려두기"; ObjectID = "9OG-Fb-KB2"; */
> "9OG-Fb-KB2.title" = "오려두기";
137,138c137,138
< /* Class = "NSMenuItem"; title = "Merge Down"; ObjectID = "CRZ-rD-EK4"; */
< "CRZ-rD-EK4.title" = "Merge Down";
---
> /* Class = "NSMenuItem"; title = "아래 항목 통합"; ObjectID = "CRZ-rD-EK4"; */
> "CRZ-rD-EK4.title" = "아래 항목 통합";
149,150c149,150
< /* Class = "NSMenuItem"; title = "Hide Others"; ObjectID = "Dix-1O-NLA"; */
< "Dix-1O-NLA.title" = "Hide Others";
---
> /* Class = "NSMenuItem"; title = "기타 가리기"; ObjectID = "Dix-1O-NLA"; */
> "Dix-1O-NLA.title" = "기타 가리기";
155,156c155,156
< /* Class = "NSMenuItem"; title = "Merge Visible"; ObjectID = "E6G-hK-iFa"; */
< "E6G-hK-iFa.title" = "Merge Visible";
---
> /* Class = "NSMenuItem"; title = "보이는 항목 통합"; ObjectID = "E6G-hK-iFa"; */
> "E6G-hK-iFa.title" = "보이는 항목 통합";
167,168c167,168
< /* Class = "NSMenuItem"; title = "Paste"; ObjectID = "FoJ-NY-5Ov"; */
< "FoJ-NY-5Ov.title" = "Paste";
---
> /* Class = "NSMenuItem"; title = "붙이기"; ObjectID = "FoJ-NY-5Ov"; */
> "FoJ-NY-5Ov.title" = "붙이기";
188,189c188,189
< /* Class = "NSMenuItem"; title = "New Pixel Layer"; ObjectID = "HdJ-lz-exU"; */
< "HdJ-lz-exU.title" = "New Pixel Layer";
---
> /* Class = "NSMenuItem"; title = "신규 픽셀 레이어"; ObjectID = "HdJ-lz-exU"; */
> "HdJ-lz-exU.title" = "신규 픽셀 레이어";
194,195c194,195
< /* Class = "NSMenuItem"; title = "Invert"; ObjectID = "I4d-uU-nRU"; */
< "I4d-uU-nRU.title" = "Invert";
---
> /* Class = "NSMenuItem"; title = "반전"; ObjectID = "I4d-uU-nRU"; */
> "I4d-uU-nRU.title" = "반전";
206,207c206,207
< /* Class = "NSMenuItem"; title = "Hide"; ObjectID = "IkG-NO-9Zx"; */
< "IkG-NO-9Zx.title" = "Hide";
---
> /* Class = "NSMenuItem"; title = "가리기"; ObjectID = "IkG-NO-9Zx"; */
> "IkG-NO-9Zx.title" = "가리기";
209,210c209,210
< /* Class = "NSMenuItem"; title = "Delete"; ObjectID = "JH2-6A-U0B"; */
< "JH2-6A-U0B.title" = "Delete";
---
> /* Class = "NSMenuItem"; title = "지우기"; ObjectID = "JH2-6A-U0B"; */
> "JH2-6A-U0B.title" = "지우기";
212,213c212,213
< /* Class = "NSMenuItem"; title = "Paste"; ObjectID = "JuM-B0-ypn"; */
< "JuM-B0-ypn.title" = "Paste";
---
> /* Class = "NSMenuItem"; title = "붙이기"; ObjectID = "JuM-B0-ypn"; */
> "JuM-B0-ypn.title" = "붙이기";
218,219c218,219
< /* Class = "NSMenuItem"; title = "Hide"; ObjectID = "K8g-kE-GAk"; */
< "K8g-kE-GAk.title" = "Hide";
---
> /* Class = "NSMenuItem"; title = "가리기"; ObjectID = "K8g-kE-GAk"; */
> "K8g-kE-GAk.title" = "가리기";
236,237c236,237
< /* Class = "NSMenuItem"; title = "Merge Visible"; ObjectID = "Lee-Dz-BaE"; */
< "Lee-Dz-BaE.title" = "Merge Visible";
---
> /* Class = "NSMenuItem"; title = "보이는 항목 통합"; ObjectID = "Lee-Dz-BaE"; */
> "Lee-Dz-BaE.title" = "보이는 항목 통합";
239,240c239,240
< /* Class = "NSMenuItem"; title = "Merge Selected"; ObjectID = "Mau-8E-HK8"; */
< "Mau-8E-HK8.title" = "Merge Selected";
---
> /* Class = "NSMenuItem"; title = "선택 항목 통합"; ObjectID = "Mau-8E-HK8"; */
> "Mau-8E-HK8.title" = "선택 항목 통합";
242c242
< /* Class = "NSMenuItem"; title = "Rasterise to Mask"; ObjectID = "MmL-mr-DDu"; */
---
> /* Class = "NSMenuItem"; title = "마스크 래스터화"; ObjectID = "MmL-mr-DDu"; */
254,255c254,255
< /* Class = "NSMenuItem"; title = "Large Thumbnails"; ObjectID = "OSQ-ja-PfP"; */
< "OSQ-ja-PfP.title" = "Large Thumbnails";
---
> /* Class = "NSMenuItem"; title = "큰 마중그림"; ObjectID = "OSQ-ja-PfP"; */
> "OSQ-ja-PfP.title" = "큰 마중그림";
266,267c266,267
< /* Class = "NSMenuItem"; title = "Dark"; ObjectID = "P65-bU-b5x"; */
< "P65-bU-b5x.title" = "Dark";
---
> /* Class = "NSMenuItem"; title = "다크"; ObjectID = "P65-bU-b5x"; */
> "P65-bU-b5x.title" = "다크";
269,270c269,270
< /* Class = "NSMenuItem"; title = "Cut"; ObjectID = "PF5-dY-ItF"; */
< "PF5-dY-ItF.title" = "Cut";
---
> /* Class = "NSMenuItem"; title = "오려두기"; ObjectID = "PF5-dY-ItF"; */
> "PF5-dY-ItF.title" = "오려두기";
275,276c275,276
< /* Class = "NSMenuItem"; title = "Copy"; ObjectID = "PNB-AL-3qq"; */
< "PNB-AL-3qq.title" = "Copy";
---
> /* Class = "NSMenuItem"; title = "복사"; ObjectID = "PNB-AL-3qq"; */
> "PNB-AL-3qq.title" = "복사";
278,279c278,279
< /* Class = "NSMenuItem"; title = "Duplicate"; ObjectID = "QDb-v0-U5W"; */
< "QDb-v0-U5W.title" = "Duplicate";
---
> /* Class = "NSMenuItem"; title = "복제"; ObjectID = "QDb-v0-U5W"; */
> "QDb-v0-U5W.title" = "복제";
281,282c281,282
< /* Class = "NSMenuItem"; title = "Mask"; ObjectID = "QW0-kh-KcE"; */
< "QW0-kh-KcE.title" = "Mask";
---
> /* Class = "NSMenuItem"; title = "마스크"; ObjectID = "QW0-kh-KcE"; */
> "QW0-kh-KcE.title" = "마스크";
284,285c284,285
< /* Class = "NSMenuItem"; title = "New Pixel Layer"; ObjectID = "Qgw-oc-VnG"; */
< "Qgw-oc-VnG.title" = "New Pixel Layer";
---
> /* Class = "NSMenuItem"; title = "신규 픽셀 레이어"; ObjectID = "Qgw-oc-VnG"; */
> "Qgw-oc-VnG.title" = "신규 픽셀 레이어";
290,291c290,291
< /* Class = "NSMenuItem"; title = "Lock"; ObjectID = "S2r-Rh-7IK"; */
< "S2r-Rh-7IK.title" = "Lock";
---
> /* Class = "NSMenuItem"; title = "잠금"; ObjectID = "S2r-Rh-7IK"; */
> "S2r-Rh-7IK.title" = "잠금";
305,306c305,306
< /* Class = "NSMenuItem"; title = "Duplicate"; ObjectID = "TwW-TW-fDj"; */
< "TwW-TW-fDj.title" = "Duplicate";
---
> /* Class = "NSMenuItem"; title = "복제"; ObjectID = "TwW-TW-fDj"; */
> "TwW-TW-fDj.title" = "복제";
308c308
< /* Class = "NSMenuItem"; title = "Rasterise to Mask"; ObjectID = "UAm-lY-cwe"; */
---
> /* Class = "NSMenuItem"; title = "마스크 래스터화"; ObjectID = "UAm-lY-cwe"; */
311,312c311,312
< /* Class = "NSTextFieldCell"; title = "Text Cell"; ObjectID = "UTa-p5-pgM"; */
< "UTa-p5-pgM.title" = "Text Cell";
---
> /* Class = "NSTextFieldCell"; title = "텍스트 셀"; ObjectID = "UTa-p5-pgM"; */
> "UTa-p5-pgM.title" = "텍스트 셀";
317c317
< /* Class = "NSMenuItem"; title = "Rasterise to Mask"; ObjectID = "UoG-zn-DFb"; */
---
> /* Class = "NSMenuItem"; title = "마스크 래스터화"; ObjectID = "UoG-zn-DFb"; */
332,333c332,333
< /* Class = "NSMenuItem"; title = "New Pixel Layer"; ObjectID = "WFi-Kq-B9V"; */
< "WFi-Kq-B9V.title" = "New Pixel Layer";
---
> /* Class = "NSMenuItem"; title = "신규 픽셀 레이어"; ObjectID = "WFi-Kq-B9V"; */
> "WFi-Kq-B9V.title" = "신규 픽셀 레이어";
338,339c338,339
< /* Class = "NSButton"; ibShadowedToolTip = "Edit All Layers"; ObjectID = "XUo-8X-01p"; */
< "XUo-8X-01p.ibShadowedToolTip" = "Edit All Layers";
---
> /* Class = "NSButton"; ibShadowedToolTip = "모든 레이어 편집"; ObjectID = "XUo-8X-01p"; */
> "XUo-8X-01p.ibShadowedToolTip" = "모든 레이어 편집";
341,342c341,342
< /* Class = "NSMenuItem"; title = "Cut"; ObjectID = "Xco-Zy-yQ3"; */
< "Xco-Zy-yQ3.title" = "Cut";
---
> /* Class = "NSMenuItem"; title = "오려두기"; ObjectID = "Xco-Zy-yQ3"; */
> "Xco-Zy-yQ3.title" = "오려두기";
344,345c344,345
< /* Class = "NSMenuItem"; title = "Delete"; ObjectID = "Xgf-2p-THS"; */
< "Xgf-2p-THS.title" = "Delete";
---
> /* Class = "NSMenuItem"; title = "지우기"; ObjectID = "Xgf-2p-THS"; */
> "Xgf-2p-THS.title" = "지우기";
347c347
< /* Class = "NSMenuItem"; title = "Select Same Tag Colour"; ObjectID = "Y3K-9B-l09"; */
---
> /* Class = "NSMenuItem"; title = "태그 색상으로 동일 선택"; ObjectID = "Y3K-9B-l09"; */
350,351c350,351
< /* Class = "NSMenuItem"; title = "Ungroup"; ObjectID = "Yck-jy-C1r"; */
< "Yck-jy-C1r.title" = "Ungroup";
---
> /* Class = "NSMenuItem"; title = "그룹 풀기"; ObjectID = "Yck-jy-C1r"; */
> "Yck-jy-C1r.title" = "그룹 풀기";
365,366c365,366
< /* Class = "NSMenuItem"; title = "Medium Thumbnails"; ObjectID = "a8r-CN-E4L"; */
< "a8r-CN-E4L.title" = "Medium Thumbnails";
---
> /* Class = "NSMenuItem"; title = "중간 마중그림"; ObjectID = "a8r-CN-E4L"; */
> "a8r-CN-E4L.title" = "중간 마중그림";
374c374
< /* Class = "NSMenuItem"; title = "Select Same Tag Colour"; ObjectID = "afm-gE-ZSx"; */
---
> /* Class = "NSMenuItem"; title = "태그 색상으로 동일 선택"; ObjectID = "afm-gE-ZSx"; */
383,384c383,384
< /* Class = "NSMenuItem"; title = "Delete"; ObjectID = "bYy-Pn-5XB"; */
< "bYy-Pn-5XB.title" = "Delete";
---
> /* Class = "NSMenuItem"; title = "지우기"; ObjectID = "bYy-Pn-5XB"; */
> "bYy-Pn-5XB.title" = "지우기";
389c389
< /* Class = "NSMenuItem"; title = "Rasterise…"; ObjectID = "buw-mG-r1d"; */
---
> /* Class = "NSMenuItem"; title = "래스터화…"; ObjectID = "buw-mG-r1d"; */
398,399c398,399
< /* Class = "NSMenuItem"; title = "Copy"; ObjectID = "cHP-BL-cl5"; */
< "cHP-BL-cl5.title" = "Copy";
---
> /* Class = "NSMenuItem"; title = "복사"; ObjectID = "cHP-BL-cl5"; */
> "cHP-BL-cl5.title" = "복사";
401,402c401,402
< /* Class = "NSMenuItem"; title = "Group"; ObjectID = "cSJ-AW-6yE"; */
< "cSJ-AW-6yE.title" = "Group";
---
> /* Class = "NSMenuItem"; title = "그룹"; ObjectID = "cSJ-AW-6yE"; */
> "cSJ-AW-6yE.title" = "그룹";
407,408c407,408
< /* Class = "NSMenuItem"; title = "Copy"; ObjectID = "cp6-gI-rg4"; */
< "cp6-gI-rg4.title" = "Copy";
---
> /* Class = "NSMenuItem"; title = "복사"; ObjectID = "cp6-gI-rg4"; */
> "cp6-gI-rg4.title" = "복사";
413,414c413,414
< /* Class = "NSMenuItem"; title = "New Layer"; ObjectID = "cxk-Gp-eNd"; */
< "cxk-Gp-eNd.title" = "New Layer";
---
> /* Class = "NSMenuItem"; title = "신규 레이어"; ObjectID = "cxk-Gp-eNd"; */
> "cxk-Gp-eNd.title" = "신규 레이어";
425,426c425,426
< /* Class = "NSMenuItem"; title = "Merge Visible"; ObjectID = "dxk-Tc-mWM"; */
< "dxk-Tc-mWM.title" = "Merge Visible";
---
> /* Class = "NSMenuItem"; title = "보이는 항목 통합"; ObjectID = "dxk-Tc-mWM"; */
> "dxk-Tc-mWM.title" = "보이는 항목 통합";
431,432c431,432
< /* Class = "NSMenuItem"; title = "Hide"; ObjectID = "eff-c0-fWI"; */
< "eff-c0-fWI.title" = "Hide";
---
> /* Class = "NSMenuItem"; title = "가리기"; ObjectID = "eff-c0-fWI"; */
> "eff-c0-fWI.title" = "가리기";
437,438c437,438
< /* Class = "NSMenuItem"; title = "Cut"; ObjectID = "fpe-ZH-kMm"; */
< "fpe-ZH-kMm.title" = "Cut";
---
> /* Class = "NSMenuItem"; title = "오려두기"; ObjectID = "fpe-ZH-kMm"; */
> "fpe-ZH-kMm.title" = "오려두기";
440,441c440,441
< /* Class = "NSMenuItem"; title = "New Layer"; ObjectID = "fuV-8Z-OaX"; */
< "fuV-8Z-OaX.title" = "New Layer";
---
> /* Class = "NSMenuItem"; title = "신규 레이어"; ObjectID = "fuV-8Z-OaX"; */
> "fuV-8Z-OaX.title" = "신규 레이어";
443,444c443,444
< /* Class = "NSMenuItem"; title = "Paste"; ObjectID = "fxc-sC-Q4b"; */
< "fxc-sC-Q4b.title" = "Paste";
---
> /* Class = "NSMenuItem"; title = "붙이기"; ObjectID = "fxc-sC-Q4b"; */
> "fxc-sC-Q4b.title" = "붙이기";
446,447c446,447
< /* Class = "NSMenuItem"; title = "Duplicate"; ObjectID = "fyV-kE-dA7"; */
< "fyV-kE-dA7.title" = "Duplicate";
---
> /* Class = "NSMenuItem"; title = "복제"; ObjectID = "fyV-kE-dA7"; */
> "fyV-kE-dA7.title" = "복제";
449,450c449,450
< /* Class = "NSMenuItem"; title = "Merge Down"; ObjectID = "gPr-k7-4dz"; */
< "gPr-k7-4dz.title" = "Merge Down";
---
> /* Class = "NSMenuItem"; title = "아래 항목 통합"; ObjectID = "gPr-k7-4dz"; */
> "gPr-k7-4dz.title" = "아래 항목 통합";
455,456c455,456
< /* Class = "NSMenuItem"; title = "Merge Down"; ObjectID = "gae-Jc-6wh"; */
< "gae-Jc-6wh.title" = "Merge Down";
---
> /* Class = "NSMenuItem"; title = "아래 항목 통합"; ObjectID = "gae-Jc-6wh"; */
> "gae-Jc-6wh.title" = "아래 항목 통합";
458,459c458,459
< /* Class = "NSMenuItem"; title = "Duplicate"; ObjectID = "glT-tK-yZ5"; */
< "glT-tK-yZ5.title" = "Duplicate";
---
> /* Class = "NSMenuItem"; title = "복제"; ObjectID = "glT-tK-yZ5"; */
> "glT-tK-yZ5.title" = "복제";
461,462c461,462
< /* Class = "NSMenuItem"; title = "Mesh"; ObjectID = "gv4-Nu-nnM"; */
< "gv4-Nu-nnM.title" = "Mesh";
---
> /* Class = "NSMenuItem"; title = "그물"; ObjectID = "gv4-Nu-nnM"; */
> "gv4-Nu-nnM.title" = "그물";
479,480c479,480
< /* Class = "NSMenuItem"; title = "New Pixel Layer"; ObjectID = "i5T-G3-l30"; */
< "i5T-G3-l30.title" = "New Pixel Layer";
---
> /* Class = "NSMenuItem"; title = "신규 픽셀 레이어"; ObjectID = "i5T-G3-l30"; */
> "i5T-G3-l30.title" = "신규 픽셀 레이어";
485,486c485,486
< /* Class = "NSMenuItem"; title = "Ungroup"; ObjectID = "jh8-cp-7GQ"; */
< "jh8-cp-7GQ.title" = "Ungroup";
---
> /* Class = "NSMenuItem"; title = "그룹 풀기"; ObjectID = "jh8-cp-7GQ"; */
> "jh8-cp-7GQ.title" = "그룹 풀기";
488,489c488,489
< /* Class = "NSMenuItem"; title = "Hide"; ObjectID = "k2u-Jm-0HR"; */
< "k2u-Jm-0HR.title" = "Hide";
---
> /* Class = "NSMenuItem"; title = "가리기"; ObjectID = "k2u-Jm-0HR"; */
> "k2u-Jm-0HR.title" = "가리기";
509,510c509,510
< /* Class = "NSMenuItem"; title = "Hide"; ObjectID = "klj-pa-MfZ"; */
< "klj-pa-MfZ.title" = "Hide";
---
> /* Class = "NSMenuItem"; title = "가리기"; ObjectID = "klj-pa-MfZ"; */
> "klj-pa-MfZ.title" = "가리기";
512,513c512,513
< /* Class = "NSMenuItem"; title = "Paste"; ObjectID = "ku6-Vv-PgY"; */
< "ku6-Vv-PgY.title" = "Paste";
---
> /* Class = "NSMenuItem"; title = "붙이기"; ObjectID = "ku6-Vv-PgY"; */
> "ku6-Vv-PgY.title" = "붙이기";
518,519c518,519
< /* Class = "NSMenuItem"; title = "Hide Others"; ObjectID = "kyq-FK-yaO"; */
< "kyq-FK-yaO.title" = "Hide Others";
---
> /* Class = "NSMenuItem"; title = "기타 가리기"; ObjectID = "kyq-FK-yaO"; */
> "kyq-FK-yaO.title" = "기타 가리기";
521c521
< /* Class = "NSMenuItem"; title = "Rasterise…"; ObjectID = "l07-FM-57g"; */
---
> /* Class = "NSMenuItem"; title = "래스터화…"; ObjectID = "l07-FM-57g"; */
524,525c524,525
< /* Class = "NSMenuItem"; title = "Auto"; ObjectID = "lFd-6K-edX"; */
< "lFd-6K-edX.title" = "Auto";
---
> /* Class = "NSMenuItem"; title = "자동"; ObjectID = "lFd-6K-edX"; */
> "lFd-6K-edX.title" = "자동";
533,534c533,534
< /* Class = "NSMenuItem"; title = "Delete"; ObjectID = "lal-7J-HSh"; */
< "lal-7J-HSh.title" = "Delete";
---
> /* Class = "NSMenuItem"; title = "지우기"; ObjectID = "lal-7J-HSh"; */
> "lal-7J-HSh.title" = "지우기";
542,543c542,543
< /* Class = "NSMenuItem"; title = "Select Same Name"; ObjectID = "nei-8E-Af9"; */
< "nei-8E-Af9.title" = "Select Same Name";
---
> /* Class = "NSMenuItem"; title = "이름으로 동일 선택"; ObjectID = "nei-8E-Af9"; */
> "nei-8E-Af9.title" = "이름으로 동일 선택";
548,549c548,549
< /* Class = "NSMenuItem"; title = "Merge Visible"; ObjectID = "oGJ-lf-Xae"; */
< "oGJ-lf-Xae.title" = "Merge Visible";
---
> /* Class = "NSMenuItem"; title = "보이는 항목 통합"; ObjectID = "oGJ-lf-Xae"; */
> "oGJ-lf-Xae.title" = "보이는 항목 통합";
566c566
< /* Class = "NSMenuItem"; title = "Rasterise to Mask"; ObjectID = "qIz-6Z-1Rf"; */
---
> /* Class = "NSMenuItem"; title = "마스크 래스터화"; ObjectID = "qIz-6Z-1Rf"; */
572,573c572,573
< /* Class = "NSMenuItem"; title = "Ungroup"; ObjectID = "qYy-cL-52C"; */
< "qYy-cL-52C.title" = "Ungroup";
---
> /* Class = "NSMenuItem"; title = "그룹 풀기"; ObjectID = "qYy-cL-52C"; */
> "qYy-cL-52C.title" = "그룹 풀기";
575,576c575,576
< /* Class = "NSMenuItem"; title = "Small Thumbnails"; ObjectID = "qku-VS-zQE"; */
< "qku-VS-zQE.title" = "Small Thumbnails";
---
> /* Class = "NSMenuItem"; title = "작은 마중그림"; ObjectID = "qku-VS-zQE"; */
> "qku-VS-zQE.title" = "작은 마중그림";
590,591c590,591
< /* Class = "NSButton"; ibShadowedToolTip = "Blend Options"; ObjectID = "s48-Qf-Qft"; */
< "s48-Qf-Qft.ibShadowedToolTip" = "Blend Options";
---
> /* Class = "NSButton"; ibShadowedToolTip = "혼합 설정"; ObjectID = "s48-Qf-Qft"; */
> "s48-Qf-Qft.ibShadowedToolTip" = "혼합 설정";
593c593
< /* Class = "NSMenuItem"; title = "Rasterise…"; ObjectID = "s5G-yy-TDC"; */
---
> /* Class = "NSMenuItem"; title = "래스터화…"; ObjectID = "s5G-yy-TDC"; */
599,600c599,600
< /* Class = "NSMenuItem"; title = "Copy"; ObjectID = "trj-9r-OkX"; */
< "trj-9r-OkX.title" = "Copy";
---
> /* Class = "NSMenuItem"; title = "복사"; ObjectID = "trj-9r-OkX"; */
> "trj-9r-OkX.title" = "복사";
605,606c605,606
< /* Class = "NSButton"; ibShadowedToolTip = "Add Pixel Layer"; ObjectID = "uef-tj-zDK"; */
< "uef-tj-zDK.ibShadowedToolTip" = "Add Pixel Layer";
---
> /* Class = "NSButton"; ibShadowedToolTip = "픽셀 레이어 추가"; ObjectID = "uef-tj-zDK"; */
> "uef-tj-zDK.ibShadowedToolTip" = "픽셀 레이어 추가";
608,609c608,609
< /* Class = "NSMenuItem"; title = "Copy"; ObjectID = "uhS-B7-FzW"; */
< "uhS-B7-FzW.title" = "Copy";
---
> /* Class = "NSMenuItem"; title = "복사"; ObjectID = "uhS-B7-FzW"; */
> "uhS-B7-FzW.title" = "복사";
614,615c614,615
< /* Class = "NSMenuItem"; title = "Group"; ObjectID = "vSw-c1-RjW"; */
< "vSw-c1-RjW.title" = "Group";
---
> /* Class = "NSMenuItem"; title = "그룹"; ObjectID = "vSw-c1-RjW"; */
> "vSw-c1-RjW.title" = "그룹";
620,621c620,621
< /* Class = "NSMenuItem"; title = "Auto-scroll"; ObjectID = "wWS-Et-8qg"; */
< "wWS-Et-8qg.title" = "Auto-scroll";
---
> /* Class = "NSMenuItem"; title = "자동 스크롤"; ObjectID = "wWS-Et-8qg"; */
> "wWS-Et-8qg.title" = "자동 스크롤";
629,630c629,630
< /* Class = "NSMenuItem"; title = "Select Same Name"; ObjectID = "y2c-A2-ur8"; */
< "y2c-A2-ur8.title" = "Select Same Name";
---
> /* Class = "NSMenuItem"; title = "이름으로 동일 선택"; ObjectID = "y2c-A2-ur8"; */
> "y2c-A2-ur8.title" = "이름으로 동일 선택";
635,636c635,636
< /* Class = "NSMenuItem"; title = "New Layer"; ObjectID = "yNQ-sy-CPz"; */
< "yNQ-sy-CPz.title" = "New Layer";
---
> /* Class = "NSMenuItem"; title = "신규 레이어"; ObjectID = "yNQ-sy-CPz"; */
> "yNQ-sy-CPz.title" = "신규 레이어";
638,639c638,639
< /* Class = "NSMenuItem"; title = "Lock"; ObjectID = "yOE-y1-XVB"; */
< "yOE-y1-XVB.title" = "Lock";
---
> /* Class = "NSMenuItem"; title = "잠금"; ObjectID = "yOE-y1-XVB"; */
> "yOE-y1-XVB.title" = "잠금";
641c641
< /* Class = "NSMenuItem"; title = "Rasterise…"; ObjectID = "yVL-aF-prU"; */
---
> /* Class = "NSMenuItem"; title = "래스터화…"; ObjectID = "yVL-aF-prU"; */
644,645c644,645
< /* Class = "NSMenuItem"; title = "Light"; ObjectID = "zDg-eG-Geb"; */
< "zDg-eG-Geb.title" = "Light";
---
> /* Class = "NSMenuItem"; title = "라이트"; ObjectID = "zDg-eG-Geb"; */
> "zDg-eG-Geb.title" = "라이트";
