5,6c5,6
< /* Class = "NSTextFieldCell"; title = "Radius"; ObjectID = "12"; */
< "12.title" = "Radius";
---
> /* Class = "NSTextFieldCell"; title = "반지름"; ObjectID = "12"; */
> "12.title" = "반지름";
8,9c8,9
< /* Class = "NSButtonCell"; title = "Apply"; ObjectID = "26"; */
< "26.title" = "Apply";
---
> /* Class = "NSButtonCell"; title = "적용"; ObjectID = "26"; */
> "26.title" = "적용";
17,18c17,18
< /* Class = "NSButtonCell"; title = "Cancel"; ObjectID = "249"; */
< "249.title" = "Cancel";
---
> /* Class = "NSButtonCell"; title = "취소"; ObjectID = "249"; */
> "249.title" = "취소";
20,21c20,21
< /* Class = "NSButton"; ibShadowedToolTip = "No split view"; ObjectID = "3eU-jb-Usd"; */
< "3eU-jb-Usd.ibShadowedToolTip" = "No split view";
---
> /* Class = "NSButton"; ibShadowedToolTip = "분할 뷰 모드 해제"; ObjectID = "3eU-jb-Usd"; */
> "3eU-jb-Usd.ibShadowedToolTip" = "분할 뷰 모드 해제";
26,27c26,27
< /* Class = "NSButton"; ibShadowedToolTip = "Mirror view"; ObjectID = "Mil-Du-UC5"; */
< "Mil-Du-UC5.ibShadowedToolTip" = "Mirror view";
---
> /* Class = "NSButton"; ibShadowedToolTip = "거울 뷰 모드"; ObjectID = "Mil-Du-UC5"; */
> "Mil-Du-UC5.ibShadowedToolTip" = "거울 뷰 모드";
35,36c35,36
< /* Class = "NSButton"; ibShadowedToolTip = "Split view"; ObjectID = "urq-Fg-jA5"; */
< "urq-Fg-jA5.ibShadowedToolTip" = "Split view";
---
> /* Class = "NSButton"; ibShadowedToolTip = "분할 뷰 모드"; ObjectID = "urq-Fg-jA5"; */
> "urq-Fg-jA5.ibShadowedToolTip" = "분할 뷰 모드";
