3c3
< "1.title" = "Lens Blur";
---
> "1.title" = "レンズぼかし";
6c6
< "12.title" = "Radius";
---
> "12.title" = "半径";
9c9
< "26.title" = "Apply";
---
> "26.title" = "適用";
12c12
< "214.title" = "Number of blades";
---
> "214.title" = "ブレードの数";
15c15
< "230.title" = "Blade curvature";
---
> "230.title" = "ブレードの曲率";
18c18
< "249.title" = "Cancel";
---
> "249.title" = "キャンセル";
21c21
< "3eU-jb-Usd.ibShadowedToolTip" = "No split view";
---
> "3eU-jb-Usd.ibShadowedToolTip" = "分割表示なし";
24c24
< "8Je-ep-DkV.title" = "Bloom Threshold";
---
> "8Je-ep-DkV.title" = "ブルームしきい値";
27c27
< "Mil-Du-UC5.ibShadowedToolTip" = "Mirror view";
---
> "Mil-Du-UC5.ibShadowedToolTip" = "ミラー表示";
30c30
< "UiC-hs-LoY.title" = "Bloom Factor";
---
> "UiC-hs-LoY.title" = "ブルーム係数";
33c33
< "VV7-TW-G6V.title" = "Bloom Color";
---
> "VV7-TW-G6V.title" = "ブルームカラー";
36c36
< "urq-Fg-jA5.ibShadowedToolTip" = "Split view";
---
> "urq-Fg-jA5.ibShadowedToolTip" = "分割表示";
