5,6c5,6
< /* Class = "NSTextFieldCell"; title = "Distortion"; ObjectID = "12"; */
< "12.title" = "Distortion";
---
> /* Class = "NSTextFieldCell"; title = "왜곡"; ObjectID = "12"; */
> "12.title" = "왜곡";
8,9c8,9
< /* Class = "NSButtonCell"; title = "Apply"; ObjectID = "26"; */
< "26.title" = "Apply";
---
> /* Class = "NSButtonCell"; title = "적용"; ObjectID = "26"; */
> "26.title" = "적용";
11,12c11,12
< /* Class = "NSButtonCell"; title = "Cancel"; ObjectID = "199"; */
< "199.title" = "Cancel";
---
> /* Class = "NSButtonCell"; title = "취소"; ObjectID = "199"; */
> "199.title" = "취소";
14,15c14,15
< /* Class = "NSButton"; ibShadowedToolTip = "Mirror view"; ObjectID = "6AI-0M-njb"; */
< "6AI-0M-njb.ibShadowedToolTip" = "Mirror view";
---
> /* Class = "NSButton"; ibShadowedToolTip = "거울 뷰 모드"; ObjectID = "6AI-0M-njb"; */
> "6AI-0M-njb.ibShadowedToolTip" = "거울 뷰 모드";
17,18c17,18
< /* Class = "NSButton"; ibShadowedToolTip = "No split view"; ObjectID = "NKQ-St-R3O"; */
< "NKQ-St-R3O.ibShadowedToolTip" = "No split view";
---
> /* Class = "NSButton"; ibShadowedToolTip = "분할 뷰 모드 해제"; ObjectID = "NKQ-St-R3O"; */
> "NKQ-St-R3O.ibShadowedToolTip" = "분할 뷰 모드 해제";
20,21c20,21
< /* Class = "NSButton"; ibShadowedToolTip = "Split view"; ObjectID = "pES-4s-fgn"; */
< "pES-4s-fgn.ibShadowedToolTip" = "Split view";
---
> /* Class = "NSButton"; ibShadowedToolTip = "분할 뷰 모드"; ObjectID = "pES-4s-fgn"; */
> "pES-4s-fgn.ibShadowedToolTip" = "분할 뷰 모드";
