1,5c1,2
< 3c3
< < "1.title" = "Lens Blur";
< ---
< > "1.title" = "レンズぼかし";
< 6c6
---
> 5,6c5,6
> < /* Class = "NSTextFieldCell"; title = "Radius"; ObjectID = "12"; */
8,9c5,8
< > "12.title" = "半径";
< 9c9
---
> > /* Class = "NSTextFieldCell"; title = "반지름"; ObjectID = "12"; */
> > "12.title" = "반지름";
> 8,9c8,9
> < /* Class = "NSButtonCell"; title = "Apply"; ObjectID = "26"; */
12,21c11,14
< > "26.title" = "適用";
< 12c12
< < "214.title" = "Number of blades";
< ---
< > "214.title" = "ブレードの数";
< 15c15
< < "230.title" = "Blade curvature";
< ---
< > "230.title" = "ブレードの曲率";
< 18c18
---
> > /* Class = "NSButtonCell"; title = "적용"; ObjectID = "26"; */
> > "26.title" = "적용";
> 17,18c17,18
> < /* Class = "NSButtonCell"; title = "Cancel"; ObjectID = "249"; */
24,25c17,20
< > "249.title" = "キャンセル";
< 21c21
---
> > /* Class = "NSButtonCell"; title = "취소"; ObjectID = "249"; */
> > "249.title" = "취소";
> 20,21c20,21
> < /* Class = "NSButton"; ibShadowedToolTip = "No split view"; ObjectID = "3eU-jb-Usd"; */
28,33c23,26
< > "3eU-jb-Usd.ibShadowedToolTip" = "分割表示なし";
< 24c24
< < "8Je-ep-DkV.title" = "Bloom Threshold";
< ---
< > "8Je-ep-DkV.title" = "ブルームしきい値";
< 27c27
---
> > /* Class = "NSButton"; ibShadowedToolTip = "분할 뷰 모드 해제"; ObjectID = "3eU-jb-Usd"; */
> > "3eU-jb-Usd.ibShadowedToolTip" = "분할 뷰 모드 해제";
> 26,27c26,27
> < /* Class = "NSButton"; ibShadowedToolTip = "Mirror view"; ObjectID = "Mil-Du-UC5"; */
36,45c29,32
< > "Mil-Du-UC5.ibShadowedToolTip" = "ミラー表示";
< 30c30
< < "UiC-hs-LoY.title" = "Bloom Factor";
< ---
< > "UiC-hs-LoY.title" = "ブルーム係数";
< 33c33
< < "VV7-TW-G6V.title" = "Bloom Color";
< ---
< > "VV7-TW-G6V.title" = "ブルームカラー";
< 36c36
---
> > /* Class = "NSButton"; ibShadowedToolTip = "거울 뷰 모드"; ObjectID = "Mil-Du-UC5"; */
> > "Mil-Du-UC5.ibShadowedToolTip" = "거울 뷰 모드";
> 35,36c35,36
> < /* Class = "NSButton"; ibShadowedToolTip = "Split view"; ObjectID = "urq-Fg-jA5"; */
48c35,36
< > "urq-Fg-jA5.ibShadowedToolTip" = "分割表示";
---
> > /* Class = "NSButton"; ibShadowedToolTip = "분할 뷰 모드"; ObjectID = "urq-Fg-jA5"; */
> > "urq-Fg-jA5.ibShadowedToolTip" = "분할 뷰 모드";
