---
12c12
15c15
18c18
21c21
24c24
27c27
30c30
33c33
3c3
6c6
9c9
< "1.title" = "Lens Correction";
< "199.title" = "Cancel";
< "26.title" = "Apply";
< "5vJ-IN-Cxw.title" = "Lens";
< "6AI-0M-njb.ibShadowedToolTip" = "Mirror view";
< "E4j-49-7mR.title" = "Choose a camera to filter the lens list";
< "Mv1-8d-HDl.title" = "Camera";
< "NKQ-St-R3O.ibShadowedToolTip" = "No split view";
< "pES-4s-fgn.ibShadowedToolTip" = "Split view";
< "uNZ-t9-Dd6.title" = "Focal length";
< "z2B-CS-uWg.title" = "Lens";
> "1.title" = "レンズ補正";
> "199.title" = "キャンセル";
> "26.title" = "適用";
> "5vJ-IN-Cxw.title" = "レンズ";
> "6AI-0M-njb.ibShadowedToolTip" = "ミラー表示";
> "E4j-49-7mR.title" = "カメラを選択してレンズリストをフィルター";
> "Mv1-8d-HDl.title" = "カメラ";
> "NKQ-St-R3O.ibShadowedToolTip" = "分割表示なし";
> "pES-4s-fgn.ibShadowedToolTip" = "分割表示";
> "uNZ-t9-Dd6.title" = "焦点距離";
> "z2B-CS-uWg.title" = "レンズ";
