1,5c1,2
< 3c3
< < "3.title" = "Lighting";
< ---
< > "3.title" = "照明";
< 6c6
---
> 5,6c5,6
> < /* Class = "NSButtonCell"; title = "Apply"; ObjectID = "19"; */
8,9c5,8
< > "19.title" = "適用";
< 9c9
---
> > /* Class = "NSButtonCell"; title = "적용"; ObjectID = "19"; */
> > "19.title" = "적용";
> 8,9c8,9
> < /* Class = "NSButtonCell"; title = "Cancel"; ObjectID = "166"; */
12,13c11,14
< > "166.title" = "キャンセル";
< 12c12
---
> > /* Class = "NSButtonCell"; title = "취소"; ObjectID = "166"; */
> > "166.title" = "취소";
> 11,12c11,12
> < /* Class = "NSButtonCell"; title = "Add"; ObjectID = "3L9-ez-9dz"; */
16,17c17,20
< > "3L9-ez-9dz.title" = "追加";
< 15c15
---
> > /* Class = "NSButtonCell"; title = "추가"; ObjectID = "3L9-ez-9dz"; */
> > "3L9-ez-9dz.title" = "추가";
> 14,15c14,15
> < /* Class = "NSTextFieldCell"; title = "Opacity:"; ObjectID = "5Dg-dT-Mtl"; */
20,45c23,26
< > "5Dg-dT-Mtl.title" = "不透明度:";
< 18c18
< < "6XW-mL-Lsy.title" = "Scale Vertically To Fit";
< ---
< > "6XW-mL-Lsy.title" = "サイズに合わせて垂直方向にスケーリング";
< 21c21
< < "7He-VW-ncs.title" = "Azimuth:";
< ---
< > "7He-VW-ncs.title" = "方位角:";
< 24c24
< < "8Rn-U7-CzL.title" = "Point";
< ---
< > "8Rn-U7-CzL.title" = "ポイント";
< 27c27
< < "ARm-Ol-cdR.title" = "Elevation:";
< ---
< > "ARm-Ol-cdR.title" = "仰角:";
< 30c30
< < "Bxf-C9-PWy.title" = "Distance:";
< ---
< > "Bxf-C9-PWy.title" = "距離:";
< 33c33
< < "Cga-SD-01X.label" = "Point";
< ---
< > "Cga-SD-01X.label" = "ポイント";
< 36c36
---
> > /* Class = "NSTextFieldCell"; title = "불투명도:"; ObjectID = "5Dg-dT-Mtl"; */
> > "5Dg-dT-Mtl.title" = "불투명도:";
> 35,36c35,36
> < /* Class = "NSTextFieldCell"; title = "Diffuse:"; ObjectID = "FJB-2T-3V6"; */
48,53c29,32
< > "FJB-2T-3V6.title" = "拡散:";
< 39c39
< < "Fzm-g1-uqT.label" = "Point";
< ---
< > "Fzm-g1-uqT.label" = "ポイント";
< 42c42
---
> > /* Class = "NSTextFieldCell"; title = "확산:"; ObjectID = "FJB-2T-3V6"; */
> > "FJB-2T-3V6.title" = "확산:";
> 41,42c41,42
> < /* Class = "NSButton"; ibShadowedToolTip = "No split view"; ObjectID = "HmW-k6-fI7"; */
56,58c35,38
< > "HmW-k6-fI7.ibShadowedToolTip" = "分割表示なし";
< 45c45
< < "Hn4-da-mcH.title" = "Azimuth:";
---
> > /* Class = "NSButton"; ibShadowedToolTip = "분할 뷰 모드 해제"; ObjectID = "HmW-k6-fI7"; */
> > "HmW-k6-fI7.ibShadowedToolTip" = "분할 뷰 모드 해제";
> 53c53
> < /* Class = "NSTextFieldCell"; title = "Colour:"; ObjectID = "P31-aL-rOx"; */
60,77c40,42
< > "Hn4-da-mcH.title" = "方位角:";
< 48c48
< < "Nc6-Pc-SEP.title" = "Specular color:";
< ---
< > "Nc6-Pc-SEP.title" = "スペキュラカラー:";
< 51c51
< < "OL7-UQ-ISC.title" = "Elevation:";
< ---
< > "OL7-UQ-ISC.title" = "仰角:";
< 54c54
< < "P31-aL-rOx.title" = "Color:";
< ---
< > "P31-aL-rOx.title" = "カラー:";
< 60c60
< < "QYd-nP-ZaS.label" = "Directional";
< ---
< > "QYd-nP-ZaS.label" = "指向性";
< 63c63
---
> > /* Class = "NSTextFieldCell"; title = "색상:"; ObjectID = "P31-aL-rOx"; */
> 62,63c62,63
> < /* Class = "NSButton"; ibShadowedToolTip = "Mirror view"; ObjectID = "TDQ-Ja-W05"; */
80,82c45,48
< > "TDQ-Ja-W05.ibShadowedToolTip" = "ミラー表示";
< 66c66
< < "UU6-Ls-agM.title" = "Color:";
---
> > /* Class = "NSButton"; ibShadowedToolTip = "거울 뷰 모드"; ObjectID = "TDQ-Ja-W05"; */
> > "TDQ-Ja-W05.ibShadowedToolTip" = "거울 뷰 모드";
> 65c65
> < /* Class = "NSTextFieldCell"; title = "Colour:"; ObjectID = "UU6-Ls-agM"; */
84,89c50,52
< > "UU6-Ls-agM.title" = "カラー:";
< 69c69
< < "VCo-hZ-ln8.title" = "Scale Horizontally To Fit";
< ---
< > "VCo-hZ-ln8.title" = "サイズに合わせて水平方向にスケーリング";
< 72c72
---
> > /* Class = "NSTextFieldCell"; title = "색상:"; ObjectID = "UU6-Ls-agM"; */
> 71,72c71,72
> < /* Class = "NSTextFieldCell"; title = "Direction:"; ObjectID = "WCo-Xc-Mx0"; */
92,101c55,58
< > "WCo-Xc-Mx0.title" = "向き:";
< 75c75
< < "WSi-yT-776.title" = "Inner cone:";
< ---
< > "WSi-yT-776.title" = "内側円錐:";
< 78c78
< < "XdS-1R-7YW.title" = "Shininess:";
< ---
< > "XdS-1R-7YW.title" = "光沢:";
< 81c81
---
> > /* Class = "NSTextFieldCell"; title = "방향:"; ObjectID = "WCo-Xc-Mx0"; */
> > "WCo-Xc-Mx0.title" = "방향:";
> 80,81c80,81
> < /* Class = "NSButton"; ibShadowedToolTip = "Split view"; ObjectID = "Xex-XR-XXl"; */
104,109c61,64
< > "Xex-XR-XXl.ibShadowedToolTip" = "分割表示";
< 84c84
< < "Y8d-p2-ETz.title" = "Ambient:";
< ---
< > "Y8d-p2-ETz.title" = "アンビエント:";
< 87c87
---
> > /* Class = "NSButton"; ibShadowedToolTip = "분할 뷰 모드"; ObjectID = "Xex-XR-XXl"; */
> > "Xex-XR-XXl.ibShadowedToolTip" = "분할 뷰 모드";
> 86,87c86,87
> < /* Class = "NSTextFieldCell"; title = "Type:"; ObjectID = "Y8h-at-oau"; */
112,114c67,70
< > "Y8h-at-oau.title" = "タイプ:";
< 90c90
< < "aNx-al-6va.title" = "Color:";
---
> > /* Class = "NSTextFieldCell"; title = "종류:"; ObjectID = "Y8h-at-oau"; */
> > "Y8h-at-oau.title" = "종류:";
> 89c89
> < /* Class = "NSTextFieldCell"; title = "Colour:"; ObjectID = "aNx-al-6va"; */
116,141c72,74
< > "aNx-al-6va.title" = "カラー:";
< 93c93
< < "bTQ-ZS-Peb.label" = "Spot";
< ---
< > "bTQ-ZS-Peb.label" = "スポット";
< 96c96
< < "c2r-fe-VBh.title" = "Outer cone:";
< ---
< > "c2r-fe-VBh.title" = "外側円錐:";
< 99c99
< < "e64-eU-8sl.title" = "Distance:";
< ---
< > "e64-eU-8sl.title" = "距離:";
< 102c102
< < "ecY-JN-0xF.title" = "Directional";
< ---
< > "ecY-JN-0xF.title" = "指向性";
< 108c108
< < "faY-vJ-BMC.title" = "Spot";
< ---
< > "faY-vJ-BMC.title" = "スポット";
< 111c111
< < "h6h-ZO-F20.title" = "Specular:";
< ---
< > "h6h-ZO-F20.title" = "スペキュラ:";
< 114c114
---
> > /* Class = "NSTextFieldCell"; title = "색상:"; ObjectID = "aNx-al-6va"; */
> 113,114c113,114
> < /* Class = "NSButtonCell"; title = "Remove"; ObjectID = "h8r-K4-ZZB"; */
144,153c77,80
< > "h8r-K4-ZZB.title" = "削除";
< 117c117
< < "izl-RZ-gjs.title" = "Load bump map";
< ---
< > "izl-RZ-gjs.title" = "バンプマップの読み込み";
< 120c120
< < "jw1-lU-qnm.title" = "Texture:";
< ---
< > "jw1-lU-qnm.title" = "テクスチャ:";
< 123c123
---
> > /* Class = "NSButtonCell"; title = "지우기"; ObjectID = "h8r-K4-ZZB"; */
> > "h8r-K4-ZZB.title" = "지우기";
> 122,123c122,123
> < /* Class = "NSTextFieldCell"; title = "Direction:"; ObjectID = "n8m-Tl-bix"; */
156,165c83,86
< > "n8m-Tl-bix.title" = "向き:";
< 126c126
< < "sAF-kF-9WL.title" = "Ambient light color:";
< ---
< > "sAF-kF-9WL.title" = "アンビエントライトカラー:";
< 129c129
< < "xf8-k3-e7Z.title" = "Clear bump map";
< ---
< > "xf8-k3-e7Z.title" = "バンプマップをクリア";
< 132c132
---
> > /* Class = "NSTextFieldCell"; title = "방향:"; ObjectID = "n8m-Tl-bix"; */
> > "n8m-Tl-bix.title" = "방향:";
> 131,132c131,132
> < /* Class = "NSButtonCell"; title = "Copy"; ObjectID = "yBr-Et-oT7"; */
168,172c89,90
< > "yBr-Et-oT7.title" = "コピー";
< 135c135
< < "zZY-OB-X6P.title" = "Light:";
< ---
< > "zZY-OB-X6P.title" = "ライト:";
---
> > /* Class = "NSButtonCell"; title = "복사"; ObjectID = "yBr-Et-oT7"; */
> > "yBr-Et-oT7.title" = "복사";
