---
102c102
108c108
111c111
114c114
117c117
120c120
123c123
126c126
129c129
12c12
132c132
135c135
15c15
18c18
21c21
24c24
27c27
30c30
33c33
36c36
39c39
3c3
42c42
45c45
48c48
51c51
54c54
60c60
63c63
66c66
69c69
6c6
72c72
75c75
78c78
81c81
84c84
87c87
90c90
93c93
96c96
99c99
9c9
< "166.title" = "Cancel";
< "19.title" = "Apply";
< "3.title" = "Lighting";
< "3L9-ez-9dz.title" = "Add";
< "5Dg-dT-Mtl.title" = "Opacity:";
< "6XW-mL-Lsy.title" = "Scale Vertically To Fit";
< "7He-VW-ncs.title" = "Azimuth:";
< "8Rn-U7-CzL.title" = "Point";
< "ARm-Ol-cdR.title" = "Elevation:";
< "Bxf-C9-PWy.title" = "Distance:";
< "Cga-SD-01X.label" = "Point";
< "FJB-2T-3V6.title" = "Diffuse:";
< "Fzm-g1-uqT.label" = "Point";
< "HmW-k6-fI7.ibShadowedToolTip" = "No split view";
< "Hn4-da-mcH.title" = "Azimuth:";
< "Nc6-Pc-SEP.title" = "Specular color:";
< "OL7-UQ-ISC.title" = "Elevation:";
< "P31-aL-rOx.title" = "Color:";
< "QYd-nP-ZaS.label" = "Directional";
< "TDQ-Ja-W05.ibShadowedToolTip" = "Mirror view";
< "UU6-Ls-agM.title" = "Color:";
< "VCo-hZ-ln8.title" = "Scale Horizontally To Fit";
< "WCo-Xc-Mx0.title" = "Direction:";
< "WSi-yT-776.title" = "Inner cone:";
< "XdS-1R-7YW.title" = "Shininess:";
< "Xex-XR-XXl.ibShadowedToolTip" = "Split view";
< "Y8d-p2-ETz.title" = "Ambient:";
< "Y8h-at-oau.title" = "Type:";
< "aNx-al-6va.title" = "Color:";
< "bTQ-ZS-Peb.label" = "Spot";
< "c2r-fe-VBh.title" = "Outer cone:";
< "e64-eU-8sl.title" = "Distance:";
< "ecY-JN-0xF.title" = "Directional";
< "faY-vJ-BMC.title" = "Spot";
< "h6h-ZO-F20.title" = "Specular:";
< "h8r-K4-ZZB.title" = "Remove";
< "izl-RZ-gjs.title" = "Load bump map";
< "jw1-lU-qnm.title" = "Texture:";
< "n8m-Tl-bix.title" = "Direction:";
< "sAF-kF-9WL.title" = "Ambient light color:";
< "xf8-k3-e7Z.title" = "Clear bump map";
< "yBr-Et-oT7.title" = "Copy";
< "zZY-OB-X6P.title" = "Light:";
> "166.title" = "キャンセル";
> "19.title" = "適用";
> "3.title" = "照明";
> "3L9-ez-9dz.title" = "追加";
> "5Dg-dT-Mtl.title" = "不透明度:";
> "6XW-mL-Lsy.title" = "サイズに合わせて垂直方向にスケーリング";
> "7He-VW-ncs.title" = "方位角:";
> "8Rn-U7-CzL.title" = "ポイント";
> "ARm-Ol-cdR.title" = "仰角:";
> "Bxf-C9-PWy.title" = "距離:";
> "Cga-SD-01X.label" = "ポイント";
> "FJB-2T-3V6.title" = "拡散:";
> "Fzm-g1-uqT.label" = "ポイント";
> "HmW-k6-fI7.ibShadowedToolTip" = "分割表示なし";
> "Hn4-da-mcH.title" = "方位角:";
> "Nc6-Pc-SEP.title" = "スペキュラカラー:";
> "OL7-UQ-ISC.title" = "仰角:";
> "P31-aL-rOx.title" = "カラー:";
> "QYd-nP-ZaS.label" = "指向性";
> "TDQ-Ja-W05.ibShadowedToolTip" = "ミラー表示";
> "UU6-Ls-agM.title" = "カラー:";
> "VCo-hZ-ln8.title" = "サイズに合わせて水平方向にスケーリング";
> "WCo-Xc-Mx0.title" = "向き:";
> "WSi-yT-776.title" = "内側円錐:";
> "XdS-1R-7YW.title" = "光沢:";
> "Xex-XR-XXl.ibShadowedToolTip" = "分割表示";
> "Y8d-p2-ETz.title" = "アンビエント:";
> "Y8h-at-oau.title" = "タイプ:";
> "aNx-al-6va.title" = "カラー:";
> "bTQ-ZS-Peb.label" = "スポット";
> "c2r-fe-VBh.title" = "外側円錐:";
> "e64-eU-8sl.title" = "距離:";
> "ecY-JN-0xF.title" = "指向性";
> "faY-vJ-BMC.title" = "スポット";
> "h6h-ZO-F20.title" = "スペキュラ:";
> "h8r-K4-ZZB.title" = "削除";
> "izl-RZ-gjs.title" = "バンプマップの読み込み";
> "jw1-lU-qnm.title" = "テクスチャ:";
> "n8m-Tl-bix.title" = "向き:";
> "sAF-kF-9WL.title" = "アンビエントライトカラー:";
> "xf8-k3-e7Z.title" = "バンプマップをクリア";
> "yBr-Et-oT7.title" = "コピー";
> "zZY-OB-X6P.title" = "ライト:";
