2,3c2,3
< /* Class = "NSTextFieldCell"; title = "Width:"; ObjectID = "8"; */
< "8.title" = "Width:";
---
> /* Class = "NSTextFieldCell"; title = "너비:"; ObjectID = "8"; */
> "8.title" = "너비:";
5,6c5,6
< /* Class = "NSButtonCell"; title = "Scale with object"; ObjectID = "53"; */
< "53.title" = "Scale with object";
---
> /* Class = "NSButtonCell"; title = "오브젝트와 함께 배율"; ObjectID = "53"; */
> "53.title" = "오브젝트와 함께 배율";
8,9c8,9
< /* Class = "NSTextFieldCell"; title = "Cap:"; ObjectID = "57"; */
< "57.title" = "Cap:";
---
> /* Class = "NSTextFieldCell"; title = "단면:"; ObjectID = "57"; */
> "57.title" = "단면:";
11,12c11,12
< /* Class = "NSTextFieldCell"; title = "Join:"; ObjectID = "59"; */
< "59.title" = "Join:";
---
> /* Class = "NSTextFieldCell"; title = "결합:"; ObjectID = "59"; */
> "59.title" = "결합:";
14,15c14,15
< /* Class = "NSTextFieldCell"; title = "Style:"; ObjectID = "95"; */
< "95.title" = "Style:";
---
> /* Class = "NSTextFieldCell"; title = "스타일:"; ObjectID = "95"; */
> "95.title" = "스타일:";
20,21c20,21
< /* Class = "NSTextFieldCell"; title = "End:"; ObjectID = "BdQ-iz-r1Z"; */
< "BdQ-iz-r1Z.title" = "End:";
---
> /* Class = "NSTextFieldCell"; title = "끝:"; ObjectID = "BdQ-iz-r1Z"; */
> "BdQ-iz-r1Z.title" = "끝:";
29,30c29,30
< /* Class = "NSTextFieldCell"; title = "Start:"; ObjectID = "Kzv-xK-MFT"; */
< "Kzv-xK-MFT.title" = "Start:";
---
> /* Class = "NSTextFieldCell"; title = "시작:"; ObjectID = "Kzv-xK-MFT"; */
> "Kzv-xK-MFT.title" = "시작:";
44,45c44,45
< /* Class = "NSTextFieldCell"; title = "Pressure:"; ObjectID = "gZ2-NX-HKY"; */
< "gZ2-NX-HKY.title" = "Pressure:";
---
> /* Class = "NSTextFieldCell"; title = "압력:"; ObjectID = "gZ2-NX-HKY"; */
> "gZ2-NX-HKY.title" = "압력:";
47,48c47,48
< /* Class = "NSTextFieldCell"; title = "Align:"; ObjectID = "ixp-an-JYl"; */
< "ixp-an-JYl.title" = "Align:";
---
> /* Class = "NSTextFieldCell"; title = "정렬:"; ObjectID = "ixp-an-JYl"; */
> "ixp-an-JYl.title" = "정렬:";
50,51c50,51
< /* Class = "NSTextFieldCell"; title = "Order:"; ObjectID = "jgA-XH-qhT"; */
< "jgA-XH-qhT.title" = "Order:";
---
> /* Class = "NSTextFieldCell"; title = "순서:"; ObjectID = "jgA-XH-qhT"; */
> "jgA-XH-qhT.title" = "순서:";
53,54c53,54
< /* Class = "NSButtonCell"; title = "Properties..."; ObjectID = "uKr-ld-ZRB"; */
< "uKr-ld-ZRB.title" = "Properties...";
---
> /* Class = "NSButtonCell"; title = "특성..."; ObjectID = "uKr-ld-ZRB"; */
> "uKr-ld-ZRB.title" = "특성...";
59c59
< /* Class = "NSTextFieldCell"; title = "Mitre:"; ObjectID = "zYl-Kr-eof"; */
---
> /* Class = "NSTextFieldCell"; title = "짜임:"; ObjectID = "zYl-Kr-eof"; */
