2,15c2,13
< 12c12
< 15c15
< 21c21
< 27c27
< 30c30
< 33c33
< 3c3
< 45c45
< 48c48
< 51c51
< 54c54
< 60c60
< 6c6
< 9c9
---
> 11,12c11,12
> 14,15c14,15
> 2,3c2,3
> 20,21c20,21
> 29,30c29,30
> 44,45c44,45
> 47,48c47,48
> 5,6c5,6
> 50,51c50,51
> 53,54c53,54
> 59c59
> 8,9c8,9
22d19
< < "Kt5-5V-bIX.title" = "Pressure Flyout";
24d20
< < "SlI-1O-rcg.title" = "phase";
29,43c25,59
< < "zYl-Kr-eof.title" = "Miter:";
< > "53.title" = "オブジェクトとともにスケーリング";
< > "57.title" = "線端:";
< > "59.title" = "結合:";
< > "8.title" = "幅:";
< > "95.title" = "スタイル:";
< > "BdQ-iz-r1Z.title" = "終了位置:";
< > "Kt5-5V-bIX.title" = "筆圧ポップアップメニュー";
< > "Kzv-xK-MFT.title" = "開始位置:";
< > "SlI-1O-rcg.title" = "フェーズ:";
< > "gZ2-NX-HKY.title" = "筆圧:";
< > "ixp-an-JYl.title" = "整列:";
< > "jgA-XH-qhT.title" = "順序:";
< > "uKr-ld-ZRB.title" = "プロパティ...";
< > "zYl-Kr-eof.title" = "マイター:";
---
> > "53.title" = "오브젝트와 함께 배율";
> > "57.title" = "끝단:";
> > "59.title" = "결합:";
> > "8.title" = "너비:";
> > "95.title" = "스타일:";
> > "BdQ-iz-r1Z.title" = "끝:";
> > "Kzv-xK-MFT.title" = "시작:";
> > "gZ2-NX-HKY.title" = "압력:";
> > "ixp-an-JYl.title" = "정렬:";
> > "jgA-XH-qhT.title" = "순서:";
> > "uKr-ld-ZRB.title" = "특성...";
