1,205c1,2
< 3c3
< < "2L3-Zb-ppQ.title" = "Vector shape parameters";
< ---
< > "2L3-Zb-ppQ.title" = "ベクターシェイプパラメータ";
< 6c6
< < "2mW-tv-2m7.ibShadowedToolTip" = "Unlink live filter parameters";
< ---
< > "2mW-tv-2m7.ibShadowedToolTip" = "ライブフィルターパラメーターのリンクを解除";
< 9c9
< < "5np-jY-BSK.ibShadowedToolTip" = "Unlink adjustment parameters";
< ---
< > "5np-jY-BSK.ibShadowedToolTip" = "調整パラメーターのリンクを解除";
< 12c12
< < "65d-xm-3IT.title" = "Vector line style";
< ---
< > "65d-xm-3IT.title" = "ベクター線スタイル";
< 15c15
< < "7vg-Kh-SlH.ibShadowedToolTip" = "Unlink opacity & visibility";
< ---
< > "7vg-Kh-SlH.ibShadowedToolTip" = "不透明度 & 可視性のリンクを解除";
< 18c18
< < "8I4-LK-2xH.ibShadowedToolTip" = "Select previous";
< ---
< > "8I4-LK-2xH.ibShadowedToolTip" = "前の要素を選択";
< 21c21
< < "AnX-ga-RMa.ibShadowedToolTip" = "Drag a layer here from the layers page to link all attributes";
< ---
< > "AnX-ga-RMa.ibShadowedToolTip" = "レイヤーをレイヤーページからここにドラッグして、すべての属性をリンクする";
< 27c27
< < "BzH-g8-8xC.ibShadowedToolTip" = "Unlink pixel content";
< ---
< > "BzH-g8-8xC.ibShadowedToolTip" = "ピクセルコンテンツのリンクを解除";
< 30c30
< < "DmB-K5-ScB.ibShadowedToolTip" = "Drag a layer here from the layers page to link linestyles";
< ---
< > "DmB-K5-ScB.ibShadowedToolTip" = "レイヤーをレイヤーページからここにドラッグして、線スタイルをリンクする";
< 33c33
< < "EiK-oc-Q12.ibShadowedToolTip" = "Select next";
< ---
< > "EiK-oc-Q12.ibShadowedToolTip" = "次の要素を選択";
< 36c36
< < "F2X-Y9-QMe.title" = "Adjustment parameters";
< ---
< > "F2X-Y9-QMe.title" = "調整パラメータ";
< 39c39
< < "Few-9s-vq5.ibShadowedToolTip" = "Drag a layer here from the layers page to link live filter parameters";
< ---
< > "Few-9s-vq5.ibShadowedToolTip" = "レイヤーをレイヤーページからここにドラッグして、ライブフィルターパラメーターをリンクする";
< 42c42
< < "GAh-LC-d8T.ibShadowedToolTip" = "Select previous";
< ---
< > "GAh-LC-d8T.ibShadowedToolTip" = "前の要素を選択";
< 45c45
< < "H3c-qm-qBB.ibShadowedToolTip" = "Select previous";
< ---
< > "H3c-qm-qBB.ibShadowedToolTip" = "前の要素を選択";
< 48c48
< < "Huf-qd-AiR.ibShadowedToolTip" = "Select previous";
< ---
< > "Huf-qd-AiR.ibShadowedToolTip" = "前の要素を選択";
< 51c51
< < "I2c-4e-y1G.ibShadowedToolTip" = "Select next";
< ---
< > "I2c-4e-y1G.ibShadowedToolTip" = "次の要素を選択";
< 54c54
< < "JQm-Ph-I63.ibShadowedToolTip" = "Unlink vector shape parameters";
< ---
< > "JQm-Ph-I63.ibShadowedToolTip" = "ベクターシェイプパラメーターのリンクを解除";
< 57c57
< < "KT1-uu-FQ2.ibShadowedToolTip" = "Select next";
< ---
< > "KT1-uu-FQ2.ibShadowedToolTip" = "次の要素を選択";
< 60c60
< < "LUJ-XA-vz1.title" = "Opacity & visibility";
< ---
< > "LUJ-XA-vz1.title" = "不透明度 & 可視性";
< 66c66
< < "M9h-Lf-VBA.ibShadowedToolTip" = "Select previous";
< ---
< > "M9h-Lf-VBA.ibShadowedToolTip" = "前の要素を選択";
< 69c69
< < "ML9-8f-nWu.ibShadowedToolTip" = "Drag a layer here from the layers page to link curves content";
< ---
< > "ML9-8f-nWu.ibShadowedToolTip" = "レイヤーをレイヤーページからここにドラッグして、カーブコンテンツをリンクする";
< 72c72
< < "NJ3-HH-9uy.ibShadowedToolTip" = "Drag a layer here from the layers page to link adjustment parameters";
< ---
< > "NJ3-HH-9uy.ibShadowedToolTip" = "レイヤーをレイヤーページからここにドラッグして、調整パラメーターをリンクする";
< 75c75
< < "NpT-Kz-l5C.title" = "Vector curves";
< ---
< > "NpT-Kz-l5C.title" = "ベクターカーブ";
< 78c78
< < "OhZ-Bu-Tv4.ibShadowedToolTip" = "Select previous";
< ---
< > "OhZ-Bu-Tv4.ibShadowedToolTip" = "前の要素を選択";
< 81c81
< < "OwD-uH-lc2.ibShadowedToolTip" = "Select next";
< ---
< > "OwD-uH-lc2.ibShadowedToolTip" = "次の要素を選択";
< 84c84
< < "PdH-8q-hro.ibShadowedToolTip" = "Select previous";
< ---
< > "PdH-8q-hro.ibShadowedToolTip" = "前の要素を選択";
< 87c87
< < "RYv-lS-NPr.ibShadowedToolTip" = "Select next";
< ---
< > "RYv-lS-NPr.ibShadowedToolTip" = "次の要素を選択";
< 90c90
< < "Rah-mb-6W0.ibShadowedToolTip" = "Select next";
< ---
< > "Rah-mb-6W0.ibShadowedToolTip" = "次の要素を選択";
< 93c93
< < "VlR-Ei-aYn.ibShadowedToolTip" = "Select next";
< ---
< > "VlR-Ei-aYn.ibShadowedToolTip" = "次の要素を選択";
< 96c96
< < "Wen-NT-CnE.title" = "Live filter parameters";
< ---
< > "Wen-NT-CnE.title" = "ライブフィルターパラメータ";
< 99c99
< < "X8P-Yq-16R.ibShadowedToolTip" = "Select next";
< ---
< > "X8P-Yq-16R.ibShadowedToolTip" = "次の要素を選択";
< 102c102
< < "YK8-9y-SCn.ibShadowedToolTip" = "Select next";
< ---
< > "YK8-9y-SCn.ibShadowedToolTip" = "次の要素を選択";
< 105c105
< < "YnL-PS-gTr.ibShadowedToolTip" = "Unlink pixel content";
< ---
< > "YnL-PS-gTr.ibShadowedToolTip" = "ピクセルコンテンツのリンクを解除";
< 108c108
< < "YqH-Z9-i8n.ibShadowedToolTip" = "Select previous";
< ---
< > "YqH-Z9-i8n.ibShadowedToolTip" = "前の要素を選択";
< 111c111
< < "alA-HZ-doo.title" = "Layer effect parameters";
< ---
< > "alA-HZ-doo.title" = "レイヤーエフェクトパラメータ";
< 114c114
< < "cnf-VP-FuL.ibShadowedToolTip" = "Unlink all attributes";
< ---
< > "cnf-VP-FuL.ibShadowedToolTip" = "すべての属性のリンクを解除";
< 117c117
< < "g6u-4p-3Ad.ibShadowedToolTip" = "Unlink blending mode & ranges";
< ---
< > "g6u-4p-3Ad.ibShadowedToolTip" = "ブレンディングモード & 範囲のリンクを解除";
< 120c120
< < "iGr-mK-m6B.ibShadowedToolTip" = "Drag a layer here from the layers page to link pixel content";
< ---
< > "iGr-mK-m6B.ibShadowedToolTip" = "レイヤーをレイヤーページからここにドラッグして、ピクセルコンテンツをリンクする";
< 123c123
< < "jRv-88-Atf.ibShadowedToolTip" = "Drag a layer here from the layers page to link pixel content";
< ---
< > "jRv-88-Atf.ibShadowedToolTip" = "レイヤーをレイヤーページからここにドラッグして、ピクセルコンテンツをリンクする";
< 126c126
< < "kFM-iQ-QVd.ibShadowedToolTip" = "Unlink text content";
< ---
< > "kFM-iQ-QVd.ibShadowedToolTip" = "テキストコンテンツのリンクを解除";
< 129c129
< < "mcw-Ua-1Vv.title" = "Vector fill";
< ---
< > "mcw-Ua-1Vv.title" = "ベクター塗りつぶし";
< 132c132
< < "mtP-MQ-o2q.ibShadowedToolTip" = "Unlink layer effect parameters";
< ---
< > "mtP-MQ-o2q.ibShadowedToolTip" = "レイヤーエフェクトパラメーターのリンクを解除";
< 135c135
< < "n4j-wt-71b.ibShadowedToolTip" = "Select next";
< ---
< > "n4j-wt-71b.ibShadowedToolTip" = "次の要素を選択";
< 138c138
< < "n8d-eS-sy6.ibShadowedToolTip" = "Select previous";
< ---
< > "n8d-eS-sy6.ibShadowedToolTip" = "前の要素を選択";
< 141c141
< < "nb6-Zb-KNG.ibShadowedToolTip" = "Drag a layer here from the layers page to link text content";
< ---
< > "nb6-Zb-KNG.ibShadowedToolTip" = "レイヤーをレイヤーページからここにドラッグして、テキストコンテンツをリンクする";
< 144c144
< < "njs-u0-bmG.ibShadowedToolTip" = "Drag a layer here from the layers page to link layer effects";
< ---
< > "njs-u0-bmG.ibShadowedToolTip" = "レイヤーをレイヤーページからここにドラッグして、レイヤーエフェクトをリンクする";
< 147c147
< < "pMt-ES-e9j.ibShadowedToolTip" = "Drag a layer here from the layers page to link fills";
< ---
< > "pMt-ES-e9j.ibShadowedToolTip" = "レイヤーをレイヤーページからここにドラッグして、塗りつぶしをリンクする";
< 150c150
< < "pwQ-ZG-XhZ.ibShadowedToolTip" = "Select previous";
< ---
< > "pwQ-ZG-XhZ.ibShadowedToolTip" = "前の要素を選択";
< 153c153
< < "qCE-Jz-mw1.title" = "Layer name";
< ---
< > "qCE-Jz-mw1.title" = "レイヤー名";
< 156c156
< < "rdz-O8-LH7.ibShadowedToolTip" = "Unlink vector fill";
< ---
< > "rdz-O8-LH7.ibShadowedToolTip" = "ベクター塗りつぶしのリンクを解除";
< 159c159
< < "rhG-AD-GTo.ibShadowedToolTip" = "Select next";
< ---
< > "rhG-AD-GTo.ibShadowedToolTip" = "次の要素を選択";
< 162c162
---
> 161,162c161,162
> < /* Class = "NSTextFieldCell"; title = "Transform"; ObjectID = "s79-gG-UCC"; */
208,244c5,6
< > "s79-gG-UCC.title" = "変形";
< 165c165
< < "tAl-A8-syC.ibShadowedToolTip" = "Select next";
< ---
< > "tAl-A8-syC.ibShadowedToolTip" = "次の要素を選択";
< 168c168
< < "tZ0-t4-sNZ.ibShadowedToolTip" = "Drag a layer here from the layers page to link blending mode & ranges";
< ---
< > "tZ0-t4-sNZ.ibShadowedToolTip" = "レイヤーをレイヤーページからここにドラッグして、ブレンディングモード & 範囲をリンクする";
< 171c171
< < "ttv-er-C0K.ibShadowedToolTip" = "Select previous";
< ---
< > "ttv-er-C0K.ibShadowedToolTip" = "前の要素を選択";
< 174c174
< < "ujp-Aw-kmk.ibShadowedToolTip" = "Unlink vector curves";
< ---
< > "ujp-Aw-kmk.ibShadowedToolTip" = "ベクターカーブのリンクを解除";
< 177c177
< < "urR-Nm-HO6.ibShadowedToolTip" = "Select previous";
< ---
< > "urR-Nm-HO6.ibShadowedToolTip" = "前の要素を選択";
< 180c180
< < "xov-1R-vVM.ibShadowedToolTip" = "Drag a layer here from the layers page to link shape parameters";
< ---
< > "xov-1R-vVM.ibShadowedToolTip" = "レイヤーをレイヤーページからここにドラッグして、シェイプパラメーターをリンクする";
< 183c183
< < "xqh-ze-8WS.title" = "Blending mode & ranges";
< ---
< > "xqh-ze-8WS.title" = "ブレンディングモード & 範囲";
< 186c186
< < "yLA-Uq-0bB.ibShadowedToolTip" = "Drag a layer here from the layers page to link opacity & visibility";
< ---
< > "yLA-Uq-0bB.ibShadowedToolTip" = "レイヤーをレイヤーページからここにドラッグして、不透明度​および可視性をリンクする";
< 189c189
< < "z9X-xC-Um1.ibShadowedToolTip" = "Unlink vector linestyle";
< ---
< > "z9X-xC-Um1.ibShadowedToolTip" = "ベクター線スタイルのリンクを解除";
---
> > /* Class = "NSTextFieldCell"; title = "변형"; ObjectID = "s79-gG-UCC"; */
> > "s79-gG-UCC.title" = "변형";
