---
---
---
---
---
---
---
---
---
---
---
---
---
---
---
---
---
---
---
---
---
---
---
---
---
---
---
---
---
---
---
---
---
---
---
---
---
---
---
---
---
---
---
---
---
---
---
---
---
---
---
---
---
---
---
---
---
---
---
---
---
102c102
105c105
108c108
111c111
114c114
117c117
120c120
123c123
126c126
129c129
12c12
132c132
135c135
138c138
141c141
144c144
147c147
150c150
153c153
156c156
159c159
15c15
162c162
165c165
168c168
171c171
174c174
177c177
180c180
183c183
186c186
189c189
18c18
21c21
27c27
30c30
33c33
36c36
39c39
3c3
42c42
45c45
48c48
51c51
54c54
57c57
60c60
66c66
69c69
6c6
72c72
75c75
78c78
81c81
84c84
87c87
90c90
93c93
96c96
99c99
9c9
< "2L3-Zb-ppQ.title" = "Vector shape parameters";
< "2mW-tv-2m7.ibShadowedToolTip" = "Unlink live filter parameters";
< "5np-jY-BSK.ibShadowedToolTip" = "Unlink adjustment parameters";
< "65d-xm-3IT.title" = "Vector line style";
< "7vg-Kh-SlH.ibShadowedToolTip" = "Unlink opacity & visibility";
< "8I4-LK-2xH.ibShadowedToolTip" = "Select previous";
< "AnX-ga-RMa.ibShadowedToolTip" = "Drag a layer here from the layers page to link all attributes";
< "BzH-g8-8xC.ibShadowedToolTip" = "Unlink pixel content";
< "DmB-K5-ScB.ibShadowedToolTip" = "Drag a layer here from the layers page to link linestyles";
< "EiK-oc-Q12.ibShadowedToolTip" = "Select next";
< "F2X-Y9-QMe.title" = "Adjustment parameters";
< "Few-9s-vq5.ibShadowedToolTip" = "Drag a layer here from the layers page to link live filter parameters";
< "GAh-LC-d8T.ibShadowedToolTip" = "Select previous";
< "H3c-qm-qBB.ibShadowedToolTip" = "Select previous";
< "Huf-qd-AiR.ibShadowedToolTip" = "Select previous";
< "I2c-4e-y1G.ibShadowedToolTip" = "Select next";
< "JQm-Ph-I63.ibShadowedToolTip" = "Unlink vector shape parameters";
< "KT1-uu-FQ2.ibShadowedToolTip" = "Select next";
< "LUJ-XA-vz1.title" = "Opacity & visibility";
< "M9h-Lf-VBA.ibShadowedToolTip" = "Select previous";
< "ML9-8f-nWu.ibShadowedToolTip" = "Drag a layer here from the layers page to link curves content";
< "NJ3-HH-9uy.ibShadowedToolTip" = "Drag a layer here from the layers page to link adjustment parameters";
< "NpT-Kz-l5C.title" = "Vector curves";
< "OhZ-Bu-Tv4.ibShadowedToolTip" = "Select previous";
< "OwD-uH-lc2.ibShadowedToolTip" = "Select next";
< "PdH-8q-hro.ibShadowedToolTip" = "Select previous";
< "RYv-lS-NPr.ibShadowedToolTip" = "Select next";
< "Rah-mb-6W0.ibShadowedToolTip" = "Select next";
< "VlR-Ei-aYn.ibShadowedToolTip" = "Select next";
< "Wen-NT-CnE.title" = "Live filter parameters";
< "X8P-Yq-16R.ibShadowedToolTip" = "Select next";
< "YK8-9y-SCn.ibShadowedToolTip" = "Select next";
< "YnL-PS-gTr.ibShadowedToolTip" = "Unlink pixel content";
< "YqH-Z9-i8n.ibShadowedToolTip" = "Select previous";
< "alA-HZ-doo.title" = "Layer effect parameters";
< "cnf-VP-FuL.ibShadowedToolTip" = "Unlink all attributes";
< "g6u-4p-3Ad.ibShadowedToolTip" = "Unlink blending mode & ranges";
< "iGr-mK-m6B.ibShadowedToolTip" = "Drag a layer here from the layers page to link pixel content";
< "jRv-88-Atf.ibShadowedToolTip" = "Drag a layer here from the layers page to link pixel content";
< "kFM-iQ-QVd.ibShadowedToolTip" = "Unlink text content";
< "mcw-Ua-1Vv.title" = "Vector fill";
< "mtP-MQ-o2q.ibShadowedToolTip" = "Unlink layer effect parameters";
< "n4j-wt-71b.ibShadowedToolTip" = "Select next";
< "n8d-eS-sy6.ibShadowedToolTip" = "Select previous";
< "nb6-Zb-KNG.ibShadowedToolTip" = "Drag a layer here from the layers page to link text content";
< "njs-u0-bmG.ibShadowedToolTip" = "Drag a layer here from the layers page to link layer effects";
< "pMt-ES-e9j.ibShadowedToolTip" = "Drag a layer here from the layers page to link fills";
< "pwQ-ZG-XhZ.ibShadowedToolTip" = "Select previous";
< "qCE-Jz-mw1.title" = "Layer name";
< "rdz-O8-LH7.ibShadowedToolTip" = "Unlink vector fill";
< "rhG-AD-GTo.ibShadowedToolTip" = "Select next";
< "s79-gG-UCC.title" = "Transform";
< "tAl-A8-syC.ibShadowedToolTip" = "Select next";
< "tZ0-t4-sNZ.ibShadowedToolTip" = "Drag a layer here from the layers page to link blending mode & ranges";
< "ttv-er-C0K.ibShadowedToolTip" = "Select previous";
< "ujp-Aw-kmk.ibShadowedToolTip" = "Unlink vector curves";
< "urR-Nm-HO6.ibShadowedToolTip" = "Select previous";
< "xov-1R-vVM.ibShadowedToolTip" = "Drag a layer here from the layers page to link shape parameters";
< "xqh-ze-8WS.title" = "Blending mode & ranges";
< "yLA-Uq-0bB.ibShadowedToolTip" = "Drag a layer here from the layers page to link opacity & visibility";
< "z9X-xC-Um1.ibShadowedToolTip" = "Unlink vector linestyle";
> "2L3-Zb-ppQ.title" = "ベクターシェイプパラメータ";
> "2mW-tv-2m7.ibShadowedToolTip" = "ライブフィルターパラメーターのリンクを解除";
> "5np-jY-BSK.ibShadowedToolTip" = "調整パラメーターのリンクを解除";
> "65d-xm-3IT.title" = "ベクター線スタイル";
> "7vg-Kh-SlH.ibShadowedToolTip" = "不透明度 & 可視性のリンクを解除";
> "8I4-LK-2xH.ibShadowedToolTip" = "前の要素を選択";
> "AnX-ga-RMa.ibShadowedToolTip" = "レイヤーをレイヤーページからここにドラッグして、すべての属性をリンクする";
> "BzH-g8-8xC.ibShadowedToolTip" = "ピクセルコンテンツのリンクを解除";
> "DmB-K5-ScB.ibShadowedToolTip" = "レイヤーをレイヤーページからここにドラッグして、線スタイルをリンクする";
> "EiK-oc-Q12.ibShadowedToolTip" = "次の要素を選択";
> "F2X-Y9-QMe.title" = "調整パラメータ";
> "Few-9s-vq5.ibShadowedToolTip" = "レイヤーをレイヤーページからここにドラッグして、ライブフィルターパラメーターをリンクする";
> "GAh-LC-d8T.ibShadowedToolTip" = "前の要素を選択";
> "H3c-qm-qBB.ibShadowedToolTip" = "前の要素を選択";
> "Huf-qd-AiR.ibShadowedToolTip" = "前の要素を選択";
> "I2c-4e-y1G.ibShadowedToolTip" = "次の要素を選択";
> "JQm-Ph-I63.ibShadowedToolTip" = "ベクターシェイプパラメーターのリンクを解除";
> "KT1-uu-FQ2.ibShadowedToolTip" = "次の要素を選択";
> "LUJ-XA-vz1.title" = "不透明度 & 可視性";
> "M9h-Lf-VBA.ibShadowedToolTip" = "前の要素を選択";
> "ML9-8f-nWu.ibShadowedToolTip" = "レイヤーをレイヤーページからここにドラッグして、カーブコンテンツをリンクする";
> "NJ3-HH-9uy.ibShadowedToolTip" = "レイヤーをレイヤーページからここにドラッグして、調整パラメーターをリンクする";
> "NpT-Kz-l5C.title" = "ベクターカーブ";
> "OhZ-Bu-Tv4.ibShadowedToolTip" = "前の要素を選択";
> "OwD-uH-lc2.ibShadowedToolTip" = "次の要素を選択";
> "PdH-8q-hro.ibShadowedToolTip" = "前の要素を選択";
> "RYv-lS-NPr.ibShadowedToolTip" = "次の要素を選択";
> "Rah-mb-6W0.ibShadowedToolTip" = "次の要素を選択";
> "VlR-Ei-aYn.ibShadowedToolTip" = "次の要素を選択";
> "Wen-NT-CnE.title" = "ライブフィルターパラメータ";
> "X8P-Yq-16R.ibShadowedToolTip" = "次の要素を選択";
> "YK8-9y-SCn.ibShadowedToolTip" = "次の要素を選択";
> "YnL-PS-gTr.ibShadowedToolTip" = "ピクセルコンテンツのリンクを解除";
> "YqH-Z9-i8n.ibShadowedToolTip" = "前の要素を選択";
> "alA-HZ-doo.title" = "レイヤーエフェクトパラメータ";
> "cnf-VP-FuL.ibShadowedToolTip" = "すべての属性のリンクを解除";
> "g6u-4p-3Ad.ibShadowedToolTip" = "ブレンディングモード & 範囲のリンクを解除";
> "iGr-mK-m6B.ibShadowedToolTip" = "レイヤーをレイヤーページからここにドラッグして、ピクセルコンテンツをリンクする";
> "jRv-88-Atf.ibShadowedToolTip" = "レイヤーをレイヤーページからここにドラッグして、ピクセルコンテンツをリンクする";
> "kFM-iQ-QVd.ibShadowedToolTip" = "テキストコンテンツのリンクを解除";
> "mcw-Ua-1Vv.title" = "ベクター塗りつぶし";
> "mtP-MQ-o2q.ibShadowedToolTip" = "レイヤーエフェクトパラメーターのリンクを解除";
> "n4j-wt-71b.ibShadowedToolTip" = "次の要素を選択";
> "n8d-eS-sy6.ibShadowedToolTip" = "前の要素を選択";
> "nb6-Zb-KNG.ibShadowedToolTip" = "レイヤーをレイヤーページからここにドラッグして、テキストコンテンツをリンクする";
> "njs-u0-bmG.ibShadowedToolTip" = "レイヤーをレイヤーページからここにドラッグして、レイヤーエフェクトをリンクする";
> "pMt-ES-e9j.ibShadowedToolTip" = "レイヤーをレイヤーページからここにドラッグして、塗りつぶしをリンクする";
> "pwQ-ZG-XhZ.ibShadowedToolTip" = "前の要素を選択";
> "qCE-Jz-mw1.title" = "レイヤー名";
> "rdz-O8-LH7.ibShadowedToolTip" = "ベクター塗りつぶしのリンクを解除";
> "rhG-AD-GTo.ibShadowedToolTip" = "次の要素を選択";
> "s79-gG-UCC.title" = "変形";
> "tAl-A8-syC.ibShadowedToolTip" = "次の要素を選択";
> "tZ0-t4-sNZ.ibShadowedToolTip" = "レイヤーをレイヤーページからここにドラッグして、ブレンディングモード & 範囲をリンクする";
> "ttv-er-C0K.ibShadowedToolTip" = "前の要素を選択";
> "ujp-Aw-kmk.ibShadowedToolTip" = "ベクターカーブのリンクを解除";
> "urR-Nm-HO6.ibShadowedToolTip" = "前の要素を選択";
> "xov-1R-vVM.ibShadowedToolTip" = "レイヤーをレイヤーページからここにドラッグして、シェイプパラメーターをリンクする";
> "xqh-ze-8WS.title" = "ブレンディングモード & 範囲";
> "yLA-Uq-0bB.ibShadowedToolTip" = "レイヤーをレイヤーページからここにドラッグして、不透明度​および可視性をリンクする";
> "z9X-xC-Um1.ibShadowedToolTip" = "ベクター線スタイルのリンクを解除";
