3c3
< "1lq-Zz-j6w.title" = "Square";
---
> "1lq-Zz-j6w.title" = "正方形";
6c6
< "2Ht-e2-FfB.title" = "Linear";
---
> "2Ht-e2-FfB.title" = "線形";
9c9
< "HYy-nb-0kQ.title" = "Gaussian";
---
> "HYy-nb-0kQ.title" = "ガウス";
12c12
< "Mm1-oo-yua.title" = "Cosine";
---
> "Mm1-oo-yua.title" = "コサイン";
15c15
< "U3V-LL-8qr.title" = "Sigmoid";
---
> "U3V-LL-8qr.title" = "S字曲線";
18c18
< "Z6B-lT-eyV.title" = "Size";
---
> "Z6B-lT-eyV.title" = "サイズ";
21c21
< "Znk-3f-LUZ.title" = "Ramp";
---
> "Znk-3f-LUZ.title" = "ランプ";
24c24
< "aRT-iL-yxE.title" = "Speed";
---
> "aRT-iL-yxE.title" = "速度";
27c27
< "lr8-VL-mjY.title" = "Hardness";
---
> "lr8-VL-mjY.title" = "硬さ";
30c30
< "ws8-sH-KSY.title" = "Opacity";
---
> "ws8-sH-KSY.title" = "不透明度";
