2,3c2,3
< /* Class = "NSMenuItem"; title = "Square"; ObjectID = "1lq-Zz-j6w"; */
< "1lq-Zz-j6w.title" = "Square";
---
> /* Class = "NSMenuItem"; title = "사각형"; ObjectID = "1lq-Zz-j6w"; */
> "1lq-Zz-j6w.title" = "사각형";
5,6c5,6
< /* Class = "NSMenuItem"; title = "Linear"; ObjectID = "2Ht-e2-FfB"; */
< "2Ht-e2-FfB.title" = "Linear";
---
> /* Class = "NSMenuItem"; title = "선형"; ObjectID = "2Ht-e2-FfB"; */
> "2Ht-e2-FfB.title" = "선형";
11,12c11,12
< /* Class = "NSMenuItem"; title = "Cosine"; ObjectID = "Mm1-oo-yua"; */
< "Mm1-oo-yua.title" = "Cosine";
---
> /* Class = "NSMenuItem"; title = "코사인"; ObjectID = "Mm1-oo-yua"; */
> "Mm1-oo-yua.title" = "코사인";
17,18c17,18
< /* Class = "NSTextFieldCell"; title = "Size"; ObjectID = "Z6B-lT-eyV"; */
< "Z6B-lT-eyV.title" = "Size";
---
> /* Class = "NSTextFieldCell"; title = "크기"; ObjectID = "Z6B-lT-eyV"; */
> "Z6B-lT-eyV.title" = "크기";
23,24c23,24
< /* Class = "NSTextFieldCell"; title = "Speed"; ObjectID = "aRT-iL-yxE"; */
< "aRT-iL-yxE.title" = "Speed";
---
> /* Class = "NSTextFieldCell"; title = "빠르기"; ObjectID = "aRT-iL-yxE"; */
> "aRT-iL-yxE.title" = "빠르기";
26,27c26,27
< /* Class = "NSTextFieldCell"; title = "Hardness"; ObjectID = "lr8-VL-mjY"; */
< "lr8-VL-mjY.title" = "Hardness";
---
> /* Class = "NSTextFieldCell"; title = "굳기"; ObjectID = "lr8-VL-mjY"; */
> "lr8-VL-mjY.title" = "굳기";
29,30c29,30
< /* Class = "NSTextFieldCell"; title = "Opacity"; ObjectID = "ws8-sH-KSY"; */
< "ws8-sH-KSY.title" = "Opacity";
---
> /* Class = "NSTextFieldCell"; title = "불투명도"; ObjectID = "ws8-sH-KSY"; */
> "ws8-sH-KSY.title" = "불투명도";
