1c1,2
< 3c3
---
> 2,3c2,3
> < /* Class = "NSButtonCell"; title = "Mask All"; ObjectID = "GNe-0m-yb0"; */
4,5c5,8
< > "GNe-0m-yb0.title" = "すべてマスク";
< 6c6
---
> > /* Class = "NSButtonCell"; title = "모두 마스크"; ObjectID = "GNe-0m-yb0"; */
> > "GNe-0m-yb0.title" = "모두 마스크";
> 5,6c5,6
> < /* Class = "NSButtonCell"; title = "Invert Mask"; ObjectID = "lhv-K4-vd2"; */
8,9c11,14
< > "lhv-K4-vd2.title" = "マスクを反転";
< 9c9
---
> > /* Class = "NSButtonCell"; title = "마스크 반전"; ObjectID = "lhv-K4-vd2"; */
> > "lhv-K4-vd2.title" = "마스크 반전";
> 8,9c8,9
> < /* Class = "NSButtonCell"; title = "Clear Mask"; ObjectID = "pJL-6M-RUs"; */
12c17,18
< > "pJL-6M-RUs.title" = "マスクを消去";
---
> > /* Class = "NSButtonCell"; title = "마스크 해제"; ObjectID = "pJL-6M-RUs"; */
> > "pJL-6M-RUs.title" = "마스크 해제";
