2,7c2,3
< 12c12
< 15c15
< 18c18
< 21c21
< 24c24
< 27c27
---
> 11,12c11,12
> 20,21c20,21
9,14c5
< 33c33
< 3c3
< 6c6
< 9c9
< < "6Jp-Bb-7Yx.title" = "Reconstruct Mesh";
< < "8hX-Ru-Ifb.title" = "Gradient Button";
---
> 8,9c8,9
17,18d7
< < "FuA-WN-gSc.title" = "Last Mesh";
< < "Gjp-8c-sS1.title" = "Load Mesh...";
20,21d8
< < "U0Y-H9-GnP.title" = "Divisions";
< < "aTK-fd-tkZ.title" = "Show Mesh";
23,34c10,19
< < "w9Q-wu-noF.title" = "Save Mesh...";
< > "6Jp-Bb-7Yx.title" = "メッシュの再構築";
< > "8hX-Ru-Ifb.title" = "グラデーションボタン";
< > "BEH-jt-cGN.title" = "適用";
< > "CyN-53-rlB.title" = "メッシュをリセット";
< > "FuA-WN-gSc.title" = "最後のメッシュ";
< > "Gjp-8c-sS1.title" = "メッシュを読み込み...";
< > "OEZ-2y-poa.title" = "不透明度";
< > "U0Y-H9-GnP.title" = "区分";
< > "aTK-fd-tkZ.title" = "メッシュを表示";
< > "dLt-Fp-rZu.title" = "カラー";
< > "w9Q-wu-noF.title" = "メッシュを保存...";
---
> > "BEH-jt-cGN.title" = "적용";
> > "CyN-53-rlB.title" = "그물 재설정";
> > "OEZ-2y-poa.title" = "불투명도";
> > "dLt-Fp-rZu.title" = "색상";
