3c3
< "6Jp-Bb-7Yx.title" = "Reconstruct Mesh";
---
> "6Jp-Bb-7Yx.title" = "メッシュの再構築";
6c6
< "8hX-Ru-Ifb.title" = "Gradient Button";
---
> "8hX-Ru-Ifb.title" = "グラデーションボタン";
9c9
< "BEH-jt-cGN.title" = "Apply";
---
> "BEH-jt-cGN.title" = "適用";
12c12
< "CyN-53-rlB.title" = "Reset Mesh";
---
> "CyN-53-rlB.title" = "メッシュをリセット";
15c15
< "FuA-WN-gSc.title" = "Last Mesh";
---
> "FuA-WN-gSc.title" = "最後のメッシュ";
18c18
< "Gjp-8c-sS1.title" = "Load Mesh...";
---
> "Gjp-8c-sS1.title" = "メッシュを読み込み...";
21c21
< "OEZ-2y-poa.title" = "Opacity";
---
> "OEZ-2y-poa.title" = "不透明度";
24c24
< "U0Y-H9-GnP.title" = "Divisions";
---
> "U0Y-H9-GnP.title" = "区分";
27c27
< "aTK-fd-tkZ.title" = "Show Mesh";
---
> "aTK-fd-tkZ.title" = "メッシュを表示";
30c30
< "dLt-Fp-rZu.title" = "Color";
---
> "dLt-Fp-rZu.title" = "カラー";
33c33
< "w9Q-wu-noF.title" = "Save Mesh...";
---
> "w9Q-wu-noF.title" = "メッシュを保存...";
