1c1,2
< 3c3
---
> 2,3c2,3
> < /* Class = "NSMenuItem"; title = "Square"; ObjectID = "1lq-Zz-j6w"; */
4,5c5,8
< > "1lq-Zz-j6w.title" = "正方形";
< 6c6
---
> > /* Class = "NSMenuItem"; title = "사각형"; ObjectID = "1lq-Zz-j6w"; */
> > "1lq-Zz-j6w.title" = "사각형";
> 5,6c5,6
> < /* Class = "NSMenuItem"; title = "Linear"; ObjectID = "2Ht-e2-FfB"; */
8,13c11,14
< > "2Ht-e2-FfB.title" = "線形";
< 9c9
< < "HYy-nb-0kQ.title" = "Gaussian";
< ---
< > "HYy-nb-0kQ.title" = "ガウス";
< 12c12
---
> > /* Class = "NSMenuItem"; title = "선형"; ObjectID = "2Ht-e2-FfB"; */
> > "2Ht-e2-FfB.title" = "선형";
> 11,12c11,12
> < /* Class = "NSMenuItem"; title = "Cosine"; ObjectID = "Mm1-oo-yua"; */
16,21c17,20
< > "Mm1-oo-yua.title" = "コサイン";
< 15c15
< < "U3V-LL-8qr.title" = "Sigmoid";
< ---
< > "U3V-LL-8qr.title" = "S字曲線";
< 18c18
---
> > /* Class = "NSMenuItem"; title = "코사인"; ObjectID = "Mm1-oo-yua"; */
> > "Mm1-oo-yua.title" = "코사인";
> 17,18c17,18
> < /* Class = "NSTextFieldCell"; title = "Size"; ObjectID = "Z6B-lT-eyV"; */
24,29c23,26
< > "Z6B-lT-eyV.title" = "サイズ";
< 21c21
< < "Znk-3f-LUZ.title" = "Ramp";
< ---
< > "Znk-3f-LUZ.title" = "ランプ";
< 24c24
---
> > /* Class = "NSTextFieldCell"; title = "크기"; ObjectID = "Z6B-lT-eyV"; */
> > "Z6B-lT-eyV.title" = "크기";
> 23,24c23,24
> < /* Class = "NSTextFieldCell"; title = "Speed"; ObjectID = "aRT-iL-yxE"; */
32,33c29,32
< > "aRT-iL-yxE.title" = "速度";
< 27c27
---
> > /* Class = "NSTextFieldCell"; title = "빠르기"; ObjectID = "aRT-iL-yxE"; */
> > "aRT-iL-yxE.title" = "빠르기";
> 26,27c26,27
> < /* Class = "NSTextFieldCell"; title = "Hardness"; ObjectID = "lr8-VL-mjY"; */
36,37c35,38
< > "lr8-VL-mjY.title" = "硬さ";
< 30c30
---
> > /* Class = "NSTextFieldCell"; title = "굳기"; ObjectID = "lr8-VL-mjY"; */
> > "lr8-VL-mjY.title" = "굳기";
> 29,30c29,30
> < /* Class = "NSTextFieldCell"; title = "Opacity"; ObjectID = "ws8-sH-KSY"; */
40c41,42
< > "ws8-sH-KSY.title" = "不透明度";
---
> > /* Class = "NSTextFieldCell"; title = "불투명도"; ObjectID = "ws8-sH-KSY"; */
> > "ws8-sH-KSY.title" = "불투명도";
