---
---
---
---
---
---
35,36c35,36
47,48c47,48
56,57c56,57
77,78c77,78
95,96c95,96
98,99c98,99
< "6VO-JP-QWI.title" = "Text Cell";
< "GaR-oP-6ia.label" = "View";
< "NBd-cL-N1I.title" = "Cancel";
< "X2G-rS-y6U.label" = "Tab";
< "ie3-fA-WZU.title" = "Text Cell";
< "mh5-8r-Hb1.title" = "Text Cell";
< /* Class = "NSButtonCell"; title = "Cancel"; ObjectID = "NBd-cL-N1I"; */
< /* Class = "NSTabViewItem"; label = "Tab"; ObjectID = "X2G-rS-y6U"; */
< /* Class = "NSTabViewItem"; label = "View"; ObjectID = "GaR-oP-6ia"; */
< /* Class = "NSTextFieldCell"; title = "Text Cell"; ObjectID = "6VO-JP-QWI"; */
< /* Class = "NSTextFieldCell"; title = "Text Cell"; ObjectID = "ie3-fA-WZU"; */
< /* Class = "NSTextFieldCell"; title = "Text Cell"; ObjectID = "mh5-8r-Hb1"; */
> "6VO-JP-QWI.title" = "텍스트 셀";
> "GaR-oP-6ia.label" = "뷰";
> "NBd-cL-N1I.title" = "취소";
> "X2G-rS-y6U.label" = "탭";
> "ie3-fA-WZU.title" = "텍스트 셀";
> "mh5-8r-Hb1.title" = "텍스트 셀";
> /* Class = "NSButtonCell"; title = "취소"; ObjectID = "NBd-cL-N1I"; */
> /* Class = "NSTabViewItem"; label = "뷰"; ObjectID = "GaR-oP-6ia"; */
> /* Class = "NSTabViewItem"; label = "탭"; ObjectID = "X2G-rS-y6U"; */
> /* Class = "NSTextFieldCell"; title = "텍스트 셀"; ObjectID = "6VO-JP-QWI"; */
> /* Class = "NSTextFieldCell"; title = "텍스트 셀"; ObjectID = "ie3-fA-WZU"; */
> /* Class = "NSTextFieldCell"; title = "텍스트 셀"; ObjectID = "mh5-8r-Hb1"; */
