2,19c2,6
< 12c12
< 15c15
< 18c18
< 21c21
< 24c24
< 27c27
< 30c30
< 33c33
< 36c36
< 39c39
< 42c42
< 9c9
< < "7D7-aU-xM7.title" = "Item 3";
< < "8i5-a7-4c0.title" = "Enter a name for the macro:";
< < "Dat-0m-mxv.title" = "Item 2";
< < "JP0-zg-JoZ.ibShadowedToolTip" = "Start recording";
< < "Jqq-w3-PCR.ibShadowedToolTip" = "Add To Library";
< < "L4B-sG-w24.title" = "Category:";
---
> 2,3c2,3
> 26,27c26,27
> 32,33c32,33
> 41,42c41,42
> < "11.title" = "Text Cell";
21d7
< < "dZD-kN-7XN.title" = "Item 1";
23,24d8
< < "o1H-1L-6Nq.ibShadowedToolTip" = "Play";
< < "qS4-3J-BPr.ibShadowedToolTip" = "Stop recording";
26,37c10,21
< > "7D7-aU-xM7.title" = "アイテム3";
< > "8i5-a7-4c0.title" = "マクロ名を入力:";
< > "Dat-0m-mxv.title" = "アイテム2";
< > "JP0-zg-JoZ.ibShadowedToolTip" = "記録の開始";
< > "Jqq-w3-PCR.ibShadowedToolTip" = "ライブラリに追加";
< > "L4B-sG-w24.title" = "カテゴリ:";
< > "W8y-bM-wtp.ibShadowedToolTip" = "リセット";
< > "dZD-kN-7XN.title" = "アイテム1";
< > "nJe-in-53f.ibShadowedToolTip" = "インポート";
< > "o1H-1L-6Nq.ibShadowedToolTip" = "実行";
< > "qS4-3J-BPr.ibShadowedToolTip" = "記録の停止";
< > "sJ0-Be-RMT.ibShadowedToolTip" = "書き出し";
---
> > "11.title" = "텍스트 셀";
> > "W8y-bM-wtp.ibShadowedToolTip" = "재설정";
> > "nJe-in-53f.ibShadowedToolTip" = "들여오기";
> > "sJ0-Be-RMT.ibShadowedToolTip" = "내보내기";
