3c3
< "1.title" = "Select Layer";
---
> "1.title" = "レイヤーを選択";
6c6
< "101.title" = "Select";
---
> "101.title" = "選択";
9c9
< "Can-dX-epU.title" = "Select parent layer";
---
> "Can-dX-epU.title" = "親レイヤーを選択";
12c12
< "NTH-4U-Ofd.title" = "Select 2nd child layer";
---
> "NTH-4U-Ofd.title" = "2番目の子レイヤーを選択";
15c15
< "SxL-SC-ll3.title" = "Cancel";
---
> "SxL-SC-ll3.title" = "キャンセル";
18c18
< "T3h-gz-FAs.title" = "Select layer 1 from the bottom";
---
> "T3h-gz-FAs.title" = "レイヤー1を下から選択";
21c21
< "ZNV-o2-Cay.title" = "Select layer 1 above current";
---
> "ZNV-o2-Cay.title" = "現在の上にあるレイヤー1を選択";
24c24
< "g7g-wa-v0k.title" = "Select layer 1 from the top";
---
> "g7g-wa-v0k.title" = "レイヤー1を上から選択";
27c27
< "xyb-XU-Gvg.title" = "Select layer named \"\"";
---
> "xyb-XU-Gvg.title" = "\"\"という名前のレイヤーを選択";
