1,5c1,2
< 3c3
< < "1EA-ty-Kh4.title" = "Edit Macro";
< ---
< > "1EA-ty-Kh4.title" = "マクロの編集";
< 6c6
---
> 5,6c5,6
> < /* Class = "NSTextFieldCell"; title = "Label"; ObjectID = "4sE-in-eNs"; */
8,9c5,8
< > "4sE-in-eNs.title" = "ラベル";
< 9c9
---
> > /* Class = "NSTextFieldCell"; title = "라벨"; ObjectID = "4sE-in-eNs"; */
> > "4sE-in-eNs.title" = "라벨";
> 8,9c8,9
> < /* Class = "NSTextFieldCell"; title = "Label"; ObjectID = "6LR-8u-Lro"; */
12,17c11,14
< > "6LR-8u-Lro.title" = "ラベル";
< 12c12
< < "LFE-CG-tDx.title" = "Rename Macro...";
< ---
< > "LFE-CG-tDx.title" = "マクロ名の変更...";
< 15c15
---
> > /* Class = "NSTextFieldCell"; title = "라벨"; ObjectID = "6LR-8u-Lro"; */
> > "6LR-8u-Lro.title" = "라벨";
> 14,15c14,15
> < /* Class = "NSTextFieldCell"; title = "Label"; ObjectID = "XSv-SP-pn0"; */
20,24c17,18
< > "XSv-SP-pn0.title" = "ラベル";
< 18c18
< < "d2s-eJ-oD3.title" = "Delete Macro";
< ---
< > "d2s-eJ-oD3.title" = "マクロを削除";
---
> > /* Class = "NSTextFieldCell"; title = "라벨"; ObjectID = "XSv-SP-pn0"; */
> > "XSv-SP-pn0.title" = "라벨";
