9c9
< "7D7-aU-xM7.title" = "Item 3";
---
> "7D7-aU-xM7.title" = "アイテム3";
12c12
< "8i5-a7-4c0.title" = "Enter a name for the macro:";
---
> "8i5-a7-4c0.title" = "マクロ名を入力:";
15c15
< "Dat-0m-mxv.title" = "Item 2";
---
> "Dat-0m-mxv.title" = "アイテム2";
18c18
< "JP0-zg-JoZ.ibShadowedToolTip" = "Start recording";
---
> "JP0-zg-JoZ.ibShadowedToolTip" = "記録の開始";
21c21
< "Jqq-w3-PCR.ibShadowedToolTip" = "Add To Library";
---
> "Jqq-w3-PCR.ibShadowedToolTip" = "ライブラリに追加";
24c24
< "L4B-sG-w24.title" = "Category:";
---
> "L4B-sG-w24.title" = "カテゴリ:";
27c27
< "W8y-bM-wtp.ibShadowedToolTip" = "Reset";
---
> "W8y-bM-wtp.ibShadowedToolTip" = "リセット";
30c30
< "dZD-kN-7XN.title" = "Item 1";
---
> "dZD-kN-7XN.title" = "アイテム1";
33c33
< "nJe-in-53f.ibShadowedToolTip" = "Import";
---
> "nJe-in-53f.ibShadowedToolTip" = "インポート";
36c36
< "o1H-1L-6Nq.ibShadowedToolTip" = "Play";
---
> "o1H-1L-6Nq.ibShadowedToolTip" = "実行";
39c39
< "qS4-3J-BPr.ibShadowedToolTip" = "Stop recording";
---
> "qS4-3J-BPr.ibShadowedToolTip" = "記録の停止";
42c42
< "sJ0-Be-RMT.ibShadowedToolTip" = "Export";
---
> "sJ0-Be-RMT.ibShadowedToolTip" = "書き出し";
