2,3c2,3
< /* Class = "NSTextFieldCell"; title = "Text Cell"; ObjectID = "11"; */
< "11.title" = "Text Cell";
---
> /* Class = "NSTextFieldCell"; title = "텍스트 셀"; ObjectID = "11"; */
> "11.title" = "텍스트 셀";
26,27c26,27
< /* Class = "NSButton"; ibShadowedToolTip = "Reset"; ObjectID = "W8y-bM-wtp"; */
< "W8y-bM-wtp.ibShadowedToolTip" = "Reset";
---
> /* Class = "NSButton"; ibShadowedToolTip = "재설정"; ObjectID = "W8y-bM-wtp"; */
> "W8y-bM-wtp.ibShadowedToolTip" = "재설정";
32,33c32,33
< /* Class = "NSButton"; ibShadowedToolTip = "Import"; ObjectID = "nJe-in-53f"; */
< "nJe-in-53f.ibShadowedToolTip" = "Import";
---
> /* Class = "NSButton"; ibShadowedToolTip = "들여오기"; ObjectID = "nJe-in-53f"; */
> "nJe-in-53f.ibShadowedToolTip" = "들여오기";
41,42c41,42
< /* Class = "NSButton"; ibShadowedToolTip = "Export"; ObjectID = "sJ0-Be-RMT"; */
< "sJ0-Be-RMT.ibShadowedToolTip" = "Export";
---
> /* Class = "NSButton"; ibShadowedToolTip = "내보내기"; ObjectID = "sJ0-Be-RMT"; */
> "sJ0-Be-RMT.ibShadowedToolTip" = "내보내기";
