3c3
< "1.title" = "Matte";
---
> "1.title" = "マット";
6c6
< "26.title" = "Apply";
---
> "26.title" = "適用";
9c9
< "255.title" = "Cancel";
---
> "255.title" = "キャンセル";
12c12
< "0eJ-Ts-WuE.title" = "Opacity:";
---
> "0eJ-Ts-WuE.title" = "不透明度:";
15c15
< "K17-BT-11I.title" = "Custom color";
---
> "K17-BT-11I.title" = "カスタムカラー";
18c18
< "dwx-M4-IK1.title" = "Primary Color";
---
> "dwx-M4-IK1.title" = "メインカラー";
21c21
< "n8y-hM-aJA.title" = "Button";
---
> "n8y-hM-aJA.title" = "ボタン";
24c24
< "rHH-lk-AEo.title" = "Secondary Color";
---
> "rHH-lk-AEo.title" = "サブカラー";
27c27
< "waB-r3-9JW.title" = "Radio";
---
> "waB-r3-9JW.title" = "ラジオ";
