2,3c2,3
< /* Class = "NSWindow"; title = "Maximum"; ObjectID = "1"; */
< "1.title" = "Maximum";
---
> /* Class = "NSWindow"; title = "최대"; ObjectID = "1"; */
> "1.title" = "최대";
5,6c5,6
< /* Class = "NSTextFieldCell"; title = "Radius"; ObjectID = "12"; */
< "12.title" = "Radius";
---
> /* Class = "NSTextFieldCell"; title = "반지름"; ObjectID = "12"; */
> "12.title" = "반지름";
8,9c8,9
< /* Class = "NSButtonCell"; title = "Apply"; ObjectID = "26"; */
< "26.title" = "Apply";
---
> /* Class = "NSButtonCell"; title = "적용"; ObjectID = "26"; */
> "26.title" = "적용";
11,12c11,12
< /* Class = "NSButtonCell"; title = "Cancel"; ObjectID = "84"; */
< "84.title" = "Cancel";
---
> /* Class = "NSButtonCell"; title = "취소"; ObjectID = "84"; */
> "84.title" = "취소";
17,18c17,18
< /* Class = "NSButton"; ibShadowedToolTip = "No split view"; ObjectID = "TX1-Wb-3Ee"; */
< "TX1-Wb-3Ee.ibShadowedToolTip" = "No split view";
---
> /* Class = "NSButton"; ibShadowedToolTip = "분할 뷰 모드 해제"; ObjectID = "TX1-Wb-3Ee"; */
> "TX1-Wb-3Ee.ibShadowedToolTip" = "분할 뷰 모드 해제";
20,21c20,21
< /* Class = "NSButton"; ibShadowedToolTip = "Mirror view"; ObjectID = "aqG-zw-gfE"; */
< "aqG-zw-gfE.ibShadowedToolTip" = "Mirror view";
---
> /* Class = "NSButton"; ibShadowedToolTip = "거울 뷰 모드"; ObjectID = "aqG-zw-gfE"; */
> "aqG-zw-gfE.ibShadowedToolTip" = "거울 뷰 모드";
23,24c23,24
< /* Class = "NSButton"; ibShadowedToolTip = "Split view"; ObjectID = "lc4-Wv-K1a"; */
< "lc4-Wv-K1a.ibShadowedToolTip" = "Split view";
---
> /* Class = "NSButton"; ibShadowedToolTip = "분할 뷰 모드"; ObjectID = "lc4-Wv-K1a"; */
> "lc4-Wv-K1a.ibShadowedToolTip" = "분할 뷰 모드";
