2,3c2,3
< /* Class = "NSWindow"; title = "Median"; ObjectID = "1"; */
< "1.title" = "Median";
---
> /* Class = "NSWindow"; title = "중앙값"; ObjectID = "1"; */
> "1.title" = "중앙값";
5,6c5,6
< /* Class = "NSTextFieldCell"; title = "Radius"; ObjectID = "12"; */
< "12.title" = "Radius";
---
> /* Class = "NSTextFieldCell"; title = "반지름"; ObjectID = "12"; */
> "12.title" = "반지름";
8,9c8,9
< /* Class = "NSButtonCell"; title = "Apply"; ObjectID = "26"; */
< "26.title" = "Apply";
---
> /* Class = "NSButtonCell"; title = "적용"; ObjectID = "26"; */
> "26.title" = "적용";
11,12c11,12
< /* Class = "NSButtonCell"; title = "Cancel"; ObjectID = "226"; */
< "226.title" = "Cancel";
---
> /* Class = "NSButtonCell"; title = "취소"; ObjectID = "226"; */
> "226.title" = "취소";
14,15c14,15
< /* Class = "NSButton"; ibShadowedToolTip = "No split view"; ObjectID = "BpR-G2-7yH"; */
< "BpR-G2-7yH.ibShadowedToolTip" = "No split view";
---
> /* Class = "NSButton"; ibShadowedToolTip = "분할 뷰 모드 해제"; ObjectID = "BpR-G2-7yH"; */
> "BpR-G2-7yH.ibShadowedToolTip" = "분할 뷰 모드 해제";
17,18c17,18
< /* Class = "NSButton"; ibShadowedToolTip = "Split view"; ObjectID = "Qxa-CR-UcD"; */
< "Qxa-CR-UcD.ibShadowedToolTip" = "Split view";
---
> /* Class = "NSButton"; ibShadowedToolTip = "분할 뷰 모드"; ObjectID = "Qxa-CR-UcD"; */
> "Qxa-CR-UcD.ibShadowedToolTip" = "분할 뷰 모드";
20,21c20,21
< /* Class = "NSButton"; ibShadowedToolTip = "Mirror view"; ObjectID = "mXs-CF-285"; */
< "mXs-CF-285.ibShadowedToolTip" = "Mirror view";
---
> /* Class = "NSButton"; ibShadowedToolTip = "거울 뷰 모드"; ObjectID = "mXs-CF-285"; */
> "mXs-CF-285.ibShadowedToolTip" = "거울 뷰 모드";
