2,8c2,8
< 12c12
< 15c15
< 18c18
< 21c21
< 3c3
< 6c6
< 9c9
---
> 11,12c11,12
> 14,15c14,15
> 17,18c17,18
> 2,3c2,3
> 20,21c20,21
> 5,6c5,6
> 8,9c8,9
16,22c16,36
< > "1.title" = "メディアン";
< > "12.title" = "半径";
< > "226.title" = "キャンセル";
< > "26.title" = "適用";
< > "BpR-G2-7yH.ibShadowedToolTip" = "分割表示なし";
< > "Qxa-CR-UcD.ibShadowedToolTip" = "分割表示";
< > "mXs-CF-285.ibShadowedToolTip" = "ミラー表示";
---
> > "1.title" = "중앙값";
> > "12.title" = "반지름";
> > "226.title" = "취소";
> > "26.title" = "적용";
> > "BpR-G2-7yH.ibShadowedToolTip" = "분할 보기 해제";
> > "Qxa-CR-UcD.ibShadowedToolTip" = "분할 보기";
> > "mXs-CF-285.ibShadowedToolTip" = "거울 보기";
