3c3
< "1.title" = "Median";
---
> "1.title" = "メディアン";
6c6
< "12.title" = "Radius";
---
> "12.title" = "半径";
9c9
< "26.title" = "Apply";
---
> "26.title" = "適用";
12c12
< "226.title" = "Cancel";
---
> "226.title" = "キャンセル";
15c15
< "BpR-G2-7yH.ibShadowedToolTip" = "No split view";
---
> "BpR-G2-7yH.ibShadowedToolTip" = "分割表示なし";
18c18
< "Qxa-CR-UcD.ibShadowedToolTip" = "Split view";
---
> "Qxa-CR-UcD.ibShadowedToolTip" = "分割表示";
21c21
< "mXs-CF-285.ibShadowedToolTip" = "Mirror view";
---
> "mXs-CF-285.ibShadowedToolTip" = "ミラー表示";
