2,20c2,9
< 12c12
< 18c18
< 21c21
< 24c24
< 27c27
< 30c30
< 33c33
< 36c36
< 39c39
< 3c3
< 42c42
< 45c45
< 48c48
< 51c51
< 54c54
< 57c57
< 60c60
< 6c6
< 9c9
---
> 17,18c17,18
> 2,3c2,3
> 20,21c20,21
> 32,33c32,33
> 35,36c35,36
> 41,42c41,42
> 44,45c44,45
> 47,48c47,48
22,24d10
< < "5wf-4z-LYi.headerCell.title" = "Type";
< < "7IH-p2-IFU.ibShadowedToolTip" = "Current Formatting";
< < "Bac-jU-0Ah.title" = "Document style:";
27,29d12
< < "Nsc-gq-wgw.title" = "Check All";
< < "ORZ-dn-gfa.title" = "Check Characters";
< < "Pqa-MW-d2h.ibShadowedToolTip" = "Current Formatting";
32d14
< < "bdC-fX-exD.headerCell.title" = "Conflicts";
36,58c18,41
< < "lnx-yj-6eH.title" = "Incoming style:";
< < "nP9-d3-TVf.headerCell.title" = "Incoming Name";
< < "rcW-Dp-Nj7.title" = "Check Paragraphs";
< < "xvE-lU-BE7.title" = "Imported Text Styles";
< > "2GK-yg-Hiw.title" = "キャンセル";
< > "5wf-4z-LYi.headerCell.title" = "タイプ";
< > "7IH-p2-IFU.ibShadowedToolTip" = "現在のフォーマット";
< > "Bac-jU-0Ah.title" = "ドキュメントスタイル:";
< > "Lhl-3w-miQ.title" = "テキストセル";
< > "MEG-4f-a4D.title" = "テキストセル";
< > "Nsc-gq-wgw.title" = "すべてをチェック";
< > "ORZ-dn-gfa.title" = "文字をチェック";
< > "Pqa-MW-d2h.ibShadowedToolTip" = "現在のフォーマット";
< > "UqM-Ye-I8b.title" = "テキストセル";
< > "YpL-Os-qLm.title" = "テキストセル";
< > "bdC-fX-exD.headerCell.title" = "競合";
< > "eQ3-Fj-QfF.title" = "テキストセル";
< > "iha-za-VVP.title" = "テキストセル";
< > "jrw-3t-oyr.headerCell.title" = "次の名前に変更";
< > "lnx-yj-6eH.title" = "受信スタイル:";
< > "nP9-d3-TVf.headerCell.title" = "受信名";
< > "rcW-Dp-Nj7.title" = "段落をチェック";
< > "xvE-lU-BE7.title" = "インポートされたテキストスタイル";
---
> > "2GK-yg-Hiw.title" = "취소";
> > "Lhl-3w-miQ.title" = "텍스트 셀";
> > "MEG-4f-a4D.title" = "텍스트 셀";
> > "UqM-Ye-I8b.title" = "텍스트 셀";
> > "YpL-Os-qLm.title" = "텍스트 셀";
> > "eQ3-Fj-QfF.title" = "텍스트 셀";
> > "iha-za-VVP.title" = "텍스트 셀";
> > "jrw-3t-oyr.headerCell.title" = "이름 변경...";
