3c3
< "2GK-yg-Hiw.title" = "Cancel";
---
> "2GK-yg-Hiw.title" = "キャンセル";
6c6
< "5wf-4z-LYi.headerCell.title" = "Type";
---
> "5wf-4z-LYi.headerCell.title" = "タイプ";
9c9
< "7IH-p2-IFU.ibShadowedToolTip" = "Current Formatting";
---
> "7IH-p2-IFU.ibShadowedToolTip" = "現在のフォーマット";
12c12
< "Bac-jU-0Ah.title" = "Document style:";
---
> "Bac-jU-0Ah.title" = "ドキュメントスタイル:";
18c18
< "Lhl-3w-miQ.title" = "Text Cell";
---
> "Lhl-3w-miQ.title" = "テキストセル";
21c21
< "MEG-4f-a4D.title" = "Text Cell";
---
> "MEG-4f-a4D.title" = "テキストセル";
24c24
< "Nsc-gq-wgw.title" = "Check All";
---
> "Nsc-gq-wgw.title" = "すべてをチェック";
27c27
< "ORZ-dn-gfa.title" = "Check Characters";
---
> "ORZ-dn-gfa.title" = "文字をチェック";
30c30
< "Pqa-MW-d2h.ibShadowedToolTip" = "Current Formatting";
---
> "Pqa-MW-d2h.ibShadowedToolTip" = "現在のフォーマット";
33c33
< "UqM-Ye-I8b.title" = "Text Cell";
---
> "UqM-Ye-I8b.title" = "テキストセル";
36c36
< "YpL-Os-qLm.title" = "Text Cell";
---
> "YpL-Os-qLm.title" = "テキストセル";
39c39
< "bdC-fX-exD.headerCell.title" = "Conflicts";
---
> "bdC-fX-exD.headerCell.title" = "競合";
42c42
< "eQ3-Fj-QfF.title" = "Text Cell";
---
> "eQ3-Fj-QfF.title" = "テキストセル";
45c45
< "iha-za-VVP.title" = "Text Cell";
---
> "iha-za-VVP.title" = "テキストセル";
48c48
< "jrw-3t-oyr.headerCell.title" = "Rename To";
---
> "jrw-3t-oyr.headerCell.title" = "次の名前に変更";
51c51
< "lnx-yj-6eH.title" = "Incoming style:";
---
> "lnx-yj-6eH.title" = "受信スタイル:";
54c54
< "nP9-d3-TVf.headerCell.title" = "Incoming Name";
---
> "nP9-d3-TVf.headerCell.title" = "受信名";
57c57
< "rcW-Dp-Nj7.title" = "Check Paragraphs";
---
> "rcW-Dp-Nj7.title" = "段落をチェック";
60c60
< "xvE-lU-BE7.title" = "Imported Text Styles";
---
> "xvE-lU-BE7.title" = "インポートされたテキストスタイル";
