5,6c5,6
< /* Class = "NSTextFieldCell"; title = "Text Cell"; ObjectID = "5pe-0O-xvD"; */
< "5pe-0O-xvD.title" = "Text Cell";
---
> /* Class = "NSTextFieldCell"; title = "텍스트 셀"; ObjectID = "5pe-0O-xvD"; */
> "5pe-0O-xvD.title" = "텍스트 셀";
14,15c14,15
< /* Class = "NSTextFieldCell"; title = "Text Cell"; ObjectID = "Hdl-Fk-1hi"; */
< "Hdl-Fk-1hi.title" = "Text Cell";
---
> /* Class = "NSTextFieldCell"; title = "텍스트 셀"; ObjectID = "Hdl-Fk-1hi"; */
> "Hdl-Fk-1hi.title" = "텍스트 셀";
20,21c20,21
< /* Class = "NSTextFieldCell"; title = "Text Cell"; ObjectID = "Qv5-kM-Xfj"; */
< "Qv5-kM-Xfj.title" = "Text Cell";
---
> /* Class = "NSTextFieldCell"; title = "텍스트 셀"; ObjectID = "Qv5-kM-Xfj"; */
> "Qv5-kM-Xfj.title" = "텍스트 셀";
23,24c23,24
< /* Class = "NSTextFieldCell"; title = "Text Cell"; ObjectID = "Wyd-yV-qin"; */
< "Wyd-yV-qin.title" = "Text Cell";
---
> /* Class = "NSTextFieldCell"; title = "텍스트 셀"; ObjectID = "Wyd-yV-qin"; */
> "Wyd-yV-qin.title" = "텍스트 셀";
26,27c26,27
< /* Class = "NSTableColumn"; headerCell.title = "Rename To"; ObjectID = "XPe-nu-Iy4"; */
< "XPe-nu-Iy4.headerCell.title" = "Rename To";
---
> /* Class = "NSTableColumn"; headerCell.title = "이름 변경..."; ObjectID = "XPe-nu-Iy4"; */
> "XPe-nu-Iy4.headerCell.title" = "이름 변경...";
32,33c32,33
< /* Class = "NSButtonCell"; title = "Cancel"; ObjectID = "b5A-Iq-rOW"; */
< "b5A-Iq-rOW.title" = "Cancel";
---
> /* Class = "NSButtonCell"; title = "취소"; ObjectID = "b5A-Iq-rOW"; */
> "b5A-Iq-rOW.title" = "취소";
35,36c35,36
< /* Class = "NSTextFieldCell"; title = "Text Cell"; ObjectID = "cFB-gx-R5L"; */
< "cFB-gx-R5L.title" = "Text Cell";
---
> /* Class = "NSTextFieldCell"; title = "텍스트 셀"; ObjectID = "cFB-gx-R5L"; */
> "cFB-gx-R5L.title" = "텍스트 셀";
