1,5c1,2
< 3c3
< < "464-bP-BI5.title" = "Incoming format:";
< ---
< > "464-bP-BI5.title" = "受信フォーマット:";
< 6c6
---
> 5,6c5,6
> < /* Class = "NSTextFieldCell"; title = "Text Cell"; ObjectID = "5pe-0O-xvD"; */
8,17c5,8
< > "5pe-0O-xvD.title" = "テキストセル";
< 9c9
< < "7Kj-bL-IYw.headerCell.title" = "Incoming Name";
< ---
< > "7Kj-bL-IYw.headerCell.title" = "受信名";
< 12c12
< < "F0z-JX-Cv5.title" = "Imported Table Formats";
< ---
< > "F0z-JX-Cv5.title" = "インポートされた表フォーマット";
< 15c15
---
> > /* Class = "NSTextFieldCell"; title = "텍스트 셀"; ObjectID = "5pe-0O-xvD"; */
> > "5pe-0O-xvD.title" = "텍스트 셀";
> 14,15c14,15
> < /* Class = "NSTextFieldCell"; title = "Text Cell"; ObjectID = "Hdl-Fk-1hi"; */
20,21c11,14
< > "Hdl-Fk-1hi.title" = "テキストセル";
< 21c21
---
> > /* Class = "NSTextFieldCell"; title = "텍스트 셀"; ObjectID = "Hdl-Fk-1hi"; */
> > "Hdl-Fk-1hi.title" = "텍스트 셀";
> 20,21c20,21
> < /* Class = "NSTextFieldCell"; title = "Text Cell"; ObjectID = "Qv5-kM-Xfj"; */
24,25c17,20
< > "Qv5-kM-Xfj.title" = "テキストセル";
< 24c24
---
> > /* Class = "NSTextFieldCell"; title = "텍스트 셀"; ObjectID = "Qv5-kM-Xfj"; */
> > "Qv5-kM-Xfj.title" = "텍스트 셀";
> 23,24c23,24
> < /* Class = "NSTextFieldCell"; title = "Text Cell"; ObjectID = "Wyd-yV-qin"; */
28,29c23,26
< > "Wyd-yV-qin.title" = "テキストセル";
< 27c27
---
> > /* Class = "NSTextFieldCell"; title = "텍스트 셀"; ObjectID = "Wyd-yV-qin"; */
> > "Wyd-yV-qin.title" = "텍스트 셀";
> 26,27c26,27
> < /* Class = "NSTableColumn"; headerCell.title = "Rename To"; ObjectID = "XPe-nu-Iy4"; */
32,37c29,32
< > "XPe-nu-Iy4.headerCell.title" = "次の名前に変更";
< 30c30
< < "Xr9-Uh-YJQ.title" = "Document format:";
< ---
< > "Xr9-Uh-YJQ.title" = "ドキュメントフォーマット:";
< 33c33
---
> > /* Class = "NSTableColumn"; headerCell.title = "이름 변경..."; ObjectID = "XPe-nu-Iy4"; */
> > "XPe-nu-Iy4.headerCell.title" = "이름 변경...";
> 32,33c32,33
> < /* Class = "NSButtonCell"; title = "Cancel"; ObjectID = "b5A-Iq-rOW"; */
40,41c35,38
< > "b5A-Iq-rOW.title" = "キャンセル";
< 36c36
---
> > /* Class = "NSButtonCell"; title = "취소"; ObjectID = "b5A-Iq-rOW"; */
> > "b5A-Iq-rOW.title" = "취소";
> 35,36c35,36
> < /* Class = "NSTextFieldCell"; title = "Text Cell"; ObjectID = "cFB-gx-R5L"; */
44,48c41,42
< > "cFB-gx-R5L.title" = "テキストセル";
< 39c39
< < "oN1-fS-9tl.headerCell.title" = "Conflicts";
< ---
< > "oN1-fS-9tl.headerCell.title" = "競合";
---
> > /* Class = "NSTextFieldCell"; title = "텍스트 셀"; ObjectID = "cFB-gx-R5L"; */
> > "cFB-gx-R5L.title" = "텍스트 셀";
