---
12c12
15c15
21c21
24c24
27c27
30c30
33c33
36c36
39c39
3c3
6c6
9c9
< "464-bP-BI5.title" = "Incoming format:";
< "5pe-0O-xvD.title" = "Text Cell";
< "7Kj-bL-IYw.headerCell.title" = "Incoming Name";
< "F0z-JX-Cv5.title" = "Imported Table Formats";
< "Hdl-Fk-1hi.title" = "Text Cell";
< "Qv5-kM-Xfj.title" = "Text Cell";
< "Wyd-yV-qin.title" = "Text Cell";
< "XPe-nu-Iy4.headerCell.title" = "Rename To";
< "Xr9-Uh-YJQ.title" = "Document format:";
< "b5A-Iq-rOW.title" = "Cancel";
< "cFB-gx-R5L.title" = "Text Cell";
< "oN1-fS-9tl.headerCell.title" = "Conflicts";
> "464-bP-BI5.title" = "受信フォーマット:";
> "5pe-0O-xvD.title" = "テキストセル";
> "7Kj-bL-IYw.headerCell.title" = "受信名";
> "F0z-JX-Cv5.title" = "インポートされた表フォーマット";
> "Hdl-Fk-1hi.title" = "テキストセル";
> "Qv5-kM-Xfj.title" = "テキストセル";
> "Wyd-yV-qin.title" = "テキストセル";
> "XPe-nu-Iy4.headerCell.title" = "次の名前に変更";
> "Xr9-Uh-YJQ.title" = "ドキュメントフォーマット:";
> "b5A-Iq-rOW.title" = "キャンセル";
> "cFB-gx-R5L.title" = "テキストセル";
> "oN1-fS-9tl.headerCell.title" = "競合";
