---
11,12c11,12
14,15c14,15
17,18c17,18
2,3c2,3
23,24c23,24
5,6c5,6
8,9c8,9
< "1.title" = "Mirror";
< "199.title" = "Cancel";
< "26.title" = "Apply";
< "3H6-CQ-Qkq.ibShadowedToolTip" = "No split view";
< "9Ei-3U-sz4.ibShadowedToolTip" = "Split view";
< "KQR-3e-ZqL.title" = "Output";
< "cdJ-7P-tRI.ibShadowedToolTip" = "Mirror view";
< /* Class = "NSButton"; ibShadowedToolTip = "Mirror view"; ObjectID = "cdJ-7P-tRI"; */
< /* Class = "NSButton"; ibShadowedToolTip = "No split view"; ObjectID = "3H6-CQ-Qkq"; */
< /* Class = "NSButton"; ibShadowedToolTip = "Split view"; ObjectID = "9Ei-3U-sz4"; */
< /* Class = "NSButtonCell"; title = "Apply"; ObjectID = "26"; */
< /* Class = "NSButtonCell"; title = "Cancel"; ObjectID = "199"; */
< /* Class = "NSTextFieldCell"; title = "Output"; ObjectID = "KQR-3e-ZqL"; */
< /* Class = "NSWindow"; title = "Mirror"; ObjectID = "1"; */
> "1.title" = "거울";
> "199.title" = "취소";
> "26.title" = "적용";
> "3H6-CQ-Qkq.ibShadowedToolTip" = "분할 보기 해제";
> "9Ei-3U-sz4.ibShadowedToolTip" = "분할 보기";
> "KQR-3e-ZqL.title" = "출력";
> "cdJ-7P-tRI.ibShadowedToolTip" = "거울 보기";
> /* Class = "NSButton"; ibShadowedToolTip = "분할 보기 해제"; ObjectID = "3H6-CQ-Qkq"; */
> /* Class = "NSButton"; ibShadowedToolTip = "분할 보기"; ObjectID = "9Ei-3U-sz4"; */
> /* Class = "NSButton"; ibShadowedToolTip = "거울 보기"; ObjectID = "cdJ-7P-tRI"; */
> /* Class = "NSButtonCell"; title = "취소"; ObjectID = "199"; */
> /* Class = "NSButtonCell"; title = "적용"; ObjectID = "26"; */
> /* Class = "NSTextFieldCell"; title = "출력"; ObjectID = "KQR-3e-ZqL"; */
> /* Class = "NSWindow"; title = "거울"; ObjectID = "1"; */
