8,18c8,14
< ---
< ---
< 12c12
< 15c15
< 18c18
< 21c21
< 24c24
< 27c27
< 3c3
< 6c6
< 9c9
---
> 11,12c11,12
> 14,15c14,15
> 17,18c17,18
> 2,3c2,3
> 23,24c23,24
> 5,6c5,6
> 8,9c8,9
25d20
< < "NH6-Zh-Y2X.title" = "Input";
27,36c22,42
< < "s4n-JP-uzW.title" = "Number of mirrors";
< > "1.title" = "ミラー";
< > "199.title" = "キャンセル";
< > "26.title" = "適用";
< > "3H6-CQ-Qkq.ibShadowedToolTip" = "分割表示なし";
< > "9Ei-3U-sz4.ibShadowedToolTip" = "分割表示";
< > "KQR-3e-ZqL.title" = "出力";
< > "NH6-Zh-Y2X.title" = "入力";
< > "cdJ-7P-tRI.ibShadowedToolTip" = "ミラー表示";
< > "s4n-JP-uzW.title" = "ミラー数";
---
> < /* Class = "NSButton"; ibShadowedToolTip = "Mirror view"; ObjectID = "cdJ-7P-tRI"; */
> < /* Class = "NSButton"; ibShadowedToolTip = "No split view"; ObjectID = "3H6-CQ-Qkq"; */
> < /* Class = "NSButton"; ibShadowedToolTip = "Split view"; ObjectID = "9Ei-3U-sz4"; */
> < /* Class = "NSButtonCell"; title = "Apply"; ObjectID = "26"; */
> < /* Class = "NSButtonCell"; title = "Cancel"; ObjectID = "199"; */
> < /* Class = "NSTextFieldCell"; title = "Output"; ObjectID = "KQR-3e-ZqL"; */
> < /* Class = "NSWindow"; title = "Mirror"; ObjectID = "1"; */
> > "1.title" = "거울";
> > "199.title" = "취소";
> > "26.title" = "적용";
> > "3H6-CQ-Qkq.ibShadowedToolTip" = "분할 뷰 모드 해제";
> > "9Ei-3U-sz4.ibShadowedToolTip" = "분할 뷰 모드";
> > "KQR-3e-ZqL.title" = "출력";
> > "cdJ-7P-tRI.ibShadowedToolTip" = "거울 뷰 모드";
> > /* Class = "NSButton"; ibShadowedToolTip = "분할 뷰 모드 해제"; ObjectID = "3H6-CQ-Qkq"; */
> > /* Class = "NSButton"; ibShadowedToolTip = "분할 뷰 모드"; ObjectID = "9Ei-3U-sz4"; */
> > /* Class = "NSButton"; ibShadowedToolTip = "거울 뷰 모드"; ObjectID = "cdJ-7P-tRI"; */
> > /* Class = "NSButtonCell"; title = "취소"; ObjectID = "199"; */
> > /* Class = "NSButtonCell"; title = "적용"; ObjectID = "26"; */
> > /* Class = "NSTextFieldCell"; title = "출력"; ObjectID = "KQR-3e-ZqL"; */
> > /* Class = "NSWindow"; title = "거울"; ObjectID = "1"; */
