2,4c2,4
< 3c3
< 6c6
< 9c9
---
> 2,3c2,3
> 5,6c5,6
> 8,9c8,9
8,10c8,16
< > "F0z-JX-Cv5.title" = "ウィンドウ";
< > "YhT-DS-E38.title" = "ラベル";
< > "gH4-7A-Oob.title" = "キャンセル";
---
> < /* Class = "NSButtonCell"; title = "Cancel"; ObjectID = "gH4-7A-Oob"; */
> < /* Class = "NSTextFieldCell"; title = "Label"; ObjectID = "YhT-DS-E38"; Note = "Do not localize"; */
> < /* Class = "NSWindow"; title = "Window"; ObjectID = "F0z-JX-Cv5"; */
> > "F0z-JX-Cv5.title" = "윈도우";
> > "YhT-DS-E38.title" = "라벨";
> > "gH4-7A-Oob.title" = "취소";
> > /* Class = "NSButtonCell"; title = "취소"; ObjectID = "gH4-7A-Oob"; */
> > /* Class = "NSTextFieldCell"; title = "라벨"; ObjectID = "YhT-DS-E38"; Note = "Do not localize"; */
> > /* Class = "NSWindow"; title = "윈도우"; ObjectID = "F0z-JX-Cv5"; */
