3c3
< "1.title" = "Motion Blur";
---
> "1.title" = "モーションぼかし";
6c6
< "12.title" = "Radius";
---
> "12.title" = "半径";
9c9
< "26.title" = "Apply";
---
> "26.title" = "適用";
12c12
< "213.title" = "Rotation";
---
> "213.title" = "回転";
15c15
< "236.title" = "Cancel";
---
> "236.title" = "キャンセル";
18c18
< "FPW-ho-Fhp.ibShadowedToolTip" = "Mirror view";
---
> "FPW-ho-Fhp.ibShadowedToolTip" = "ミラー表示";
21c21
< "HOs-ed-DYa.ibShadowedToolTip" = "No split view";
---
> "HOs-ed-DYa.ibShadowedToolTip" = "分割表示なし";
24c24
< "YFi-To-EqF.ibShadowedToolTip" = "Split view";
---
> "YFi-To-EqF.ibShadowedToolTip" = "分割表示";
