---
---
---
---
---
---
---
11,12c11,12
14,15c14,15
17,18c17,18
20,21c20,21
23,24c23,24
5,6c5,6
8,9c8,9
< "12.title" = "Radius";
< "213.title" = "Rotation";
< "236.title" = "Cancel";
< "26.title" = "Apply";
< "FPW-ho-Fhp.ibShadowedToolTip" = "Mirror view";
< "HOs-ed-DYa.ibShadowedToolTip" = "No split view";
< "YFi-To-EqF.ibShadowedToolTip" = "Split view";
< /* Class = "NSButton"; ibShadowedToolTip = "Mirror view"; ObjectID = "FPW-ho-Fhp"; */
< /* Class = "NSButton"; ibShadowedToolTip = "No split view"; ObjectID = "HOs-ed-DYa"; */
< /* Class = "NSButton"; ibShadowedToolTip = "Split view"; ObjectID = "YFi-To-EqF"; */
< /* Class = "NSButtonCell"; title = "Apply"; ObjectID = "26"; */
< /* Class = "NSButtonCell"; title = "Cancel"; ObjectID = "236"; */
< /* Class = "NSTextFieldCell"; title = "Radius"; ObjectID = "12"; */
< /* Class = "NSTextFieldCell"; title = "Rotation"; ObjectID = "213"; */
> "12.title" = "반지름";
> "213.title" = "회전";
> "236.title" = "취소";
> "26.title" = "적용";
> "FPW-ho-Fhp.ibShadowedToolTip" = "거울 뷰 모드";
> "HOs-ed-DYa.ibShadowedToolTip" = "분할 뷰 모드 해제";
> "YFi-To-EqF.ibShadowedToolTip" = "분할 뷰 모드";
> /* Class = "NSButton"; ibShadowedToolTip = "분할 뷰 모드 해제"; ObjectID = "HOs-ed-DYa"; */
> /* Class = "NSButton"; ibShadowedToolTip = "거울 뷰 모드"; ObjectID = "FPW-ho-Fhp"; */
> /* Class = "NSButton"; ibShadowedToolTip = "분할 뷰 모드"; ObjectID = "YFi-To-EqF"; */
> /* Class = "NSButtonCell"; title = "취소"; ObjectID = "236"; */
> /* Class = "NSButtonCell"; title = "적용"; ObjectID = "26"; */
> /* Class = "NSTextFieldCell"; title = "회전"; ObjectID = "213"; */
> /* Class = "NSTextFieldCell"; title = "반지름"; ObjectID = "12"; */
