21,65c21,40
< ---
< ---
< ---
< ---
< ---
< ---
< ---
< ---
< ---
< ---
< ---
< ---
< 102c102
< 105c105
< 108c108
< 114c114
< 117c117
< 120c120
< 126c126
< 12c12
< 18c18
< 21c21
< 24c24
< 27c27
< 30c30
< 33c33
< 36c36
< 39c39
< 3c3
< 42c42
< 45c45
< 48c48
< 51c51
< 54c54
< 57c57
< 60c60
< 66c66
< 69c69
< 72c72
< 78c78
< 81c81
< 84c84
< 93c93
< 9c9
< < "1.title" = "New Batch Job";
---
> 101,102c101,102
> 107,108c107,108
> 11,12c11,12
> 113,114c113,114
> 116,117c116,117
> 119,120c119,120
> 125,126c125,126
> 17,18c17,18
> 20,21c20,21
> 29,30c29,30
> 32,33c32,33
> 35,36c35,36
> 38,39c38,39
> 41,42c41,42
> 56,57c56,57
> 65,66c65,66
> 68,69c68,69
> 77,78c77,78
> 8,9c8,9
> 92,93c92,93
69d43
< < "5xe-vv-Wg8.title" = "Table View Cell";
71d44
< < "9AE-BM-BdO.title" = "Available Macros";
77,80d49
< < "EN7-KC-Npw.title" = "Save as WEBP";
< < "Kqj-MD-FVn.title" = "Authorize…";
< < "LCU-Bh-fwo.title" = "Save into original location";
< < "MPL-sv-FXr.title" = "Applied Macros";
82d50
< < "NfY-PH-eyP.ibShadowedToolTip" = "Unfinished feature / user interface.";
85d52
< < "YEe-Ih-3DM.title" = "Sources";
87,88d53
< < "ZUS-aG-ziL.title" = "Save as JPEG-XL";
< < "aOB-qq-3uK.title" = "Parallel processing";
91d55
< < "kKQ-0U-DdS.title" = "Save into:";
97,128c61,120
< > "1.title" = "新規一括ジョブ";
< > "3Zr-zx-mmN.title" = "適用";
< > "5cY-MO-oRN.title" = "削除";
< > "5uA-RT-iq0.ibShadowedToolTip" = "最大の高さ";
< > "5xe-vv-Wg8.title" = "表ビューセル";
< > "8.title" = "キャンセル";
< > "9AE-BM-BdO.title" = "使用可能なマクロ";
< > "9J0-Y3-BCR.title" = "削除";
< > "9UU-bz-y9v.title" = "追加";
< > "BNa-SP-38g.title" = "AFPhotoとして保存";
< > "Br9-je-FhX.headerCell.title" = "プラグイン";
< > "CcL-Qz-jc6.title" = "PNGとして保存";
< > "EN7-KC-Npw.title" = "WEBPとして保存";
< > "Kqj-MD-FVn.title" = "承認…";
< > "LCU-Bh-fwo.title" = "元の場所に保存";
< > "MPL-sv-FXr.title" = "適用されているマクロ";
< > "Ney-qU-cUB.title" = "OpenEXRとして保存";
< > "NfY-PH-eyP.ibShadowedToolTip" = "未完成の機能/ユーザーインターフェース。";
< > "S9L-3g-vy6.title" = "テキストセル";
< > "Tn9-u6-2VM.ibShadowedToolTip" = "最大の幅";
< > "YEe-Ih-3DM.title" = "ソース";
< > "Z2F-Uf-aTv.ibShadowedToolTip" = "縦横比を維持";
< > "ZUS-aG-ziL.title" = "JPEG-XLとして保存";
< > "aOB-qq-3uK.title" = "並列処理";
< > "g9W-VC-wUY.title" = "テキストセル";
< > "k6K-jx-mb3.title" = "出力";
< > "kKQ-0U-DdS.title" = "保存先:";
< > "mWE-VA-Hcm.title" = "テキストセル";
< > "qPa-6D-HGs.title" = "TIFFとして保存";
< > "scs-nf-Vai.title" = "JPEGとして保存";
< > "uOg-jA-d4r.headerCell.title" = "プラグイン";
< > "wcC-Dx-0HV.headerCell.title" = "プラグイン";
---
> < /* Class = "NSButtonCell"; title = "Add"; ObjectID = "9UU-bz-y9v"; */
> < /* Class = "NSButtonCell"; title = "Apply"; ObjectID = "3Zr-zx-mmN"; */
> < /* Class = "NSButtonCell"; title = "Cancel"; ObjectID = "8"; */
> < /* Class = "NSButtonCell"; title = "Remove"; ObjectID = "5cY-MO-oRN"; */
> < /* Class = "NSButtonCell"; title = "Remove"; ObjectID = "9J0-Y3-BCR"; */
> < /* Class = "NSButtonCell"; title = "Save as AFPhoto"; ObjectID = "BNa-SP-38g"; */
> < /* Class = "NSButtonCell"; title = "Save as JPEG"; ObjectID = "scs-nf-Vai"; */
> < /* Class = "NSButtonCell"; title = "Save as OpenEXR"; ObjectID = "Ney-qU-cUB"; */
> < /* Class = "NSButtonCell"; title = "Save as PNG"; ObjectID = "CcL-Qz-jc6"; */
> < /* Class = "NSButtonCell"; title = "Save as TIFF"; ObjectID = "qPa-6D-HGs"; */
> < /* Class = "NSTableColumn"; headerCell.title = "Plugin"; ObjectID = "Br9-je-FhX"; */
> < /* Class = "NSTableColumn"; headerCell.title = "Plugin"; ObjectID = "uOg-jA-d4r"; */
> < /* Class = "NSTableColumn"; headerCell.title = "Plugin"; ObjectID = "wcC-Dx-0HV"; */
> < /* Class = "NSTextField"; ibShadowedToolTip = "Maximum height"; ObjectID = "5uA-RT-iq0"; */
> < /* Class = "NSTextField"; ibShadowedToolTip = "Maximum width"; ObjectID = "Tn9-u6-2VM"; */
> < /* Class = "NSTextField"; ibShadowedToolTip = "Preserve aspect ratio"; ObjectID = "Z2F-Uf-aTv"; */
> < /* Class = "NSTextFieldCell"; title = "Output"; ObjectID = "k6K-jx-mb3"; */
> < /* Class = "NSTextFieldCell"; title = "Text Cell"; ObjectID = "S9L-3g-vy6"; */
> < /* Class = "NSTextFieldCell"; title = "Text Cell"; ObjectID = "g9W-VC-wUY"; */
> < /* Class = "NSTextFieldCell"; title = "Text Cell"; ObjectID = "mWE-VA-Hcm"; */
> > "3Zr-zx-mmN.title" = "적용";
> > "5cY-MO-oRN.title" = "지우기";
> > "5uA-RT-iq0.ibShadowedToolTip" = "최대 높이";
> > "8.title" = "취소";
> > "9J0-Y3-BCR.title" = "지우기";
> > "9UU-bz-y9v.title" = "추가";
> > "BNa-SP-38g.title" = "AFPhoto(으)로 저장";
> > "Br9-je-FhX.headerCell.title" = "플러그인";
> > "CcL-Qz-jc6.title" = "PNG(으)로 저장";
> > "Ney-qU-cUB.title" = "OpenEXR(으)로 저장";
> > "S9L-3g-vy6.title" = "텍스트 셀";
> > "Tn9-u6-2VM.ibShadowedToolTip" = "최대 두께";
> > "Z2F-Uf-aTv.ibShadowedToolTip" = "종횡비 유지";
> > "g9W-VC-wUY.title" = "텍스트 셀";
> > "k6K-jx-mb3.title" = "출력";
> > "mWE-VA-Hcm.title" = "텍스트 셀";
> > "qPa-6D-HGs.title" = "TIFF(으)로 저장";
> > "scs-nf-Vai.title" = "JPEG(으)로 저장";
> > "uOg-jA-d4r.headerCell.title" = "플러그인";
> > "wcC-Dx-0HV.headerCell.title" = "플러그인";
> > /* Class = "NSButtonCell"; title = "AFPhoto(으)로 저장"; ObjectID = "BNa-SP-38g"; */
> > /* Class = "NSButtonCell"; title = "JPEG(으)로 저장"; ObjectID = "scs-nf-Vai"; */
> > /* Class = "NSButtonCell"; title = "OpenEXR(으)로 저장"; ObjectID = "Ney-qU-cUB"; */
> > /* Class = "NSButtonCell"; title = "PNG(으)로 저장"; ObjectID = "CcL-Qz-jc6"; */
> > /* Class = "NSButtonCell"; title = "TIFF(으)로 저장"; ObjectID = "qPa-6D-HGs"; */
> > /* Class = "NSButtonCell"; title = "적용"; ObjectID = "3Zr-zx-mmN"; */
> > /* Class = "NSButtonCell"; title = "취소"; ObjectID = "8"; */
> > /* Class = "NSButtonCell"; title = "추가"; ObjectID = "9UU-bz-y9v"; */
> > /* Class = "NSButtonCell"; title = "지우기"; ObjectID = "5cY-MO-oRN"; */
> > /* Class = "NSButtonCell"; title = "지우기"; ObjectID = "9J0-Y3-BCR"; */
> > /* Class = "NSTableColumn"; headerCell.title = "플러그인"; ObjectID = "Br9-je-FhX"; */
> > /* Class = "NSTableColumn"; headerCell.title = "플러그인"; ObjectID = "uOg-jA-d4r"; */
> > /* Class = "NSTableColumn"; headerCell.title = "플러그인"; ObjectID = "wcC-Dx-0HV"; */
> > /* Class = "NSTextField"; ibShadowedToolTip = "최대 높이"; ObjectID = "5uA-RT-iq0"; */
> > /* Class = "NSTextField"; ibShadowedToolTip = "최대 두께"; ObjectID = "Tn9-u6-2VM"; */
> > /* Class = "NSTextField"; ibShadowedToolTip = "종횡비 유지"; ObjectID = "Z2F-Uf-aTv"; */
> > /* Class = "NSTextFieldCell"; title = "출력"; ObjectID = "k6K-jx-mb3"; */
> > /* Class = "NSTextFieldCell"; title = "텍스트 셀"; ObjectID = "S9L-3g-vy6"; */
> > /* Class = "NSTextFieldCell"; title = "텍스트 셀"; ObjectID = "g9W-VC-wUY"; */
> > /* Class = "NSTextFieldCell"; title = "텍스트 셀"; ObjectID = "mWE-VA-Hcm"; */
