1c1,2
< 3c3
---
> 2,3c2,3
> < /* Class = "NSWindow"; title = "Clarity"; ObjectID = "1"; */
4,9c5,8
< > "1.title" = "明瞭度";
< 6c6
< < "12.title" = "Strength";
< ---
< > "12.title" = "強さ";
< 9c9
---
> > /* Class = "NSWindow"; title = "명쾌"; ObjectID = "1"; */
> > "1.title" = "명쾌";
> 8,9c8,9
> < /* Class = "NSButtonCell"; title = "Apply"; ObjectID = "26"; */
12,13c11,14
< > "26.title" = "適用";
< 12c12
---
> > /* Class = "NSButtonCell"; title = "적용"; ObjectID = "26"; */
> > "26.title" = "적용";
> 11,12c11,12
> < /* Class = "NSButtonCell"; title = "Cancel"; ObjectID = "210"; */
16,17c17,20
< > "210.title" = "キャンセル";
< 15c15
---
> > /* Class = "NSButtonCell"; title = "취소"; ObjectID = "210"; */
> > "210.title" = "취소";
> 14,15c14,15
> < /* Class = "NSButton"; ibShadowedToolTip = "Split view"; ObjectID = "ME4-2B-byk"; */
20,21c23,26
< > "ME4-2B-byk.ibShadowedToolTip" = "分割表示";
< 18c18
---
> > /* Class = "NSButton"; ibShadowedToolTip = "분할 뷰 모드"; ObjectID = "ME4-2B-byk"; */
> > "ME4-2B-byk.ibShadowedToolTip" = "분할 뷰 모드";
> 17,18c17,18
> < /* Class = "NSButton"; ibShadowedToolTip = "No split view"; ObjectID = "ckO-3j-cGO"; */
24,25c29,32
< > "ckO-3j-cGO.ibShadowedToolTip" = "分割表示なし";
< 21c21
---
> > /* Class = "NSButton"; ibShadowedToolTip = "분할 뷰 모드 해제"; ObjectID = "ckO-3j-cGO"; */
> > "ckO-3j-cGO.ibShadowedToolTip" = "분할 뷰 모드 해제";
> 20,21c20,21
> < /* Class = "NSButton"; ibShadowedToolTip = "Mirror view"; ObjectID = "f71-R1-mla"; */
28c35,36
< > "f71-R1-mla.ibShadowedToolTip" = "ミラー表示";
---
> > /* Class = "NSButton"; ibShadowedToolTip = "거울 뷰 모드"; ObjectID = "f71-R1-mla"; */
> > "f71-R1-mla.ibShadowedToolTip" = "거울 뷰 모드";
