2,32c2,17
< 102c102
< 105c105
< 108c108
< 123c123
< 132c132
< 135c135
< 141c141
< 147c147
< 153c153
< 156c156
< 159c159
< 15c15
< 171c171
< 174c174
< 177c177
< 186c186
< 189c189
< 18c18
< 192c192
< 207c207
< 213c213
< 219c219
< 21c21
< 222c222
< 27c27
< 30c30
< 33c33
< 36c36
< 42c42
< 45c45
< 54c54
---
> 101,102c101,102
> 122,123c122,123
> 14,15c14,15
> 149,150c149,150
> 152,153c152,153
> 155,156c155,156
> 170,171c170,171
> 176,177c176,177
> 206,207c206,207
> 212,213c212,213
> 29,30c29,30
> 32,33c32,33
> 41,42c41,42
> 44,45c44,45
> 5,6c5,6
> 53,54c53,54
34,36c19
< 69c69
< 6c6
< 72c72
---
> 71,72c71,72
38,43c21
< 81c81
< 84c84
< 93c93
< 96c96
< 99c99
< 9c9
---
> 95,96c95,96
45d22
< < "1ga-mW-VNe.ibShadowedToolTip" = "Remove Preset";
47,49d23
< < "7ai-mF-ZYI.ibShadowedToolTip" = "Show Favorites";
< < "84C-2U-hXc.title" = "Number of pages:";
< < "9kt-xY-TsL.title" = "There are currently no documents in your most recent files list.";
52d25
< < "CpN-3H-sdT.ibShadowedToolTip" = "Add New Preset";
57d29
< < "HBs-hy-AU6.title" = "Table View Cell";
60,62d31
< < "J1X-s1-yxP.title" = "There are currently no templates. Please add folders containing your templates.";
< < "Jc6-kB-Rh8.title" = "Image Placement:";
< < "Mcw-Z1-zF2.ibShadowedToolTip" = "Reset Preset";
64d32
< < "R17-Lw-Da2.title" = "Actual size zoom:";
66,67d33
< < "RdM-Rf-rdQ.title" = "Arrange:";
< < "Ri7-eE-Y1L.title" = "Show on Startup";
69,72c35
< < "bcZ-KI-gwi.ibShadowedToolTip" = "Link margins";
< < "beW-e3-qtO.title" = "Readout Units:";
< < "cek-2O-Ju5.title" = "Default master";
< < "fkN-rR-WGU.ibShadowedToolTip" = "New Category";
---
> < "hFX-yV-7Do.title" = "Text Cell";
75d37
< < "jAB-4Q-EBm.ibShadowedToolTip" = "Save Preset As…";
77d38
< < "qld-bR-qxM.ibShadowedToolTip" = "Rename Preset";
79,81d39
< < "sPu-sF-xg9.title" = "Use Drawing Scale";
< < "t2k-sh-QMC.title" = "Facing pages";
< < "uRX-dK-fru.title" = "Height:";
84,127c42,97
< < "xo2-kf-KHc.ibShadowedToolTip" = "Save and Overwrite Current Preset";
< < "yVe-wM-ke4.ibShadowedToolTip" = "Link bleed";
< > "0QC-GR-1Xc.title" = "透明な背景";
< > "1ga-mW-VNe.ibShadowedToolTip" = "プリセットを削除";
< > "5QV-bF-Zpg.title" = "下:";
< > "7ai-mF-ZYI.ibShadowedToolTip" = "お気に入りを表示";
< > "84C-2U-hXc.title" = "ページ数:";
< > "9kt-xY-TsL.title" = "最新のファイルリストに現在ドキュメントがありません。";
< > "9lU-3l-FJC.title" = "上:";
< > "ATj-go-sqU.title" = "開始:";
< > "CpN-3H-sdT.ibShadowedToolTip" = "新規プリセットを追加";
< > "F0z-JX-Cv5.title" = "新規ドキュメント";
< > "F9s-LX-GdF.title" = "左:";
< > "GOP-oj-ZXI.title" = "右:";
< > "Gbj-n2-cJh.title" = "カラープロファイル:";
< > "HBs-hy-AU6.title" = "表ビューセル";
< > "I9X-bc-RyQ.title" = "マージンを含める";
< > "IAh-vb-wdO.title" = "カラーフォーマット:";
< > "J1X-s1-yxP.title" = "現在テンプレートがありません。テンプレートを含むフォルダーを追加してください。";
< > "Jc6-kB-Rh8.title" = "画像の配置:";
< > "Mcw-Z1-zF2.ibShadowedToolTip" = "プリセットをリセット";
< > "OV8-BF-uDO.title" = "左:";
< > "R17-Lw-Da2.title" = "実寸表示:";
< > "RYz-qY-pZz.title" = "幅:";
< > "RdM-Rf-rdQ.title" = "配置:";
< > "Ri7-eE-Y1L.title" = "起動時に表示";
< > "YEQ-mb-kmg.title" = "上:";
< > "bcZ-KI-gwi.ibShadowedToolTip" = "マージンをリンク";
< > "beW-e3-qtO.title" = "読み出し単位:";
< > "cek-2O-Ju5.title" = "デフォルトのマスター";
< > "fkN-rR-WGU.ibShadowedToolTip" = "新規カテゴリ";
< > "hHp-Ni-tlc.title" = "アートボードを作成";
< > "j9L-78-xAg.title" = "単位:";
< > "jAB-4Q-EBm.ibShadowedToolTip" = "プリセットに名前を付けて保存…";
< > "qiB-6m-Wgc.title" = "キャンセル";
< > "qld-bR-qxM.ibShadowedToolTip" = "プリセット名の変更";
< > "rp6-TL-lMm.title" = "右:";
< > "sPu-sF-xg9.title" = "描画スケールを使用";
< > "t2k-sh-QMC.title" = "見開きページ";
< > "uRX-dK-fru.title" = "高さ:";
< > "vLj-Vu-dZc.title" = "スケール:";
< > "vqo-xn-azk.title" = "下:";
< > "xo2-kf-KHc.ibShadowedToolTip" = "現行のプリセットを保存して上書き";
< > "yVe-wM-ke4.ibShadowedToolTip" = "裁ち落としをリンク";
---
> > "0QC-GR-1Xc.title" = "투명한 배경";
> > "5QV-bF-Zpg.title" = "아래쪽";
> > "9lU-3l-FJC.title" = "위쪽:";
> > "ATj-go-sqU.title" = "개시:";
> > "F0z-JX-Cv5.title" = "신규 문서";
> > "F9s-LX-GdF.title" = "왼쪽:";
> > "GOP-oj-ZXI.title" = "오른쪽:";
> > "Gbj-n2-cJh.title" = "색상 프로파일:";
> > "I9X-bc-RyQ.title" = "여백 포함";
> > "IAh-vb-wdO.title" = "색상 포맷";
> > "OV8-BF-uDO.title" = "왼쪽:";
> > "RYz-qY-pZz.title" = "너비:";
> > "YEQ-mb-kmg.title" = "위쪽:";
> > "hFX-yV-7Do.title" = "텍스트 셀";
> > "hHp-Ni-tlc.title" = "아트보드 생성";
> > "j9L-78-xAg.title" = "단위:";
> > "qiB-6m-Wgc.title" = "취소";
> > "rp6-TL-lMm.title" = "오른쪽:";
> > "vLj-Vu-dZc.title" = "배율:";
> > "vqo-xn-azk.title" = "아래쪽";
