1c1,2
< 6c6
---
> 5,6c5,6
> < /* Class = "NSButtonCell"; title = "Transparent Background"; ObjectID = "0QC-GR-1Xc"; */
4,9c5,8
< > "0QC-GR-1Xc.title" = "透明な背景";
< 9c9
< < "1ga-mW-VNe.ibShadowedToolTip" = "Remove Preset";
< ---
< > "1ga-mW-VNe.ibShadowedToolTip" = "プリセットを削除";
< 15c15
---
> > /* Class = "NSButtonCell"; title = "투명한 배경"; ObjectID = "0QC-GR-1Xc"; */
> > "0QC-GR-1Xc.title" = "투명한 배경";
> 14,15c14,15
> < /* Class = "NSTextFieldCell"; title = "Bottom:"; ObjectID = "5QV-bF-Zpg"; */
12,25c11,14
< > "5QV-bF-Zpg.title" = "下:";
< 18c18
< < "7ai-mF-ZYI.ibShadowedToolTip" = "Show Favorites";
< ---
< > "7ai-mF-ZYI.ibShadowedToolTip" = "お気に入りを表示";
< 21c21
< < "84C-2U-hXc.title" = "Number of pages:";
< ---
< > "84C-2U-hXc.title" = "ページ数:";
< 27c27
< < "9kt-xY-TsL.title" = "There are currently no documents in your most recent files list.";
< ---
< > "9kt-xY-TsL.title" = "最新のファイルリストに現在ドキュメントがありません。";
< 30c30
---
> > /* Class = "NSTextFieldCell"; title = "아래쪽"; ObjectID = "5QV-bF-Zpg"; */
> > "5QV-bF-Zpg.title" = "아래쪽";
> 29,30c29,30
> < /* Class = "NSTextFieldCell"; title = "Top:"; ObjectID = "9lU-3l-FJC"; */
28,29c17,20
< > "9lU-3l-FJC.title" = "上:";
< 33c33
---
> > /* Class = "NSTextFieldCell"; title = "위쪽:"; ObjectID = "9lU-3l-FJC"; */
> > "9lU-3l-FJC.title" = "위쪽:";
> 32,33c32,33
> < /* Class = "NSTextFieldCell"; title = "Start on:"; ObjectID = "ATj-go-sqU"; */
32,37c23,26
< > "ATj-go-sqU.title" = "開始:";
< 36c36
< < "CpN-3H-sdT.ibShadowedToolTip" = "Add New Preset";
< ---
< > "CpN-3H-sdT.ibShadowedToolTip" = "新規プリセットを追加";
< 42c42
---
> > /* Class = "NSTextFieldCell"; title = "개시:"; ObjectID = "ATj-go-sqU"; */
> > "ATj-go-sqU.title" = "개시:";
> 41,42c41,42
> < /* Class = "NSWindow"; title = "New Document"; ObjectID = "F0z-JX-Cv5"; */
40,41c29,32
< > "F0z-JX-Cv5.title" = "新規ドキュメント";
< 45c45
---
> > /* Class = "NSWindow"; title = "신규 문서"; ObjectID = "F0z-JX-Cv5"; */
> > "F0z-JX-Cv5.title" = "신규 문서";
> 44,45c44,45
> < /* Class = "NSTextFieldCell"; title = "Left:"; ObjectID = "F9s-LX-GdF"; */
44,45c35,38
< > "F9s-LX-GdF.title" = "左:";
< 54c54
---
> > /* Class = "NSTextFieldCell"; title = "왼쪽:"; ObjectID = "F9s-LX-GdF"; */
> > "F9s-LX-GdF.title" = "왼쪽:";
> 53,54c53,54
> < /* Class = "NSTextFieldCell"; title = "Right:"; ObjectID = "GOP-oj-ZXI"; */
48,50c41,44
< > "GOP-oj-ZXI.title" = "右:";
< 57c57
< < "Gbj-n2-cJh.title" = "Color Profile:";
---
> > /* Class = "NSTextFieldCell"; title = "오른쪽:"; ObjectID = "GOP-oj-ZXI"; */
> > "GOP-oj-ZXI.title" = "오른쪽:";
> 56c56
> < /* Class = "NSTextFieldCell"; title = "Colour Profile:"; ObjectID = "Gbj-n2-cJh"; */
52,57c46,48
< > "Gbj-n2-cJh.title" = "カラープロファイル:";
< 69c69
< < "HBs-hy-AU6.title" = "Table View Cell";
< ---
< > "HBs-hy-AU6.title" = "表ビューセル";
< 72c72
---
> > /* Class = "NSTextFieldCell"; title = "색상 프로파일:"; ObjectID = "Gbj-n2-cJh"; */
> 71,72c71,72
> < /* Class = "NSButtonCell"; title = "Include Margins"; ObjectID = "I9X-bc-RyQ"; */
60,62c51,54
< > "I9X-bc-RyQ.title" = "マージンを含める";
< 75c75
< < "IAh-vb-wdO.title" = "Color Format:";
---
> > /* Class = "NSButtonCell"; title = "여백 포함"; ObjectID = "I9X-bc-RyQ"; */
> > "I9X-bc-RyQ.title" = "여백 포함";
> 74c74
> < /* Class = "NSTextFieldCell"; title = "Colour Format:"; ObjectID = "IAh-vb-wdO"; */
64,77c56,58
< > "IAh-vb-wdO.title" = "カラーフォーマット:";
< 81c81
< < "J1X-s1-yxP.title" = "There are currently no templates. Please add folders containing your templates.";
< ---
< > "J1X-s1-yxP.title" = "現在テンプレートがありません。テンプレートを含むフォルダーを追加してください。";
< 84c84
< < "Jc6-kB-Rh8.title" = "Image Placement:";
< ---
< > "Jc6-kB-Rh8.title" = "画像の配置:";
< 93c93
< < "Mcw-Z1-zF2.ibShadowedToolTip" = "Reset Preset";
< ---
< > "Mcw-Z1-zF2.ibShadowedToolTip" = "プリセットをリセット";
< 96c96
---
> > /* Class = "NSTextFieldCell"; title = "색상 포맷"; ObjectID = "IAh-vb-wdO"; */
> 95,96c95,96
> < /* Class = "NSTextFieldCell"; title = "Left:"; ObjectID = "OV8-BF-uDO"; */
80,85c61,64
< > "OV8-BF-uDO.title" = "左:";
< 99c99
< < "R17-Lw-Da2.title" = "Actual size zoom:";
< ---
< > "R17-Lw-Da2.title" = "実寸表示:";
< 102c102
---
> > /* Class = "NSTextFieldCell"; title = "왼쪽:"; ObjectID = "OV8-BF-uDO"; */
> > "OV8-BF-uDO.title" = "왼쪽:";
> 101,102c101,102
> < /* Class = "NSTextFieldCell"; title = "Width:"; ObjectID = "RYz-qY-pZz"; */
88,97c67,70
< > "RYz-qY-pZz.title" = "幅:";
< 105c105
< < "RdM-Rf-rdQ.title" = "Arrange:";
< ---
< > "RdM-Rf-rdQ.title" = "配置:";
< 108c108
< < "Ri7-eE-Y1L.title" = "Show on Startup";
< ---
< > "Ri7-eE-Y1L.title" = "起動時に表示";
< 123c123
---
> > /* Class = "NSTextFieldCell"; title = "너비:"; ObjectID = "RYz-qY-pZz"; */
> > "RYz-qY-pZz.title" = "너비:";
> 122,123c122,123
> < /* Class = "NSTextFieldCell"; title = "Top:"; ObjectID = "YEQ-mb-kmg"; */
100,102c73,77
< > "YEQ-mb-kmg.title" = "上:";
< 132c132
< < "bcZ-KI-gwi.ibShadowedToolTip" = "Link margins";
---
> > /* Class = "NSTextFieldCell"; title = "위쪽:"; ObjectID = "YEQ-mb-kmg"; */
> > "YEQ-mb-kmg.title" = "위쪽:";
> 149,150c149,150
> < /* Class = "NSTextFieldCell"; title = "Text Cell"; ObjectID = "hFX-yV-7Do"; */
> < "hFX-yV-7Do.title" = "Text Cell";
104,117c79,82
< > "bcZ-KI-gwi.ibShadowedToolTip" = "マージンをリンク";
< 135c135
< < "beW-e3-qtO.title" = "Readout Units:";
< ---
< > "beW-e3-qtO.title" = "読み出し単位:";
< 141c141
< < "cek-2O-Ju5.title" = "Default master";
< ---
< > "cek-2O-Ju5.title" = "デフォルトのマスター";
< 147c147
< < "fkN-rR-WGU.ibShadowedToolTip" = "New Category";
< ---
< > "fkN-rR-WGU.ibShadowedToolTip" = "新規カテゴリ";
< 153c153
---
> > /* Class = "NSTextFieldCell"; title = "텍스트 셀"; ObjectID = "hFX-yV-7Do"; */
> > "hFX-yV-7Do.title" = "텍스트 셀";
> 152,153c152,153
> < /* Class = "NSButtonCell"; title = "Create artboard"; ObjectID = "hHp-Ni-tlc"; */
120,121c85,88
< > "hHp-Ni-tlc.title" = "アートボードを作成";
< 156c156
---
> > /* Class = "NSButtonCell"; title = "아트보드 생성"; ObjectID = "hHp-Ni-tlc"; */
> > "hHp-Ni-tlc.title" = "아트보드 생성";
> 155,156c155,156
> < /* Class = "NSTextFieldCell"; title = "Units:"; ObjectID = "j9L-78-xAg"; */
124,129c91,94
< > "j9L-78-xAg.title" = "単位:";
< 159c159
< < "jAB-4Q-EBm.ibShadowedToolTip" = "Save Preset As…";
< ---
< > "jAB-4Q-EBm.ibShadowedToolTip" = "プリセットに名前を付けて保存…";
< 171c171
---
> > /* Class = "NSTextFieldCell"; title = "단위:"; ObjectID = "j9L-78-xAg"; */
> > "j9L-78-xAg.title" = "단위:";
> 170,171c170,171
> < /* Class = "NSButtonCell"; title = "Cancel"; ObjectID = "qiB-6m-Wgc"; */
132,137c97,100
< > "qiB-6m-Wgc.title" = "キャンセル";
< 174c174
< < "qld-bR-qxM.ibShadowedToolTip" = "Rename Preset";
< ---
< > "qld-bR-qxM.ibShadowedToolTip" = "プリセット名の変更";
< 177c177
---
> > /* Class = "NSButtonCell"; title = "취소"; ObjectID = "qiB-6m-Wgc"; */
> > "qiB-6m-Wgc.title" = "취소";
> 176,177c176,177
> < /* Class = "NSTextFieldCell"; title = "Right:"; ObjectID = "rp6-TL-lMm"; */
140,153c103,106
< > "rp6-TL-lMm.title" = "右:";
< 186c186
< < "sPu-sF-xg9.title" = "Use Drawing Scale";
< ---
< > "sPu-sF-xg9.title" = "描画スケールを使用";
< 189c189
< < "t2k-sh-QMC.title" = "Facing pages";
< ---
< > "t2k-sh-QMC.title" = "見開きページ";
< 192c192
< < "uRX-dK-fru.title" = "Height:";
< ---
< > "uRX-dK-fru.title" = "高さ:";
< 207c207
---
> > /* Class = "NSTextFieldCell"; title = "오른쪽:"; ObjectID = "rp6-TL-lMm"; */
> > "rp6-TL-lMm.title" = "오른쪽:";
> 206,207c206,207
> < /* Class = "NSTextFieldCell"; title = "Scale:"; ObjectID = "vLj-Vu-dZc"; */
156,157c109,112
< > "vLj-Vu-dZc.title" = "スケール:";
< 213c213
---
> > /* Class = "NSTextFieldCell"; title = "배율:"; ObjectID = "vLj-Vu-dZc"; */
> > "vLj-Vu-dZc.title" = "배율:";
> 212,213c212,213
> < /* Class = "NSTextFieldCell"; title = "Bottom:"; ObjectID = "vqo-xn-azk"; */
160,168c115,116
< > "vqo-xn-azk.title" = "下:";
< 219c219
< < "xo2-kf-KHc.ibShadowedToolTip" = "Save and Overwrite Current Preset";
< ---
< > "xo2-kf-KHc.ibShadowedToolTip" = "現行のプリセットを保存して上書き";
< 222c222
< < "yVe-wM-ke4.ibShadowedToolTip" = "Link bleed";
< ---
< > "yVe-wM-ke4.ibShadowedToolTip" = "裁ち落としをリンク";
---
> > /* Class = "NSTextFieldCell"; title = "아래쪽"; ObjectID = "vqo-xn-azk"; */
> > "vqo-xn-azk.title" = "아래쪽";
