---
---
---
---
---
---
---
---
---
---
---
---
---
---
---
---
---
---
---
---
101,102c101,102
122,123c122,123
14,15c14,15
149,150c149,150
152,153c152,153
155,156c155,156
170,171c170,171
176,177c176,177
206,207c206,207
212,213c212,213
29,30c29,30
32,33c32,33
41,42c41,42
44,45c44,45
5,6c5,6
53,54c53,54
56c56
71,72c71,72
74c74
95,96c95,96
< "0QC-GR-1Xc.title" = "Transparent Background";
< "5QV-bF-Zpg.title" = "Bottom:";
< "9lU-3l-FJC.title" = "Top:";
< "ATj-go-sqU.title" = "Start on:";
< "F0z-JX-Cv5.title" = "New Document";
< "F9s-LX-GdF.title" = "Left:";
< "GOP-oj-ZXI.title" = "Right:";
< "I9X-bc-RyQ.title" = "Include Margins";
< "OV8-BF-uDO.title" = "Left:";
< "RYz-qY-pZz.title" = "Width:";
< "YEQ-mb-kmg.title" = "Top:";
< "hFX-yV-7Do.title" = "Text Cell";
< "hHp-Ni-tlc.title" = "Create artboard";
< "j9L-78-xAg.title" = "Units:";
< "qiB-6m-Wgc.title" = "Cancel";
< "rp6-TL-lMm.title" = "Right:";
< "vLj-Vu-dZc.title" = "Scale:";
< "vqo-xn-azk.title" = "Bottom:";
< /* Class = "NSButtonCell"; title = "Cancel"; ObjectID = "qiB-6m-Wgc"; */
< /* Class = "NSButtonCell"; title = "Create artboard"; ObjectID = "hHp-Ni-tlc"; */
< /* Class = "NSButtonCell"; title = "Include Margins"; ObjectID = "I9X-bc-RyQ"; */
< /* Class = "NSButtonCell"; title = "Transparent Background"; ObjectID = "0QC-GR-1Xc"; */
< /* Class = "NSTextFieldCell"; title = "Bottom:"; ObjectID = "5QV-bF-Zpg"; */
< /* Class = "NSTextFieldCell"; title = "Bottom:"; ObjectID = "vqo-xn-azk"; */
< /* Class = "NSTextFieldCell"; title = "Colour Format:"; ObjectID = "IAh-vb-wdO"; */
< /* Class = "NSTextFieldCell"; title = "Colour Profile:"; ObjectID = "Gbj-n2-cJh"; */
< /* Class = "NSTextFieldCell"; title = "Left:"; ObjectID = "F9s-LX-GdF"; */
< /* Class = "NSTextFieldCell"; title = "Left:"; ObjectID = "OV8-BF-uDO"; */
< /* Class = "NSTextFieldCell"; title = "Right:"; ObjectID = "GOP-oj-ZXI"; */
< /* Class = "NSTextFieldCell"; title = "Right:"; ObjectID = "rp6-TL-lMm"; */
< /* Class = "NSTextFieldCell"; title = "Scale:"; ObjectID = "vLj-Vu-dZc"; */
< /* Class = "NSTextFieldCell"; title = "Start on:"; ObjectID = "ATj-go-sqU"; */
< /* Class = "NSTextFieldCell"; title = "Text Cell"; ObjectID = "hFX-yV-7Do"; */
< /* Class = "NSTextFieldCell"; title = "Top:"; ObjectID = "9lU-3l-FJC"; */
< /* Class = "NSTextFieldCell"; title = "Top:"; ObjectID = "YEQ-mb-kmg"; */
< /* Class = "NSTextFieldCell"; title = "Units:"; ObjectID = "j9L-78-xAg"; */
< /* Class = "NSTextFieldCell"; title = "Width:"; ObjectID = "RYz-qY-pZz"; */
< /* Class = "NSWindow"; title = "New Document"; ObjectID = "F0z-JX-Cv5"; */
> "0QC-GR-1Xc.title" = "투명한 배경";
> "5QV-bF-Zpg.title" = "아래쪽";
> "9lU-3l-FJC.title" = "위쪽:";
> "ATj-go-sqU.title" = "개시:";
> "F0z-JX-Cv5.title" = "신규 문서";
> "F9s-LX-GdF.title" = "왼쪽:";
> "GOP-oj-ZXI.title" = "오른쪽:";
> "I9X-bc-RyQ.title" = "여백 포함";
> "OV8-BF-uDO.title" = "왼쪽:";
> "RYz-qY-pZz.title" = "너비:";
> "YEQ-mb-kmg.title" = "위쪽:";
> "hFX-yV-7Do.title" = "텍스트 셀";
> "hHp-Ni-tlc.title" = "아트보드 생성";
> "j9L-78-xAg.title" = "단위:";
> "qiB-6m-Wgc.title" = "취소";
> "rp6-TL-lMm.title" = "오른쪽:";
> "vLj-Vu-dZc.title" = "배율:";
> "vqo-xn-azk.title" = "아래쪽";
> /* Class = "NSButtonCell"; title = "여백 포함"; ObjectID = "I9X-bc-RyQ"; */
> /* Class = "NSButtonCell"; title = "취소"; ObjectID = "qiB-6m-Wgc"; */
> /* Class = "NSButtonCell"; title = "투명한 배경"; ObjectID = "0QC-GR-1Xc"; */
> /* Class = "NSButtonCell"; title = "아트보드 생성"; ObjectID = "hHp-Ni-tlc"; */
> /* Class = "NSTextFieldCell"; title = "색상 포맷"; ObjectID = "IAh-vb-wdO"; */
> /* Class = "NSTextFieldCell"; title = "색상 프로파일:"; ObjectID = "Gbj-n2-cJh"; */
> /* Class = "NSTextFieldCell"; title = "위쪽:"; ObjectID = "9lU-3l-FJC"; */
> /* Class = "NSTextFieldCell"; title = "개시:"; ObjectID = "ATj-go-sqU"; */
> /* Class = "NSTextFieldCell"; title = "왼쪽:"; ObjectID = "F9s-LX-GdF"; */
> /* Class = "NSTextFieldCell"; title = "왼쪽:"; ObjectID = "OV8-BF-uDO"; */
> /* Class = "NSTextFieldCell"; title = "너비:"; ObjectID = "RYz-qY-pZz"; */
> /* Class = "NSTextFieldCell"; title = "위쪽:"; ObjectID = "YEQ-mb-kmg"; */
> /* Class = "NSTextFieldCell"; title = "단위:"; ObjectID = "j9L-78-xAg"; */
> /* Class = "NSTextFieldCell"; title = "배율:"; ObjectID = "vLj-Vu-dZc"; */
> /* Class = "NSTextFieldCell"; title = "텍스트 셀"; ObjectID = "hFX-yV-7Do"; */
> /* Class = "NSTextFieldCell"; title = "아래쪽"; ObjectID = "5QV-bF-Zpg"; */
> /* Class = "NSTextFieldCell"; title = "아래쪽"; ObjectID = "vqo-xn-azk"; */
> /* Class = "NSTextFieldCell"; title = "오른쪽:"; ObjectID = "GOP-oj-ZXI"; */
> /* Class = "NSTextFieldCell"; title = "오른쪽:"; ObjectID = "rp6-TL-lMm"; */
> /* Class = "NSWindow"; title = "신규 문서"; ObjectID = "F0z-JX-Cv5"; */
