---
12c12
15c15
18c18
21c21
24c24
27c27
30c30
3c3
9c9
< "1.title" = "New Focus Merge";
< "5cY-MO-oRN.title" = "Remove";
< "8.title" = "Cancel";
< "9UU-bz-y9v.title" = "Add";
< "Br9-je-FhX.headerCell.title" = "Plugin";
< "NfY-PH-eyP.ibShadowedToolTip" = "Unfinished feature / user interface.";
< "ORl-1D-rp6.title" = "Table View Cell";
< "YEe-Ih-3DM.title" = "Images";
< "mWE-VA-Hcm.title" = "Text Cell";
> "1.title" = "新規フォーカス結合";
> "5cY-MO-oRN.title" = "削除";
> "8.title" = "キャンセル";
> "9UU-bz-y9v.title" = "追加";
> "Br9-je-FhX.headerCell.title" = "プラグイン";
> "NfY-PH-eyP.ibShadowedToolTip" = "未完成の機能/ユーザーインターフェース。";
> "ORl-1D-rp6.title" = "表ビューセル";
> "YEe-Ih-3DM.title" = "画像";
> "mWE-VA-Hcm.title" = "テキストセル";
