1,5c1,2
< 3c3
< < "1.title" = "New Focus Merge";
< ---
< > "1.title" = "新規フォーカス結合";
< 9c9
---
> 8,9c8,9
> < /* Class = "NSButtonCell"; title = "Cancel"; ObjectID = "8"; */
8,9c5,8
< > "8.title" = "キャンセル";
< 12c12
---
> > /* Class = "NSButtonCell"; title = "취소"; ObjectID = "8"; */
> > "8.title" = "취소";
> 11,12c11,12
> < /* Class = "NSButtonCell"; title = "Remove"; ObjectID = "5cY-MO-oRN"; */
12,13c11,14
< > "5cY-MO-oRN.title" = "削除";
< 15c15
---
> > /* Class = "NSButtonCell"; title = "지우기"; ObjectID = "5cY-MO-oRN"; */
> > "5cY-MO-oRN.title" = "지우기";
> 14,15c14,15
> < /* Class = "NSButtonCell"; title = "Add"; ObjectID = "9UU-bz-y9v"; */
16,17c17,20
< > "9UU-bz-y9v.title" = "追加";
< 18c18
---
> > /* Class = "NSButtonCell"; title = "추가"; ObjectID = "9UU-bz-y9v"; */
> > "9UU-bz-y9v.title" = "추가";
> 17,18c17,18
> < /* Class = "NSTableColumn"; headerCell.title = "Plugin"; ObjectID = "Br9-je-FhX"; */
20,29c23,26
< > "Br9-je-FhX.headerCell.title" = "プラグイン";
< 21c21
< < "NfY-PH-eyP.ibShadowedToolTip" = "Unfinished feature / user interface.";
< ---
< > "NfY-PH-eyP.ibShadowedToolTip" = "未完成の機能/ユーザーインターフェース。";
< 24c24
< < "ORl-1D-rp6.title" = "Table View Cell";
< ---
< > "ORl-1D-rp6.title" = "表ビューセル";
< 27c27
---
> > /* Class = "NSTableColumn"; headerCell.title = "플러그인"; ObjectID = "Br9-je-FhX"; */
> > "Br9-je-FhX.headerCell.title" = "플러그인";
> 26,27c26,27
> < /* Class = "NSTextFieldCell"; title = "Images"; ObjectID = "YEe-Ih-3DM"; */
32,33c29,32
< > "YEe-Ih-3DM.title" = "画像";
< 30c30
---
> > /* Class = "NSTextFieldCell"; title = "이미지"; ObjectID = "YEe-Ih-3DM"; */
> > "YEe-Ih-3DM.title" = "이미지";
> 29,30c29,30
> < /* Class = "NSTextFieldCell"; title = "Text Cell"; ObjectID = "mWE-VA-Hcm"; */
36c35,36
< > "mWE-VA-Hcm.title" = "テキストセル";
---
> > /* Class = "NSTextFieldCell"; title = "텍스트 셀"; ObjectID = "mWE-VA-Hcm"; */
> > "mWE-VA-Hcm.title" = "텍스트 셀";
