1,5c1,2
< 3c3
< < "1.title" = "New HDR Merge";
< ---
< > "1.title" = "新規HDR結合";
< 9c9
---
> 8,9c8,9
> < /* Class = "NSButtonCell"; title = "Cancel"; ObjectID = "8"; */
8,9c5,8
< > "8.title" = "キャンセル";
< 12c12
---
> > /* Class = "NSButtonCell"; title = "취소"; ObjectID = "8"; */
> > "8.title" = "취소";
> 11,12c11,12
> < /* Class = "NSButtonCell"; title = "Remove"; ObjectID = "5cY-MO-oRN"; */
12,17c11,14
< > "5cY-MO-oRN.title" = "削除";
< 15c15
< < "7jS-01-qt0.title" = "Noise reduction";
< ---
< > "7jS-01-qt0.title" = "ノイズ軽減";
< 18c18
---
> > /* Class = "NSButtonCell"; title = "지우기"; ObjectID = "5cY-MO-oRN"; */
> > "5cY-MO-oRN.title" = "지우기";
> 17,18c17,18
> < /* Class = "NSButtonCell"; title = "Add"; ObjectID = "9UU-bz-y9v"; */
20,21c17,20
< > "9UU-bz-y9v.title" = "追加";
< 21c21
---
> > /* Class = "NSButtonCell"; title = "추가"; ObjectID = "9UU-bz-y9v"; */
> > "9UU-bz-y9v.title" = "추가";
> 20,21c20,21
> < /* Class = "NSTableColumn"; headerCell.title = "Plugin"; ObjectID = "Br9-je-FhX"; */
24,41c23,26
< > "Br9-je-FhX.headerCell.title" = "プラグイン";
< 24c24
< < "JJP-5z-VBo.title" = "Tone map HDR image";
< ---
< > "JJP-5z-VBo.title" = "HDRイメージをトーンマップ";
< 27c27
< < "LMA-rE-Lpd.title" = "Automatically remove ghosts";
< ---
< > "LMA-rE-Lpd.title" = "ゴーストを自動除去";
< 30c30
< < "Mkv-6N-N7T.title" = "Automatically align images";
< ---
< > "Mkv-6N-N7T.title" = "自動的に画像を並べる";
< 33c33
< < "NfY-PH-eyP.ibShadowedToolTip" = "Unfinished feature / user interface.";
< ---
< > "NfY-PH-eyP.ibShadowedToolTip" = "未完成の機能/ユーザーインターフェース。";
< 36c36
---
> > /* Class = "NSTableColumn"; headerCell.title = "플러그인"; ObjectID = "Br9-je-FhX"; */
> > "Br9-je-FhX.headerCell.title" = "플러그인";
> 35,36c35,36
> < /* Class = "NSTextFieldCell"; title = "Images"; ObjectID = "YEe-Ih-3DM"; */
44,53c29,32
< > "YEe-Ih-3DM.title" = "画像";
< 39c39
< < "bqd-3F-yA0.title" = "Table View Cell";
< ---
< > "bqd-3F-yA0.title" = "表ビューセル";
< 42c42
< < "gj5-8y-Pgs.title" = "Scale, rotate and translate";
< ---
< > "gj5-8y-Pgs.title" = "拡大/縮小、回転、変換";
< 45c45
---
> > /* Class = "NSTextFieldCell"; title = "이미지"; ObjectID = "YEe-Ih-3DM"; */
> > "YEe-Ih-3DM.title" = "이미지";
> 44,45c44,45
> < /* Class = "NSTextFieldCell"; title = "Text Cell"; ObjectID = "mWE-VA-Hcm"; */
56,60c35,36
< > "mWE-VA-Hcm.title" = "テキストセル";
< 48c48
< < "uzZ-t0-VUg.title" = "Perspective";
< ---
< > "uzZ-t0-VUg.title" = "パースペクティブ";
---
> > /* Class = "NSTextFieldCell"; title = "텍스트 셀"; ObjectID = "mWE-VA-Hcm"; */
> > "mWE-VA-Hcm.title" = "텍스트 셀";
