1c1,2
< 3c3
---
> 2,3c2,3
> < /* Class = "NSTextFieldCell"; title = "Width"; ObjectID = "3MU-Vd-Xp6"; */
4,5c5,8
< > "3MU-Vd-Xp6.title" = "幅";
< 6c6
---
> > /* Class = "NSTextFieldCell"; title = "너비"; ObjectID = "3MU-Vd-Xp6"; */
> > "3MU-Vd-Xp6.title" = "너비";
> 5,6c5,6
> < /* Class = "NSButtonCell"; title = "Cancel"; ObjectID = "C1b-Gm-bh9"; */
8,13c11,14
< > "C1b-Gm-bh9.title" = "キャンセル";
< 9c9
< < "F0z-JX-Cv5.title" = "New Pattern Layer";
< ---
< > "F0z-JX-Cv5.title" = "新しいパターンレイヤー";
< 15c15
---
> > /* Class = "NSButtonCell"; title = "취소"; ObjectID = "C1b-Gm-bh9"; */
> > "C1b-Gm-bh9.title" = "취소";
> 14,15c14,15
> < /* Class = "NSTextFieldCell"; title = "Height"; ObjectID = "Y00-8Y-oTr"; */
16c17,18
< > "Y00-8Y-oTr.title" = "高さ";
---
> > /* Class = "NSTextFieldCell"; title = "높이"; ObjectID = "Y00-8Y-oTr"; */
> > "Y00-8Y-oTr.title" = "높이";
