1,5c1,2
< 3c3
< < "1.title" = "New Panorama";
< ---
< > "1.title" = "新規パノラマ";
< 12c12
---
> 11,12c11,12
> < /* Class = "NSButtonCell"; title = "Add"; ObjectID = "2eb-6F-0zr"; */
8,9c5,8
< > "2eb-6F-0zr.title" = "追加";
< 15c15
---
> > /* Class = "NSButtonCell"; title = "추가"; ObjectID = "2eb-6F-0zr"; */
> > "2eb-6F-0zr.title" = "추가";
> 14,15c14,15
> < /* Class = "NSButtonCell"; title = "Remove"; ObjectID = "7fW-Yr-xee"; */
12,14c11,15
< > "7fW-Yr-xee.title" = "削除";
< 18c18
< < "9Z2-O0-qId.ibShadowedToolTip" = "Unfinished feature / user interface.";
---
> > /* Class = "NSButtonCell"; title = "지우기"; ObjectID = "7fW-Yr-xee"; */
> > "7fW-Yr-xee.title" = "지우기";
> 26,27c26,27
> < /* Class = "NSTextFieldCell"; title = "Text Cell"; ObjectID = "T57-rV-McO"; */
> < "T57-rV-McO.title" = "Text Cell";
16,21c17,20
< > "9Z2-O0-qId.ibShadowedToolTip" = "未完成の機能/ユーザーインターフェース。";
< 24c24
< < "RH4-hz-GVg.title" = "Stitch Panorama";
< ---
< > "RH4-hz-GVg.title" = "パノラマのスティッチ";
< 30c30
---
> > /* Class = "NSTextFieldCell"; title = "텍스트 셀"; ObjectID = "T57-rV-McO"; */
> > "T57-rV-McO.title" = "텍스트 셀";
> 29,30c29,30
> < /* Class = "NSTextFieldCell"; title = "Images"; ObjectID = "c1P-Wk-q5M"; */
24,25c23,26
< > "c1P-Wk-q5M.title" = "画像";
< 33c33
---
> > /* Class = "NSTextFieldCell"; title = "이미지"; ObjectID = "c1P-Wk-q5M"; */
> > "c1P-Wk-q5M.title" = "이미지";
> 32,33c32,33
> < /* Class = "NSButtonCell"; title = "Cancel"; ObjectID = "fEm-aw-jcD"; */
28,30c29,33
< > "fEm-aw-jcD.title" = "キャンセル";
< 36c36
< < "fN5-ca-Mot.title" = "Panoramas";
---
> > /* Class = "NSButtonCell"; title = "취소"; ObjectID = "fEm-aw-jcD"; */
> > "fEm-aw-jcD.title" = "취소";
> 38,39c38,39
> < /* Class = "NSTextFieldCell"; title = "Text Cell"; ObjectID = "m4V-3E-vQk"; */
> < "m4V-3E-vQk.title" = "Text Cell";
32c35,36
< > "fN5-ca-Mot.title" = "パノラマ";
---
> > /* Class = "NSTextFieldCell"; title = "텍스트 셀"; ObjectID = "m4V-3E-vQk"; */
> > "m4V-3E-vQk.title" = "텍스트 셀";
