11,12c11,12
< /* Class = "NSButtonCell"; title = "Add"; ObjectID = "2eb-6F-0zr"; */
< "2eb-6F-0zr.title" = "Add";
---
> /* Class = "NSButtonCell"; title = "추가"; ObjectID = "2eb-6F-0zr"; */
> "2eb-6F-0zr.title" = "추가";
14,15c14,15
< /* Class = "NSButtonCell"; title = "Remove"; ObjectID = "7fW-Yr-xee"; */
< "7fW-Yr-xee.title" = "Remove";
---
> /* Class = "NSButtonCell"; title = "지우기"; ObjectID = "7fW-Yr-xee"; */
> "7fW-Yr-xee.title" = "지우기";
26,27c26,27
< /* Class = "NSTextFieldCell"; title = "Text Cell"; ObjectID = "T57-rV-McO"; */
< "T57-rV-McO.title" = "Text Cell";
---
> /* Class = "NSTextFieldCell"; title = "텍스트 셀"; ObjectID = "T57-rV-McO"; */
> "T57-rV-McO.title" = "텍스트 셀";
29,30c29,30
< /* Class = "NSTextFieldCell"; title = "Images"; ObjectID = "c1P-Wk-q5M"; */
< "c1P-Wk-q5M.title" = "Images";
---
> /* Class = "NSTextFieldCell"; title = "이미지"; ObjectID = "c1P-Wk-q5M"; */
> "c1P-Wk-q5M.title" = "이미지";
32,33c32,33
< /* Class = "NSButtonCell"; title = "Cancel"; ObjectID = "fEm-aw-jcD"; */
< "fEm-aw-jcD.title" = "Cancel";
---
> /* Class = "NSButtonCell"; title = "취소"; ObjectID = "fEm-aw-jcD"; */
> "fEm-aw-jcD.title" = "취소";
38,39c38,39
< /* Class = "NSTextFieldCell"; title = "Text Cell"; ObjectID = "m4V-3E-vQk"; */
< "m4V-3E-vQk.title" = "Text Cell";
---
> /* Class = "NSTextFieldCell"; title = "텍스트 셀"; ObjectID = "m4V-3E-vQk"; */
> "m4V-3E-vQk.title" = "텍스트 셀";
