2,3c2,3
< /* Class = "NSWindow"; title = "Shadows / Highlights"; ObjectID = "1"; */
< "1.title" = "Shadows / Highlights";
---
> /* Class = "NSWindow"; title = "그림자 / 빛"; ObjectID = "1"; */
> "1.title" = "그림자 / 빛";
8,9c8,9
< /* Class = "NSButtonCell"; title = "Apply"; ObjectID = "26"; */
< "26.title" = "Apply";
---
> /* Class = "NSButtonCell"; title = "적용"; ObjectID = "26"; */
> "26.title" = "적용";
11,12c11,12
< /* Class = "NSButtonCell"; title = "Cancel"; ObjectID = "419"; */
< "419.title" = "Cancel";
---
> /* Class = "NSButtonCell"; title = "취소"; ObjectID = "419"; */
> "419.title" = "취소";
17,18c17,18
< /* Class = "NSButton"; ibShadowedToolTip = "Mirror view"; ObjectID = "7za-OG-zYv"; */
< "7za-OG-zYv.ibShadowedToolTip" = "Mirror view";
---
> /* Class = "NSButton"; ibShadowedToolTip = "거울 뷰 모드"; ObjectID = "7za-OG-zYv"; */
> "7za-OG-zYv.ibShadowedToolTip" = "거울 뷰 모드";
23,24c23,24
< /* Class = "NSButton"; ibShadowedToolTip = "Split view"; ObjectID = "MOb-4E-ACl"; */
< "MOb-4E-ACl.ibShadowedToolTip" = "Split view";
---
> /* Class = "NSButton"; ibShadowedToolTip = "분할 뷰 모드"; ObjectID = "MOb-4E-ACl"; */
> "MOb-4E-ACl.ibShadowedToolTip" = "분할 뷰 모드";
44,45c44,45
< /* Class = "NSMenuItem"; title = "Default"; ObjectID = "c0f-uO-u5d"; */
< "c0f-uO-u5d.title" = "Default";
---
> /* Class = "NSMenuItem"; title = "기본값"; ObjectID = "c0f-uO-u5d"; */
> "c0f-uO-u5d.title" = "기본값";
50,51c50,51
< /* Class = "NSButton"; ibShadowedToolTip = "No split view"; ObjectID = "eDV-KN-qDW"; */
< "eDV-KN-qDW.ibShadowedToolTip" = "No split view";
---
> /* Class = "NSButton"; ibShadowedToolTip = "분할 뷰 모드 해제"; ObjectID = "eDV-KN-qDW"; */
> "eDV-KN-qDW.ibShadowedToolTip" = "분할 뷰 모드 해제";
