---
12c12
18c18
21c21
24c24
27c27
30c30
36c36
39c39
3c3
42c42
45c45
48c48
51c51
54c54
63c63
66c66
6c6
9c9
< "1.title" = "Shadows / Highlights";
< "12.title" = "Shadows Strength";
< "26.title" = "Apply";
< "419.title" = "Cancel";
< "7za-OG-zYv.ibShadowedToolTip" = "Mirror view";
< "HaW-c3-WBf.title" = "Version:";
< "MOb-4E-ACl.ibShadowedToolTip" = "Split view";
< "Poe-8p-RRo.title" = "Highlights Range";
< "Qjb-vV-2dR.title" = "Shadows Range";
< "YTk-nu-Vfq.title" = "Highlights Strength";
< "ZDW-ZO-SIO.title" = "Shadows Range";
< "brk-hW-dmd.title" = "Shadows Radius";
< "c0f-uO-u5d.title" = "Default";
< "c8u-xD-yI7.title" = "Shadows Strength";
< "eDV-KN-qDW.ibShadowedToolTip" = "No split view";
< "glC-bY-1ou.title" = "Highlights Strength";
< "wLK-6x-e1t.title" = "Highlights Range";
< "zDk-TF-l1k.title" = "Highlights Radius";
> "1.title" = "シャドウ/ハイライト";
> "12.title" = "シャドウの強度";
> "26.title" = "適用";
> "419.title" = "キャンセル";
> "7za-OG-zYv.ibShadowedToolTip" = "ミラー表示";
> "HaW-c3-WBf.title" = "バージョン:";
> "MOb-4E-ACl.ibShadowedToolTip" = "分割表示";
> "Poe-8p-RRo.title" = "ハイライト範囲";
> "Qjb-vV-2dR.title" = "シャドウ範囲";
> "YTk-nu-Vfq.title" = "ハイライトの強度";
> "ZDW-ZO-SIO.title" = "シャドウ範囲";
> "brk-hW-dmd.title" = "シャドウ半径";
> "c0f-uO-u5d.title" = "デフォルト";
> "c8u-xD-yI7.title" = "シャドウの強度";
> "eDV-KN-qDW.ibShadowedToolTip" = "分割表示なし";
> "glC-bY-1ou.title" = "ハイライトの強度";
> "wLK-6x-e1t.title" = "ハイライト範囲";
> "zDk-TF-l1k.title" = "ハイライト半径";
