---
---
---
---
---
---
---
---
---
---
---
---
---
12c12
15c15
18c18
21c21
24c24
27c27
30c30
33c33
36c36
39c39
3c3
42c42
9c9
< "1.title" = "New Stack";
< "5cY-MO-oRN.title" = "Remove";
< "8.title" = "Cancel";
< "9UU-bz-y9v.title" = "Add";
< "Br9-je-FhX.headerCell.title" = "Plugin";
< "Mkv-6N-N7T.title" = "Automatically Align Images";
< "NfY-PH-eyP.ibShadowedToolTip" = "Unfinished feature / user interface.";
< "YEe-Ih-3DM.title" = "Images";
< "c5c-hJ-bWM.title" = "Live Alignment";
< "gj5-8y-Pgs.title" = "Scale, rotate and translate";
< "mWE-VA-Hcm.title" = "Text Cell";
< "uzZ-t0-VUg.title" = "Perspective";
< "x5P-Vs-wES.title" = "Table View Cell";
> "1.title" = "新規スタック";
> "5cY-MO-oRN.title" = "削除";
> "8.title" = "キャンセル";
> "9UU-bz-y9v.title" = "追加";
> "Br9-je-FhX.headerCell.title" = "プラグイン";
> "Mkv-6N-N7T.title" = "自動的に画像を並べる";
> "NfY-PH-eyP.ibShadowedToolTip" = "未完成の機能/ユーザーインターフェース。";
> "YEe-Ih-3DM.title" = "画像";
> "c5c-hJ-bWM.title" = "ライブ整列";
> "gj5-8y-Pgs.title" = "拡大/縮小、回転、変換";
> "mWE-VA-Hcm.title" = "テキストセル";
> "uzZ-t0-VUg.title" = "パースペクティブ";
> "x5P-Vs-wES.title" = "表ビューセル";
