3c3
< "1.title" = "Noise Reduction";
---
> "1.title" = "ノイズ軽減";
6c6
< "12.title" = "Luminance";
---
> "12.title" = "輝度";
9c9
< "JGm-9x-sQD.title" = "Cancel";
---
> "JGm-9x-sQD.title" = "キャンセル";
12c12
< "Nzp-ab-elg.ibShadowedToolTip" = "Split view";
---
> "Nzp-ab-elg.ibShadowedToolTip" = "分割表示";
15c15
< "Oly-Im-3wo.ibShadowedToolTip" = "Mirror view";
---
> "Oly-Im-3wo.ibShadowedToolTip" = "ミラー表示";
18c18
< "VpN-qL-l5S.title" = "Luminance Contribution";
---
> "VpN-qL-l5S.title" = "輝度のレベル";
21c21
< "aUH-OT-Vru.title" = "Colors";
---
> "aUH-OT-Vru.title" = "カラー";
24c24
< "i7n-BM-gXj.title" = "Apply";
---
> "i7n-BM-gXj.title" = "適用";
27c27
< "kqf-Zl-6d1.ibShadowedToolTip" = "No split view";
---
> "kqf-Zl-6d1.ibShadowedToolTip" = "分割表示なし";
30c30
< "mLq-P1-cxE.title" = "Colors Contribution";
---
> "mLq-P1-cxE.title" = "カラーのレベル";
33c33
< "syL-Kw-aDD.title" = "Luminance Detail";
---
> "syL-Kw-aDD.title" = "輝度のディテール";
