---
---
---
---
---
14,15c14,15
26,27c26,27
29,30c29,30
32,33c32,33
5,6c5,6
< "26.title" = "Apply";
< "418.title" = "Cancel";
< "R87-r6-pQY.ibShadowedToolTip" = "Mirror view";
< "RNE-OG-Pq7.ibShadowedToolTip" = "No split view";
< "eCF-dy-E2P.ibShadowedToolTip" = "Split view";
< /* Class = "NSButton"; ibShadowedToolTip = "Mirror view"; ObjectID = "R87-r6-pQY"; */
< /* Class = "NSButton"; ibShadowedToolTip = "No split view"; ObjectID = "RNE-OG-Pq7"; */
< /* Class = "NSButton"; ibShadowedToolTip = "Split view"; ObjectID = "eCF-dy-E2P"; */
< /* Class = "NSButtonCell"; title = "Apply"; ObjectID = "26"; */
< /* Class = "NSButtonCell"; title = "Cancel"; ObjectID = "418"; */
> "26.title" = "적용";
> "418.title" = "취소";
> "R87-r6-pQY.ibShadowedToolTip" = "거울 보기";
> "RNE-OG-Pq7.ibShadowedToolTip" = "분할 보기 해제";
> "eCF-dy-E2P.ibShadowedToolTip" = "분할 보기";
> /* Class = "NSButton"; ibShadowedToolTip = "분할 보기 해제"; ObjectID = "RNE-OG-Pq7"; */
> /* Class = "NSButton"; ibShadowedToolTip = "거울 보기"; ObjectID = "R87-r6-pQY"; */
> /* Class = "NSButton"; ibShadowedToolTip = "분할 보기"; ObjectID = "eCF-dy-E2P"; */
> /* Class = "NSButtonCell"; title = "적용"; ObjectID = "26"; */
> /* Class = "NSButtonCell"; title = "취소"; ObjectID = "418"; */
