3c3
< "1.title" = "Add Noise";
---
> "1.title" = "ノイズを追加";
6c6
< "26.title" = "Apply";
---
> "26.title" = "適用";
9c9
< "88.title" = "Intensity";
---
> "88.title" = "強度";
12c12
< "411.title" = "Monochromatic";
---
> "411.title" = "モノクロ";
15c15
< "418.title" = "Cancel";
---
> "418.title" = "キャンセル";
21c21
< "429.title" = "Gaussian";
---
> "429.title" = "ガウス";
24c24
< "430.title" = "Uniform";
---
> "430.title" = "均一";
27c27
< "R87-r6-pQY.ibShadowedToolTip" = "Mirror view";
---
> "R87-r6-pQY.ibShadowedToolTip" = "ミラー表示";
30c30
< "RNE-OG-Pq7.ibShadowedToolTip" = "No split view";
---
> "RNE-OG-Pq7.ibShadowedToolTip" = "分割表示なし";
33c33
< "eCF-dy-E2P.ibShadowedToolTip" = "Split view";
---
> "eCF-dy-E2P.ibShadowedToolTip" = "分割表示";
