2,12c2,6
< 12c12
< 15c15
< 21c21
< 24c24
< 27c27
< 30c30
< 33c33
< 3c3
< 6c6
< 9c9
< < "1.title" = "Add Noise";
---
> 14,15c14,15
> 26,27c26,27
> 29,30c29,30
> 32,33c32,33
> 5,6c5,6
14d7
< < "411.title" = "Monochromatic";
16,18d8
< < "429.title" = "Gaussian";
< < "430.title" = "Uniform";
< < "88.title" = "Intensity";
22,31c12,26
< > "1.title" = "ノイズを追加";
< > "26.title" = "適用";
< > "411.title" = "モノクロ";
< > "418.title" = "キャンセル";
< > "429.title" = "ガウス";
< > "430.title" = "均一";
< > "88.title" = "強度";
< > "R87-r6-pQY.ibShadowedToolTip" = "ミラー表示";
< > "RNE-OG-Pq7.ibShadowedToolTip" = "分割表示なし";
< > "eCF-dy-E2P.ibShadowedToolTip" = "分割表示";
---
> > "26.title" = "적용";
> > "418.title" = "취소";
> > "R87-r6-pQY.ibShadowedToolTip" = "거울 보기";
> > "RNE-OG-Pq7.ibShadowedToolTip" = "분할 보기 해제";
> > "eCF-dy-E2P.ibShadowedToolTip" = "분할 보기";
