3c3
< "1.title" = "Typography";
---
> "1.title" = "タイポグラフィ";
6c6
< "92D-7R-euM.title" = "Ligatures";
---
> "92D-7R-euM.title" = "合字";
9c9
< "BsD-Tb-d4Z.title" = "Stylistic Alternates";
---
> "BsD-Tb-d4Z.title" = "スタイル代替";
15c15
< "HCq-bX-fps.title" = "Hide irrelevant features";
---
> "HCq-bX-fps.title" = "関連のない機能を非表示にする";
18c18
< "Jvp-0X-oVh.title" = "Close";
---
> "Jvp-0X-oVh.title" = "閉じる";
21c21
< "OJ2-YF-Uqy.title" = "Capitals";
---
> "OJ2-YF-Uqy.title" = "大文字";
24c24
< "U7z-fB-Pk0.title" = "Figure Width";
---
> "U7z-fB-Pk0.title" = "数字の幅";
27c27
< "ZJn-Vp-vmd.title" = "Figure Style";
---
> "ZJn-Vp-vmd.title" = "数字のスタイル";
30c30
< "csp-h0-g3D.title" = "Ornaments";
---
> "csp-h0-g3D.title" = "飾り文字";
33c33
< "dGP-2b-0GY.ibShadowedToolTip" = "Show features even if not available for current selection";
---
> "dGP-2b-0GY.ibShadowedToolTip" = "現在の選択範囲で使用できない機能も表示します";
36c36
< "e10-up-4pv.title" = "Annotation Forms";
---
> "e10-up-4pv.title" = "注釈用字形";
39c39
< "ef0-Uv-Odn.title" = "Character Variants";
---
> "ef0-Uv-Odn.title" = "異体字";
42c42
< "gmo-43-6cu.title" = "All Alternates";
---
> "gmo-43-6cu.title" = "すべての代替文字";
45c45
< "jzH-wd-x7n.title" = "Alternates";
---
> "jzH-wd-x7n.title" = "代替文字";
48c48
< "leM-du-cwd.title" = "Word Position Forms";
---
> "leM-du-cwd.title" = "単語位置字形";
54c54
< "q6U-UY-XYE.title" = "Stylistic Sets";
---
> "q6U-UY-XYE.title" = "スタイルセット";
57c57
< "wat-hL-VWx.title" = "Swash";
---
> "wat-hL-VWx.title" = "スワッシュ字形";
60c60
< "zA4-x6-4Rn.title" = "Figure Position";
---
> "zA4-x6-4Rn.title" = "数字の位置";
