6c6
< "1RY-32-P2h.title" = "Password:";
---
> "1RY-32-P2h.title" = "パスワード:";
9c9
< "7CG-rP-XFM.title" = "Invalid credentials";
---
> "7CG-rP-XFM.title" = "無効な資格情報";
12c12
< "ATG-zl-Z95.title" = "to check for updated images.";
---
> "ATG-zl-Z95.title" = "更新済みの画像をチェックします。";
15c15
< "F0z-JX-Cv5.title" = "OpenAsset Login";
---
> "F0z-JX-Cv5.title" = "OpenAssetのログイン";
21c21
< "LLa-yH-odU.title" = "Cancel";
---
> "LLa-yH-odU.title" = "キャンセル";
24c24
< "ZXw-H9-4dt.title" = "Please enter your OpenAsset credentials for:";
---
> "ZXw-H9-4dt.title" = "次のためにOpenAssetの資格情報を入力してください。";
27c27
< "bKy-nd-v1t.title" = "User name:";
---
> "bKy-nd-v1t.title" = "ユーザー名:";
