3c3
< "1.title" = "Outline Selection";
---
> "1.title" = "アウトライン選択";
6c6
< "26.title" = "Apply";
---
> "26.title" = "適用";
9c9
< "49.title" = "Radius";
---
> "49.title" = "半径";
12c12
< "374.title" = "Cancel";
---
> "374.title" = "キャンセル";
15c15
< "414.title" = "Circular";
---
> "414.title" = "循環";
21c21
< "422.title" = "Inside";
---
> "422.title" = "内側";
24c24
< "423.title" = "Center";
---
> "423.title" = "中央";
27c27
< "424.title" = "Outside";
---
> "424.title" = "外側";
30c30
< "425.title" = "Alignment:";
---
> "425.title" = "行揃え:";
