---
---
---
---
---
---
---
11,12c11,12
20,21c20,21
23c23
26,27c26,27
29,30c29,30
5,6c5,6
8,9c8,9
< "26.title" = "Apply";
< "374.title" = "Cancel";
< "422.title" = "Inside";
< "424.title" = "Outside";
< "425.title" = "Alignment:";
< "49.title" = "Radius";
< /* Class = "NSButtonCell"; title = "Apply"; ObjectID = "26"; */
< /* Class = "NSButtonCell"; title = "Cancel"; ObjectID = "374"; */
< /* Class = "NSMenuItem"; title = "Centre"; ObjectID = "423"; */
< /* Class = "NSMenuItem"; title = "Inside"; ObjectID = "422"; */
< /* Class = "NSMenuItem"; title = "Outside"; ObjectID = "424"; */
< /* Class = "NSTextFieldCell"; title = "Alignment:"; ObjectID = "425"; */
< /* Class = "NSTextFieldCell"; title = "Radius"; ObjectID = "49"; */
> "26.title" = "적용";
> "374.title" = "취소";
> "422.title" = "안으로";
> "424.title" = "바깥";
> "425.title" = "정렬:";
> "49.title" = "반지름";
> /* Class = "NSButtonCell"; title = "적용"; ObjectID = "26"; */
> /* Class = "NSButtonCell"; title = "취소"; ObjectID = "374"; */
> /* Class = "NSMenuItem"; title = "바깥"; ObjectID = "424"; */
> /* Class = "NSMenuItem"; title = "안으로"; ObjectID = "422"; */
> /* Class = "NSMenuItem"; title = "가운데"; ObjectID = "423"; */
> /* Class = "NSTextFieldCell"; title = "정렬:"; ObjectID = "425"; */
> /* Class = "NSTextFieldCell"; title = "반지름"; ObjectID = "49"; */
