3c3
< "846-uk-IRg.title" = "Images";
---
> "846-uk-IRg.title" = "画像";
6c6
< "AOh-da-eaH.headerCell.title" = "Name";
---
> "AOh-da-eaH.headerCell.title" = "名前";
9c9
< "GAa-5u-DXs.title" = "Missing:";
---
> "GAa-5u-DXs.title" = "欠落:";
12c12
< "Gf8-79-sZC.title" = "Total:";
---
> "Gf8-79-sZC.title" = "合計:";
18c18
< "HaS-G2-YuA.label" = "Fonts";
---
> "HaS-G2-YuA.label" = "フォント";
21c21
< "Hiv-5K-1jP.headerCell.title" = "Name";
---
> "Hiv-5K-1jP.headerCell.title" = "名前";
24c24
< "I7p-NN-E5F.headerCell.title" = "Status";
---
> "I7p-NN-E5F.headerCell.title" = "ステータス";
27c27
< "Icr-iY-dvs.title" = "Cancel";
---
> "Icr-iY-dvs.title" = "キャンセル";
30c30
< "Jaw-w9-ooy.headerCell.title" = "Install";
---
> "Jaw-w9-ooy.headerCell.title" = "インストール";
33c33
< "KPZ-An-Nk7.label" = "Summary";
---
> "KPZ-An-Nk7.label" = "概要";
36c36
< "MMt-mV-dda.headerCell.title" = "Status";
---
> "MMt-mV-dda.headerCell.title" = "ステータス";
39c39
< "Mc5-JY-Nex.title" = "Text Cell";
---
> "Mc5-JY-Nex.title" = "テキストセル";
42c42
< "OZ0-oh-ucR.headerCell.title" = "Package";
---
> "OZ0-oh-ucR.headerCell.title" = "パッケージ";
45c45
< "Pms-DO-0yR.title" = "Document";
---
> "Pms-DO-0yR.title" = "ドキュメント";
48c48
< "Pts-3U-Oyn.title" = "Total:";
---
> "Pts-3U-Oyn.title" = "合計:";
51c51
< "QvC-M9-y7g.title" = "Package Document";
---
> "QvC-M9-y7g.title" = "パッケージドキュメント";
54c54
< "RWs-ME-1Lx.title" = "Restricted:";
---
> "RWs-ME-1Lx.title" = "制限付き:";
57c57
< "Xn4-wg-CBC.title" = "Options";
---
> "Xn4-wg-CBC.title" = "オプション";
60c60
< "a1D-0P-pXC.title" = "Text Cell";
---
> "a1D-0P-pXC.title" = "テキストセル";
63c63
< "a5G-O4-ur2.title" = "Include Fonts";
---
> "a5G-O4-ur2.title" = "フォントを含める";
66c66
< "b1B-CT-cLW.title" = "Linked:";
---
> "b1B-CT-cLW.title" = "リンク済み:";
69c69
< "bd0-M3-tYH.title" = "Scope";
---
> "bd0-M3-tYH.title" = "スコープ";
72c72
< "dPK-FW-Ho9.title" = "Text Cell";
---
> "dPK-FW-Ho9.title" = "テキストセル";
75c75
< "eeb-Oj-ztD.title" = "Fonts";
---
> "eeb-Oj-ztD.title" = "フォント";
78c78
< "g2C-PJ-KB3.headerCell.title" = "Package";
---
> "g2C-PJ-KB3.headerCell.title" = "パッケージ";
81c81
< "iDp-YK-75j.title" = "Text Cell";
---
> "iDp-YK-75j.title" = "テキストセル";
84c84
< "igB-5c-S2W.title" = "Include Images";
---
> "igB-5c-S2W.title" = "画像を含める";
87c87
< "kdV-la-FIW.title" = "Missing:";
---
> "kdV-la-FIW.title" = "欠落:";
90c90
< "nV3-5e-cVR.title" = "Package Document";
---
> "nV3-5e-cVR.title" = "パッケージドキュメント";
93c93
< "oO0-3I-JRD.title" = "Text Cell";
---
> "oO0-3I-JRD.title" = "テキストセル";
96c96
< "pRY-Vq-n1y.title" = "Modified:";
---
> "pRY-Vq-n1y.title" = "変更済み:";
99c99
< "pel-ci-JOD.title" = "Text Cell";
---
> "pel-ci-JOD.title" = "テキストセル";
102c102
< "qkB-24-xOI.title" = "Fonts";
---
> "qkB-24-xOI.title" = "フォント";
105c105
< "qob-O9-YFP.label" = "Images";
---
> "qob-O9-YFP.label" = "画像";
108c108
< "rZk-j6-CuL.title" = "Text Cell";
---
> "rZk-j6-CuL.title" = "テキストセル";
111c111
< "sdF-kj-0Qy.title" = "Table View Cell";
---
> "sdF-kj-0Qy.title" = "表ビューセル";
114c114
< "taq-8K-lF2.title" = "Images";
---
> "taq-8K-lF2.title" = "画像";
117c117
< "u8U-eg-x6L.title" = "Text Cell";
---
> "u8U-eg-x6L.title" = "テキストセル";
120c120
< "v78-bM-Zci.title" = "Summary";
---
> "v78-bM-Zci.title" = "概要";
123c123
< "xoh-mo-WUh.title" = "Modified:";
---
> "xoh-mo-WUh.title" = "変更済み:";
