2,41c2,19
< 102c102
< 105c105
< 108c108
< 111c111
< 114c114
< 117c117
< 120c120
< 123c123
< 12c12
< 18c18
< 21c21
< 24c24
< 27c27
< 30c30
< 33c33
< 36c36
< 39c39
< 3c3
< 42c42
< 45c45
< 48c48
< 51c51
< 54c54
< 57c57
< 60c60
< 63c63
< 66c66
< 69c69
< 6c6
< 72c72
< 75c75
< 78c78
< 81c81
< 84c84
< 87c87
< 90c90
< 93c93
< 96c96
< 99c99
< 9c9
---
> 104,105c104,105
> 107,108c107,108
> 113,114c113,114
> 116,117c116,117
> 119,120c119,120
> 2,3c2,3
> 20,21c20,21
> 26,27c26,27
> 32,33c32,33
> 38,39c38,39
> 44,45c44,45
> 5,6c5,6
> 56,57c56,57
> 59,60c59,60
> 71,72c71,72
> 80,81c80,81
> 92,93c92,93
> 98,99c98,99
44,46d21
< < "GAa-5u-DXs.title" = "Missing:";
< < "Gf8-79-sZC.title" = "Total:";
< < "HaS-G2-YuA.label" = "Fonts";
48d22
< < "I7p-NN-E5F.headerCell.title" = "Status";
50d23
< < "Jaw-w9-ooy.headerCell.title" = "Install";
52d24
< < "MMt-mV-dda.headerCell.title" = "Status";
54d25
< < "OZ0-oh-ucR.headerCell.title" = "Package";
56,58d26
< < "Pts-3U-Oyn.title" = "Total:";
< < "QvC-M9-y7g.title" = "Package Document";
< < "RWs-ME-1Lx.title" = "Restricted:";
61,63d28
< < "a5G-O4-ur2.title" = "Include Fonts";
< < "b1B-CT-cLW.title" = "Linked:";
< < "bd0-M3-tYH.title" = "Scope";
65,66d29
< < "eeb-Oj-ztD.title" = "Fonts";
< < "g2C-PJ-KB3.headerCell.title" = "Package";
68,70d30
< < "igB-5c-S2W.title" = "Include Images";
< < "kdV-la-FIW.title" = "Missing:";
< < "nV3-5e-cVR.title" = "Package Document";
72d31
< < "pRY-Vq-n1y.title" = "Modified:";
74d32
< < "qkB-24-xOI.title" = "Fonts";
77d34
< < "sdF-kj-0Qy.title" = "Table View Cell";
81,121c38,91
< < "xoh-mo-WUh.title" = "Modified:";
< > "846-uk-IRg.title" = "画像";
< > "AOh-da-eaH.headerCell.title" = "名前";
< > "GAa-5u-DXs.title" = "欠落:";
< > "Gf8-79-sZC.title" = "合計:";
< > "HaS-G2-YuA.label" = "フォント";
< > "Hiv-5K-1jP.headerCell.title" = "名前";
< > "I7p-NN-E5F.headerCell.title" = "ステータス";
< > "Icr-iY-dvs.title" = "キャンセル";
< > "Jaw-w9-ooy.headerCell.title" = "インストール";
< > "KPZ-An-Nk7.label" = "概要";
< > "MMt-mV-dda.headerCell.title" = "ステータス";
< > "Mc5-JY-Nex.title" = "テキストセル";
< > "OZ0-oh-ucR.headerCell.title" = "パッケージ";
< > "Pms-DO-0yR.title" = "ドキュメント";
< > "Pts-3U-Oyn.title" = "合計:";
< > "QvC-M9-y7g.title" = "パッケージドキュメント";
< > "RWs-ME-1Lx.title" = "制限付き:";
< > "Xn4-wg-CBC.title" = "オプション";
< > "a1D-0P-pXC.title" = "テキストセル";
< > "a5G-O4-ur2.title" = "フォントを含める";
< > "b1B-CT-cLW.title" = "リンク済み:";
< > "bd0-M3-tYH.title" = "スコープ";
< > "dPK-FW-Ho9.title" = "テキストセル";
< > "eeb-Oj-ztD.title" = "フォント";
< > "g2C-PJ-KB3.headerCell.title" = "パッケージ";
< > "iDp-YK-75j.title" = "テキストセル";
< > "igB-5c-S2W.title" = "画像を含める";
< > "kdV-la-FIW.title" = "欠落:";
< > "nV3-5e-cVR.title" = "パッケージドキュメント";
< > "oO0-3I-JRD.title" = "テキストセル";
< > "pRY-Vq-n1y.title" = "変更済み:";
< > "pel-ci-JOD.title" = "テキストセル";
< > "qkB-24-xOI.title" = "フォント";
< > "qob-O9-YFP.label" = "画像";
< > "rZk-j6-CuL.title" = "テキストセル";
< > "sdF-kj-0Qy.title" = "表ビューセル";
< > "taq-8K-lF2.title" = "画像";
< > "u8U-eg-x6L.title" = "テキストセル";
< > "v78-bM-Zci.title" = "概要";
< > "xoh-mo-WUh.title" = "変更済み:";
---
> > "846-uk-IRg.title" = "이미지";
> > "AOh-da-eaH.headerCell.title" = "이름";
> > "Hiv-5K-1jP.headerCell.title" = "이름";
> > "Icr-iY-dvs.title" = "취소";
> > "KPZ-An-Nk7.label" = "요약";
> > "Mc5-JY-Nex.title" = "텍스트 셀";
> > "Pms-DO-0yR.title" = "문서";
> > "Xn4-wg-CBC.title" = "설정";
> > "a1D-0P-pXC.title" = "텍스트 셀";
> > "dPK-FW-Ho9.title" = "텍스트 셀";
> > "iDp-YK-75j.title" = "텍스트 셀";
> > "oO0-3I-JRD.title" = "텍스트 셀";
> > "pel-ci-JOD.title" = "텍스트 셀";
> > "qob-O9-YFP.label" = "이미지";
> > "rZk-j6-CuL.title" = "텍스트 셀";
> > "taq-8K-lF2.title" = "이미지";
> > "u8U-eg-x6L.title" = "텍스트 셀";
> > "v78-bM-Zci.title" = "요약";
