2,29c2,19
< 102c102
< 105c105
< 111c111
< 114c114
< 120c120
< 126c126
< 129c129
< 12c12
< 132c132
< 135c135
< 141c141
< 144c144
< 150c150
< 156c156
< 159c159
< 162c162
< 165c165
< 168c168
< 174c174
< 177c177
< 180c180
< 183c183
< 186c186
< 189c189
< 192c192
< 195c195
< 198c198
< 201c201
---
> 101,102c101,102
> 104,105c104,105
> 11,12c11,12
> 110,111c110,111
> 122,123c122,123
> 128,129c128,129
> 131,132c131,132
> 134,135c134,135
> 143,144c143,144
> 149,150c149,150
> 152,153c152,153
> 155,156c155,156
> 164,165c164,165
> 173,174c173,174
> 176,177c176,177
> 182,183c182,183
> 185,186c185,186
> 188,189c188,189
31,40c21,24
< 207c207
< 213c213
< 21c21
< 243c243
< 246c246
< 24c24
< 252c252
< 258c258
< 261c261
< 267c267
---
> 23,24c23,24
> 242,243c242,243
> 251,252c251,252
> 260,261c260,261
42,43c26
< 279c279
< 282c282
---
> 278,279c278,279
45,53c28,35
< 291c291
< 30c30
< 3c3
< 45c45
< 51c51
< 54c54
< 57c57
< 60c60
< 63c63
---
> 29,30c29,30
> 290,291c290,291
> 44,45c44,45
> 50,51c50,51
> 53,54c53,54
> 56,57c56,57
> 59,60c59,60
> 62,63c62,63
55,57c37,38
< 78c78
< 81c81
< 90c90
---
> 8,9c8,9
> 89,90c89,90
59,61d39
< 99c99
< 9c9
< < "1.title" = "Page Setup";
64,65d41
< < "118.title" = "Gray/8";
< < "119.title" = "Gray/16";
68d43
< < "15.title" = "Letter";
70d44
< < "1PY-kc-pGb.ibShadowedToolTip" = "Link Margins";
76d49
< < "68o-3j-0m1.ibShadowedToolTip" = "Set the column guide color";
83,84c56
< < "9JQ-9C-Xdj.title" = "Prefer Linked";
< < "Abw-Ln-zrq.title" = "Image Placement Policy:";
---
> < "9qg-RM-IC0.title" = "Button";
88d59
< < "Df6-pz-aa6.title" = "Readout Units:";
90a62
> < "GpO-9M-t4o.title" = "Web";
92,93d63
< < "HWi-4u-hL4.title" = "Bicubic";
< < "Jlc-Pq-Tgn.title" = "Lanczos 3 (separable)";
95d64
< < "KsL-R5-Osi.title" = "Use Drawing Scale";
98d66
< < "Ss8-gK-20Z.title" = "Box";
102,105d69
< < "YG1-c3-jvt.title" = "Print (Press-Ready)";
< < "Zrz-cc-Vz3.title" = "Resample:";
< < "bFa-Qu-Q9m.title" = "Objects will:";
< < "cBw-wq-VZx.title" = "Lanczos 3 (non-separable)";
107,108d70
< < "cbk-nA-KYW.ibShadowedToolTip" = "Set the column guide color";
< < "dLw-kw-O62.title" = "iPhone, iPad Mini (Retina)";
110d71
< < "hbS-sF-Snn.title" = "Nearest Neighbor";
112d72
< < "kfu-AN-DPj.title" = "Bilinear";
114d73
< < "obs-NR-jZ3.title" = "Prefer Embedded";
117d75
< < "wth-JE-2vf.title" = "Anchor:";
120,178c78,181
< > "1.title" = "ページ設定";
< > "10.title" = "ページプリセット:";
< > "114.title" = "カラーフォーマット:";
< > "118.title" = "グレー/8";
< > "119.title" = "グレー/16";
< > "125.title" = "縦向き";
< > "132.title" = "カラープロファイル:";
< > "15.title" = "レター";
< > "16.title" = "カスタム";
< > "1PY-kc-pGb.ibShadowedToolTip" = "リンクマージン";
< > "42.title" = "ドキュメント単位:";
< > "4Bl-he-xvv.title" = "左:";
< > "4d9-s8-ScN.title" = "ボタン";
< > "51.title" = "寸法:";
< > "5qA-xC-9IR.title" = "写真";
< > "68o-3j-0m1.ibShadowedToolTip" = "カラムガイドのカラーを設定";
< > "69.title" = "左:";
< > "73.title" = "右:";
< > "77.title" = "上:";
< > "8.title" = "キャンセル";
< > "81.title" = "下:";
< > "92.title" = "透明な背景";
< > "9JQ-9C-Xdj.title" = "リンクを優先";
< > "Abw-Ln-zrq.title" = "画像配置ポリシー:";
< > "B9N-No-2bz.label" = "スケール";
< > "C3w-2r-FCi.title" = "プリセット名の変更";
< > "CYV-5X-Tdp.title" = "プリント";
< > "Df6-pz-aa6.title" = "読み出し単位:";
< > "EnI-ho-gUd.title" = "右:";
< > "Ghj-dx-LnV.label" = "寸法";
< > "H5B-nF-4jF.title" = "下:";
< > "HWi-4u-hL4.title" = "バイキュービック";
< > "Jlc-Pq-Tgn.title" = "Lanczos 3(分離可能)";
< > "KcR-a6-kKj.title" = "タイプ:";
< > "KsL-R5-Osi.title" = "描画スケールを使用";
< > "Pf2-If-V4D.title" = "上:";
< > "Sb5-Zu-82J.title" = "スケール:";
< > "Ss8-gK-20Z.title" = "ボックス";
< > "TlU-GC-92M.title" = "プリセットを削除";
< > "UZD-Md-fiG.title" = "デフォルト";
< > "XGP-Oa-0fu.title" = "実寸表示:";
< > "YG1-c3-jvt.title" = "プリント(プレス品質)";
< > "Zrz-cc-Vz3.title" = "リサンプル:";
< > "bFa-Qu-Q9m.title" = "オブジェクトの動作:";
< > "cBw-wq-VZx.title" = "Lanczos 3(分離不可)";
< > "cUl-Jc-GKY.title" = "カラー:";
< > "cbk-nA-KYW.ibShadowedToolTip" = "カラムガイドのカラーを設定";
< > "dLw-kw-O62.title" = "iPhone、iPad mini (Retina)";
< > "gnQ-B6-v6x.title" = "マージンを含める";
< > "hbS-sF-Snn.title" = "ニアレストネイバー";
< > "it9-Vg-M8t.title" = "デバイス";
< > "kfu-AN-DPj.title" = "バイリニア";
< > "mCA-73-AOE.title" = "プリセットを作成";
< > "obs-NR-jZ3.title" = "埋め込みを優先";
< > "qzr-l9-2hM.label" = "カラー";
< > "vYO-0r-hjO.label" = "裁ち落とし";
< > "wth-JE-2vf.title" = "アンカー:";
< > "xLr-g3-k5c.title" = "カラー:";
< > "zu3-Tb-pPh.label" = "マージン";
---
> < /* Class = "NSButtonCell"; title = "Button"; ObjectID = "4d9-s8-ScN"; */
> < /* Class = "NSButtonCell"; title = "Button"; ObjectID = "9qg-RM-IC0"; */
> < /* Class = "NSButtonCell"; title = "Cancel"; ObjectID = "8"; */
> < /* Class = "NSButtonCell"; title = "Include Margins"; ObjectID = "gnQ-B6-v6x"; */
> < /* Class = "NSButtonCell"; title = "Portrait"; ObjectID = "125"; */
> < /* Class = "NSButtonCell"; title = "Transparent background"; ObjectID = "92"; */
> < /* Class = "NSMenuItem"; title = "Create preset"; ObjectID = "mCA-73-AOE"; */
> < /* Class = "NSMenuItem"; title = "Custom"; ObjectID = "16"; */
> < /* Class = "NSMenuItem"; title = "Default"; ObjectID = "UZD-Md-fiG"; */
> < /* Class = "NSMenuItem"; title = "Delete preset"; ObjectID = "TlU-GC-92M"; */
> < /* Class = "NSMenuItem"; title = "Devices"; ObjectID = "it9-Vg-M8t"; */
> < /* Class = "NSMenuItem"; title = "Photo"; ObjectID = "5qA-xC-9IR"; */
> < /* Class = "NSMenuItem"; title = "Print"; ObjectID = "CYV-5X-Tdp"; */
> < /* Class = "NSMenuItem"; title = "Rename preset"; ObjectID = "C3w-2r-FCi"; */
> < /* Class = "NSMenuItem"; title = "Web"; ObjectID = "GpO-9M-t4o"; */
> < /* Class = "NSTabViewItem"; label = "Bleed"; ObjectID = "vYO-0r-hjO"; */
> < /* Class = "NSTabViewItem"; label = "Dimensions"; ObjectID = "Ghj-dx-LnV"; */
> < /* Class = "NSTabViewItem"; label = "Margins"; ObjectID = "zu3-Tb-pPh"; */
> < /* Class = "NSTabViewItem"; label = "Scale"; ObjectID = "B9N-No-2bz"; */
> < /* Class = "NSTextFieldCell"; title = "'Actual Size' Zoom:"; ObjectID = "XGP-Oa-0fu"; */
> < /* Class = "NSTextFieldCell"; title = "Bottom:"; ObjectID = "81"; */
> < /* Class = "NSTextFieldCell"; title = "Bottom:"; ObjectID = "H5B-nF-4jF"; */
> < /* Class = "NSTextFieldCell"; title = "Dimensions:"; ObjectID = "51"; */
> < /* Class = "NSTextFieldCell"; title = "Document Units:"; ObjectID = "42"; */
> < /* Class = "NSTextFieldCell"; title = "Left:"; ObjectID = "4Bl-he-xvv"; */
> < /* Class = "NSTextFieldCell"; title = "Left:"; ObjectID = "69"; */
> < /* Class = "NSTextFieldCell"; title = "Page Preset:"; ObjectID = "10"; */
> < /* Class = "NSTextFieldCell"; title = "Right:"; ObjectID = "73"; */
> < /* Class = "NSTextFieldCell"; title = "Right:"; ObjectID = "EnI-ho-gUd"; */
> < /* Class = "NSTextFieldCell"; title = "Scale:"; ObjectID = "Sb5-Zu-82J"; */
> < /* Class = "NSTextFieldCell"; title = "Top:"; ObjectID = "77"; */
> < /* Class = "NSTextFieldCell"; title = "Top:"; ObjectID = "Pf2-If-V4D"; */
> < /* Class = "NSTextFieldCell"; title = "Type:"; ObjectID = "KcR-a6-kKj"; */
> > "10.title" = "페이지 미리 설정:";
> > "114.title" = "색상 포맷";
> > "125.title" = "세로 방향";
> > "132.title" = "색상 프로파일:";
> > "16.title" = "사용자화";
> > "42.title" = "문서 단위:";
> > "4Bl-he-xvv.title" = "왼쪽:";
> > "4d9-s8-ScN.title" = "버튼";
> > "51.title" = "치수:";
> > "5qA-xC-9IR.title" = "사진";
> > "69.title" = "왼쪽:";
> > "73.title" = "오른쪽:";
> > "77.title" = "위쪽:";
> > "8.title" = "취소";
> > "81.title" = "아래쪽";
> > "92.title" = "투명한 배경";
> > "9qg-RM-IC0.title" = "버튼";
> > "B9N-No-2bz.label" = "배율";
> > "C3w-2r-FCi.title" = "미리 설정 이름 변경";
> > "CYV-5X-Tdp.title" = "인쇄";
> > "EnI-ho-gUd.title" = "오른쪽:";
> > "Ghj-dx-LnV.label" = "치수";
> > "GpO-9M-t4o.title" = "웹";
> > "H5B-nF-4jF.title" = "아래쪽";
> > "KcR-a6-kKj.title" = "종류:";
> > "Pf2-If-V4D.title" = "위쪽:";
> > "Sb5-Zu-82J.title" = "배율:";
> > "TlU-GC-92M.title" = "미리 설정 지우기";
> > "UZD-Md-fiG.title" = "기본값";
> > "XGP-Oa-0fu.title" = "'실제 크기' 맞추기:";
> > "cUl-Jc-GKY.title" = "색상:";
> > "gnQ-B6-v6x.title" = "여백 포함";
> > "it9-Vg-M8t.title" = "기기";
> > "mCA-73-AOE.title" = "미리 설정 생성";
> > "qzr-l9-2hM.label" = "색상";
> > "vYO-0r-hjO.label" = "도련";
> > "xLr-g3-k5c.title" = "색상:";
> > "zu3-Tb-pPh.label" = "여백";
> > /* Class = "NSButtonCell"; title = "세로 방향"; ObjectID = "125"; */
> > /* Class = "NSButtonCell"; title = "여백 포함"; ObjectID = "gnQ-B6-v6x"; */
> > /* Class = "NSButtonCell"; title = "버튼"; ObjectID = "4d9-s8-ScN"; */
> > /* Class = "NSButtonCell"; title = "취소"; ObjectID = "8"; */
> > /* Class = "NSButtonCell"; title = "버튼"; ObjectID = "9qg-RM-IC0"; */
> > /* Class = "NSButtonCell"; title = "투명한 배경"; ObjectID = "92"; */
> > /* Class = "NSMenuItem"; title = "웹"; ObjectID = "GpO-9M-t4o"; */
> > /* Class = "NSMenuItem"; title = "미리 설정 이름 변경"; ObjectID = "C3w-2r-FCi"; */
> > /* Class = "NSMenuItem"; title = "미리 설정 생성"; ObjectID = "mCA-73-AOE"; */
> > /* Class = "NSMenuItem"; title = "미리 설정 지우기"; ObjectID = "TlU-GC-92M"; */
> > /* Class = "NSMenuItem"; title = "사진"; ObjectID = "5qA-xC-9IR"; */
> > /* Class = "NSMenuItem"; title = "인쇄"; ObjectID = "CYV-5X-Tdp"; */
> > /* Class = "NSMenuItem"; title = "기기"; ObjectID = "it9-Vg-M8t"; */
> > /* Class = "NSMenuItem"; title = "기본값"; ObjectID = "UZD-Md-fiG"; */
> > /* Class = "NSMenuItem"; title = "사용자화"; ObjectID = "16"; */
> > /* Class = "NSTabViewItem"; label = "배율"; ObjectID = "B9N-No-2bz"; */
> > /* Class = "NSTabViewItem"; label = "치수"; ObjectID = "Ghj-dx-LnV"; */
> > /* Class = "NSTabViewItem"; label = "도련"; ObjectID = "vYO-0r-hjO"; */
> > /* Class = "NSTabViewItem"; label = "여백"; ObjectID = "zu3-Tb-pPh"; */
> > /* Class = "NSTextFieldCell"; title = "'실제 크기' 맞추기:"; ObjectID = "XGP-Oa-0fu"; */
> > /* Class = "NSTextFieldCell"; title = "문서 단위:"; ObjectID = "42"; */
> > /* Class = "NSTextFieldCell"; title = "왼쪽:"; ObjectID = "4Bl-he-xvv"; */
> > /* Class = "NSTextFieldCell"; title = "치수:"; ObjectID = "51"; */
> > /* Class = "NSTextFieldCell"; title = "왼쪽:"; ObjectID = "69"; */
> > /* Class = "NSTextFieldCell"; title = "위쪽:"; ObjectID = "77"; */
> > /* Class = "NSTextFieldCell"; title = "종류:"; ObjectID = "KcR-a6-kKj"; */
> > /* Class = "NSTextFieldCell"; title = "위쪽:"; ObjectID = "Pf2-If-V4D"; */
> > /* Class = "NSTextFieldCell"; title = "배율:"; ObjectID = "Sb5-Zu-82J"; */
> > /* Class = "NSTextFieldCell"; title = "페이지 미리 설정:"; ObjectID = "10"; */
> > /* Class = "NSTextFieldCell"; title = "아래쪽"; ObjectID = "81"; */
> > /* Class = "NSTextFieldCell"; title = "아래쪽"; ObjectID = "H5B-nF-4jF"; */
> > /* Class = "NSTextFieldCell"; title = "오른쪽:"; ObjectID = "73"; */
> > /* Class = "NSTextFieldCell"; title = "오른쪽:"; ObjectID = "EnI-ho-gUd"; */
