1,19d0
< ---
< 12c12
< 15c15
< 18c18
< 3c3
< 6c6
< 9c9
< < "BwG-YC-Lh6.ibShadowedToolTip" = "Previous Spread";
< < "LSL-mM-drY.ibShadowedToolTip" = "Last Spread";
< < "X3D-YC-wez.ibShadowedToolTip" = "Next Spread";
< < "alO-k0-99k.ibShadowedToolTip" = "First Spread";
< < "cRZ-Lp-6Ro.ibShadowedToolTip" = "Toggle Master View";
< < "yn0-fj-0mL.ibShadowedToolTip" = "Previously Viewed Page";
< > "BwG-YC-Lh6.ibShadowedToolTip" = "前のスプレッド";
< > "LSL-mM-drY.ibShadowedToolTip" = "最後のスプレッド";
< > "X3D-YC-wez.ibShadowedToolTip" = "次のスプレッド";
< > "alO-k0-99k.ibShadowedToolTip" = "最初のスプレッド";
< > "cRZ-Lp-6Ro.ibShadowedToolTip" = "マスター表示を切り替え";
< > "yn0-fj-0mL.ibShadowedToolTip" = "以前表示したページ";
