---
---
---
---
---
---
---
---
---
---
---
---
---
---
---
---
---
---
---
---
---
---
---
---
---
---
---
---
---
---
---
---
---
---
---
---
---
---
---
---
---
---
---
---
---
---
---
---
---
---
---
---
---
---
---
---
---
---
---
102c102
105c105
111c111
114c114
120c120
126c126
129c129
12c12
132c132
135c135
141c141
144c144
150c150
156c156
159c159
162c162
165c165
168c168
174c174
177c177
180c180
183c183
186c186
189c189
192c192
195c195
198c198
201c201
204c204
207c207
213c213
21c21
243c243
246c246
24c24
252c252
258c258
261c261
267c267
273c273
279c279
282c282
285c285
291c291
30c30
3c3
45c45
51c51
54c54
57c57
60c60
63c63
72c72
78c78
81c81
90c90
93c93
99c99
9c9
< "1.title" = "Page Setup";
< "10.title" = "Page Preset:";
< "114.title" = "Color Format:";
< "118.title" = "Gray/8";
< "119.title" = "Gray/16";
< "125.title" = "Portrait";
< "132.title" = "Color Profile:";
< "15.title" = "Letter";
< "16.title" = "Custom";
< "1PY-kc-pGb.ibShadowedToolTip" = "Link Margins";
< "42.title" = "Document Units:";
< "4Bl-he-xvv.title" = "Left:";
< "4d9-s8-ScN.title" = "Button";
< "51.title" = "Dimensions:";
< "5qA-xC-9IR.title" = "Photo";
< "68o-3j-0m1.ibShadowedToolTip" = "Set the column guide color";
< "69.title" = "Left:";
< "73.title" = "Right:";
< "77.title" = "Top:";
< "8.title" = "Cancel";
< "81.title" = "Bottom:";
< "92.title" = "Transparent background";
< "9JQ-9C-Xdj.title" = "Prefer Linked";
< "Abw-Ln-zrq.title" = "Image Placement Policy:";
< "B9N-No-2bz.label" = "Scale";
< "C3w-2r-FCi.title" = "Rename preset";
< "CYV-5X-Tdp.title" = "Print";
< "Df6-pz-aa6.title" = "Readout Units:";
< "EnI-ho-gUd.title" = "Right:";
< "Ghj-dx-LnV.label" = "Dimensions";
< "H5B-nF-4jF.title" = "Bottom:";
< "HWi-4u-hL4.title" = "Bicubic";
< "Jlc-Pq-Tgn.title" = "Lanczos 3 (separable)";
< "KcR-a6-kKj.title" = "Type:";
< "KsL-R5-Osi.title" = "Use Drawing Scale";
< "Pf2-If-V4D.title" = "Top:";
< "Sb5-Zu-82J.title" = "Scale:";
< "Ss8-gK-20Z.title" = "Box";
< "TlU-GC-92M.title" = "Delete preset";
< "UZD-Md-fiG.title" = "Default";
< "XGP-Oa-0fu.title" = "'Actual Size' Zoom:";
< "YG1-c3-jvt.title" = "Print (Press-Ready)";
< "Zrz-cc-Vz3.title" = "Resample:";
< "bFa-Qu-Q9m.title" = "Objects will:";
< "cBw-wq-VZx.title" = "Lanczos 3 (non-separable)";
< "cUl-Jc-GKY.title" = "Color:";
< "cbk-nA-KYW.ibShadowedToolTip" = "Set the column guide color";
< "dLw-kw-O62.title" = "iPhone, iPad Mini (Retina)";
< "gnQ-B6-v6x.title" = "Include Margins";
< "hbS-sF-Snn.title" = "Nearest Neighbor";
< "it9-Vg-M8t.title" = "Devices";
< "kfu-AN-DPj.title" = "Bilinear";
< "mCA-73-AOE.title" = "Create preset";
< "obs-NR-jZ3.title" = "Prefer Embedded";
< "qzr-l9-2hM.label" = "Color";
< "vYO-0r-hjO.label" = "Bleed";
< "wth-JE-2vf.title" = "Anchor:";
< "xLr-g3-k5c.title" = "Color:";
< "zu3-Tb-pPh.label" = "Margins";
> "1.title" = "ページ設定";
> "10.title" = "ページプリセット:";
> "114.title" = "カラーフォーマット:";
> "118.title" = "グレー/8";
> "119.title" = "グレー/16";
> "125.title" = "縦向き";
> "132.title" = "カラープロファイル:";
> "15.title" = "レター";
> "16.title" = "カスタム";
> "1PY-kc-pGb.ibShadowedToolTip" = "リンクマージン";
> "42.title" = "ドキュメント単位:";
> "4Bl-he-xvv.title" = "左:";
> "4d9-s8-ScN.title" = "ボタン";
> "51.title" = "寸法:";
> "5qA-xC-9IR.title" = "写真";
> "68o-3j-0m1.ibShadowedToolTip" = "カラムガイドのカラーを設定";
> "69.title" = "左:";
> "73.title" = "右:";
> "77.title" = "上:";
> "8.title" = "キャンセル";
> "81.title" = "下:";
> "92.title" = "透明な背景";
> "9JQ-9C-Xdj.title" = "リンクを優先";
> "Abw-Ln-zrq.title" = "画像配置ポリシー:";
> "B9N-No-2bz.label" = "スケール";
> "C3w-2r-FCi.title" = "プリセット名の変更";
> "CYV-5X-Tdp.title" = "プリント";
> "Df6-pz-aa6.title" = "読み出し単位:";
> "EnI-ho-gUd.title" = "右:";
> "Ghj-dx-LnV.label" = "寸法";
> "H5B-nF-4jF.title" = "下:";
> "HWi-4u-hL4.title" = "バイキュービック";
> "Jlc-Pq-Tgn.title" = "Lanczos 3(分離可能)";
> "KcR-a6-kKj.title" = "タイプ:";
> "KsL-R5-Osi.title" = "描画スケールを使用";
> "Pf2-If-V4D.title" = "上:";
> "Sb5-Zu-82J.title" = "スケール:";
> "Ss8-gK-20Z.title" = "ボックス";
> "TlU-GC-92M.title" = "プリセットを削除";
> "UZD-Md-fiG.title" = "デフォルト";
> "XGP-Oa-0fu.title" = "実寸表示:";
> "YG1-c3-jvt.title" = "プリント(プレス品質)";
> "Zrz-cc-Vz3.title" = "リサンプル:";
> "bFa-Qu-Q9m.title" = "オブジェクトの動作:";
> "cBw-wq-VZx.title" = "Lanczos 3(分離不可)";
> "cUl-Jc-GKY.title" = "カラー:";
> "cbk-nA-KYW.ibShadowedToolTip" = "カラムガイドのカラーを設定";
> "dLw-kw-O62.title" = "iPhone、iPad mini (Retina)";
> "gnQ-B6-v6x.title" = "マージンを含める";
> "hbS-sF-Snn.title" = "ニアレストネイバー";
> "it9-Vg-M8t.title" = "デバイス";
> "kfu-AN-DPj.title" = "バイリニア";
> "mCA-73-AOE.title" = "プリセットを作成";
> "obs-NR-jZ3.title" = "埋め込みを優先";
> "qzr-l9-2hM.label" = "カラー";
> "vYO-0r-hjO.label" = "裁ち落とし";
> "wth-JE-2vf.title" = "アンカー:";
> "xLr-g3-k5c.title" = "カラー:";
> "zu3-Tb-pPh.label" = "マージン";
