---
---
---
---
---
---
---
---
---
---
---
---
---
---
---
---
---
---
---
---
---
---
---
---
---
---
---
---
---
12c12
15c15
18c18
21c21
24c24
27c27
30c30
33c33
36c36
39c39
3c3
42c42
45c45
48c48
51c51
54c54
57c57
60c60
63c63
66c66
69c69
6c6
72c72
75c75
78c78
81c81
84c84
87c87
9c9
< "1C4-rM-gnp.title" = "Duplicate";
< "3zP-0P-zIY.ibShadowedToolTip" = "Add Master";
< "45U-o1-bvJ.title" = "Add Pages from File...";
< "4lE-yj-yZe.title" = "Start New Section…";
< "5gS-Rq-FkD.ibShadowedToolTip" = "Section Manager";
< "6fE-AX-ewv.title" = "Add Pages...";
< "BpY-m4-Qq0.title" = "Spread Properties...";
< "D9D-na-tXK.ibExternalUserDefinedRuntimeAttributesLocalizableStrings[0]" = "Master Pages";
< "E1L-QI-9MR.ibShadowedToolTip" = "Delete Selected Pages";
< "EcN-gx-Osp.title" = "Delete";
< "KOz-L3-OI9.title" = "Go to Spread";
< "KVl-0v-NBR.title" = "Clear Masters";
< "YGx-L5-Xjd.title" = "Apply Master…";
< "bPu-5G-IKe.title" = "This is an artboard based document. To use multiple pages and master pages you must convert your artboards to spreads";
< "cK2-JP-yvl.ibExternalUserDefinedRuntimeAttributesLocalizableStrings[0]" = "Pages";
< "cpZ-X1-FJH.ibShadowedToolTip" = "Duplicate Selected Pages";
< "eww-Nb-wLI.ibShadowedToolTip" = "Add Pages";
< "ir6-0N-S9s.title" = "Spread Properties...";
< "jTo-ZE-Lxi.title" = "Edit Section…";
< "k8i-sI-zW2.title" = "Clear Masters";
< "oT0-j4-5L1.title" = "Apply Master to Pages…";
< "pqC-Tn-c3h.title" = "Convert Artboards to Spreads";
< "qUl-Mw-Z2w.title" = "Delete";
< "rl8-1T-Y2t.title" = "Duplicate";
< "rvg-h3-AqB.ibShadowedToolTip" = "Delete Selected Master";
< "txe-dX-Uuc.ibShadowedToolTip" = "Duplicate Selected Master";
< "uzW-cr-YAU.title" = "Add Master…";
< "yDr-Lt-Pwh.title" = "Apply Master…";
< "ywB-7t-khj.title" = "Go to Spread";
> "1C4-rM-gnp.title" = "複製";
> "3zP-0P-zIY.ibShadowedToolTip" = "マスターを追加";
> "45U-o1-bvJ.title" = "ファイルからページを追加...";
> "4lE-yj-yZe.title" = "新しいセクションを開始…";
> "5gS-Rq-FkD.ibShadowedToolTip" = "セクションマネージャー";
> "6fE-AX-ewv.title" = "ページを追加...";
> "BpY-m4-Qq0.title" = "スプレッドプロパティ...";
> "D9D-na-tXK.ibExternalUserDefinedRuntimeAttributesLocalizableStrings[0]" = "マスターページ";
> "E1L-QI-9MR.ibShadowedToolTip" = "選択ページを削除";
> "EcN-gx-Osp.title" = "削除";
> "KOz-L3-OI9.title" = "スプレッドに移動";
> "KVl-0v-NBR.title" = "マスターをクリア";
> "YGx-L5-Xjd.title" = "マスターを適用…";
> "bPu-5G-IKe.title" = "これはアートボードベースのドキュメントです。複数のページとマスターページを使用するには、アートボードをスプレッドに変換する必要があります";
> "cK2-JP-yvl.ibExternalUserDefinedRuntimeAttributesLocalizableStrings[0]" = "ページ";
> "cpZ-X1-FJH.ibShadowedToolTip" = "選択ページを複製";
> "eww-Nb-wLI.ibShadowedToolTip" = "ページを追加";
> "ir6-0N-S9s.title" = "スプレッドプロパティ...";
> "jTo-ZE-Lxi.title" = "セクションを編集…";
> "k8i-sI-zW2.title" = "マスターをクリア";
> "oT0-j4-5L1.title" = "ページにマスターを適用…";
> "pqC-Tn-c3h.title" = "アートボードをスプレッドに変換";
> "qUl-Mw-Z2w.title" = "削除";
> "rl8-1T-Y2t.title" = "複製";
> "rvg-h3-AqB.ibShadowedToolTip" = "選択マスターを削除";
> "txe-dX-Uuc.ibShadowedToolTip" = "選択マスターを複製";
> "uzW-cr-YAU.title" = "マスターを追加…";
> "yDr-Lt-Pwh.title" = "マスターを適用…";
> "ywB-7t-khj.title" = "スプレッドに移動";
