---
102c102
105c105
108c108
111c111
114c114
117c117
120c120
123c123
126c126
129c129
12c12
132c132
135c135
138c138
141c141
144c144
147c147
150c150
153c153
156c156
159c159
15c15
162c162
165c165
168c168
171c171
174c174
177c177
180c180
183c183
186c186
189c189
18c18
192c192
195c195
198c198
201c201
204c204
207c207
210c210
213c213
216c216
219c219
21c21
222c222
225c225
228c228
231c231
234c234
237c237
240c240
243c243
246c246
249c249
24c24
252c252
255c255
258c258
261c261
264c264
267c267
270c270
273c273
276c276
279c279
27c27
282c282
285c285
288c288
291c291
294c294
297c297
300c300
303c303
306c306
309c309
30c30
312c312
315c315
318c318
321c321
324c324
327c327
333c333
336c336
339c339
33c33
342c342
345c345
348c348
351c351
354c354
357c357
360c360
363c363
366c366
369c369
36c36
372c372
375c375
378c378
381c381
384c384
387c387
390c390
393c393
396c396
399c399
39c39
3c3
405c405
408c408
42c42
45c45
48c48
51c51
54c54
57c57
60c60
63c63
66c66
69c69
6c6
72c72
75c75
78c78
81c81
84c84
90c90
93c93
96c96
99c99
9c9
< "0K6-Ua-XvK.title" = "Auto";
< "1e3-Wz-saZ.ibExternalUserDefinedRuntimeAttributesLocalizableStrings[0]" = "Hyphenation";
< "1mP-DE-MzA.ibShadowedToolTip" = "Character Style";
< "2gU-sP-Sg5.title" = "End characters:";
< "3wn-yZ-aOQ.ibShadowedToolTip" = "Maximum Letter Spacing";
< "4aw-jh-QGX.ibShadowedToolTip" = "Default Tab Stops";
< "4is-dF-Hu2.ibShadowedToolTip" = "Minimum Letter Spacing";
< "6Ds-qe-Imm.headerCell.title" = "Position";
< "6Ix-QO-Aud.title" = "Text Cell";
< "6Rx-1h-QqN.ibShadowedToolTip" = "Left Indent";
< "6Ya-PA-xRD.ibShadowedToolTip" = "Offset";
< "76l-OW-rMe.title" = "Style:";
< "77v-6g-bto.title" = "Combine identical";
< "87d-wj-Ytw.ibShadowedToolTip" = "Stop applying the initial word style at any of these characters";
< "8A0-kd-ciJ.title" = "...";
< "8Ha-j8-1J4.ibShadowedToolTip" = "Add New Tab Stop";
< "8Uh-b2-ZiR.ibShadowedToolTip" = "Last Line Outdent";
< "8tM-OH-3WT.title" = "Capital zone:";
< "9HW-Qu-UuN.ibExternalUserDefinedRuntimeAttributesLocalizableStrings[0]" = "Tab Stops";
< "9fc-Z1-fcs.ibShadowedToolTip" = "Desired Letter Spacing";
< "A8T-dE-5f5.ibShadowedToolTip" = "Maximum Word Spacing";
< "AWP-7J-l8M.ibShadowedToolTip" = "More";
< "B0k-Og-UPy.ibShadowedToolTip" = "Desired Word Spacing";
< "BUi-3q-lfC.title" = "Minimum score:";
< "BVg-YE-dJY.ibExternalUserDefinedRuntimeAttributesLocalizableStrings[0]" = "Drop Caps";
< "CSL-zg-qkG.ibShadowedToolTip" = "Space Between Paragraphs";
< "D2I-Ye-Oap.title" = "Minimum suffix:";
< "D8s-kZ-7c9.ibShadowedToolTip" = "Offset";
< "DlY-Pm-C7j.title" = "Align to Baseline Grid";
< "EQC-BO-eA5.title" = "Top:";
< "GIo-2m-2OV.ibShadowedToolTip" = "The number of lines of text the drop cap should span";
< "GIv-fL-Kvw.ibExternalUserDefinedRuntimeAttributesLocalizableStrings[0]" = "Spacing";
< "HsB-o3-n2n.title" = "Max consecutive hyphens:";
< "I0J-zY-9Q4.title" = "Height in lines:";
< "IOl-vv-3xN.title" = "Keep with next:";
< "IQP-Zs-AXm.ibShadowedToolTip" = "Text To Insert";
< "IV0-ef-QVb.title" = "Use space before:";
< "J4L-9c-Yjh.ibShadowedToolTip" = "List Level";
< "JD9-Qt-wUP.ibShadowedToolTip" = "Left Indent";
< "KjM-Kd-6oQ.title" = "Text Cell";
< "Kvb-jy-3vn.ibShadowedToolTip" = "Offset";
< "LI8-sB-ijB.title" = "Scale for descenders";
< "Lwi-0R-JHP.title" = "Left:";
< "LzM-29-BXR.title" = "Prevent widowed last lines";
< "MHI-jP-HFs.title" = "Column end zone:";
< "MUm-XP-vZx.title" = "Use auto-hyphenation";
< "Nld-1A-9o0.ibShadowedToolTip" = "Tab Stop Indent";
< "Obr-Y6-BvG.title" = "Relative to";
< "Q1B-hS-6Q8.ibShadowedToolTip" = "First Line Indent";
< "QQY-T3-Nr5.title" = "Enabled";
< "QRz-X5-xcQ.ibShadowedToolTip" = "Offset";
< "QXM-mg-WeW.ibShadowedToolTip" = "Space After Paragraph";
< "Qg5-TU-Rhg.ibShadowedToolTip" = "Desired Letter Spacing";
< "ROq-ZC-YHC.ibShadowedToolTip" = "Maximum number of words to apply the initial word style to";
< "SJq-1N-9Tn.ibShadowedToolTip" = "Offset";
< "SOO-Mi-Swv.ibShadowedToolTip" = "Last Line Outdent";
< "T64-lX-SGZ.ibShadowedToolTip" = "Minimum Word Spacing";
< "TK2-YA-YWu.ibShadowedToolTip" = "Maximum Word Spacing";
< "UEd-UY-JhR.title" = "Start:";
< "UbB-LK-gf7.ibShadowedToolTip" = "List Type";
< "Ur2-ts-fNM.ibShadowedToolTip" = "Space Before Paragraph";
< "V7D-XP-KTg.title" = "Item 1";
< "VF2-Gj-Nob.title" = "Text Cell";
< "Vet-9q-AYy.ibShadowedToolTip" = "Offset";
< "Vwj-2c-pWw.ibShadowedToolTip" = "Character style to apply to the first words of the paragraph";
< "Wzw-xt-0ww.ibShadowedToolTip" = "Maximum Letter Spacing";
< "YJo-fs-z86.title" = "Prevent orphaned first lines";
< "Yhu-Md-Tz8.title" = "Indent";
< "ZBz-5Z-e7Q.ibExternalUserDefinedRuntimeAttributesLocalizableStrings[0]" = "Justification";
< "ZqT-Bt-jPR.title" = "Stroke:";
< "a15-WH-2La.ibShadowedToolTip" = "Leading";
< "a4j-bP-8ge.title" = "Item 2";
< "are-aK-4Ec.title" = "Minimum prefix:";
< "c1X-PC-Sng.ibShadowedToolTip" = "Offset";
< "cTz-uI-oC9.ibShadowedToolTip" = "Space Before Paragraph";
< "df9-XL-y2V.ibShadowedToolTip" = "Offset";
< "dvR-Rf-Rut.ibShadowedToolTip" = "Offset";
< "dvc-po-pnF.title" = "Level:";
< "eJm-Fp-baZ.title" = "Text:";
< "f6F-wu-U11.ibShadowedToolTip" = "Offset";
< "gQf-WA-aEk.ibExternalUserDefinedRuntimeAttributesLocalizableStrings[0]" = "Initial Words";
< "ggN-IE-Nau.ibShadowedToolTip" = "Paragraph Style";
< "h6V-7B-GSl.title" = "Space between same styles:";
< "hGe-Zm-wUx.title" = "Tab stop:";
< "hPz-r4-LGc.ibShadowedToolTip" = "Right Indent";
< "hR2-AW-5zt.title" = "Text Cell";
< "hT4-sJ-UM2.title" = "Transparency:";
< "hTz-XO-P1Z.title" = "Sum space before and after";
< "hbC-8h-pm3.title" = "Paragraph end zone:";
< "hoT-SR-elU.ibExternalUserDefinedRuntimeAttributesLocalizableStrings[0]" = "Decorations";
< "hzZ-nL-wy4.ibShadowedToolTip" = "Spacing between the drop cap and the adjacent text";
< "isI-U7-d4u.title" = "Minimum word length:";
< "ixu-cF-cXN.ibShadowedToolTip" = "Space After Paragraph";
< "j0S-XL-SgV.title" = "Enabled";
< "jqC-kp-Otr.title" = "Style:";
< "k0y-nj-h6Z.ibExternalUserDefinedRuntimeAttributesLocalizableStrings[0]" = "Flow Options";
< "kEc-Kj-EbW.title" = "Restart numbering now";
< "kdU-mG-SZd.title" = "Global";
< "kjf-yV-FbM.title" = "lines";
< "l5R-xq-J4b.ibShadowedToolTip" = "Use Space Before";
< "lNi-Sx-J7J.ibShadowedToolTip" = "Offset";
< "lSc-oG-AWH.title" = "Bottom:";
< "lvb-0q-YcY.ibShadowedToolTip" = "The number of letters to include";
< "m0L-r4-3im.ibShadowedToolTip" = "Minimum Letter Spacing";
< "mL2-vC-cC1.title" = "Restart numbering:";
< "mU9-hN-oaq.title" = "Max word count:";
< "muS-9F-oOa.ibShadowedToolTip" = "Frame Stroke";
< "n5S-7J-MV5.title" = "Name:";
< "nru-fG-gQR.title" = "Item 3";
< "nyj-pw-0dr.title" = "Keep with previous paragraph";
< "o2j-iO-Tdd.title" = "Type:";
< "oN6-4p-EjF.ibShadowedToolTip" = "Minimum Word Spacing";
< "ocA-MI-M8n.title" = "Keep paragraph together";
< "pBS-3w-vvp.title" = "Align left edge";
< "pRr-ZM-SO2.title" = "Distance to text:";
< "q0C-5c-1AK.ibShadowedToolTip" = "First Line Indent";
< "qGJ-IB-XGY.title" = "Leading:";
< "qNx-Z7-xvg.ibShadowedToolTip" = "Right Indent";
< "qi1-CL-WuY.ibExternalUserDefinedRuntimeAttributesLocalizableStrings[0]" = "Bullets and Numbering";
< "qwN-CL-tnl.ibShadowedToolTip" = "Renumber Across Stories";
< "qwS-we-s9s.ibShadowedToolTip" = "Offset";
< "s5h-NR-VP8.title" = "Text Cell";
< "sAS-id-cIj.title" = "Style:";
< "uCL-I9-qxs.ibShadowedToolTip" = "Offset";
< "ulH-wd-5vq.title" = "Right:";
< "vDG-9N-osY.title" = "Hyphenation zone:";
< "vEr-xz-69v.ibExternalUserDefinedRuntimeAttributesLocalizableStrings[0]" = "Baseline Grid";
< "vny-Th-VYe.title" = "Fill:";
< "vvB-bq-fP3.ibShadowedToolTip" = "Offset";
< "wGZ-1W-TAr.ibShadowedToolTip" = "Desired Word Spacing";
< "xUq-h4-3nl.ibShadowedToolTip" = "Space After Paragraph";
< "zeE-AD-tAl.title" = "Start numbering at:";
< "zt8-yN-oY2.title" = "Characters:";
> "0K6-Ua-XvK.title" = "自動";
> "1e3-Wz-saZ.ibExternalUserDefinedRuntimeAttributesLocalizableStrings[0]" = "ハイフネーション";
> "1mP-DE-MzA.ibShadowedToolTip" = "文字スタイル";
> "2gU-sP-Sg5.title" = "終了文字:";
> "3wn-yZ-aOQ.ibShadowedToolTip" = "最大文字間隔";
> "4aw-jh-QGX.ibShadowedToolTip" = "デフォルトのタブ位置";
> "4is-dF-Hu2.ibShadowedToolTip" = "最小文字間隔";
> "6Ds-qe-Imm.headerCell.title" = "位置";
> "6Ix-QO-Aud.title" = "テキストセル";
> "6Rx-1h-QqN.ibShadowedToolTip" = "左インデント";
> "6Ya-PA-xRD.ibShadowedToolTip" = "オフセット";
> "76l-OW-rMe.title" = "スタイル:";
> "77v-6g-bto.title" = "同一のものを結合";
> "87d-wj-Ytw.ibShadowedToolTip" = "これらの文字のいずれにも頭文字語スタイルの適用を停止";
> "8A0-kd-ciJ.title" = "…";
> "8Ha-j8-1J4.ibShadowedToolTip" = "新規タブ位置を追加";
> "8Uh-b2-ZiR.ibShadowedToolTip" = "最終行アウトデント";
> "8tM-OH-3WT.title" = "大文字ゾーン:";
> "9HW-Qu-UuN.ibExternalUserDefinedRuntimeAttributesLocalizableStrings[0]" = "タブ位置";
> "9fc-Z1-fcs.ibShadowedToolTip" = "望ましい文字間隔";
> "A8T-dE-5f5.ibShadowedToolTip" = "最大単語間隔";
> "AWP-7J-l8M.ibShadowedToolTip" = "その他";
> "B0k-Og-UPy.ibShadowedToolTip" = "望ましい単語間隔";
> "BUi-3q-lfC.title" = "最小スコア:";
> "BVg-YE-dJY.ibExternalUserDefinedRuntimeAttributesLocalizableStrings[0]" = "ドロップキャップ";
> "CSL-zg-qkG.ibShadowedToolTip" = "段落間のスペース";
> "D2I-Ye-Oap.title" = "最小サフィックス:";
> "D8s-kZ-7c9.ibShadowedToolTip" = "オフセット";
> "DlY-Pm-C7j.title" = "ベースライングリッドに揃える";
> "EQC-BO-eA5.title" = "上:";
> "GIo-2m-2OV.ibShadowedToolTip" = "ドロップキャップを適用するテキストの行数";
> "GIv-fL-Kvw.ibExternalUserDefinedRuntimeAttributesLocalizableStrings[0]" = "間隔";
> "HsB-o3-n2n.title" = "連続するハイフンの最大数:";
> "I0J-zY-9Q4.title" = "高さ(行数):";
> "IOl-vv-3xN.title" = "改ページしない:";
> "IQP-Zs-AXm.ibShadowedToolTip" = "挿入するテキスト";
> "IV0-ef-QVb.title" = "前にスペースを使用:";
> "J4L-9c-Yjh.ibShadowedToolTip" = "リストレベル";
> "JD9-Qt-wUP.ibShadowedToolTip" = "左インデント";
> "KjM-Kd-6oQ.title" = "テキストセル";
> "Kvb-jy-3vn.ibShadowedToolTip" = "オフセット";
> "LI8-sB-ijB.title" = "ディセンダーに応じてスケール";
> "Lwi-0R-JHP.title" = "左:";
> "LzM-29-BXR.title" = "最終行の前に改ページをしない";
> "MHI-jP-HFs.title" = "段の末尾ゾーン:";
> "MUm-XP-vZx.title" = "自動ハイフネーションを使用";
> "Nld-1A-9o0.ibShadowedToolTip" = "タブ位置インデント";
> "Obr-Y6-BvG.title" = "基準";
> "Q1B-hS-6Q8.ibShadowedToolTip" = "先頭行インデント";
> "QQY-T3-Nr5.title" = "有効";
> "QRz-X5-xcQ.ibShadowedToolTip" = "オフセット";
> "QXM-mg-WeW.ibShadowedToolTip" = "段落後のスペース";
> "Qg5-TU-Rhg.ibShadowedToolTip" = "望ましい文字間隔";
> "ROq-ZC-YHC.ibShadowedToolTip" = "頭文字語スタイルを適用する最大単語数";
> "SJq-1N-9Tn.ibShadowedToolTip" = "オフセット";
> "SOO-Mi-Swv.ibShadowedToolTip" = "最終行アウトデント";
> "T64-lX-SGZ.ibShadowedToolTip" = "最小単語間隔";
> "TK2-YA-YWu.ibShadowedToolTip" = "最大単語間隔";
> "UEd-UY-JhR.title" = "開始位置:";
> "UbB-LK-gf7.ibShadowedToolTip" = "リストタイプ";
> "Ur2-ts-fNM.ibShadowedToolTip" = "段落前のスペース";
> "V7D-XP-KTg.title" = "アイテム1";
> "VF2-Gj-Nob.title" = "テキストセル";
> "Vet-9q-AYy.ibShadowedToolTip" = "オフセット";
> "Vwj-2c-pWw.ibShadowedToolTip" = "段落の最初の単語に適用する文字スタイル";
> "Wzw-xt-0ww.ibShadowedToolTip" = "最大文字間隔";
> "YJo-fs-z86.title" = "先頭行の後に改ページをしない";
> "Yhu-Md-Tz8.title" = "インデント";
> "ZBz-5Z-e7Q.ibExternalUserDefinedRuntimeAttributesLocalizableStrings[0]" = "ジャスティフィケーション";
> "ZqT-Bt-jPR.title" = "境界線:";
> "a15-WH-2La.ibShadowedToolTip" = "行送り";
> "a4j-bP-8ge.title" = "アイテム2";
> "are-aK-4Ec.title" = "最小プレフィックス:";
> "c1X-PC-Sng.ibShadowedToolTip" = "オフセット";
> "cTz-uI-oC9.ibShadowedToolTip" = "段落前のスペース";
> "df9-XL-y2V.ibShadowedToolTip" = "オフセット";
> "dvR-Rf-Rut.ibShadowedToolTip" = "オフセット";
> "dvc-po-pnF.title" = "レベル:";
> "eJm-Fp-baZ.title" = "テキスト:";
> "f6F-wu-U11.ibShadowedToolTip" = "オフセット";
> "gQf-WA-aEk.ibExternalUserDefinedRuntimeAttributesLocalizableStrings[0]" = "頭文字語";
> "ggN-IE-Nau.ibShadowedToolTip" = "段落スタイル";
> "h6V-7B-GSl.title" = "同じスタイル間の間隔:";
> "hGe-Zm-wUx.title" = "タブ位置:";
> "hPz-r4-LGc.ibShadowedToolTip" = "右インデント";
> "hR2-AW-5zt.title" = "テキストセル";
> "hT4-sJ-UM2.title" = "透明度:";
> "hTz-XO-P1Z.title" = "前後のスペースの合計";
> "hbC-8h-pm3.title" = "段落の末尾ゾーン:";
> "hoT-SR-elU.ibExternalUserDefinedRuntimeAttributesLocalizableStrings[0]" = "装飾";
> "hzZ-nL-wy4.ibShadowedToolTip" = "ドロップキャップと隣接するテキストの間隔";
> "isI-U7-d4u.title" = "単語の最小文字数:";
> "ixu-cF-cXN.ibShadowedToolTip" = "段落後のスペース";
> "j0S-XL-SgV.title" = "有効";
> "jqC-kp-Otr.title" = "スタイル:";
> "k0y-nj-h6Z.ibExternalUserDefinedRuntimeAttributesLocalizableStrings[0]" = "流し込みのオプション";
> "kEc-Kj-EbW.title" = "この位置から番号を振り直す";
> "kdU-mG-SZd.title" = "グローバル";
> "kjf-yV-FbM.title" = "行数";
> "l5R-xq-J4b.ibShadowedToolTip" = "前にスペースを使用";
> "lNi-Sx-J7J.ibShadowedToolTip" = "オフセット";
> "lSc-oG-AWH.title" = "下:";
> "lvb-0q-YcY.ibShadowedToolTip" = "含める文字数";
> "m0L-r4-3im.ibShadowedToolTip" = "最小文字間隔";
> "mL2-vC-cC1.title" = "番号の振り直し:";
> "mU9-hN-oaq.title" = "最大単語数:";
> "muS-9F-oOa.ibShadowedToolTip" = "フレーム境界線";
> "n5S-7J-MV5.title" = "名前:";
> "nru-fG-gQR.title" = "アイテム3";
> "nyj-pw-0dr.title" = "前の段落と分離しない";
> "o2j-iO-Tdd.title" = "タイプ:";
> "oN6-4p-EjF.ibShadowedToolTip" = "最小単語間隔";
> "ocA-MI-M8n.title" = "段落を分割しない";
> "pBS-3w-vvp.title" = "左端を揃える";
> "pRr-ZM-SO2.title" = "テキストまでの距離:";
> "q0C-5c-1AK.ibShadowedToolTip" = "先頭行インデント";
> "qGJ-IB-XGY.title" = "行送り:";
> "qNx-Z7-xvg.ibShadowedToolTip" = "右インデント";
> "qi1-CL-WuY.ibExternalUserDefinedRuntimeAttributesLocalizableStrings[0]" = "箇条書きと自動番号";
> "qwN-CL-tnl.ibShadowedToolTip" = "ストーリー間で番号の付け直し";
> "qwS-we-s9s.ibShadowedToolTip" = "オフセット";
> "s5h-NR-VP8.title" = "テキストセル";
> "sAS-id-cIj.title" = "スタイル:";
> "uCL-I9-qxs.ibShadowedToolTip" = "オフセット";
> "ulH-wd-5vq.title" = "右:";
> "vDG-9N-osY.title" = "ハイフネーションゾーン:";
> "vEr-xz-69v.ibExternalUserDefinedRuntimeAttributesLocalizableStrings[0]" = "ベースライングリッド";
> "vny-Th-VYe.title" = "塗りつぶし:";
> "vvB-bq-fP3.ibShadowedToolTip" = "オフセット";
> "wGZ-1W-TAr.ibShadowedToolTip" = "望ましい単語間隔";
> "xUq-h4-3nl.ibShadowedToolTip" = "段落後のスペース";
> "zeE-AD-tAl.title" = "番号付けの開始番号:";
> "zt8-yN-oY2.title" = "文字:";
