1,9c1,2
< 3c3
< < "1.title" = "Perlin Noise";
< ---
< > "1.title" = "パーリンノイズ";
< 6c6
< < "12.title" = "Octaves";
< ---
< > "12.title" = "オクターブ";
< 9c9
---
> 8,9c8,9
> < /* Class = "NSButtonCell"; title = "Apply"; ObjectID = "26"; */
12,13c5,8
< > "26.title" = "適用";
< 12c12
---
> > /* Class = "NSButtonCell"; title = "적용"; ObjectID = "26"; */
> > "26.title" = "적용";
> 11,12c11,12
> < /* Class = "NSTextFieldCell"; title = "Zoom"; ObjectID = "88"; */
16,21c11,14
< > "88.title" = "ズーム";
< 15c15
< < "410.title" = "Persistence";
< ---
< > "410.title" = "持続性";
< 21c21
---
> > /* Class = "NSTextFieldCell"; title = "맞추기"; ObjectID = "88"; */
> > "88.title" = "맞추기";
> 20,21c20,21
> < /* Class = "NSTextFieldCell"; title = "Blend Mode"; ObjectID = "436"; */
24,25c17,20
< > "436.title" = "描画モード";
< 24c24
---
> > /* Class = "NSTextFieldCell"; title = "혼합 모드"; ObjectID = "436"; */
> > "436.title" = "혼합 모드";
> 23,24c23,24
> < /* Class = "NSButtonCell"; title = "Cancel"; ObjectID = "454"; */
28,29c23,26
< > "454.title" = "キャンセル";
< 27c27
---
> > /* Class = "NSButtonCell"; title = "취소"; ObjectID = "454"; */
> > "454.title" = "취소";
> 26,27c26,27
> < /* Class = "NSButton"; ibShadowedToolTip = "Mirror view"; ObjectID = "0RD-ZT-Es8"; */
32,33c29,32
< > "0RD-ZT-Es8.ibShadowedToolTip" = "ミラー表示";
< 30c30
---
> > /* Class = "NSButton"; ibShadowedToolTip = "거울 뷰 모드"; ObjectID = "0RD-ZT-Es8"; */
> > "0RD-ZT-Es8.ibShadowedToolTip" = "거울 뷰 모드";
> 29,30c29,30
> < /* Class = "NSButton"; ibShadowedToolTip = "Split view"; ObjectID = "21N-zr-oTi"; */
36,37c35,38
< > "21N-zr-oTi.ibShadowedToolTip" = "分割表示";
< 33c33
---
> > /* Class = "NSButton"; ibShadowedToolTip = "분할 뷰 모드"; ObjectID = "21N-zr-oTi"; */
> > "21N-zr-oTi.ibShadowedToolTip" = "분할 뷰 모드";
> 32,33c32,33
> < /* Class = "NSButton"; ibShadowedToolTip = "No split view"; ObjectID = "YvA-NQ-Dq1"; */
40c41,42
< > "YvA-NQ-Dq1.ibShadowedToolTip" = "分割表示なし";
---
> > /* Class = "NSButton"; ibShadowedToolTip = "분할 뷰 모드 해제"; ObjectID = "YvA-NQ-Dq1"; */
> > "YvA-NQ-Dq1.ibShadowedToolTip" = "분할 뷰 모드 해제";
