---
---
---
---
---
---
---
---
---
---
---
---
---
---
---
---
---
---
---
---
12c12
15c15
18c18
21c21
27c27
30c30
33c33
36c36
39c39
3c3
42c42
45c45
48c48
51c51
54c54
57c57
60c60
63c63
66c66
6c6
< "1.title" = "Perspective";
< "26.title" = "Apply";
< "411.title" = "Source";
< "412.title" = "Destination";
< "415.title" = "Mode";
< "419.title" = "Cancel";
< "4Gt-9R-uNV.title" = "Select Destination";
< "4R8-eB-bhb.ibShadowedToolTip" = "Flip horizontal";
< "Bc7-sW-esj.title" = "Planes";
< "LPj-3E-bvY.ibShadowedToolTip" = "Flip vertical";
< "UPT-Li-C5i.title" = "Box";
< "YCv-Ep-oZx.ibShadowedToolTip" = "Rotate Counter-clockwise";
< "Zqd-gu-NJg.ibShadowedToolTip" = "Rotate clockwise";
< "ape-wA-ILc.ibShadowedToolTip" = "No split view";
< "bRN-dS-8ts.title" = "Show grid";
< "ibZ-No-kj9.title" = "Single plane";
< "ivL-5e-Ygf.ibShadowedToolTip" = "Mirror view";
< "olX-in-QUf.title" = "Autoclip";
< "tW5-uW-7Jg.ibShadowedToolTip" = "Split view";
< "zta-Rn-5Xe.title" = "Dual plane";
> "1.title" = "パースペクティブ";
> "26.title" = "適用";
> "411.title" = "ソース";
> "412.title" = "デスティネーション";
> "415.title" = "モード";
> "419.title" = "キャンセル";
> "4Gt-9R-uNV.title" = "デスティネーションを選択";
> "4R8-eB-bhb.ibShadowedToolTip" = "左右反転";
> "Bc7-sW-esj.title" = "平面";
> "LPj-3E-bvY.ibShadowedToolTip" = "上下反転";
> "UPT-Li-C5i.title" = "ボックス";
> "YCv-Ep-oZx.ibShadowedToolTip" = "反時計回りに回転";
> "Zqd-gu-NJg.ibShadowedToolTip" = "時計回りに回転";
> "ape-wA-ILc.ibShadowedToolTip" = "分割表示なし";
> "bRN-dS-8ts.title" = "グリッドを表示";
> "ibZ-No-kj9.title" = "1平面";
> "ivL-5e-Ygf.ibShadowedToolTip" = "ミラー表示";
> "olX-in-QUf.title" = "自動クリップ";
> "tW5-uW-7Jg.ibShadowedToolTip" = "分割表示";
> "zta-Rn-5Xe.title" = "2平面";
