8,9c8,9
< /* Class = "NSButtonCell"; title = "Apply"; ObjectID = "26"; */
< "26.title" = "Apply";
---
> /* Class = "NSButtonCell"; title = "적용"; ObjectID = "26"; */
> "26.title" = "적용";
11,12c11,12
< /* Class = "NSTextFieldCell"; title = "Radius"; ObjectID = "88"; */
< "88.title" = "Radius";
---
> /* Class = "NSTextFieldCell"; title = "반지름"; ObjectID = "88"; */
> "88.title" = "반지름";
14,15c14,15
< /* Class = "NSButtonCell"; title = "Cancel"; ObjectID = "413"; */
< "413.title" = "Cancel";
---
> /* Class = "NSButtonCell"; title = "취소"; ObjectID = "413"; */
> "413.title" = "취소";
17,18c17,18
< /* Class = "NSButton"; ibShadowedToolTip = "No split view"; ObjectID = "M3F-6p-gbd"; */
< "M3F-6p-gbd.ibShadowedToolTip" = "No split view";
---
> /* Class = "NSButton"; ibShadowedToolTip = "분할 뷰 모드 해제"; ObjectID = "M3F-6p-gbd"; */
> "M3F-6p-gbd.ibShadowedToolTip" = "분할 뷰 모드 해제";
20,21c20,21
< /* Class = "NSButton"; ibShadowedToolTip = "Split view"; ObjectID = "Ocn-cy-Oq3"; */
< "Ocn-cy-Oq3.ibShadowedToolTip" = "Split view";
---
> /* Class = "NSButton"; ibShadowedToolTip = "분할 뷰 모드"; ObjectID = "Ocn-cy-Oq3"; */
> "Ocn-cy-Oq3.ibShadowedToolTip" = "분할 뷰 모드";
23,24c23,24
< /* Class = "NSButton"; ibShadowedToolTip = "Mirror view"; ObjectID = "xkV-VV-wYu"; */
< "xkV-VV-wYu.ibShadowedToolTip" = "Mirror view";
---
> /* Class = "NSButton"; ibShadowedToolTip = "거울 뷰 모드"; ObjectID = "xkV-VV-wYu"; */
> "xkV-VV-wYu.ibShadowedToolTip" = "거울 뷰 모드";
