---
---
---
---
---
---
---
---
12c12
15c15
18c18
21c21
24c24
3c3
6c6
9c9
< "1.title" = "Pinch / Punch";
< "12.title" = "Pinch / Punch";
< "26.title" = "Apply";
< "413.title" = "Cancel";
< "88.title" = "Radius";
< "M3F-6p-gbd.ibShadowedToolTip" = "No split view";
< "Ocn-cy-Oq3.ibShadowedToolTip" = "Split view";
< "xkV-VV-wYu.ibShadowedToolTip" = "Mirror view";
> "1.title" = "ピンチ/パンチ";
> "12.title" = "ピンチ/パンチ";
> "26.title" = "適用";
> "413.title" = "キャンセル";
> "88.title" = "半径";
> "M3F-6p-gbd.ibShadowedToolTip" = "分割表示なし";
> "Ocn-cy-Oq3.ibShadowedToolTip" = "分割表示";
> "xkV-VV-wYu.ibShadowedToolTip" = "ミラー表示";
