1,9c1,2
< 3c3
< < "1.title" = "Pixelate";
< ---
< > "1.title" = "ピクセレート";
< 6c6
< < "12.title" = "Quantization";
< ---
< > "12.title" = "量子化";
< 9c9
---
> 8,9c8,9
> < /* Class = "NSButtonCell"; title = "Apply"; ObjectID = "26"; */
12,13c5,8
< > "26.title" = "適用";
< 12c12
---
> > /* Class = "NSButtonCell"; title = "적용"; ObjectID = "26"; */
> > "26.title" = "적용";
> 11,12c11,12
> < /* Class = "NSButtonCell"; title = "Cancel"; ObjectID = "234"; */
16,17c11,14
< > "234.title" = "キャンセル";
< 15c15
---
> > /* Class = "NSButtonCell"; title = "취소"; ObjectID = "234"; */
> > "234.title" = "취소";
> 14,15c14,15
> < /* Class = "NSButton"; ibShadowedToolTip = "Split view"; ObjectID = "AGW-hM-8UF"; */
20,21c17,20
< > "AGW-hM-8UF.ibShadowedToolTip" = "分割表示";
< 18c18
---
> > /* Class = "NSButton"; ibShadowedToolTip = "분할 뷰 모드"; ObjectID = "AGW-hM-8UF"; */
> > "AGW-hM-8UF.ibShadowedToolTip" = "분할 뷰 모드";
> 17,18c17,18
> < /* Class = "NSButton"; ibShadowedToolTip = "Mirror view"; ObjectID = "RK7-gg-qLI"; */
24,25c23,26
< > "RK7-gg-qLI.ibShadowedToolTip" = "ミラー表示";
< 21c21
---
> > /* Class = "NSButton"; ibShadowedToolTip = "거울 뷰 모드"; ObjectID = "RK7-gg-qLI"; */
> > "RK7-gg-qLI.ibShadowedToolTip" = "거울 뷰 모드";
> 20,21c20,21
> < /* Class = "NSButton"; ibShadowedToolTip = "No split view"; ObjectID = "dEK-bO-5bx"; */
28c29,30
< > "dEK-bO-5bx.ibShadowedToolTip" = "分割表示なし";
---
> > /* Class = "NSButton"; ibShadowedToolTip = "분할 뷰 모드 해제"; ObjectID = "dEK-bO-5bx"; */
> > "dEK-bO-5bx.ibShadowedToolTip" = "분할 뷰 모드 해제";
