2,10c2,6
< 12c12
< 15c15
< 18c18
< 21c21
< 3c3
< 6c6
< 9c9
< < "1.title" = "Pixelate";
< < "12.title" = "Quantization";
---
> 11,12c11,12
> 14,15c14,15
> 17,18c17,18
> 20,21c20,21
> 8,9c8,9
16,22c12,26
< > "1.title" = "ピクセレート";
< > "12.title" = "量子化";
< > "234.title" = "キャンセル";
< > "26.title" = "適用";
< > "AGW-hM-8UF.ibShadowedToolTip" = "分割表示";
< > "RK7-gg-qLI.ibShadowedToolTip" = "ミラー表示";
< > "dEK-bO-5bx.ibShadowedToolTip" = "分割表示なし";
---
> > "234.title" = "취소";
> > "26.title" = "적용";
> > "AGW-hM-8UF.ibShadowedToolTip" = "분할 보기";
> > "RK7-gg-qLI.ibShadowedToolTip" = "거울 보기";
> > "dEK-bO-5bx.ibShadowedToolTip" = "분할 보기 해제";
