3c3
< "3qi-44-PlX.title" = "Custom";
---
> "3qi-44-PlX.title" = "カスタム";
6c6
< "3uF-Sk-pDh.headerCell.title" = "Error";
---
> "3uF-Sk-pDh.headerCell.title" = "エラー";
15c15
< "DV2-WL-8dS.title" = "Edit profile";
---
> "DV2-WL-8dS.title" = "プロファイルを編集";
27c27
< "QAj-rG-1VF.ibShadowedLabels[0]" = "Never";
---
> "QAj-rG-1VF.ibShadowedLabels[0]" = "チェックしない";
30c30
< "QAj-rG-1VF.ibShadowedLabels[1]" = "Export";
---
> "QAj-rG-1VF.ibShadowedLabels[1]" = "書き出し";
33c33
< "QAj-rG-1VF.ibShadowedLabels[2]" = "Live";
---
> "QAj-rG-1VF.ibShadowedLabels[2]" = "ライブ";
36c36
< "UPs-WV-nKN.headerCell.title" = "Page";
---
> "UPs-WV-nKN.headerCell.title" = "ページ";
39c39
< "Yyl-Bx-V75.title" = "Profile:";
---
> "Yyl-Bx-V75.title" = "プロファイル:";
42c42
< "aLO-n0-8fW.title" = "Create preset…";
---
> "aLO-n0-8fW.title" = "プリセットを作成…";
45c45
< "aLU-13-tN7.title" = "Manage presets";
---
> "aLU-13-tN7.title" = "プリセットの管理";
51c51
< "jDN-mO-Qk6.title" = "Fix";
---
> "jDN-mO-Qk6.title" = "修正";
54c54
< "kLJ-Ag-DU1.title" = "Check Now";
---
> "kLJ-Ag-DU1.title" = "今すぐチェック";
57c57
< "oT0-bd-4yw.title" = "Letter";
---
> "oT0-bd-4yw.title" = "レター";
63c63
< "q4t-dy-7YO.title" = "Check:";
---
> "q4t-dy-7YO.title" = "チェック:";
