26,27c26,27
< /* Class = "NSButtonCell"; title = "Reset Brushes"; ObjectID = "136"; */
< "136.title" = "Reset Brushes";
---
> /* Class = "NSButtonCell"; title = "브러시 재설정"; ObjectID = "136"; */
> "136.title" = "브러시 재설정";
29,30c29,30
< /* Class = "NSButtonCell"; title = "Reset Fills"; ObjectID = "138"; */
< "138.title" = "Reset Fills";
---
> /* Class = "NSButtonCell"; title = "칠 재설정"; ObjectID = "138"; */
> "138.title" = "칠 재설정";
80,81c80,81
< /* Class = "NSTextFieldCell"; title = "Document"; ObjectID = "0Kk-WY-Uht"; */
< "0Kk-WY-Uht.title" = "Document";
---
> /* Class = "NSTextFieldCell"; title = "문서"; ObjectID = "0Kk-WY-Uht"; */
> "0Kk-WY-Uht.title" = "문서";
83,84c83,84
< /* Class = "NSMenuItem"; title = "Monthly"; ObjectID = "10A-2O-k7o"; */
< "10A-2O-k7o.title" = "Monthly";
---
> /* Class = "NSMenuItem"; title = "매월"; ObjectID = "10A-2O-k7o"; */
> "10A-2O-k7o.title" = "매월";
92c92
< /* Class = "NSTextFieldCell"; title = "Centimetres:"; ObjectID = "2em-7g-TVI"; */
---
> /* Class = "NSTextFieldCell"; title = "센티미터:"; ObjectID = "2em-7g-TVI"; */
95,96c95,96
< /* Class = "NSButtonCell"; title = "Add"; ObjectID = "2hs-d2-ydE"; */
< "2hs-d2-ydE.title" = "Add";
---
> /* Class = "NSButtonCell"; title = "추가"; ObjectID = "2hs-d2-ydE"; */
> "2hs-d2-ydE.title" = "추가";
116,117c116,117
< /* Class = "NSTextFieldCell"; title = "Tool Handle Size:"; ObjectID = "4A0-aG-lvk"; */
< "4A0-aG-lvk.title" = "Tool Handle Size:";
---
> /* Class = "NSTextFieldCell"; title = "도구 손잡이 크기:"; ObjectID = "4A0-aG-lvk"; */
> "4A0-aG-lvk.title" = "도구 손잡이 크기:";
122,123c122,123
< /* Class = "NSTextFieldCell"; title = "Text Cell"; ObjectID = "5Q9-Ki-iyd"; */
< "5Q9-Ki-iyd.title" = "Text Cell";
---
> /* Class = "NSTextFieldCell"; title = "텍스트 셀"; ObjectID = "5Q9-Ki-iyd"; */
> "5Q9-Ki-iyd.title" = "텍스트 셀";
125,126c125,126
< /* Class = "NSTextFieldCell"; title = "Text Cell"; ObjectID = "67i-DT-CNB"; */
< "67i-DT-CNB.title" = "Text Cell";
---
> /* Class = "NSTextFieldCell"; title = "텍스트 셀"; ObjectID = "67i-DT-CNB"; */
> "67i-DT-CNB.title" = "텍스트 셀";
128,129c128,129
< /* Class = "NSTextFieldCell"; title = "Text Cell"; ObjectID = "6lR-wM-Xw8"; */
< "6lR-wM-Xw8.title" = "Text Cell";
---
> /* Class = "NSTextFieldCell"; title = "텍스트 셀"; ObjectID = "6lR-wM-Xw8"; */
> "6lR-wM-Xw8.title" = "텍스트 셀";
134,135c134,135
< /* Class = "NSTextFieldCell"; title = "Picas:"; ObjectID = "8WD-5D-Yp9"; */
< "8WD-5D-Yp9.title" = "Picas:";
---
> /* Class = "NSTextFieldCell"; title = "파이카:"; ObjectID = "8WD-5D-Yp9"; */
> "8WD-5D-Yp9.title" = "파이카:";
161,162c161,162
< /* Class = "NSTextFieldCell"; title = "Feet:"; ObjectID = "Ag7-1X-Pgy"; */
< "Ag7-1X-Pgy.title" = "Feet:";
---
> /* Class = "NSTextFieldCell"; title = "피트:"; ObjectID = "Ag7-1X-Pgy"; */
> "Ag7-1X-Pgy.title" = "피트:";
188,189c188,189
< /* Class = "NSButtonCell"; title = "Add"; ObjectID = "Czu-ld-vwy"; */
< "Czu-ld-vwy.title" = "Add";
---
> /* Class = "NSButtonCell"; title = "추가"; ObjectID = "Czu-ld-vwy"; */
> "Czu-ld-vwy.title" = "추가";
200,201c200,201
< /* Class = "NSTextFieldCell"; title = "Text Cell"; ObjectID = "EGC-Td-Cj1"; */
< "EGC-Td-Cj1.title" = "Text Cell";
---
> /* Class = "NSTextFieldCell"; title = "텍스트 셀"; ObjectID = "EGC-Td-Cj1"; */
> "EGC-Td-Cj1.title" = "텍스트 셀";
221,222c221,222
< /* Class = "NSTextFieldCell"; title = "Text Cell"; ObjectID = "Gpm-7V-BQc"; */
< "Gpm-7V-BQc.title" = "Text Cell";
---
> /* Class = "NSTextFieldCell"; title = "텍스트 셀"; ObjectID = "Gpm-7V-BQc"; */
> "Gpm-7V-BQc.title" = "텍스트 셀";
230,231c230,231
< /* Class = "NSButtonCell"; title = "Remove"; ObjectID = "Hca-bR-5lw"; */
< "Hca-bR-5lw.title" = "Remove";
---
> /* Class = "NSButtonCell"; title = "지우기"; ObjectID = "Hca-bR-5lw"; */
> "Hca-bR-5lw.title" = "지우기";
251,252c251,252
< /* Class = "NSButtonCell"; title = "Remove"; ObjectID = "JAA-OP-cHT"; */
< "JAA-OP-cHT.title" = "Remove";
---
> /* Class = "NSButtonCell"; title = "지우기"; ObjectID = "JAA-OP-cHT"; */
> "JAA-OP-cHT.title" = "지우기";
290,291c290,291
< /* Class = "NSMenuItem"; title = "Saturation"; ObjectID = "LW8-fO-HUf"; */
< "LW8-fO-HUf.title" = "Saturation";
---
> /* Class = "NSMenuItem"; title = "채도"; ObjectID = "LW8-fO-HUf"; */
> "LW8-fO-HUf.title" = "채도";
302,303c302,303
< /* Class = "NSMenuItem"; title = "Never"; ObjectID = "MIf-Oa-R60"; */
< "MIf-Oa-R60.title" = "Never";
---
> /* Class = "NSMenuItem"; title = "하지 않음"; ObjectID = "MIf-Oa-R60"; */
> "MIf-Oa-R60.title" = "하지 않음";
326,327c326,327
< /* Class = "NSButtonCell"; title = "and warn"; ObjectID = "Ohv-Qn-qnu"; */
< "Ohv-Qn-qnu.title" = "and warn";
---
> /* Class = "NSButtonCell"; title = "경고"; ObjectID = "Ohv-Qn-qnu"; */
> "Ohv-Qn-qnu.title" = "경고";
368,369c368,369
< /* Class = "NSMenuItem"; title = "Daily"; ObjectID = "SAm-r5-oEF"; */
< "SAm-r5-oEF.title" = "Daily";
---
> /* Class = "NSMenuItem"; title = "매일"; ObjectID = "SAm-r5-oEF"; */
> "SAm-r5-oEF.title" = "매일";
371,372c371,372
< /* Class = "NSButtonCell"; title = "Load"; ObjectID = "SZh-eH-JZF"; */
< "SZh-eH-JZF.title" = "Load";
---
> /* Class = "NSButtonCell"; title = "불러오기"; ObjectID = "SZh-eH-JZF"; */
> "SZh-eH-JZF.title" = "불러오기";
419,420c419,420
< /* Class = "NSTextFieldCell"; title = "Text"; ObjectID = "ZlX-bP-RZL"; */
< "ZlX-bP-RZL.title" = "Text";
---
> /* Class = "NSTextFieldCell"; title = "텍스트"; ObjectID = "ZlX-bP-RZL"; */
> "ZlX-bP-RZL.title" = "텍스트";
431,432c431,432
< /* Class = "NSTextFieldCell"; title = "Text Cell"; ObjectID = "aFw-bD-sZR"; */
< "aFw-bD-sZR.title" = "Text Cell";
---
> /* Class = "NSTextFieldCell"; title = "텍스트 셀"; ObjectID = "aFw-bD-sZR"; */
> "aFw-bD-sZR.title" = "텍스트 셀";
440,441c440,441
< /* Class = "NSTextFieldCell"; title = "Text Cell"; ObjectID = "ajJ-Af-1Rj"; */
< "ajJ-Af-1Rj.title" = "Text Cell";
---
> /* Class = "NSTextFieldCell"; title = "텍스트 셀"; ObjectID = "ajJ-Af-1Rj"; */
> "ajJ-Af-1Rj.title" = "텍스트 셀";
452,453c452,453
< /* Class = "NSButtonCell"; title = "Reset"; ObjectID = "brD-ZI-VQ6"; */
< "brD-ZI-VQ6.title" = "Reset";
---
> /* Class = "NSButtonCell"; title = "재설정"; ObjectID = "brD-ZI-VQ6"; */
> "brD-ZI-VQ6.title" = "재설정";
461,462c461,462
< /* Class = "NSButtonCell"; title = "Show brush previews"; ObjectID = "cM0-lx-OpF"; */
< "cM0-lx-OpF.title" = "Show brush previews";
---
> /* Class = "NSButtonCell"; title = "브러시 미리보기 보기"; ObjectID = "cM0-lx-OpF"; */
> "cM0-lx-OpF.title" = "브러시 미리보기 보기";
467,468c467,468
< /* Class = "NSButtonCell"; title = "Reset Fonts"; ObjectID = "cvf-Ij-dft"; */
< "cvf-Ij-dft.title" = "Reset Fonts";
---
> /* Class = "NSButtonCell"; title = "서체 재설정"; ObjectID = "cvf-Ij-dft"; */
> "cvf-Ij-dft.title" = "서체 재설정";
473,474c473,474
< /* Class = "NSTextFieldCell"; title = "Text Cell"; ObjectID = "e9o-Fx-R2e"; */
< "e9o-Fx-R2e.title" = "Text Cell";
---
> /* Class = "NSTextFieldCell"; title = "텍스트 셀"; ObjectID = "e9o-Fx-R2e"; */
> "e9o-Fx-R2e.title" = "텍스트 셀";
497,498c497,498
< /* Class = "NSButtonCell"; title = "Remove"; ObjectID = "fxC-GT-H7W"; */
< "fxC-GT-H7W.title" = "Remove";
---
> /* Class = "NSButtonCell"; title = "지우기"; ObjectID = "fxC-GT-H7W"; */
> "fxC-GT-H7W.title" = "지우기";
524,525c524,525
< /* Class = "NSTextFieldCell"; title = "Points:"; ObjectID = "hLc-I2-9F6"; */
< "hLc-I2-9F6.title" = "Points:";
---
> /* Class = "NSTextFieldCell"; title = "포인트:"; ObjectID = "hLc-I2-9F6"; */
> "hLc-I2-9F6.title" = "포인트:";
530,531c530,531
< /* Class = "NSTextFieldCell"; title = "Text Cell"; ObjectID = "hfh-Uj-tKa"; */
< "hfh-Uj-tKa.title" = "Text Cell";
---
> /* Class = "NSTextFieldCell"; title = "텍스트 셀"; ObjectID = "hfh-Uj-tKa"; */
> "hfh-Uj-tKa.title" = "텍스트 셀";
533,534c533,534
< /* Class = "NSButtonCell"; title = "Always show brush crosshair"; ObjectID = "hhS-Fd-NXj"; */
< "hhS-Fd-NXj.title" = "Always show brush crosshair";
---
> /* Class = "NSButtonCell"; title = "브러시 십자선 항상 보기"; ObjectID = "hhS-Fd-NXj"; */
> "hhS-Fd-NXj.title" = "브러시 십자선 항상 보기";
542,543c542,543
< /* Class = "NSTextFieldCell"; title = "Yards:"; ObjectID = "i9X-e6-6vh"; */
< "i9X-e6-6vh.title" = "Yards:";
---
> /* Class = "NSTextFieldCell"; title = "야드:"; ObjectID = "i9X-e6-6vh"; */
> "i9X-e6-6vh.title" = "야드:";
566,567c566,567
< /* Class = "NSTextFieldCell"; title = "Decimal Places for Unit Types:"; ObjectID = "lVv-ZL-7fT"; */
< "lVv-ZL-7fT.title" = "Decimal Places for Unit Types:";
---
> /* Class = "NSTextFieldCell"; title = "단위 종류별 소수점 위치:"; ObjectID = "lVv-ZL-7fT"; */
> "lVv-ZL-7fT.title" = "단위 종류별 소수점 위치:";
569,570c569,570
< /* Class = "NSTextFieldCell"; title = "Text Cell"; ObjectID = "ldm-bB-6lv"; */
< "ldm-bB-6lv.title" = "Text Cell";
---
> /* Class = "NSTextFieldCell"; title = "텍스트 셀"; ObjectID = "ldm-bB-6lv"; */
> "ldm-bB-6lv.title" = "텍스트 셀";
590,591c590,591
< /* Class = "NSButtonCell"; title = "Add"; ObjectID = "nUv-nQ-bej"; */
< "nUv-nQ-bej.title" = "Add";
---
> /* Class = "NSButtonCell"; title = "추가"; ObjectID = "nUv-nQ-bej"; */
> "nUv-nQ-bej.title" = "추가";
593,594c593,594
< /* Class = "NSButtonCell"; title = "Default"; ObjectID = "o2K-Nt-f8S"; */
< "o2K-Nt-f8S.title" = "Default";
---
> /* Class = "NSButtonCell"; title = "기본값"; ObjectID = "o2K-Nt-f8S"; */
> "o2K-Nt-f8S.title" = "기본값";
599,600c599,600
< /* Class = "NSTextFieldCell"; title = "UI Style:"; ObjectID = "oJ5-8y-OKL"; */
< "oJ5-8y-OKL.title" = "UI Style:";
---
> /* Class = "NSTextFieldCell"; title = "UI 스타일:"; ObjectID = "oJ5-8y-OKL"; */
> "oJ5-8y-OKL.title" = "UI 스타일:";
614,615c614,615
< /* Class = "NSButtonCell"; title = "Save"; ObjectID = "pXn-qP-5dD"; */
< "pXn-qP-5dD.title" = "Save";
---
> /* Class = "NSButtonCell"; title = "저장"; ObjectID = "pXn-qP-5dD"; */
> "pXn-qP-5dD.title" = "저장";
617c617
< /* Class = "NSTextFieldCell"; title = "Metres:"; ObjectID = "pZf-xD-X6j"; */
---
> /* Class = "NSTextFieldCell"; title = "미터:"; ObjectID = "pZf-xD-X6j"; */
623,624c623,624
< /* Class = "NSTextFieldCell"; title = "Text Cell"; ObjectID = "qSV-mQ-VUP"; */
< "qSV-mQ-VUP.title" = "Text Cell";
---
> /* Class = "NSTextFieldCell"; title = "텍스트 셀"; ObjectID = "qSV-mQ-VUP"; */
> "qSV-mQ-VUP.title" = "텍스트 셀";
626,627c626,627
< /* Class = "NSTextFieldCell"; title = "Text Cell"; ObjectID = "qWR-Dy-9Pl"; */
< "qWR-Dy-9Pl.title" = "Text Cell";
---
> /* Class = "NSTextFieldCell"; title = "텍스트 셀"; ObjectID = "qWR-Dy-9Pl"; */
> "qWR-Dy-9Pl.title" = "텍스트 셀";
638,639c638,639
< /* Class = "NSMenuItem"; title = "Weekly"; ObjectID = "rH6-JP-CII"; */
< "rH6-JP-CII.title" = "Weekly";
---
> /* Class = "NSMenuItem"; title = "매주"; ObjectID = "rH6-JP-CII"; */
> "rH6-JP-CII.title" = "매주";
653,654c653,654
< /* Class = "NSButtonCell"; title = "Remove"; ObjectID = "sK1-2C-auM"; */
< "sK1-2C-auM.title" = "Remove";
---
> /* Class = "NSButtonCell"; title = "지우기"; ObjectID = "sK1-2C-auM"; */
> "sK1-2C-auM.title" = "지우기";
656,657c656,657
< /* Class = "NSButtonCell"; title = "Close"; ObjectID = "sUW-n4-Gs8"; */
< "sUW-n4-Gs8.title" = "Close";
---
> /* Class = "NSButtonCell"; title = "닫기"; ObjectID = "sUW-n4-Gs8"; */
> "sUW-n4-Gs8.title" = "닫기";
659,660c659,660
< /* Class = "NSButtonCell"; title = "Add"; ObjectID = "srO-bO-lsi"; */
< "srO-bO-lsi.title" = "Add";
---
> /* Class = "NSButtonCell"; title = "추가"; ObjectID = "srO-bO-lsi"; */
> "srO-bO-lsi.title" = "추가";
665,666c665,666
< /* Class = "NSTextFieldCell"; title = "Check for updates:"; ObjectID = "tCR-Fz-UYe"; */
< "tCR-Fz-UYe.title" = "Check for updates:";
---
> /* Class = "NSTextFieldCell"; title = "업데이트 확인:"; ObjectID = "tCR-Fz-UYe"; */
> "tCR-Fz-UYe.title" = "업데이트 확인:";
668,669c668,669
< /* Class = "NSTextFieldCell"; title = "Degrees:"; ObjectID = "tHV-mB-1dl"; */
< "tHV-mB-1dl.title" = "Degrees:";
---
> /* Class = "NSTextFieldCell"; title = "각도:"; ObjectID = "tHV-mB-1dl"; */
> "tHV-mB-1dl.title" = "각도:";
677,678c677,678
< /* Class = "NSTextFieldCell"; title = "Pixels:"; ObjectID = "taV-Af-jHh"; */
< "taV-Af-jHh.title" = "Pixels:";
---
> /* Class = "NSTextFieldCell"; title = "픽셀:"; ObjectID = "taV-Af-jHh"; */
> "taV-Af-jHh.title" = "픽셀:";
680c680
< /* Class = "NSTextFieldCell"; title = "Millimetres:"; ObjectID = "thh-vz-zNv"; */
---
> /* Class = "NSTextFieldCell"; title = "밀리미터:"; ObjectID = "thh-vz-zNv"; */
686,687c686,687
< /* Class = "NSButtonCell"; title = "Add"; ObjectID = "twM-cH-hNT"; */
< "twM-cH-hNT.title" = "Add";
---
> /* Class = "NSButtonCell"; title = "추가"; ObjectID = "twM-cH-hNT"; */
> "twM-cH-hNT.title" = "추가";
698,699c698,699
< /* Class = "NSButtonCell"; title = "Factory Reset"; ObjectID = "udH-9x-fd8"; */
< "udH-9x-fd8.title" = "Factory Reset";
---
> /* Class = "NSButtonCell"; title = "기본값 재설정"; ObjectID = "udH-9x-fd8"; */
> "udH-9x-fd8.title" = "기본값 재설정";
707,708c707,708
< /* Class = "NSButtonCell"; title = "Remove"; ObjectID = "v2W-TQ-upg"; */
< "v2W-TQ-upg.title" = "Remove";
---
> /* Class = "NSButtonCell"; title = "지우기"; ObjectID = "v2W-TQ-upg"; */
> "v2W-TQ-upg.title" = "지우기";
746,747c746,747
< /* Class = "NSTableColumn"; headerCell.title = "Plugin"; ObjectID = "xLS-NV-SsZ"; */
< "xLS-NV-SsZ.headerCell.title" = "Plugin";
---
> /* Class = "NSTableColumn"; headerCell.title = "플러그인"; ObjectID = "xLS-NV-SsZ"; */
> "xLS-NV-SsZ.headerCell.title" = "플러그인";
