1c1,2
< 3c3
---
> 2,3c2,3
> < /* Class = "NSMenuItem"; title = "Custom"; ObjectID = "3qi-44-PlX"; */
4,6c5,9
< > "3qi-44-PlX.title" = "カスタム";
< 6c6
< < "3uF-Sk-pDh.headerCell.title" = "Error";
---
> > /* Class = "NSMenuItem"; title = "사용자화"; ObjectID = "3qi-44-PlX"; */
> > "3qi-44-PlX.title" = "사용자화";
> 11,12c11,12
> < /* Class = "NSTextFieldCell"; title = "Text Cell"; ObjectID = "Cb6-rz-ItV"; */
> < "Cb6-rz-ItV.title" = "Text Cell";
8,10c11,15
< > "3uF-Sk-pDh.headerCell.title" = "エラー";
< 15c15
< < "DV2-WL-8dS.title" = "Edit profile";
---
> > /* Class = "NSTextFieldCell"; title = "텍스트 셀"; ObjectID = "Cb6-rz-ItV"; */
> > "Cb6-rz-ItV.title" = "텍스트 셀";
> 17,18c17,18
> < /* Class = "NSTextFieldCell"; title = "Text Cell"; ObjectID = "Dvn-IJ-JQb"; */
> < "Dvn-IJ-JQb.title" = "Text Cell";
12,13c17,26
< > "DV2-WL-8dS.title" = "プロファイルを編集";
< 27c27
---
> > /* Class = "NSTextFieldCell"; title = "텍스트 셀"; ObjectID = "Dvn-IJ-JQb"; */
> > "Dvn-IJ-JQb.title" = "텍스트 셀";
> 20,21c20,21
> < /* Class = "NSTextFieldCell"; title = "Text Cell"; ObjectID = "Gnz-jH-hNx"; */
> < "Gnz-jH-hNx.title" = "Text Cell";
> ---
> > /* Class = "NSTextFieldCell"; title = "텍스트 셀"; ObjectID = "Gnz-jH-hNx"; */
> > "Gnz-jH-hNx.title" = "텍스트 셀";
> 26,27c26,27
> < /* Class = "NSSegmentedCell"; QAj-rG-1VF.ibShadowedLabels[0] = "Never"; ObjectID = "QAj-rG-1VF"; */
16,17c29,32
< > "QAj-rG-1VF.ibShadowedLabels[0]" = "チェックしない";
< 30c30
---
> > /* Class = "NSSegmentedCell"; QAj-rG-1VF.ibShadowedLabels[0] = "하지 않음"; ObjectID = "QAj-rG-1VF"; */
> > "QAj-rG-1VF.ibShadowedLabels[0]" = "하지 않음";
> 29,30c29,30
> < /* Class = "NSSegmentedCell"; QAj-rG-1VF.ibShadowedLabels[1] = "Export"; ObjectID = "QAj-rG-1VF"; */
20,25c35,38
< > "QAj-rG-1VF.ibShadowedLabels[1]" = "書き出し";
< 33c33
< < "QAj-rG-1VF.ibShadowedLabels[2]" = "Live";
< ---
< > "QAj-rG-1VF.ibShadowedLabels[2]" = "ライブ";
< 36c36
---
> > /* Class = "NSSegmentedCell"; QAj-rG-1VF.ibShadowedLabels[1] = "내보내기"; ObjectID = "QAj-rG-1VF"; */
> > "QAj-rG-1VF.ibShadowedLabels[1]" = "내보내기";
> 35,36c35,36
> < /* Class = "NSTableColumn"; headerCell.title = "Page"; ObjectID = "UPs-WV-nKN"; */
28,29c41,44
< > "UPs-WV-nKN.headerCell.title" = "ページ";
< 39c39
---
> > /* Class = "NSTableColumn"; headerCell.title = "페이지"; ObjectID = "UPs-WV-nKN"; */
> > "UPs-WV-nKN.headerCell.title" = "페이지";
> 38,39c38,39
> < /* Class = "NSTextFieldCell"; title = "Profile:"; ObjectID = "Yyl-Bx-V75"; */
32,34c47,51
< > "Yyl-Bx-V75.title" = "プロファイル:";
< 42c42
< < "aLO-n0-8fW.title" = "Create preset…";
---
> > /* Class = "NSTextFieldCell"; title = "프로파일:"; ObjectID = "Yyl-Bx-V75"; */
> > "Yyl-Bx-V75.title" = "프로파일:";
> 65,66c65,66
> < /* Class = "NSTextFieldCell"; title = "Text Cell"; ObjectID = "xcA-rU-NtY"; */
> < "xcA-rU-NtY.title" = "Text Cell";
36,56c53,54
< > "aLO-n0-8fW.title" = "プリセットを作成…";
< 45c45
< < "aLU-13-tN7.title" = "Manage presets";
< ---
< > "aLU-13-tN7.title" = "プリセットの管理";
< 51c51
< < "jDN-mO-Qk6.title" = "Fix";
< ---
< > "jDN-mO-Qk6.title" = "修正";
< 54c54
< < "kLJ-Ag-DU1.title" = "Check Now";
< ---
< > "kLJ-Ag-DU1.title" = "今すぐチェック";
< 57c57
< < "oT0-bd-4yw.title" = "Letter";
< ---
< > "oT0-bd-4yw.title" = "レター";
< 63c63
< < "q4t-dy-7YO.title" = "Check:";
< ---
< > "q4t-dy-7YO.title" = "チェック:";
---
> > /* Class = "NSTextFieldCell"; title = "텍스트 셀"; ObjectID = "xcA-rU-NtY"; */
> > "xcA-rU-NtY.title" = "텍스트 셀";
