2,8c2
< 12c12
< 15c15
< 18c18
< 3c3
< 6c6
< < "F0z-JX-Cv5.title" = "Preflight Comment";
< < "HNC-PO-JjN.ibShadowedToolTip" = "Enter a name for the preset";
---
> 11,12c11,12
10,16c4,6
< < "tfI-u1-DXh.placeholderString" = "Enter a reminder to appear in preflight";
< < "xdh-2Q-KKj.title" = "Comment:";
< > "F0z-JX-Cv5.title" = "プリフライトコメント";
< > "HNC-PO-JjN.ibShadowedToolTip" = "プリセットの名前を入力";
< > "oqI-3l-KrN.title" = "キャンセル";
< > "tfI-u1-DXh.placeholderString" = "プレフライトに表示するリマインダーを入力";
< > "xdh-2Q-KKj.title" = "コメント:";
---
> < /* Class = "NSButtonCell"; title = "Cancel"; ObjectID = "oqI-3l-KrN"; */
> > "oqI-3l-KrN.title" = "취소";
> > /* Class = "NSButtonCell"; title = "취소"; ObjectID = "oqI-3l-KrN"; */
