2,7c2
< 12c12
< 18c18
< 21c21
< 3c3
< 6c6
< 9c9
---
> 2,3c2,3
9,19c4,6
< < "67K-LN-16B.title" = "Replace";
< < "CHo-O7-99J.title" = "Replace preset";
< < "LmR-rb-hmS.ibShadowedToolTip" = "Select a Snapping options preset, or configure your own settings";
< < "c0d-b6-9hv.title" = "Warning: This cannot be undone and will replace the existing preset.";
< < "lpo-3e-OG6.title" = "Select a preset to replace";
< > "08d-Ns-xUu.title" = "キャンセル";
< > "67K-LN-16B.title" = "置換";
< > "CHo-O7-99J.title" = "プリセットの置換";
< > "LmR-rb-hmS.ibShadowedToolTip" = "いずれかのスナップオプションプリセットを選択するか、独自の設定値を設定します";
< > "c0d-b6-9hv.title" = "警告: 既存のプリセットが置き換えられます。この操作は取り消せません。";
< > "lpo-3e-OG6.title" = "置き換えるプリセットを選択";
---
> > "08d-Ns-xUu.title" = "취소";
