2,3c2,3
< /* Class = "NSTextFieldCell"; title = "Style"; ObjectID = "106"; */
< "106.title" = "Style";
---
> /* Class = "NSTextFieldCell"; title = "스타일"; ObjectID = "106"; */
> "106.title" = "스타일";
5,6c5,6
< /* Class = "NSMenuItem"; title = "Rename Preset..."; ObjectID = "144"; */
< "144.title" = "Rename Preset...";
---
> /* Class = "NSMenuItem"; title = "미리 설정 이름 변경..."; ObjectID = "144"; */
> "144.title" = "미리 설정 이름 변경...";
8,9c8,9
< /* Class = "NSMenuItem"; title = "Delete Preset"; ObjectID = "146"; */
< "146.title" = "Delete Preset";
---
> /* Class = "NSMenuItem"; title = "미리 설정 지우기"; ObjectID = "146"; */
> "146.title" = "미리 설정 지우기";
11,12c11,12
< /* Class = "NSMenuItem"; title = "Revert user changes"; ObjectID = "X5a-CO-c9Z"; */
< "X5a-CO-c9Z.title" = "Revert user changes";
---
> /* Class = "NSMenuItem"; title = "사용자 변경 되돌리기"; ObjectID = "X5a-CO-c9Z"; */
> "X5a-CO-c9Z.title" = "사용자 변경 되돌리기";
14,15c14,15
< /* Class = "NSMenuItem"; title = "Export preset..."; ObjectID = "X5r-Q5-FoB"; */
< "X5r-Q5-FoB.title" = "Export preset...";
---
> /* Class = "NSMenuItem"; title = "내보내기 미리 설정..."; ObjectID = "X5r-Q5-FoB"; */
> "X5r-Q5-FoB.title" = "내보내기 미리 설정...";
17,18c17,18
< /* Class = "NSTextFieldCell"; title = "Style"; ObjectID = "ixE-Kk-ma5"; */
< "ixE-Kk-ma5.title" = "Style";
---
> /* Class = "NSTextFieldCell"; title = "스타일"; ObjectID = "ixE-Kk-ma5"; */
> "ixE-Kk-ma5.title" = "스타일";
