3c3
< "08d-Ns-xUu.title" = "Cancel";
---
> "08d-Ns-xUu.title" = "キャンセル";
6c6
< "67K-LN-16B.title" = "Rename";
---
> "67K-LN-16B.title" = "名前を変更";
9c9
< "CHo-O7-99J.title" = "Rename preset";
---
> "CHo-O7-99J.title" = "プリセット名の変更";
12c12
< "Cq9-yS-SPn.placeholderString" = "Enter a name for the preset";
---
> "Cq9-yS-SPn.placeholderString" = "プリセットの名前を入力";
15c15
< "hUj-0e-2hS.title" = "Preset name:";
---
> "hUj-0e-2hS.title" = "プリセット名:";
18c18
< "oNK-SY-aaK.ibShadowedToolTip" = "Enter a name for the preset";
---
> "oNK-SY-aaK.ibShadowedToolTip" = "プリセットの名前を入力";
