---
2,3c2,3
23,24c23,24
5,6c5,6
8,9c8,9
< "08d-Ns-xUu.title" = "Cancel";
< "67K-LN-16B.title" = "Create";
< "CHo-O7-99J.title" = "Create preset";
< "hUj-0e-2hS.title" = "Preset name:";
< /* Class = "NSButtonCell"; title = "Cancel"; ObjectID = "08d-Ns-xUu"; */
< /* Class = "NSButtonCell"; title = "Create"; ObjectID = "67K-LN-16B"; */
< /* Class = "NSTextFieldCell"; title = "Preset name:"; ObjectID = "hUj-0e-2hS"; */
< /* Class = "NSWindow"; title = "Create preset"; ObjectID = "CHo-O7-99J"; */
> "08d-Ns-xUu.title" = "취소";
> "67K-LN-16B.title" = "생성";
> "CHo-O7-99J.title" = "미리 설정 생성";
> "hUj-0e-2hS.title" = "Enter a name for the preset";
> /* Class = "NSButtonCell"; title = "취소"; ObjectID = "08d-Ns-xUu"; */
> /* Class = "NSButtonCell"; title = "생성"; ObjectID = "67K-LN-16B"; */
> /* Class = "NSTextFieldCell"; title = "Enter a name for the preset"; ObjectID = "hUj-0e-2hS"; */
> /* Class = "NSWindow"; title = "미리 설정 생성"; ObjectID = "CHo-O7-99J"; */
