5,12c5,8
< ---
< ---
< 12c12
< 15c15
< 18c18
< 3c3
< 6c6
< 9c9
---
> 14,15c14,15
> 2,3c2,3
> 5,6c5,6
> 8,9c8,9
16d11
< < "Cq9-yS-SPn.placeholderString" = "Enter a name for the preset";
18,24c13,24
< < "oNK-SY-aaK.ibShadowedToolTip" = "Enter a name for the preset";
< > "08d-Ns-xUu.title" = "キャンセル";
< > "67K-LN-16B.title" = "名前を変更";
< > "CHo-O7-99J.title" = "プリセット名の変更";
< > "Cq9-yS-SPn.placeholderString" = "プリセットの名前を入力";
< > "hUj-0e-2hS.title" = "プリセット名:";
< > "oNK-SY-aaK.ibShadowedToolTip" = "プリセットの名前を入力";
---
> < /* Class = "NSButtonCell"; title = "Cancel"; ObjectID = "08d-Ns-xUu"; */
> < /* Class = "NSButtonCell"; title = "Rename"; ObjectID = "67K-LN-16B"; */
> < /* Class = "NSTextFieldCell"; title = "Preset name:"; ObjectID = "hUj-0e-2hS"; */
> < /* Class = "NSWindow"; title = "Rename preset"; ObjectID = "CHo-O7-99J"; */
> > "08d-Ns-xUu.title" = "취소";
> > "67K-LN-16B.title" = "이름 변경";
> > "CHo-O7-99J.title" = "미리 설정 이름 변경";
> > "hUj-0e-2hS.title" = "Enter a name for the preset";
> > /* Class = "NSButtonCell"; title = "이름 변경"; ObjectID = "67K-LN-16B"; */
> > /* Class = "NSButtonCell"; title = "취소"; ObjectID = "08d-Ns-xUu"; */
> > /* Class = "NSTextFieldCell"; title = "Enter a name for the preset"; ObjectID = "hUj-0e-2hS"; */
> > /* Class = "NSWindow"; title = "미리 설정 이름 변경"; ObjectID = "CHo-O7-99J"; */
