1,28d0
< ---
< ---
< ---
< ---
< ---
< ---
< ---
< 12c12
< 15c15
< 18c18
< 21c21
< 3c3
< 6c6
< 9c9
< < "1qk-jS-SBB.title" = "Include crop marks";
< < "Eou-dp-vWl.title" = "Include color bars";
< < "JFj-0h-5BO.title" = "Include bleed";
< < "MIu-i5-fU6.title" = "Include printers marks";
< < "OVa-G0-Sn6.title" = "Include page information";
< < "lcN-e2-Mwe.title" = "Include registration marks";
< < "s51-Cg-fdh.title" = "Edge only";
< > "1qk-jS-SBB.title" = "コーナートンボを含める";
< > "Eou-dp-vWl.title" = "カラーバーを含める";
< > "JFj-0h-5BO.title" = "裁ち落としを含める";
< > "MIu-i5-fU6.title" = "プリンターマークを含める";
< > "OVa-G0-Sn6.title" = "ページ情報を含める";
< > "lcN-e2-Mwe.title" = "レジストレーションマークを含める";
< > "s51-Cg-fdh.title" = "エッジのみ";
