3c3
< "1qk-jS-SBB.title" = "Include crop marks";
---
> "1qk-jS-SBB.title" = "コーナートンボを含める";
6c6
< "Eou-dp-vWl.title" = "Include color bars";
---
> "Eou-dp-vWl.title" = "カラーバーを含める";
9c9
< "JFj-0h-5BO.title" = "Include bleed";
---
> "JFj-0h-5BO.title" = "裁ち落としを含める";
12c12
< "MIu-i5-fU6.title" = "Include printers marks";
---
> "MIu-i5-fU6.title" = "プリンターマークを含める";
15c15
< "OVa-G0-Sn6.title" = "Include page information";
---
> "OVa-G0-Sn6.title" = "ページ情報を含める";
18c18
< "lcN-e2-Mwe.title" = "Include registration marks";
---
> "lcN-e2-Mwe.title" = "レジストレーションマークを含める";
21c21
< "s51-Cg-fdh.title" = "Edge only";
---
> "s51-Cg-fdh.title" = "エッジのみ";
