2,28c2,8
< 12c12
< 15c15
< 18c18
< 21c21
< 24c24
< 27c27
< 30c30
< 33c33
< 36c36
< 39c39
< 3c3
< 42c42
< 45c45
< 48c48
< 51c51
< 54c54
< 57c57
< 60c60
< 63c63
< 66c66
< 69c69
< 6c6
< 9c9
< < "0Ay-6l-gqe.title" = "Skip:";
< < "6LW-my-jwz.title" = "Across:";
< < "C8j-Hh-853.title" = "Fill last page";
< < "F8W-Jd-ZlD.title" = "Overlap:";
---
> 14,15c14,15
> 17,18c17,18
> 35,36c35,36
> 47,48c47,48
> 50,51c50,51
> 62,63c62,63
> 68,69c68,69
31,35d10
< < "JTu-KU-y3e.title" = "Model:";
< < "Kbd-s8-qwq.ibShadowedToolTip" = "Top Offset";
< < "Ly5-x1-mDL.ibShadowedToolTip" = "Vertical Gap";
< < "QA0-54-fjt.ibShadowedToolTip" = "Horizontal Gap";
< < "QsW-ej-okK.title" = "VGap:";
37,39d11
< < "d35-zV-MVK.title" = "HGap:";
< < "eYD-UY-N35.ibShadowedToolTip" = "Left Offset";
< < "f0b-fJ-F3h.title" = "Down:";
42,44d13
< < "kVz-ge-mOK.title" = "Item 3";
< < "mBO-6e-Ma8.title" = "Repeat:";
< < "nqI-UU-lm2.title" = "Item 2";
46d14
< < "s48-he-iyp.title" = "Item 1";
48,70c16,36
< > "0Ay-6l-gqe.title" = "スキップ:";
< > "6LW-my-jwz.title" = "全域:";
< > "C8j-Hh-853.title" = "最後のページを埋める";
< > "F8W-Jd-ZlD.title" = "オーバーラップ:";
< > "FUU-o5-I23.label" = "タブ";
< > "G2V-OH-1ko.label" = "タブ";
< > "JTu-KU-y3e.title" = "モデル:";
< > "Kbd-s8-qwq.ibShadowedToolTip" = "上のオフセット";
< > "Ly5-x1-mDL.ibShadowedToolTip" = "垂直ギャップ";
< > "QA0-54-fjt.ibShadowedToolTip" = "水平ギャップ";
< > "QsW-ej-okK.title" = "垂直ギャップ:";
< > "cB7-q9-lYG.label" = "タブ";
< > "d35-zV-MVK.title" = "水平ギャップ:";
< > "eYD-UY-N35.ibShadowedToolTip" = "左のオフセット";
< > "f0b-fJ-F3h.title" = "下:";
< > "hyp-kx-HSb.title" = "上:";
< > "iFc-LM-s2S.label" = "タブ";
< > "kVz-ge-mOK.title" = "アイテム3";
< > "mBO-6e-Ma8.title" = "繰り返し:";
< > "nqI-UU-lm2.title" = "アイテム2";
< > "rri-6J-KJO.label" = "タブ";
< > "s48-he-iyp.title" = "アイテム1";
< > "whU-z6-Zx2.title" = "左:";
---
> > "FUU-o5-I23.label" = "탭";
> > "G2V-OH-1ko.label" = "탭";
> > "cB7-q9-lYG.label" = "탭";
> > "hyp-kx-HSb.title" = "위쪽:";
> > "iFc-LM-s2S.label" = "탭";
> > "rri-6J-KJO.label" = "탭";
> > "whU-z6-Zx2.title" = "왼쪽:";
