3c3
< "0Ay-6l-gqe.title" = "Skip:";
---
> "0Ay-6l-gqe.title" = "スキップ:";
6c6
< "6LW-my-jwz.title" = "Across:";
---
> "6LW-my-jwz.title" = "全域:";
9c9
< "C8j-Hh-853.title" = "Fill last page";
---
> "C8j-Hh-853.title" = "最後のページを埋める";
12c12
< "F8W-Jd-ZlD.title" = "Overlap:";
---
> "F8W-Jd-ZlD.title" = "オーバーラップ:";
15c15
< "FUU-o5-I23.label" = "Tab";
---
> "FUU-o5-I23.label" = "タブ";
18c18
< "G2V-OH-1ko.label" = "Tab";
---
> "G2V-OH-1ko.label" = "タブ";
21c21
< "JTu-KU-y3e.title" = "Model:";
---
> "JTu-KU-y3e.title" = "モデル:";
24c24
< "Kbd-s8-qwq.ibShadowedToolTip" = "Top Offset";
---
> "Kbd-s8-qwq.ibShadowedToolTip" = "上のオフセット";
27c27
< "Ly5-x1-mDL.ibShadowedToolTip" = "Vertical Gap";
---
> "Ly5-x1-mDL.ibShadowedToolTip" = "垂直ギャップ";
30c30
< "QA0-54-fjt.ibShadowedToolTip" = "Horizontal Gap";
---
> "QA0-54-fjt.ibShadowedToolTip" = "水平ギャップ";
33c33
< "QsW-ej-okK.title" = "VGap:";
---
> "QsW-ej-okK.title" = "垂直ギャップ:";
36c36
< "cB7-q9-lYG.label" = "Tab";
---
> "cB7-q9-lYG.label" = "タブ";
39c39
< "d35-zV-MVK.title" = "HGap:";
---
> "d35-zV-MVK.title" = "水平ギャップ:";
42c42
< "eYD-UY-N35.ibShadowedToolTip" = "Left Offset";
---
> "eYD-UY-N35.ibShadowedToolTip" = "左のオフセット";
45c45
< "f0b-fJ-F3h.title" = "Down:";
---
> "f0b-fJ-F3h.title" = "下:";
48c48
< "hyp-kx-HSb.title" = "Top:";
---
> "hyp-kx-HSb.title" = "上:";
51c51
< "iFc-LM-s2S.label" = "Tab";
---
> "iFc-LM-s2S.label" = "タブ";
54c54
< "kVz-ge-mOK.title" = "Item 3";
---
> "kVz-ge-mOK.title" = "アイテム3";
57c57
< "mBO-6e-Ma8.title" = "Repeat:";
---
> "mBO-6e-Ma8.title" = "繰り返し:";
60c60
< "nqI-UU-lm2.title" = "Item 2";
---
> "nqI-UU-lm2.title" = "アイテム2";
63c63
< "rri-6J-KJO.label" = "Tab";
---
> "rri-6J-KJO.label" = "タブ";
66c66
< "s48-he-iyp.title" = "Item 1";
---
> "s48-he-iyp.title" = "アイテム1";
69c69
< "whU-z6-Zx2.title" = "Left:";
---
> "whU-z6-Zx2.title" = "左:";
