3c3
< "1.title" = "Procedural Texture";
---
> "1.title" = "プロシージャルテクスチャ";
6c6
< "26.title" = "Apply";
---
> "26.title" = "適用";
9c9
< "409.title" = "Cancel";
---
> "409.title" = "キャンセル";
12c12
< "3MB-57-9jg.title" = "Delete Values Preset";
---
> "3MB-57-9jg.title" = "値プリセットを削除";
18c18
< "9jK-bT-Cwe.title" = "Rename Values Preset…";
---
> "9jK-bT-Cwe.title" = "値プリセットの名前を変更…";
21c21
< "FF3-zW-9BI.title" = "Replace Preset…";
---
> "FF3-zW-9BI.title" = "プリセットの置換…";
24c24
< "HAM-xc-XWL.ibShadowedToolTip" = "No split view";
---
> "HAM-xc-XWL.ibShadowedToolTip" = "分割表示なし";
27c27
< "I3r-9f-EIs.ibShadowedToolTip" = "Add equation";
---
> "I3r-9f-EIs.ibShadowedToolTip" = "数式を追加";
30c30
< "KPD-TO-M8a.title" = "Delete Preset";
---
> "KPD-TO-M8a.title" = "プリセットを削除";
36c36
< "O32-9B-Qcb.title" = "Text Cell";
---
> "O32-9B-Qcb.title" = "テキストセル";
39c39
< "OJr-9Q-Zi7.title" = "Preset:";
---
> "OJr-9Q-Zi7.title" = "プリセット:";
42c42
< "QUN-N2-3j8.title" = "Create Preset…";
---
> "QUN-N2-3j8.title" = "プリセットを作成…";
45c45
< "WEp-G8-si7.title" = "Equations";
---
> "WEp-G8-si7.title" = "数式";
48c48
< "XYs-6N-kzE.title" = "Manage Presets…";
---
> "XYs-6N-kzE.title" = "プリセットの管理…";
51c51
< "YM1-iR-xw4.ibShadowedToolTip" = "Mirror view";
---
> "YM1-iR-xw4.ibShadowedToolTip" = "ミラー表示";
54c54
< "Yc8-I5-ftQ.ibShadowedToolTip" = "Select a preset, or configure your own settings";
---
> "Yc8-I5-ftQ.ibShadowedToolTip" = "プリセットを選択するか、独自の設定値を設定します";
57c57
< "Ygi-EO-m09.ibShadowedToolTip" = "Select a preset, or configure your own settings";
---
> "Ygi-EO-m09.ibShadowedToolTip" = "プリセットを選択するか、独自の設定値を設定します";
60c60
< "bIh-Q9-Urv.title" = "Table View Cell";
---
> "bIh-Q9-Urv.title" = "表ビューセル";
63c63
< "e8u-nf-ZA5.title" = "Preset:";
---
> "e8u-nf-ZA5.title" = "プリセット:";
66c66
< "evT-JE-cXs.title" = "Custom Inputs";
---
> "evT-JE-cXs.title" = "カスタム入力";
69c69
< "hl0-DU-uBj.title" = "Replace Values Preset…";
---
> "hl0-DU-uBj.title" = "値プリセットの置換…";
72c72
< "iXX-PJ-A0s.ibShadowedToolTip" = "Split view";
---
> "iXX-PJ-A0s.ibShadowedToolTip" = "分割表示";
75c75
< "oJF-Xd-dS8.title" = "Create Values Preset…";
---
> "oJF-Xd-dS8.title" = "値プリセットを作成…";
78c78
< "qER-Z0-3jj.title" = "Revert User Changes";
---
> "qER-Z0-3jj.title" = "ユーザーの変更を復元";
81c81
< "u2R-2O-9SM.title" = "Rename Preset…";
---
> "u2R-2O-9SM.title" = "プリセット名の変更…";
