15,51c15,28
< ---
< ---
< ---
< ---
< ---
< ---
< ---
< ---
< ---
< ---
< ---
< 12c12
< 18c18
< 21c21
< 24c24
< 27c27
< 30c30
< 36c36
< 39c39
< 3c3
< 42c42
< 45c45
< 48c48
< 51c51
< 54c54
< 57c57
< 60c60
< 63c63
< 66c66
< 69c69
< 6c6
< 72c72
< 75c75
< 78c78
< 81c81
< 9c9
< < "1.title" = "Procedural Texture";
---
> 20,21c20,21
> 23,24c23,24
> 29,30c29,30
> 35,36c35,36
> 38,39c38,39
> 41,42c41,42
> 44,45c44,45
> 47,48c47,48
> 5,6c5,6
> 50,51c50,51
> 62,63c62,63
> 71,72c71,72
> 8,9c8,9
> 80,81c80,81
53d29
< < "3MB-57-9jg.title" = "Delete Values Preset";
55d30
< < "9jK-bT-Cwe.title" = "Rename Values Preset…";
58d32
< < "I3r-9f-EIs.ibShadowedToolTip" = "Add equation";
66,68d39
< < "Yc8-I5-ftQ.ibShadowedToolTip" = "Select a preset, or configure your own settings";
< < "Ygi-EO-m09.ibShadowedToolTip" = "Select a preset, or configure your own settings";
< < "bIh-Q9-Urv.title" = "Table View Cell";
70,71d40
< < "evT-JE-cXs.title" = "Custom Inputs";
< < "hl0-DU-uBj.title" = "Replace Values Preset…";
73,74d41
< < "oJF-Xd-dS8.title" = "Create Values Preset…";
< < "qER-Z0-3jj.title" = "Revert User Changes";
76,100c43,84
< > "1.title" = "プロシージャルテクスチャ";
< > "26.title" = "適用";
< > "3MB-57-9jg.title" = "値プリセットを削除";
< > "409.title" = "キャンセル";
< > "9jK-bT-Cwe.title" = "値プリセットの名前を変更…";
< > "FF3-zW-9BI.title" = "プリセットの置換…";
< > "HAM-xc-XWL.ibShadowedToolTip" = "分割表示なし";
< > "I3r-9f-EIs.ibShadowedToolTip" = "数式を追加";
< > "KPD-TO-M8a.title" = "プリセットを削除";
< > "O32-9B-Qcb.title" = "テキストセル";
< > "OJr-9Q-Zi7.title" = "プリセット:";
< > "QUN-N2-3j8.title" = "プリセットを作成…";
< > "WEp-G8-si7.title" = "数式";
< > "XYs-6N-kzE.title" = "プリセットの管理…";
< > "YM1-iR-xw4.ibShadowedToolTip" = "ミラー表示";
< > "Yc8-I5-ftQ.ibShadowedToolTip" = "プリセットを選択するか、独自の設定値を設定します";
< > "Ygi-EO-m09.ibShadowedToolTip" = "プリセットを選択するか、独自の設定値を設定します";
< > "bIh-Q9-Urv.title" = "表ビューセル";
< > "e8u-nf-ZA5.title" = "プリセット:";
< > "evT-JE-cXs.title" = "カスタム入力";
< > "hl0-DU-uBj.title" = "値プリセットの置換…";
< > "iXX-PJ-A0s.ibShadowedToolTip" = "分割表示";
< > "oJF-Xd-dS8.title" = "値プリセットを作成…";
< > "qER-Z0-3jj.title" = "ユーザーの変更を復元";
< > "u2R-2O-9SM.title" = "プリセット名の変更…";
---
> < /* Class = "NSButton"; ibShadowedToolTip = "Mirror view"; ObjectID = "YM1-iR-xw4"; */
> < /* Class = "NSButton"; ibShadowedToolTip = "No split view"; ObjectID = "HAM-xc-XWL"; */
> < /* Class = "NSButton"; ibShadowedToolTip = "Split view"; ObjectID = "iXX-PJ-A0s"; */
> < /* Class = "NSButtonCell"; title = "Apply"; ObjectID = "26"; */
> < /* Class = "NSButtonCell"; title = "Cancel"; ObjectID = "409"; */
> < /* Class = "NSMenuItem"; title = "Create Preset…"; ObjectID = "QUN-N2-3j8"; */
> < /* Class = "NSMenuItem"; title = "Delete Preset"; ObjectID = "KPD-TO-M8a"; */
> < /* Class = "NSMenuItem"; title = "Manage Presets…"; ObjectID = "XYs-6N-kzE"; */
> < /* Class = "NSMenuItem"; title = "Rename Preset…"; ObjectID = "u2R-2O-9SM"; */
> < /* Class = "NSMenuItem"; title = "Replace Preset…"; ObjectID = "FF3-zW-9BI"; */
> < /* Class = "NSTextFieldCell"; title = "Equations"; ObjectID = "WEp-G8-si7"; */
> < /* Class = "NSTextFieldCell"; title = "Preset:"; ObjectID = "OJr-9Q-Zi7"; */
> < /* Class = "NSTextFieldCell"; title = "Preset:"; ObjectID = "e8u-nf-ZA5"; */
> < /* Class = "NSTextFieldCell"; title = "Text Cell"; ObjectID = "O32-9B-Qcb"; */
> > "26.title" = "적용";
> > "409.title" = "취소";
> > "FF3-zW-9BI.title" = "미리 설정 교체…";
> > "HAM-xc-XWL.ibShadowedToolTip" = "분할 뷰 모드 해제";
> > "KPD-TO-M8a.title" = "미리 설정 지우기";
> > "O32-9B-Qcb.title" = "텍스트 셀";
> > "OJr-9Q-Zi7.title" = "미리 설정:";
> > "QUN-N2-3j8.title" = "미리 설정 생성…";
> > "WEp-G8-si7.title" = "수식";
> > "XYs-6N-kzE.title" = "미리 설정 관리자…";
> > "YM1-iR-xw4.ibShadowedToolTip" = "거울 뷰 모드";
> > "e8u-nf-ZA5.title" = "미리 설정:";
> > "iXX-PJ-A0s.ibShadowedToolTip" = "분할 뷰 모드";
> > "u2R-2O-9SM.title" = "미리 설정 이름 변경…";
> > /* Class = "NSButton"; ibShadowedToolTip = "분할 뷰 모드 해제"; ObjectID = "HAM-xc-XWL"; */
> > /* Class = "NSButton"; ibShadowedToolTip = "거울 뷰 모드"; ObjectID = "YM1-iR-xw4"; */
> > /* Class = "NSButton"; ibShadowedToolTip = "분할 뷰 모드"; ObjectID = "iXX-PJ-A0s"; */
> > /* Class = "NSButtonCell"; title = "적용"; ObjectID = "26"; */
> > /* Class = "NSButtonCell"; title = "취소"; ObjectID = "409"; */
> > /* Class = "NSMenuItem"; title = "미리 설정 이름 변경…"; ObjectID = "u2R-2O-9SM"; */
> > /* Class = "NSMenuItem"; title = "미리 설정 교체…"; ObjectID = "FF3-zW-9BI"; */
> > /* Class = "NSMenuItem"; title = "미리 설정 지우기"; ObjectID = "KPD-TO-M8a"; */
> > /* Class = "NSMenuItem"; title = "미리 설정 생성…"; ObjectID = "QUN-N2-3j8"; */
> > /* Class = "NSMenuItem"; title = "미리 설정 관리자…"; ObjectID = "XYs-6N-kzE"; */
> > /* Class = "NSTextFieldCell"; title = "미리 설정:"; ObjectID = "OJr-9Q-Zi7"; */
> > /* Class = "NSTextFieldCell"; title = "미리 설정:"; ObjectID = "e8u-nf-ZA5"; */
> > /* Class = "NSTextFieldCell"; title = "수식"; ObjectID = "WEp-G8-si7"; */
> > /* Class = "NSTextFieldCell"; title = "텍스트 셀"; ObjectID = "O32-9B-Qcb"; */
