2,165c2,17
< 105c105
< 111c111
< 114c114
< 117c117
< 120c120
< 123c123
< 126c126
< 129c129
< 12c12
< 132c132
< 135c135
< 138c138
< 141c141
< 144c144
< 147c147
< 153c153
< 156c156
< 159c159
< 15c15
< 165c165
< 168c168
< 174c174
< 177c177
< 180c180
< 186c186
< 189c189
< 18c18
< 192c192
< 195c195
< 198c198
< 201c201
< 204c204
< 207c207
< 210c210
< 216c216
< 219c219
< 222c222
< 225c225
< 231c231
< 234c234
< 237c237
< 240c240
< 243c243
< 246c246
< 249c249
< 24c24
< 255c255
< 258c258
< 261c261
< 276c276
< 279c279
< 27c27
< 282c282
< 285c285
< 291c291
< 297c297
< 300c300
< 303c303
< 306c306
< 309c309
< 30c30
< 312c312
< 315c315
< 318c318
< 321c321
< 330c330
< 333c333
< 336c336
< 339c339
< 33c33
< 342c342
< 345c345
< 348c348
< 351c351
< 354c354
< 360c360
< 363c363
< 366c366
< 369c369
< 36c36
< 375c375
< 384c384
< 387c387
< 393c393
< 396c396
< 39c39
< 3c3
< 402c402
< 408c408
< 411c411
< 414c414
< 417c417
< 420c420
< 423c423
< 426c426
< 429c429
< 42c42
< 432c432
< 435c435
< 438c438
< 441c441
< 444c444
< 447c447
< 450c450
< 453c453
< 456c456
< 459c459
< 45c45
< 462c462
< 465c465
< 468c468
< 471c471
< 477c477
< 480c480
< 483c483
< 486c486
< 489c489
< 48c48
< 495c495
< 498c498
< 501c501
< 504c504
< 507c507
< 513c513
< 516c516
< 519c519
< 522c522
< 525c525
< 528c528
< 534c534
< 537c537
< 540c540
< 543c543
< 546c546
< 549c549
< 552c552
< 555c555
< 558c558
< 561c561
< 564c564
< 567c567
< 570c570
< 576c576
< 579c579
< 57c57
< 588c588
< 591c591
< 597c597
< 600c600
< 603c603
< 63c63
< 66c66
< 69c69
< 6c6
< 75c75
< 78c78
< 81c81
< 84c84
< 87c87
< 93c93
< 96c96
< 99c99
< 9c9
< < "0t1-5o-KAz.title" = "Quit Application";
---
> 14,15c14,15
> 257,258c257,258
> 29,30c29,30
> 290,291c290,291
> 338,339c338,339
> 35,36c35,36
> 362,363c362,363
> 383,384c383,384
> 41,42c41,42
> 437,438c437,438
> 497,498c497,498
> 5,6c5,6
> 62,63c62,63
> 77,78c77,78
> 86,87c86,87
> 92,93c92,93
167,168d18
< < "18b-l4-qhG.title" = "I already have an %@ or Universal License";
< < "18y-vY-e60.title" = "Forgot your password?";
170,172d19
< < "1Mi-RM-cZo.title" = "For macOS";
< < "1sk-EM-GN7.title" = "BUY NOW";
< < "2gl-1w-r5n.title" = "ACTIVATE LICENSE";
174d20
< < "39f-62-vUk.title" = "Already purchased?";
176d21
< < "3Zz-fV-cLc.title" = "Don't have an Affinity ID?";
178,180d22
< < "3wg-Py-LsW.title" = "%@-day trial available!";
< < "43X-cL-ksL.title" = "Not now";
< < "4WX-UP-rqd.title" = "Your current license has expired.\nPlease wait while we contact the Affinity license server to check for an updated license.";
182,184d23
< < "51W-57-t0m.title" = "Your app has been successfully registered to your Affinity account";
< < "59E-ha-y87.title" = "BUY NOW";
< < "5ux-2T-dlu.title" = "Continue";
186,187d24
< < "7M4-sq-5Yd.title" = "Not now";
< < "7jF-bE-tuV.title" = "Box";
190,234d26
< < "8VC-G8-Tfj.title" = "THANK YOU";
< < "98T-sQ-BA3.title" = "CREATE FREE ACCOUNT";
< < "ATE-ri-pvV.title" = "Password:";
< < "B0u-oR-iVW.title" = "QUIT APP";
< < "BZp-1g-l4F.title" = "Having trouble? Click here to save a purchase receipt for Affinity technical support.";
< < "Bjb-Qb-99Y.title" = "Thank you for your purchase";
< < "Blm-Pa-IbS.title" = "Back";
< < "BmR-xd-0ex.title" = "ACTIVATE";
< < "BpX-qP-PgD.title" = "Application";
< < "BqJ-Zk-dXZ.title" = "Having trouble? Click here to save a purchase receipt for Affinity technical support.";
< < "Bqa-xO-2yH.title" = "SIGN IN OR SIGN UP";
< < "C3v-Sj-0dP.title" = "START %@-DAY TRIAL";
< < "CbL-Lf-3bT.title" = "I already have an %@ or Universal License";
< < "Cwd-1n-2XQ.title" = "Affinity V2 Universal License";
< < "D0q-lk-wkO.title" = "CONTINUE TRIAL";
< < "Ehn-hS-a7u.title" = "Thank you for activating your trial. We hope you enjoy using %@!";
< < "FGX-Jm-0xK.title" = "Want to start a trial?";
< < "FIK-Xe-KPz.title" = "Not now";
< < "FKH-Va-bTN.title" = "DOWNLOAD MY OTHER AFFINITY APPS";
< < "FTn-1p-xl7.title" = "One-off purchase";
< < "Fzd-FR-MMB.title" = "QUIT APP";
< < "H5h-4z-hgH.label" = "AppStoreWelcome";
< < "HbT-Co-QYQ.title" = "Forgot your password?";
< < "Hwr-AT-5yv.title" = "Password:";
< < "ICa-bR-xzp.title" = "CONTINUE TRIAL";
< < "IKJ-cY-xHB.title" = "Without it, you won't be able to sign in to unlock all the other apps in the Affinity Suite.";
< < "IgH-Ch-u3I.title" = "Progress text";
< < "Ij9-S2-yK8.title" = "Purchase now to continue using %@";
< < "Iov-ah-vNs.title" = "Purchase %@";
< < "Ip0-Tu-oe5.title" = "Go to my account";
< < "IvC-89-YuK.title" = "If you've reinstalled macOS since making your purchase, you can restore it here.";
< < "JCY-gG-UbA.title" = "Need help?";
< < "JSk-hB-fei.title" = "I already have an %@ or Universal License";
< < "KvI-fX-hrt.title" = "Purchase now or start your %@ day trial";
< < "KzE-ph-NK7.title" = "Thank you for your purchase";
< < "L3U-Bd-hht.title" = "Purchased %@ from the Mac App Store?";
< < "LJD-bG-3jc.title" = "Welcome, let's get you started";
< < "LgJ-ZR-qBd.title" = "Activation successful!";
< < "Lqp-ed-Hgd.title" = "Skip";
< < "MB9-ct-wWH.title" = "Are you sure you don't want to create your account?";
< < "MRC-ld-Xy1.title" = "Activate with a different Affinity ID";
< < "Mme-cG-qpY.title" = "Sign in to your Affinity account";
< < "N6p-VX-sjG.title" = "The license for %@ is invalid!\nPlease speak to your network administrator.";
< < "NPa-DR-fnU.title" = "Activation unsuccessful";
< < "No9-Ey-hEM.title" = "Click below to start your trial. This will perform a one-time activation with the server so you need to be online.";
236,240d27
< < "OBm-Ft-fPP.title" = "If you have already purchased a License for %@ for macOS, or have a Universal License for V2, you can activate it below using your Affinity ID.";
< < "PGC-I3-0Bx.title" = "Activation successful!";
< < "PHs-f2-hfL.title" = "SIGN IN";
< < "PQP-Jl-gtq.title" = "EXISTING CUSTOMER? SIGN IN";
< < "PQU-8P-xpP.title" = "The license for %@ has expired!\nPlease speak to your network administrator.";
242,253d28
< < "QKI-Sb-h0I.title" = "Unfortunately, we are still unable to verify your license.\n\nPlease contact technical support for assistance.";
< < "QTt-eB-Zlt.title" = "Sorry!";
< < "Qh5-z8-Qji.title" = "Box";
< < "Rdk-lV-ayK.title" = "CREATE FREE ACCOUNT";
< < "RkY-We-y1A.title" = "CREATE FREE ACCOUNT";
< < "RoL-cI-Mfh.title" = "GUIDE";
< < "SGG-lj-i23.title" = "Need help?";
< < "STs-jn-d4u.title" = "CONTINUE";
< < "VpN-Hg-G2v.title" = "Password:";
< < "Wcn-un-JgL.title" = "I already have an %@ or Universal license";
< < "XO7-z6-yLz.title" = "BEGIN MY %@-DAY TRIAL";
< < "YHH-r0-6Yj.title" = "Forgot your password?";
255,260d29
< < "ZUf-3P-PJd.title" = "Purchase options";
< < "ZaU-j5-7cX.title" = "Would you like to keep your app linked to your Affinity Store account?\nThis allows you to automatically stream any free or purchased content you have directly to your app.";
< < "ZrG-MU-pwx.title" = "Email (Affinity ID):";
< < "ZwB-j2-LuJ.title" = "%@-day trial activation successful!";
< < "alH-5z-iM8.title" = "Not now";
< < "b6g-Lg-3GA.title" = "Launch App";
262,264d30
< < "bPt-ZN-TXW.title" = "REGISTER MY PURCHASE";
< < "bfi-Eh-cpv.title" = "One-off purchase";
< < "c4y-sq-D92.title" = "Activate with a different Affinity ID";
266,279d31
< < "cS2-ZK-MOL.title" = "Activate your apps using your Affinity ID. If you purchased your Universal license from an App Store, you'll need to register your purchase on the original device first.";
< < "crh-ZA-XBa.title" = "Purchase now to continue using %@";
< < "cx0-iJ-09y.title" = "Purchase now or continue your trial";
< < "dBg-JR-iTB.title" = "BEGIN MY %@-DAY TRIAL";
< < "e4l-D0-cu9.title" = "%@-day trial activation successful!";
< < "e5k-y5-060.title" = "EXISTING CUSTOMER? SIGN IN";
< < "eJ6-7l-HiC.title" = "Need help?";
< < "eWY-IH-TR1.title" = "Continue registration";
< < "eds-WW-0pe.title" = "Now register your app to your Affinity account";
< < "eyC-qp-e8Q.title" = "LAUNCH %@";
< < "fCE-Y6-gkX.title" = "Box";
< < "fLm-aw-c62.title" = "YES PLEASE, LINK MY APP TO MY ACCOUNT";
< < "fZ4-Vh-qVf.title" = "Thank you for purchasing %@!\n\nYour license cannot be verified at the moment.\n\nWe'll try again the next time you launch the app.";
< < "fax-zJ-N5V.title" = "RESTORE";
281,297d32
< < "gNc-Q7-3Ly.title" = "Now register your app to your Affinity account";
< < "gSG-bz-Gmu.title" = "BUY NOW";
< < "gWn-Wi-dI7.title" = "Got a Universal license?";
< < "go4-sf-41C.title" = "Back";
< < "h43-cn-ukd.title" = "Unlock your trial for a one-off purchase price. No subscription.";
< < "hI7-ko-JdA.title" = "Want to purchase?";
< < "hr8-gF-RQJ.title" = "CREATE FREE ACCOUNT";
< < "ik5-mH-3HW.title" = "Box";
< < "imX-rB-Gal.title" = "Purchase now or continue your trial";
< < "jaw-us-nUk.title" = "ACTIVATE";
< < "k39-Yf-dm5.title" = "EXISTING CUSTOMER? SIGN IN";
< < "kD1-3C-Hrz.title" = "SIGN IN";
< < "kXa-Vm-p1Y.title" = "Still have questions?";
< < "kdq-3X-oHd.title" = "Start Trial";
< < "m7H-he-79v.title" = "Main Menu";
< < "mX2-PC-G68.title" = "Unfortunately, we still cannot verify your license at the moment.\n\nWe'll try again the next time you launch the app.";
< < "mv8-n3-7og.title" = "Buy %@ for macOS.";
299,490c34,81
< < "o0Y-ED-Sa4.title" = "Sign up is simple and completely subscription free!";
< < "oLN-d7-aFk.title" = "Check Connectivity…";
< < "p6L-77-eot.title" = "Click below to begin your %@-day trial of %@ for macOS. No sign-up or credit card details required.";
< < "pfg-HI-y0h.title" = "ACTIVATE";
< < "qae-yK-JYp.title" = "You have %@ days remaining";
< < "qai-CC-ZRC.title" = "Email (Affinity ID):";
< < "rLK-1q-TZG.title" = "Thank you for purchasing %@ - you are ready to go!";
< < "rST-5p-PHb.title" = "All apps, all platforms";
< < "riM-GQ-JQU.title" = "Continue";
< < "sRJ-2P-k96.title" = "YOUR TRIAL HAS EXPIRED!";
< < "skc-zD-jJJ.title" = "You have %@ days remaining";
< < "t1Z-yY-po5.title" = "LAUNCH APP";
< < "tCf-hd-z1A.title" = "Get version 2 of Affinity Designer, Affinity Photo and Affinity Publisher for one low bundle price. All apps. All platforms. No subscription.";
< < "tkT-aI-TIR.title" = "Application";
< < "tqN-fB-q4w.title" = "Switch to another account";
< < "uGA-Jw-E0V.title" = "Back";
< < "uHA-eI-LVo.title" = "Back";
< < "ulb-XI-E9k.title" = "Go to my account";
< < "v35-WI-sNa.title" = "Your trial has expired";
< < "v63-gP-hQK.title" = "Launch App";
< < "vFq-xo-HNo.title" = "Your universal license has been successfully registered to your Affinity account";
< < "vJO-RS-Dkq.title" = "Thank you";
< < "vXU-qE-zFe.title" = "Thank you for activating your trial. We hope you enjoy using %@!";
< < "wav-89-MUo.title" = "Sign in to your Affinity account";
< < "xcQ-bO-Ls0.title" = "Thank you";
< < "xe5-gQ-bIm.title" = "Need help?";
< < "ydo-Vt-cQZ.title" = "Please enter your Affinity ID and password below to activate your license.\nThis will perform a one-time license check with the server so you need to be online.";
< < "zB4-Xx-Zzw.title" = "Please enter your Affinity ID login details below.";
< < "zX8-sA-PsD.title" = "License expired";
< > "0t1-5o-KAz.title" = "アプリケーションを終了";
< > "0ve-39-CjH.title" = "終了";
< > "18b-l4-qhG.title" = "%@またはユニバーサルライセンスを持っています";
< > "18y-vY-e60.title" = "パスワードをお忘れですか?";
< > "1Ij-bI-Wlo.title" = "閉じる";
< > "1Mi-RM-cZo.title" = "macOS用";
< > "1sk-EM-GN7.title" = "今すぐ購入";
< > "2gl-1w-r5n.title" = "ライセンスの有効化";
< > "2ib-b1-Kep.title" = "コピー";
< > "39f-62-vUk.title" = "購入済みですか？";
< > "3QY-qV-bvH.title" = "取り消し";
< > "3Zz-fV-cLc.title" = "Affinity ID をお持ちでない？";
< > "3fw-hF-jhx.title" = "ペースト";
< > "3wg-Py-LsW.title" = "試用期間は%@日です。";
< > "43X-cL-ksL.title" = "後で";
< > "4WX-UP-rqd.title" = "お使いのライセンスの有効期限が切れました。\nAffinityライセンスサーバーで更新ライセンスの確認が完了するまでお待ちください。";
< > "4lA-gN-VK7.title" = "削除";
< > "51W-57-t0m.title" = "アプリのライセンスが登録され、Affinityアカウントにリンクされました";
< > "59E-ha-y87.title" = "今すぐ購入";
< > "5ux-2T-dlu.title" = "続行";
< > "6Gh-iY-3Q6.title" = "編集";
< > "7M4-sq-5Yd.title" = "後で";
< > "7jF-bE-tuV.title" = "ボックス";
< > "7sa-PP-Yfn.title" = "やり直し";
< > "8O0-Ze-qPA.title" = "キャンセル";
< > "8VC-G8-Tfj.title" = "ありがとうございます";
< > "98T-sQ-BA3.title" = "無料のアカウントを作成";
< > "ATE-ri-pvV.title" = "パスワード:";
< > "B0u-oR-iVW.title" = "アプリを終了";
< > "BZp-1g-l4F.title" = "お困りですか？ここをクリックして、Affinity技術サポートの購入レシートを保存してください。";
< > "Bjb-Qb-99Y.title" = "ご購入いただきありがとうございます";
< > "Blm-Pa-IbS.title" = "戻る";
< > "BmR-xd-0ex.title" = "有効化";
< > "BpX-qP-PgD.title" = "アプリケーション";
< > "BqJ-Zk-dXZ.title" = "お困りですか? ここをクリックして、Affinityテクニカルサポート用の購入レシートを保存してください。";
< > "Bqa-xO-2yH.title" = "サインインまたは登録する";
< > "C3v-Sj-0dP.title" = "%@日間の試用を開始";
< > "CbL-Lf-3bT.title" = "%@またはユニバーサルライセンスを持っています";
< > "Cwd-1n-2XQ.title" = "Affinity v2 ユニバーサルライセンス";
< > "D0q-lk-wkO.title" = "試用を続行";
< > "Ehn-hS-a7u.title" = "試用版を有効化していただきありがとうございます。%@の使用をお楽しみください。";
< > "FGX-Jm-0xK.title" = "試用を開始しますか？";
< > "FIK-Xe-KPz.title" = "後で";
< > "FKH-Va-bTN.title" = "他のAFFINITYアプリをダウンロード";
< > "FTn-1p-xl7.title" = "1回限りの購入";
< > "Fzd-FR-MMB.title" = "アプリを終了";
< > "H5h-4z-hgH.label" = "AppStoreようこそ";
< > "HbT-Co-QYQ.title" = "パスワードをお忘れですか?";
< > "Hwr-AT-5yv.title" = "パスワード:";
< > "ICa-bR-xzp.title" = "試用を続行";
< > "IKJ-cY-xHB.title" = "アカウントがないと、サインインしてAffinityスイートの他のアプリをロック解除することができません。";
< > "IgH-Ch-u3I.title" = "進行状況テキスト";
< > "Ij9-S2-yK8.title" = "%@を引き続きご利用になるには、製品版を購入してください";
< > "Iov-ah-vNs.title" = "%@の購入";
< > "Ip0-Tu-oe5.title" = "マイアカウントに移動";
< > "IvC-89-YuK.title" = "ご購入後にmacOSを再インストールされた場合は、こちらから復元できます。";
< > "JCY-gG-UbA.title" = "何かお困りですか?";
< > "JSk-hB-fei.title" = "%@またはユニバーサルライセンスを持っています";
< > "KvI-fX-hrt.title" = "今すぐ購入、または%@日間の試用を開始";
< > "KzE-ph-NK7.title" = "ご購入いただきありがとうございます";
< > "L3U-Bd-hht.title" = "%@をMac App Storeから購入されましたか?";
< > "LJD-bG-3jc.title" = "ようこそ、開始しましょう";
< > "LgJ-ZR-qBd.title" = "アクティベーションが完了しました。";
< > "Lqp-ed-Hgd.title" = "スキップ";
< > "MB9-ct-wWH.title" = "アカウントを作成しなくてもよろしいですか？";
< > "MRC-ld-Xy1.title" = "別のAffinity IDでアクティベートする";
< > "Mme-cG-qpY.title" = "Affinity アカウントにログインしてください";
< > "N6p-VX-sjG.title" = "%@のライセンスが無効です。\nネットワーク管理者にご相談ください。";
< > "NPa-DR-fnU.title" = "アクティベーションに失敗しました";
< > "No9-Ey-hEM.title" = "以下をクリックして試用を開始してください。その際、サーバーで1回限りのアクティベーションが実行されるため、オンラインである必要があります。";
< > "O4X-eN-7dc.title" = "ヘルプ";
< > "OBm-Ft-fPP.title" = "すでにmacOS版%@ライセンスを購入されている方、またはV2のユニバーサルライセンスをお持ちの方は、以下からAffinity IDでアクティベーションを行うことができます。";
< > "PGC-I3-0Bx.title" = "アクティベーションが完了しました。";
< > "PHs-f2-hfL.title" = "サインイン";
< > "PQP-Jl-gtq.title" = "既存のお客様ですか？サインイン";
< > "PQU-8P-xpP.title" = "%@のライセンスが失効しています。\nネットワーク管理者にご相談ください。";
< > "PXd-fh-7hg.title" = "編集";
< > "QKI-Sb-h0I.title" = "残念ですが、まだライセンスの確認ができません。\n\n支援のための技術サポートにお問い合わせください。";
< > "QTt-eB-Zlt.title" = "申し訳ありません。";
< > "Qh5-z8-Qji.title" = "ボックス";
< > "Rdk-lV-ayK.title" = "無料アカウントを作成";
< > "RkY-We-y1A.title" = "無料アカウントを作成";
< > "RoL-cI-Mfh.title" = "ガイド";
< > "SGG-lj-i23.title" = "何かお困りですか?";
< > "STs-jn-d4u.title" = "試用を開始";
< > "VpN-Hg-G2v.title" = "パスワード:";
< > "Wcn-un-JgL.title" = "すでに%@またはユニバーサルライセンスを持っています";
< > "XO7-z6-yLz.title" = "%@日の試用版を使ってみる";
< > "YHH-r0-6Yj.title" = "パスワードをお忘れですか?";
< > "Z4x-mA-d9q.title" = "ヘルプ";
< > "ZUf-3P-PJd.title" = "購入オプション";
< > "ZaU-j5-7cX.title" = "アプリをAffinity Storeアカウントにリンクしたままにしますか?\nリンクしたままにすると、お持ちの無料コンテンツまたは購入済みコンテンツを直接アプリに自動的にストリーミングできます。";
< > "ZrG-MU-pwx.title" = "メールアドレス (Affinity ID):";
< > "ZwB-j2-LuJ.title" = "%@日間の試用版が正常に有効化されました。";
< > "alH-5z-iM8.title" = "後で";
< > "b6g-Lg-3GA.title" = "アプリを起動";
< > "bP8-hQ-QJV.title" = "閉じる";
< > "bPt-ZN-TXW.title" = "ご購入後の登録";
< > "bfi-Eh-cpv.title" = "1回限りの購入";
< > "c4y-sq-D92.title" = "別のAffinity IDでアクティベートする";
< > "cPZ-1i-YtT.title" = "キャンセル";
< > "cS2-ZK-MOL.title" = "Affinity IDを使用してアプリを有効化してください。App Storeからユニバーサルライセンスを購入された場合は、まず元のデバイスに購入を登録する必要があります。";
< > "crh-ZA-XBa.title" = "%@を引き続きご利用になるには、製品版を購入してください";
< > "cx0-iJ-09y.title" = "今すぐご購入ください。試用版を引き続きご利用いただくことも可能です";
< > "dBg-JR-iTB.title" = "%@日の試用版を使ってみる";
< > "e4l-D0-cu9.title" = "%@日間の試用版が正常にアクティベートされました。";
< > "e5k-y5-060.title" = "既存のお客様ですか？サインイン";
< > "eJ6-7l-HiC.title" = "何かお困りですか?";
< > "eWY-IH-TR1.title" = "登録を続ける";
< > "eds-WW-0pe.title" = "購入コンテンツをAffinityアカウントにリンクしてください";
< > "eyC-qp-e8Q.title" = "%@を起動";
< > "fCE-Y6-gkX.title" = "ボックス";
< > "fLm-aw-c62.title" = "はい、私のアプリを私のアカウントにリンクしてください";
< > "fZ4-Vh-qVf.title" = "%@をご購入いただきありがとうございます!\n\n現在ライセンスを確認できません。\n\n次回アプリを起動する際に再試行します。";
< > "fax-zJ-N5V.title" = "復元する";
< > "fg4-qC-A8b.title" = "カット";
< > "gNc-Q7-3Ly.title" = "今すぐアプリをAffinityアカウントに登録してください";
< > "gSG-bz-Gmu.title" = "今すぐ購入";
< > "gWn-Wi-dI7.title" = "ユニバーサルライセンスをお持ちですか?";
< > "go4-sf-41C.title" = "戻る";
< > "h43-cn-ukd.title" = "1 回限りの購入価格で試用版のロックが解除されます。サブスクリプションはありません。";
< > "hI7-ko-JdA.title" = "購入しますか?";
< > "hr8-gF-RQJ.title" = "無料アカウントを作成";
< > "ik5-mH-3HW.title" = "ボックス";
< > "imX-rB-Gal.title" = "今すぐご購入ください。試用版を引き続きご利用いただくことも可能です";
< > "jaw-us-nUk.title" = "有効化";
< > "k39-Yf-dm5.title" = "既存のお客様ですか？サインイン";
< > "kD1-3C-Hrz.title" = "サインイン";
< > "kXa-Vm-p1Y.title" = "ご質問がありますか?";
< > "kdq-3X-oHd.title" = "試用を開始";
< > "m7H-he-79v.title" = "メインメニュー";
< > "mX2-PC-G68.title" = "残念ですが、現在ライセンスをまだ確認できません。\n\n次回アプリを起動する際に再試行します。";
< > "mv8-n3-7og.title" = "macOS版%@を購入する。";
< > "n5q-mh-rjL.title" = "すべて選択";
< > "o0Y-ED-Sa4.title" = "サインアップは簡単でサブスクリプションはまったくありません！";
< > "oLN-d7-aFk.title" = "接続を確認します…";
< > "p6L-77-eot.title" = "以下をクリックして、macOS版%@の%@日間試用を開始してください。サインアップやクレジットカードの情報は必要ありません。";
< > "pfg-HI-y0h.title" = "有効化";
< > "qae-yK-JYp.title" = "残り%@日です";
< > "qai-CC-ZRC.title" = "メールアドレス (Affinity ID):";
< > "rLK-1q-TZG.title" = "%@をご購入いただきありがとうございます! 存分にご活用ください。";
< > "rST-5p-PHb.title" = "全アプリ、全プラットフォーム";
< > "riM-GQ-JQU.title" = "続行";
< > "sRJ-2P-k96.title" = "試用版の有効期限が終了しました！";
< > "skc-zD-jJJ.title" = "残り%@日です";
< > "t1Z-yY-po5.title" = "アプリを起動";
< > "tCf-hd-z1A.title" = "Affinity Designer、Affinity Photo、Affinity Publisherのバージョン2を低価格の一括バンドル価格で提供しています。すべてのアプリ。すべてのプラットフォーム。サブスクリプションはありません。";
< > "tkT-aI-TIR.title" = "アプリケーション";
< > "tqN-fB-q4w.title" = "別のアカウントに切り替え";
< > "uGA-Jw-E0V.title" = "戻る";
< > "uHA-eI-LVo.title" = "戻る";
< > "ulb-XI-E9k.title" = "マイアカウントに移動";
< > "v35-WI-sNa.title" = "試用版の有効期限が終了しました";
< > "v63-gP-hQK.title" = "アプリを起動";
< > "vFq-xo-HNo.title" = "ユニバーサルライセンスがAffinityアカウントに正常に登録されました";
< > "vJO-RS-Dkq.title" = "ありがとうございます";
< > "vXU-qE-zFe.title" = "試用版を有効化していただきありがとうございます。%@の使用をお楽しみください。";
< > "wav-89-MUo.title" = "Affinityアカウントにサインイン";
< > "xcQ-bO-Ls0.title" = "ありがとうございます";
< > "xe5-gQ-bIm.title" = "何かお困りですか?";
< > "ydo-Vt-cQZ.title" = "ライセンスをアクティベートするにはAffinity ID とパスワードを以下に入力してください。\nこれによりサーバーによる1回のみのライセンスチェックが行なわれますので、インターネットに接続する必要があります。";
< > "zB4-Xx-Zzw.title" = "以下にAffinity IDのログイン情報を入力してください。";
< > "zX8-sA-PsD.title" = "ライセンス期限切れ";
---
> > "0ve-39-CjH.title" = "Affinity Designer 종료";
> > "1Ij-bI-Wlo.title" = "닫기";
> > "2ib-b1-Kep.title" = "복사";
> > "3QY-qV-bvH.title" = "실행 취소";
> > "3fw-hF-jhx.title" = "붙이기";
> > "4lA-gN-VK7.title" = "지우기";
> > "6Gh-iY-3Q6.title" = "편집";
> > "7sa-PP-Yfn.title" = "다시 실행";
> > "8O0-Ze-qPA.title" = "취소";
> > "O4X-eN-7dc.title" = "도움말";
> > "PXd-fh-7hg.title" = "편집";
> > "Z4x-mA-d9q.title" = "도움말";
> > "bP8-hQ-QJV.title" = "닫기";
> > "cPZ-1i-YtT.title" = "취소";
> > "fg4-qC-A8b.title" = "오려두기";
> > "n5q-mh-rjL.title" = "전체 선택";
