---
14,15c14,15
257,258c257,258
29,30c29,30
290,291c290,291
338,339c338,339
35,36c35,36
362,363c362,363
383,384c383,384
41,42c41,42
437,438c437,438
497,498c497,498
5,6c5,6
62,63c62,63
77,78c77,78
86,87c86,87
92,93c92,93
< "0ve-39-CjH.title" = "Quit";
< "1Ij-bI-Wlo.title" = "Close";
< "2ib-b1-Kep.title" = "Copy";
< "3QY-qV-bvH.title" = "Undo";
< "3fw-hF-jhx.title" = "Paste";
< "4lA-gN-VK7.title" = "Delete";
< "6Gh-iY-3Q6.title" = "Edit";
< "7sa-PP-Yfn.title" = "Redo";
< "8O0-Ze-qPA.title" = "Cancel";
< "O4X-eN-7dc.title" = "Help";
< "PXd-fh-7hg.title" = "Edit";
< "Z4x-mA-d9q.title" = "Help";
< "bP8-hQ-QJV.title" = "Close";
< "cPZ-1i-YtT.title" = "Cancel";
< "fg4-qC-A8b.title" = "Cut";
< "n5q-mh-rjL.title" = "Select All";
< /* Class = "NSButtonCell"; title = "Cancel"; ObjectID = "8O0-Ze-qPA"; */
< /* Class = "NSButtonCell"; title = "Cancel"; ObjectID = "cPZ-1i-YtT"; */
< /* Class = "NSButtonCell"; title = "Close"; ObjectID = "1Ij-bI-Wlo"; */
< /* Class = "NSButtonCell"; title = "Close"; ObjectID = "bP8-hQ-QJV"; */
< /* Class = "NSButtonCell"; title = "Quit"; ObjectID = "0ve-39-CjH"; */
< /* Class = "NSMenu"; title = "Edit"; ObjectID = "6Gh-iY-3Q6"; */
< /* Class = "NSMenu"; title = "Help"; ObjectID = "O4X-eN-7dc"; */
< /* Class = "NSMenuItem"; title = "Copy"; ObjectID = "2ib-b1-Kep"; */
< /* Class = "NSMenuItem"; title = "Cut"; ObjectID = "fg4-qC-A8b"; */
< /* Class = "NSMenuItem"; title = "Delete"; ObjectID = "4lA-gN-VK7"; */
< /* Class = "NSMenuItem"; title = "Edit"; ObjectID = "PXd-fh-7hg"; */
< /* Class = "NSMenuItem"; title = "Help"; ObjectID = "Z4x-mA-d9q"; */
< /* Class = "NSMenuItem"; title = "Paste"; ObjectID = "3fw-hF-jhx"; */
< /* Class = "NSMenuItem"; title = "Redo"; ObjectID = "7sa-PP-Yfn"; */
< /* Class = "NSMenuItem"; title = "Select All"; ObjectID = "n5q-mh-rjL"; */
< /* Class = "NSMenuItem"; title = "Undo"; ObjectID = "3QY-qV-bvH"; */
> "0ve-39-CjH.title" = "Affinity Designer 종료";
> "1Ij-bI-Wlo.title" = "닫기";
> "2ib-b1-Kep.title" = "복사";
> "3QY-qV-bvH.title" = "실행 취소";
> "3fw-hF-jhx.title" = "붙이기";
> "4lA-gN-VK7.title" = "지우기";
> "6Gh-iY-3Q6.title" = "편집";
> "7sa-PP-Yfn.title" = "다시 실행";
> "8O0-Ze-qPA.title" = "취소";
> "O4X-eN-7dc.title" = "도움말";
> "PXd-fh-7hg.title" = "편집";
> "Z4x-mA-d9q.title" = "도움말";
> "bP8-hQ-QJV.title" = "닫기";
> "cPZ-1i-YtT.title" = "취소";
> "fg4-qC-A8b.title" = "오려두기";
> "n5q-mh-rjL.title" = "전체 선택";
> /* Class = "NSButtonCell"; title = "Affinity Designer 종료"; ObjectID = "0ve-39-CjH"; */
> /* Class = "NSButtonCell"; title = "닫기"; ObjectID = "1Ij-bI-Wlo"; */
> /* Class = "NSButtonCell"; title = "취소"; ObjectID = "8O0-Ze-qPA"; */
> /* Class = "NSButtonCell"; title = "닫기"; ObjectID = "bP8-hQ-QJV"; */
> /* Class = "NSButtonCell"; title = "취소"; ObjectID = "cPZ-1i-YtT"; */
> /* Class = "NSMenu"; title = "편집"; ObjectID = "6Gh-iY-3Q6"; */
> /* Class = "NSMenu"; title = "도움말"; ObjectID = "O4X-eN-7dc"; */
> /* Class = "NSMenuItem"; title = "실행 취소"; ObjectID = "3QY-qV-bvH"; */
> /* Class = "NSMenuItem"; title = "다시 실행"; ObjectID = "7sa-PP-Yfn"; */
> /* Class = "NSMenuItem"; title = "전체 선택"; ObjectID = "n5q-mh-rjL"; */
> /* Class = "NSMenuItem"; title = "복사"; ObjectID = "2ib-b1-Kep"; */
> /* Class = "NSMenuItem"; title = "편집"; ObjectID = "PXd-fh-7hg"; */
> /* Class = "NSMenuItem"; title = "붙이기"; ObjectID = "3fw-hF-jhx"; */
> /* Class = "NSMenuItem"; title = "지우기"; ObjectID = "4lA-gN-VK7"; */
> /* Class = "NSMenuItem"; title = "도움말"; ObjectID = "Z4x-mA-d9q"; */
> /* Class = "NSMenuItem"; title = "오려두기"; ObjectID = "fg4-qC-A8b"; */
