1c1,2
< 3c3
---
> 2,3c2,3
> < /* Class = "NSButtonCell"; title = "Linear"; ObjectID = "17"; */
4,5c5,8
< > "17.title" = "線形";
< 6c6
---
> > /* Class = "NSButtonCell"; title = "선형"; ObjectID = "17"; */
> > "17.title" = "선형";
> 5,6c5,6
> < /* Class = "NSTextFieldCell"; title = "Standard profiles:"; ObjectID = "63"; */
8,9c11,14
< > "63.title" = "標準プロファイル:";
< 9c9
---
> > /* Class = "NSTextFieldCell"; title = "표준 프로파일:"; ObjectID = "63"; */
> > "63.title" = "표준 프로파일:";
> 8,9c8,9
> < /* Class = "NSTextFieldCell"; title = "Max:"; ObjectID = "SLe-I9-swk"; */
12c17,18
< > "SLe-I9-swk.title" = "最大を入力:";
---
> > /* Class = "NSTextFieldCell"; title = "최대:"; ObjectID = "SLe-I9-swk"; */
> > "SLe-I9-swk.title" = "최대:";
