2,9c2,7
< 12c12
< 15c15
< 18c18
< 21c21
< 3c3
< 6c6
< 9c9
< < "1.title" = "Radial Blur";
---
> 11,12c11,12
> 14,15c14,15
> 17,18c17,18
> 20,21c20,21
> 5,6c5,6
> 8,9c8,9
16,22c14,31
< > "1.title" = "放射状ぼかし";
< > "12.title" = "角度";
< > "213.title" = "キャンセル";
< > "26.title" = "適用";
< > "Iy4-Tx-Ord.ibShadowedToolTip" = "分割表示なし";
< > "MpY-5L-fPk.ibShadowedToolTip" = "ミラー表示";
< > "XOg-Nz-XP1.ibShadowedToolTip" = "分割表示";
---
> > "12.title" = "각도";
> > "213.title" = "취소";
> > "26.title" = "적용";
> > "Iy4-Tx-Ord.ibShadowedToolTip" = "분할 보기 해제";
> > "MpY-5L-fPk.ibShadowedToolTip" = "거울 보기";
> > "XOg-Nz-XP1.ibShadowedToolTip" = "분할 보기";
