2,6c2,3
< 12c12
< 3c3
< 6c6
< 9c9
< < "1.title" = "Rasterize";
---
> 11,12c11,12
> 5,6c5,6
8d4
< < "201.title" = "Rasterize";
10,13c6,11
< > "1.title" = "ラスタライズ";
< > "150.title" = "レイヤーエフェクトを維持";
< > "201.title" = "ラスタライズ";
< > "206.title" = "キャンセル";
---
> < /* Class = "NSButtonCell"; title = "Cancel"; ObjectID = "206"; */
> < /* Class = "NSButtonCell"; title = "Preserve layer FX"; ObjectID = "150"; */
> > "150.title" = "레이어 효과 유지";
> > "206.title" = "취소";
> > /* Class = "NSButtonCell"; title = "취소"; ObjectID = "206"; */
> > /* Class = "NSButtonCell"; title = "레이어 효과 유지"; ObjectID = "150"; */
