3c3
< "1.title" = "Refine Selection";
---
> "1.title" = "選択範囲の調整";
6c6
< "28.title" = "Apply";
---
> "28.title" = "適用";
9c9
< "38.title" = "Adjustment brush";
---
> "38.title" = "調整ブラシ";
15c15
< "41.title" = "White matte";
---
> "41.title" = "白マット";
18c18
< "42.title" = "Black matte";
---
> "42.title" = "黒マット";
21c21
< "43.title" = "Overlay";
---
> "43.title" = "オーバーレイ";
24c24
< "0JK-RZ-Amy.title" = "Cancel";
---
> "0JK-RZ-Amy.title" = "キャンセル";
27c27
< "4mf-HY-4bg.title" = "Automatically Refine";
---
> "4mf-HY-4bg.title" = "自動的に微調整";
30c30
< "Cxe-1T-6Ju.title" = "Black and white";
---
> "Cxe-1T-6Ju.title" = "白黒";
36c36
< "FdG-rh-BgK.title" = "New layer with mask";
---
> "FdG-rh-BgK.title" = "マスク付き新規レイヤー";
39c39
< "UHG-Qd-TWz.title" = "Smooth";
---
> "UHG-Qd-TWz.title" = "スムーズ";
42c42
< "ULv-LS-Qdf.title" = "New layer";
---
> "ULv-LS-Qdf.title" = "新規レイヤー";
45c45
< "VoV-HG-1TA.title" = "Ramp";
---
> "VoV-HG-1TA.title" = "ランプ";
48c48
< "Xr9-Ik-uFs.title" = "Border width";
---
> "Xr9-Ik-uFs.title" = "枠幅";
51c51
< "btP-ze-iAA.title" = "Selection";
---
> "btP-ze-iAA.title" = "選択";
54c54
< "dza-J3-P2m.title" = "Feather";
---
> "dza-J3-P2m.title" = "ぼかし";
57c57
< "eR5-FL-QoE.title" = "Output";
---
> "eR5-FL-QoE.title" = "出力";
60c60
< "gr6-gh-xEr.title" = "Mask";
---
> "gr6-gh-xEr.title" = "マスク";
63c63
< "kT6-4k-DMc.title" = "Refine";
---
> "kT6-4k-DMc.title" = "微調整";
66c66
< "sCg-j8-S1G.title" = "Matte edges";
---
> "sCg-j8-S1G.title" = "マットエッジ";
69c69
< "t6Q-7G-0ci.title" = "Transparent";
---
> "t6Q-7G-0ci.title" = "透明";
72c72
< "uUp-5K-D1x.title" = "Preview";
---
> "uUp-5K-D1x.title" = "プレビュー";
75c75
< "uxa-kx-Hzg.title" = "Box";
---
> "uxa-kx-Hzg.title" = "四角形";
