1,5c1,2
< 3c3
< < "1.title" = "Refine Selection";
< ---
< > "1.title" = "選択範囲の調整";
< 6c6
---
> 5,6c5,6
> < /* Class = "NSButtonCell"; title = "Apply"; ObjectID = "28"; */
8,9c5,8
< > "28.title" = "適用";
< 9c9
---
> > /* Class = "NSButtonCell"; title = "적용"; ObjectID = "28"; */
> > "28.title" = "적용";
> 8,9c8,9
> < /* Class = "NSTextFieldCell"; title = "Adjustment brush"; ObjectID = "38"; */
12,21c11,14
< > "38.title" = "調整ブラシ";
< 15c15
< < "41.title" = "White matte";
< ---
< > "41.title" = "白マット";
< 18c18
< < "42.title" = "Black matte";
< ---
< > "42.title" = "黒マット";
< 21c21
---
> > /* Class = "NSTextFieldCell"; title = "조정 브러시"; ObjectID = "38"; */
> > "38.title" = "조정 브러시";
> 20,21c20,21
> < /* Class = "NSMenuItem"; title = "Overlay"; ObjectID = "43"; */
24,25c17,20
< > "43.title" = "オーバーレイ";
< 24c24
---
> > /* Class = "NSMenuItem"; title = "오버레이"; ObjectID = "43"; */
> > "43.title" = "오버레이";
> 23,24c23,24
> < /* Class = "NSButtonCell"; title = "Cancel"; ObjectID = "0JK-RZ-Amy"; */
28,41c23,26
< > "0JK-RZ-Amy.title" = "キャンセル";
< 27c27
< < "4mf-HY-4bg.title" = "Automatically Refine";
< ---
< > "4mf-HY-4bg.title" = "自動的に微調整";
< 30c30
< < "Cxe-1T-6Ju.title" = "Black and white";
< ---
< > "Cxe-1T-6Ju.title" = "白黒";
< 36c36
< < "FdG-rh-BgK.title" = "New layer with mask";
< ---
< > "FdG-rh-BgK.title" = "マスク付き新規レイヤー";
< 39c39
---
> > /* Class = "NSButtonCell"; title = "취소"; ObjectID = "0JK-RZ-Amy"; */
> > "0JK-RZ-Amy.title" = "취소";
> 38,39c38,39
> < /* Class = "NSTextFieldCell"; title = "Smooth"; ObjectID = "UHG-Qd-TWz"; */
44,45c29,32
< > "UHG-Qd-TWz.title" = "スムーズ";
< 42c42
---
> > /* Class = "NSTextFieldCell"; title = "매끄럽게"; ObjectID = "UHG-Qd-TWz"; */
> > "UHG-Qd-TWz.title" = "매끄럽게";
> 41,42c41,42
> < /* Class = "NSMenuItem"; title = "New layer"; ObjectID = "ULv-LS-Qdf"; */
48,57c35,38
< > "ULv-LS-Qdf.title" = "新規レイヤー";
< 45c45
< < "VoV-HG-1TA.title" = "Ramp";
< ---
< > "VoV-HG-1TA.title" = "ランプ";
< 48c48
< < "Xr9-Ik-uFs.title" = "Border width";
< ---
< > "Xr9-Ik-uFs.title" = "枠幅";
< 51c51
---
> > /* Class = "NSMenuItem"; title = "신규 레이어"; ObjectID = "ULv-LS-Qdf"; */
> > "ULv-LS-Qdf.title" = "신규 레이어";
> 50,51c50,51
> < /* Class = "NSMenuItem"; title = "Selection"; ObjectID = "btP-ze-iAA"; */
60,65c41,44
< > "btP-ze-iAA.title" = "選択";
< 54c54
< < "dza-J3-P2m.title" = "Feather";
< ---
< > "dza-J3-P2m.title" = "ぼかし";
< 57c57
---
> > /* Class = "NSMenuItem"; title = "선택 항목"; ObjectID = "btP-ze-iAA"; */
> > "btP-ze-iAA.title" = "선택 항목";
> 56,57c56,57
> < /* Class = "NSTextFieldCell"; title = "Output"; ObjectID = "eR5-FL-QoE"; */
68,69c47,50
< > "eR5-FL-QoE.title" = "出力";
< 60c60
---
> > /* Class = "NSTextFieldCell"; title = "출력"; ObjectID = "eR5-FL-QoE"; */
> > "eR5-FL-QoE.title" = "출력";
> 59,60c59,60
> < /* Class = "NSMenuItem"; title = "Mask"; ObjectID = "gr6-gh-xEr"; */
72,81c53,56
< > "gr6-gh-xEr.title" = "マスク";
< 63c63
< < "kT6-4k-DMc.title" = "Refine";
< ---
< > "kT6-4k-DMc.title" = "微調整";
< 66c66
< < "sCg-j8-S1G.title" = "Matte edges";
< ---
< > "sCg-j8-S1G.title" = "マットエッジ";
< 69c69
---
> > /* Class = "NSMenuItem"; title = "마스크"; ObjectID = "gr6-gh-xEr"; */
> > "gr6-gh-xEr.title" = "마스크";
> 68,69c68,69
> < /* Class = "NSMenuItem"; title = "Transparent"; ObjectID = "t6Q-7G-0ci"; */
84,92c59,60
< > "t6Q-7G-0ci.title" = "透明";
< 72c72
< < "uUp-5K-D1x.title" = "Preview";
< ---
< > "uUp-5K-D1x.title" = "プレビュー";
< 75c75
< < "uxa-kx-Hzg.title" = "Box";
< ---
< > "uxa-kx-Hzg.title" = "四角形";
---
> > /* Class = "NSMenuItem"; title = "투명"; ObjectID = "t6Q-7G-0ci"; */
> > "t6Q-7G-0ci.title" = "투명";
