8,9c8,9
< /* Class = "NSButtonCell"; title = "Apply"; ObjectID = "26"; */
< "26.title" = "Apply";
---
> /* Class = "NSButtonCell"; title = "적용"; ObjectID = "26"; */
> "26.title" = "적용";
11,12c11,12
< /* Class = "NSButtonCell"; title = "Cancel"; ObjectID = "255"; */
< "255.title" = "Cancel";
---
> /* Class = "NSButtonCell"; title = "취소"; ObjectID = "255"; */
> "255.title" = "취소";
14,15c14,15
< /* Class = "NSButton"; ibShadowedToolTip = "No split view"; ObjectID = "DSf-DL-L8A"; */
< "DSf-DL-L8A.ibShadowedToolTip" = "No split view";
---
> /* Class = "NSButton"; ibShadowedToolTip = "분할 뷰 모드 해제"; ObjectID = "DSf-DL-L8A"; */
> "DSf-DL-L8A.ibShadowedToolTip" = "분할 뷰 모드 해제";
17,18c17,18
< /* Class = "NSButton"; ibShadowedToolTip = "Split view"; ObjectID = "Dlm-Qs-2Q9"; */
< "Dlm-Qs-2Q9.ibShadowedToolTip" = "Split view";
---
> /* Class = "NSButton"; ibShadowedToolTip = "분할 뷰 모드"; ObjectID = "Dlm-Qs-2Q9"; */
> "Dlm-Qs-2Q9.ibShadowedToolTip" = "분할 뷰 모드";
20,21c20,21
< /* Class = "NSButton"; ibShadowedToolTip = "Mirror view"; ObjectID = "YQK-Z3-Aau"; */
< "YQK-Z3-Aau.ibShadowedToolTip" = "Mirror view";
---
> /* Class = "NSButton"; ibShadowedToolTip = "거울 뷰 모드"; ObjectID = "YQK-Z3-Aau"; */
> "YQK-Z3-Aau.ibShadowedToolTip" = "거울 뷰 모드";
