3c3
< "1.title" = "Remove Vignette";
---
> "1.title" = "ビネットを除去";
6c6
< "12.title" = "Intensity";
---
> "12.title" = "強度";
9c9
< "26.title" = "Apply";
---
> "26.title" = "適用";
12c12
< "255.title" = "Cancel";
---
> "255.title" = "キャンセル";
15c15
< "DSf-DL-L8A.ibShadowedToolTip" = "No split view";
---
> "DSf-DL-L8A.ibShadowedToolTip" = "分割表示なし";
18c18
< "Dlm-Qs-2Q9.ibShadowedToolTip" = "Split view";
---
> "Dlm-Qs-2Q9.ibShadowedToolTip" = "分割表示";
21c21
< "YQK-Z3-Aau.ibShadowedToolTip" = "Mirror view";
---
> "YQK-Z3-Aau.ibShadowedToolTip" = "ミラー表示";
