6,16c6,10
< ---
< ---
< 12c12
< 15c15
< 18c18
< 21c21
< 3c3
< 6c6
< 9c9
< < "1.title" = "Remove Vignette";
< < "12.title" = "Intensity";
---
> 11,12c11,12
> 14,15c14,15
> 17,18c17,18
> 20,21c20,21
> 8,9c8,9
22,28c16,30
< > "1.title" = "ビネットを除去";
< > "12.title" = "強度";
< > "255.title" = "キャンセル";
< > "26.title" = "適用";
< > "DSf-DL-L8A.ibShadowedToolTip" = "分割表示なし";
< > "Dlm-Qs-2Q9.ibShadowedToolTip" = "分割表示";
< > "YQK-Z3-Aau.ibShadowedToolTip" = "ミラー表示";
---
> < /* Class = "NSButton"; ibShadowedToolTip = "Mirror view"; ObjectID = "YQK-Z3-Aau"; */
> < /* Class = "NSButton"; ibShadowedToolTip = "No split view"; ObjectID = "DSf-DL-L8A"; */
> < /* Class = "NSButton"; ibShadowedToolTip = "Split view"; ObjectID = "Dlm-Qs-2Q9"; */
> < /* Class = "NSButtonCell"; title = "Apply"; ObjectID = "26"; */
> < /* Class = "NSButtonCell"; title = "Cancel"; ObjectID = "255"; */
> > "255.title" = "취소";
> > "26.title" = "적용";
> > "DSf-DL-L8A.ibShadowedToolTip" = "분할 뷰 모드 해제";
> > "Dlm-Qs-2Q9.ibShadowedToolTip" = "분할 뷰 모드";
> > "YQK-Z3-Aau.ibShadowedToolTip" = "거울 뷰 모드";
> > /* Class = "NSButton"; ibShadowedToolTip = "분할 뷰 모드 해제"; ObjectID = "DSf-DL-L8A"; */
> > /* Class = "NSButton"; ibShadowedToolTip = "분할 뷰 모드"; ObjectID = "Dlm-Qs-2Q9"; */
> > /* Class = "NSButton"; ibShadowedToolTip = "거울 뷰 모드"; ObjectID = "YQK-Z3-Aau"; */
> > /* Class = "NSButtonCell"; title = "취소"; ObjectID = "255"; */
> > /* Class = "NSButtonCell"; title = "적용"; ObjectID = "26"; */
