3,6c3,4
< ---
< 3c3
< 6c6
< 9c9
---
> 2,3c2,3
> 8,9c8,9
8d5
< < "F0z-JX-Cv5.title" = "Rename Layer";
10,12c7,12
< > "4Wd-SX-2AO.title" = "キャンセル";
< > "F0z-JX-Cv5.title" = "レイヤー名を変更";
< > "hDU-45-9cl.title" = "名前を変更";
---
> < /* Class = "NSButtonCell"; title = "Cancel"; ObjectID = "4Wd-SX-2AO"; */
> < /* Class = "NSButtonCell"; title = "Rename"; ObjectID = "hDU-45-9cl"; */
> > "4Wd-SX-2AO.title" = "취소";
> > "hDU-45-9cl.title" = "이름 변경";
> > /* Class = "NSButtonCell"; title = "이름 변경"; ObjectID = "hDU-45-9cl"; */
> > /* Class = "NSButtonCell"; title = "취소"; ObjectID = "4Wd-SX-2AO"; */
