---
11,12c11,12
14,15c14,15
17,18c17,18
23,24c23,24
8,9c8,9
< "1004.title" = "Cancel";
< "1010.ibShadowedToolTip" = "Width";
< "1011.ibShadowedToolTip" = "Height";
< "1045.title" = "Units:";
< "235.title" = "Size:";
< /* Class = "NSButtonCell"; title = "Cancel"; ObjectID = "1004"; */
< /* Class = "NSTextFieldCell"; title = "Size:"; ObjectID = "235"; */
< /* Class = "NSTextFieldCell"; title = "Units:"; ObjectID = "1045"; */
< /* Class = "NSView"; ibShadowedToolTip = "Height"; ObjectID = "1011"; */
< /* Class = "NSView"; ibShadowedToolTip = "Width"; ObjectID = "1010"; */
> "1004.title" = "취소";
> "1010.ibShadowedToolTip" = "너비";
> "1011.ibShadowedToolTip" = "높이";
> "1045.title" = "단위:";
> "235.title" = "크기:";
> /* Class = "NSButtonCell"; title = "취소"; ObjectID = "1004"; */
> /* Class = "NSTextFieldCell"; title = "단위:"; ObjectID = "1045"; */
> /* Class = "NSTextFieldCell"; title = "크기:"; ObjectID = "235"; */
> /* Class = "NSView"; ibShadowedToolTip = "너비"; ObjectID = "1010"; */
> /* Class = "NSView"; ibShadowedToolTip = "높이"; ObjectID = "1011"; */
