---
15c15
18c18
21c21
24c24
27c27
30c30
33c33
36c36
39c39
3c3
42c42
51c51
54c54
6c6
9c9
< "1.title" = "Resize Document";
< "1002.title" = "Resample:";
< "1004.title" = "Cancel";
< "101.title" = "Resize";
< "1010.ibShadowedToolTip" = "Width";
< "1011.ibShadowedToolTip" = "Height";
< "1017.title" = "Lanczos 3 (separable)";
< "1018.title" = "Lanczos 3 (non-separable)";
< "1024.title" = "Units:";
< "1052.title" = "Resample";
< "235.title" = "Size:";
< "562.title" = "Bilinear";
< "563.title" = "Nearest Neighbor";
< "603.title" = "Bicubic";
< "eGq-1O-StD.title" = "Placeholder";
> "1.title" = "ドキュメントのサイズを変更";
> "1002.title" = "リサンプル:";
> "1004.title" = "キャンセル";
> "101.title" = "サイズ変更";
> "1010.ibShadowedToolTip" = "幅";
> "1011.ibShadowedToolTip" = "高さ";
> "1017.title" = "Lanczos 3(分離可能)";
> "1018.title" = "Lanczos 3(分離不可)";
> "1024.title" = "単位:";
> "1052.title" = "リサンプル";
> "235.title" = "サイズ:";
> "562.title" = "バイリニア";
> "563.title" = "ニアレストネイバー";
> "603.title" = "バイキュービック";
> "eGq-1O-StD.title" = "プレースホルダー";
