2,10c2,6
< 12c12
< 15c15
< 18c18
< 21c21
< 24c24
< 3c3
< 6c6
< 9c9
< < "1.title" = "Resize Canvas";
---
> 11,12c11,12
> 14,15c14,15
> 17,18c17,18
> 23,24c23,24
> 8,9c8,9
12d7
< < "101.title" = "Resize";
15d9
< < "1032.title" = "Anchor:";
18,25c12,26
< > "1.title" = "キャンバスのサイズを変更";
< > "1004.title" = "キャンセル";
< > "101.title" = "サイズ変更";
< > "1010.ibShadowedToolTip" = "幅";
< > "1011.ibShadowedToolTip" = "高さ";
< > "1032.title" = "アンカー:";
< > "1045.title" = "単位:";
< > "235.title" = "サイズ:";
---
> > "1004.title" = "취소";
> > "1010.ibShadowedToolTip" = "너비";
> > "1011.ibShadowedToolTip" = "높이";
> > "1045.title" = "단위:";
> > "235.title" = "크기:";
