8,9c8,9
< /* Class = "NSTextFieldCell"; title = "Size:"; ObjectID = "235"; */
< "235.title" = "Size:";
---
> /* Class = "NSTextFieldCell"; title = "크기:"; ObjectID = "235"; */
> "235.title" = "크기:";
26,27c26,27
< /* Class = "NSButtonCell"; title = "Cancel"; ObjectID = "1004"; */
< "1004.title" = "Cancel";
---
> /* Class = "NSButtonCell"; title = "취소"; ObjectID = "1004"; */
> "1004.title" = "취소";
29,30c29,30
< /* Class = "NSView"; ibShadowedToolTip = "Width"; ObjectID = "1010"; */
< "1010.ibShadowedToolTip" = "Width";
---
> /* Class = "NSView"; ibShadowedToolTip = "너비"; ObjectID = "1010"; */
> "1010.ibShadowedToolTip" = "너비";
32,33c32,33
< /* Class = "NSView"; ibShadowedToolTip = "Height"; ObjectID = "1011"; */
< "1011.ibShadowedToolTip" = "Height";
---
> /* Class = "NSView"; ibShadowedToolTip = "높이"; ObjectID = "1011"; */
> "1011.ibShadowedToolTip" = "높이";
41,42c41,42
< /* Class = "NSTextFieldCell"; title = "Units:"; ObjectID = "1024"; */
< "1024.title" = "Units:";
---
> /* Class = "NSTextFieldCell"; title = "단위:"; ObjectID = "1024"; */
> "1024.title" = "단위:";
