2,22c2,13
< 12c12
< 15c15
< 18c18
< 27c27
< 33c33
< 39c39
< 3c3
< 42c42
< 45c45
< 48c48
< 51c51
< 54c54
< 57c57
< 60c60
< 63c63
< 66c66
< 6c6
< 75c75
< 78c78
< 81c81
< 9c9
---
> 11,12c11,12
> 2,3c2,3
> 20,21c20,21
> 23,24c23,24
> 26,27c26,27
> 29,30c29,30
> 35,36c35,36
> 50,51c50,51
> 68,69c68,69
> 71,72c71,72
> 77,78c77,78
> 80,81c80,81
24,25d14
< < "8Kc-tK-ihX.title" = "Update";
< < "9tS-wM-uk2.title" = "Make Linked…";
27,28c16,17
< < "Clr-6b-kbv.headerCell.title" = "Placed DPI";
< < "F0z-JX-Cv5.title" = "Resource Manager";
---
> < "FlH-Hb-0RM.title" = "Text Cell";
> < "H75-HD-ehW.title" = "Text Cell";
30,34c19,20
< < "OfF-bz-FHG.headerCell.title" = "Placement";
< < "aNk-Gc-YcK.title" = "Placed size:";
< < "c6l-JT-hhF.title" = "Replace…";
< < "c8w-FR-zyc.title" = "Original size:";
< < "dRR-6r-jvL.title" = "Locate in Document";
---
> < "LR4-eX-94f.title" = "Text Cell";
> < "Wlb-hI-Fis.title" = "Text Cell";
36,41c22,23
< < "h1B-nY-VCi.title" = "Show in Finder";
< < "jBc-8F-clC.title" = "Color space:";
< < "jzp-IE-2xJ.title" = "Collect…";
< < "kL1-mE-GXY.headerCell.title" = "Status";
< < "nC1-Yz-NI1.headerCell.title" = "Type";
< < "oGO-8u-KWo.title" = "Original DPI:";
---
> < "njk-os-yEs.title" = "Text Cell";
> < "nwa-Ke-zsQ.title" = "Text Cell";
44,64c26,61
< > "4qf-UI-Sqr.title" = "テキストセル";
< > "8Kc-tK-ihX.title" = "更新";
< > "9tS-wM-uk2.title" = "リンクを作成…";
< > "9xi-AL-E6n.headerCell.title" = "名前";
< > "Clr-6b-kbv.headerCell.title" = "配置DPI";
< > "F0z-JX-Cv5.title" = "リソースマネージャー";
< > "JxR-40-grr.title" = "ICCプロファイル:";
< > "OfF-bz-FHG.headerCell.title" = "配置";
< > "aNk-Gc-YcK.title" = "配置サイズ:";
< > "c6l-JT-hhF.title" = "置換…";
< > "c8w-FR-zyc.title" = "元のサイズ:";
< > "dRR-6r-jvL.title" = "ドキュメント内を検索";
< > "dX2-qw-4TZ.title" = "閉じる";
< > "h1B-nY-VCi.title" = "Finderで表示";
< > "jBc-8F-clC.title" = "色空間:";
< > "jzp-IE-2xJ.title" = "収集...";
< > "kL1-mE-GXY.headerCell.title" = "ステータス";
< > "nC1-Yz-NI1.headerCell.title" = "タイプ";
< > "oGO-8u-KWo.title" = "元のDPI:";
< > "zKq-U3-81J.headerCell.title" = "サイズ";
< > "zRN-R4-ozj.headerCell.title" = "ページ";
---
> > "4qf-UI-Sqr.title" = "텍스트 셀";
> > "9xi-AL-E6n.headerCell.title" = "이름";
> > "FlH-Hb-0RM.title" = "텍스트 셀";
> > "H75-HD-ehW.title" = "텍스트 셀";
> > "JxR-40-grr.title" = "ICC 프로파일:";
> > "LR4-eX-94f.title" = "텍스트 셀";
> > "Wlb-hI-Fis.title" = "텍스트 셀";
> > "dX2-qw-4TZ.title" = "닫기";
> > "njk-os-yEs.title" = "텍스트 셀";
> > "nwa-Ke-zsQ.title" = "텍스트 셀";
> > "zKq-U3-81J.headerCell.title" = "크기";
> > "zRN-R4-ozj.headerCell.title" = "페이지";
