3c3
< "4qf-UI-Sqr.title" = "Text Cell";
---
> "4qf-UI-Sqr.title" = "テキストセル";
6c6
< "8Kc-tK-ihX.title" = "Update";
---
> "8Kc-tK-ihX.title" = "更新";
9c9
< "9tS-wM-uk2.title" = "Make Linked…";
---
> "9tS-wM-uk2.title" = "リンクを作成…";
12c12
< "9xi-AL-E6n.headerCell.title" = "Name";
---
> "9xi-AL-E6n.headerCell.title" = "名前";
15c15
< "Clr-6b-kbv.headerCell.title" = "Placed DPI";
---
> "Clr-6b-kbv.headerCell.title" = "配置DPI";
18c18
< "F0z-JX-Cv5.title" = "Resource Manager";
---
> "F0z-JX-Cv5.title" = "リソースマネージャー";
27c27
< "JxR-40-grr.title" = "ICC profile:";
---
> "JxR-40-grr.title" = "ICCプロファイル:";
33c33
< "OfF-bz-FHG.headerCell.title" = "Placement";
---
> "OfF-bz-FHG.headerCell.title" = "配置";
39c39
< "aNk-Gc-YcK.title" = "Placed size:";
---
> "aNk-Gc-YcK.title" = "配置サイズ:";
42c42
< "c6l-JT-hhF.title" = "Replace…";
---
> "c6l-JT-hhF.title" = "置換…";
45c45
< "c8w-FR-zyc.title" = "Original size:";
---
> "c8w-FR-zyc.title" = "元のサイズ:";
48c48
< "dRR-6r-jvL.title" = "Locate in Document";
---
> "dRR-6r-jvL.title" = "ドキュメント内を検索";
51c51
< "dX2-qw-4TZ.title" = "Close";
---
> "dX2-qw-4TZ.title" = "閉じる";
54c54
< "h1B-nY-VCi.title" = "Show in Finder";
---
> "h1B-nY-VCi.title" = "Finderで表示";
57c57
< "jBc-8F-clC.title" = "Color space:";
---
> "jBc-8F-clC.title" = "色空間:";
60c60
< "jzp-IE-2xJ.title" = "Collect…";
---
> "jzp-IE-2xJ.title" = "収集...";
63c63
< "kL1-mE-GXY.headerCell.title" = "Status";
---
> "kL1-mE-GXY.headerCell.title" = "ステータス";
66c66
< "nC1-Yz-NI1.headerCell.title" = "Type";
---
> "nC1-Yz-NI1.headerCell.title" = "タイプ";
75c75
< "oGO-8u-KWo.title" = "Original DPI:";
---
> "oGO-8u-KWo.title" = "元のDPI:";
78c78
< "zKq-U3-81J.headerCell.title" = "Size";
---
> "zKq-U3-81J.headerCell.title" = "サイズ";
81c81
< "zRN-R4-ozj.headerCell.title" = "Page";
---
> "zRN-R4-ozj.headerCell.title" = "ページ";
