2,3c2,3
< /* Class = "NSTextFieldCell"; title = "Text Cell"; ObjectID = "4qf-UI-Sqr"; */
< "4qf-UI-Sqr.title" = "Text Cell";
---
> /* Class = "NSTextFieldCell"; title = "텍스트 셀"; ObjectID = "4qf-UI-Sqr"; */
> "4qf-UI-Sqr.title" = "텍스트 셀";
11,12c11,12
< /* Class = "NSTableColumn"; headerCell.title = "Name"; ObjectID = "9xi-AL-E6n"; */
< "9xi-AL-E6n.headerCell.title" = "Name";
---
> /* Class = "NSTableColumn"; headerCell.title = "이름"; ObjectID = "9xi-AL-E6n"; */
> "9xi-AL-E6n.headerCell.title" = "이름";
20,21c20,21
< /* Class = "NSTextFieldCell"; title = "Text Cell"; ObjectID = "FlH-Hb-0RM"; */
< "FlH-Hb-0RM.title" = "Text Cell";
---
> /* Class = "NSTextFieldCell"; title = "텍스트 셀"; ObjectID = "FlH-Hb-0RM"; */
> "FlH-Hb-0RM.title" = "텍스트 셀";
23,24c23,24
< /* Class = "NSTextFieldCell"; title = "Text Cell"; ObjectID = "H75-HD-ehW"; */
< "H75-HD-ehW.title" = "Text Cell";
---
> /* Class = "NSTextFieldCell"; title = "텍스트 셀"; ObjectID = "H75-HD-ehW"; */
> "H75-HD-ehW.title" = "텍스트 셀";
26,27c26,27
< /* Class = "NSTextFieldCell"; title = "ICC profile:"; ObjectID = "JxR-40-grr"; */
< "JxR-40-grr.title" = "ICC profile:";
---
> /* Class = "NSTextFieldCell"; title = "ICC 프로파일:"; ObjectID = "JxR-40-grr"; */
> "JxR-40-grr.title" = "ICC 프로파일:";
29,30c29,30
< /* Class = "NSTextFieldCell"; title = "Text Cell"; ObjectID = "LR4-eX-94f"; */
< "LR4-eX-94f.title" = "Text Cell";
---
> /* Class = "NSTextFieldCell"; title = "텍스트 셀"; ObjectID = "LR4-eX-94f"; */
> "LR4-eX-94f.title" = "텍스트 셀";
35,36c35,36
< /* Class = "NSTextFieldCell"; title = "Text Cell"; ObjectID = "Wlb-hI-Fis"; */
< "Wlb-hI-Fis.title" = "Text Cell";
---
> /* Class = "NSTextFieldCell"; title = "텍스트 셀"; ObjectID = "Wlb-hI-Fis"; */
> "Wlb-hI-Fis.title" = "텍스트 셀";
50,51c50,51
< /* Class = "NSButtonCell"; title = "Close"; ObjectID = "dX2-qw-4TZ"; */
< "dX2-qw-4TZ.title" = "Close";
---
> /* Class = "NSButtonCell"; title = "닫기"; ObjectID = "dX2-qw-4TZ"; */
> "dX2-qw-4TZ.title" = "닫기";
68,69c68,69
< /* Class = "NSTextFieldCell"; title = "Text Cell"; ObjectID = "njk-os-yEs"; */
< "njk-os-yEs.title" = "Text Cell";
---
> /* Class = "NSTextFieldCell"; title = "텍스트 셀"; ObjectID = "njk-os-yEs"; */
> "njk-os-yEs.title" = "텍스트 셀";
71,72c71,72
< /* Class = "NSTextFieldCell"; title = "Text Cell"; ObjectID = "nwa-Ke-zsQ"; */
< "nwa-Ke-zsQ.title" = "Text Cell";
---
> /* Class = "NSTextFieldCell"; title = "텍스트 셀"; ObjectID = "nwa-Ke-zsQ"; */
> "nwa-Ke-zsQ.title" = "텍스트 셀";
77,78c77,78
< /* Class = "NSTableColumn"; headerCell.title = "Size"; ObjectID = "zKq-U3-81J"; */
< "zKq-U3-81J.headerCell.title" = "Size";
---
> /* Class = "NSTableColumn"; headerCell.title = "크기"; ObjectID = "zKq-U3-81J"; */
> "zKq-U3-81J.headerCell.title" = "크기";
80,81c80,81
< /* Class = "NSTableColumn"; headerCell.title = "Page"; ObjectID = "zRN-R4-ozj"; */
< "zRN-R4-ozj.headerCell.title" = "Page";
---
> /* Class = "NSTableColumn"; headerCell.title = "페이지"; ObjectID = "zRN-R4-ozj"; */
> "zRN-R4-ozj.headerCell.title" = "페이지";
