2,10c2,6
< 12c12
< 15c15
< 18c18
< 21c21
< 3c3
< 6c6
< 9c9
< < "1.title" = "Ripple";
< < "12.title" = "Intensity";
---
> 11,12c11,12
> 14,15c14,15
> 17,18c17,18
> 20,21c20,21
> 8,9c8,9
16,22c12,26
< > "1.title" = "波紋";
< > "12.title" = "強度";
< > "183.title" = "キャンセル";
< > "26.title" = "適用";
< > "5SE-Ft-Lp3.ibShadowedToolTip" = "ミラー表示";
< > "YAk-af-wUW.ibShadowedToolTip" = "分割表示なし";
< > "rkg-ca-7cX.ibShadowedToolTip" = "分割表示";
---
> > "183.title" = "취소";
> > "26.title" = "적용";
> > "5SE-Ft-Lp3.ibShadowedToolTip" = "거울 보기";
> > "YAk-af-wUW.ibShadowedToolTip" = "분할 보기 해제";
> > "rkg-ca-7cX.ibShadowedToolTip" = "분할 보기";
