---
---
---
---
---
11,12c11,12
14,15c14,15
17,18c17,18
20,21c20,21
8,9c8,9
< "183.title" = "Cancel";
< "26.title" = "Apply";
< "5SE-Ft-Lp3.ibShadowedToolTip" = "Mirror view";
< "YAk-af-wUW.ibShadowedToolTip" = "No split view";
< "rkg-ca-7cX.ibShadowedToolTip" = "Split view";
< /* Class = "NSButton"; ibShadowedToolTip = "Mirror view"; ObjectID = "5SE-Ft-Lp3"; */
< /* Class = "NSButton"; ibShadowedToolTip = "No split view"; ObjectID = "YAk-af-wUW"; */
< /* Class = "NSButton"; ibShadowedToolTip = "Split view"; ObjectID = "rkg-ca-7cX"; */
< /* Class = "NSButtonCell"; title = "Apply"; ObjectID = "26"; */
< /* Class = "NSButtonCell"; title = "Cancel"; ObjectID = "183"; */
> "183.title" = "취소";
> "26.title" = "적용";
> "5SE-Ft-Lp3.ibShadowedToolTip" = "거울 뷰 모드";
> "YAk-af-wUW.ibShadowedToolTip" = "분할 뷰 모드 해제";
> "rkg-ca-7cX.ibShadowedToolTip" = "분할 뷰 모드";
> /* Class = "NSButton"; ibShadowedToolTip = "분할 뷰 모드 해제"; ObjectID = "YAk-af-wUW"; */
> /* Class = "NSButton"; ibShadowedToolTip = "거울 뷰 모드"; ObjectID = "5SE-Ft-Lp3"; */
> /* Class = "NSButton"; ibShadowedToolTip = "분할 뷰 모드"; ObjectID = "rkg-ca-7cX"; */
> /* Class = "NSButtonCell"; title = "취소"; ObjectID = "183"; */
> /* Class = "NSButtonCell"; title = "적용"; ObjectID = "26"; */
