3c3
< "2AN-8P-S6B.title" = "Locked";
---
> "2AN-8P-S6B.title" = "ロック済み";
6c6
< "4gV-eI-fVG.title" = "Scale with object";
---
> "4gV-eI-fVG.title" = "オブジェクトとともにスケーリング";
9c9
< "BtC-PV-u8o.title" = "Text frame contents";
---
> "BtC-PV-u8o.title" = "テキストフレームコンテンツ";
12c12
< "C0x-kJ-8Pw.title" = "Locked";
---
> "C0x-kJ-8Pw.title" = "ロック済み";
15c15
< "C1L-R4-9We.title" = "Scale with object";
---
> "C1L-R4-9We.title" = "オブジェクトとともにスケーリング";
18c18
< "G6H-93-7Ul.title" = "Scale with object";
---
> "G6H-93-7Ul.title" = "オブジェクトとともにスケーリング";
21c21
< "LTl-k6-EGV.title" = "Locked";
---
> "LTl-k6-EGV.title" = "ロック済み";
24c24
< "Vp6-ku-wfd.title" = "Layer effect radii";
---
> "Vp6-ku-wfd.title" = "フィルターエフェクト半径";
27c27
< "Xei-5b-t7u.title" = "Line weights";
---
> "Xei-5b-t7u.title" = "線の太さ";
30c30
< "aSd-22-Y4d.title" = "Scale with object";
---
> "aSd-22-Y4d.title" = "オブジェクトとともにスケーリング";
33c33
< "akj-tb-ERy.title" = "Scale override will only apply to aspect correct scaling.";
---
> "akj-tb-ERy.title" = "スケールのオーバーライドは、縦横比の正しいスケーリングにのみ適用されます。";
36c36
< "ctK-eR-BQP.title" = "Shape corners";
---
> "ctK-eR-BQP.title" = "シェイプコーナー";
39c39
< "on8-G0-qhs.title" = "Locked";
---
> "on8-G0-qhs.title" = "ロック済み";
