5,6c5,6
< /* Class = "NSMenuItem"; title = "Scale with object"; ObjectID = "4gV-eI-fVG"; */
< "4gV-eI-fVG.title" = "Scale with object";
---
> /* Class = "NSMenuItem"; title = "오브젝트와 함께 배율"; ObjectID = "4gV-eI-fVG"; */
> "4gV-eI-fVG.title" = "오브젝트와 함께 배율";
14,15c14,15
< /* Class = "NSMenuItem"; title = "Scale with object"; ObjectID = "C1L-R4-9We"; */
< "C1L-R4-9We.title" = "Scale with object";
---
> /* Class = "NSMenuItem"; title = "오브젝트와 함께 배율"; ObjectID = "C1L-R4-9We"; */
> "C1L-R4-9We.title" = "오브젝트와 함께 배율";
17,18c17,18
< /* Class = "NSMenuItem"; title = "Scale with object"; ObjectID = "G6H-93-7Ul"; */
< "G6H-93-7Ul.title" = "Scale with object";
---
> /* Class = "NSMenuItem"; title = "오브젝트와 함께 배율"; ObjectID = "G6H-93-7Ul"; */
> "G6H-93-7Ul.title" = "오브젝트와 함께 배율";
29,30c29,30
< /* Class = "NSMenuItem"; title = "Scale with object"; ObjectID = "aSd-22-Y4d"; */
< "aSd-22-Y4d.title" = "Scale with object";
---
> /* Class = "NSMenuItem"; title = "오브젝트와 함께 배율"; ObjectID = "aSd-22-Y4d"; */
> "aSd-22-Y4d.title" = "오브젝트와 함께 배율";
