2,15c2,5
< 12c12
< 15c15
< 18c18
< 21c21
< 24c24
< 27c27
< 30c30
< 33c33
< 36c36
< 39c39
< 3c3
< 6c6
< 9c9
< < "2AN-8P-S6B.title" = "Locked";
---
> 14,15c14,15
> 17,18c17,18
> 29,30c29,30
> 5,6c5,6
17,18d6
< < "BtC-PV-u8o.title" = "Text frame contents";
< < "C0x-kJ-8Pw.title" = "Locked";
21,23d8
< < "LTl-k6-EGV.title" = "Locked";
< < "Vp6-ku-wfd.title" = "Layer effect radii";
< < "Xei-5b-t7u.title" = "Line weights";
25,40c10,21
< < "akj-tb-ERy.title" = "Scale override will only apply to aspect correct scaling.";
< < "ctK-eR-BQP.title" = "Shape corners";
< < "on8-G0-qhs.title" = "Locked";
< > "2AN-8P-S6B.title" = "ロック済み";
< > "4gV-eI-fVG.title" = "オブジェクトとともにスケーリング";
< > "BtC-PV-u8o.title" = "テキストフレームコンテンツ";
< > "C0x-kJ-8Pw.title" = "ロック済み";
< > "C1L-R4-9We.title" = "オブジェクトとともにスケーリング";
< > "G6H-93-7Ul.title" = "オブジェクトとともにスケーリング";
< > "LTl-k6-EGV.title" = "ロック済み";
< > "Vp6-ku-wfd.title" = "フィルターエフェクト半径";
< > "Xei-5b-t7u.title" = "線の太さ";
< > "aSd-22-Y4d.title" = "オブジェクトとともにスケーリング";
< > "akj-tb-ERy.title" = "スケールのオーバーライドは、縦横比の正しいスケーリングにのみ適用されます。";
< > "ctK-eR-BQP.title" = "シェイプコーナー";
< > "on8-G0-qhs.title" = "ロック済み";
---
> < /* Class = "NSMenuItem"; title = "Scale with object"; ObjectID = "4gV-eI-fVG"; */
> < /* Class = "NSMenuItem"; title = "Scale with object"; ObjectID = "C1L-R4-9We"; */
> < /* Class = "NSMenuItem"; title = "Scale with object"; ObjectID = "G6H-93-7Ul"; */
> < /* Class = "NSMenuItem"; title = "Scale with object"; ObjectID = "aSd-22-Y4d"; */
> > "4gV-eI-fVG.title" = "오브젝트와 함께 배율";
> > "C1L-R4-9We.title" = "오브젝트와 함께 배율";
> > "G6H-93-7Ul.title" = "오브젝트와 함께 배율";
> > "aSd-22-Y4d.title" = "오브젝트와 함께 배율";
> > /* Class = "NSMenuItem"; title = "오브젝트와 함께 배율"; ObjectID = "4gV-eI-fVG"; */
> > /* Class = "NSMenuItem"; title = "오브젝트와 함께 배율"; ObjectID = "C1L-R4-9We"; */
> > /* Class = "NSMenuItem"; title = "오브젝트와 함께 배율"; ObjectID = "G6H-93-7Ul"; */
> > /* Class = "NSMenuItem"; title = "오브젝트와 함께 배율"; ObjectID = "aSd-22-Y4d"; */
