---
12c12
15c15
18c18
21c21
24c24
27c27
30c30
33c33
36c36
39c39
3c3
42c42
45c45
48c48
51c51
54c54
60c60
63c63
66c66
6c6
9c9
< "1wa-4H-QE4.title" = "Number style:";
< "7Bm-x5-Rc0.title" = "A, B, C, D…";
< "K2T-Km-9BF.ibShadowedToolTip" = "Add Section";
< "L4e-h0-r6a.title" = "01, 02, 03, 04…";
< "LoM-m0-t8w.title" = "Close";
< "MFN-QJ-Phl.title" = "I, II, III, IV…";
< "NdC-y7-3nF.title" = "Section Manager";
< "SIk-pn-q8X.title" = "1, 2, 3, 4…";
< "XYH-ea-E5Q.title" = "Continue page numbering";
< "Y30-5g-nFc.title" = "i, ii, iii, iv…";
< "cUP-UR-J1m.title" = "Restart page numbering at";
< "cnk-fB-bhn.ibShadowedToolTip" = "Remove Section";
< "eJ9-H8-bhf.title" = "0001, 0002, 0003, 0004…";
< "gG2-jC-E9l.title" = "Include on Export";
< "iQU-5D-42L.title" = "Section 1 - Prefix";
< "iil-dG-aoB.title" = "a, b, c, d…";
< "kYI-ac-l6l.title" = "Pages 1007-2007";
< "lgK-TR-GgS.title" = "Section name:";
< "qir-3b-G2d.title" = "Start on page:";
< "yPy-6q-Z1N.title" = "Text Cell";
< "zF2-qw-cvc.title" = "001, 002, 003, 004…";
> "1wa-4H-QE4.title" = "番号スタイル:";
> "7Bm-x5-Rc0.title" = "A、B、C、D…";
> "K2T-Km-9BF.ibShadowedToolTip" = "セクションを追加";
> "L4e-h0-r6a.title" = "01、02、03、04…";
> "LoM-m0-t8w.title" = "閉じる";
> "MFN-QJ-Phl.title" = "I、II、III、IV…";
> "NdC-y7-3nF.title" = "セクションマネージャー";
> "SIk-pn-q8X.title" = "1、2、3、4…";
> "XYH-ea-E5Q.title" = "ページ番号付けを続行";
> "Y30-5g-nFc.title" = "i、ii、iii、iv…";
> "cUP-UR-J1m.title" = "次でページ番号付けを再開";
> "cnk-fB-bhn.ibShadowedToolTip" = "セクションを削除";
> "eJ9-H8-bhf.title" = "0001、0002、0003、0004…";
> "gG2-jC-E9l.title" = "エクスポートに含める";
> "iQU-5D-42L.title" = "セクション1 - プレフィックス";
> "iil-dG-aoB.title" = "a、b、c、d…";
> "kYI-ac-l6l.title" = "ページ1007～2007";
> "lgK-TR-GgS.title" = "セクション名:";
> "qir-3b-G2d.title" = "開始ページ:";
> "yPy-6q-Z1N.title" = "テキストセル";
> "zF2-qw-cvc.title" = "001、002、003、004…";
