5,6c5,6
< /* Class = "NSButtonCell"; title = "Apply"; ObjectID = "26"; */
< "26.title" = "Apply";
---
> /* Class = "NSButtonCell"; title = "적용"; ObjectID = "26"; */
> "26.title" = "적용";
8,9c8,9
< /* Class = "NSTextFieldCell"; title = "Tolerance"; ObjectID = "49"; */
< "49.title" = "Tolerance";
---
> /* Class = "NSTextFieldCell"; title = "허용량"; ObjectID = "49"; */
> "49.title" = "허용량";
23,24c23,24
< /* Class = "NSButtonCell"; title = "Cancel"; ObjectID = "458"; */
< "458.title" = "Cancel";
---
> /* Class = "NSButtonCell"; title = "취소"; ObjectID = "458"; */
> "458.title" = "취소";
29,30c29,30
< /* Class = "NSMenuItem"; title = "Alpha"; ObjectID = "qFf-iE-6wA"; */
< "qFf-iE-6wA.title" = "Alpha";
---
> /* Class = "NSMenuItem"; title = "알파"; ObjectID = "qFf-iE-6wA"; */
> "qFf-iE-6wA.title" = "알파";
