---
---
---
---
---
---
12c12
15c15
18c18
21c21
3c3
9c9
< "1.title" = "Select Document";
< "8.title" = "Cancel";
< "Br9-je-FhX.headerCell.title" = "Plugin";
< "NfY-PH-eyP.ibShadowedToolTip" = "Unfinished feature / user interface.";
< "bqd-3F-yA0.title" = "Table View Cell";
< "mWE-VA-Hcm.title" = "Text Cell";
> "1.title" = "ドキュメントを選択";
> "8.title" = "キャンセル";
> "Br9-je-FhX.headerCell.title" = "プラグイン";
> "NfY-PH-eyP.ibShadowedToolTip" = "未完成の機能/ユーザーインターフェース。";
> "bqd-3F-yA0.title" = "表ビューセル";
> "mWE-VA-Hcm.title" = "テキストセル";
