---
---
---
---
---
---
---
---
---
15c15
18c18
21c21
24c24
27c27
30c30
3c3
6c6
9c9
< "1.title" = "Select Sampled Color";
< "104.title" = "RGB Cube";
< "105.title" = "CIELAB Cube";
< "148.title" = "Model";
< "26.title" = "Apply";
< "458.title" = "Cancel";
< "49.title" = "Tolerance";
< "Wa1-ye-Hlp.title" = "Intensity";
< "qFf-iE-6wA.title" = "Alpha";
> "1.title" = "サンプルカラーの選択";
> "104.title" = "RGBキューブ";
> "105.title" = "CIELABキューブ";
> "148.title" = "モデル";
> "26.title" = "適用";
> "458.title" = "キャンセル";
> "49.title" = "許容量";
> "Wa1-ye-Hlp.title" = "強度";
> "qFf-iE-6wA.title" = "アルファ";
