2,8c2,4
< 12c12
< 15c15
< 18c18
< 21c21
< 3c3
< 9c9
< < "1.title" = "Select Document";
---
> 11,12c11,12
> 20,21c20,21
> 8,9c8,9
11,12d6
< < "NfY-PH-eyP.ibShadowedToolTip" = "Unfinished feature / user interface.";
< < "bqd-3F-yA0.title" = "Table View Cell";
14,19c8,16
< > "1.title" = "ドキュメントを選択";
< > "8.title" = "キャンセル";
< > "Br9-je-FhX.headerCell.title" = "プラグイン";
< > "NfY-PH-eyP.ibShadowedToolTip" = "未完成の機能/ユーザーインターフェース。";
< > "bqd-3F-yA0.title" = "表ビューセル";
< > "mWE-VA-Hcm.title" = "テキストセル";
---
> > "8.title" = "취소";
> > "Br9-je-FhX.headerCell.title" = "플러그인";
> > "mWE-VA-Hcm.title" = "텍스트 셀";
