3c3
< "1.title" = "Shadows / Highlights";
---
> "1.title" = "シャドウ/ハイライト";
6c6
< "12.title" = "Shadows Strength";
---
> "12.title" = "シャドウの強度";
9c9
< "26.title" = "Apply";
---
> "26.title" = "適用";
12c12
< "49.title" = "Shadows Radius";
---
> "49.title" = "シャドウ半径";
15c15
< "419.title" = "Cancel";
---
> "419.title" = "キャンセル";
18c18
< "7za-OG-zYv.ibShadowedToolTip" = "Mirror view";
---
> "7za-OG-zYv.ibShadowedToolTip" = "ミラー表示";
21c21
< "MOb-4E-ACl.ibShadowedToolTip" = "Split view";
---
> "MOb-4E-ACl.ibShadowedToolTip" = "分割表示";
24c24
< "Poe-8p-RRo.title" = "Highlights Strength";
---
> "Poe-8p-RRo.title" = "ハイライトの強度";
27c27
< "Qjb-vV-2dR.title" = "Shadows Range";
---
> "Qjb-vV-2dR.title" = "シャドウ範囲";
30c30
< "S19-ax-GG0.title" = "Highlights Radius";
---
> "S19-ax-GG0.title" = "ハイライト半径";
33c33
< "YTk-nu-Vfq.title" = "Highlights Range";
---
> "YTk-nu-Vfq.title" = "ハイライト範囲";
36c36
< "eDV-KN-qDW.ibShadowedToolTip" = "No split view";
---
> "eDV-KN-qDW.ibShadowedToolTip" = "分割表示なし";
