1c1,2
< 3c3
---
> 2,3c2,3
> < /* Class = "NSWindow"; title = "Shadows / Highlights"; ObjectID = "1"; */
4,9c5,8
< > "1.title" = "シャドウ/ハイライト";
< 6c6
< < "12.title" = "Shadows Strength";
< ---
< > "12.title" = "シャドウの強度";
< 9c9
---
> > /* Class = "NSWindow"; title = "그림자 / 빛"; ObjectID = "1"; */
> > "1.title" = "그림자 / 빛";
> 8,9c8,9
> < /* Class = "NSButtonCell"; title = "Apply"; ObjectID = "26"; */
12,17c11,14
< > "26.title" = "適用";
< 12c12
< < "49.title" = "Shadows Radius";
< ---
< > "49.title" = "シャドウ半径";
< 15c15
---
> > /* Class = "NSButtonCell"; title = "적용"; ObjectID = "26"; */
> > "26.title" = "적용";
> 14,15c14,15
> < /* Class = "NSButtonCell"; title = "Cancel"; ObjectID = "419"; */
20,21c17,20
< > "419.title" = "キャンセル";
< 18c18
---
> > /* Class = "NSButtonCell"; title = "취소"; ObjectID = "419"; */
> > "419.title" = "취소";
> 17,18c17,18
> < /* Class = "NSButton"; ibShadowedToolTip = "Mirror view"; ObjectID = "7za-OG-zYv"; */
24,25c23,26
< > "7za-OG-zYv.ibShadowedToolTip" = "ミラー表示";
< 21c21
---
> > /* Class = "NSButton"; ibShadowedToolTip = "거울 뷰 모드"; ObjectID = "7za-OG-zYv"; */
> > "7za-OG-zYv.ibShadowedToolTip" = "거울 뷰 모드";
> 20,21c20,21
> < /* Class = "NSButton"; ibShadowedToolTip = "Split view"; ObjectID = "MOb-4E-ACl"; */
28,45c29,32
< > "MOb-4E-ACl.ibShadowedToolTip" = "分割表示";
< 24c24
< < "Poe-8p-RRo.title" = "Highlights Strength";
< ---
< > "Poe-8p-RRo.title" = "ハイライトの強度";
< 27c27
< < "Qjb-vV-2dR.title" = "Shadows Range";
< ---
< > "Qjb-vV-2dR.title" = "シャドウ範囲";
< 30c30
< < "S19-ax-GG0.title" = "Highlights Radius";
< ---
< > "S19-ax-GG0.title" = "ハイライト半径";
< 33c33
< < "YTk-nu-Vfq.title" = "Highlights Range";
< ---
< > "YTk-nu-Vfq.title" = "ハイライト範囲";
< 36c36
---
> > /* Class = "NSButton"; ibShadowedToolTip = "분할 뷰 모드"; ObjectID = "MOb-4E-ACl"; */
> > "MOb-4E-ACl.ibShadowedToolTip" = "분할 뷰 모드";
> 35,36c35,36
> < /* Class = "NSButton"; ibShadowedToolTip = "No split view"; ObjectID = "eDV-KN-qDW"; */
48c35,36
< > "eDV-KN-qDW.ibShadowedToolTip" = "分割表示なし";
---
> > /* Class = "NSButton"; ibShadowedToolTip = "분할 뷰 모드 해제"; ObjectID = "eDV-KN-qDW"; */
> > "eDV-KN-qDW.ibShadowedToolTip" = "분할 뷰 모드 해제";
