2,13c2,7
< 12c12
< 15c15
< 18c18
< 21c21
< 24c24
< 27c27
< 30c30
< 33c33
< 36c36
< 3c3
< 6c6
< 9c9
---
> 14,15c14,15
> 17,18c17,18
> 2,3c2,3
> 20,21c20,21
> 35,36c35,36
> 8,9c8,9
15d8
< < "12.title" = "Shadows Strength";
18d10
< < "49.title" = "Shadows Radius";
21,24d12
< < "Poe-8p-RRo.title" = "Highlights Strength";
< < "Qjb-vV-2dR.title" = "Shadows Range";
< < "S19-ax-GG0.title" = "Highlights Radius";
< < "YTk-nu-Vfq.title" = "Highlights Range";
26,37c14,31
< > "1.title" = "シャドウ/ハイライト";
< > "12.title" = "シャドウの強度";
< > "26.title" = "適用";
< > "419.title" = "キャンセル";
< > "49.title" = "シャドウ半径";
< > "7za-OG-zYv.ibShadowedToolTip" = "ミラー表示";
< > "MOb-4E-ACl.ibShadowedToolTip" = "分割表示";
< > "Poe-8p-RRo.title" = "ハイライトの強度";
< > "Qjb-vV-2dR.title" = "シャドウ範囲";
< > "S19-ax-GG0.title" = "ハイライト半径";
< > "YTk-nu-Vfq.title" = "ハイライト範囲";
< > "eDV-KN-qDW.ibShadowedToolTip" = "分割表示なし";
---
> > "1.title" = "그림자 / 빛";
> > "26.title" = "적용";
> > "419.title" = "취소";
> > "7za-OG-zYv.ibShadowedToolTip" = "거울 보기";
> > "MOb-4E-ACl.ibShadowedToolTip" = "분할 보기";
> > "eDV-KN-qDW.ibShadowedToolTip" = "분할 보기 해제";
