7,12c7,12
< 12c12
< 15c15
< 18c18
< 3c3
< 6c6
< 9c9
---
> 11,12c11,12
> 14,15c14,15
> 17,18c17,18
> 2,3c2,3
> 5,6c5,6
> 8,9c8,9
19,24c19,36
< > "1.title" = "シアー";
< > "210.title" = "キャンセル";
< > "26.title" = "適用";
< > "55O-Mq-vw3.ibShadowedToolTip" = "分割表示";
< > "Rjy-q7-U1O.ibShadowedToolTip" = "分割表示なし";
< > "S48-zC-68c.ibShadowedToolTip" = "ミラー表示";
---
> < /* Class = "NSButton"; ibShadowedToolTip = "Mirror view"; ObjectID = "S48-zC-68c"; */
> < /* Class = "NSButton"; ibShadowedToolTip = "No split view"; ObjectID = "Rjy-q7-U1O"; */
> < /* Class = "NSButton"; ibShadowedToolTip = "Split view"; ObjectID = "55O-Mq-vw3"; */
> < /* Class = "NSButtonCell"; title = "Apply"; ObjectID = "26"; */
> < /* Class = "NSButtonCell"; title = "Cancel"; ObjectID = "210"; */
> < /* Class = "NSWindow"; title = "Shear"; ObjectID = "1"; */
> > "1.title" = "비틀기";
> > "210.title" = "취소";
> > "26.title" = "적용";
> > "55O-Mq-vw3.ibShadowedToolTip" = "분할 보기";
> > "Rjy-q7-U1O.ibShadowedToolTip" = "분할 보기 해제";
> > "S48-zC-68c.ibShadowedToolTip" = "거울 보기";
> > /* Class = "NSButton"; ibShadowedToolTip = "분할 보기 해제"; ObjectID = "Rjy-q7-U1O"; */
> > /* Class = "NSButton"; ibShadowedToolTip = "분할 보기"; ObjectID = "55O-Mq-vw3"; */
> > /* Class = "NSButton"; ibShadowedToolTip = "거울 보기"; ObjectID = "S48-zC-68c"; */
> > /* Class = "NSButtonCell"; title = "취소"; ObjectID = "210"; */
> > /* Class = "NSButtonCell"; title = "적용"; ObjectID = "26"; */
> > /* Class = "NSWindow"; title = "비틀기"; ObjectID = "1"; */
