2,3c2,3
< /* Class = "NSWindow"; title = "Shear"; ObjectID = "1"; */
< "1.title" = "Shear";
---
> /* Class = "NSWindow"; title = "비틀기"; ObjectID = "1"; */
> "1.title" = "비틀기";
5,6c5,6
< /* Class = "NSButtonCell"; title = "Apply"; ObjectID = "26"; */
< "26.title" = "Apply";
---
> /* Class = "NSButtonCell"; title = "적용"; ObjectID = "26"; */
> "26.title" = "적용";
8,9c8,9
< /* Class = "NSButtonCell"; title = "Cancel"; ObjectID = "210"; */
< "210.title" = "Cancel";
---
> /* Class = "NSButtonCell"; title = "취소"; ObjectID = "210"; */
> "210.title" = "취소";
11,12c11,12
< /* Class = "NSButton"; ibShadowedToolTip = "Split view"; ObjectID = "55O-Mq-vw3"; */
< "55O-Mq-vw3.ibShadowedToolTip" = "Split view";
---
> /* Class = "NSButton"; ibShadowedToolTip = "분할 뷰 모드"; ObjectID = "55O-Mq-vw3"; */
> "55O-Mq-vw3.ibShadowedToolTip" = "분할 뷰 모드";
14,15c14,15
< /* Class = "NSButton"; ibShadowedToolTip = "No split view"; ObjectID = "Rjy-q7-U1O"; */
< "Rjy-q7-U1O.ibShadowedToolTip" = "No split view";
---
> /* Class = "NSButton"; ibShadowedToolTip = "분할 뷰 모드 해제"; ObjectID = "Rjy-q7-U1O"; */
> "Rjy-q7-U1O.ibShadowedToolTip" = "분할 뷰 모드 해제";
17,18c17,18
< /* Class = "NSButton"; ibShadowedToolTip = "Mirror view"; ObjectID = "S48-zC-68c"; */
< "S48-zC-68c.ibShadowedToolTip" = "Mirror view";
---
> /* Class = "NSButton"; ibShadowedToolTip = "거울 뷰 모드"; ObjectID = "S48-zC-68c"; */
> "S48-zC-68c.ibShadowedToolTip" = "거울 뷰 모드";
