3c3
< "3Dc-RZ-0q7.title" = "Layer lock status is";
---
> "3Dc-RZ-0q7.title" = "レイヤーのロック状態は";
6c6
< "6Dw-GK-tcz.title" = "Layer name is";
---
> "6Dw-GK-tcz.title" = "レイヤー名は";
9c9
< "7OS-ac-2zm.ibShadowedToolTip" = "Visibility";
---
> "7OS-ac-2zm.ibShadowedToolTip" = "可視性";
12c12
< "8kf-J6-CLc.title" = "Text Cell";
---
> "8kf-J6-CLc.title" = "テキストセル";
15c15
< "AZK-G0-Epq.title" = "And show / hide others";
---
> "AZK-G0-Epq.title" = "その他を表示";
18c18
< "D6Y-pm-z7N.title" = "Layer tag is";
---
> "D6Y-pm-z7N.title" = "レイヤータグは";
21c21
< "Ecc-dn-hvI.title" = "Layer type is";
---
> "Ecc-dn-hvI.title" = "レイヤータイプは";
24c24
< "M3R-4q-Amk.title" = "Regular expressions";
---
> "M3R-4q-Amk.title" = "正規表現";
27c27
< "Y2d-H9-ITU.ibShadowedToolTip" = "Show";
---
> "Y2d-H9-ITU.ibShadowedToolTip" = "適用";
30c30
< "b9b-B4-8WO.title" = "Style";
---
> "b9b-B4-8WO.title" = "スタイル";
33c33
< "fcf-YH-9cU.ibShadowedToolTip" = "Visibility";
---
> "fcf-YH-9cU.ibShadowedToolTip" = "可視性";
36c36
< "hah-Bb-sXi.ibShadowedToolTip" = "Visibility";
---
> "hah-Bb-sXi.ibShadowedToolTip" = "可視性";
39c39
< "nea-9N-xmY.ibShadowedToolTip" = "Visibility";
---
> "nea-9N-xmY.ibShadowedToolTip" = "可視性";
42c42
< "o0T-dx-tKP.ibShadowedToolTip" = "Visibility";
---
> "o0T-dx-tKP.ibShadowedToolTip" = "可視性";
45c45
< "uaS-YQ-sjG.title" = "Table View Cell";
---
> "uaS-YQ-sjG.title" = "テーブルビューセル";
48c48
< "z83-ak-huV.ibShadowedToolTip" = "Hide";
---
> "z83-ak-huV.ibShadowedToolTip" = "非表示";
