---
---
---
---
11,12c11,12
26,27c26,27
29,30c29,30
47,48c47,48
< "8kf-J6-CLc.title" = "Text Cell";
< "Y2d-H9-ITU.ibShadowedToolTip" = "Show";
< "b9b-B4-8WO.title" = "Style";
< "z83-ak-huV.ibShadowedToolTip" = "Hide";
< /* Class = "NSButton"; ibShadowedToolTip = "Hide"; ObjectID = "z83-ak-huV"; */
< /* Class = "NSButton"; ibShadowedToolTip = "Show"; ObjectID = "Y2d-H9-ITU"; */
< /* Class = "NSTextFieldCell"; title = "Style"; ObjectID = "b9b-B4-8WO"; */
< /* Class = "NSTextFieldCell"; title = "Text Cell"; ObjectID = "8kf-J6-CLc"; */
> "8kf-J6-CLc.title" = "텍스트 셀";
> "Y2d-H9-ITU.ibShadowedToolTip" = "보기";
> "b9b-B4-8WO.title" = "스타일";
> "z83-ak-huV.ibShadowedToolTip" = "가리기";
> /* Class = "NSButton"; ibShadowedToolTip = "보기"; ObjectID = "Y2d-H9-ITU"; */
> /* Class = "NSButton"; ibShadowedToolTip = "가리기"; ObjectID = "z83-ak-huV"; */
> /* Class = "NSTextFieldCell"; title = "텍스트 셀"; ObjectID = "8kf-J6-CLc"; */
> /* Class = "NSTextFieldCell"; title = "스타일"; ObjectID = "b9b-B4-8WO"; */
