1c1,8
< 9c9
---
> 2,3c2,3
> < /* Class = "NSTextFieldCell"; title = "Text Cell"; ObjectID = "11"; */
> < "11.title" = "Text Cell";
> ---
> > /* Class = "NSTextFieldCell"; title = "텍스트 셀"; ObjectID = "11"; */
> > "11.title" = "텍스트 셀";
> 8,9c8,9
> < /* Class = "NSButton"; ibShadowedToolTip = "Add Snapshot"; ObjectID = "ZFs-OS-U6b"; */
4,5c11,14
< > "ZFs-OS-U6b.ibShadowedToolTip" = "スナップショットを追加";
< 12c12
---
> > /* Class = "NSButton"; ibShadowedToolTip = "스냅샷 추가"; ObjectID = "ZFs-OS-U6b"; */
> > "ZFs-OS-U6b.ibShadowedToolTip" = "스냅샷 추가";
> 11,12c11,12
> < /* Class = "NSButton"; ibShadowedToolTip = "Delete Snapshot"; ObjectID = "uzY-Ie-7WH"; */
8,9c17,20
< > "uzY-Ie-7WH.ibShadowedToolTip" = "スナップショットを削除";
< 15c15
---
> > /* Class = "NSButton"; ibShadowedToolTip = "스냅샷 지우기"; ObjectID = "uzY-Ie-7WH"; */
> > "uzY-Ie-7WH.ibShadowedToolTip" = "스냅샷 지우기";
> 14,15c14,15
> < /* Class = "NSButton"; ibShadowedToolTip = "New Document From Snapshot"; ObjectID = "ypS-Qv-Lfs"; */
12,13c23,26
< > "ypS-Qv-Lfs.ibShadowedToolTip" = "スナップショットから新規ドキュメントを作成";
< 18c18
---
> > /* Class = "NSButton"; ibShadowedToolTip = "스냅샷으로부터 신규 문서"; ObjectID = "ypS-Qv-Lfs"; */
> > "ypS-Qv-Lfs.ibShadowedToolTip" = "스냅샷으로부터 신규 문서";
> 17,18c17,18
> < /* Class = "NSButton"; ibShadowedToolTip = "Restore Snapshot"; ObjectID = "zFl-C8-FIY"; */
16c29,30
< > "zFl-C8-FIY.ibShadowedToolTip" = "スナップショットを復元";
---
> > /* Class = "NSButton"; ibShadowedToolTip = "스냅샷 복원"; ObjectID = "zFl-C8-FIY"; */
> > "zFl-C8-FIY.ibShadowedToolTip" = "스냅샷 복원";
