2,3c2,3
< /* Class = "NSTextFieldCell"; title = "Text Cell"; ObjectID = "11"; */
< "11.title" = "Text Cell";
---
> /* Class = "NSTextFieldCell"; title = "텍스트 셀"; ObjectID = "11"; */
> "11.title" = "텍스트 셀";
8,9c8,9
< /* Class = "NSButton"; ibShadowedToolTip = "Add Snapshot"; ObjectID = "ZFs-OS-U6b"; */
< "ZFs-OS-U6b.ibShadowedToolTip" = "Add Snapshot";
---
> /* Class = "NSButton"; ibShadowedToolTip = "스냅샷 추가"; ObjectID = "ZFs-OS-U6b"; */
> "ZFs-OS-U6b.ibShadowedToolTip" = "스냅샷 추가";
11,12c11,12
< /* Class = "NSButton"; ibShadowedToolTip = "Delete Snapshot"; ObjectID = "uzY-Ie-7WH"; */
< "uzY-Ie-7WH.ibShadowedToolTip" = "Delete Snapshot";
---
> /* Class = "NSButton"; ibShadowedToolTip = "스냅샷 지우기"; ObjectID = "uzY-Ie-7WH"; */
> "uzY-Ie-7WH.ibShadowedToolTip" = "스냅샷 지우기";
14,15c14,15
< /* Class = "NSButton"; ibShadowedToolTip = "New Document From Snapshot"; ObjectID = "ypS-Qv-Lfs"; */
< "ypS-Qv-Lfs.ibShadowedToolTip" = "New Document From Snapshot";
---
> /* Class = "NSButton"; ibShadowedToolTip = "스냅샷으로부터 신규 문서"; ObjectID = "ypS-Qv-Lfs"; */
> "ypS-Qv-Lfs.ibShadowedToolTip" = "스냅샷으로부터 신규 문서";
17,18c17,18
< /* Class = "NSButton"; ibShadowedToolTip = "Restore Snapshot"; ObjectID = "zFl-C8-FIY"; */
< "zFl-C8-FIY.ibShadowedToolTip" = "Restore Snapshot";
---
> /* Class = "NSButton"; ibShadowedToolTip = "스냅샷 복원"; ObjectID = "zFl-C8-FIY"; */
> "zFl-C8-FIY.ibShadowedToolTip" = "스냅샷 복원";
