2,5c2,7
< 12c12
< 15c15
< 18c18
< 9c9
---
> 11,12c11,12
> 14,15c14,15
> 17,18c17,18
> 2,3c2,3
> 8,9c8,9
> < "11.title" = "Text Cell";
10,13c12,26
< > "ZFs-OS-U6b.ibShadowedToolTip" = "スナップショットを追加";
< > "uzY-Ie-7WH.ibShadowedToolTip" = "スナップショットを削除";
< > "ypS-Qv-Lfs.ibShadowedToolTip" = "スナップショットから新規ドキュメントを作成";
< > "zFl-C8-FIY.ibShadowedToolTip" = "スナップショットを復元";
---
> > "11.title" = "텍스트 셀";
> > "ZFs-OS-U6b.ibShadowedToolTip" = "스냅샷 추가";
> > "uzY-Ie-7WH.ibShadowedToolTip" = "스냅샷 지우기";
> > "ypS-Qv-Lfs.ibShadowedToolTip" = "스냅샷으로부터 신규 문서";
> > "zFl-C8-FIY.ibShadowedToolTip" = "스냅샷 복원";
