2,3c2,3
< /* Class = "NSWindow"; title = "Spelling"; ObjectID = "1"; */
< "1.title" = "Spelling";
---
> /* Class = "NSWindow"; title = "철자"; ObjectID = "1"; */
> "1.title" = "철자";
5,6c5,6
< /* Class = "NSMenuItem"; title = "Selection"; ObjectID = "1lS-M1-wtG"; */
< "1lS-M1-wtG.title" = "Selection";
---
> /* Class = "NSMenuItem"; title = "선택 항목"; ObjectID = "1lS-M1-wtG"; */
> "1lS-M1-wtG.title" = "선택 항목";
11,12c11,12
< /* Class = "NSButtonCell"; title = "Ignore"; ObjectID = "7jK-ex-WET"; */
< "7jK-ex-WET.title" = "Ignore";
---
> /* Class = "NSButtonCell"; title = "무시"; ObjectID = "7jK-ex-WET"; */
> "7jK-ex-WET.title" = "무시";
32,33c32,33
< /* Class = "NSButtonCell"; title = "Close"; ObjectID = "Q22-ar-Xot"; */
< "Q22-ar-Xot.title" = "Close";
---
> /* Class = "NSButtonCell"; title = "닫기"; ObjectID = "Q22-ar-Xot"; */
> "Q22-ar-Xot.title" = "닫기";
35,36c35,36
< /* Class = "NSTextFieldCell"; title = "Text Cell"; ObjectID = "QBq-5H-wTg"; */
< "QBq-5H-wTg.title" = "Text Cell";
---
> /* Class = "NSTextFieldCell"; title = "텍스트 셀"; ObjectID = "QBq-5H-wTg"; */
> "QBq-5H-wTg.title" = "텍스트 셀";
