3c3
< "1.title" = "Sphere";
---
> "1.title" = "球体";
6c6
< "12.title" = "Intensity";
---
> "12.title" = "強度";
9c9
< "26.title" = "Apply";
---
> "26.title" = "適用";
12c12
< "88.title" = "Radius";
---
> "88.title" = "半径";
15c15
< "413.title" = "Cancel";
---
> "413.title" = "キャンセル";
18c18
< "CvU-lb-BpE.ibShadowedToolTip" = "Mirror view";
---
> "CvU-lb-BpE.ibShadowedToolTip" = "ミラー表示";
21c21
< "YJo-Q7-kUz.ibShadowedToolTip" = "Split view";
---
> "YJo-Q7-kUz.ibShadowedToolTip" = "分割表示";
24c24
< "zaY-Vy-vFv.ibShadowedToolTip" = "No split view";
---
> "zaY-Vy-vFv.ibShadowedToolTip" = "分割表示なし";
