8,9c8,9
< /* Class = "NSButtonCell"; title = "Apply"; ObjectID = "26"; */
< "26.title" = "Apply";
---
> /* Class = "NSButtonCell"; title = "적용"; ObjectID = "26"; */
> "26.title" = "적용";
11,12c11,12
< /* Class = "NSTextFieldCell"; title = "Radius"; ObjectID = "88"; */
< "88.title" = "Radius";
---
> /* Class = "NSTextFieldCell"; title = "반지름"; ObjectID = "88"; */
> "88.title" = "반지름";
14,15c14,15
< /* Class = "NSButtonCell"; title = "Cancel"; ObjectID = "413"; */
< "413.title" = "Cancel";
---
> /* Class = "NSButtonCell"; title = "취소"; ObjectID = "413"; */
> "413.title" = "취소";
17,18c17,18
< /* Class = "NSButton"; ibShadowedToolTip = "Mirror view"; ObjectID = "CvU-lb-BpE"; */
< "CvU-lb-BpE.ibShadowedToolTip" = "Mirror view";
---
> /* Class = "NSButton"; ibShadowedToolTip = "거울 뷰 모드"; ObjectID = "CvU-lb-BpE"; */
> "CvU-lb-BpE.ibShadowedToolTip" = "거울 뷰 모드";
20,21c20,21
< /* Class = "NSButton"; ibShadowedToolTip = "Split view"; ObjectID = "YJo-Q7-kUz"; */
< "YJo-Q7-kUz.ibShadowedToolTip" = "Split view";
---
> /* Class = "NSButton"; ibShadowedToolTip = "분할 뷰 모드"; ObjectID = "YJo-Q7-kUz"; */
> "YJo-Q7-kUz.ibShadowedToolTip" = "분할 뷰 모드";
23,24c23,24
< /* Class = "NSButton"; ibShadowedToolTip = "No split view"; ObjectID = "zaY-Vy-vFv"; */
< "zaY-Vy-vFv.ibShadowedToolTip" = "No split view";
---
> /* Class = "NSButton"; ibShadowedToolTip = "분할 뷰 모드 해제"; ObjectID = "zaY-Vy-vFv"; */
> "zaY-Vy-vFv.ibShadowedToolTip" = "분할 뷰 모드 해제";
