---
---
---
---
---
---
---
---
---
---
---
---
---
---
---
---
---
---
---
---
---
---
---
---
---
---
12c12
18c18
24c24
30c30
33c33
36c36
39c39
3c3
45c45
48c48
51c51
54c54
57c57
60c60
63c63
66c66
69c69
6c6
72c72
75c75
78c78
81c81
84c84
87c87
93c93
9c9
< "0kZ-ps-B3C.title" = "Portrait";
< "40o-Kn-gHp.title" = "Page";
< "4J9-gn-87x.title" = "Right Margin:";
< "4nG-0p-fsL.title" = "Spread";
< "7uR-Mx-pgO.label" = "Margins";
< "8JZ-Po-xQk.title" = "Text Cell";
< "Bfj-zn-Q2a.title" = "Retrieve Margin from Printer";
< "CoU-Wz-8Jo.title" = "Include Margins";
< "F0z-JX-Cv5.title" = "Spread Properties";
< "I3q-rv-S84.title" = "Bottom Margin:";
< "JAb-49-cXb.title" = "Top Margin:";
< "N10-AP-NDY.title" = "Set Dimensions of:";
< "NS5-cq-JqJ.title" = "Anchor:";
< "SQC-mA-yl3.ibShadowedToolTip" = "Link Margins";
< "VLn-c3-8dr.title" = "Spread Properties";
< "Vvg-Da-lik.title" = "Cancel";
< "buC-1Z-3c2.title" = "Resample:";
< "cOX-0Q-PCg.title" = "Dimensions:";
< "e4V-Oa-DnJ.title" = "Name:";
< "ep5-DR-Bb2.label" = "Scaling";
< "fel-jY-k6C.title" = "Left Margin:";
< "hNo-eV-q96.title" = "Page Preset:";
< "lNu-al-TL8.label" = "Dimensions";
< "pRE-UD-jae.title" = "Objects will:";
< "q5k-vH-bcS.title" = "Button";
< "wLl-2c-Ptq.title" = "Type:";
> "0kZ-ps-B3C.title" = "縦向き";
> "40o-Kn-gHp.title" = "ページ";
> "4J9-gn-87x.title" = "右マージン:";
> "4nG-0p-fsL.title" = "スプレッド";
> "7uR-Mx-pgO.label" = "マージン";
> "8JZ-Po-xQk.title" = "テキストセル";
> "Bfj-zn-Q2a.title" = "プリンターからマージンを取得";
> "CoU-Wz-8Jo.title" = "マージンを含める";
> "F0z-JX-Cv5.title" = "スプレッドプロパティ";
> "I3q-rv-S84.title" = "下マージン:";
> "JAb-49-cXb.title" = "上マージン:";
> "N10-AP-NDY.title" = "次の寸法を設定:";
> "NS5-cq-JqJ.title" = "アンカー:";
> "SQC-mA-yl3.ibShadowedToolTip" = "リンクマージン";
> "VLn-c3-8dr.title" = "スプレッドプロパティ";
> "Vvg-Da-lik.title" = "キャンセル";
> "buC-1Z-3c2.title" = "リサンプル:";
> "cOX-0Q-PCg.title" = "寸法:";
> "e4V-Oa-DnJ.title" = "名前:";
> "ep5-DR-Bb2.label" = "スケーリング";
> "fel-jY-k6C.title" = "左マージン:";
> "hNo-eV-q96.title" = "ページプリセット:";
> "lNu-al-TL8.label" = "寸法";
> "pRE-UD-jae.title" = "オブジェクトの動作:";
> "q5k-vH-bcS.title" = "ボタン";
> "wLl-2c-Ptq.title" = "タイプ:";
