17,52c17,32
< ---
< ---
< ---
< ---
< ---
< ---
< ---
< ---
< ---
< ---
< 12c12
< 18c18
< 24c24
< 30c30
< 33c33
< 36c36
< 39c39
< 3c3
< 45c45
< 48c48
< 51c51
< 54c54
< 57c57
< 60c60
< 63c63
< 66c66
< 69c69
< 6c6
< 72c72
< 75c75
< 78c78
< 81c81
< 84c84
< 87c87
< 93c93
< 9c9
---
> 17,18c17,18
> 2,3c2,3
> 23,24c23,24
> 29,30c29,30
> 32,33c32,33
> 38,39c38,39
> 44,45c44,45
> 5,6c5,6
> 59,60c59,60
> 65,66c65,66
> 74,75c74,75
> 77,78c77,78
> 8,9c8,9
> 80,81c80,81
> 86,87c86,87
> 92,93c92,93
56d35
< < "4nG-0p-fsL.title" = "Spread";
61d39
< < "F0z-JX-Cv5.title" = "Spread Properties";
64,67d41
< < "N10-AP-NDY.title" = "Set Dimensions of:";
< < "NS5-cq-JqJ.title" = "Anchor:";
< < "SQC-mA-yl3.ibShadowedToolTip" = "Link Margins";
< < "VLn-c3-8dr.title" = "Spread Properties";
69d42
< < "buC-1Z-3c2.title" = "Resample:";
71,72d43
< < "e4V-Oa-DnJ.title" = "Name:";
< < "ep5-DR-Bb2.label" = "Scaling";
76d46
< < "pRE-UD-jae.title" = "Objects will:";
79,104c49,96
< > "0kZ-ps-B3C.title" = "縦向き";
< > "40o-Kn-gHp.title" = "ページ";
< > "4J9-gn-87x.title" = "右マージン:";
< > "4nG-0p-fsL.title" = "スプレッド";
< > "7uR-Mx-pgO.label" = "マージン";
< > "8JZ-Po-xQk.title" = "テキストセル";
< > "Bfj-zn-Q2a.title" = "プリンターからマージンを取得";
< > "CoU-Wz-8Jo.title" = "マージンを含める";
< > "F0z-JX-Cv5.title" = "スプレッドプロパティ";
< > "I3q-rv-S84.title" = "下マージン:";
< > "JAb-49-cXb.title" = "上マージン:";
< > "N10-AP-NDY.title" = "次の寸法を設定:";
< > "NS5-cq-JqJ.title" = "アンカー:";
< > "SQC-mA-yl3.ibShadowedToolTip" = "リンクマージン";
< > "VLn-c3-8dr.title" = "スプレッドプロパティ";
< > "Vvg-Da-lik.title" = "キャンセル";
< > "buC-1Z-3c2.title" = "リサンプル:";
< > "cOX-0Q-PCg.title" = "寸法:";
< > "e4V-Oa-DnJ.title" = "名前:";
< > "ep5-DR-Bb2.label" = "スケーリング";
< > "fel-jY-k6C.title" = "左マージン:";
< > "hNo-eV-q96.title" = "ページプリセット:";
< > "lNu-al-TL8.label" = "寸法";
< > "pRE-UD-jae.title" = "オブジェクトの動作:";
< > "q5k-vH-bcS.title" = "ボタン";
< > "wLl-2c-Ptq.title" = "タイプ:";
---
> < /* Class = "NSButtonCell"; title = "Button"; ObjectID = "q5k-vH-bcS"; */
> < /* Class = "NSButtonCell"; title = "Cancel"; ObjectID = "Vvg-Da-lik"; */
> < /* Class = "NSButtonCell"; title = "Include Margins"; ObjectID = "CoU-Wz-8Jo"; */
> < /* Class = "NSButtonCell"; title = "Portrait"; ObjectID = "0kZ-ps-B3C"; */
> < /* Class = "NSButtonCell"; title = "Retrieve Margin from Printer"; ObjectID = "Bfj-zn-Q2a"; */
> < /* Class = "NSMenuItem"; title = "Page"; ObjectID = "40o-Kn-gHp"; */
> < /* Class = "NSTabViewItem"; label = "Dimensions"; ObjectID = "lNu-al-TL8"; */
> < /* Class = "NSTabViewItem"; label = "Margins"; ObjectID = "7uR-Mx-pgO"; */
> < /* Class = "NSTextFieldCell"; title = "Bottom Margin:"; ObjectID = "I3q-rv-S84"; */
> < /* Class = "NSTextFieldCell"; title = "Dimensions:"; ObjectID = "cOX-0Q-PCg"; */
> < /* Class = "NSTextFieldCell"; title = "Left Margin:"; ObjectID = "fel-jY-k6C"; */
> < /* Class = "NSTextFieldCell"; title = "Page Preset:"; ObjectID = "hNo-eV-q96"; */
> < /* Class = "NSTextFieldCell"; title = "Right Margin:"; ObjectID = "4J9-gn-87x"; */
> < /* Class = "NSTextFieldCell"; title = "Text Cell"; ObjectID = "8JZ-Po-xQk"; */
> < /* Class = "NSTextFieldCell"; title = "Top Margin:"; ObjectID = "JAb-49-cXb"; */
> < /* Class = "NSTextFieldCell"; title = "Type:"; ObjectID = "wLl-2c-Ptq"; */
> > "0kZ-ps-B3C.title" = "세로 방향";
> > "40o-Kn-gHp.title" = "페이지";
> > "4J9-gn-87x.title" = "오른쪽 여백:";
> > "7uR-Mx-pgO.label" = "여백";
> > "8JZ-Po-xQk.title" = "텍스트 셀";
> > "Bfj-zn-Q2a.title" = "프린터 여백을 이용";
> > "CoU-Wz-8Jo.title" = "여백 포함";
> > "I3q-rv-S84.title" = "아래쪽 여백:";
> > "JAb-49-cXb.title" = "위쪽 여백:";
> > "Vvg-Da-lik.title" = "취소";
> > "cOX-0Q-PCg.title" = "치수:";
> > "fel-jY-k6C.title" = "왼쪽 여백";
> > "hNo-eV-q96.title" = "페이지 미리 설정:";
> > "lNu-al-TL8.label" = "치수";
> > "q5k-vH-bcS.title" = "버튼";
> > "wLl-2c-Ptq.title" = "종류:";
> > /* Class = "NSButtonCell"; title = "세로 방향"; ObjectID = "0kZ-ps-B3C"; */
> > /* Class = "NSButtonCell"; title = "여백 포함"; ObjectID = "CoU-Wz-8Jo"; */
> > /* Class = "NSButtonCell"; title = "취소"; ObjectID = "Vvg-Da-lik"; */
> > /* Class = "NSButtonCell"; title = "버튼"; ObjectID = "q5k-vH-bcS"; */
> > /* Class = "NSButtonCell"; title = "프린터 여백을 이용"; ObjectID = "Bfj-zn-Q2a"; */
> > /* Class = "NSMenuItem"; title = "페이지"; ObjectID = "40o-Kn-gHp"; */
> > /* Class = "NSTabViewItem"; label = "여백"; ObjectID = "7uR-Mx-pgO"; */
> > /* Class = "NSTabViewItem"; label = "치수"; ObjectID = "lNu-al-TL8"; */
> > /* Class = "NSTextFieldCell"; title = "왼쪽 여백"; ObjectID = "fel-jY-k6C"; */
> > /* Class = "NSTextFieldCell"; title = "위쪽 여백:"; ObjectID = "JAb-49-cXb"; */
> > /* Class = "NSTextFieldCell"; title = "치수:"; ObjectID = "cOX-0Q-PCg"; */
> > /* Class = "NSTextFieldCell"; title = "종류:"; ObjectID = "wLl-2c-Ptq"; */
> > /* Class = "NSTextFieldCell"; title = "텍스트 셀"; ObjectID = "8JZ-Po-xQk"; */
> > /* Class = "NSTextFieldCell"; title = "페이지 미리 설정:"; ObjectID = "hNo-eV-q96"; */
> > /* Class = "NSTextFieldCell"; title = "오른쪽 여백:"; ObjectID = "4J9-gn-87x"; */
> > /* Class = "NSTextFieldCell"; title = "아래쪽 여백:"; ObjectID = "I3q-rv-S84"; */
