1,5c1,2
< 3c3
< < "HRq-9o-C7A.title" = "Connection failed";
< ---
< > "HRq-9o-C7A.title" = "接続に失敗しました";
< 6c6
---
> 5,6c5,6
> < /* Class = "NSButtonCell"; title = "Commercial"; ObjectID = "OIb-vE-lf9"; */
8,17c5,8
< > "OIb-vE-lf9.title" = "商用";
< 9c9
< < "OVz-Fg-wUp.title" = "Powered by Provider";
< ---
< > "OVz-Fg-wUp.title" = "提供者の協力によって実現";
< 12c12
< < "cqn-Ov-yqI.title" = "Model Released";
< ---
< > "cqn-Ov-yqI.title" = "リリース済みモデル";
< 15c15
---
> > /* Class = "NSButtonCell"; title = "상업용"; ObjectID = "OIb-vE-lf9"; */
> > "OIb-vE-lf9.title" = "상업용";
> 14,15c14,15
> < /* Class = "NSButtonCell"; title = "Vector"; ObjectID = "fjG-Me-UuM"; */
20c11,12
< > "fjG-Me-UuM.title" = "ベクター";
---
> > /* Class = "NSButtonCell"; title = "벡터"; ObjectID = "fjG-Me-UuM"; */
> > "fjG-Me-UuM.title" = "벡터";
