6c6
< "56.title" = "Categories";
---
> "56.title" = "カテゴリ";
9c9
< "57.title" = "Standard";
---
> "57.title" = "標準";
12c12
< "58.title" = "User Defined";
---
> "58.title" = "ユーザー定義";
15c15
< "DyL-eB-Ng3.title" = "Add New Category…";
---
> "DyL-eB-Ng3.title" = "新規カテゴリを追加…";
18c18
< "FOR-vN-3Jf.title" = "Import Styles…";
---
> "FOR-vN-3Jf.title" = "スタイルをインポート…";
21c21
< "Gae-4h-oOc.title" = "Export Styles…";
---
> "Gae-4h-oOc.title" = "スタイルを書き出し…";
24c24
< "Gck-0F-Ltt.title" = "Sort Categories By";
---
> "Gck-0F-Ltt.title" = "次の項目でカテゴリを並べ替え";
27c27
< "Qdg-4L-iaQ.title" = "Name";
---
> "Qdg-4L-iaQ.title" = "名前";
30c30
< "Yj6-1f-Ed3.title" = "Add Style from Selection";
---
> "Yj6-1f-Ed3.title" = "選択からスタイルを追加";
33c33
< "ZsN-31-Npp.title" = "Uninstall Pack…";
---
> "ZsN-31-Npp.title" = "パックをアンインストール…";
36c36
< "c48-4l-dt4.title" = "Sort Categories By";
---
> "c48-4l-dt4.title" = "次の項目でカテゴリを並べ替え";
39c39
< "cCV-7R-i66.title" = "Link Category";
---
> "cCV-7R-i66.title" = "カテゴリをリンク";
42c42
< "dpg-OT-SJk.title" = "Duplicate Category";
---
> "dpg-OT-SJk.title" = "カテゴリを複製";
45c45
< "mCW-SN-0Mv.title" = "Date Added";
---
> "mCW-SN-0Mv.title" = "追加日";
48c48
< "quo-Sk-LPt.title" = "Delete Category…";
---
> "quo-Sk-LPt.title" = "カテゴリを削除…";
51c51
< "rZu-IS-m6Q.title" = "Rename Category…";
---
> "rZu-IS-m6Q.title" = "カテゴリ名を変更…";
54c54
< "uqc-3g-Fu8.title" = "Show as List";
---
> "uqc-3g-Fu8.title" = "リストとして表示";
