1c1,2
< 3c3
---
> 2,3c2,3
> < /* Class = "NSTextFieldCell"; title = "Style"; ObjectID = "106"; */
4,9c5,8
< > "106.title" = "スタイル";
< 6c6
< < "144.title" = "Rename Style...";
< ---
< > "144.title" = "スタイル名の変更...";
< 9c9
---
> > /* Class = "NSTextFieldCell"; title = "스타일"; ObjectID = "106"; */
> > "106.title" = "스타일";
> 8,9c8,9
> < /* Class = "NSMenuItem"; title = "Delete Style"; ObjectID = "146"; */
12c11,12
< > "146.title" = "スタイルを削除";
---
> > /* Class = "NSMenuItem"; title = "스타일 지우기"; ObjectID = "146"; */
> > "146.title" = "스타일 지우기";
