---
101,102c101,102
110,111c110,111
113,114c113,114
116,117c116,117
119,120c119,120
122,123c122,123
125,126c125,126
137,138c137,138
143,144c143,144
146,147c146,147
149,150c149,150
155,156c155,156
161,162c161,162
167,168c167,168
17,18c17,18
170,171c170,171
173,174c173,174
177c177
179,180c179,180
182,183c182,183
191,192c191,192
197,198c197,198
2,3c2,3
20,21c20,21
203,204c203,204
206,207c206,207
209,210c209,210
215,216c215,216
234c234
236,237c236,237
240c240
243c243
248,249c248,249
26,27c26,27
260,261c260,261
263,264c263,264
266,267c266,267
278,279c278,279
284,285c284,285
287,288c287,288
29,30c29,30
293,294c293,294
296,297c296,297
299,300c299,300
308,309c308,309
311,312c311,312
314,315c314,315
317,318c317,318
32,33c32,33
326,327c326,327
332,333c332,333
336c336
338,339c338,339
341,342c341,342
348c348
35,36c35,36
356,357c356,357
362,363c362,363
365,366c365,366
372c372
38,39c38,39
383,384c383,384
387c387
395,396c395,396
398,399c398,399
401,402c401,402
404,405c404,405
411c411
428,429c428,429
42c42
434,435c434,435
44,45c44,45
50,51c50,51
53,54c53,54
57c57
59,60c59,60
68,69c68,69
71,72c71,72
77,78c77,78
83,84c83,84
86,87c86,87
89,90c89,90
98,99c98,99
< "0N8-TS-1oH.title" = "Medium";
< "21.title" = "Opacity:";
< "2Jc-dm-TB8.title" = "Appearance";
< "2m3-UA-vhT.title" = "Large";
< "2x0-pS-Msg.title" = "Sort";
< "48.title" = "Recent:";
< "4Sv-Gb-VDR.title" = "As System Palette";
< "4VJ-6L-UfV.title" = "Square";
< "4fX-75-WPj.title" = "Create Color Chord";
< "4jC-c4-oW2.title" = "Create Palette From Document";
< "5Zj-aB-NkD.title" = "Set as Default for";
< "6xI-Di-Hf3.title" = "As Document Palette";
< "6y5-C0-TmG.title" = "Create Color Chord";
< "702-F3-BkM.title" = "Delete Fill";
< "939-qT-dCy.title" = "Sort";
< "A9w-Bc-myK.title" = "Set as Default for";
< "AoK-tK-t3z.title" = "Remove Default for";
< "Bwf-sc-HUj.title" = "Small";
< "CMJ-rh-fXD.title" = "Edit Fill…";
< "CX9-2x-YHJ.title" = "Complementary";
< "DZJ-lK-gO1.title" = "Make Copy";
< "EIW-6h-C59.title" = "Create Palette From Document";
< "EqU-Y7-uib.title" = "Alphabetical";
< "G7c-Su-VAk.title" = "Sort";
< "GTV-TK-xt0.title" = "Create Palette From Image…";
< "GWO-ab-y3Z.title" = "Remove Default for";
< "Gad-hH-GjM.title" = "Analogous";
< "GlH-WA-0ql.title" = "Set as Default for";
< "HY9-Co-b0N.title" = "As Application Palette";
< "HqM-yS-mXn.title" = "Import Palette…";
< "I29-uM-OPY.title" = "Tints";
< "I6u-xY-EiY.title" = "Show as List";
< "IDB-lr-5hd.title" = "Make Global";
< "Iqb-gq-vyA.title" = "Remove Default for";
< "JfY-3x-waS.title" = "Shades";
< "Jxa-b6-x9h.title" = "As Application Palette";
< "K4N-2d-5Wg.title" = "Complementary";
< "KdP-pp-jb0.title" = "Delete Color";
< "Knk-tr-AH2.title" = "Appearance";
< "MQJ-dV-vvh.title" = "As Document Palette";
< "NUe-XC-0vt.title" = "Export Palette…";
< "P0S-kK-7hx.title" = "Shades";
< "Pns-NM-7z8.title" = "As System Palette";
< "Ptr-ML-QHs.title" = "Import Palette…";
< "QBi-QN-Dqc.title" = "As Document Palette";
< "QbD-w5-wlR.title" = "Tones";
< "VTD-CS-DWs.title" = "Create Color Chord";
< "WXs-sS-Iwu.title" = "Alphabetical";
< "Xur-q2-nZs.title" = "Create Color Chord";
< "Xwd-QQ-yzz.title" = "Add Global Color…";
< "YwF-wG-KCG.title" = "Medium";
< "ZlQ-xm-HbQ.title" = "As Application Palette";
< "a3f-B0-2oj.title" = "As System Palette";
< "aGG-Cg-LNV.title" = "Appearance";
< "cWa-ih-qi3.title" = "Square";
< "dYw-Xq-gLf.title" = "Split Complementary";
< "dg4-EJ-yMJ.title" = "Appearance";
< "eYC-aa-7bA.title" = "Show as List";
< "epK-Z2-CCi.title" = "Edit Fill…";
< "fce-6n-TGk.title" = "As System Palette";
< "fvX-tM-iab.title" = "Split Complementary";
< "g7B-r3-Cg9.title" = "Create Palette From Document";
< "gM0-jT-4bl.title" = "Create Palette From Image…";
< "gqB-ZJ-32I.title" = "Large";
< "hHD-rJ-o1m.title" = "Make Copy";
< "iCK-Uq-5L0.title" = "Export Palette…";
< "iEs-Vi-9xL.title" = "Color";
< "iPH-Af-1hV.title" = "Tints";
< "inX-wr-RKe.title" = "Small";
< "kv0-wp-vcR.title" = "Add Registration Color";
< "nxC-Kq-Onv.title" = "As Application Palette";
< "pDz-xh-gwR.title" = "As Document Palette";
< "qB1-h4-Gbp.title" = "Sort";
< "sKG-cB-TFY.title" = "Add Global Color…";
< "txL-Ca-Sml.title" = "Analogous";
< "u4k-yG-i9v.title" = "Color";
< "vk6-Qx-5wZ.title" = "Import Palette…";
< "vuM-wB-qTj.title" = "Import Palette…";
< "wE5-DI-w9d.title" = "Tones";
< "wHc-ZK-bFu.title" = "Create Palette From Document";
< "wun-qU-pjK.title" = "Add Registration Color";
< "yM2-Cv-TP5.title" = "Remove Default for";
< "zBa-kZ-oWO.title" = "Set as Default for";
< /* Class = "NSMenu"; title = "Appearance"; ObjectID = "2Jc-dm-TB8"; */
< /* Class = "NSMenu"; title = "Appearance"; ObjectID = "aGG-Cg-LNV"; */
< /* Class = "NSMenu"; title = "Create Palette From Document"; ObjectID = "g7B-r3-Cg9"; */
< /* Class = "NSMenu"; title = "Create Palette From Document"; ObjectID = "wHc-ZK-bFu"; */
< /* Class = "NSMenu"; title = "Import Palette…"; ObjectID = "HqM-yS-mXn"; */
< /* Class = "NSMenu"; title = "Import Palette…"; ObjectID = "vuM-wB-qTj"; */
< /* Class = "NSMenu"; title = "Remove Default for"; ObjectID = "GWO-ab-y3Z"; */
< /* Class = "NSMenu"; title = "Remove Default for"; ObjectID = "yM2-Cv-TP5"; */
< /* Class = "NSMenu"; title = "Set as Default for"; ObjectID = "GlH-WA-0ql"; */
< /* Class = "NSMenu"; title = "Set as Default for"; ObjectID = "zBa-kZ-oWO"; */
< /* Class = "NSMenu"; title = "Sort"; ObjectID = "G7c-Su-VAk"; */
< /* Class = "NSMenu"; title = "Sort"; ObjectID = "qB1-h4-Gbp"; */
< /* Class = "NSMenuItem"; title = "Alphabetical"; ObjectID = "EqU-Y7-uib"; */
< /* Class = "NSMenuItem"; title = "Alphabetical"; ObjectID = "WXs-sS-Iwu"; */
< /* Class = "NSMenuItem"; title = "Analogous"; ObjectID = "Gad-hH-GjM"; */
< /* Class = "NSMenuItem"; title = "Analogous"; ObjectID = "txL-Ca-Sml"; */
< /* Class = "NSMenuItem"; title = "Appearance"; ObjectID = "Knk-tr-AH2"; */
< /* Class = "NSMenuItem"; title = "Appearance"; ObjectID = "dg4-EJ-yMJ"; */
< /* Class = "NSMenuItem"; title = "As Application Palette"; ObjectID = "HY9-Co-b0N"; */
< /* Class = "NSMenuItem"; title = "As Application Palette"; ObjectID = "Jxa-b6-x9h"; */
< /* Class = "NSMenuItem"; title = "As Application Palette"; ObjectID = "ZlQ-xm-HbQ"; */
< /* Class = "NSMenuItem"; title = "As Application Palette"; ObjectID = "nxC-Kq-Onv"; */
< /* Class = "NSMenuItem"; title = "As Document Palette"; ObjectID = "6xI-Di-Hf3"; */
< /* Class = "NSMenuItem"; title = "As Document Palette"; ObjectID = "MQJ-dV-vvh"; */
< /* Class = "NSMenuItem"; title = "As Document Palette"; ObjectID = "QBi-QN-Dqc"; */
< /* Class = "NSMenuItem"; title = "As Document Palette"; ObjectID = "pDz-xh-gwR"; */
< /* Class = "NSMenuItem"; title = "As System Palette"; ObjectID = "4Sv-Gb-VDR"; */
< /* Class = "NSMenuItem"; title = "As System Palette"; ObjectID = "Pns-NM-7z8"; */
< /* Class = "NSMenuItem"; title = "As System Palette"; ObjectID = "a3f-B0-2oj"; */
< /* Class = "NSMenuItem"; title = "As System Palette"; ObjectID = "fce-6n-TGk"; */
< /* Class = "NSMenuItem"; title = "Complementary"; ObjectID = "CX9-2x-YHJ"; */
< /* Class = "NSMenuItem"; title = "Complementary"; ObjectID = "K4N-2d-5Wg"; */
< /* Class = "NSMenuItem"; title = "Create Palette From Document"; ObjectID = "4jC-c4-oW2"; */
< /* Class = "NSMenuItem"; title = "Create Palette From Document"; ObjectID = "EIW-6h-C59"; */
< /* Class = "NSMenuItem"; title = "Create Palette From Image…"; ObjectID = "GTV-TK-xt0"; */
< /* Class = "NSMenuItem"; title = "Create Palette From Image…"; ObjectID = "gM0-jT-4bl"; */
< /* Class = "NSMenuItem"; title = "Delete Fill"; ObjectID = "702-F3-BkM"; */
< /* Class = "NSMenuItem"; title = "Edit Fill…"; ObjectID = "CMJ-rh-fXD"; */
< /* Class = "NSMenuItem"; title = "Edit Fill…"; ObjectID = "epK-Z2-CCi"; */
< /* Class = "NSMenuItem"; title = "Export Palette…"; ObjectID = "NUe-XC-0vt"; */
< /* Class = "NSMenuItem"; title = "Export Palette…"; ObjectID = "iCK-Uq-5L0"; */
< /* Class = "NSMenuItem"; title = "Import Palette…"; ObjectID = "Ptr-ML-QHs"; */
< /* Class = "NSMenuItem"; title = "Import Palette…"; ObjectID = "vk6-Qx-5wZ"; */
< /* Class = "NSMenuItem"; title = "Large"; ObjectID = "2m3-UA-vhT"; */
< /* Class = "NSMenuItem"; title = "Large"; ObjectID = "gqB-ZJ-32I"; */
< /* Class = "NSMenuItem"; title = "Make Copy"; ObjectID = "DZJ-lK-gO1"; */
< /* Class = "NSMenuItem"; title = "Make Copy"; ObjectID = "hHD-rJ-o1m"; */
< /* Class = "NSMenuItem"; title = "Make Global"; ObjectID = "IDB-lr-5hd"; */
< /* Class = "NSMenuItem"; title = "Medium"; ObjectID = "0N8-TS-1oH"; */
< /* Class = "NSMenuItem"; title = "Medium"; ObjectID = "YwF-wG-KCG"; */
< /* Class = "NSMenuItem"; title = "Remove Default for"; ObjectID = "AoK-tK-t3z"; */
< /* Class = "NSMenuItem"; title = "Remove Default for"; ObjectID = "Iqb-gq-vyA"; */
< /* Class = "NSMenuItem"; title = "Set as Default for"; ObjectID = "5Zj-aB-NkD"; */
< /* Class = "NSMenuItem"; title = "Set as Default for"; ObjectID = "A9w-Bc-myK"; */
< /* Class = "NSMenuItem"; title = "Shades"; ObjectID = "JfY-3x-waS"; */
< /* Class = "NSMenuItem"; title = "Shades"; ObjectID = "P0S-kK-7hx"; */
< /* Class = "NSMenuItem"; title = "Show as List"; ObjectID = "I6u-xY-EiY"; */
< /* Class = "NSMenuItem"; title = "Show as List"; ObjectID = "eYC-aa-7bA"; */
< /* Class = "NSMenuItem"; title = "Small"; ObjectID = "Bwf-sc-HUj"; */
< /* Class = "NSMenuItem"; title = "Small"; ObjectID = "inX-wr-RKe"; */
< /* Class = "NSMenuItem"; title = "Sort"; ObjectID = "2x0-pS-Msg"; */
< /* Class = "NSMenuItem"; title = "Sort"; ObjectID = "939-qT-dCy"; */
< /* Class = "NSMenuItem"; title = "Split Complementary"; ObjectID = "dYw-Xq-gLf"; */
< /* Class = "NSMenuItem"; title = "Split Complementary"; ObjectID = "fvX-tM-iab"; */
< /* Class = "NSMenuItem"; title = "Square"; ObjectID = "4VJ-6L-UfV"; */
< /* Class = "NSMenuItem"; title = "Square"; ObjectID = "cWa-ih-qi3"; */
< /* Class = "NSMenuItem"; title = "Tints"; ObjectID = "I29-uM-OPY"; */
< /* Class = "NSMenuItem"; title = "Tints"; ObjectID = "iPH-Af-1hV"; */
< /* Class = "NSMenuItem"; title = "Tones"; ObjectID = "QbD-w5-wlR"; */
< /* Class = "NSMenuItem"; title = "Tones"; ObjectID = "wE5-DI-w9d"; */
< /* Class = "NSTextFieldCell"; title = "Opacity:"; ObjectID = "21"; */
< /* Class = "NSTextFieldCell"; title = "Recent:"; ObjectID = "48"; */
> "0N8-TS-1oH.title" = "중간";
> "21.title" = "불투명도:";
> "2Jc-dm-TB8.title" = "외관";
> "2m3-UA-vhT.title" = "크게";
> "2x0-pS-Msg.title" = "정렬";
> "48.title" = "최근 사용 항목:";
> "4Sv-Gb-VDR.title" = "시스템 팔레트로";
> "4VJ-6L-UfV.title" = "사각형";
> "4fX-75-WPj.title" = "색상 코드 생성";
> "4jC-c4-oW2.title" = "문서로부터 팔레트 생성";
> "5Zj-aB-NkD.title" = "기본값으로 설정하기";
> "6xI-Di-Hf3.title" = "문서 팔레트로";
> "6y5-C0-TmG.title" = "색상 코드 생성";
> "702-F3-BkM.title" = "칠 지우기";
> "939-qT-dCy.title" = "정렬";
> "A9w-Bc-myK.title" = "기본값으로 설정하기";
> "AoK-tK-t3z.title" = "기본값 지우기";
> "Bwf-sc-HUj.title" = "작게";
> "CMJ-rh-fXD.title" = "칠 편집…";
> "CX9-2x-YHJ.title" = "보색";
> "DZJ-lK-gO1.title" = "복사";
> "EIW-6h-C59.title" = "문서로부터 팔레트 생성";
> "EqU-Y7-uib.title" = "알파벳순";
> "G7c-Su-VAk.title" = "정렬";
> "GTV-TK-xt0.title" = "이미지로부터 팔레트 생성…";
> "GWO-ab-y3Z.title" = "기본값 지우기";
> "Gad-hH-GjM.title" = "유사색";
> "GlH-WA-0ql.title" = "기본값으로 설정하기";
> "HY9-Co-b0N.title" = "응용프로그램 팔레트로";
> "HqM-yS-mXn.title" = "팔레트 들여오기…";
> "I29-uM-OPY.title" = "틴트";
> "I6u-xY-EiY.title" = "목록으로 보기";
> "IDB-lr-5hd.title" = "전역 만들기";
> "Iqb-gq-vyA.title" = "기본값 지우기";
> "JfY-3x-waS.title" = "셰이드";
> "Jxa-b6-x9h.title" = "응용프로그램 팔레트로";
> "K4N-2d-5Wg.title" = "보색";
> "KdP-pp-jb0.title" = "색상 지우기";
> "Knk-tr-AH2.title" = "외관";
> "MQJ-dV-vvh.title" = "문서 팔레트로";
> "NUe-XC-0vt.title" = "팔레트 내보내기…";
> "P0S-kK-7hx.title" = "셰이드";
> "Pns-NM-7z8.title" = "시스템 팔레트로";
> "Ptr-ML-QHs.title" = "팔레트 들여오기…";
> "QBi-QN-Dqc.title" = "문서 팔레트로";
> "QbD-w5-wlR.title" = "톤";
> "VTD-CS-DWs.title" = "색상 코드 생성";
> "WXs-sS-Iwu.title" = "알파벳순";
> "Xur-q2-nZs.title" = "색상 코드 생성";
> "Xwd-QQ-yzz.title" = "전역 색상 추가…";
> "YwF-wG-KCG.title" = "중간";
> "ZlQ-xm-HbQ.title" = "응용프로그램 팔레트로";
> "a3f-B0-2oj.title" = "시스템 팔레트로";
> "aGG-Cg-LNV.title" = "외관";
> "cWa-ih-qi3.title" = "사각형";
> "dYw-Xq-gLf.title" = "분할 보색";
> "dg4-EJ-yMJ.title" = "외관";
> "eYC-aa-7bA.title" = "목록으로 보기";
> "epK-Z2-CCi.title" = "칠 편집…";
> "fce-6n-TGk.title" = "시스템 팔레트로";
> "fvX-tM-iab.title" = "분할 보색";
> "g7B-r3-Cg9.title" = "문서로부터 팔레트 생성";
> "gM0-jT-4bl.title" = "이미지로부터 팔레트 생성…";
> "gqB-ZJ-32I.title" = "크게";
> "hHD-rJ-o1m.title" = "복사";
> "iCK-Uq-5L0.title" = "팔레트 내보내기…";
> "iEs-Vi-9xL.title" = "색상";
> "iPH-Af-1hV.title" = "틴트";
> "inX-wr-RKe.title" = "작게";
> "kv0-wp-vcR.title" = "등록 색상을 추가";
> "nxC-Kq-Onv.title" = "응용프로그램 팔레트로";
> "pDz-xh-gwR.title" = "문서 팔레트로";
> "qB1-h4-Gbp.title" = "정렬";
> "sKG-cB-TFY.title" = "전역 색상 추가…";
> "txL-Ca-Sml.title" = "유사색";
> "u4k-yG-i9v.title" = "색상";
> "vk6-Qx-5wZ.title" = "팔레트 들여오기…";
> "vuM-wB-qTj.title" = "팔레트 들여오기…";
> "wE5-DI-w9d.title" = "톤";
> "wHc-ZK-bFu.title" = "문서로부터 팔레트 생성";
> "wun-qU-pjK.title" = "등록 색상을 추가";
> "yM2-Cv-TP5.title" = "기본값 지우기";
> "zBa-kZ-oWO.title" = "기본값으로 설정하기";
> /* Class = "NSMenu"; title = "외관"; ObjectID = "2Jc-dm-TB8"; */
> /* Class = "NSMenu"; title = "정렬"; ObjectID = "G7c-Su-VAk"; */
> /* Class = "NSMenu"; title = "외관"; ObjectID = "aGG-Cg-LNV"; */
> /* Class = "NSMenu"; title = "정렬"; ObjectID = "qB1-h4-Gbp"; */
> /* Class = "NSMenu"; title = "기본값 지우기"; ObjectID = "GWO-ab-y3Z"; */
> /* Class = "NSMenu"; title = "기본값 지우기"; ObjectID = "yM2-Cv-TP5"; */
> /* Class = "NSMenu"; title = "팔레트 들여오기…"; ObjectID = "HqM-yS-mXn"; */
> /* Class = "NSMenu"; title = "팔레트 들여오기…"; ObjectID = "vuM-wB-qTj"; */
> /* Class = "NSMenu"; title = "문서로부터 팔레트 생성"; ObjectID = "g7B-r3-Cg9"; */
> /* Class = "NSMenu"; title = "문서로부터 팔레트 생성"; ObjectID = "wHc-ZK-bFu"; */
> /* Class = "NSMenu"; title = "기본값으로 설정하기"; ObjectID = "GlH-WA-0ql"; */
> /* Class = "NSMenu"; title = "기본값으로 설정하기"; ObjectID = "zBa-kZ-oWO"; */
> /* Class = "NSMenuItem"; title = "칠 지우기"; ObjectID = "702-F3-BkM"; */
> /* Class = "NSMenuItem"; title = "칠 편집…"; ObjectID = "CMJ-rh-fXD"; */
> /* Class = "NSMenuItem"; title = "칠 편집…"; ObjectID = "epK-Z2-CCi"; */
> /* Class = "NSMenuItem"; title = "톤"; ObjectID = "QbD-w5-wlR"; */
> /* Class = "NSMenuItem"; title = "톤"; ObjectID = "wE5-DI-w9d"; */
> /* Class = "NSMenuItem"; title = "분할 보색"; ObjectID = "dYw-Xq-gLf"; */
> /* Class = "NSMenuItem"; title = "분할 보색"; ObjectID = "fvX-tM-iab"; */
> /* Class = "NSMenuItem"; title = "전역 만들기"; ObjectID = "IDB-lr-5hd"; */
> /* Class = "NSMenuItem"; title = "문서 팔레트로"; ObjectID = "6xI-Di-Hf3"; */
> /* Class = "NSMenuItem"; title = "문서 팔레트로"; ObjectID = "MQJ-dV-vvh"; */
> /* Class = "NSMenuItem"; title = "문서 팔레트로"; ObjectID = "QBi-QN-Dqc"; */
> /* Class = "NSMenuItem"; title = "문서 팔레트로"; ObjectID = "pDz-xh-gwR"; */
> /* Class = "NSMenuItem"; title = "중간"; ObjectID = "0N8-TS-1oH"; */
> /* Class = "NSMenuItem"; title = "크게"; ObjectID = "2m3-UA-vhT"; */
> /* Class = "NSMenuItem"; title = "정렬"; ObjectID = "2x0-pS-Msg"; */
> /* Class = "NSMenuItem"; title = "정렬"; ObjectID = "939-qT-dCy"; */
> /* Class = "NSMenuItem"; title = "작게"; ObjectID = "Bwf-sc-HUj"; */
> /* Class = "NSMenuItem"; title = "보색"; ObjectID = "CX9-2x-YHJ"; */
> /* Class = "NSMenuItem"; title = "복사"; ObjectID = "DZJ-lK-gO1"; */
> /* Class = "NSMenuItem"; title = "틴트"; ObjectID = "I29-uM-OPY"; */
> /* Class = "NSMenuItem"; title = "보색"; ObjectID = "K4N-2d-5Wg"; */
> /* Class = "NSMenuItem"; title = "외관"; ObjectID = "Knk-tr-AH2"; */
> /* Class = "NSMenuItem"; title = "중간"; ObjectID = "YwF-wG-KCG"; */
> /* Class = "NSMenuItem"; title = "외관"; ObjectID = "dg4-EJ-yMJ"; */
> /* Class = "NSMenuItem"; title = "크게"; ObjectID = "gqB-ZJ-32I"; */
> /* Class = "NSMenuItem"; title = "복사"; ObjectID = "hHD-rJ-o1m"; */
> /* Class = "NSMenuItem"; title = "틴트"; ObjectID = "iPH-Af-1hV"; */
> /* Class = "NSMenuItem"; title = "작게"; ObjectID = "inX-wr-RKe"; */
> /* Class = "NSMenuItem"; title = "기본값 지우기"; ObjectID = "AoK-tK-t3z"; */
> /* Class = "NSMenuItem"; title = "기본값 지우기"; ObjectID = "Iqb-gq-vyA"; */
> /* Class = "NSMenuItem"; title = "시스템 팔레트로"; ObjectID = "4Sv-Gb-VDR"; */
> /* Class = "NSMenuItem"; title = "시스템 팔레트로"; ObjectID = "Pns-NM-7z8"; */
> /* Class = "NSMenuItem"; title = "시스템 팔레트로"; ObjectID = "a3f-B0-2oj"; */
> /* Class = "NSMenuItem"; title = "시스템 팔레트로"; ObjectID = "fce-6n-TGk"; */
> /* Class = "NSMenuItem"; title = "팔레트 내보내기…"; ObjectID = "NUe-XC-0vt"; */
> /* Class = "NSMenuItem"; title = "팔레트 들여오기…"; ObjectID = "Ptr-ML-QHs"; */
> /* Class = "NSMenuItem"; title = "팔레트 내보내기…"; ObjectID = "iCK-Uq-5L0"; */
> /* Class = "NSMenuItem"; title = "팔레트 들여오기…"; ObjectID = "vk6-Qx-5wZ"; */
> /* Class = "NSMenuItem"; title = "사각형"; ObjectID = "4VJ-6L-UfV"; */
> /* Class = "NSMenuItem"; title = "유사색"; ObjectID = "Gad-hH-GjM"; */
> /* Class = "NSMenuItem"; title = "셰이드"; ObjectID = "JfY-3x-waS"; */
> /* Class = "NSMenuItem"; title = "셰이드"; ObjectID = "P0S-kK-7hx"; */
> /* Class = "NSMenuItem"; title = "사각형"; ObjectID = "cWa-ih-qi3"; */
> /* Class = "NSMenuItem"; title = "유사색"; ObjectID = "txL-Ca-Sml"; */
> /* Class = "NSMenuItem"; title = "목록으로 보기"; ObjectID = "I6u-xY-EiY"; */
> /* Class = "NSMenuItem"; title = "목록으로 보기"; ObjectID = "eYC-aa-7bA"; */
> /* Class = "NSMenuItem"; title = "알파벳순"; ObjectID = "EqU-Y7-uib"; */
> /* Class = "NSMenuItem"; title = "알파벳순"; ObjectID = "WXs-sS-Iwu"; */
> /* Class = "NSMenuItem"; title = "문서로부터 팔레트 생성"; ObjectID = "4jC-c4-oW2"; */
> /* Class = "NSMenuItem"; title = "문서로부터 팔레트 생성"; ObjectID = "EIW-6h-C59"; */
> /* Class = "NSMenuItem"; title = "기본값으로 설정하기"; ObjectID = "5Zj-aB-NkD"; */
> /* Class = "NSMenuItem"; title = "기본값으로 설정하기"; ObjectID = "A9w-Bc-myK"; */
> /* Class = "NSMenuItem"; title = "이미지로부터 팔레트 생성…"; ObjectID = "GTV-TK-xt0"; */
> /* Class = "NSMenuItem"; title = "이미지로부터 팔레트 생성…"; ObjectID = "gM0-jT-4bl"; */
> /* Class = "NSMenuItem"; title = "응용프로그램 팔레트로"; ObjectID = "HY9-Co-b0N"; */
> /* Class = "NSMenuItem"; title = "응용프로그램 팔레트로"; ObjectID = "Jxa-b6-x9h"; */
> /* Class = "NSMenuItem"; title = "응용프로그램 팔레트로"; ObjectID = "ZlQ-xm-HbQ"; */
> /* Class = "NSMenuItem"; title = "응용프로그램 팔레트로"; ObjectID = "nxC-Kq-Onv"; */
> /* Class = "NSTextFieldCell"; title = "최근 사용 항목:"; ObjectID = "48"; */
> /* Class = "NSTextFieldCell"; title = "불투명도:"; ObjectID = "21"; */
