---
102c102
105c105
111c111
114c114
117c117
120c120
123c123
126c126
129c129
132c132
138c138
141c141
144c144
147c147
150c150
153c153
156c156
159c159
162c162
165c165
168c168
171c171
174c174
177c177
180c180
183c183
186c186
18c18
192c192
198c198
204c204
207c207
210c210
213c213
216c216
21c21
228c228
231c231
234c234
237c237
240c240
243c243
246c246
249c249
24c24
252c252
261c261
264c264
267c267
270c270
273c273
276c276
279c279
27c27
282c282
285c285
288c288
291c291
294c294
297c297
300c300
303c303
306c306
309c309
30c30
312c312
315c315
318c318
321c321
324c324
327c327
330c330
333c333
336c336
339c339
33c33
342c342
345c345
348c348
351c351
354c354
357c357
360c360
363c363
366c366
36c36
372c372
378c378
381c381
384c384
387c387
390c390
396c396
399c399
39c39
3c3
402c402
405c405
411c411
414c414
420c420
426c426
429c429
42c42
432c432
435c435
45c45
48c48
51c51
54c54
57c57
60c60
63c63
66c66
69c69
72c72
75c75
78c78
81c81
84c84
87c87
90c90
93c93
96c96
99c99
< "0N8-TS-1oH.title" = "Medium";
< "0XQ-Dp-i9p.title" = "Delete Palette…";
< "21.title" = "Opacity:";
< "2Jc-dm-TB8.title" = "Appearance";
< "2m3-UA-vhT.title" = "Large";
< "2x0-pS-Msg.title" = "Sort";
< "48.title" = "Recent:";
< "4Sv-Gb-VDR.title" = "As System Palette";
< "4VJ-6L-UfV.title" = "Square";
< "4fX-75-WPj.title" = "Create Color Chord";
< "4jC-c4-oW2.title" = "Create Palette From Document";
< "57i-1K-Kew.title" = "Gray/8";
< "5Zj-aB-NkD.title" = "Set as Default for";
< "6xI-Di-Hf3.title" = "As Document Palette";
< "6y5-C0-TmG.title" = "Create Color Chord";
< "702-F3-BkM.title" = "Delete Fill";
< "8o6-B1-OFg.title" = "Gray/16";
< "90B-4q-FDG.title" = "Accented Analogic";
< "939-qT-dCy.title" = "Sort";
< "A9w-Bc-myK.title" = "Set as Default for";
< "ABL-iB-lXt.title" = "Uninstall Pack…";
< "AoK-tK-t3z.title" = "Remove Default for";
< "AvM-iu-PI5.title" = "Accented Analogic";
< "Bwf-sc-HUj.title" = "Small";
< "CMJ-rh-fXD.title" = "Edit Fill…";
< "CX9-2x-YHJ.title" = "Complementary";
< "DKN-2I-wQS.title" = "Linked on This Device";
< "DU5-ep-6C2.title" = "Gray/8";
< "DZJ-lK-gO1.title" = "Make Copy";
< "EIW-6h-C59.title" = "Create Palette From Document";
< "Ebi-Ti-lcE.title" = "Shared with a Team";
< "EqU-Y7-uib.title" = "Alphabetical";
< "G7c-Su-VAk.title" = "Sort";
< "GTV-TK-xt0.title" = "Create Palette From Image…";
< "GWO-ab-y3Z.title" = "Remove Default for";
< "Gad-hH-GjM.title" = "Analogous";
< "GlH-WA-0ql.title" = "Set as Default for";
< "Gp9-sN-I78.title" = "Gray/8";
< "HFx-hi-kfL.title" = "Rename Palette…";
< "HY9-Co-b0N.title" = "As Application Palette";
< "HYw-IY-jyY.title" = "Tetradic";
< "HqM-yS-mXn.title" = "Import Palette…";
< "I29-uM-OPY.title" = "Tints";
< "I6u-xY-EiY.title" = "Show as List";
< "ID1-UI-EuY.title" = "Link Palette";
< "IDB-lr-5hd.title" = "Make Global";
< "IhS-jO-2Z2.title" = "Spot";
< "Iqb-gq-vyA.title" = "Remove Default for";
< "JQh-fB-Ibz.title" = "Overprint";
< "JfY-3x-waS.title" = "Shades";
< "Jxa-b6-x9h.title" = "As Application Palette";
< "K4N-2d-5Wg.title" = "Complementary";
< "KdP-pp-jb0.title" = "Delete Color";
< "Knk-tr-AH2.title" = "Appearance";
< "MQJ-dV-vvh.title" = "As Document Palette";
< "MZi-Fh-Y6i.title" = "Synced to My Devices";
< "NUe-XC-0vt.title" = "Export Palette…";
< "P0S-kK-7hx.title" = "Shades";
< "Pns-NM-7z8.title" = "As System Palette";
< "Ptr-ML-QHs.title" = "Import Palette…";
< "QBi-QN-Dqc.title" = "As Document Palette";
< "QWj-b5-7DW.title" = "Show Sync Status…";
< "QbD-w5-wlR.title" = "Tones";
< "UdG-ak-nUF.title" = "Tetradic";
< "V1H-S2-b5e.title" = "Uninstall Pack…";
< "VTD-CS-DWs.title" = "Create Color Chord";
< "WXs-sS-Iwu.title" = "Alphabetical";
< "Xur-q2-nZs.title" = "Create Color Chord";
< "Xwd-QQ-yzz.title" = "Add Global Color…";
< "YfU-LA-zcW.title" = "Sync Palette";
< "YwF-wG-KCG.title" = "Medium";
< "Z6t-pG-W7u.title" = "Duplicate Palette";
< "ZlQ-xm-HbQ.title" = "As Application Palette";
< "a3f-B0-2oj.title" = "As System Palette";
< "aGG-Cg-LNV.title" = "Appearance";
< "aGu-j9-PHV.title" = "Add Document Palette…";
< "ao2-6k-vMe.title" = "Just This App";
< "bWt-dV-n4z.title" = "Gray/16";
< "cWa-ih-qi3.title" = "Square";
< "dWJ-U2-sg7.title" = "Triadic";
< "dYw-Xq-gLf.title" = "Split Complementary";
< "dg4-EJ-yMJ.title" = "Appearance";
< "dux-4X-fFF.title" = "Add Application Palette…";
< "eYC-aa-7bA.title" = "Show as List";
< "epK-Z2-CCi.title" = "Edit Fill…";
< "fce-6n-TGk.title" = "As System Palette";
< "fce-Od-utk.title" = "Delete Palette…";
< "fho-5H-kLP.title" = "Sync Palette";
< "fvX-tM-iab.title" = "Split Complementary";
< "g7B-r3-Cg9.title" = "Create Palette From Document";
< "gM0-jT-4bl.title" = "Create Palette From Image…";
< "gqB-ZJ-32I.title" = "Large";
< "grV-iS-ie9.title" = "Add System Palette…";
< "gwh-jU-MUm.title" = "Duplicate Palette";
< "hHD-rJ-o1m.title" = "Make Copy";
< "hww-Pz-dO4.title" = "Gray/16";
< "iCK-Uq-5L0.title" = "Export Palette…";
< "iEs-Vi-9xL.title" = "Color";
< "iPH-Af-1hV.title" = "Tints";
< "inX-wr-RKe.title" = "Small";
< "jBU-5w-P9P.title" = "Shared with a Team";
< "kv0-wp-vcR.title" = "Add Registration Color";
< "m1k-Ok-hHi.title" = "Rename Global Color…";
< "myK-2X-pCg.title" = "Gray/16";
< "nxC-Kq-Onv.title" = "As Application Palette";
< "opK-hS-ii0.title" = "Add Application Palette…";
< "pDz-xh-gwR.title" = "As Document Palette";
< "qB1-h4-Gbp.title" = "Sort";
< "sKG-cB-TFY.title" = "Add Global Color…";
< "scn-NV-XDi.title" = "Rename Spot…";
< "tIl-VM-c2B.title" = "Rename Palette…";
< "txL-Ca-Sml.title" = "Analogous";
< "u4k-yG-i9v.title" = "Color";
< "uvZ-5z-z3z.title" = "Add System Palette…";
< "vk6-Qx-5wZ.title" = "Import Palette…";
< "vuM-wB-qTj.title" = "Import Palette…";
< "wE5-DI-w9d.title" = "Tones";
< "wHc-ZK-bFu.title" = "Create Palette From Document";
< "wun-qU-pjK.title" = "Add Registration Color";
< "x1p-gJ-zni.title" = "Add Document Palette…";
< "x3w-7z-z1B.title" = "Triadic";
< "xhp-L0-xgZ.title" = "Gray/8";
< "yM2-Cv-TP5.title" = "Remove Default for";
< "z8O-nQ-v5e.title" = "Rename Fill…";
< "zBa-kZ-oWO.title" = "Set as Default for";
> "0N8-TS-1oH.title" = "中";
> "0XQ-Dp-i9p.title" = "パレットを削除…";
> "21.title" = "不透明度:";
> "2Jc-dm-TB8.title" = "アピアランス";
> "2m3-UA-vhT.title" = "大";
> "2x0-pS-Msg.title" = "並べ替え";
> "48.title" = "最近使用したもの:";
> "4Sv-Gb-VDR.title" = "システムパレットとして";
> "4VJ-6L-UfV.title" = "正方形";
> "4fX-75-WPj.title" = "カラーコードを作成";
> "4jC-c4-oW2.title" = "ドキュメントからパレットを作成";
> "57i-1K-Kew.title" = "グレー/8";
> "5Zj-aB-NkD.title" = "デフォルトとして設定";
> "6xI-Di-Hf3.title" = "ドキュメントパレットとして";
> "6y5-C0-TmG.title" = "カラーコードを作成";
> "702-F3-BkM.title" = "塗りつぶしを削除";
> "8o6-B1-OFg.title" = "グレー/16";
> "90B-4q-FDG.title" = "アクセント色と類似色";
> "939-qT-dCy.title" = "並べ替え";
> "A9w-Bc-myK.title" = "次のデフォルトとして設定";
> "ABL-iB-lXt.title" = "パックをアンインストール…";
> "AoK-tK-t3z.title" = "次のデフォルト設定を削除";
> "AvM-iu-PI5.title" = "アクセント色と類似色";
> "Bwf-sc-HUj.title" = "小";
> "CMJ-rh-fXD.title" = "塗りつぶしの編集…";
> "CX9-2x-YHJ.title" = "補色";
> "DKN-2I-wQS.title" = "このデバイスでリンク済み";
> "DU5-ep-6C2.title" = "グレー/8";
> "DZJ-lK-gO1.title" = "コピーを作成";
> "EIW-6h-C59.title" = "ドキュメントからパレットを作成";
> "Ebi-Ti-lcE.title" = "チームと共有済み";
> "EqU-Y7-uib.title" = "アルファベット順";
> "G7c-Su-VAk.title" = "並べ替え";
> "GTV-TK-xt0.title" = "画像からパレットを作成…";
> "GWO-ab-y3Z.title" = "次のデフォルト設定を削除";
> "Gad-hH-GjM.title" = "類似色";
> "GlH-WA-0ql.title" = "デフォルトとして設定";
> "Gp9-sN-I78.title" = "グレー/8";
> "HFx-hi-kfL.title" = "パレット名を変更...";
> "HY9-Co-b0N.title" = "アプリケーションパレットとして";
> "HYw-IY-jyY.title" = "4色配色";
> "HqM-yS-mXn.title" = "パレットをインポート…";
> "I29-uM-OPY.title" = "色合い";
> "I6u-xY-EiY.title" = "リストとして表示";
> "ID1-UI-EuY.title" = "パレットをリンク";
> "IDB-lr-5hd.title" = "グローバルにする";
> "IhS-jO-2Z2.title" = "スポット";
> "Iqb-gq-vyA.title" = "次のデフォルト設定を削除";
> "JQh-fB-Ibz.title" = "オーバープリント";
> "JfY-3x-waS.title" = "陰影";
> "Jxa-b6-x9h.title" = "アプリケーションパレットとして";
> "K4N-2d-5Wg.title" = "補色";
> "KdP-pp-jb0.title" = "カラーを削除";
> "Knk-tr-AH2.title" = "アピアランス";
> "MQJ-dV-vvh.title" = "ドキュメントパレットとして";
> "MZi-Fh-Y6i.title" = "自分のデバイスに同期済み";
> "NUe-XC-0vt.title" = "パレットを書き出し…";
> "P0S-kK-7hx.title" = "陰影";
> "Pns-NM-7z8.title" = "システムパレットとして";
> "Ptr-ML-QHs.title" = "パレットをインポート…";
> "QBi-QN-Dqc.title" = "ドキュメントパレットとして";
> "QWj-b5-7DW.title" = "同期ステータスを表示…";
> "QbD-w5-wlR.title" = "色調";
> "UdG-ak-nUF.title" = "4色配色";
> "V1H-S2-b5e.title" = "パックをアンインストール…";
> "VTD-CS-DWs.title" = "カラーコードを作成";
> "WXs-sS-Iwu.title" = "アルファベット順";
> "Xur-q2-nZs.title" = "カラーコードを作成";
> "Xwd-QQ-yzz.title" = "グローバルカラーを追加…";
> "YfU-LA-zcW.title" = "パレットを同期";
> "YwF-wG-KCG.title" = "中";
> "Z6t-pG-W7u.title" = "パレットを複製";
> "ZlQ-xm-HbQ.title" = "アプリケーションパレットとして";
> "a3f-B0-2oj.title" = "システムパレットとして";
> "aGG-Cg-LNV.title" = "アピアランス";
> "aGu-j9-PHV.title" = "ドキュメントパレットを追加…";
> "ao2-6k-vMe.title" = "このアプリのみ";
> "bWt-dV-n4z.title" = "グレー/16";
> "cWa-ih-qi3.title" = "正方形";
> "dWJ-U2-sg7.title" = "3色配色";
> "dYw-Xq-gLf.title" = "分裂補色";
> "dg4-EJ-yMJ.title" = "アピアランス";
> "dux-4X-fFF.title" = "アプリケーションパレットを追加…";
> "eYC-aa-7bA.title" = "リストとして表示";
> "epK-Z2-CCi.title" = "塗りつぶしの編集…";
> "fce-6n-TGk.title" = "システムパレットとして";
> "fce-Od-utk.title" = "パレットを削除…";
> "fho-5H-kLP.title" = "パレットを同期";
> "fvX-tM-iab.title" = "分裂補色";
> "g7B-r3-Cg9.title" = "ドキュメントからパレットを作成";
> "gM0-jT-4bl.title" = "画像からパレットを作成…";
> "gqB-ZJ-32I.title" = "大";
> "grV-iS-ie9.title" = "システムパレットを追加…";
> "gwh-jU-MUm.title" = "パレットを複製";
> "hHD-rJ-o1m.title" = "コピーを作成";
> "hww-Pz-dO4.title" = "グレー/16";
> "iCK-Uq-5L0.title" = "パレットを書き出し…";
> "iEs-Vi-9xL.title" = "カラー";
> "iPH-Af-1hV.title" = "色合い";
> "inX-wr-RKe.title" = "小";
> "jBU-5w-P9P.title" = "チームと共有済み";
> "kv0-wp-vcR.title" = "登録カラーを追加";
> "m1k-Ok-hHi.title" = "グローバルカラー名を変更…";
> "myK-2X-pCg.title" = "グレー/16";
> "nxC-Kq-Onv.title" = "アプリケーションパレットとして";
> "opK-hS-ii0.title" = "アプリケーションパレットを追加…";
> "pDz-xh-gwR.title" = "ドキュメントパレットとして";
> "qB1-h4-Gbp.title" = "並べ替え";
> "sKG-cB-TFY.title" = "グローバルカラーを追加…";
> "scn-NV-XDi.title" = "スポット名を変更…";
> "tIl-VM-c2B.title" = "パレット名を変更...";
> "txL-Ca-Sml.title" = "類似色";
> "u4k-yG-i9v.title" = "カラー";
> "uvZ-5z-z3z.title" = "システムパレットを追加…";
> "vk6-Qx-5wZ.title" = "パレットをインポート…";
> "vuM-wB-qTj.title" = "パレットをインポート…";
> "wE5-DI-w9d.title" = "色調";
> "wHc-ZK-bFu.title" = "ドキュメントからパレットを作成";
> "wun-qU-pjK.title" = "登録カラーを追加";
> "x1p-gJ-zni.title" = "ドキュメントパレットを追加…";
> "x3w-7z-z1B.title" = "3色配色";
> "xhp-L0-xgZ.title" = "グレー/8";
> "yM2-Cv-TP5.title" = "次のデフォルト設定を削除";
> "z8O-nQ-v5e.title" = "塗りつぶし名を変更…";
> "zBa-kZ-oWO.title" = "次のデフォルトとして設定";
