2,24c2,18
< 102c102
< 105c105
< 111c111
< 114c114
< 117c117
< 120c120
< 123c123
< 126c126
< 129c129
< 132c132
< 138c138
< 141c141
< 144c144
< 147c147
< 150c150
< 153c153
< 156c156
< 159c159
< 162c162
< 165c165
< 168c168
< 171c171
< 174c174
---
> 101,102c101,102
> 110,111c110,111
> 113,114c113,114
> 116,117c116,117
> 119,120c119,120
> 122,123c122,123
> 125,126c125,126
> 137,138c137,138
> 143,144c143,144
> 146,147c146,147
> 149,150c149,150
> 155,156c155,156
> 161,162c161,162
> 167,168c167,168
> 17,18c17,18
> 170,171c170,171
> 173,174c173,174
26,39c20,29
< 180c180
< 183c183
< 186c186
< 18c18
< 192c192
< 198c198
< 204c204
< 207c207
< 210c210
< 213c213
< 216c216
< 21c21
< 228c228
< 231c231
---
> 179,180c179,180
> 182,183c182,183
> 191,192c191,192
> 197,198c197,198
> 2,3c2,3
> 20,21c20,21
> 203,204c203,204
> 206,207c206,207
> 209,210c209,210
> 215,216c215,216
41c31
< 237c237
---
> 236,237c236,237
44,74c34,52
< 246c246
< 249c249
< 24c24
< 252c252
< 261c261
< 264c264
< 267c267
< 270c270
< 273c273
< 276c276
< 279c279
< 27c27
< 282c282
< 285c285
< 288c288
< 291c291
< 294c294
< 297c297
< 300c300
< 303c303
< 306c306
< 309c309
< 30c30
< 312c312
< 315c315
< 318c318
< 321c321
< 324c324
< 327c327
< 330c330
< 333c333
---
> 248,249c248,249
> 26,27c26,27
> 260,261c260,261
> 263,264c263,264
> 266,267c266,267
> 278,279c278,279
> 284,285c284,285
> 287,288c287,288
> 29,30c29,30
> 293,294c293,294
> 296,297c296,297
> 299,300c299,300
> 308,309c308,309
> 311,312c311,312
> 314,315c314,315
> 317,318c317,318
> 32,33c32,33
> 326,327c326,327
> 332,333c332,333
76,79c54,55
< 339c339
< 33c33
< 342c342
< 345c345
---
> 338,339c338,339
> 341,342c341,342
81,87c57,60
< 351c351
< 354c354
< 357c357
< 360c360
< 363c363
< 366c366
< 36c36
---
> 35,36c35,36
> 356,357c356,357
> 362,363c362,363
> 365,366c365,366
89,91c62,63
< 378c378
< 381c381
< 384c384
---
> 38,39c38,39
> 383,384c383,384
93,99c65,68
< 390c390
< 396c396
< 399c399
< 39c39
< 3c3
< 402c402
< 405c405
---
> 395,396c395,396
> 398,399c398,399
> 401,402c401,402
> 404,405c404,405
101,104c70
< 414c414
< 420c420
< 426c426
< 429c429
---
> 428,429c428,429
106,111c72,75
< 432c432
< 435c435
< 45c45
< 48c48
< 51c51
< 54c54
---
> 434,435c434,435
> 44,45c44,45
> 50,51c50,51
> 53,54c53,54
113,126c77,84
< 60c60
< 63c63
< 66c66
< 69c69
< 72c72
< 75c75
< 78c78
< 81c81
< 84c84
< 87c87
< 90c90
< 93c93
< 96c96
< 99c99
---
> 59,60c59,60
> 68,69c68,69
> 71,72c71,72
> 77,78c77,78
> 83,84c83,84
> 86,87c86,87
> 89,90c89,90
> 98,99c98,99
128d85
< < "0XQ-Dp-i9p.title" = "Delete Palette…";
138d94
< < "57i-1K-Kew.title" = "Gray/8";
143,144d98
< < "8o6-B1-OFg.title" = "Gray/16";
< < "90B-4q-FDG.title" = "Accented Analogic";
147d100
< < "ABL-iB-lXt.title" = "Uninstall Pack…";
149d101
< < "AvM-iu-PI5.title" = "Accented Analogic";
153,154d104
< < "DKN-2I-wQS.title" = "Linked on This Device";
< < "DU5-ep-6C2.title" = "Gray/8";
157d106
< < "Ebi-Ti-lcE.title" = "Shared with a Team";
164,165d112
< < "Gp9-sN-I78.title" = "Gray/8";
< < "HFx-hi-kfL.title" = "Rename Palette…";
167d113
< < "HYw-IY-jyY.title" = "Tetradic";
171d116
< < "ID1-UI-EuY.title" = "Link Palette";
173d117
< < "IhS-jO-2Z2.title" = "Spot";
175d118
< < "JQh-fB-Ibz.title" = "Overprint";
182d124
< < "MZi-Fh-Y6i.title" = "Synced to My Devices";
188d129
< < "QWj-b5-7DW.title" = "Show Sync Status…";
190,191d130
< < "UdG-ak-nUF.title" = "Tetradic";
< < "V1H-S2-b5e.title" = "Uninstall Pack…";
196d134
< < "YfU-LA-zcW.title" = "Sync Palette";
198d135
< < "Z6t-pG-W7u.title" = "Duplicate Palette";
202,204d138
< < "aGu-j9-PHV.title" = "Add Document Palette…";
< < "ao2-6k-vMe.title" = "Just This App";
< < "bWt-dV-n4z.title" = "Gray/16";
206d139
< < "dWJ-U2-sg7.title" = "Triadic";
209d141
< < "dux-4X-fFF.title" = "Add Application Palette…";
213,214d144
< < "fce-Od-utk.title" = "Delete Palette…";
< < "fho-5H-kLP.title" = "Sync Palette";
219,220d148
< < "grV-iS-ie9.title" = "Add System Palette…";
< < "gwh-jU-MUm.title" = "Duplicate Palette";
222d149
< < "hww-Pz-dO4.title" = "Gray/16";
227d153
< < "jBU-5w-P9P.title" = "Shared with a Team";
229,230d154
< < "m1k-Ok-hHi.title" = "Rename Global Color…";
< < "myK-2X-pCg.title" = "Gray/16";
232d155
< < "opK-hS-ii0.title" = "Add Application Palette…";
236,237d158
< < "scn-NV-XDi.title" = "Rename Spot…";
< < "tIl-VM-c2B.title" = "Rename Palette…";
240d160
< < "uvZ-5z-z3z.title" = "Add System Palette…";
246,248d165
< < "x1p-gJ-zni.title" = "Add Document Palette…";
< < "x3w-7z-z1B.title" = "Triadic";
< < "xhp-L0-xgZ.title" = "Gray/8";
250d166
< < "z8O-nQ-v5e.title" = "Rename Fill…";
252,376c168,394
< > "0N8-TS-1oH.title" = "中";
< > "0XQ-Dp-i9p.title" = "パレットを削除…";
< > "21.title" = "不透明度:";
< > "2Jc-dm-TB8.title" = "アピアランス";
< > "2m3-UA-vhT.title" = "大";
< > "2x0-pS-Msg.title" = "並べ替え";
< > "48.title" = "最近使用したもの:";
< > "4Sv-Gb-VDR.title" = "システムパレットとして";
< > "4VJ-6L-UfV.title" = "正方形";
< > "4fX-75-WPj.title" = "カラーコードを作成";
< > "4jC-c4-oW2.title" = "ドキュメントからパレットを作成";
< > "57i-1K-Kew.title" = "グレー/8";
< > "5Zj-aB-NkD.title" = "デフォルトとして設定";
< > "6xI-Di-Hf3.title" = "ドキュメントパレットとして";
< > "6y5-C0-TmG.title" = "カラーコードを作成";
< > "702-F3-BkM.title" = "塗りつぶしを削除";
< > "8o6-B1-OFg.title" = "グレー/16";
< > "90B-4q-FDG.title" = "アクセント色と類似色";
< > "939-qT-dCy.title" = "並べ替え";
< > "A9w-Bc-myK.title" = "次のデフォルトとして設定";
< > "ABL-iB-lXt.title" = "パックをアンインストール…";
< > "AoK-tK-t3z.title" = "次のデフォルト設定を削除";
< > "AvM-iu-PI5.title" = "アクセント色と類似色";
< > "Bwf-sc-HUj.title" = "小";
< > "CMJ-rh-fXD.title" = "塗りつぶしの編集…";
< > "CX9-2x-YHJ.title" = "補色";
< > "DKN-2I-wQS.title" = "このデバイスでリンク済み";
< > "DU5-ep-6C2.title" = "グレー/8";
< > "DZJ-lK-gO1.title" = "コピーを作成";
< > "EIW-6h-C59.title" = "ドキュメントからパレットを作成";
< > "Ebi-Ti-lcE.title" = "チームと共有済み";
< > "EqU-Y7-uib.title" = "アルファベット順";
< > "G7c-Su-VAk.title" = "並べ替え";
< > "GTV-TK-xt0.title" = "画像からパレットを作成…";
< > "GWO-ab-y3Z.title" = "次のデフォルト設定を削除";
< > "Gad-hH-GjM.title" = "類似色";
< > "GlH-WA-0ql.title" = "デフォルトとして設定";
< > "Gp9-sN-I78.title" = "グレー/8";
< > "HFx-hi-kfL.title" = "パレット名を変更...";
< > "HY9-Co-b0N.title" = "アプリケーションパレットとして";
< > "HYw-IY-jyY.title" = "4色配色";
< > "HqM-yS-mXn.title" = "パレットをインポート…";
< > "I29-uM-OPY.title" = "色合い";
< > "I6u-xY-EiY.title" = "リストとして表示";
< > "ID1-UI-EuY.title" = "パレットをリンク";
< > "IDB-lr-5hd.title" = "グローバルにする";
< > "IhS-jO-2Z2.title" = "スポット";
< > "Iqb-gq-vyA.title" = "次のデフォルト設定を削除";
< > "JQh-fB-Ibz.title" = "オーバープリント";
< > "JfY-3x-waS.title" = "陰影";
< > "Jxa-b6-x9h.title" = "アプリケーションパレットとして";
< > "K4N-2d-5Wg.title" = "補色";
< > "KdP-pp-jb0.title" = "カラーを削除";
< > "Knk-tr-AH2.title" = "アピアランス";
< > "MQJ-dV-vvh.title" = "ドキュメントパレットとして";
< > "MZi-Fh-Y6i.title" = "自分のデバイスに同期済み";
< > "NUe-XC-0vt.title" = "パレットを書き出し…";
< > "P0S-kK-7hx.title" = "陰影";
< > "Pns-NM-7z8.title" = "システムパレットとして";
< > "Ptr-ML-QHs.title" = "パレットをインポート…";
< > "QBi-QN-Dqc.title" = "ドキュメントパレットとして";
< > "QWj-b5-7DW.title" = "同期ステータスを表示…";
< > "QbD-w5-wlR.title" = "色調";
< > "UdG-ak-nUF.title" = "4色配色";
< > "V1H-S2-b5e.title" = "パックをアンインストール…";
< > "VTD-CS-DWs.title" = "カラーコードを作成";
< > "WXs-sS-Iwu.title" = "アルファベット順";
< > "Xur-q2-nZs.title" = "カラーコードを作成";
< > "Xwd-QQ-yzz.title" = "グローバルカラーを追加…";
< > "YfU-LA-zcW.title" = "パレットを同期";
< > "YwF-wG-KCG.title" = "中";
< > "Z6t-pG-W7u.title" = "パレットを複製";
< > "ZlQ-xm-HbQ.title" = "アプリケーションパレットとして";
< > "a3f-B0-2oj.title" = "システムパレットとして";
< > "aGG-Cg-LNV.title" = "アピアランス";
< > "aGu-j9-PHV.title" = "ドキュメントパレットを追加…";
< > "ao2-6k-vMe.title" = "このアプリのみ";
< > "bWt-dV-n4z.title" = "グレー/16";
< > "cWa-ih-qi3.title" = "正方形";
< > "dWJ-U2-sg7.title" = "3色配色";
< > "dYw-Xq-gLf.title" = "分裂補色";
< > "dg4-EJ-yMJ.title" = "アピアランス";
< > "dux-4X-fFF.title" = "アプリケーションパレットを追加…";
< > "eYC-aa-7bA.title" = "リストとして表示";
< > "epK-Z2-CCi.title" = "塗りつぶしの編集…";
< > "fce-6n-TGk.title" = "システムパレットとして";
< > "fce-Od-utk.title" = "パレットを削除…";
< > "fho-5H-kLP.title" = "パレットを同期";
< > "fvX-tM-iab.title" = "分裂補色";
< > "g7B-r3-Cg9.title" = "ドキュメントからパレットを作成";
< > "gM0-jT-4bl.title" = "画像からパレットを作成…";
< > "gqB-ZJ-32I.title" = "大";
< > "grV-iS-ie9.title" = "システムパレットを追加…";
< > "gwh-jU-MUm.title" = "パレットを複製";
< > "hHD-rJ-o1m.title" = "コピーを作成";
< > "hww-Pz-dO4.title" = "グレー/16";
< > "iCK-Uq-5L0.title" = "パレットを書き出し…";
< > "iEs-Vi-9xL.title" = "カラー";
< > "iPH-Af-1hV.title" = "色合い";
< > "inX-wr-RKe.title" = "小";
< > "jBU-5w-P9P.title" = "チームと共有済み";
< > "kv0-wp-vcR.title" = "登録カラーを追加";
< > "m1k-Ok-hHi.title" = "グローバルカラー名を変更…";
< > "myK-2X-pCg.title" = "グレー/16";
< > "nxC-Kq-Onv.title" = "アプリケーションパレットとして";
< > "opK-hS-ii0.title" = "アプリケーションパレットを追加…";
< > "pDz-xh-gwR.title" = "ドキュメントパレットとして";
< > "qB1-h4-Gbp.title" = "並べ替え";
< > "sKG-cB-TFY.title" = "グローバルカラーを追加…";
< > "scn-NV-XDi.title" = "スポット名を変更…";
< > "tIl-VM-c2B.title" = "パレット名を変更...";
< > "txL-Ca-Sml.title" = "類似色";
< > "u4k-yG-i9v.title" = "カラー";
< > "uvZ-5z-z3z.title" = "システムパレットを追加…";
< > "vk6-Qx-5wZ.title" = "パレットをインポート…";
< > "vuM-wB-qTj.title" = "パレットをインポート…";
< > "wE5-DI-w9d.title" = "色調";
< > "wHc-ZK-bFu.title" = "ドキュメントからパレットを作成";
< > "wun-qU-pjK.title" = "登録カラーを追加";
< > "x1p-gJ-zni.title" = "ドキュメントパレットを追加…";
< > "x3w-7z-z1B.title" = "3色配色";
< > "xhp-L0-xgZ.title" = "グレー/8";
< > "yM2-Cv-TP5.title" = "次のデフォルト設定を削除";
< > "z8O-nQ-v5e.title" = "塗りつぶし名を変更…";
< > "zBa-kZ-oWO.title" = "次のデフォルトとして設定";
---
> > "0N8-TS-1oH.title" = "중간";
> > "21.title" = "불투명도:";
> > "2Jc-dm-TB8.title" = "외관";
> > "2m3-UA-vhT.title" = "크게";
> > "2x0-pS-Msg.title" = "정렬";
> > "48.title" = "최근 사용 항목:";
> > "4Sv-Gb-VDR.title" = "시스템 팔레트로";
> > "4VJ-6L-UfV.title" = "사각형";
> > "4fX-75-WPj.title" = "색상 코드 생성";
> > "4jC-c4-oW2.title" = "문서로부터 팔레트 생성";
> > "5Zj-aB-NkD.title" = "기본값으로 설정하기";
> > "6xI-Di-Hf3.title" = "문서 팔레트로";
> > "6y5-C0-TmG.title" = "색상 코드 생성";
> > "702-F3-BkM.title" = "칠 지우기";
> > "939-qT-dCy.title" = "정렬";
> > "A9w-Bc-myK.title" = "기본값으로 설정하기";
> > "AoK-tK-t3z.title" = "기본값 지우기";
> > "Bwf-sc-HUj.title" = "작게";
> > "CMJ-rh-fXD.title" = "칠 편집…";
> > "CX9-2x-YHJ.title" = "보색";
> > "DZJ-lK-gO1.title" = "복사";
> > "EIW-6h-C59.title" = "문서로부터 팔레트 생성";
> > "EqU-Y7-uib.title" = "알파벳순";
> > "G7c-Su-VAk.title" = "정렬";
> > "GTV-TK-xt0.title" = "이미지로부터 팔레트 생성…";
> > "GWO-ab-y3Z.title" = "기본값 지우기";
> > "Gad-hH-GjM.title" = "유사색";
> > "GlH-WA-0ql.title" = "기본값으로 설정하기";
> > "HY9-Co-b0N.title" = "응용프로그램 팔레트로";
> > "HqM-yS-mXn.title" = "팔레트 들여오기…";
> > "I29-uM-OPY.title" = "틴트";
> > "I6u-xY-EiY.title" = "목록으로 보기";
> > "IDB-lr-5hd.title" = "전역 만들기";
> > "Iqb-gq-vyA.title" = "기본값 지우기";
> > "JfY-3x-waS.title" = "셰이드";
> > "Jxa-b6-x9h.title" = "응용프로그램 팔레트로";
> > "K4N-2d-5Wg.title" = "보색";
> > "KdP-pp-jb0.title" = "색상 지우기";
> > "Knk-tr-AH2.title" = "외관";
> > "MQJ-dV-vvh.title" = "문서 팔레트로";
> > "NUe-XC-0vt.title" = "팔레트 내보내기…";
> > "P0S-kK-7hx.title" = "셰이드";
> > "Pns-NM-7z8.title" = "시스템 팔레트로";
> > "Ptr-ML-QHs.title" = "팔레트 들여오기…";
> > "QBi-QN-Dqc.title" = "문서 팔레트로";
> > "QbD-w5-wlR.title" = "톤";
> > "VTD-CS-DWs.title" = "색상 코드 생성";
> > "WXs-sS-Iwu.title" = "알파벳순";
> > "Xur-q2-nZs.title" = "색상 코드 생성";
> > "Xwd-QQ-yzz.title" = "전역 색상 추가…";
> > "YwF-wG-KCG.title" = "중간";
> > "ZlQ-xm-HbQ.title" = "응용프로그램 팔레트로";
> > "a3f-B0-2oj.title" = "시스템 팔레트로";
> > "aGG-Cg-LNV.title" = "외관";
> > "cWa-ih-qi3.title" = "사각형";
> > "dYw-Xq-gLf.title" = "분할 보색";
> > "dg4-EJ-yMJ.title" = "외관";
> > "eYC-aa-7bA.title" = "목록으로 보기";
> > "epK-Z2-CCi.title" = "칠 편집…";
> > "fce-6n-TGk.title" = "시스템 팔레트로";
> > "fvX-tM-iab.title" = "분할 보색";
> > "g7B-r3-Cg9.title" = "문서로부터 팔레트 생성";
> > "gM0-jT-4bl.title" = "이미지로부터 팔레트 생성…";
> > "gqB-ZJ-32I.title" = "크게";
> > "hHD-rJ-o1m.title" = "복사";
> > "iCK-Uq-5L0.title" = "팔레트 내보내기…";
> > "iEs-Vi-9xL.title" = "색상";
> > "iPH-Af-1hV.title" = "틴트";
> > "inX-wr-RKe.title" = "작게";
> > "kv0-wp-vcR.title" = "등록 색상을 추가";
> > "nxC-Kq-Onv.title" = "응용프로그램 팔레트로";
> > "pDz-xh-gwR.title" = "문서 팔레트로";
> > "qB1-h4-Gbp.title" = "정렬";
> > "sKG-cB-TFY.title" = "전역 색상 추가…";
> > "txL-Ca-Sml.title" = "유사색";
> > "u4k-yG-i9v.title" = "색상";
> > "vk6-Qx-5wZ.title" = "팔레트 들여오기…";
> > "vuM-wB-qTj.title" = "팔레트 들여오기…";
> > "wE5-DI-w9d.title" = "톤";
> > "wHc-ZK-bFu.title" = "문서로부터 팔레트 생성";
> > "wun-qU-pjK.title" = "등록 색상을 추가";
> > "yM2-Cv-TP5.title" = "기본값 지우기";
> > "zBa-kZ-oWO.title" = "기본값으로 설정하기";
