3,12c3,4
< ---
< ---
< ---
< ---
< 12c12
< 15c15
< 18c18
< 3c3
< 6c6
< 9c9
---
> 14,15c14,15
> 2,3c2,3
14,16d5
< < "Gjb-Sc-0SL.ibShadowedToolTip" = "Create a new Symbol from the current object";
< < "OUW-l4-GzM.ibShadowedToolTip" = "Choose whether to synchronize edits across symbols or not. Editing properties while not synchronized will detach them.";
< < "izg-n8-waT.ibShadowedToolTip" = "Detach the current object(s) and stop them from being symbols";
18,24c7,12
< < "ulD-xS-XzQ.title" = "Detach";
< > "0Im-nP-iL3.title" = "同期:";
< > "Gjb-Sc-0SL.ibShadowedToolTip" = "新しいシンボルを現在のオブジェクトから作成します";
< > "OUW-l4-GzM.ibShadowedToolTip" = "シンボル間で編集を同期するかどうかを選択します。同期されない状態でプロパティを編集すると、それらは切り離されます。";
< > "izg-n8-waT.ibShadowedToolTip" = "現在のオブジェクトを切り離し、シンボルとすることを停止します。";
< > "jfz-7p-kHo.title" = "作成";
< > "ulD-xS-XzQ.title" = "切り離し";
---
> < /* Class = "NSButtonCell"; title = "Create"; ObjectID = "jfz-7p-kHo"; */
> < /* Class = "NSTextFieldCell"; title = "Sync:"; ObjectID = "0Im-nP-iL3"; */
> > "0Im-nP-iL3.title" = "동기화:";
> > "jfz-7p-kHo.title" = "생성";
> > /* Class = "NSButtonCell"; title = "생성"; ObjectID = "jfz-7p-kHo"; */
> > /* Class = "NSTextFieldCell"; title = "동기화:"; ObjectID = "0Im-nP-iL3"; */
