3c3
< "0Im-nP-iL3.title" = "Sync:";
---
> "0Im-nP-iL3.title" = "同期:";
6c6
< "Gjb-Sc-0SL.ibShadowedToolTip" = "Create a new Symbol from the current object";
---
> "Gjb-Sc-0SL.ibShadowedToolTip" = "新しいシンボルを現在のオブジェクトから作成します";
9c9
< "OUW-l4-GzM.ibShadowedToolTip" = "Choose whether to synchronize edits across symbols or not. Editing properties while not synchronized will detach them.";
---
> "OUW-l4-GzM.ibShadowedToolTip" = "シンボル間で編集を同期するかどうかを選択します。同期されない状態でプロパティを編集すると、それらは切り離されます。";
12c12
< "izg-n8-waT.ibShadowedToolTip" = "Detach the current object(s) and stop them from being symbols";
---
> "izg-n8-waT.ibShadowedToolTip" = "現在のオブジェクトを切り離し、シンボルとすることを停止します。";
15c15
< "jfz-7p-kHo.title" = "Create";
---
> "jfz-7p-kHo.title" = "作成";
18c18
< "ulD-xS-XzQ.title" = "Detach";
---
> "ulD-xS-XzQ.title" = "切り離し";
