3c3
< "18J-uu-hJS.title" = "Swatches";
---
> "18J-uu-hJS.title" = "スウォッチ";
6c6
< "F0z-JX-Cv5.title" = "Synchronize";
---
> "F0z-JX-Cv5.title" = "同期";
9c9
< "M2e-92-XCR.title" = "Text Styles";
---
> "M2e-92-XCR.title" = "テキストスタイル";
12c12
< "TYC-kW-gcP.title" = "Table Formats";
---
> "TYC-kW-gcP.title" = "表フォーマット";
15c15
< "WmS-aZ-JXn.title" = "Synchronize Now";
---
> "WmS-aZ-JXn.title" = "今すぐ同期";
18c18
< "rpO-4j-8ol.title" = "Master Pages";
---
> "rpO-4j-8ol.title" = "マスターページ";
21c21
< "uTb-Fv-nQE.title" = "Close";
---
> "uTb-Fv-nQE.title" = "閉じる";
