2,8c2,4
< 12c12
< 15c15
< 18c18
< 21c21
< 3c3
< 6c6
< 9c9
---
> 2,3c2,3
> 20,21c20,21
> 8,9c8,9
10d5
< < "F0z-JX-Cv5.title" = "Synchronize";
12,14d6
< < "TYC-kW-gcP.title" = "Table Formats";
< < "WmS-aZ-JXn.title" = "Synchronize Now";
< < "rpO-4j-8ol.title" = "Master Pages";
16,22c8,16
< > "18J-uu-hJS.title" = "スウォッチ";
< > "F0z-JX-Cv5.title" = "同期";
< > "M2e-92-XCR.title" = "テキストスタイル";
< > "TYC-kW-gcP.title" = "表フォーマット";
< > "WmS-aZ-JXn.title" = "今すぐ同期";
< > "rpO-4j-8ol.title" = "マスターページ";
< > "uTb-Fv-nQE.title" = "閉じる";
---
> > "18J-uu-hJS.title" = "견본";
> > "M2e-92-XCR.title" = "텍스트 스타일";
> > "uTb-Fv-nQE.title" = "닫기";
