11,12c11,12
< /* Class = "NSButton"; ibShadowedToolTip = "Right"; ObjectID = "1yk-SU-9hZ"; */
< "1yk-SU-9hZ.ibShadowedToolTip" = "Right";
---
> /* Class = "NSButton"; ibShadowedToolTip = "오른쪽"; ObjectID = "1yk-SU-9hZ"; */
> "1yk-SU-9hZ.ibShadowedToolTip" = "오른쪽";
17,18c17,18
< /* Class = "NSTextFieldCell"; title = "Alignment:"; ObjectID = "42g-pt-pNO"; */
< "42g-pt-pNO.title" = "Alignment:";
---
> /* Class = "NSTextFieldCell"; title = "정렬:"; ObjectID = "42g-pt-pNO"; */
> "42g-pt-pNO.title" = "정렬:";
20,21c20,21
< /* Class = "NSTextFieldCell"; title = "Bottom:"; ObjectID = "44a-WI-KV7"; */
< "44a-WI-KV7.title" = "Bottom:";
---
> /* Class = "NSTextFieldCell"; title = "아래쪽"; ObjectID = "44a-WI-KV7"; */
> "44a-WI-KV7.title" = "아래쪽";
23,24c23,24
< /* Class = "NSButtonCell"; title = "Button"; ObjectID = "4MV-Lj-sZp"; */
< "4MV-Lj-sZp.title" = "Button";
---
> /* Class = "NSButtonCell"; title = "버튼"; ObjectID = "4MV-Lj-sZp"; */
> "4MV-Lj-sZp.title" = "버튼";
26,27c26,27
< /* Class = "NSButtonCell"; title = "Button"; ObjectID = "5M8-ck-oTY"; */
< "5M8-ck-oTY.title" = "Button";
---
> /* Class = "NSButtonCell"; title = "버튼"; ObjectID = "5M8-ck-oTY"; */
> "5M8-ck-oTY.title" = "버튼";
35,36c35,36
< /* Class = "NSTextFieldCell"; title = "Right:"; ObjectID = "8XG-Eg-Mh6"; */
< "8XG-Eg-Mh6.title" = "Right:";
---
> /* Class = "NSTextFieldCell"; title = "오른쪽:"; ObjectID = "8XG-Eg-Mh6"; */
> "8XG-Eg-Mh6.title" = "오른쪽:";
38,39c38,39
< /* Class = "NSButton"; ibShadowedToolTip = "Left"; ObjectID = "9U2-Ae-tAp"; */
< "9U2-Ae-tAp.ibShadowedToolTip" = "Left";
---
> /* Class = "NSButton"; ibShadowedToolTip = "왼쪽"; ObjectID = "9U2-Ae-tAp"; */
> "9U2-Ae-tAp.ibShadowedToolTip" = "왼쪽";
41,42c41,42
< /* Class = "NSButton"; ibShadowedToolTip = "All"; ObjectID = "9mG-IE-gFL"; */
< "9mG-IE-gFL.ibShadowedToolTip" = "All";
---
> /* Class = "NSButton"; ibShadowedToolTip = "모두"; ObjectID = "9mG-IE-gFL"; */
> "9mG-IE-gFL.ibShadowedToolTip" = "모두";
50,51c50,51
< /* Class = "NSView"; Bbs-QJ-X4C.ibExternalUserDefinedRuntimeAttributesLocalizableStrings[0] = "Rotation"; ObjectID = "Bbs-QJ-X4C"; */
< "Bbs-QJ-X4C.ibExternalUserDefinedRuntimeAttributesLocalizableStrings[0]" = "Rotation";
---
> /* Class = "NSView"; Bbs-QJ-X4C.ibExternalUserDefinedRuntimeAttributesLocalizableStrings[0] = "회전"; ObjectID = "Bbs-QJ-X4C"; */
> "Bbs-QJ-X4C.ibExternalUserDefinedRuntimeAttributesLocalizableStrings[0]" = "회전";
56,57c56,57
< /* Class = "NSTextFieldCell"; title = "Bottom:"; ObjectID = "C44-Rg-k84"; */
< "C44-Rg-k84.title" = "Bottom:";
---
> /* Class = "NSTextFieldCell"; title = "아래쪽"; ObjectID = "C44-Rg-k84"; */
> "C44-Rg-k84.title" = "아래쪽";
62,63c62,63
< /* Class = "NSTextFieldCell"; title = "Top:"; ObjectID = "DUG-CX-G3b"; */
< "DUG-CX-G3b.title" = "Top:";
---
> /* Class = "NSTextFieldCell"; title = "위쪽:"; ObjectID = "DUG-CX-G3b"; */
> "DUG-CX-G3b.title" = "위쪽:";
65,66c65,66
< /* Class = "NSTextFieldCell"; title = "Stroke:"; ObjectID = "Ebd-If-ep5"; */
< "Ebd-If-ep5.title" = "Stroke:";
---
> /* Class = "NSTextFieldCell"; title = "선:"; ObjectID = "Ebd-If-ep5"; */
> "Ebd-If-ep5.title" = "선:";
71,72c71,72
< /* Class = "NSTextFieldCell"; title = "Left:"; ObjectID = "G4m-Jm-1mL"; */
< "G4m-Jm-1mL.title" = "Left:";
---
> /* Class = "NSTextFieldCell"; title = "왼쪽:"; ObjectID = "G4m-Jm-1mL"; */
> "G4m-Jm-1mL.title" = "왼쪽:";
74,75c74,75
< /* Class = "NSView"; ibShadowedToolTip = "Top Text Inset"; ObjectID = "Gig-QT-fLe"; */
< "Gig-QT-fLe.ibShadowedToolTip" = "Top Text Inset";
---
> /* Class = "NSView"; ibShadowedToolTip = "위쪽 텍스트 들여쓰기"; ObjectID = "Gig-QT-fLe"; */
> "Gig-QT-fLe.ibShadowedToolTip" = "위쪽 텍스트 들여쓰기";
83,84c83,84
< /* Class = "NSButton"; ibShadowedToolTip = "Top"; ObjectID = "JzW-tm-3nQ"; */
< "JzW-tm-3nQ.ibShadowedToolTip" = "Top";
---
> /* Class = "NSButton"; ibShadowedToolTip = "위쪽"; ObjectID = "JzW-tm-3nQ"; */
> "JzW-tm-3nQ.ibShadowedToolTip" = "위쪽";
98,99c98,99
< /* Class = "NSButton"; ibShadowedToolTip = "Inside"; ObjectID = "LBl-7p-a78"; */
< "LBl-7p-a78.ibShadowedToolTip" = "Inside";
---
> /* Class = "NSButton"; ibShadowedToolTip = "안으로"; ObjectID = "LBl-7p-a78"; */
> "LBl-7p-a78.ibShadowedToolTip" = "안으로";
101,102c101,102
< /* Class = "NSTextFieldCell"; title = "Fill:"; ObjectID = "MOH-aq-Gcg"; */
< "MOH-aq-Gcg.title" = "Fill:";
---
> /* Class = "NSTextFieldCell"; title = "칠:"; ObjectID = "MOH-aq-Gcg"; */
> "MOH-aq-Gcg.title" = "칠:";
110,111c110,111
< /* Class = "NSButton"; ibShadowedToolTip = "Bottom"; ObjectID = "RB3-fe-2ru"; */
< "RB3-fe-2ru.ibShadowedToolTip" = "Bottom";
---
> /* Class = "NSButton"; ibShadowedToolTip = "아래"; ObjectID = "RB3-fe-2ru"; */
> "RB3-fe-2ru.ibShadowedToolTip" = "아래";
119,120c119,120
< /* Class = "NSButtonCell"; title = "Button"; ObjectID = "Tuu-Yn-EqC"; */
< "Tuu-Yn-EqC.title" = "Button";
---
> /* Class = "NSButtonCell"; title = "버튼"; ObjectID = "Tuu-Yn-EqC"; */
> "Tuu-Yn-EqC.title" = "버튼";
125,126c125,126
< /* Class = "NSView"; Wg1-gQ-fDs.ibExternalUserDefinedRuntimeAttributesLocalizableStrings[0] = "Frame"; ObjectID = "Wg1-gQ-fDs"; */
< "Wg1-gQ-fDs.ibExternalUserDefinedRuntimeAttributesLocalizableStrings[0]" = "Frame";
---
> /* Class = "NSView"; Wg1-gQ-fDs.ibExternalUserDefinedRuntimeAttributesLocalizableStrings[0] = "액자"; ObjectID = "Wg1-gQ-fDs"; */
> "Wg1-gQ-fDs.ibExternalUserDefinedRuntimeAttributesLocalizableStrings[0]" = "액자";
128,129c128,129
< /* Class = "NSButtonCell"; title = "Button"; ObjectID = "XMn-gd-J7k"; */
< "XMn-gd-J7k.title" = "Button";
---
> /* Class = "NSButtonCell"; title = "버튼"; ObjectID = "XMn-gd-J7k"; */
> "XMn-gd-J7k.title" = "버튼";
131,132c131,132
< /* Class = "NSTextFieldCell"; title = "Left:"; ObjectID = "XdE-MN-gdb"; */
< "XdE-MN-gdb.title" = "Left:";
---
> /* Class = "NSTextFieldCell"; title = "왼쪽:"; ObjectID = "XdE-MN-gdb"; */
> "XdE-MN-gdb.title" = "왼쪽:";
134c134
< /* Class = "NSTextFieldCell"; title = "Colour:"; ObjectID = "Y9u-dk-HiK"; */
---
> /* Class = "NSTextFieldCell"; title = "색상:"; ObjectID = "Y9u-dk-HiK"; */
143,144c143,144
< /* Class = "NSView"; ibShadowedToolTip = "Right Text Inset"; ObjectID = "aPI-8M-wlg"; */
< "aPI-8M-wlg.ibShadowedToolTip" = "Right Text Inset";
---
> /* Class = "NSView"; ibShadowedToolTip = "오른쪽 텍스트 들여쓰기"; ObjectID = "aPI-8M-wlg"; */
> "aPI-8M-wlg.ibShadowedToolTip" = "오른쪽 텍스트 들여쓰기";
149,150c149,150
< /* Class = "NSButton"; ibShadowedToolTip = "Outside"; ObjectID = "bch-Ke-MYn"; */
< "bch-Ke-MYn.ibShadowedToolTip" = "Outside";
---
> /* Class = "NSButton"; ibShadowedToolTip = "바깥"; ObjectID = "bch-Ke-MYn"; */
> "bch-Ke-MYn.ibShadowedToolTip" = "바깥";
155,156c155,156
< /* Class = "NSTextFieldCell"; title = "Top:"; ObjectID = "dtV-cj-mQ8"; */
< "dtV-cj-mQ8.title" = "Top:";
---
> /* Class = "NSTextFieldCell"; title = "위쪽:"; ObjectID = "dtV-cj-mQ8"; */
> "dtV-cj-mQ8.title" = "위쪽:";
164,165c164,165
< /* Class = "NSButtonCell"; title = "Button"; ObjectID = "ihl-jP-T67"; */
< "ihl-jP-T67.title" = "Button";
---
> /* Class = "NSButtonCell"; title = "버튼"; ObjectID = "ihl-jP-T67"; */
> "ihl-jP-T67.title" = "버튼";
185,186c185,186
< /* Class = "NSView"; ibShadowedToolTip = "Right Text Inset"; ObjectID = "qHc-5A-AKJ"; */
< "qHc-5A-AKJ.ibShadowedToolTip" = "Right Text Inset";
---
> /* Class = "NSView"; ibShadowedToolTip = "오른쪽 텍스트 들여쓰기"; ObjectID = "qHc-5A-AKJ"; */
> "qHc-5A-AKJ.ibShadowedToolTip" = "오른쪽 텍스트 들여쓰기";
197,198c197,198
< /* Class = "NSTextFieldCell"; title = "Fill:"; ObjectID = "tNg-0b-Kv6"; */
< "tNg-0b-Kv6.title" = "Fill:";
---
> /* Class = "NSTextFieldCell"; title = "칠:"; ObjectID = "tNg-0b-Kv6"; */
> "tNg-0b-Kv6.title" = "칠:";
200,201c200,201
< /* Class = "NSTextFieldCell"; title = "Right:"; ObjectID = "uyH-Ao-6Yv"; */
< "uyH-Ao-6Yv.title" = "Right:";
---
> /* Class = "NSTextFieldCell"; title = "오른쪽:"; ObjectID = "uyH-Ao-6Yv"; */
> "uyH-Ao-6Yv.title" = "오른쪽:";
203,204c203,204
< /* Class = "NSTextFieldCell"; title = "Width:"; ObjectID = "vI4-dQ-EMw"; */
< "vI4-dQ-EMw.title" = "Width:";
---
> /* Class = "NSTextFieldCell"; title = "너비:"; ObjectID = "vI4-dQ-EMw"; */
> "vI4-dQ-EMw.title" = "너비:";
212,213c212,213
< /* Class = "NSView"; ibShadowedToolTip = "Top Text Inset"; ObjectID = "wsf-7v-Gme"; */
< "wsf-7v-Gme.ibShadowedToolTip" = "Top Text Inset";
---
> /* Class = "NSView"; ibShadowedToolTip = "위쪽 텍스트 들여쓰기"; ObjectID = "wsf-7v-Gme"; */
> "wsf-7v-Gme.ibShadowedToolTip" = "위쪽 텍스트 들여쓰기";
