31,155c31,60
< ---
< ---
< ---
< ---
< ---
< ---
< ---
< ---
< ---
< ---
< ---
< ---
< ---
< ---
< ---
< ---
< ---
< ---
< ---
< ---
< ---
< ---
< ---
< ---
< ---
< ---
< ---
< ---
< ---
< ---
< ---
< ---
< ---
< ---
< ---
< ---
< ---
< ---
< ---
< ---
< ---
< ---
< ---
< ---
< ---
< ---
< 102c102
< 105c105
< 108c108
< 111c111
< 114c114
< 117c117
< 120c120
< 123c123
< 126c126
< 129c129
< 12c12
< 132c132
< 135c135
< 138c138
< 141c141
< 144c144
< 147c147
< 150c150
< 153c153
< 156c156
< 159c159
< 15c15
< 162c162
< 165c165
< 168c168
< 171c171
< 174c174
< 177c177
< 180c180
< 183c183
< 186c186
< 189c189
< 18c18
< 192c192
< 195c195
< 198c198
< 201c201
< 204c204
< 207c207
< 210c210
< 213c213
< 216c216
< 219c219
< 21c21
< 222c222
< 225c225
< 228c228
< 24c24
< 27c27
< 30c30
< 33c33
< 36c36
< 39c39
< 3c3
< 42c42
< 45c45
< 48c48
< 51c51
< 54c54
< 57c57
< 60c60
< 63c63
< 66c66
< 69c69
< 6c6
< 72c72
< 75c75
< 78c78
< 81c81
< 84c84
< 87c87
< 90c90
< 93c93
< 96c96
< 99c99
< 9c9
< < "0V3-2d-uea.ibShadowedToolTip" = "Initial Advance";
< < "0YT-wk-1dA.title" = "Top Margin";
< < "1PJ-fA-Wdm.ibShadowedToolTip" = "Bottom Table Inset";
---
> 101,102c101,102
> 11,12c11,12
> 110,111c110,111
> 119,120c119,120
> 125,126c125,126
> 128,129c128,129
> 131,132c131,132
> 134c134
> 149,150c149,150
> 155,156c155,156
> 164,165c164,165
> 17,18c17,18
> 185,186c185,186
> 197,198c197,198
> 20,21c20,21
> 200,201c200,201
> 203,204c203,204
> 23,24c23,24
> 26,27c26,27
> 35,36c35,36
> 38,39c38,39
> 41,42c41,42
> 50,51c50,51
> 56,57c56,57
> 62,63c62,63
> 65,66c65,66
> 71,72c71,72
> 74,75c74,75
> 83,84c83,84
> 98,99c98,99
157d61
< < "3EF-IA-OGt.ibShadowedToolTip" = "Outside Vertical";
162,163d65
< < "63d-cf-2Z6.title" = "Insets";
< < "6Sz-eL-DYI.ibShadowedToolTip" = "Relative To";
167,168d68
< < "AHV-2M-4CZ.title" = "Start Position:";
< < "AM5-1S-d5T.ibShadowedToolTip" = "All Vertical";
170d69
< < "BeX-HR-OJC.ibExternalUserDefinedRuntimeAttributesLocalizableStrings[0]" = "Vertical Position";
172d70
< < "DQC-bs-O6p.ibShadowedToolTip" = "Start Position";
175d72
< < "FTD-ZA-aP6.ibShadowedToolTip" = "Cell Stroke Fill";
178,179d74
< < "H4r-Q5-CB8.ibShadowedToolTip" = "Grid Color";
< < "JPa-Ij-2oE.ibShadowedToolTip" = "Cell Fill";
181,184d75
< < "K6x-77-fRx.ibShadowedToolTip" = "Frame Fill";
< < "KU7-MJ-Cq0.ibShadowedToolTip" = "Cell Stroke";
< < "Kcc-BF-ZVw.ibShadowedToolTip" = "Outside Horizontal";
< < "KnI-CX-xIb.ibShadowedToolTip" = "Bottom Text Inset";
187,188d77
< < "OG7-5u-NMk.ibShadowedToolTip" = "Row Height";
< < "Oto-nh-74G.title" = "Minimum:";
190,191d78
< < "T1B-Ph-HQP.ibShadowedToolTip" = "Link Insets";
< < "T7x-Yj-Ndh.ibExternalUserDefinedRuntimeAttributesLocalizableStrings[0]" = "Cell";
193d79
< < "WCM-1s-dDW.title" = "Use Baseline Grid";
197,201d82
< < "Y9u-dk-HiK.title" = "Color:";
< < "ZAY-Ll-Und.title" = "Height:";
< < "ZLd-df-p3e.ibShadowedToolTip" = "Left Table Inset";
< < "aPI-8M-wlg.ibShadowedToolTip" = "Right Table Inset";
< < "b8T-Zh-OUZ.title" = "Top of Page";
203d83
< < "d49-5l-L5l.ibShadowedToolTip" = "Inside Horizontal";
205,206d84
< < "g37-Vc-qoi.ibExternalUserDefinedRuntimeAttributesLocalizableStrings[0]" = "Stroke and Fill";
< < "g8e-G3-D3U.ibShadowedToolTip" = "Inside Vertical";
208,213d85
< < "ilp-UE-OT1.title" = "Initial advance:";
< < "jcp-0K-WKb.ibShadowedToolTip" = "Left Text Inset";
< < "lo8-u4-Jed.ibShadowedToolTip" = "All Horizontal";
< < "nBg-Am-y72.ibShadowedToolTip" = "Frame Stroke";
< < "ofP-PD-KzW.ibShadowedToolTip" = "Column Width";
< < "ohN-ao-dV7.ibShadowedToolTip" = "Frame Stroke Fill";
215,217d86
< < "reU-fe-YBn.title" = "Border:";
< < "rwj-pg-xbo.ibShadowedToolTip" = "Grid Spacing";
< < "t3E-2K-lMG.title" = "Insets";
221,304c90,178
< < "vc9-8c-rPy.ibShadowedToolTip" = "Grid Opacity";
< < "wLQ-k0-ClN.ibShadowedToolTip" = "Link Insets";
< < "wsf-7v-Gme.ibShadowedToolTip" = "Top Table Inset";
< < "xP4-Iw-dIm.title" = "Relative to:";
< < "xWu-Qi-OxG.title" = "Ignore Baseline Grid";
< < "zcf-mo-NhN.ibShadowedToolTip" = "Minimum Initial Advance";
< < "zhx-o9-riD.ibExternalUserDefinedRuntimeAttributesLocalizableStrings[0]" = "Baseline Grid";
< < "zqm-WC-LAf.title" = "Grid Spacing:";
< > "0V3-2d-uea.ibShadowedToolTip" = "最大段落間隔";
< > "0YT-wk-1dA.title" = "上マージン";
< > "1PJ-fA-Wdm.ibShadowedToolTip" = "表下の余白";
< > "1yk-SU-9hZ.ibShadowedToolTip" = "右";
< > "3EF-IA-OGt.ibShadowedToolTip" = "外側垂直方向";
< > "42g-pt-pNO.title" = "行揃え:";
< > "44a-WI-KV7.title" = "下:";
< > "4MV-Lj-sZp.title" = "ボタン";
< > "5M8-ck-oTY.title" = "ボタン";
< > "63d-cf-2Z6.title" = "余白";
< > "6Sz-eL-DYI.ibShadowedToolTip" = "基準";
< > "8XG-Eg-Mh6.title" = "右:";
< > "9U2-Ae-tAp.ibShadowedToolTip" = "左";
< > "9mG-IE-gFL.ibShadowedToolTip" = "すべて";
< > "AHV-2M-4CZ.title" = "開始位置:";
< > "AM5-1S-d5T.ibShadowedToolTip" = "すべて垂直方向";
< > "Bbs-QJ-X4C.ibExternalUserDefinedRuntimeAttributesLocalizableStrings[0]" = "回転";
< > "BeX-HR-OJC.ibExternalUserDefinedRuntimeAttributesLocalizableStrings[0]" = "垂直位置";
< > "C44-Rg-k84.title" = "下:";
< > "DQC-bs-O6p.ibShadowedToolTip" = "開始位置";
< > "DUG-CX-G3b.title" = "上:";
< > "Ebd-If-ep5.title" = "境界線:";
< > "FTD-ZA-aP6.ibShadowedToolTip" = "セル境界線塗りつぶし";
< > "G4m-Jm-1mL.title" = "左:";
< > "Gig-QT-fLe.ibShadowedToolTip" = "テキスト上の余白";
< > "H4r-Q5-CB8.ibShadowedToolTip" = "メイングリッドラインのカラーを設定";
< > "JPa-Ij-2oE.ibShadowedToolTip" = "セルの塗りつぶし";
< > "JzW-tm-3nQ.ibShadowedToolTip" = "上";
< > "K6x-77-fRx.ibShadowedToolTip" = "フレームの塗りつぶし";
< > "KU7-MJ-Cq0.ibShadowedToolTip" = "セル境界線";
< > "Kcc-BF-ZVw.ibShadowedToolTip" = "外側水平方向";
< > "KnI-CX-xIb.ibShadowedToolTip" = "テキスト下の余白";
< > "LBl-7p-a78.ibShadowedToolTip" = "内側";
< > "MOH-aq-Gcg.title" = "塗りつぶし:";
< > "OG7-5u-NMk.ibShadowedToolTip" = "行の高さ";
< > "Oto-nh-74G.title" = "最小:";
< > "RB3-fe-2ru.ibShadowedToolTip" = "下";
< > "T1B-Ph-HQP.ibShadowedToolTip" = "余白をリンク";
< > "T7x-Yj-Ndh.ibExternalUserDefinedRuntimeAttributesLocalizableStrings[0]" = "セル";
< > "Tuu-Yn-EqC.title" = "ボタン";
< > "WCM-1s-dDW.title" = "ベースライングリッドを使用";
< > "Wg1-gQ-fDs.ibExternalUserDefinedRuntimeAttributesLocalizableStrings[0]" = "外枠";
< > "XMn-gd-J7k.title" = "ボタン";
< > "XdE-MN-gdb.title" = "左:";
< > "Y9u-dk-HiK.title" = "カラー:";
< > "ZAY-Ll-Und.title" = "高さ:";
< > "ZLd-df-p3e.ibShadowedToolTip" = "表左の余白";
< > "aPI-8M-wlg.ibShadowedToolTip" = "表右の余白";
< > "b8T-Zh-OUZ.title" = "ページの上";
< > "bch-Ke-MYn.ibShadowedToolTip" = "外側";
< > "d49-5l-L5l.ibShadowedToolTip" = "内側水平方向";
< > "dtV-cj-mQ8.title" = "上:";
< > "g37-Vc-qoi.ibExternalUserDefinedRuntimeAttributesLocalizableStrings[0]" = "境界線と塗りつぶし";
< > "g8e-G3-D3U.ibShadowedToolTip" = "内側垂直方向";
< > "ihl-jP-T67.title" = "ボタン";
< > "ilp-UE-OT1.title" = "最大段落間隔:";
< > "jcp-0K-WKb.ibShadowedToolTip" = "テキスト左の余白";
< > "lo8-u4-Jed.ibShadowedToolTip" = "すべて水平方向";
< > "nBg-Am-y72.ibShadowedToolTip" = "フレーム境界線";
< > "ofP-PD-KzW.ibShadowedToolTip" = "列幅";
< > "ohN-ao-dV7.ibShadowedToolTip" = "フレーム境界線塗りつぶし";
< > "qHc-5A-AKJ.ibShadowedToolTip" = "テキスト右の余白";
< > "reU-fe-YBn.title" = "枠線:";
< > "rwj-pg-xbo.ibShadowedToolTip" = "グリッド間隔";
< > "t3E-2K-lMG.title" = "余白";
< > "tNg-0b-Kv6.title" = "塗りつぶし:";
< > "uyH-Ao-6Yv.title" = "右:";
< > "vI4-dQ-EMw.title" = "幅:";
< > "vc9-8c-rPy.ibShadowedToolTip" = "メイングリッドラインを不透明に設定";
< > "wLQ-k0-ClN.ibShadowedToolTip" = "余白をリンク";
< > "wsf-7v-Gme.ibShadowedToolTip" = "表上の余白";
< > "xP4-Iw-dIm.title" = "基準:";
< > "xWu-Qi-OxG.title" = "ベースライングリッドを無視";
< > "zcf-mo-NhN.ibShadowedToolTip" = "最大段落間隔";
< > "zhx-o9-riD.ibExternalUserDefinedRuntimeAttributesLocalizableStrings[0]" = "ベースライングリッド";
< > "zqm-WC-LAf.title" = "グリッド間隔:";
---
> < /* Class = "NSButton"; ibShadowedToolTip = "All"; ObjectID = "9mG-IE-gFL"; */
> < /* Class = "NSButton"; ibShadowedToolTip = "Bottom"; ObjectID = "RB3-fe-2ru"; */
> < /* Class = "NSButton"; ibShadowedToolTip = "Inside"; ObjectID = "LBl-7p-a78"; */
> < /* Class = "NSButton"; ibShadowedToolTip = "Left"; ObjectID = "9U2-Ae-tAp"; */
> < /* Class = "NSButton"; ibShadowedToolTip = "Outside"; ObjectID = "bch-Ke-MYn"; */
> < /* Class = "NSButton"; ibShadowedToolTip = "Right"; ObjectID = "1yk-SU-9hZ"; */
> < /* Class = "NSButton"; ibShadowedToolTip = "Top"; ObjectID = "JzW-tm-3nQ"; */
> < /* Class = "NSButtonCell"; title = "Button"; ObjectID = "4MV-Lj-sZp"; */
> < /* Class = "NSButtonCell"; title = "Button"; ObjectID = "5M8-ck-oTY"; */
> < /* Class = "NSButtonCell"; title = "Button"; ObjectID = "Tuu-Yn-EqC"; */
> < /* Class = "NSButtonCell"; title = "Button"; ObjectID = "XMn-gd-J7k"; */
> < /* Class = "NSButtonCell"; title = "Button"; ObjectID = "ihl-jP-T67"; */
> < /* Class = "NSTextFieldCell"; title = "Alignment:"; ObjectID = "42g-pt-pNO"; */
> < /* Class = "NSTextFieldCell"; title = "Bottom:"; ObjectID = "44a-WI-KV7"; */
> < /* Class = "NSTextFieldCell"; title = "Bottom:"; ObjectID = "C44-Rg-k84"; */
> < /* Class = "NSTextFieldCell"; title = "Colour:"; ObjectID = "Y9u-dk-HiK"; */
> < /* Class = "NSTextFieldCell"; title = "Fill:"; ObjectID = "MOH-aq-Gcg"; */
> < /* Class = "NSTextFieldCell"; title = "Fill:"; ObjectID = "tNg-0b-Kv6"; */
> < /* Class = "NSTextFieldCell"; title = "Left:"; ObjectID = "G4m-Jm-1mL"; */
> < /* Class = "NSTextFieldCell"; title = "Left:"; ObjectID = "XdE-MN-gdb"; */
> < /* Class = "NSTextFieldCell"; title = "Right:"; ObjectID = "8XG-Eg-Mh6"; */
> < /* Class = "NSTextFieldCell"; title = "Right:"; ObjectID = "uyH-Ao-6Yv"; */
> < /* Class = "NSTextFieldCell"; title = "Stroke:"; ObjectID = "Ebd-If-ep5"; */
> < /* Class = "NSTextFieldCell"; title = "Top:"; ObjectID = "DUG-CX-G3b"; */
> < /* Class = "NSTextFieldCell"; title = "Top:"; ObjectID = "dtV-cj-mQ8"; */
> < /* Class = "NSTextFieldCell"; title = "Width:"; ObjectID = "vI4-dQ-EMw"; */
> < /* Class = "NSView"; Bbs-QJ-X4C.ibExternalUserDefinedRuntimeAttributesLocalizableStrings[0] = "Rotation"; ObjectID = "Bbs-QJ-X4C"; */
> < /* Class = "NSView"; Wg1-gQ-fDs.ibExternalUserDefinedRuntimeAttributesLocalizableStrings[0] = "Frame"; ObjectID = "Wg1-gQ-fDs"; */
> < /* Class = "NSView"; ibShadowedToolTip = "Right Text Inset"; ObjectID = "qHc-5A-AKJ"; */
> < /* Class = "NSView"; ibShadowedToolTip = "Top Text Inset"; ObjectID = "Gig-QT-fLe"; */
> > "1yk-SU-9hZ.ibShadowedToolTip" = "오른쪽";
> > "42g-pt-pNO.title" = "정렬:";
> > "44a-WI-KV7.title" = "아래쪽";
> > "4MV-Lj-sZp.title" = "버튼";
> > "5M8-ck-oTY.title" = "버튼";
> > "8XG-Eg-Mh6.title" = "오른쪽:";
> > "9U2-Ae-tAp.ibShadowedToolTip" = "왼쪽";
> > "9mG-IE-gFL.ibShadowedToolTip" = "모두";
> > "Bbs-QJ-X4C.ibExternalUserDefinedRuntimeAttributesLocalizableStrings[0]" = "회전";
> > "C44-Rg-k84.title" = "아래쪽";
> > "DUG-CX-G3b.title" = "위쪽:";
> > "Ebd-If-ep5.title" = "선:";
> > "G4m-Jm-1mL.title" = "왼쪽:";
> > "Gig-QT-fLe.ibShadowedToolTip" = "위쪽 텍스트 들여쓰기";
> > "JzW-tm-3nQ.ibShadowedToolTip" = "위쪽";
> > "LBl-7p-a78.ibShadowedToolTip" = "안으로";
> > "MOH-aq-Gcg.title" = "칠:";
> > "RB3-fe-2ru.ibShadowedToolTip" = "아래";
> > "Tuu-Yn-EqC.title" = "버튼";
> > "Wg1-gQ-fDs.ibExternalUserDefinedRuntimeAttributesLocalizableStrings[0]" = "액자";
> > "XMn-gd-J7k.title" = "버튼";
> > "XdE-MN-gdb.title" = "왼쪽:";
> > "bch-Ke-MYn.ibShadowedToolTip" = "바깥";
> > "dtV-cj-mQ8.title" = "위쪽:";
> > "ihl-jP-T67.title" = "버튼";
> > "qHc-5A-AKJ.ibShadowedToolTip" = "오른쪽 텍스트 들여쓰기";
> > "tNg-0b-Kv6.title" = "칠:";
> > "uyH-Ao-6Yv.title" = "오른쪽:";
> > "vI4-dQ-EMw.title" = "너비:";
> > /* Class = "NSButton"; ibShadowedToolTip = "왼쪽"; ObjectID = "9U2-Ae-tAp"; */
> > /* Class = "NSButton"; ibShadowedToolTip = "모두"; ObjectID = "9mG-IE-gFL"; */
> > /* Class = "NSButton"; ibShadowedToolTip = "위쪽"; ObjectID = "JzW-tm-3nQ"; */
> > /* Class = "NSButton"; ibShadowedToolTip = "아래"; ObjectID = "RB3-fe-2ru"; */
> > /* Class = "NSButton"; ibShadowedToolTip = "바깥"; ObjectID = "bch-Ke-MYn"; */
> > /* Class = "NSButton"; ibShadowedToolTip = "오른쪽"; ObjectID = "1yk-SU-9hZ"; */
> > /* Class = "NSButton"; ibShadowedToolTip = "안으로"; ObjectID = "LBl-7p-a78"; */
> > /* Class = "NSButtonCell"; title = "버튼"; ObjectID = "4MV-Lj-sZp"; */
> > /* Class = "NSButtonCell"; title = "버튼"; ObjectID = "5M8-ck-oTY"; */
> > /* Class = "NSButtonCell"; title = "버튼"; ObjectID = "Tuu-Yn-EqC"; */
> > /* Class = "NSButtonCell"; title = "버튼"; ObjectID = "XMn-gd-J7k"; */
> > /* Class = "NSButtonCell"; title = "버튼"; ObjectID = "ihl-jP-T67"; */
> > /* Class = "NSTextFieldCell"; title = "선:"; ObjectID = "Ebd-If-ep5"; */
> > /* Class = "NSTextFieldCell"; title = "칠:"; ObjectID = "MOH-aq-Gcg"; */
> > /* Class = "NSTextFieldCell"; title = "칠:"; ObjectID = "tNg-0b-Kv6"; */
> > /* Class = "NSTextFieldCell"; title = "정렬:"; ObjectID = "42g-pt-pNO"; */
> > /* Class = "NSTextFieldCell"; title = "위쪽:"; ObjectID = "DUG-CX-G3b"; */
> > /* Class = "NSTextFieldCell"; title = "왼쪽:"; ObjectID = "G4m-Jm-1mL"; */
> > /* Class = "NSTextFieldCell"; title = "왼쪽:"; ObjectID = "XdE-MN-gdb"; */
> > /* Class = "NSTextFieldCell"; title = "색상:"; ObjectID = "Y9u-dk-HiK"; */
> > /* Class = "NSTextFieldCell"; title = "위쪽:"; ObjectID = "dtV-cj-mQ8"; */
> > /* Class = "NSTextFieldCell"; title = "너비:"; ObjectID = "vI4-dQ-EMw"; */
> > /* Class = "NSTextFieldCell"; title = "아래쪽"; ObjectID = "44a-WI-KV7"; */
> > /* Class = "NSTextFieldCell"; title = "아래쪽"; ObjectID = "C44-Rg-k84"; */
> > /* Class = "NSTextFieldCell"; title = "오른쪽:"; ObjectID = "8XG-Eg-Mh6"; */
> > /* Class = "NSTextFieldCell"; title = "오른쪽:"; ObjectID = "uyH-Ao-6Yv"; */
> > /* Class = "NSView"; Bbs-QJ-X4C.ibExternalUserDefinedRuntimeAttributesLocalizableStrings[0] = "회전"; ObjectID = "Bbs-QJ-X4C"; */
> > /* Class = "NSView"; Wg1-gQ-fDs.ibExternalUserDefinedRuntimeAttributesLocalizableStrings[0] = "액자"; ObjectID = "Wg1-gQ-fDs"; */
> > /* Class = "NSView"; ibShadowedToolTip = "위쪽 텍스트 들여쓰기"; ObjectID = "Gig-QT-fLe"; */
> > /* Class = "NSView"; ibShadowedToolTip = "오른쪽 텍스트 들여쓰기"; ObjectID = "qHc-5A-AKJ"; */
