11,12c11,12
< /* Class = "NSTextFieldCell"; title = "Bottom:"; ObjectID = "2m1-OT-Z7X"; */
< "2m1-OT-Z7X.title" = "Bottom:";
---
> /* Class = "NSTextFieldCell"; title = "아래쪽"; ObjectID = "2m1-OT-Z7X"; */
> "2m1-OT-Z7X.title" = "아래쪽";
14,15c14,15
< /* Class = "NSTextFieldCell"; title = "Alignment:"; ObjectID = "3Mp-EC-Gl7"; */
< "3Mp-EC-Gl7.title" = "Alignment:";
---
> /* Class = "NSTextFieldCell"; title = "정렬:"; ObjectID = "3Mp-EC-Gl7"; */
> "3Mp-EC-Gl7.title" = "정렬:";
17,18c17,18
< /* Class = "NSTextFieldCell"; title = "Right:"; ObjectID = "3Vg-JO-aUt"; */
< "3Vg-JO-aUt.title" = "Right:";
---
> /* Class = "NSTextFieldCell"; title = "오른쪽:"; ObjectID = "3Vg-JO-aUt"; */
> "3Vg-JO-aUt.title" = "오른쪽:";
20,21c20,21
< /* Class = "NSView"; 3mv-9i-D8m.ibExternalUserDefinedRuntimeAttributesLocalizableStrings[0] = "Text"; ObjectID = "3mv-9i-D8m"; */
< "3mv-9i-D8m.ibExternalUserDefinedRuntimeAttributesLocalizableStrings[0]" = "Text";
---
> /* Class = "NSView"; 3mv-9i-D8m.ibExternalUserDefinedRuntimeAttributesLocalizableStrings[0] = "텍스트"; ObjectID = "3mv-9i-D8m"; */
> "3mv-9i-D8m.ibExternalUserDefinedRuntimeAttributesLocalizableStrings[0]" = "텍스트";
23,24c23,24
< /* Class = "NSTextFieldCell"; title = "Stroke:"; ObjectID = "671-46-EPQ"; */
< "671-46-EPQ.title" = "Stroke:";
---
> /* Class = "NSTextFieldCell"; title = "선:"; ObjectID = "671-46-EPQ"; */
> "671-46-EPQ.title" = "선:";
32,33c32,33
< /* Class = "NSView"; 7sg-OP-09b.ibExternalUserDefinedRuntimeAttributesLocalizableStrings[0] = "Name"; ObjectID = "7sg-OP-09b"; */
< "7sg-OP-09b.ibExternalUserDefinedRuntimeAttributesLocalizableStrings[0]" = "Name";
---
> /* Class = "NSView"; 7sg-OP-09b.ibExternalUserDefinedRuntimeAttributesLocalizableStrings[0] = "이름"; ObjectID = "7sg-OP-09b"; */
> "7sg-OP-09b.ibExternalUserDefinedRuntimeAttributesLocalizableStrings[0]" = "이름";
38,39c38,39
< /* Class = "NSButton"; ibShadowedToolTip = "Outside"; ObjectID = "8kv-Ee-pcN"; */
< "8kv-Ee-pcN.ibShadowedToolTip" = "Outside";
---
> /* Class = "NSButton"; ibShadowedToolTip = "바깥"; ObjectID = "8kv-Ee-pcN"; */
> "8kv-Ee-pcN.ibShadowedToolTip" = "바깥";
44,45c44,45
< /* Class = "NSTextFieldCell"; title = "Text Cell"; ObjectID = "96F-LQ-s7p"; */
< "96F-LQ-s7p.title" = "Text Cell";
---
> /* Class = "NSTextFieldCell"; title = "텍스트 셀"; ObjectID = "96F-LQ-s7p"; */
> "96F-LQ-s7p.title" = "텍스트 셀";
47,48c47,48
< /* Class = "NSView"; ibShadowedToolTip = "Top Text Inset"; ObjectID = "AZN-XM-ybX"; */
< "AZN-XM-ybX.ibShadowedToolTip" = "Top Text Inset";
---
> /* Class = "NSView"; ibShadowedToolTip = "위쪽 텍스트 들여쓰기"; ObjectID = "AZN-XM-ybX"; */
> "AZN-XM-ybX.ibShadowedToolTip" = "위쪽 텍스트 들여쓰기";
50,51c50,51
< /* Class = "NSButton"; ibShadowedToolTip = "Left"; ObjectID = "B3O-3f-oU4"; */
< "B3O-3f-oU4.ibShadowedToolTip" = "Left";
---
> /* Class = "NSButton"; ibShadowedToolTip = "왼쪽"; ObjectID = "B3O-3f-oU4"; */
> "B3O-3f-oU4.ibShadowedToolTip" = "왼쪽";
53,54c53,54
< /* Class = "NSView"; BMI-tE-5wQ.ibExternalUserDefinedRuntimeAttributesLocalizableStrings[0] = "Frame"; ObjectID = "BMI-tE-5wQ"; */
< "BMI-tE-5wQ.ibExternalUserDefinedRuntimeAttributesLocalizableStrings[0]" = "Frame";
---
> /* Class = "NSView"; BMI-tE-5wQ.ibExternalUserDefinedRuntimeAttributesLocalizableStrings[0] = "액자"; ObjectID = "BMI-tE-5wQ"; */
> "BMI-tE-5wQ.ibExternalUserDefinedRuntimeAttributesLocalizableStrings[0]" = "액자";
77,78c77,78
< /* Class = "NSButton"; ibShadowedToolTip = "Outside horizontal"; ObjectID = "Kv9-MT-JkL"; */
< "Kv9-MT-JkL.ibShadowedToolTip" = "Outside horizontal";
---
> /* Class = "NSButton"; ibShadowedToolTip = "가로 바깥"; ObjectID = "Kv9-MT-JkL"; */
> "Kv9-MT-JkL.ibShadowedToolTip" = "가로 바깥";
83,84c83,84
< /* Class = "NSButton"; ibShadowedToolTip = "Inside vertical"; ObjectID = "Lb9-uB-vxf"; */
< "Lb9-uB-vxf.ibShadowedToolTip" = "Inside vertical";
---
> /* Class = "NSButton"; ibShadowedToolTip = "세로 안"; ObjectID = "Lb9-uB-vxf"; */
> "Lb9-uB-vxf.ibShadowedToolTip" = "세로 안";
86,87c86,87
< /* Class = "NSButtonCell"; title = "Button"; ObjectID = "Lqg-Ib-mnt"; */
< "Lqg-Ib-mnt.title" = "Button";
---
> /* Class = "NSButtonCell"; title = "버튼"; ObjectID = "Lqg-Ib-mnt"; */
> "Lqg-Ib-mnt.title" = "버튼";
89,90c89,90
< /* Class = "NSTextFieldCell"; title = "Left:"; ObjectID = "MMg-Tu-L2s"; */
< "MMg-Tu-L2s.title" = "Left:";
---
> /* Class = "NSTextFieldCell"; title = "왼쪽:"; ObjectID = "MMg-Tu-L2s"; */
> "MMg-Tu-L2s.title" = "왼쪽:";
92,93c92,93
< /* Class = "NSButton"; ibShadowedToolTip = "Right"; ObjectID = "MRi-0N-Ubz"; */
< "MRi-0N-Ubz.ibShadowedToolTip" = "Right";
---
> /* Class = "NSButton"; ibShadowedToolTip = "오른쪽"; ObjectID = "MRi-0N-Ubz"; */
> "MRi-0N-Ubz.ibShadowedToolTip" = "오른쪽";
95,96c95,96
< /* Class = "NSView"; ibShadowedToolTip = "Top Text Inset"; ObjectID = "O2W-pb-vEl"; */
< "O2W-pb-vEl.ibShadowedToolTip" = "Top Text Inset";
---
> /* Class = "NSView"; ibShadowedToolTip = "위쪽 텍스트 들여쓰기"; ObjectID = "O2W-pb-vEl"; */
> "O2W-pb-vEl.ibShadowedToolTip" = "위쪽 텍스트 들여쓰기";
107,108c107,108
< /* Class = "NSButton"; ibShadowedToolTip = "Top"; ObjectID = "QLn-5f-q3a"; */
< "QLn-5f-q3a.ibShadowedToolTip" = "Top";
---
> /* Class = "NSButton"; ibShadowedToolTip = "위쪽"; ObjectID = "QLn-5f-q3a"; */
> "QLn-5f-q3a.ibShadowedToolTip" = "위쪽";
110,111c110,111
< /* Class = "NSTextFieldCell"; title = "Top:"; ObjectID = "QbI-f0-qah"; */
< "QbI-f0-qah.title" = "Top:";
---
> /* Class = "NSTextFieldCell"; title = "위쪽:"; ObjectID = "QbI-f0-qah"; */
> "QbI-f0-qah.title" = "위쪽:";
113,114c113,114
< /* Class = "NSButtonCell"; title = "Button"; ObjectID = "R2y-Rq-F8j"; */
< "R2y-Rq-F8j.title" = "Button";
---
> /* Class = "NSButtonCell"; title = "버튼"; ObjectID = "R2y-Rq-F8j"; */
> "R2y-Rq-F8j.title" = "버튼";
116,117c116,117
< /* Class = "NSTextFieldCell"; title = "Left:"; ObjectID = "RAb-rs-cyR"; */
< "RAb-rs-cyR.title" = "Left:";
---
> /* Class = "NSTextFieldCell"; title = "왼쪽:"; ObjectID = "RAb-rs-cyR"; */
> "RAb-rs-cyR.title" = "왼쪽:";
119,120c119,120
< /* Class = "NSButton"; ibShadowedToolTip = "Outside vertical"; ObjectID = "RAu-5v-hw6"; */
< "RAu-5v-hw6.ibShadowedToolTip" = "Outside vertical";
---
> /* Class = "NSButton"; ibShadowedToolTip = "세로 바깥"; ObjectID = "RAu-5v-hw6"; */
> "RAu-5v-hw6.ibShadowedToolTip" = "세로 바깥";
125,126c125,126
< /* Class = "NSTextFieldCell"; title = "Fill:"; ObjectID = "RdZ-2Y-L06"; */
< "RdZ-2Y-L06.title" = "Fill:";
---
> /* Class = "NSTextFieldCell"; title = "칠:"; ObjectID = "RdZ-2Y-L06"; */
> "RdZ-2Y-L06.title" = "칠:";
128,129c128,129
< /* Class = "NSButtonCell"; title = "Reset"; ObjectID = "SQf-yo-Znv"; */
< "SQf-yo-Znv.title" = "Reset";
---
> /* Class = "NSButtonCell"; title = "재설정"; ObjectID = "SQf-yo-Znv"; */
> "SQf-yo-Znv.title" = "재설정";
131,132c131,132
< /* Class = "NSView"; ibShadowedToolTip = "Right Text Inset"; ObjectID = "SWr-bm-Jui"; */
< "SWr-bm-Jui.ibShadowedToolTip" = "Right Text Inset";
---
> /* Class = "NSView"; ibShadowedToolTip = "오른쪽 텍스트 들여쓰기"; ObjectID = "SWr-bm-Jui"; */
> "SWr-bm-Jui.ibShadowedToolTip" = "오른쪽 텍스트 들여쓰기";
134,135c134,135
< /* Class = "NSButton"; ibShadowedToolTip = "Inside horizontal"; ObjectID = "SgB-Ux-hyn"; */
< "SgB-Ux-hyn.ibShadowedToolTip" = "Inside horizontal";
---
> /* Class = "NSButton"; ibShadowedToolTip = "가로 안"; ObjectID = "SgB-Ux-hyn"; */
> "SgB-Ux-hyn.ibShadowedToolTip" = "가로 안";
140,141c140,141
< /* Class = "NSTextFieldCell"; title = "Bottom:"; ObjectID = "WbT-7a-Hga"; */
< "WbT-7a-Hga.title" = "Bottom:";
---
> /* Class = "NSTextFieldCell"; title = "아래쪽"; ObjectID = "WbT-7a-Hga"; */
> "WbT-7a-Hga.title" = "아래쪽";
146,147c146,147
< /* Class = "NSTextFieldCell"; title = "Fill:"; ObjectID = "XE9-XF-198"; */
< "XE9-XF-198.title" = "Fill:";
---
> /* Class = "NSTextFieldCell"; title = "칠:"; ObjectID = "XE9-XF-198"; */
> "XE9-XF-198.title" = "칠:";
149,150c149,150
< /* Class = "NSTextFieldCell"; title = "Right:"; ObjectID = "Xsx-tV-e8U"; */
< "Xsx-tV-e8U.title" = "Right:";
---
> /* Class = "NSTextFieldCell"; title = "오른쪽:"; ObjectID = "Xsx-tV-e8U"; */
> "Xsx-tV-e8U.title" = "오른쪽:";
164,165c164,165
< /* Class = "NSButtonCell"; title = "Button"; ObjectID = "bDO-My-MTI"; */
< "bDO-My-MTI.title" = "Button";
---
> /* Class = "NSButtonCell"; title = "버튼"; ObjectID = "bDO-My-MTI"; */
> "bDO-My-MTI.title" = "버튼";
182,183c182,183
< /* Class = "NSTextFieldCell"; title = "Style:"; ObjectID = "e7e-On-k88"; */
< "e7e-On-k88.title" = "Style:";
---
> /* Class = "NSTextFieldCell"; title = "스타일:"; ObjectID = "e7e-On-k88"; */
> "e7e-On-k88.title" = "스타일:";
191,192c191,192
< /* Class = "NSButtonCell"; title = "Button"; ObjectID = "fey-TL-xNK"; */
< "fey-TL-xNK.title" = "Button";
---
> /* Class = "NSButtonCell"; title = "버튼"; ObjectID = "fey-TL-xNK"; */
> "fey-TL-xNK.title" = "버튼";
203,204c203,204
< /* Class = "NSButtonCell"; title = "Cancel"; ObjectID = "hkM-iV-SNI"; */
< "hkM-iV-SNI.title" = "Cancel";
---
> /* Class = "NSButtonCell"; title = "취소"; ObjectID = "hkM-iV-SNI"; */
> "hkM-iV-SNI.title" = "취소";
206,207c206,207
< /* Class = "NSButton"; ibShadowedToolTip = "Inside"; ObjectID = "isS-aU-rOD"; */
< "isS-aU-rOD.ibShadowedToolTip" = "Inside";
---
> /* Class = "NSButton"; ibShadowedToolTip = "안으로"; ObjectID = "isS-aU-rOD"; */
> "isS-aU-rOD.ibShadowedToolTip" = "안으로";
227,228c227,228
< /* Class = "NSView"; ibShadowedToolTip = "Right Text Inset"; ObjectID = "nox-HI-7O9"; */
< "nox-HI-7O9.ibShadowedToolTip" = "Right Text Inset";
---
> /* Class = "NSView"; ibShadowedToolTip = "오른쪽 텍스트 들여쓰기"; ObjectID = "nox-HI-7O9"; */
> "nox-HI-7O9.ibShadowedToolTip" = "오른쪽 텍스트 들여쓰기";
230,231c230,231
< /* Class = "NSButton"; ibShadowedToolTip = "Bottom"; ObjectID = "q3i-Cy-2LO"; */
< "q3i-Cy-2LO.ibShadowedToolTip" = "Bottom";
---
> /* Class = "NSButton"; ibShadowedToolTip = "아래"; ObjectID = "q3i-Cy-2LO"; */
> "q3i-Cy-2LO.ibShadowedToolTip" = "아래";
233,234c233,234
< /* Class = "NSButton"; ibShadowedToolTip = "All"; ObjectID = "rnd-5N-McF"; */
< "rnd-5N-McF.ibShadowedToolTip" = "All";
---
> /* Class = "NSButton"; ibShadowedToolTip = "모두"; ObjectID = "rnd-5N-McF"; */
> "rnd-5N-McF.ibShadowedToolTip" = "모두";
236,237c236,237
< /* Class = "NSTextFieldCell"; title = "Top:"; ObjectID = "sVd-wP-bqO"; */
< "sVd-wP-bqO.title" = "Top:";
---
> /* Class = "NSTextFieldCell"; title = "위쪽:"; ObjectID = "sVd-wP-bqO"; */
> "sVd-wP-bqO.title" = "위쪽:";
