2,11c2,3
< 12c12
< 15c15
< 18c18
< 21c21
< 3c3
< 6c6
< 9c9
< < "1rD-uz-m9F.title" = "Save Formats as Default";
< < "62u-fY-gMF.title" = "Create New Format";
< < "MqV-ga-Q1j.title" = "Add Format from Selection";
---
> 11,12c11,12
> 17,18c17,18
13d4
< < "sCM-vu-e9E.title" = "Show Names";
15,22c6,11
< < "w0u-1q-oUb.title" = "Import Formats...";
< > "1rD-uz-m9F.title" = "フォーマットをデフォルトとして保存";
< > "62u-fY-gMF.title" = "新規フォーマットを作成";
< > "MqV-ga-Q1j.title" = "選択範囲からフォーマットを追加";
< > "N6l-mn-R8s.title" = "大";
< > "sCM-vu-e9E.title" = "名前を表示";
< > "ucQ-yA-Gtc.title" = "小";
< > "w0u-1q-oUb.title" = "フォーマットをインポート...";
---
> > "N6l-mn-R8s.title" = "크게";
> > "ucQ-yA-Gtc.title" = "작게";
