---
---
---
---
---
---
---
---
---
---
---
---
---
---
---
---
---
---
---
---
---
---
---
---
---
---
---
---
---
---
---
---
---
---
---
---
---
---
---
---
---
---
---
---
---
---
---
---
---
---
---
---
---
---
---
---
---
---
---
---
---
---
---
---
---
---
---
---
---
---
---
---
---
---
---
---
---
105c105
108c108
111c111
114c114
117c117
120c120
123c123
126c126
129c129
12c12
132c132
135c135
138c138
141c141
144c144
147c147
150c150
153c153
159c159
15c15
162c162
165c165
168c168
171c171
174c174
177c177
180c180
183c183
186c186
189c189
18c18
192c192
198c198
201c201
204c204
207c207
213c213
219c219
21c21
222c222
225c225
228c228
231c231
234c234
237c237
240c240
243c243
246c246
24c24
252c252
27c27
30c30
33c33
36c36
39c39
3c3
42c42
45c45
48c48
51c51
54c54
57c57
60c60
63c63
69c69
6c6
72c72
75c75
78c78
81c81
84c84
87c87
90c90
93c93
96c96
99c99
9c9
< "29X-Sz-EJt.ibShadowedToolTip" = "Link Insets";
< "2QU-dI-SLt.ibShadowedToolTip" = "Initial Advance";
< "2SV-gn-uIb.ibShadowedToolTip" = "All horizontal";
< "2m1-OT-Z7X.title" = "Bottom:";
< "3Mp-EC-Gl7.title" = "Alignment:";
< "3Vg-JO-aUt.title" = "Right:";
< "3mv-9i-D8m.ibExternalUserDefinedRuntimeAttributesLocalizableStrings[0]" = "Text";
< "671-46-EPQ.title" = "Stroke:";
< "7B4-ZU-2ub.ibShadowedToolTip" = "Frame Fill";
< "7dj-6X-xJP.ibShadowedToolTip" = "Add Column";
< "7sg-OP-09b.ibExternalUserDefinedRuntimeAttributesLocalizableStrings[0]" = "Name";
< "8HF-MS-XXZ.title" = "Insets";
< "8kv-Ee-pcN.ibShadowedToolTip" = "Outside";
< "8nh-Ze-faU.ibShadowedToolTip" = "Bottom Table Inset";
< "96F-LQ-s7p.title" = "Text Cell";
< "AZN-XM-ybX.ibShadowedToolTip" = "Top Text Inset";
< "B3O-3f-oU4.ibShadowedToolTip" = "Left";
< "BMI-tE-5wQ.ibExternalUserDefinedRuntimeAttributesLocalizableStrings[0]" = "Frame";
< "BbR-1L-0aF.ibShadowedToolTip" = "Frame Stroke Fill";
< "DTG-Xh-bGF.title" = "Table View Cell";
< "F0z-JX-Cv5.title" = "Edit Table Format";
< "Is9-CZ-zdy.ibShadowedToolTip" = "Left Table Inset";
< "Jjw-EY-Aif.ibShadowedToolTip" = "Delete Column";
< "K3z-ct-Lho.ibShadowedToolTip" = "All vertical";
< "Kv9-MT-JkL.ibShadowedToolTip" = "Outside horizontal";
< "LIv-Wf-QTI.ibShadowedToolTip" = "Frame Fill";
< "Lb9-uB-vxf.ibShadowedToolTip" = "Inside vertical";
< "Lqg-Ib-mnt.title" = "Button";
< "MMg-Tu-L2s.title" = "Left:";
< "MRi-0N-Ubz.ibShadowedToolTip" = "Right";
< "O2W-pb-vEl.ibShadowedToolTip" = "Top Table Inset";
< "Oh1-WE-iXO.ibExternalUserDefinedRuntimeAttributesLocalizableStrings[0]" = "Insets";
< "PMi-AD-X26.title" = "Item 3";
< "QLn-5f-q3a.ibShadowedToolTip" = "Top";
< "QbI-f0-qah.title" = "Top:";
< "R2y-Rq-F8j.title" = "Button";
< "RAb-rs-cyR.title" = "Left:";
< "RAu-5v-hw6.ibShadowedToolTip" = "Outside vertical";
< "ROn-eK-jqy.title" = "Minimum:";
< "RdZ-2Y-L06.title" = "Fill:";
< "SQf-yo-Znv.title" = "Reset";
< "SWr-bm-Jui.ibShadowedToolTip" = "Right Table Inset";
< "SgB-Ux-hyn.ibShadowedToolTip" = "Inside horizontal";
< "TYJ-ag-m8k.ibShadowedToolTip" = "Frame Stroke Fill";
< "WbT-7a-Hga.title" = "Bottom:";
< "X4v-d4-qfF.title" = "Initial advance:";
< "XE9-XF-198.title" = "Fill:";
< "Xsx-tV-e8U.title" = "Right:";
< "YSb-am-2z1.ibShadowedToolTip" = "Link Insets";
< "a20-HT-QN6.title" = "Cell Formats";
< "b8f-J8-T69.ibShadowedToolTip" = "Max Paragraph Space";
< "bDO-My-MTI.title" = "Button";
< "bbT-3n-Z0I.title" = "Name:";
< "bcz-75-wIW.ibShadowedToolTip" = "Link Insets";
< "bg8-EY-uM1.ibExternalUserDefinedRuntimeAttributesLocalizableStrings[0]" = "Vertical Position";
< "dHv-U5-VLJ.title" = "Item 1";
< "dYv-33-XXa.title" = "Border:";
< "e7e-On-k88.title" = "Style:";
< "eFM-dq-ibD.title" = "Name:";
< "fBt-sw-2Lz.title" = "Item 2";
< "fey-TL-xNK.title" = "Button";
< "gHg-uy-29T.ibShadowedToolTip" = "Bottom Text Inset";
< "hB0-0b-Ib3.ibShadowedToolTip" = "Frame Stroke";
< "hkM-iV-SNI.title" = "Cancel";
< "isS-aU-rOD.ibShadowedToolTip" = "Inside";
< "kKc-ei-tJK.ibShadowedToolTip" = "Frame Stroke";
< "lz6-uk-Jog.ibExternalUserDefinedRuntimeAttributesLocalizableStrings[0]" = "Stroke and Fill";
< "mJO-zx-58h.ibShadowedToolTip" = "Left Text Inset";
< "mYo-7O-ccb.ibShadowedToolTip" = "Add Row";
< "nox-HI-7O9.ibShadowedToolTip" = "Right Text Inset";
< "q3i-Cy-2LO.ibShadowedToolTip" = "Bottom";
< "rnd-5N-McF.ibShadowedToolTip" = "All";
< "sVd-wP-bqO.title" = "Top:";
< "se5-gp-TjO.ibExternalAccessibilityDescription" = "Edit Table Format";
< "tAG-ek-UjK.title" = "Apply style to selection";
< "tNM-Ye-ILx.ibShadowedToolTip" = "Delete Row";
< "y6z-a6-TFr.ibExternalUserDefinedRuntimeAttributesLocalizableStrings[0]" = "Structure";
> "29X-Sz-EJt.ibShadowedToolTip" = "余白をリンク";
> "2QU-dI-SLt.ibShadowedToolTip" = "最大段落間隔";
> "2SV-gn-uIb.ibShadowedToolTip" = "すべて水平方向";
> "2m1-OT-Z7X.title" = "下:";
> "3Mp-EC-Gl7.title" = "行揃え:";
> "3Vg-JO-aUt.title" = "右:";
> "3mv-9i-D8m.ibExternalUserDefinedRuntimeAttributesLocalizableStrings[0]" = "テキスト";
> "671-46-EPQ.title" = "境界線:";
> "7B4-ZU-2ub.ibShadowedToolTip" = "フレームの塗りつぶし";
> "7dj-6X-xJP.ibShadowedToolTip" = "列を追加";
> "7sg-OP-09b.ibExternalUserDefinedRuntimeAttributesLocalizableStrings[0]" = "名前";
> "8HF-MS-XXZ.title" = "余白";
> "8kv-Ee-pcN.ibShadowedToolTip" = "外側";
> "8nh-Ze-faU.ibShadowedToolTip" = "表下の余白";
> "96F-LQ-s7p.title" = "テキストセル";
> "AZN-XM-ybX.ibShadowedToolTip" = "テキスト上の余白";
> "B3O-3f-oU4.ibShadowedToolTip" = "左";
> "BMI-tE-5wQ.ibExternalUserDefinedRuntimeAttributesLocalizableStrings[0]" = "外枠";
> "BbR-1L-0aF.ibShadowedToolTip" = "フレーム境界線塗りつぶし";
> "DTG-Xh-bGF.title" = "表ビューセル";
> "F0z-JX-Cv5.title" = "表フォーマットの編集";
> "Is9-CZ-zdy.ibShadowedToolTip" = "表左の余白";
> "Jjw-EY-Aif.ibShadowedToolTip" = "列を削除";
> "K3z-ct-Lho.ibShadowedToolTip" = "すべて垂直方向";
> "Kv9-MT-JkL.ibShadowedToolTip" = "外側水平方向";
> "LIv-Wf-QTI.ibShadowedToolTip" = "フレームの塗りつぶし";
> "Lb9-uB-vxf.ibShadowedToolTip" = "内側垂直方向";
> "Lqg-Ib-mnt.title" = "ボタン";
> "MMg-Tu-L2s.title" = "左:";
> "MRi-0N-Ubz.ibShadowedToolTip" = "右";
> "O2W-pb-vEl.ibShadowedToolTip" = "表上の余白";
> "Oh1-WE-iXO.ibExternalUserDefinedRuntimeAttributesLocalizableStrings[0]" = "余白";
> "PMi-AD-X26.title" = "アイテム3";
> "QLn-5f-q3a.ibShadowedToolTip" = "上";
> "QbI-f0-qah.title" = "上:";
> "R2y-Rq-F8j.title" = "ボタン";
> "RAb-rs-cyR.title" = "左:";
> "RAu-5v-hw6.ibShadowedToolTip" = "外側垂直方向";
> "ROn-eK-jqy.title" = "最小:";
> "RdZ-2Y-L06.title" = "塗りつぶし:";
> "SQf-yo-Znv.title" = "リセット";
> "SWr-bm-Jui.ibShadowedToolTip" = "表右の余白";
> "SgB-Ux-hyn.ibShadowedToolTip" = "内側水平方向";
> "TYJ-ag-m8k.ibShadowedToolTip" = "フレーム境界線塗りつぶし";
> "WbT-7a-Hga.title" = "下:";
> "X4v-d4-qfF.title" = "最大段落間隔:";
> "XE9-XF-198.title" = "塗りつぶし:";
> "Xsx-tV-e8U.title" = "右:";
> "YSb-am-2z1.ibShadowedToolTip" = "余白をリンク";
> "a20-HT-QN6.title" = "セルフォーマット";
> "b8f-J8-T69.ibShadowedToolTip" = "最大段落間隔";
> "bDO-My-MTI.title" = "ボタン";
> "bbT-3n-Z0I.title" = "名前:";
> "bcz-75-wIW.ibShadowedToolTip" = "余白をリンク";
> "bg8-EY-uM1.ibExternalUserDefinedRuntimeAttributesLocalizableStrings[0]" = "垂直位置";
> "dHv-U5-VLJ.title" = "アイテム1";
> "dYv-33-XXa.title" = "枠線:";
> "e7e-On-k88.title" = "スタイル:";
> "eFM-dq-ibD.title" = "名前:";
> "fBt-sw-2Lz.title" = "アイテム2";
> "fey-TL-xNK.title" = "ボタン";
> "gHg-uy-29T.ibShadowedToolTip" = "テキスト下の余白";
> "hB0-0b-Ib3.ibShadowedToolTip" = "フレーム境界線";
> "hkM-iV-SNI.title" = "キャンセル";
> "isS-aU-rOD.ibShadowedToolTip" = "内側";
> "kKc-ei-tJK.ibShadowedToolTip" = "フレーム境界線";
> "lz6-uk-Jog.ibExternalUserDefinedRuntimeAttributesLocalizableStrings[0]" = "境界線と塗りつぶし";
> "mJO-zx-58h.ibShadowedToolTip" = "テキスト左の余白";
> "mYo-7O-ccb.ibShadowedToolTip" = "行を追加";
> "nox-HI-7O9.ibShadowedToolTip" = "テキスト右の余白";
> "q3i-Cy-2LO.ibShadowedToolTip" = "下";
> "rnd-5N-McF.ibShadowedToolTip" = "すべて";
> "sVd-wP-bqO.title" = "上:";
> "se5-gp-TjO.ibExternalAccessibilityDescription" = "表フォーマットの編集";
> "tAG-ek-UjK.title" = "スタイルを選択範囲に適用";
> "tNM-Ye-ILx.ibShadowedToolTip" = "行を削除";
> "y6z-a6-TFr.ibExternalUserDefinedRuntimeAttributesLocalizableStrings[0]" = "構造";
