3c3
< "0V3-2d-uea.ibShadowedToolTip" = "Initial Advance";
---
> "0V3-2d-uea.ibShadowedToolTip" = "最大段落間隔";
6c6
< "0YT-wk-1dA.title" = "Top Margin";
---
> "0YT-wk-1dA.title" = "上マージン";
9c9
< "1PJ-fA-Wdm.ibShadowedToolTip" = "Bottom Text Inset";
---
> "1PJ-fA-Wdm.ibShadowedToolTip" = "テキスト下の余白";
12c12
< "1yk-SU-9hZ.ibShadowedToolTip" = "Right";
---
> "1yk-SU-9hZ.ibShadowedToolTip" = "右";
15c15
< "3EF-IA-OGt.ibShadowedToolTip" = "Outside Vertical";
---
> "3EF-IA-OGt.ibShadowedToolTip" = "外側垂直方向";
18c18
< "42g-pt-pNO.title" = "Alignment:";
---
> "42g-pt-pNO.title" = "行揃え:";
21c21
< "44a-WI-KV7.title" = "Bottom:";
---
> "44a-WI-KV7.title" = "下:";
24c24
< "4MV-Lj-sZp.title" = "Button";
---
> "4MV-Lj-sZp.title" = "ボタン";
27c27
< "5M8-ck-oTY.title" = "Button";
---
> "5M8-ck-oTY.title" = "ボタン";
30c30
< "63d-cf-2Z6.title" = "Insets";
---
> "63d-cf-2Z6.title" = "余白";
33c33
< "6Sz-eL-DYI.ibShadowedToolTip" = "Relative To";
---
> "6Sz-eL-DYI.ibShadowedToolTip" = "基準";
36c36
< "8XG-Eg-Mh6.title" = "Right:";
---
> "8XG-Eg-Mh6.title" = "右:";
39c39
< "9U2-Ae-tAp.ibShadowedToolTip" = "Left";
---
> "9U2-Ae-tAp.ibShadowedToolTip" = "左";
42c42
< "9mG-IE-gFL.ibShadowedToolTip" = "All";
---
> "9mG-IE-gFL.ibShadowedToolTip" = "すべて";
45c45
< "AHV-2M-4CZ.title" = "Start Position:";
---
> "AHV-2M-4CZ.title" = "開始位置:";
48c48
< "AM5-1S-d5T.ibShadowedToolTip" = "All Vertical";
---
> "AM5-1S-d5T.ibShadowedToolTip" = "すべて垂直方向";
51c51
< "Bbs-QJ-X4C.ibExternalUserDefinedRuntimeAttributesLocalizableStrings[0]" = "Rotation";
---
> "Bbs-QJ-X4C.ibExternalUserDefinedRuntimeAttributesLocalizableStrings[0]" = "回転";
54c54
< "BeX-HR-OJC.ibExternalUserDefinedRuntimeAttributesLocalizableStrings[0]" = "Vertical Position";
---
> "BeX-HR-OJC.ibExternalUserDefinedRuntimeAttributesLocalizableStrings[0]" = "垂直位置";
57c57
< "C44-Rg-k84.title" = "Bottom:";
---
> "C44-Rg-k84.title" = "下:";
60c60
< "DQC-bs-O6p.ibShadowedToolTip" = "Start Position";
---
> "DQC-bs-O6p.ibShadowedToolTip" = "開始位置";
63c63
< "DUG-CX-G3b.title" = "Top:";
---
> "DUG-CX-G3b.title" = "上:";
66c66
< "Ebd-If-ep5.title" = "Stroke:";
---
> "Ebd-If-ep5.title" = "境界線:";
69c69
< "FTD-ZA-aP6.ibShadowedToolTip" = "Cell Stroke Fill";
---
> "FTD-ZA-aP6.ibShadowedToolTip" = "セル境界線塗りつぶし";
72c72
< "G4m-Jm-1mL.title" = "Left:";
---
> "G4m-Jm-1mL.title" = "左:";
75c75
< "Gig-QT-fLe.ibShadowedToolTip" = "Top Text Inset";
---
> "Gig-QT-fLe.ibShadowedToolTip" = "テキスト上の余白";
78c78
< "H4r-Q5-CB8.ibShadowedToolTip" = "Grid Color";
---
> "H4r-Q5-CB8.ibShadowedToolTip" = "メイングリッドラインのカラーを設定";
81c81
< "JPa-Ij-2oE.ibShadowedToolTip" = "Cell Fill";
---
> "JPa-Ij-2oE.ibShadowedToolTip" = "セルの塗りつぶし";
84c84
< "JzW-tm-3nQ.ibShadowedToolTip" = "Top";
---
> "JzW-tm-3nQ.ibShadowedToolTip" = "上";
87c87
< "K6x-77-fRx.ibShadowedToolTip" = "Frame Fill";
---
> "K6x-77-fRx.ibShadowedToolTip" = "フレームの塗りつぶし";
90c90
< "KU7-MJ-Cq0.ibShadowedToolTip" = "Cell Stroke";
---
> "KU7-MJ-Cq0.ibShadowedToolTip" = "セル境界線";
93c93
< "Kcc-BF-ZVw.ibShadowedToolTip" = "Outside Horizontal";
---
> "Kcc-BF-ZVw.ibShadowedToolTip" = "外側水平方向";
96c96
< "KnI-CX-xIb.ibShadowedToolTip" = "Bottom Text Inset";
---
> "KnI-CX-xIb.ibShadowedToolTip" = "テキスト下の余白";
99c99
< "LBl-7p-a78.ibShadowedToolTip" = "Inside";
---
> "LBl-7p-a78.ibShadowedToolTip" = "内側";
102c102
< "MOH-aq-Gcg.title" = "Fill:";
---
> "MOH-aq-Gcg.title" = "塗りつぶし:";
105c105
< "OG7-5u-NMk.ibShadowedToolTip" = "Row Height";
---
> "OG7-5u-NMk.ibShadowedToolTip" = "行の高さ";
108c108
< "Oto-nh-74G.title" = "Minimum:";
---
> "Oto-nh-74G.title" = "最小:";
111c111
< "RB3-fe-2ru.ibShadowedToolTip" = "Bottom";
---
> "RB3-fe-2ru.ibShadowedToolTip" = "下";
114c114
< "T1B-Ph-HQP.ibShadowedToolTip" = "Link Insets";
---
> "T1B-Ph-HQP.ibShadowedToolTip" = "余白をリンク";
117c117
< "T7x-Yj-Ndh.ibExternalUserDefinedRuntimeAttributesLocalizableStrings[0]" = "Cell";
---
> "T7x-Yj-Ndh.ibExternalUserDefinedRuntimeAttributesLocalizableStrings[0]" = "セル";
120c120
< "Tuu-Yn-EqC.title" = "Button";
---
> "Tuu-Yn-EqC.title" = "ボタン";
123c123
< "WCM-1s-dDW.title" = "Use Baseline Grid";
---
> "WCM-1s-dDW.title" = "ベースライングリッドを使用";
126c126
< "Wg1-gQ-fDs.ibExternalUserDefinedRuntimeAttributesLocalizableStrings[0]" = "Frame";
---
> "Wg1-gQ-fDs.ibExternalUserDefinedRuntimeAttributesLocalizableStrings[0]" = "外枠";
129c129
< "XMn-gd-J7k.title" = "Button";
---
> "XMn-gd-J7k.title" = "ボタン";
132c132
< "XdE-MN-gdb.title" = "Left:";
---
> "XdE-MN-gdb.title" = "左:";
135c135
< "Y9u-dk-HiK.title" = "Color:";
---
> "Y9u-dk-HiK.title" = "カラー:";
138c138
< "ZAY-Ll-Und.title" = "Height:";
---
> "ZAY-Ll-Und.title" = "高さ:";
141c141
< "ZLd-df-p3e.ibShadowedToolTip" = "Left Text Inset";
---
> "ZLd-df-p3e.ibShadowedToolTip" = "テキスト左の余白";
144c144
< "aPI-8M-wlg.ibShadowedToolTip" = "Right Text Inset";
---
> "aPI-8M-wlg.ibShadowedToolTip" = "テキスト右の余白";
147c147
< "b8T-Zh-OUZ.title" = "Top of Page";
---
> "b8T-Zh-OUZ.title" = "ページの上";
150c150
< "bch-Ke-MYn.ibShadowedToolTip" = "Outside";
---
> "bch-Ke-MYn.ibShadowedToolTip" = "外側";
153c153
< "d49-5l-L5l.ibShadowedToolTip" = "Inside Horizontal";
---
> "d49-5l-L5l.ibShadowedToolTip" = "内側水平方向";
156c156
< "dtV-cj-mQ8.title" = "Top:";
---
> "dtV-cj-mQ8.title" = "上:";
159c159
< "g37-Vc-qoi.ibExternalUserDefinedRuntimeAttributesLocalizableStrings[0]" = "Stroke and Fill";
---
> "g37-Vc-qoi.ibExternalUserDefinedRuntimeAttributesLocalizableStrings[0]" = "境界線と塗りつぶし";
162c162
< "g8e-G3-D3U.ibShadowedToolTip" = "Inside Vertical";
---
> "g8e-G3-D3U.ibShadowedToolTip" = "内側垂直方向";
165c165
< "ihl-jP-T67.title" = "Button";
---
> "ihl-jP-T67.title" = "ボタン";
168c168
< "ilp-UE-OT1.title" = "Initial advance:";
---
> "ilp-UE-OT1.title" = "最大段落間隔:";
171c171
< "jcp-0K-WKb.ibShadowedToolTip" = "Left Text Inset";
---
> "jcp-0K-WKb.ibShadowedToolTip" = "テキスト左の余白";
174c174
< "lo8-u4-Jed.ibShadowedToolTip" = "All Horizontal";
---
> "lo8-u4-Jed.ibShadowedToolTip" = "すべて水平方向";
177c177
< "nBg-Am-y72.ibShadowedToolTip" = "Frame Stroke";
---
> "nBg-Am-y72.ibShadowedToolTip" = "フレーム境界線";
180c180
< "ofP-PD-KzW.ibShadowedToolTip" = "Column Width";
---
> "ofP-PD-KzW.ibShadowedToolTip" = "列幅";
183c183
< "ohN-ao-dV7.ibShadowedToolTip" = "Frame Stroke Fill";
---
> "ohN-ao-dV7.ibShadowedToolTip" = "フレーム境界線塗りつぶし";
186c186
< "qHc-5A-AKJ.ibShadowedToolTip" = "Right Text Inset";
---
> "qHc-5A-AKJ.ibShadowedToolTip" = "テキスト右の余白";
189c189
< "reU-fe-YBn.title" = "Border:";
---
> "reU-fe-YBn.title" = "枠線:";
192c192
< "rwj-pg-xbo.ibShadowedToolTip" = "Grid Spacing";
---
> "rwj-pg-xbo.ibShadowedToolTip" = "グリッド間隔";
195c195
< "t3E-2K-lMG.title" = "Insets";
---
> "t3E-2K-lMG.title" = "余白";
198c198
< "tNg-0b-Kv6.title" = "Fill:";
---
> "tNg-0b-Kv6.title" = "塗りつぶし:";
201c201
< "uyH-Ao-6Yv.title" = "Right:";
---
> "uyH-Ao-6Yv.title" = "右:";
204c204
< "vI4-dQ-EMw.title" = "Width:";
---
> "vI4-dQ-EMw.title" = "幅:";
207c207
< "vc9-8c-rPy.ibShadowedToolTip" = "Grid Opacity";
---
> "vc9-8c-rPy.ibShadowedToolTip" = "メイングリッドラインを不透明に設定";
210c210
< "wLQ-k0-ClN.ibShadowedToolTip" = "Link Insets";
---
> "wLQ-k0-ClN.ibShadowedToolTip" = "余白をリンク";
213c213
< "wsf-7v-Gme.ibShadowedToolTip" = "Top Text Inset";
---
> "wsf-7v-Gme.ibShadowedToolTip" = "テキスト上の余白";
216c216
< "xP4-Iw-dIm.title" = "Relative to:";
---
> "xP4-Iw-dIm.title" = "基準:";
219c219
< "xWu-Qi-OxG.title" = "Ignore Baseline Grid";
---
> "xWu-Qi-OxG.title" = "ベースライングリッドを無視";
222c222
< "zcf-mo-NhN.ibShadowedToolTip" = "Minimum Initial Advance";
---
> "zcf-mo-NhN.ibShadowedToolTip" = "最大段落間隔";
225c225
< "zhx-o9-riD.ibExternalUserDefinedRuntimeAttributesLocalizableStrings[0]" = "Baseline Grid";
---
> "zhx-o9-riD.ibExternalUserDefinedRuntimeAttributesLocalizableStrings[0]" = "ベースライングリッド";
228c228
< "zqm-WC-LAf.title" = "Grid Spacing:";
---
> "zqm-WC-LAf.title" = "グリッド間隔:";
