1,17c1,2
< 3c3
< < "F0z-JX-Cv5.title" = "Table Sort Options";
< ---
< > "F0z-JX-Cv5.title" = "表の並べ替えオプション";
< 6c6
< < "Hti-7C-kUG.title" = "Include headers";
< ---
< > "Hti-7C-kUG.title" = "ヘッダーを含める";
< 9c9
< < "NMN-aH-xyt.title" = "Case sensitive";
< ---
< > "NMN-aH-xyt.title" = "大文字と小文字を区別";
< 12c12
< < "Z2I-Yu-qxv.title" = "Treat numbers as text";
< ---
< > "Z2I-Yu-qxv.title" = "数値をテキストとして処理";
< 15c15
---
> 14,15c14,15
> < /* Class = "NSButtonCell"; title = "Close"; ObjectID = "m3F-Ly-H5U"; */
20c5,6
< > "m3F-Ly-H5U.title" = "閉じる";
---
> > /* Class = "NSButtonCell"; title = "닫기"; ObjectID = "m3F-Ly-H5U"; */
> > "m3F-Ly-H5U.title" = "닫기";
