2,81c2,37
< 105c105
< 108c108
< 111c111
< 114c114
< 117c117
< 120c120
< 123c123
< 126c126
< 129c129
< 12c12
< 132c132
< 135c135
< 138c138
< 141c141
< 144c144
< 147c147
< 150c150
< 153c153
< 159c159
< 15c15
< 162c162
< 165c165
< 168c168
< 171c171
< 174c174
< 177c177
< 180c180
< 183c183
< 186c186
< 189c189
< 18c18
< 192c192
< 198c198
< 201c201
< 204c204
< 207c207
< 213c213
< 219c219
< 21c21
< 222c222
< 225c225
< 228c228
< 231c231
< 234c234
< 237c237
< 240c240
< 243c243
< 246c246
< 24c24
< 252c252
< 27c27
< 30c30
< 33c33
< 36c36
< 39c39
< 3c3
< 42c42
< 45c45
< 48c48
< 51c51
< 54c54
< 57c57
< 60c60
< 63c63
< 69c69
< 6c6
< 72c72
< 75c75
< 78c78
< 81c81
< 84c84
< 87c87
< 90c90
< 93c93
< 96c96
< 99c99
< 9c9
< < "29X-Sz-EJt.ibShadowedToolTip" = "Link Insets";
< < "2QU-dI-SLt.ibShadowedToolTip" = "Initial Advance";
< < "2SV-gn-uIb.ibShadowedToolTip" = "All horizontal";
---
> 107,108c107,108
> 11,12c11,12
> 110,111c110,111
> 113,114c113,114
> 116,117c116,117
> 119,120c119,120
> 125,126c125,126
> 128,129c128,129
> 134,135c134,135
> 14,15c14,15
> 140,141c140,141
> 146,147c146,147
> 149,150c149,150
> 164,165c164,165
> 17,18c17,18
> 182,183c182,183
> 191,192c191,192
> 20,21c20,21
> 203,204c203,204
> 206,207c206,207
> 227,228c227,228
> 23,24c23,24
> 230,231c230,231
> 233,234c233,234
> 236,237c236,237
> 32,33c32,33
> 38,39c38,39
> 44,45c44,45
> 47,48c47,48
> 50,51c50,51
> 53,54c53,54
> 77,78c77,78
> 83,84c83,84
> 86,87c86,87
> 89,90c89,90
> 92,93c92,93
87,88d42
< < "7B4-ZU-2ub.ibShadowedToolTip" = "Frame Fill";
< < "7dj-6X-xJP.ibShadowedToolTip" = "Add Column";
90d43
< < "8HF-MS-XXZ.title" = "Insets";
92d44
< < "8nh-Ze-faU.ibShadowedToolTip" = "Bottom Table Inset";
97,102d48
< < "BbR-1L-0aF.ibShadowedToolTip" = "Frame Stroke Fill";
< < "DTG-Xh-bGF.title" = "Table View Cell";
< < "F0z-JX-Cv5.title" = "Edit Table Format";
< < "Is9-CZ-zdy.ibShadowedToolTip" = "Left Table Inset";
< < "Jjw-EY-Aif.ibShadowedToolTip" = "Delete Column";
< < "K3z-ct-Lho.ibShadowedToolTip" = "All vertical";
104d49
< < "LIv-Wf-QTI.ibShadowedToolTip" = "Frame Fill";
109,111d53
< < "O2W-pb-vEl.ibShadowedToolTip" = "Top Table Inset";
< < "Oh1-WE-iXO.ibExternalUserDefinedRuntimeAttributesLocalizableStrings[0]" = "Insets";
< < "PMi-AD-X26.title" = "Item 3";
117d58
< < "ROn-eK-jqy.title" = "Minimum:";
120d60
< < "SWr-bm-Jui.ibShadowedToolTip" = "Right Table Inset";
122d61
< < "TYJ-ag-m8k.ibShadowedToolTip" = "Frame Stroke Fill";
124d62
< < "X4v-d4-qfF.title" = "Initial advance:";
127,129d64
< < "YSb-am-2z1.ibShadowedToolTip" = "Link Insets";
< < "a20-HT-QN6.title" = "Cell Formats";
< < "b8f-J8-T69.ibShadowedToolTip" = "Max Paragraph Space";
131,135d65
< < "bbT-3n-Z0I.title" = "Name:";
< < "bcz-75-wIW.ibShadowedToolTip" = "Link Insets";
< < "bg8-EY-uM1.ibExternalUserDefinedRuntimeAttributesLocalizableStrings[0]" = "Vertical Position";
< < "dHv-U5-VLJ.title" = "Item 1";
< < "dYv-33-XXa.title" = "Border:";
137,138d66
< < "eFM-dq-ibD.title" = "Name:";
< < "fBt-sw-2Lz.title" = "Item 2";
140,141d67
< < "gHg-uy-29T.ibShadowedToolTip" = "Bottom Text Inset";
< < "hB0-0b-Ib3.ibShadowedToolTip" = "Frame Stroke";
144,147d69
< < "kKc-ei-tJK.ibShadowedToolTip" = "Frame Stroke";
< < "lz6-uk-Jog.ibExternalUserDefinedRuntimeAttributesLocalizableStrings[0]" = "Stroke and Fill";
< < "mJO-zx-58h.ibShadowedToolTip" = "Left Text Inset";
< < "mYo-7O-ccb.ibShadowedToolTip" = "Add Row";
152,232c74,181
< < "se5-gp-TjO.ibExternalAccessibilityDescription" = "Edit Table Format";
< < "tAG-ek-UjK.title" = "Apply style to selection";
< < "tNM-Ye-ILx.ibShadowedToolTip" = "Delete Row";
< < "y6z-a6-TFr.ibExternalUserDefinedRuntimeAttributesLocalizableStrings[0]" = "Structure";
< > "29X-Sz-EJt.ibShadowedToolTip" = "余白をリンク";
< > "2QU-dI-SLt.ibShadowedToolTip" = "最大段落間隔";
< > "2SV-gn-uIb.ibShadowedToolTip" = "すべて水平方向";
< > "2m1-OT-Z7X.title" = "下:";
< > "3Mp-EC-Gl7.title" = "行揃え:";
< > "3Vg-JO-aUt.title" = "右:";
< > "3mv-9i-D8m.ibExternalUserDefinedRuntimeAttributesLocalizableStrings[0]" = "テキスト";
< > "671-46-EPQ.title" = "境界線:";
< > "7B4-ZU-2ub.ibShadowedToolTip" = "フレームの塗りつぶし";
< > "7dj-6X-xJP.ibShadowedToolTip" = "列を追加";
< > "7sg-OP-09b.ibExternalUserDefinedRuntimeAttributesLocalizableStrings[0]" = "名前";
< > "8HF-MS-XXZ.title" = "余白";
< > "8kv-Ee-pcN.ibShadowedToolTip" = "外側";
< > "8nh-Ze-faU.ibShadowedToolTip" = "表下の余白";
< > "96F-LQ-s7p.title" = "テキストセル";
< > "AZN-XM-ybX.ibShadowedToolTip" = "テキスト上の余白";
< > "B3O-3f-oU4.ibShadowedToolTip" = "左";
< > "BMI-tE-5wQ.ibExternalUserDefinedRuntimeAttributesLocalizableStrings[0]" = "外枠";
< > "BbR-1L-0aF.ibShadowedToolTip" = "フレーム境界線塗りつぶし";
< > "DTG-Xh-bGF.title" = "表ビューセル";
< > "F0z-JX-Cv5.title" = "表フォーマットの編集";
< > "Is9-CZ-zdy.ibShadowedToolTip" = "表左の余白";
< > "Jjw-EY-Aif.ibShadowedToolTip" = "列を削除";
< > "K3z-ct-Lho.ibShadowedToolTip" = "すべて垂直方向";
< > "Kv9-MT-JkL.ibShadowedToolTip" = "外側水平方向";
< > "LIv-Wf-QTI.ibShadowedToolTip" = "フレームの塗りつぶし";
< > "Lb9-uB-vxf.ibShadowedToolTip" = "内側垂直方向";
< > "Lqg-Ib-mnt.title" = "ボタン";
< > "MMg-Tu-L2s.title" = "左:";
< > "MRi-0N-Ubz.ibShadowedToolTip" = "右";
< > "O2W-pb-vEl.ibShadowedToolTip" = "表上の余白";
< > "Oh1-WE-iXO.ibExternalUserDefinedRuntimeAttributesLocalizableStrings[0]" = "余白";
< > "PMi-AD-X26.title" = "アイテム3";
< > "QLn-5f-q3a.ibShadowedToolTip" = "上";
< > "QbI-f0-qah.title" = "上:";
< > "R2y-Rq-F8j.title" = "ボタン";
< > "RAb-rs-cyR.title" = "左:";
< > "RAu-5v-hw6.ibShadowedToolTip" = "外側垂直方向";
< > "ROn-eK-jqy.title" = "最小:";
< > "RdZ-2Y-L06.title" = "塗りつぶし:";
< > "SQf-yo-Znv.title" = "リセット";
< > "SWr-bm-Jui.ibShadowedToolTip" = "表右の余白";
< > "SgB-Ux-hyn.ibShadowedToolTip" = "内側水平方向";
< > "TYJ-ag-m8k.ibShadowedToolTip" = "フレーム境界線塗りつぶし";
< > "WbT-7a-Hga.title" = "下:";
< > "X4v-d4-qfF.title" = "最大段落間隔:";
< > "XE9-XF-198.title" = "塗りつぶし:";
< > "Xsx-tV-e8U.title" = "右:";
< > "YSb-am-2z1.ibShadowedToolTip" = "余白をリンク";
< > "a20-HT-QN6.title" = "セルフォーマット";
< > "b8f-J8-T69.ibShadowedToolTip" = "最大段落間隔";
< > "bDO-My-MTI.title" = "ボタン";
< > "bbT-3n-Z0I.title" = "名前:";
< > "bcz-75-wIW.ibShadowedToolTip" = "余白をリンク";
< > "bg8-EY-uM1.ibExternalUserDefinedRuntimeAttributesLocalizableStrings[0]" = "垂直位置";
< > "dHv-U5-VLJ.title" = "アイテム1";
< > "dYv-33-XXa.title" = "枠線:";
< > "e7e-On-k88.title" = "スタイル:";
< > "eFM-dq-ibD.title" = "名前:";
< > "fBt-sw-2Lz.title" = "アイテム2";
< > "fey-TL-xNK.title" = "ボタン";
< > "gHg-uy-29T.ibShadowedToolTip" = "テキスト下の余白";
< > "hB0-0b-Ib3.ibShadowedToolTip" = "フレーム境界線";
< > "hkM-iV-SNI.title" = "キャンセル";
< > "isS-aU-rOD.ibShadowedToolTip" = "内側";
< > "kKc-ei-tJK.ibShadowedToolTip" = "フレーム境界線";
< > "lz6-uk-Jog.ibExternalUserDefinedRuntimeAttributesLocalizableStrings[0]" = "境界線と塗りつぶし";
< > "mJO-zx-58h.ibShadowedToolTip" = "テキスト左の余白";
< > "mYo-7O-ccb.ibShadowedToolTip" = "行を追加";
< > "nox-HI-7O9.ibShadowedToolTip" = "テキスト右の余白";
< > "q3i-Cy-2LO.ibShadowedToolTip" = "下";
< > "rnd-5N-McF.ibShadowedToolTip" = "すべて";
< > "sVd-wP-bqO.title" = "上:";
< > "se5-gp-TjO.ibExternalAccessibilityDescription" = "表フォーマットの編集";
< > "tAG-ek-UjK.title" = "スタイルを選択範囲に適用";
< > "tNM-Ye-ILx.ibShadowedToolTip" = "行を削除";
< > "y6z-a6-TFr.ibExternalUserDefinedRuntimeAttributesLocalizableStrings[0]" = "構造";
---
> < /* Class = "NSButton"; ibShadowedToolTip = "All"; ObjectID = "rnd-5N-McF"; */
> < /* Class = "NSButton"; ibShadowedToolTip = "Bottom"; ObjectID = "q3i-Cy-2LO"; */
> < /* Class = "NSButton"; ibShadowedToolTip = "Inside horizontal"; ObjectID = "SgB-Ux-hyn"; */
> < /* Class = "NSButton"; ibShadowedToolTip = "Inside vertical"; ObjectID = "Lb9-uB-vxf"; */
> < /* Class = "NSButton"; ibShadowedToolTip = "Inside"; ObjectID = "isS-aU-rOD"; */
> < /* Class = "NSButton"; ibShadowedToolTip = "Left"; ObjectID = "B3O-3f-oU4"; */
> < /* Class = "NSButton"; ibShadowedToolTip = "Outside horizontal"; ObjectID = "Kv9-MT-JkL"; */
> < /* Class = "NSButton"; ibShadowedToolTip = "Outside vertical"; ObjectID = "RAu-5v-hw6"; */
> < /* Class = "NSButton"; ibShadowedToolTip = "Outside"; ObjectID = "8kv-Ee-pcN"; */
> < /* Class = "NSButton"; ibShadowedToolTip = "Right"; ObjectID = "MRi-0N-Ubz"; */
> < /* Class = "NSButton"; ibShadowedToolTip = "Top"; ObjectID = "QLn-5f-q3a"; */
> < /* Class = "NSButtonCell"; title = "Button"; ObjectID = "Lqg-Ib-mnt"; */
> < /* Class = "NSButtonCell"; title = "Button"; ObjectID = "R2y-Rq-F8j"; */
> < /* Class = "NSButtonCell"; title = "Button"; ObjectID = "bDO-My-MTI"; */
> < /* Class = "NSButtonCell"; title = "Button"; ObjectID = "fey-TL-xNK"; */
> < /* Class = "NSButtonCell"; title = "Cancel"; ObjectID = "hkM-iV-SNI"; */
> < /* Class = "NSButtonCell"; title = "Reset"; ObjectID = "SQf-yo-Znv"; */
> < /* Class = "NSTextFieldCell"; title = "Alignment:"; ObjectID = "3Mp-EC-Gl7"; */
> < /* Class = "NSTextFieldCell"; title = "Bottom:"; ObjectID = "2m1-OT-Z7X"; */
> < /* Class = "NSTextFieldCell"; title = "Bottom:"; ObjectID = "WbT-7a-Hga"; */
> < /* Class = "NSTextFieldCell"; title = "Fill:"; ObjectID = "RdZ-2Y-L06"; */
> < /* Class = "NSTextFieldCell"; title = "Fill:"; ObjectID = "XE9-XF-198"; */
> < /* Class = "NSTextFieldCell"; title = "Left:"; ObjectID = "MMg-Tu-L2s"; */
> < /* Class = "NSTextFieldCell"; title = "Left:"; ObjectID = "RAb-rs-cyR"; */
> < /* Class = "NSTextFieldCell"; title = "Right:"; ObjectID = "3Vg-JO-aUt"; */
> < /* Class = "NSTextFieldCell"; title = "Right:"; ObjectID = "Xsx-tV-e8U"; */
> < /* Class = "NSTextFieldCell"; title = "Stroke:"; ObjectID = "671-46-EPQ"; */
> < /* Class = "NSTextFieldCell"; title = "Style:"; ObjectID = "e7e-On-k88"; */
> < /* Class = "NSTextFieldCell"; title = "Text Cell"; ObjectID = "96F-LQ-s7p"; */
> < /* Class = "NSTextFieldCell"; title = "Top:"; ObjectID = "QbI-f0-qah"; */
> < /* Class = "NSTextFieldCell"; title = "Top:"; ObjectID = "sVd-wP-bqO"; */
> < /* Class = "NSView"; 3mv-9i-D8m.ibExternalUserDefinedRuntimeAttributesLocalizableStrings[0] = "Text"; ObjectID = "3mv-9i-D8m"; */
> < /* Class = "NSView"; 7sg-OP-09b.ibExternalUserDefinedRuntimeAttributesLocalizableStrings[0] = "Name"; ObjectID = "7sg-OP-09b"; */
> < /* Class = "NSView"; BMI-tE-5wQ.ibExternalUserDefinedRuntimeAttributesLocalizableStrings[0] = "Frame"; ObjectID = "BMI-tE-5wQ"; */
> < /* Class = "NSView"; ibShadowedToolTip = "Right Text Inset"; ObjectID = "nox-HI-7O9"; */
> < /* Class = "NSView"; ibShadowedToolTip = "Top Text Inset"; ObjectID = "AZN-XM-ybX"; */
> > "2m1-OT-Z7X.title" = "아래쪽";
> > "3Mp-EC-Gl7.title" = "정렬:";
> > "3Vg-JO-aUt.title" = "오른쪽:";
> > "3mv-9i-D8m.ibExternalUserDefinedRuntimeAttributesLocalizableStrings[0]" = "텍스트";
> > "671-46-EPQ.title" = "선:";
> > "7sg-OP-09b.ibExternalUserDefinedRuntimeAttributesLocalizableStrings[0]" = "이름";
> > "8kv-Ee-pcN.ibShadowedToolTip" = "바깥";
> > "96F-LQ-s7p.title" = "텍스트 셀";
> > "AZN-XM-ybX.ibShadowedToolTip" = "위쪽 텍스트 들여쓰기";
> > "B3O-3f-oU4.ibShadowedToolTip" = "왼쪽";
> > "BMI-tE-5wQ.ibExternalUserDefinedRuntimeAttributesLocalizableStrings[0]" = "액자";
> > "Kv9-MT-JkL.ibShadowedToolTip" = "가로 바깥";
> > "Lb9-uB-vxf.ibShadowedToolTip" = "세로 안";
> > "Lqg-Ib-mnt.title" = "버튼";
> > "MMg-Tu-L2s.title" = "왼쪽:";
> > "MRi-0N-Ubz.ibShadowedToolTip" = "오른쪽";
> > "QLn-5f-q3a.ibShadowedToolTip" = "위쪽";
> > "QbI-f0-qah.title" = "위쪽:";
> > "R2y-Rq-F8j.title" = "버튼";
> > "RAb-rs-cyR.title" = "왼쪽:";
> > "RAu-5v-hw6.ibShadowedToolTip" = "세로 바깥";
> > "RdZ-2Y-L06.title" = "칠:";
> > "SQf-yo-Znv.title" = "재설정";
> > "SgB-Ux-hyn.ibShadowedToolTip" = "가로 안";
> > "WbT-7a-Hga.title" = "아래쪽";
> > "XE9-XF-198.title" = "칠:";
> > "Xsx-tV-e8U.title" = "오른쪽:";
> > "bDO-My-MTI.title" = "버튼";
> > "e7e-On-k88.title" = "스타일:";
> > "fey-TL-xNK.title" = "버튼";
> > "hkM-iV-SNI.title" = "취소";
> > "isS-aU-rOD.ibShadowedToolTip" = "안으로";
> > "nox-HI-7O9.ibShadowedToolTip" = "오른쪽 텍스트 들여쓰기";
> > "q3i-Cy-2LO.ibShadowedToolTip" = "아래";
> > "rnd-5N-McF.ibShadowedToolTip" = "모두";
> > "sVd-wP-bqO.title" = "위쪽:";
> > /* Class = "NSButton"; ibShadowedToolTip = "세로 안"; ObjectID = "Lb9-uB-vxf"; */
> > /* Class = "NSButton"; ibShadowedToolTip = "가로 안"; ObjectID = "SgB-Ux-hyn"; */
> > /* Class = "NSButton"; ibShadowedToolTip = "가로 바깥"; ObjectID = "Kv9-MT-JkL"; */
> > /* Class = "NSButton"; ibShadowedToolTip = "세로 바깥"; ObjectID = "RAu-5v-hw6"; */
> > /* Class = "NSButton"; ibShadowedToolTip = "바깥"; ObjectID = "8kv-Ee-pcN"; */
> > /* Class = "NSButton"; ibShadowedToolTip = "왼쪽"; ObjectID = "B3O-3f-oU4"; */
> > /* Class = "NSButton"; ibShadowedToolTip = "위쪽"; ObjectID = "QLn-5f-q3a"; */
> > /* Class = "NSButton"; ibShadowedToolTip = "아래"; ObjectID = "q3i-Cy-2LO"; */
> > /* Class = "NSButton"; ibShadowedToolTip = "모두"; ObjectID = "rnd-5N-McF"; */
> > /* Class = "NSButton"; ibShadowedToolTip = "오른쪽"; ObjectID = "MRi-0N-Ubz"; */
> > /* Class = "NSButton"; ibShadowedToolTip = "안으로"; ObjectID = "isS-aU-rOD"; */
> > /* Class = "NSButtonCell"; title = "버튼"; ObjectID = "Lqg-Ib-mnt"; */
> > /* Class = "NSButtonCell"; title = "버튼"; ObjectID = "R2y-Rq-F8j"; */
> > /* Class = "NSButtonCell"; title = "버튼"; ObjectID = "bDO-My-MTI"; */
> > /* Class = "NSButtonCell"; title = "버튼"; ObjectID = "fey-TL-xNK"; */
> > /* Class = "NSButtonCell"; title = "취소"; ObjectID = "hkM-iV-SNI"; */
> > /* Class = "NSButtonCell"; title = "재설정"; ObjectID = "SQf-yo-Znv"; */
> > /* Class = "NSTextFieldCell"; title = "선:"; ObjectID = "671-46-EPQ"; */
> > /* Class = "NSTextFieldCell"; title = "칠:"; ObjectID = "RdZ-2Y-L06"; */
> > /* Class = "NSTextFieldCell"; title = "칠:"; ObjectID = "XE9-XF-198"; */
> > /* Class = "NSTextFieldCell"; title = "정렬:"; ObjectID = "3Mp-EC-Gl7"; */
> > /* Class = "NSTextFieldCell"; title = "왼쪽:"; ObjectID = "MMg-Tu-L2s"; */
> > /* Class = "NSTextFieldCell"; title = "위쪽:"; ObjectID = "QbI-f0-qah"; */
> > /* Class = "NSTextFieldCell"; title = "왼쪽:"; ObjectID = "RAb-rs-cyR"; */
> > /* Class = "NSTextFieldCell"; title = "위쪽:"; ObjectID = "sVd-wP-bqO"; */
> > /* Class = "NSTextFieldCell"; title = "텍스트 셀"; ObjectID = "96F-LQ-s7p"; */
> > /* Class = "NSTextFieldCell"; title = "아래쪽"; ObjectID = "2m1-OT-Z7X"; */
> > /* Class = "NSTextFieldCell"; title = "아래쪽"; ObjectID = "WbT-7a-Hga"; */
> > /* Class = "NSTextFieldCell"; title = "오른쪽:"; ObjectID = "3Vg-JO-aUt"; */
> > /* Class = "NSTextFieldCell"; title = "오른쪽:"; ObjectID = "Xsx-tV-e8U"; */
> > /* Class = "NSTextFieldCell"; title = "스타일:"; ObjectID = "e7e-On-k88"; */
> > /* Class = "NSView"; 3mv-9i-D8m.ibExternalUserDefinedRuntimeAttributesLocalizableStrings[0] = "텍스트"; ObjectID = "3mv-9i-D8m"; */
> > /* Class = "NSView"; 7sg-OP-09b.ibExternalUserDefinedRuntimeAttributesLocalizableStrings[0] = "이름"; ObjectID = "7sg-OP-09b"; */
> > /* Class = "NSView"; BMI-tE-5wQ.ibExternalUserDefinedRuntimeAttributesLocalizableStrings[0] = "액자"; ObjectID = "BMI-tE-5wQ"; */
> > /* Class = "NSView"; ibShadowedToolTip = "위쪽 텍스트 들여쓰기"; ObjectID = "AZN-XM-ybX"; */
> > /* Class = "NSView"; ibShadowedToolTip = "오른쪽 텍스트 들여쓰기"; ObjectID = "nox-HI-7O9"; */
