3c3
< "8Gz-cX-ysY.title" = "From Right";
---
> "8Gz-cX-ysY.title" = "右から";
6c6
< "C7w-rx-zfC.title" = "Decimal:";
---
> "C7w-rx-zfC.title" = "小数点:";
9c9
< "GAx-pU-l13.title" = "Position:";
---
> "GAx-pU-l13.title" = "位置:";
12c12
< "Gi2-ff-WrC.title" = "Delete";
---
> "Gi2-ff-WrC.title" = "削除";
15c15
< "Qkr-Kp-NJI.title" = "Leader:";
---
> "Qkr-Kp-NJI.title" = "リーダー:";
18c18
< "bZd-aw-6vA.title" = "Align:";
---
> "bZd-aw-6vA.title" = "整列:";
21c21
< "xHO-Dc-xK1.title" = "Character:";
---
> "xHO-Dc-xK1.title" = "文字:";
