3c3
< "1X3-0l-ehQ.title" = "Text Cell";
---
> "1X3-0l-ehQ.title" = "テキストセル";
6c6
< "5hq-Fg-Iad.title" = "Text Cell";
---
> "5hq-Fg-Iad.title" = "テキストセル";
9c9
< "6R7-Vn-W04.title" = "Reset";
---
> "6R7-Vn-W04.title" = "リセット";
15c15
< "F0z-JX-Cv5.title" = "Telemetry";
---
> "F0z-JX-Cv5.title" = "テレメトリー";
18c18
< "K94-54-AsO.title" = "Copy Kernel";
---
> "K94-54-AsO.title" = "カーネルをコピー";
21c21
< "P6m-SD-84H.title" = "Text Cell";
---
> "P6m-SD-84H.title" = "テキストセル";
24c24
< "RPd-Bu-1No.title" = "Enable labeling";
---
> "RPd-Bu-1No.title" = "ラベリングを有効にする";
27c27
< "YoF-uy-WRw.title" = "Text Cell";
---
> "YoF-uy-WRw.title" = "テキストセル";
30c30
< "dvO-59-zbI.headerCell.title" = "Compile";
---
> "dvO-59-zbI.headerCell.title" = "コンパイル";
33c33
< "js4-x7-k3u.title" = "Text Cell";
---
> "js4-x7-k3u.title" = "テキストセル";
36c36
< "ksA-JL-Jdh.headerCell.title" = "Worst";
---
> "ksA-JL-Jdh.headerCell.title" = "ワースト";
42c42
< "q1u-5a-Oc1.headerCell.title" = "Best";
---
> "q1u-5a-Oc1.headerCell.title" = "最適";
45c45
< "tLn-nb-SM5.headerCell.title" = "Assembly";
---
> "tLn-nb-SM5.headerCell.title" = "アセンブリ";
48c48
< "vO9-dd-tHx.title" = "Text Cell";
---
> "vO9-dd-tHx.title" = "テキストセル";
51c51
< "vWX-6E-HpH.title" = "Enable telemetry";
---
> "vWX-6E-HpH.title" = "テレメトリーを有効にする";
54c54
< "yzg-rm-CBh.headerCell.title" = "Avg";
---
> "yzg-rm-CBh.headerCell.title" = "平均";
