2,17c2,8
< 15c15
< 18c18
< 21c21
< 24c24
< 27c27
< 30c30
< 33c33
< 36c36
< 3c3
< 42c42
< 45c45
< 48c48
< 51c51
< 54c54
< 6c6
< 9c9
---
> 2,3c2,3
> 20,21c20,21
> 26,27c26,27
> 32,33c32,33
> 47,48c47,48
> 5,6c5,6
> 8,9c8,9
21,22d11
< < "F0z-JX-Cv5.title" = "Telemetry";
< < "K94-54-AsO.title" = "Copy Kernel";
24d12
< < "RPd-Bu-1No.title" = "Enable labeling";
26d13
< < "dvO-59-zbI.headerCell.title" = "Compile";
28,30d14
< < "ksA-JL-Jdh.headerCell.title" = "Worst";
< < "q1u-5a-Oc1.headerCell.title" = "Best";
< < "tLn-nb-SM5.headerCell.title" = "Assembly";
32,49c16,36
< < "vWX-6E-HpH.title" = "Enable telemetry";
< < "yzg-rm-CBh.headerCell.title" = "Avg";
< > "1X3-0l-ehQ.title" = "テキストセル";
< > "5hq-Fg-Iad.title" = "テキストセル";
< > "6R7-Vn-W04.title" = "リセット";
< > "F0z-JX-Cv5.title" = "テレメトリー";
< > "K94-54-AsO.title" = "カーネルをコピー";
< > "P6m-SD-84H.title" = "テキストセル";
< > "RPd-Bu-1No.title" = "ラベリングを有効にする";
< > "YoF-uy-WRw.title" = "テキストセル";
< > "dvO-59-zbI.headerCell.title" = "コンパイル";
< > "js4-x7-k3u.title" = "テキストセル";
< > "ksA-JL-Jdh.headerCell.title" = "ワースト";
< > "q1u-5a-Oc1.headerCell.title" = "最適";
< > "tLn-nb-SM5.headerCell.title" = "アセンブリ";
< > "vO9-dd-tHx.title" = "テキストセル";
< > "vWX-6E-HpH.title" = "テレメトリーを有効にする";
< > "yzg-rm-CBh.headerCell.title" = "平均";
---
> > "1X3-0l-ehQ.title" = "텍스트 셀";
> > "5hq-Fg-Iad.title" = "텍스트 셀";
> > "6R7-Vn-W04.title" = "재설정";
> > "P6m-SD-84H.title" = "텍스트 셀";
> > "YoF-uy-WRw.title" = "텍스트 셀";
> > "js4-x7-k3u.title" = "텍스트 셀";
> > "vO9-dd-tHx.title" = "텍스트 셀";
