---
---
---
---
---
---
---
2,3c2,3
20,21c20,21
26,27c26,27
32,33c32,33
47,48c47,48
5,6c5,6
8,9c8,9
< "1X3-0l-ehQ.title" = "Text Cell";
< "5hq-Fg-Iad.title" = "Text Cell";
< "6R7-Vn-W04.title" = "Reset";
< "P6m-SD-84H.title" = "Text Cell";
< "YoF-uy-WRw.title" = "Text Cell";
< "js4-x7-k3u.title" = "Text Cell";
< "vO9-dd-tHx.title" = "Text Cell";
< /* Class = "NSButtonCell"; title = "Reset"; ObjectID = "6R7-Vn-W04"; */
< /* Class = "NSTextFieldCell"; title = "Text Cell"; ObjectID = "1X3-0l-ehQ"; */
< /* Class = "NSTextFieldCell"; title = "Text Cell"; ObjectID = "5hq-Fg-Iad"; */
< /* Class = "NSTextFieldCell"; title = "Text Cell"; ObjectID = "P6m-SD-84H"; */
< /* Class = "NSTextFieldCell"; title = "Text Cell"; ObjectID = "YoF-uy-WRw"; */
< /* Class = "NSTextFieldCell"; title = "Text Cell"; ObjectID = "js4-x7-k3u"; */
< /* Class = "NSTextFieldCell"; title = "Text Cell"; ObjectID = "vO9-dd-tHx"; */
> "1X3-0l-ehQ.title" = "텍스트 셀";
> "5hq-Fg-Iad.title" = "텍스트 셀";
> "6R7-Vn-W04.title" = "재설정";
> "P6m-SD-84H.title" = "텍스트 셀";
> "YoF-uy-WRw.title" = "텍스트 셀";
> "js4-x7-k3u.title" = "텍스트 셀";
> "vO9-dd-tHx.title" = "텍스트 셀";
> /* Class = "NSButtonCell"; title = "재설정"; ObjectID = "6R7-Vn-W04"; */
> /* Class = "NSTextFieldCell"; title = "텍스트 셀"; ObjectID = "1X3-0l-ehQ"; */
> /* Class = "NSTextFieldCell"; title = "텍스트 셀"; ObjectID = "5hq-Fg-Iad"; */
> /* Class = "NSTextFieldCell"; title = "텍스트 셀"; ObjectID = "P6m-SD-84H"; */
> /* Class = "NSTextFieldCell"; title = "텍스트 셀"; ObjectID = "YoF-uy-WRw"; */
> /* Class = "NSTextFieldCell"; title = "텍스트 셀"; ObjectID = "js4-x7-k3u"; */
> /* Class = "NSTextFieldCell"; title = "텍스트 셀"; ObjectID = "vO9-dd-tHx"; */
