1,5c1,2
< 3c3
< < "0Jy-6t-mKf.ibShadowedToolTip" = "Current Formatting";
< ---
< > "0Jy-6t-mKf.ibShadowedToolTip" = "現在のフォーマット";
< 6c6
---
> 5,6c5,6
> < /* Class = "NSMenuItem"; title = "Sort by Type"; ObjectID = "0TR-SH-lht"; */
8,9c5,8
< > "0TR-SH-lht.title" = "タイプで並べ替え";
< 9c9
---
> > /* Class = "NSMenuItem"; title = "종류에 따라 정렬"; ObjectID = "0TR-SH-lht"; */
> > "0TR-SH-lht.title" = "종류에 따라 정렬";
> 8,9c8,9
> < /* Class = "NSMenuItem"; title = "Save Styles as Default"; ObjectID = "3aK-Vh-PRE"; */
12,13c11,14
< > "3aK-Vh-PRE.title" = "スタイルをデフォルトとして保存";
< 12c12
---
> > /* Class = "NSMenuItem"; title = "스타일을 기본값으로 저장"; ObjectID = "3aK-Vh-PRE"; */
> > "3aK-Vh-PRE.title" = "스타일을 기본값으로 저장";
> 11,12c11,12
> < /* Class = "NSMenuItem"; title = "Show Hierarchical"; ObjectID = "9Qg-RQ-EpH"; */
16,17c17,20
< > "9Qg-RQ-EpH.title" = "階層を表示";
< 15c15
---
> > /* Class = "NSMenuItem"; title = "계층 보기"; ObjectID = "9Qg-RQ-EpH"; */
> > "9Qg-RQ-EpH.title" = "계층 보기";
> 14,15c14,15
> < /* Class = "NSTextFieldCell"; title = "Text Cell"; ObjectID = "FTf-5A-akH"; */
20,21c23,26
< > "FTf-5A-akH.title" = "テキストセル";
< 18c18
---
> > /* Class = "NSTextFieldCell"; title = "텍스트 셀"; ObjectID = "FTf-5A-akH"; */
> > "FTf-5A-akH.title" = "텍스트 셀";
> 17,18c17,18
> < /* Class = "NSMenuItem"; title = "Detach and Delete All Styles"; ObjectID = "H3d-ju-Ocu"; */
24,25c29,32
< > "H3d-ju-Ocu.title" = "すべてのスタイルを切り離して削除";
< 21c21
---
> > /* Class = "NSMenuItem"; title = "모든 스타일 벗기고 지우기"; ObjectID = "H3d-ju-Ocu"; */
> > "H3d-ju-Ocu.title" = "모든 스타일 벗기고 지우기";
> 20,21c20,21
> < /* Class = "NSMenuItem"; title = "Delete Unused Styles"; ObjectID = "Lgn-B2-vts"; */
28,33c35,38
< > "Lgn-B2-vts.title" = "未使用のスタイルを削除";
< 24c24
< < "OId-Tg-VIi.title" = "Import Styles...";
< ---
< > "OId-Tg-VIi.title" = "スタイルをインポート...";
< 27c27
---
> > /* Class = "NSMenuItem"; title = "미사용된 스타일 지우기"; ObjectID = "Lgn-B2-vts"; */
> > "Lgn-B2-vts.title" = "미사용된 스타일 지우기";
> 26,27c26,27
> < /* Class = "NSMenuItem"; title = "Show Samples"; ObjectID = "RcV-Sz-iZo"; */
36,37c41,44
< > "RcV-Sz-iZo.title" = "サンプルを表示";
< 30c30
---
> > /* Class = "NSMenuItem"; title = "샘플 보기"; ObjectID = "RcV-Sz-iZo"; */
> > "RcV-Sz-iZo.title" = "샘플 보기";
> 29,30c29,30
> < /* Class = "NSButton"; ibShadowedToolTip = "Update Paragraph Style"; ObjectID = "Rh9-Ps-OHa"; */
40,41c47,50
< > "Rh9-Ps-OHa.ibShadowedToolTip" = "段落スタイルを更新";
< 33c33
---
> > /* Class = "NSButton"; ibShadowedToolTip = "문단 스타일 업데이트"; ObjectID = "Rh9-Ps-OHa"; */
> > "Rh9-Ps-OHa.ibShadowedToolTip" = "문단 스타일 업데이트";
> 32,33c32,33
> < /* Class = "NSButton"; ibShadowedToolTip = "Reapply Text Styles"; ObjectID = "Vgf-tk-IjW"; */
44,53c53,56
< > "Vgf-tk-IjW.ibShadowedToolTip" = "テキストスタイルを再適用";
< 36c36
< < "b6p-Fa-Ddd.ibShadowedToolTip" = "Create Group Style";
< ---
< > "b6p-Fa-Ddd.ibShadowedToolTip" = "グループスタイルを作成";
< 39c39
< < "fa9-va-eXb.title" = "Table View Cell";
< ---
< > "fa9-va-eXb.title" = "表ビューセル";
< 42c42
---
> > /* Class = "NSButton"; ibShadowedToolTip = "텍스트 스타일 다시 적용"; ObjectID = "Vgf-tk-IjW"; */
> > "Vgf-tk-IjW.ibShadowedToolTip" = "텍스트 스타일 다시 적용";
> 41,42c41,42
> < /* Class = "NSButton"; ibShadowedToolTip = "Update Character Style"; ObjectID = "i33-nF-hhe"; */
56,57c59,62
< > "i33-nF-hhe.ibShadowedToolTip" = "文字スタイルを更新";
< 45c45
---
> > /* Class = "NSButton"; ibShadowedToolTip = "문자 스타일 업데이트"; ObjectID = "i33-nF-hhe"; */
> > "i33-nF-hhe.ibShadowedToolTip" = "문자 스타일 업데이트";
> 44,45c44,45
> < /* Class = "NSButton"; ibShadowedToolTip = "Delete Style"; ObjectID = "j2o-A4-Ib4"; */
60,61c65,68
< > "j2o-A4-Ib4.ibShadowedToolTip" = "スタイルを削除";
< 48c48
---
> > /* Class = "NSButton"; ibShadowedToolTip = "스타일 지우기"; ObjectID = "j2o-A4-Ib4"; */
> > "j2o-A4-Ib4.ibShadowedToolTip" = "스타일 지우기";
> 47,48c47,48
> < /* Class = "NSButton"; ibShadowedToolTip = "Create Paragraph Style"; ObjectID = "vIX-j6-BwL"; */
64,65c71,74
< > "vIX-j6-BwL.ibShadowedToolTip" = "段落スタイルを作成";
< 51c51
---
> > /* Class = "NSButton"; ibShadowedToolTip = "문단 스타일 생성"; ObjectID = "vIX-j6-BwL"; */
> > "vIX-j6-BwL.ibShadowedToolTip" = "문단 스타일 생성";
> 50,51c50,51
> < /* Class = "NSButton"; ibShadowedToolTip = "Create Character Style"; ObjectID = "xmU-OP-5v3"; */
68c77,78
< > "xmU-OP-5v3.ibShadowedToolTip" = "文字スタイルを作成";
---
> > /* Class = "NSButton"; ibShadowedToolTip = "문자 스타일 생성"; ObjectID = "xmU-OP-5v3"; */
> > "xmU-OP-5v3.ibShadowedToolTip" = "문자 스타일 생성";
