2,25c2,12
< 12c12
< 15c15
< 18c18
< 21c21
< 24c24
< 27c27
< 30c30
< 33c33
< 36c36
< 39c39
< 3c3
< 42c42
< 45c45
< 48c48
< 51c51
< 54c54
< 57c57
< 60c60
< 63c63
< 6c6
< 9c9
< < "B2F-wu-wC5.title" = "Largest Side";
< < "BQ9-LD-dHG.title" = "Box";
< < "Cqy-2r-hTy.title" = "Wrap To";
---
> 11,12c11,12
> 14,15c14,15
> 20,21c20,21
> 26,27c26,27
> 35,36c35,36
> 38,39c38,39
> 50,51c50,51
> 53,54c53,54
> 56,57c56,57
> 59,60c59,60
> 62,63c62,63
28d14
< < "Ia3-mG-X3p.title" = "Both Sides";
30d15
< < "Um1-tX-7nn.title" = "Wrap Style";
32,33d16
< < "ZL8-e2-wsX.title" = "Distance From Text";
< < "cCI-nM-gIy.title" = "Box";
36,38d18
< < "mGh-9c-U4B.title" = "Jump";
< < "mQS-bX-CAc.ibShadowedToolTip" = "Link Edges";
< < "sXN-Lo-PVY.title" = "Box";
44,64c24,56
< > "B2F-wu-wC5.title" = "広い側";
< > "BQ9-LD-dHG.title" = "ボックス";
< > "Cqy-2r-hTy.title" = "左右の回り込み";
< > "CsR-al-uSl.title" = "内側";
< > "F0z-JX-Cv5.title" = "テキストの回り込み";
< > "Ia3-mG-X3p.title" = "両側";
< > "NGi-Or-K5E.title" = "右:";
< > "Um1-tX-7nn.title" = "回り込みスタイル";
< > "Wbd-aw-Bfu.title" = "下:";
< > "ZL8-e2-wsX.title" = "テキストからの距離";
< > "cCI-nM-gIy.title" = "ボックス";
< > "f6C-uE-Ihk.title" = "閉じる";
< > "hT1-XM-vnw.title" = "上:";
< > "mGh-9c-U4B.title" = "ジャンプ";
< > "mQS-bX-CAc.ibShadowedToolTip" = "エッジをリンクする";
< > "sXN-Lo-PVY.title" = "ボックス";
< > "sfh-Q6-ITK.title" = "なし";
< > "tIS-kh-Bra.title" = "エッジ";
< > "v3b-cC-VbE.title" = "正方形";
< > "wVT-5P-FS5.title" = "狭い";
< > "zDA-IN-AKn.title" = "左:";
---
> > "CsR-al-uSl.title" = "안으로";
> > "F0z-JX-Cv5.title" = "줄바꿈";
> > "NGi-Or-K5E.title" = "오른쪽:";
> > "Wbd-aw-Bfu.title" = "아래쪽";
> > "f6C-uE-Ihk.title" = "닫기";
> > "hT1-XM-vnw.title" = "위쪽:";
> > "sfh-Q6-ITK.title" = "없음";
> > "tIS-kh-Bra.title" = "모서리";
> > "v3b-cC-VbE.title" = "사각형";
> > "wVT-5P-FS5.title" = "좁은";
> > "zDA-IN-AKn.title" = "왼쪽:";
