1,13c1,2
< 3c3
< < "B2F-wu-wC5.title" = "Largest Side";
< ---
< > "B2F-wu-wC5.title" = "広い側";
< 6c6
< < "BQ9-LD-dHG.title" = "Box";
< ---
< > "BQ9-LD-dHG.title" = "ボックス";
< 9c9
< < "Cqy-2r-hTy.title" = "Wrap To";
< ---
< > "Cqy-2r-hTy.title" = "左右の回り込み";
< 12c12
---
> 11,12c11,12
> < /* Class = "NSTextFieldCell"; title = "Inside"; ObjectID = "CsR-al-uSl"; */
16,17c5,8
< > "CsR-al-uSl.title" = "内側";
< 15c15
---
> > /* Class = "NSTextFieldCell"; title = "안으로"; ObjectID = "CsR-al-uSl"; */
> > "CsR-al-uSl.title" = "안으로";
> 14,15c14,15
> < /* Class = "NSWindow"; title = "Text Wrap"; ObjectID = "F0z-JX-Cv5"; */
20,25c11,14
< > "F0z-JX-Cv5.title" = "テキストの回り込み";
< 18c18
< < "Ia3-mG-X3p.title" = "Both Sides";
< ---
< > "Ia3-mG-X3p.title" = "両側";
< 21c21
---
> > /* Class = "NSWindow"; title = "줄바꿈"; ObjectID = "F0z-JX-Cv5"; */
> > "F0z-JX-Cv5.title" = "줄바꿈";
> 20,21c20,21
> < /* Class = "NSTextFieldCell"; title = "Right:"; ObjectID = "NGi-Or-K5E"; */
28,33c17,20
< > "NGi-Or-K5E.title" = "右:";
< 24c24
< < "Um1-tX-7nn.title" = "Wrap Style";
< ---
< > "Um1-tX-7nn.title" = "回り込みスタイル";
< 27c27
---
> > /* Class = "NSTextFieldCell"; title = "오른쪽:"; ObjectID = "NGi-Or-K5E"; */
> > "NGi-Or-K5E.title" = "오른쪽:";
> 26,27c26,27
> < /* Class = "NSTextFieldCell"; title = "Bottom:"; ObjectID = "Wbd-aw-Bfu"; */
36,45c23,26
< > "Wbd-aw-Bfu.title" = "下:";
< 30c30
< < "ZL8-e2-wsX.title" = "Distance From Text";
< ---
< > "ZL8-e2-wsX.title" = "テキストからの距離";
< 33c33
< < "cCI-nM-gIy.title" = "Box";
< ---
< > "cCI-nM-gIy.title" = "ボックス";
< 36c36
---
> > /* Class = "NSTextFieldCell"; title = "아래쪽"; ObjectID = "Wbd-aw-Bfu"; */
> > "Wbd-aw-Bfu.title" = "아래쪽";
> 35,36c35,36
> < /* Class = "NSButtonCell"; title = "Close"; ObjectID = "f6C-uE-Ihk"; */
48,49c29,32
< > "f6C-uE-Ihk.title" = "閉じる";
< 39c39
---
> > /* Class = "NSButtonCell"; title = "닫기"; ObjectID = "f6C-uE-Ihk"; */
> > "f6C-uE-Ihk.title" = "닫기";
> 38,39c38,39
> < /* Class = "NSTextFieldCell"; title = "Top:"; ObjectID = "hT1-XM-vnw"; */
52,65c35,38
< > "hT1-XM-vnw.title" = "上:";
< 42c42
< < "mGh-9c-U4B.title" = "Jump";
< ---
< > "mGh-9c-U4B.title" = "ジャンプ";
< 45c45
< < "mQS-bX-CAc.ibShadowedToolTip" = "Link Edges";
< ---
< > "mQS-bX-CAc.ibShadowedToolTip" = "エッジをリンクする";
< 48c48
< < "sXN-Lo-PVY.title" = "Box";
< ---
< > "sXN-Lo-PVY.title" = "ボックス";
< 51c51
---
> > /* Class = "NSTextFieldCell"; title = "위쪽:"; ObjectID = "hT1-XM-vnw"; */
> > "hT1-XM-vnw.title" = "위쪽:";
> 50,51c50,51
> < /* Class = "NSTextFieldCell"; title = "None"; ObjectID = "sfh-Q6-ITK"; */
68,69c41,44
< > "sfh-Q6-ITK.title" = "なし";
< 54c54
---
> > /* Class = "NSTextFieldCell"; title = "없음"; ObjectID = "sfh-Q6-ITK"; */
> > "sfh-Q6-ITK.title" = "없음";
> 53,54c53,54
> < /* Class = "NSTextFieldCell"; title = "Edge"; ObjectID = "tIS-kh-Bra"; */
72,73c47,50
< > "tIS-kh-Bra.title" = "エッジ";
< 57c57
---
> > /* Class = "NSTextFieldCell"; title = "모서리"; ObjectID = "tIS-kh-Bra"; */
> > "tIS-kh-Bra.title" = "모서리";
> 56,57c56,57
> < /* Class = "NSTextFieldCell"; title = "Square"; ObjectID = "v3b-cC-VbE"; */
76,77c53,56
< > "v3b-cC-VbE.title" = "正方形";
< 60c60
---
> > /* Class = "NSTextFieldCell"; title = "사각형"; ObjectID = "v3b-cC-VbE"; */
> > "v3b-cC-VbE.title" = "사각형";
> 59,60c59,60
> < /* Class = "NSTextFieldCell"; title = "Tight"; ObjectID = "wVT-5P-FS5"; */
80,81c59,62
< > "wVT-5P-FS5.title" = "狭い";
< 63c63
---
> > /* Class = "NSTextFieldCell"; title = "좁은"; ObjectID = "wVT-5P-FS5"; */
> > "wVT-5P-FS5.title" = "좁은";
> 62,63c62,63
> < /* Class = "NSTextFieldCell"; title = "Left:"; ObjectID = "zDA-IN-AKn"; */
84c65,66
< > "zDA-IN-AKn.title" = "左:";
---
> > /* Class = "NSTextFieldCell"; title = "왼쪽:"; ObjectID = "zDA-IN-AKn"; */
> > "zDA-IN-AKn.title" = "왼쪽:";
