3c3
< "B2F-wu-wC5.title" = "Largest Side";
---
> "B2F-wu-wC5.title" = "広い側";
6c6
< "BQ9-LD-dHG.title" = "Box";
---
> "BQ9-LD-dHG.title" = "ボックス";
9c9
< "Cqy-2r-hTy.title" = "Wrap To";
---
> "Cqy-2r-hTy.title" = "左右の回り込み";
12c12
< "CsR-al-uSl.title" = "Inside";
---
> "CsR-al-uSl.title" = "内側";
15c15
< "F0z-JX-Cv5.title" = "Text Wrap";
---
> "F0z-JX-Cv5.title" = "テキストの回り込み";
18c18
< "Ia3-mG-X3p.title" = "Both Sides";
---
> "Ia3-mG-X3p.title" = "両側";
21c21
< "NGi-Or-K5E.title" = "Right:";
---
> "NGi-Or-K5E.title" = "右:";
24c24
< "Um1-tX-7nn.title" = "Wrap Style";
---
> "Um1-tX-7nn.title" = "回り込みスタイル";
27c27
< "Wbd-aw-Bfu.title" = "Bottom:";
---
> "Wbd-aw-Bfu.title" = "下:";
30c30
< "ZL8-e2-wsX.title" = "Distance From Text";
---
> "ZL8-e2-wsX.title" = "テキストからの距離";
33c33
< "cCI-nM-gIy.title" = "Box";
---
> "cCI-nM-gIy.title" = "ボックス";
36c36
< "f6C-uE-Ihk.title" = "Close";
---
> "f6C-uE-Ihk.title" = "閉じる";
39c39
< "hT1-XM-vnw.title" = "Top:";
---
> "hT1-XM-vnw.title" = "上:";
42c42
< "mGh-9c-U4B.title" = "Jump";
---
> "mGh-9c-U4B.title" = "ジャンプ";
45c45
< "mQS-bX-CAc.ibShadowedToolTip" = "Link Edges";
---
> "mQS-bX-CAc.ibShadowedToolTip" = "エッジをリンクする";
48c48
< "sXN-Lo-PVY.title" = "Box";
---
> "sXN-Lo-PVY.title" = "ボックス";
51c51
< "sfh-Q6-ITK.title" = "None";
---
> "sfh-Q6-ITK.title" = "なし";
54c54
< "tIS-kh-Bra.title" = "Edge";
---
> "tIS-kh-Bra.title" = "エッジ";
57c57
< "v3b-cC-VbE.title" = "Square";
---
> "v3b-cC-VbE.title" = "正方形";
60c60
< "wVT-5P-FS5.title" = "Tight";
---
> "wVT-5P-FS5.title" = "狭い";
63c63
< "zDA-IN-AKn.title" = "Left:";
---
> "zDA-IN-AKn.title" = "左:";
