2,3c2,3
< /* Class = "NSTextFieldCell"; title = "Fill:"; ObjectID = "09F-CS-BBW"; */
< "09F-CS-BBW.title" = "Fill:";
---
> /* Class = "NSTextFieldCell"; title = "칠:"; ObjectID = "09F-CS-BBW"; */
> "09F-CS-BBW.title" = "칠:";
8,9c8,9
< /* Class = "NSButtonCell"; title = "Subscript"; ObjectID = "1Ph-dZ-YO2"; */
< "1Ph-dZ-YO2.title" = "Subscript";
---
> /* Class = "NSButtonCell"; title = "아랫첨자"; ObjectID = "1Ph-dZ-YO2"; */
> "1Ph-dZ-YO2.title" = "아랫첨자";
17,18c17,18
< /* Class = "NSTextFieldCell"; title = "General"; ObjectID = "2Jn-NF-sma"; */
< "2Jn-NF-sma.title" = "General";
---
> /* Class = "NSTextFieldCell"; title = "일반"; ObjectID = "2Jn-NF-sma"; */
> "2Jn-NF-sma.title" = "일반";
32,33c32,33
< /* Class = "NSTextFieldCell"; title = "Text Cell"; ObjectID = "32A-Fm-PuE"; */
< "32A-Fm-PuE.title" = "Text Cell";
---
> /* Class = "NSTextFieldCell"; title = "텍스트 셀"; ObjectID = "32A-Fm-PuE"; */
> "32A-Fm-PuE.title" = "텍스트 셀";
38,39c38,39
< /* Class = "NSTableColumn"; headerCell.title = "Left"; ObjectID = "3Ju-iW-s4U"; */
< "3Ju-iW-s4U.headerCell.title" = "Left";
---
> /* Class = "NSTableColumn"; headerCell.title = "왼쪽"; ObjectID = "3Ju-iW-s4U"; */
> "3Ju-iW-s4U.headerCell.title" = "왼쪽";
41,42c41,42
< /* Class = "NSButtonCell"; title = "Proportional"; ObjectID = "3Ok-tV-cVh"; */
< "3Ok-tV-cVh.title" = "Proportional";
---
> /* Class = "NSButtonCell"; title = "비례수(량)"; ObjectID = "3Ok-tV-cVh"; */
> "3Ok-tV-cVh.title" = "비례수(량)";
44,45c44,45
< /* Class = "NSButtonCell"; title = "Global"; ObjectID = "3c8-qj-of4"; */
< "3c8-qj-of4.title" = "Global";
---
> /* Class = "NSButtonCell"; title = "전역"; ObjectID = "3c8-qj-of4"; */
> "3c8-qj-of4.title" = "전역";
56,57c56,57
< /* Class = "NSButton"; ibShadowedToolTip = "More"; ObjectID = "4vs-Yo-D4o"; */
< "4vs-Yo-D4o.ibShadowedToolTip" = "More";
---
> /* Class = "NSButton"; ibShadowedToolTip = "더 보기"; ObjectID = "4vs-Yo-D4o"; */
> "4vs-Yo-D4o.ibShadowedToolTip" = "더 보기";
65,66c65,66
< /* Class = "NSTableColumn"; headerCell.title = "Right"; ObjectID = "5NO-fy-Uwk"; */
< "5NO-fy-Uwk.headerCell.title" = "Right";
---
> /* Class = "NSTableColumn"; headerCell.title = "오른쪽"; ObjectID = "5NO-fy-Uwk"; */
> "5NO-fy-Uwk.headerCell.title" = "오른쪽";
71,72c71,72
< /* Class = "NSButtonCell"; title = "Group"; ObjectID = "5Vv-yC-ypt"; */
< "5Vv-yC-ypt.title" = "Group";
---
> /* Class = "NSButtonCell"; title = "그룹"; ObjectID = "5Vv-yC-ypt"; */
> "5Vv-yC-ypt.title" = "그룹";
74,75c74,75
< /* Class = "NSTextFieldCell"; title = "Text:"; ObjectID = "63u-Re-mqS"; */
< "63u-Re-mqS.title" = "Text:";
---
> /* Class = "NSTextFieldCell"; title = "텍스트:"; ObjectID = "63u-Re-mqS"; */
> "63u-Re-mqS.title" = "텍스트:";
104,105c104,105
< /* Class = "NSButtonCell"; title = "Add"; ObjectID = "7nj-yd-aKl"; */
< "7nj-yd-aKl.title" = "Add";
---
> /* Class = "NSButtonCell"; title = "추가"; ObjectID = "7nj-yd-aKl"; */
> "7nj-yd-aKl.title" = "추가";
110,111c110,111
< /* Class = "NSButtonCell"; title = "Default"; ObjectID = "7xO-UT-ShS"; */
< "7xO-UT-ShS.title" = "Default";
---
> /* Class = "NSButtonCell"; title = "기본값"; ObjectID = "7xO-UT-ShS"; */
> "7xO-UT-ShS.title" = "기본값";
137,138c137,138
< /* Class = "NSTextFieldCell"; title = "Text Cell"; ObjectID = "Afg-QO-KVb"; */
< "Afg-QO-KVb.title" = "Text Cell";
---
> /* Class = "NSTextFieldCell"; title = "텍스트 셀"; ObjectID = "Afg-QO-KVb"; */
> "Afg-QO-KVb.title" = "텍스트 셀";
143,144c143,144
< /* Class = "NSTextFieldCell"; title = "Type:"; ObjectID = "B6u-92-hp9"; */
< "B6u-92-hp9.title" = "Type:";
---
> /* Class = "NSTextFieldCell"; title = "종류:"; ObjectID = "B6u-92-hp9"; */
> "B6u-92-hp9.title" = "종류:";
149,150c149,150
< /* Class = "NSTextFieldCell"; title = "Text Cell"; ObjectID = "BI3-et-y9c"; */
< "BI3-et-y9c.title" = "Text Cell";
---
> /* Class = "NSTextFieldCell"; title = "텍스트 셀"; ObjectID = "BI3-et-y9c"; */
> "BI3-et-y9c.title" = "텍스트 셀";
161,162c161,162
< /* Class = "NSTextFieldCell"; title = "Level:"; ObjectID = "Bh0-bu-g1n"; */
< "Bh0-bu-g1n.title" = "Level:";
---
> /* Class = "NSTextFieldCell"; title = "레벨:"; ObjectID = "Bh0-bu-g1n"; */
> "Bh0-bu-g1n.title" = "레벨:";
173,174c173,174
< /* Class = "NSButtonCell"; title = "Auto"; ObjectID = "Bv1-Rk-nkh"; */
< "Bv1-Rk-nkh.title" = "Auto";
---
> /* Class = "NSButtonCell"; title = "자동"; ObjectID = "Bv1-Rk-nkh"; */
> "Bv1-Rk-nkh.title" = "자동";
179,180c179,180
< /* Class = "NSView"; ibShadowedToolTip = "Offset"; ObjectID = "CCn-Py-n41"; */
< "CCn-Py-n41.ibShadowedToolTip" = "Offset";
---
> /* Class = "NSView"; ibShadowedToolTip = "편차"; ObjectID = "CCn-Py-n41"; */
> "CCn-Py-n41.ibShadowedToolTip" = "편차";
185,186c185,186
< /* Class = "NSButtonCell"; title = "Italic"; ObjectID = "CQ8-YJ-km1"; */
< "CQ8-YJ-km1.title" = "Italic";
---
> /* Class = "NSButtonCell"; title = "기울임"; ObjectID = "CQ8-YJ-km1"; */
> "CQ8-YJ-km1.title" = "기울임";
197,198c197,198
< /* Class = "NSTextFieldCell"; title = "Alignment:"; ObjectID = "DKT-KH-iGd"; */
< "DKT-KH-iGd.title" = "Alignment:";
---
> /* Class = "NSTextFieldCell"; title = "정렬:"; ObjectID = "DKT-KH-iGd"; */
> "DKT-KH-iGd.title" = "정렬:";
200,201c200,201
< /* Class = "NSTextFieldCell"; title = "Text Cell"; ObjectID = "Dou-b0-YHp"; */
< "Dou-b0-YHp.title" = "Text Cell";
---
> /* Class = "NSTextFieldCell"; title = "텍스트 셀"; ObjectID = "Dou-b0-YHp"; */
> "Dou-b0-YHp.title" = "텍스트 셀";
206,207c206,207
< /* Class = "NSButtonCell"; title = "Apply"; ObjectID = "EcB-Lu-qA5"; */
< "EcB-Lu-qA5.title" = "Apply";
---
> /* Class = "NSButtonCell"; title = "적용"; ObjectID = "EcB-Lu-qA5"; */
> "EcB-Lu-qA5.title" = "적용";
260,261c260,261
< /* Class = "NSTextFieldCell"; title = "Text Cell"; ObjectID = "Htq-96-hgV"; */
< "Htq-96-hgV.title" = "Text Cell";
---
> /* Class = "NSTextFieldCell"; title = "텍스트 셀"; ObjectID = "Htq-96-hgV"; */
> "Htq-96-hgV.title" = "텍스트 셀";
266,267c266,267
< /* Class = "NSButtonCell"; title = "Cancel"; ObjectID = "Icr-iY-dvs"; */
< "Icr-iY-dvs.title" = "Cancel";
---
> /* Class = "NSButtonCell"; title = "취소"; ObjectID = "Icr-iY-dvs"; */
> "Icr-iY-dvs.title" = "취소";
275,276c275,276
< /* Class = "NSTextFieldCell"; title = "Text Cell"; ObjectID = "Is2-0y-jod"; */
< "Is2-0y-jod.title" = "Text Cell";
---
> /* Class = "NSTextFieldCell"; title = "텍스트 셀"; ObjectID = "Is2-0y-jod"; */
> "Is2-0y-jod.title" = "텍스트 셀";
278,279c278,279
< /* Class = "NSTextFieldCell"; title = "Text Cell"; ObjectID = "J0H-KF-9bc"; */
< "J0H-KF-9bc.title" = "Text Cell";
---
> /* Class = "NSTextFieldCell"; title = "텍스트 셀"; ObjectID = "J0H-KF-9bc"; */
> "J0H-KF-9bc.title" = "텍스트 셀";
284,285c284,285
< /* Class = "NSView"; ibShadowedToolTip = "Offset"; ObjectID = "JUR-Hp-z7D"; */
< "JUR-Hp-z7D.ibShadowedToolTip" = "Offset";
---
> /* Class = "NSView"; ibShadowedToolTip = "편차"; ObjectID = "JUR-Hp-z7D"; */
> "JUR-Hp-z7D.ibShadowedToolTip" = "편차";
296,297c296,297
< /* Class = "NSTabViewItem"; label = "General"; ObjectID = "KPZ-An-Nk7"; */
< "KPZ-An-Nk7.label" = "General";
---
> /* Class = "NSTabViewItem"; label = "일반"; ObjectID = "KPZ-An-Nk7"; */
> "KPZ-An-Nk7.label" = "일반";
305,306c305,306
< /* Class = "NSTextFieldCell"; title = "Left:"; ObjectID = "LFB-TW-9Ej"; */
< "LFB-TW-9Ej.title" = "Left:";
---
> /* Class = "NSTextFieldCell"; title = "왼쪽:"; ObjectID = "LFB-TW-9Ej"; */
> "LFB-TW-9Ej.title" = "왼쪽:";
308,309c308,309
< /* Class = "NSView"; ibShadowedToolTip = "Offset"; ObjectID = "Lyw-5g-p6w"; */
< "Lyw-5g-p6w.ibShadowedToolTip" = "Offset";
---
> /* Class = "NSView"; ibShadowedToolTip = "편차"; ObjectID = "Lyw-5g-p6w"; */
> "Lyw-5g-p6w.ibShadowedToolTip" = "편차";
311,312c311,312
< /* Class = "NSTextFieldCell"; title = "Text Cell"; ObjectID = "Mc5-JY-Nex"; */
< "Mc5-JY-Nex.title" = "Text Cell";
---
> /* Class = "NSTextFieldCell"; title = "텍스트 셀"; ObjectID = "Mc5-JY-Nex"; */
> "Mc5-JY-Nex.title" = "텍스트 셀";
314,315c314,315
< /* Class = "NSTextFieldCell"; title = "Transparency:"; ObjectID = "Mi9-uD-jwc"; */
< "Mi9-uD-jwc.title" = "Transparency:";
---
> /* Class = "NSTextFieldCell"; title = "투명도:"; ObjectID = "Mi9-uD-jwc"; */
> "Mi9-uD-jwc.title" = "투명도:";
338,339c338,339
< /* Class = "NSTextFieldCell"; title = "Style:"; ObjectID = "PYi-cX-Bkb"; */
< "PYi-cX-Bkb.title" = "Style:";
---
> /* Class = "NSTextFieldCell"; title = "스타일:"; ObjectID = "PYi-cX-Bkb"; */
> "PYi-cX-Bkb.title" = "스타일:";
341,342c341,342
< /* Class = "NSTextFieldCell"; title = "Stroke:"; ObjectID = "Pd0-Yi-9kA"; */
< "Pd0-Yi-9kA.title" = "Stroke:";
---
> /* Class = "NSTextFieldCell"; title = "선:"; ObjectID = "Pd0-Yi-9kA"; */
> "Pd0-Yi-9kA.title" = "선:";
356,357c356,357
< /* Class = "NSView"; ibShadowedToolTip = "Offset"; ObjectID = "Qpt-Uq-uvz"; */
< "Qpt-Uq-uvz.ibShadowedToolTip" = "Offset";
---
> /* Class = "NSView"; ibShadowedToolTip = "편차"; ObjectID = "Qpt-Uq-uvz"; */
> "Qpt-Uq-uvz.ibShadowedToolTip" = "편차";
377,378c377,378
< /* Class = "NSTextFieldCell"; title = "Right:"; ObjectID = "SuH-3E-wP4"; */
< "SuH-3E-wP4.title" = "Right:";
---
> /* Class = "NSTextFieldCell"; title = "오른쪽:"; ObjectID = "SuH-3E-wP4"; */
> "SuH-3E-wP4.title" = "오른쪽:";
404,405c404,405
< /* Class = "NSTextField"; ibShadowedToolTip = "Character Style"; ObjectID = "VvC-fE-EbQ"; */
< "VvC-fE-EbQ.ibShadowedToolTip" = "Character Style";
---
> /* Class = "NSTextField"; ibShadowedToolTip = "문자 스타일"; ObjectID = "VvC-fE-EbQ"; */
> "VvC-fE-EbQ.ibShadowedToolTip" = "문자 스타일";
413,414c413,414
< /* Class = "NSButtonCell"; title = "Default"; ObjectID = "WXJ-Th-gmy"; */
< "WXJ-Th-gmy.title" = "Default";
---
> /* Class = "NSButtonCell"; title = "기본값"; ObjectID = "WXJ-Th-gmy"; */
> "WXJ-Th-gmy.title" = "기본값";
446,447c446,447
< /* Class = "NSButtonCell"; title = "Enabled"; ObjectID = "YtF-04-wbW"; */
< "YtF-04-wbW.title" = "Enabled";
---
> /* Class = "NSButtonCell"; title = "유효한"; ObjectID = "YtF-04-wbW"; */
> "YtF-04-wbW.title" = "유효한";
449,450c449,450
< /* Class = "NSTextFieldCell"; title = "Text Cell"; ObjectID = "Ywz-2a-6QJ"; */
< "Ywz-2a-6QJ.title" = "Text Cell";
---
> /* Class = "NSTextFieldCell"; title = "텍스트 셀"; ObjectID = "Ywz-2a-6QJ"; */
> "Ywz-2a-6QJ.title" = "텍스트 셀";
455,456c455,456
< /* Class = "NSButtonCell"; title = "Character"; ObjectID = "ZGb-sN-4cv"; */
< "ZGb-sN-4cv.title" = "Character";
---
> /* Class = "NSButtonCell"; title = "문자"; ObjectID = "ZGb-sN-4cv"; */
> "ZGb-sN-4cv.title" = "문자";
458,459c458,459
< /* Class = "NSView"; ibShadowedToolTip = "Offset"; ObjectID = "ZHD-BU-VfA"; */
< "ZHD-BU-VfA.ibShadowedToolTip" = "Offset";
---
> /* Class = "NSView"; ibShadowedToolTip = "편차"; ObjectID = "ZHD-BU-VfA"; */
> "ZHD-BU-VfA.ibShadowedToolTip" = "편차";
467,468c467,468
< /* Class = "NSStepper"; ibShadowedToolTip = "Baseline"; ObjectID = "a1x-Jm-qLO"; */
< "a1x-Jm-qLO.ibShadowedToolTip" = "Baseline";
---
> /* Class = "NSStepper"; ibShadowedToolTip = "기준선"; ObjectID = "a1x-Jm-qLO"; */
> "a1x-Jm-qLO.ibShadowedToolTip" = "기준선";
497,498c497,498
< /* Class = "NSButtonCell"; title = "Enabled"; ObjectID = "bwp-lQ-5qr"; */
< "bwp-lQ-5qr.title" = "Enabled";
---
> /* Class = "NSButtonCell"; title = "유효한"; ObjectID = "bwp-lQ-5qr"; */
> "bwp-lQ-5qr.title" = "유효한";
512,513c512,513
< /* Class = "NSButtonCell"; title = "Button"; ObjectID = "cHB-jA-132"; */
< "cHB-jA-132.title" = "Button";
---
> /* Class = "NSButtonCell"; title = "버튼"; ObjectID = "cHB-jA-132"; */
> "cHB-jA-132.title" = "버튼";
515,516c515,516
< /* Class = "NSTextFieldCell"; title = "Style:"; ObjectID = "cbI-tf-LCC"; */
< "cbI-tf-LCC.title" = "Style:";
---
> /* Class = "NSTextFieldCell"; title = "스타일:"; ObjectID = "cbI-tf-LCC"; */
> "cbI-tf-LCC.title" = "스타일:";
524,525c524,525
< /* Class = "NSTextFieldCell"; title = "Bottom:"; ObjectID = "dCN-za-gH1"; */
< "dCN-za-gH1.title" = "Bottom:";
---
> /* Class = "NSTextFieldCell"; title = "아래쪽"; ObjectID = "dCN-za-gH1"; */
> "dCN-za-gH1.title" = "아래쪽";
533,534c533,534
< /* Class = "NSTextFieldCell"; title = "Text Cell"; ObjectID = "eR8-vD-S4i"; */
< "eR8-vD-S4i.title" = "Text Cell";
---
> /* Class = "NSTextFieldCell"; title = "텍스트 셀"; ObjectID = "eR8-vD-S4i"; */
> "eR8-vD-S4i.title" = "텍스트 셀";
545,546c545,546
< /* Class = "NSView"; ibShadowedToolTip = "Offset"; ObjectID = "eiv-OV-zEf"; */
< "eiv-OV-zEf.ibShadowedToolTip" = "Offset";
---
> /* Class = "NSView"; ibShadowedToolTip = "편차"; ObjectID = "eiv-OV-zEf"; */
> "eiv-OV-zEf.ibShadowedToolTip" = "편차";
557,558c557,558
< /* Class = "NSButtonCell"; title = "Ordinal"; ObjectID = "f2g-z8-KbP"; */
< "f2g-z8-KbP.title" = "Ordinal";
---
> /* Class = "NSButtonCell"; title = "서수"; ObjectID = "f2g-z8-KbP"; */
> "f2g-z8-KbP.title" = "서수";
560,561c560,561
< /* Class = "NSTextFieldCell"; title = "Type:"; ObjectID = "fAf-4V-Fbb"; */
< "fAf-4V-Fbb.title" = "Type:";
---
> /* Class = "NSTextFieldCell"; title = "종류:"; ObjectID = "fAf-4V-Fbb"; */
> "fAf-4V-Fbb.title" = "종류:";
584,585c584,585
< /* Class = "NSTextFieldCell"; title = "Text Cell"; ObjectID = "hAK-UX-SHZ"; */
< "hAK-UX-SHZ.title" = "Text Cell";
---
> /* Class = "NSTextFieldCell"; title = "텍스트 셀"; ObjectID = "hAK-UX-SHZ"; */
> "hAK-UX-SHZ.title" = "텍스트 셀";
599,600c599,600
< /* Class = "NSTextFieldCell"; title = "Maximum:"; ObjectID = "ieE-eA-yTV"; */
< "ieE-eA-yTV.title" = "Maximum:";
---
> /* Class = "NSTextFieldCell"; title = "최대:"; ObjectID = "ieE-eA-yTV"; */
> "ieE-eA-yTV.title" = "최대:";
623c623
< /* Class = "NSTabViewItem"; label = "Colour"; ObjectID = "kdN-1z-VxY"; */
---
> /* Class = "NSTabViewItem"; label = "색상"; ObjectID = "kdN-1z-VxY"; */
635,636c635,636
< /* Class = "NSTextFieldCell"; title = "Maximum:"; ObjectID = "mEq-hE-g3I"; */
< "mEq-hE-g3I.title" = "Maximum:";
---
> /* Class = "NSTextFieldCell"; title = "최대:"; ObjectID = "mEq-hE-g3I"; */
> "mEq-hE-g3I.title" = "최대:";
644,645c644,645
< /* Class = "NSButtonCell"; title = "Enabled"; ObjectID = "mke-Db-nAF"; */
< "mke-Db-nAF.title" = "Enabled";
---
> /* Class = "NSButtonCell"; title = "유효한"; ObjectID = "mke-Db-nAF"; */
> "mke-Db-nAF.title" = "유효한";
677,678c677,678
< /* Class = "NSView"; ibShadowedToolTip = "Offset"; ObjectID = "pix-cn-oPQ"; */
< "pix-cn-oPQ.ibShadowedToolTip" = "Offset";
---
> /* Class = "NSView"; ibShadowedToolTip = "편차"; ObjectID = "pix-cn-oPQ"; */
> "pix-cn-oPQ.ibShadowedToolTip" = "편차";
707,708c707,708
< /* Class = "NSTextFieldCell"; title = "Start:"; ObjectID = "rZb-Ns-0Rx"; */
< "rZb-Ns-0Rx.title" = "Start:";
---
> /* Class = "NSTextFieldCell"; title = "시작:"; ObjectID = "rZb-Ns-0Rx"; */
> "rZb-Ns-0Rx.title" = "시작:";
710,711c710,711
< /* Class = "NSTextFieldCell"; title = "Type:"; ObjectID = "rnE-hf-AhL"; */
< "rnE-hf-AhL.title" = "Type:";
---
> /* Class = "NSTextFieldCell"; title = "종류:"; ObjectID = "rnE-hf-AhL"; */
> "rnE-hf-AhL.title" = "종류:";
713,714c713,714
< /* Class = "NSView"; ibShadowedToolTip = "Offset"; ObjectID = "s2O-OK-dgi"; */
< "s2O-OK-dgi.ibShadowedToolTip" = "Offset";
---
> /* Class = "NSView"; ibShadowedToolTip = "편차"; ObjectID = "s2O-OK-dgi"; */
> "s2O-OK-dgi.ibShadowedToolTip" = "편차";
728,729c728,729
< /* Class = "NSView"; ibShadowedToolTip = "Offset"; ObjectID = "sdx-RT-8AQ"; */
< "sdx-RT-8AQ.ibShadowedToolTip" = "Offset";
---
> /* Class = "NSView"; ibShadowedToolTip = "편차"; ObjectID = "sdx-RT-8AQ"; */
> "sdx-RT-8AQ.ibShadowedToolTip" = "편차";
749,750c749,750
< /* Class = "NSTextFieldCell"; title = "Text Cell"; ObjectID = "tBp-6Q-cYL"; */
< "tBp-6Q-cYL.title" = "Text Cell";
---
> /* Class = "NSTextFieldCell"; title = "텍스트 셀"; ObjectID = "tBp-6Q-cYL"; */
> "tBp-6Q-cYL.title" = "텍스트 셀";
761,762c761,762
< /* Class = "NSButtonCell"; title = "Default"; ObjectID = "tzM-jU-WZd"; */
< "tzM-jU-WZd.title" = "Default";
---
> /* Class = "NSButtonCell"; title = "기본값"; ObjectID = "tzM-jU-WZd"; */
> "tzM-jU-WZd.title" = "기본값";
773,774c773,774
< /* Class = "NSTextFieldCell"; title = "Alignment:"; ObjectID = "umI-j5-JtY"; */
< "umI-j5-JtY.title" = "Alignment:";
---
> /* Class = "NSTextFieldCell"; title = "정렬:"; ObjectID = "umI-j5-JtY"; */
> "umI-j5-JtY.title" = "정렬:";
779,780c779,780
< /* Class = "NSTextFieldCell"; title = "Top:"; ObjectID = "uuA-Mj-yCV"; */
< "uuA-Mj-yCV.title" = "Top:";
---
> /* Class = "NSTextFieldCell"; title = "위쪽:"; ObjectID = "uuA-Mj-yCV"; */
> "uuA-Mj-yCV.title" = "위쪽:";
791,792c791,792
< /* Class = "NSButtonCell"; title = "Paragraph"; ObjectID = "vl2-Gc-4LQ"; */
< "vl2-Gc-4LQ.title" = "Paragraph";
---
> /* Class = "NSButtonCell"; title = "문단"; ObjectID = "vl2-Gc-4LQ"; */
> "vl2-Gc-4LQ.title" = "문단";
800,801c800,801
< /* Class = "NSButtonCell"; title = "Superscript"; ObjectID = "w1K-0I-5S4"; */
< "w1K-0I-5S4.title" = "Superscript";
---
> /* Class = "NSButtonCell"; title = "윗첨자"; ObjectID = "w1K-0I-5S4"; */
> "w1K-0I-5S4.title" = "윗첨자";
806,807c806,807
< /* Class = "NSView"; ibShadowedToolTip = "Offset"; ObjectID = "wZT-uZ-lHS"; */
< "wZT-uZ-lHS.ibShadowedToolTip" = "Offset";
---
> /* Class = "NSView"; ibShadowedToolTip = "편차"; ObjectID = "wZT-uZ-lHS"; */
> "wZT-uZ-lHS.ibShadowedToolTip" = "편차";
821,822c821,822
< /* Class = "NSTextFieldCell"; title = "Style:"; ObjectID = "xg6-2O-2ek"; */
< "xg6-2O-2ek.title" = "Style:";
---
> /* Class = "NSTextFieldCell"; title = "스타일:"; ObjectID = "xg6-2O-2ek"; */
> "xg6-2O-2ek.title" = "스타일:";
827,828c827,828
< /* Class = "NSButtonCell"; title = "Normal"; ObjectID = "zGs-9x-ciA"; */
< "zGs-9x-ciA.title" = "Normal";
---
> /* Class = "NSButtonCell"; title = "정규"; ObjectID = "zGs-9x-ciA"; */
> "zGs-9x-ciA.title" = "정규";
