3c3
< "0Jy-6t-mKf.ibShadowedToolTip" = "Current Formatting";
---
> "0Jy-6t-mKf.ibShadowedToolTip" = "現在のフォーマット";
6c6
< "0TR-SH-lht.title" = "Sort by Type";
---
> "0TR-SH-lht.title" = "タイプで並べ替え";
9c9
< "3aK-Vh-PRE.title" = "Save Styles as Default";
---
> "3aK-Vh-PRE.title" = "スタイルをデフォルトとして保存";
12c12
< "9Qg-RQ-EpH.title" = "Show Hierarchical";
---
> "9Qg-RQ-EpH.title" = "階層を表示";
15c15
< "FTf-5A-akH.title" = "Text Cell";
---
> "FTf-5A-akH.title" = "テキストセル";
18c18
< "H3d-ju-Ocu.title" = "Detach and Delete All Styles";
---
> "H3d-ju-Ocu.title" = "すべてのスタイルを切り離して削除";
21c21
< "Lgn-B2-vts.title" = "Delete Unused Styles";
---
> "Lgn-B2-vts.title" = "未使用のスタイルを削除";
24c24
< "OId-Tg-VIi.title" = "Import Styles...";
---
> "OId-Tg-VIi.title" = "スタイルをインポート...";
27c27
< "RcV-Sz-iZo.title" = "Show Samples";
---
> "RcV-Sz-iZo.title" = "サンプルを表示";
30c30
< "Rh9-Ps-OHa.ibShadowedToolTip" = "Update Paragraph Style";
---
> "Rh9-Ps-OHa.ibShadowedToolTip" = "段落スタイルを更新";
33c33
< "Vgf-tk-IjW.ibShadowedToolTip" = "Reapply Text Styles";
---
> "Vgf-tk-IjW.ibShadowedToolTip" = "テキストスタイルを再適用";
36c36
< "b6p-Fa-Ddd.ibShadowedToolTip" = "Create Group Style";
---
> "b6p-Fa-Ddd.ibShadowedToolTip" = "グループスタイルを作成";
39c39
< "fa9-va-eXb.title" = "Table View Cell";
---
> "fa9-va-eXb.title" = "表ビューセル";
42c42
< "i33-nF-hhe.ibShadowedToolTip" = "Update Character Style";
---
> "i33-nF-hhe.ibShadowedToolTip" = "文字スタイルを更新";
45c45
< "j2o-A4-Ib4.ibShadowedToolTip" = "Delete Style";
---
> "j2o-A4-Ib4.ibShadowedToolTip" = "スタイルを削除";
48c48
< "vIX-j6-BwL.ibShadowedToolTip" = "Create Paragraph Style";
---
> "vIX-j6-BwL.ibShadowedToolTip" = "段落スタイルを作成";
51c51
< "xmU-OP-5v3.ibShadowedToolTip" = "Create Character Style";
---
> "xmU-OP-5v3.ibShadowedToolTip" = "文字スタイルを作成";
