11,12c11,12
< /* Class = "NSTextFieldCell"; title = "Inside"; ObjectID = "CsR-al-uSl"; */
< "CsR-al-uSl.title" = "Inside";
---
> /* Class = "NSTextFieldCell"; title = "안으로"; ObjectID = "CsR-al-uSl"; */
> "CsR-al-uSl.title" = "안으로";
14,15c14,15
< /* Class = "NSWindow"; title = "Text Wrap"; ObjectID = "F0z-JX-Cv5"; */
< "F0z-JX-Cv5.title" = "Text Wrap";
---
> /* Class = "NSWindow"; title = "줄바꿈"; ObjectID = "F0z-JX-Cv5"; */
> "F0z-JX-Cv5.title" = "줄바꿈";
20,21c20,21
< /* Class = "NSTextFieldCell"; title = "Right:"; ObjectID = "NGi-Or-K5E"; */
< "NGi-Or-K5E.title" = "Right:";
---
> /* Class = "NSTextFieldCell"; title = "오른쪽:"; ObjectID = "NGi-Or-K5E"; */
> "NGi-Or-K5E.title" = "오른쪽:";
26,27c26,27
< /* Class = "NSTextFieldCell"; title = "Bottom:"; ObjectID = "Wbd-aw-Bfu"; */
< "Wbd-aw-Bfu.title" = "Bottom:";
---
> /* Class = "NSTextFieldCell"; title = "아래쪽"; ObjectID = "Wbd-aw-Bfu"; */
> "Wbd-aw-Bfu.title" = "아래쪽";
35,36c35,36
< /* Class = "NSButtonCell"; title = "Close"; ObjectID = "f6C-uE-Ihk"; */
< "f6C-uE-Ihk.title" = "Close";
---
> /* Class = "NSButtonCell"; title = "닫기"; ObjectID = "f6C-uE-Ihk"; */
> "f6C-uE-Ihk.title" = "닫기";
38,39c38,39
< /* Class = "NSTextFieldCell"; title = "Top:"; ObjectID = "hT1-XM-vnw"; */
< "hT1-XM-vnw.title" = "Top:";
---
> /* Class = "NSTextFieldCell"; title = "위쪽:"; ObjectID = "hT1-XM-vnw"; */
> "hT1-XM-vnw.title" = "위쪽:";
50,51c50,51
< /* Class = "NSTextFieldCell"; title = "None"; ObjectID = "sfh-Q6-ITK"; */
< "sfh-Q6-ITK.title" = "None";
---
> /* Class = "NSTextFieldCell"; title = "없음"; ObjectID = "sfh-Q6-ITK"; */
> "sfh-Q6-ITK.title" = "없음";
53,54c53,54
< /* Class = "NSTextFieldCell"; title = "Edge"; ObjectID = "tIS-kh-Bra"; */
< "tIS-kh-Bra.title" = "Edge";
---
> /* Class = "NSTextFieldCell"; title = "모서리"; ObjectID = "tIS-kh-Bra"; */
> "tIS-kh-Bra.title" = "모서리";
56,57c56,57
< /* Class = "NSTextFieldCell"; title = "Square"; ObjectID = "v3b-cC-VbE"; */
< "v3b-cC-VbE.title" = "Square";
---
> /* Class = "NSTextFieldCell"; title = "사각형"; ObjectID = "v3b-cC-VbE"; */
> "v3b-cC-VbE.title" = "사각형";
59,60c59,60
< /* Class = "NSTextFieldCell"; title = "Tight"; ObjectID = "wVT-5P-FS5"; */
< "wVT-5P-FS5.title" = "Tight";
---
> /* Class = "NSTextFieldCell"; title = "좁은"; ObjectID = "wVT-5P-FS5"; */
> "wVT-5P-FS5.title" = "좁은";
62,63c62,63
< /* Class = "NSTextFieldCell"; title = "Left:"; ObjectID = "zDA-IN-AKn"; */
< "zDA-IN-AKn.title" = "Left:";
---
> /* Class = "NSTextFieldCell"; title = "왼쪽:"; ObjectID = "zDA-IN-AKn"; */
> "zDA-IN-AKn.title" = "왼쪽:";
