2,11c2
< ---
< ---
< ---
< 12c12
< 15c15
< 3c3
< 6c6
< < "1.title" = "Toast";
< < "13.title" = "This is the title";
< < "15.title" = "This is the description, the description goes here and can span multiple lines. ";
---
> 5,6c5,6
13,16c4,6
< > "1.title" = "トースト";
< > "13.title" = "これはタイトルです";
< > "15.title" = "これは説明です。説明をここに、複数行にわたって記述できます。 ";
< > "6.title" = "キャンセル";
---
> < /* Class = "NSButtonCell"; title = "Cancel"; ObjectID = "6"; */
> > "6.title" = "취소";
> > /* Class = "NSButtonCell"; title = "취소"; ObjectID = "6"; */
