2,7c2,4
< 12c12
< 15c15
< 18c18
< 3c3
< 6c6
< 9c9
---
> 11,12c11,12
> 17,18c17,18
> 2,3c2,3
9,10d5
< < "Iuh-Os-6cO.headerCell.title" = "Style Name";
< < "KBD-86-DXz.title" = "Table View Cell";
12d6
< < "bKg-e4-gdz.ibShadowedToolTip" = "Tick to include paragraphs of this style as TOC entries";
14,19c8,16
< > "Ha5-kz-N2h.title" = "テキストセル";
< > "Iuh-Os-6cO.headerCell.title" = "スタイル名";
< > "KBD-86-DXz.title" = "表ビューセル";
< > "UEa-Jv-d4q.title" = "テキストセル";
< > "bKg-e4-gdz.ibShadowedToolTip" = "このスタイルの段落を目次エントリとして含める場合はチェックします";
< > "kWC-zg-LDk.title" = "テキストセル";
---
> > "Ha5-kz-N2h.title" = "텍스트 셀";
> > "UEa-Jv-d4q.title" = "텍스트 셀";
> > "kWC-zg-LDk.title" = "텍스트 셀";
