1c1,2
< 3c3
---
> 2,3c2,3
> < /* Class = "NSTextFieldCell"; title = "Text Cell"; ObjectID = "Ha5-kz-N2h"; */
4,13c5,8
< > "Ha5-kz-N2h.title" = "テキストセル";
< 6c6
< < "Iuh-Os-6cO.headerCell.title" = "Style Name";
< ---
< > "Iuh-Os-6cO.headerCell.title" = "スタイル名";
< 9c9
< < "KBD-86-DXz.title" = "Table View Cell";
< ---
< > "KBD-86-DXz.title" = "表ビューセル";
< 12c12
---
> > /* Class = "NSTextFieldCell"; title = "텍스트 셀"; ObjectID = "Ha5-kz-N2h"; */
> > "Ha5-kz-N2h.title" = "텍스트 셀";
> 11,12c11,12
> < /* Class = "NSTextFieldCell"; title = "Text Cell"; ObjectID = "UEa-Jv-d4q"; */
16,21c11,14
< > "UEa-Jv-d4q.title" = "テキストセル";
< 15c15
< < "bKg-e4-gdz.ibShadowedToolTip" = "Tick to include paragraphs of this style as TOC entries";
< ---
< > "bKg-e4-gdz.ibShadowedToolTip" = "このスタイルの段落を目次エントリとして含める場合はチェックします";
< 18c18
---
> > /* Class = "NSTextFieldCell"; title = "텍스트 셀"; ObjectID = "UEa-Jv-d4q"; */
> > "UEa-Jv-d4q.title" = "텍스트 셀";
> 17,18c17,18
> < /* Class = "NSTextFieldCell"; title = "Text Cell"; ObjectID = "kWC-zg-LDk"; */
24c17,18
< > "kWC-zg-LDk.title" = "テキストセル";
---
> > /* Class = "NSTextFieldCell"; title = "텍스트 셀"; ObjectID = "kWC-zg-LDk"; */
> > "kWC-zg-LDk.title" = "텍스트 셀";
