3c3
< "Ha5-kz-N2h.title" = "Text Cell";
---
> "Ha5-kz-N2h.title" = "テキストセル";
6c6
< "Iuh-Os-6cO.headerCell.title" = "Style Name";
---
> "Iuh-Os-6cO.headerCell.title" = "スタイル名";
9c9
< "KBD-86-DXz.title" = "Table View Cell";
---
> "KBD-86-DXz.title" = "表ビューセル";
12c12
< "UEa-Jv-d4q.title" = "Text Cell";
---
> "UEa-Jv-d4q.title" = "テキストセル";
15c15
< "bKg-e4-gdz.ibShadowedToolTip" = "Tick to include paragraphs of this style as TOC entries";
---
> "bKg-e4-gdz.ibShadowedToolTip" = "このスタイルの段落を目次エントリとして含める場合はチェックします";
18c18
< "kWC-zg-LDk.title" = "Text Cell";
---
> "kWC-zg-LDk.title" = "テキストセル";
