2,7c2,5
< 12c12
< 15c15
< 18c18
< 3c3
< 6c6
< 9c9
---
> 11,12c11,12
> 2,3c2,3
> 5,6c5,6
> 8,9c8,9
12,19c10,21
< < "pjW-6a-wYS.ibShadowedToolTip" = "Add Brush Overlay";
< < "xNS-TC-r4Y.title" = "Table View Cell";
< > "4If-Xd-aO7.ibShadowedToolTip" = "グラデーションオーバーレイを追加";
< > "4nC-CO-kKZ.ibShadowedToolTip" = "オーバーレイを削除";
< > "Ipc-ah-zqy.title" = "テキストセル";
< > "bU9-nI-7Qw.title" = "不透明度:";
< > "pjW-6a-wYS.ibShadowedToolTip" = "ブラシオーバーレイを追加";
< > "xNS-TC-r4Y.title" = "表ビューセル";
---
> < /* Class = "NSButton"; ibShadowedToolTip = "Add Gradient Overlay"; ObjectID = "4If-Xd-aO7"; */
> < /* Class = "NSButton"; ibShadowedToolTip = "Delete Overlay"; ObjectID = "4nC-CO-kKZ"; */
> < /* Class = "NSTextFieldCell"; title = "Opacity:"; ObjectID = "bU9-nI-7Qw"; */
> < /* Class = "NSTextFieldCell"; title = "Text Cell"; ObjectID = "Ipc-ah-zqy"; */
> > "4If-Xd-aO7.ibShadowedToolTip" = "그레이디언트 오버레이 추가";
> > "4nC-CO-kKZ.ibShadowedToolTip" = "오버레이 지우기";
> > "Ipc-ah-zqy.title" = "텍스트 셀";
> > "bU9-nI-7Qw.title" = "불투명도:";
> > /* Class = "NSButton"; ibShadowedToolTip = "오버레이 지우기"; ObjectID = "4nC-CO-kKZ"; */
> > /* Class = "NSButton"; ibShadowedToolTip = "그레이디언트 오버레이 추가"; ObjectID = "4If-Xd-aO7"; */
> > /* Class = "NSTextFieldCell"; title = "텍스트 셀"; ObjectID = "Ipc-ah-zqy"; */
> > /* Class = "NSTextFieldCell"; title = "불투명도:"; ObjectID = "bU9-nI-7Qw"; */
