12,30c12,22
< ---
< ---
< ---
< ---
< 12c12
< 15c15
< 18c18
< 21c21
< 24c24
< 27c27
< 30c30
< 33c33
< 36c36
< 39c39
< 42c42
< 45c45
< 48c48
< 6c6
< 9c9
---
> 11,12c11,12
> 14,15c14,15
> 17,18c17,18
> 20,21c20,21
> 23,24c23,24
> 29,30c29,30
> 35,36c35,36
> 38,39c38,39
> 44,45c44,45
> 5,6c5,6
> 8,9c8,9
38d29
< < "9bz-aZ-Pjf.title" = "Main Menu";
40d30
< < "dpg-pI-boZ.title" = "Move Preset to Category";
43d32
< < "rD9-jN-h72.title" = "Export Presets…";
45,60c34,66
< < "xlO-uy-hGK.title" = "Move Preset to Category";
< > "0xZ-ca-7WO.title" = "新規カテゴリを作成";
< > "29x-ZG-4UJ.title" = "カテゴリ名を変更…";
< > "683.title" = "ユーザー定義";
< > "684.title" = "標準";
< > "685.title" = "カテゴリ";
< > "6wi-GB-u1Y.title" = "プリセットをインポート…";
< > "8Mu-k9-rUv.title" = "プリセットを削除";
< > "9bz-aZ-Pjf.title" = "メインメニュー";
< > "FMS-rv-LVv.title" = "カテゴリを削除";
< > "dpg-pI-boZ.title" = "プリセットをカテゴリに移動";
< > "gLd-p3-n9l.title" = "ブラシ項目コンテキストメニュー";
< > "rBF-Fx-fJ3.title" = "プリセット名の変更…";
< > "rD9-jN-h72.title" = "プリセットを書き出し…";
< > "rjh-yd-yX0.title" = "プリセットを追加";
< > "xlO-uy-hGK.title" = "プリセットをカテゴリに移動";
---
> < /* Class = "NSMenu"; title = "Brush Item Context Menu"; ObjectID = "gLd-p3-n9l"; */
> < /* Class = "NSMenuItem"; title = "Add Preset"; ObjectID = "rjh-yd-yX0"; */
> < /* Class = "NSMenuItem"; title = "Categories"; ObjectID = "685"; */
> < /* Class = "NSMenuItem"; title = "Create New Category"; ObjectID = "0xZ-ca-7WO"; */
> < /* Class = "NSMenuItem"; title = "Delete Category"; ObjectID = "FMS-rv-LVv"; */
> < /* Class = "NSMenuItem"; title = "Delete Preset"; ObjectID = "8Mu-k9-rUv"; */
> < /* Class = "NSMenuItem"; title = "Import Presets…"; ObjectID = "6wi-GB-u1Y"; */
> < /* Class = "NSMenuItem"; title = "Rename Category…"; ObjectID = "29x-ZG-4UJ"; */
> < /* Class = "NSMenuItem"; title = "Rename Preset…"; ObjectID = "rBF-Fx-fJ3"; */
> < /* Class = "NSMenuItem"; title = "Standard"; ObjectID = "684"; */
> < /* Class = "NSMenuItem"; title = "User Defined"; ObjectID = "683"; */
> > "0xZ-ca-7WO.title" = "신규 범주 생성";
> > "29x-ZG-4UJ.title" = "범주 이름 변경…";
> > "683.title" = "사용자 정의";
> > "684.title" = "표준";
> > "685.title" = "범주";
> > "6wi-GB-u1Y.title" = "미리 설정 들여오기…";
> > "8Mu-k9-rUv.title" = "미리 설정 지우기";
> > "FMS-rv-LVv.title" = "범주 지우기";
> > "gLd-p3-n9l.title" = "브러시 항목 상황별 메뉴";
> > "rBF-Fx-fJ3.title" = "미리 설정 이름 변경…";
> > "rjh-yd-yX0.title" = "미리 설정 추가";
> > /* Class = "NSMenu"; title = "브러시 항목 상황별 메뉴"; ObjectID = "gLd-p3-n9l"; */
> > /* Class = "NSMenuItem"; title = "미리 설정 이름 변경…"; ObjectID = "rBF-Fx-fJ3"; */
> > /* Class = "NSMenuItem"; title = "신규 범주 생성"; ObjectID = "0xZ-ca-7WO"; */
> > /* Class = "NSMenuItem"; title = "미리 설정 추가"; ObjectID = "rjh-yd-yX0"; */
> > /* Class = "NSMenuItem"; title = "범주 이름 변경…"; ObjectID = "29x-ZG-4UJ"; */
> > /* Class = "NSMenuItem"; title = "미리 설정 지우기"; ObjectID = "8Mu-k9-rUv"; */
> > /* Class = "NSMenuItem"; title = "미리 설정 들여오기…"; ObjectID = "6wi-GB-u1Y"; */
> > /* Class = "NSMenuItem"; title = "범주 지우기"; ObjectID = "FMS-rv-LVv"; */
> > /* Class = "NSMenuItem"; title = "표준"; ObjectID = "684"; */
> > /* Class = "NSMenuItem"; title = "범주"; ObjectID = "685"; */
> > /* Class = "NSMenuItem"; title = "사용자 정의"; ObjectID = "683"; */
