3c3
< "146.title" = "Enhance";
---
> "146.title" = "エンハンス";
6c6
< "148.title" = "Contrast";
---
> "148.title" = "コントラスト";
9c9
< "517.title" = "Exposure";
---
> "517.title" = "露出";
12c12
< "519.title" = "Exposure";
---
> "519.title" = "露出";
15c15
< "3wO-YA-YAH.title" = "Blackpoint";
---
> "3wO-YA-YAH.title" = "黒点";
18c18
< "5nq-ru-9PA.title" = "Master";
---
> "5nq-ru-9PA.title" = "マスター";
21c21
< "646-Pn-2Hn.title" = "Red";
---
> "646-Pn-2Hn.title" = "赤";
24c24
< "73u-lT-udc.title" = "Blue";
---
> "73u-lT-udc.title" = "青";
27c27
< "DNr-qx-4Ed.title" = "Green";
---
> "DNr-qx-4Ed.title" = "緑";
30c30
< "DVJ-em-n7g.title" = "Main";
---
> "DVJ-em-n7g.title" = "メイン";
33c33
< "FVl-by-VIj.title" = "Extreme";
---
> "FVl-by-VIj.title" = "最大";
36c36
< "G3Z-Ns-9XA.title" = "Detail";
---
> "G3Z-Ns-9XA.title" = "ディテール";
39c39
< "GxU-EK-ePK.title" = "Local Contrast";
---
> "GxU-EK-ePK.title" = "ローカルコントラスト";
42c42
< "H9q-Do-dsI.title" = "Shadows & Highlights";
---
> "H9q-Do-dsI.title" = "シャドウとハイライト";
45c45
< "I59-eF-BMf.title" = "Tone Compression";
---
> "I59-eF-BMf.title" = "トーン圧縮";
48c48
< "IMQ-FH-n0C.title" = "Details";
---
> "IMQ-FH-n0C.title" = "ディテール";
51c51
< "IQF-8H-Ezg.title" = "Colors";
---
> "IQF-8H-Ezg.title" = "カラー";
54c54
< "Olc-Kg-HVM.title" = "Brightness";
---
> "Olc-Kg-HVM.title" = "明るさ";
57c57
< "R2e-xA-CeU.title" = "Curves";
---
> "R2e-xA-CeU.title" = "カーブ";
60c60
< "S9o-5I-gKZ.title" = "Coarse";
---
> "S9o-5I-gKZ.title" = "粗い";
63c63
< "SI8-RD-LbE.title" = "Clamp to SDR";
---
> "SI8-RD-LbE.title" = "SDRに固定";
66c66
< "TOA-3W-Uit.title" = "Highlights";
---
> "TOA-3W-Uit.title" = "ハイライト";
69c69
< "Z0z-wa-lr2.title" = "Luminance";
---
> "Z0z-wa-lr2.title" = "輝度";
72c72
< "Z3v-D7-xVW.title" = "Vibrance";
---
> "Z3v-D7-xVW.title" = "自然な彩度";
75c75
< "adM-kp-T68.title" = "Saturation";
---
> "adM-kp-T68.title" = "彩度";
78c78
< "e4B-aZ-cjY.title" = "Extreme";
---
> "e4B-aZ-cjY.title" = "最大";
84c84
< "gou-zL-xzk.title" = "Medium";
---
> "gou-zL-xzk.title" = "中";
87c87
< "gvs-8F-iJJ.title" = "Temperature";
---
> "gvs-8F-iJJ.title" = "温度";
90c90
< "hRc-ek-dPD.title" = "White Balance";
---
> "hRc-ek-dPD.title" = "ホワイトバランス";
93c93
< "iIo-N8-yn1.title" = "Detail Refinement";
---
> "iIo-N8-yn1.title" = "ディテール調整";
96c96
< "lOh-fh-6cu.title" = "Shadows";
---
> "lOh-fh-6cu.title" = "シャドウ";
99c99
< "pGA-c5-XDE.title" = "Noise Reduction";
---
> "pGA-c5-XDE.title" = "ノイズ軽減";
102c102
< "qOl-tL-vQE.title" = "Tint";
---
> "qOl-tL-vQE.title" = "色合い";
105c105
< "ry5-OH-miu.title" = "Fine";
---
> "ry5-OH-miu.title" = "詳細";
108c108
< "sYs-IA-PBA.title" = "Radius";
---
> "sYs-IA-PBA.title" = "半径";
111c111
< "uYT-Im-XCd.title" = "Amount";
---
> "uYT-Im-XCd.title" = "量";
114c114
< "xAa-F7-hRU.title" = "Contribution";
---
> "xAa-F7-hRU.title" = "レベル";
