3c3
< "4If-Xd-aO7.ibShadowedToolTip" = "Add Gradient Overlay";
---
> "4If-Xd-aO7.ibShadowedToolTip" = "グラデーションオーバーレイを追加";
6c6
< "4nC-CO-kKZ.ibShadowedToolTip" = "Delete Overlay";
---
> "4nC-CO-kKZ.ibShadowedToolTip" = "オーバーレイを削除";
9c9
< "Ipc-ah-zqy.title" = "Text Cell";
---
> "Ipc-ah-zqy.title" = "テキストセル";
12c12
< "bU9-nI-7Qw.title" = "Opacity:";
---
> "bU9-nI-7Qw.title" = "不透明度:";
15c15
< "pjW-6a-wYS.ibShadowedToolTip" = "Add Brush Overlay";
---
> "pjW-6a-wYS.ibShadowedToolTip" = "ブラシオーバーレイを追加";
18c18
< "xNS-TC-r4Y.title" = "Table View Cell";
---
> "xNS-TC-r4Y.title" = "表ビューセル";
