6c6
< "683.title" = "User Defined";
---
> "683.title" = "ユーザー定義";
9c9
< "684.title" = "Standard";
---
> "684.title" = "標準";
12c12
< "685.title" = "Categories";
---
> "685.title" = "カテゴリ";
15c15
< "0xZ-ca-7WO.title" = "Create New Category";
---
> "0xZ-ca-7WO.title" = "新規カテゴリを作成";
18c18
< "29x-ZG-4UJ.title" = "Rename Category…";
---
> "29x-ZG-4UJ.title" = "カテゴリ名を変更…";
21c21
< "6wi-GB-u1Y.title" = "Import Presets…";
---
> "6wi-GB-u1Y.title" = "プリセットをインポート…";
24c24
< "8Mu-k9-rUv.title" = "Delete Preset";
---
> "8Mu-k9-rUv.title" = "プリセットを削除";
27c27
< "9bz-aZ-Pjf.title" = "Main Menu";
---
> "9bz-aZ-Pjf.title" = "メインメニュー";
30c30
< "FMS-rv-LVv.title" = "Delete Category";
---
> "FMS-rv-LVv.title" = "カテゴリを削除";
33c33
< "dpg-pI-boZ.title" = "Move Preset to Category";
---
> "dpg-pI-boZ.title" = "プリセットをカテゴリに移動";
36c36
< "gLd-p3-n9l.title" = "Brush Item Context Menu";
---
> "gLd-p3-n9l.title" = "ブラシ項目コンテキストメニュー";
39c39
< "rBF-Fx-fJ3.title" = "Rename Preset…";
---
> "rBF-Fx-fJ3.title" = "プリセット名の変更…";
42c42
< "rD9-jN-h72.title" = "Export Presets…";
---
> "rD9-jN-h72.title" = "プリセットを書き出し…";
45c45
< "rjh-yd-yX0.title" = "Add Preset";
---
> "rjh-yd-yX0.title" = "プリセットを追加";
48c48
< "xlO-uy-hGK.title" = "Move Preset to Category";
---
> "xlO-uy-hGK.title" = "プリセットをカテゴリに移動";
