1c1,2
< 3c3
---
> 2,3c2,3
> < /* Class = "NSButtonCell"; title = "Done"; ObjectID = "5"; */
4,5c5,8
< > "5.title" = "完了";
< 6c6
---
> > /* Class = "NSButtonCell"; title = "완료"; ObjectID = "5"; */
> > "5.title" = "완료";
> 5,6c5,6
> < /* Class = "NSTextFieldCell"; title = "Show"; ObjectID = "8"; */
8,9c11,14
< > "8.title" = "表示";
< 12c12
---
> > /* Class = "NSTextFieldCell"; title = "보기"; ObjectID = "8"; */
> > "8.title" = "보기";
> 11,12c11,12
> < /* Class = "NSMenuItem"; title = "Icon and Text"; ObjectID = "22"; */
12,13c17,20
< > "22.title" = "アイコンとテキスト";
< 15c15
---
> > /* Class = "NSMenuItem"; title = "아이콘과 텍스트"; ObjectID = "22"; */
> > "22.title" = "아이콘과 텍스트";
> 14,15c14,15
> < /* Class = "NSMenuItem"; title = "Icon Only"; ObjectID = "23"; */
16,24c23,24
< > "23.title" = "アイコンのみ";
< 18c18
< < "31.title" = "... or drag the default set into the toolbar.";
< ---
< > "31.title" = "... または、デフォルトセットをツールバーにドラッグします。";
< 21c21
< < "33.title" = "Drag your favorite items into the toolbar...";
< ---
< > "33.title" = "お気に入り項目をツールバーにドラッグします...";
---
> > /* Class = "NSMenuItem"; title = "아이콘만"; ObjectID = "23"; */
> > "23.title" = "아이콘만";
