2,7c2,5
< 12c12
< 15c15
< 18c18
< 21c21
< 3c3
< 6c6
---
> 11,12c11,12
> 14,15c14,15
> 2,3c2,3
> 5,6c5,6
10,11d7
< < "31.title" = "... or drag the default set into the toolbar.";
< < "33.title" = "Drag your favorite items into the toolbar...";
14,19c10,21
< > "22.title" = "アイコンとテキスト";
< > "23.title" = "アイコンのみ";
< > "31.title" = "... または、デフォルトセットをツールバーにドラッグします。";
< > "33.title" = "お気に入り項目をツールバーにドラッグします...";
< > "5.title" = "完了";
< > "8.title" = "表示";
---
> > "22.title" = "아이콘과 텍스트";
> > "23.title" = "아이콘만";
> > "5.title" = "완료";
> > "8.title" = "보기";
