---
---
---
---
---
---
---
---
---
---
---
11,12c11,12
14,15c14,15
17,18c17,18
20,21c20,21
26,27c26,27
29,30c29,30
35,36c35,36
38,39c38,39
41,42c41,42
44,45c44,45
47,48c47,48
< "13.title" = "Delete";
< "14.title" = "Copy";
< "15.title" = "Insert";
< "31.title" = "Position:";
< "33.title" = "Opacity:";
< "34.title" = "Type:";
< "37.title" = "Conical";
< "38.title" = "Elliptical";
< "39.title" = "Radial";
< "40.title" = "Linear";
< "41.title" = "Close";
< /* Class = "NSButtonCell"; title = "Close"; ObjectID = "41"; */
< /* Class = "NSButtonCell"; title = "Copy"; ObjectID = "14"; */
< /* Class = "NSButtonCell"; title = "Delete"; ObjectID = "13"; */
< /* Class = "NSButtonCell"; title = "Insert"; ObjectID = "15"; */
< /* Class = "NSMenuItem"; title = "Conical"; ObjectID = "37"; */
< /* Class = "NSMenuItem"; title = "Elliptical"; ObjectID = "38"; */
< /* Class = "NSMenuItem"; title = "Linear"; ObjectID = "40"; */
< /* Class = "NSMenuItem"; title = "Radial"; ObjectID = "39"; */
< /* Class = "NSTextFieldCell"; title = "Opacity:"; ObjectID = "33"; */
< /* Class = "NSTextFieldCell"; title = "Position:"; ObjectID = "31"; */
< /* Class = "NSTextFieldCell"; title = "Type:"; ObjectID = "34"; */
> "13.title" = "지우기";
> "14.title" = "복사";
> "15.title" = "삽입";
> "31.title" = "위치:";
> "33.title" = "불투명도:";
> "34.title" = "종류:";
> "37.title" = "원뿔형";
> "38.title" = "타원형";
> "39.title" = "방사형";
> "40.title" = "선형";
> "41.title" = "닫기";
> /* Class = "NSButtonCell"; title = "복사"; ObjectID = "14"; */
> /* Class = "NSButtonCell"; title = "삽입"; ObjectID = "15"; */
> /* Class = "NSButtonCell"; title = "닫기"; ObjectID = "41"; */
> /* Class = "NSButtonCell"; title = "지우기"; ObjectID = "13"; */
> /* Class = "NSMenuItem"; title = "선형"; ObjectID = "40"; */
> /* Class = "NSMenuItem"; title = "원뿔형"; ObjectID = "37"; */
> /* Class = "NSMenuItem"; title = "타원형"; ObjectID = "38"; */
> /* Class = "NSMenuItem"; title = "방사형"; ObjectID = "39"; */
> /* Class = "NSTextFieldCell"; title = "위치:"; ObjectID = "31"; */
> /* Class = "NSTextFieldCell"; title = "종류:"; ObjectID = "34"; */
> /* Class = "NSTextFieldCell"; title = "불투명도:"; ObjectID = "33"; */
