3c3
< "3.ibShadowedToolTip" = "Rotation";
---
> "3.ibShadowedToolTip" = "回転";
6c6
< "7.ibShadowedToolTip" = "Shear";
---
> "7.ibShadowedToolTip" = "シアー";
15c15
< "38.ibShadowedToolTip" = "X Position";
---
> "38.ibShadowedToolTip" = "X方向の位置";
21c21
< "40.ibShadowedToolTip" = "Y Position";
---
> "40.ibShadowedToolTip" = "Y方向の位置";
27c27
< "44.ibShadowedToolTip" = "Width";
---
> "44.ibShadowedToolTip" = "幅";
33c33
< "46.ibShadowedToolTip" = "Height";
---
> "46.ibShadowedToolTip" = "高さ";
42c42
< "39z-HQ-peQ.ibShadowedToolTip" = "X Offset";
---
> "39z-HQ-peQ.ibShadowedToolTip" = "Xオフセット";
45c45
< "8Z5-0y-kKX.ibShadowedToolTip" = "Scale";
---
> "8Z5-0y-kKX.ibShadowedToolTip" = "スケール";
48c48
< "IZG-VJ-Z9W.ibShadowedToolTip" = "Y Offset";
---
> "IZG-VJ-Z9W.ibShadowedToolTip" = "Yオフセット";
57c57
< "U34-dz-JbJ.ibShadowedToolTip" = "Length";
---
> "U34-dz-JbJ.ibShadowedToolTip" = "長さ";
60c60
< "XHQ-fi-VzW.ibShadowedToolTip" = "Rotate";
---
> "XHQ-fi-VzW.ibShadowedToolTip" = "回転";
