2,12c2,12
< 15c15
< 21c21
< 27c27
< 33c33
< 3c3
< 42c42
< 45c45
< 48c48
< 57c57
< 60c60
< 6c6
---
> 14,15c14,15
> 2,3c2,3
> 20,21c20,21
> 26,27c26,27
> 32,33c32,33
> 41,42c41,42
> 44,45c44,45
> 47,48c47,48
> 5,6c5,6
> 56,57c56,57
> 59,60c59,60
24,34c24,56
< > "3.ibShadowedToolTip" = "回転";
< > "38.ibShadowedToolTip" = "X方向の位置";
< > "39z-HQ-peQ.ibShadowedToolTip" = "Xオフセット";
< > "40.ibShadowedToolTip" = "Y方向の位置";
< > "44.ibShadowedToolTip" = "幅";
< > "46.ibShadowedToolTip" = "高さ";
< > "7.ibShadowedToolTip" = "シアー";
< > "8Z5-0y-kKX.ibShadowedToolTip" = "スケール";
< > "IZG-VJ-Z9W.ibShadowedToolTip" = "Yオフセット";
< > "U34-dz-JbJ.ibShadowedToolTip" = "長さ";
< > "XHQ-fi-VzW.ibShadowedToolTip" = "回転";
---
> > "3.ibShadowedToolTip" = "회전";
> > "38.ibShadowedToolTip" = "X 위치";
> > "39z-HQ-peQ.ibShadowedToolTip" = "X 편차";
> > "40.ibShadowedToolTip" = "Y 위치";
> > "44.ibShadowedToolTip" = "너비";
> > "46.ibShadowedToolTip" = "높이";
> > "7.ibShadowedToolTip" = "비틀기";
> > "8Z5-0y-kKX.ibShadowedToolTip" = "배율";
> > "IZG-VJ-Z9W.ibShadowedToolTip" = "Y 편차";
> > "U34-dz-JbJ.ibShadowedToolTip" = "길이";
> > "XHQ-fi-VzW.ibShadowedToolTip" = "회전";
