1c1,2
< 3c3
---
> 2,3c2,3
> < /* Class = "NSButtonCell"; title = "Copy"; ObjectID = "1Dp-FQ-PVb"; */
4,5c5,8
< > "1Dp-FQ-PVb.title" = "コピー";
< 6c6
---
> > /* Class = "NSButtonCell"; title = "복사"; ObjectID = "1Dp-FQ-PVb"; */
> > "1Dp-FQ-PVb.title" = "복사";
> 5,6c5,6
> < /* Class = "NSMenuItem"; title = "Linear"; ObjectID = "92N-BY-b5E"; */
8,9c11,14
< > "92N-BY-b5E.title" = "線形";
< 9c9
---
> > /* Class = "NSMenuItem"; title = "선형"; ObjectID = "92N-BY-b5E"; */
> > "92N-BY-b5E.title" = "선형";
> 8,9c8,9
> < /* Class = "NSTextFieldCell"; title = "Opacity:"; ObjectID = "Ei0-hI-9VN"; */
12,13c17,20
< > "Ei0-hI-9VN.title" = "不透明度:";
< 12c12
---
> > /* Class = "NSTextFieldCell"; title = "불투명도:"; ObjectID = "Ei0-hI-9VN"; */
> > "Ei0-hI-9VN.title" = "불투명도:";
> 11,12c11,12
> < /* Class = "NSMenuItem"; title = "Conical"; ObjectID = "HjM-ug-kug"; */
16,21c23,26
< > "HjM-ug-kug.title" = "円錐形";
< 15c15
< < "MEQ-M2-l7C.title" = "Stop:";
< ---
< > "MEQ-M2-l7C.title" = "終点:";
< 18c18
---
> > /* Class = "NSMenuItem"; title = "원뿔형"; ObjectID = "HjM-ug-kug"; */
> > "HjM-ug-kug.title" = "원뿔형";
> 17,18c17,18
> < /* Class = "NSTextFieldCell"; title = "Type:"; ObjectID = "PiU-7o-NrL"; */
24,25c29,32
< > "PiU-7o-NrL.title" = "タイプ:";
< 21c21
---
> > /* Class = "NSTextFieldCell"; title = "종류:"; ObjectID = "PiU-7o-NrL"; */
> > "PiU-7o-NrL.title" = "종류:";
> 20,21c20,21
> < /* Class = "NSButtonCell"; title = "Delete"; ObjectID = "QRf-mf-Poi"; */
28,33c35,38
< > "QRf-mf-Poi.title" = "削除";
< 24c24
< < "Sr8-4R-2AB.title" = "Mid Point:";
< ---
< > "Sr8-4R-2AB.title" = "中間点:";
< 27c27
---
> > /* Class = "NSButtonCell"; title = "지우기"; ObjectID = "QRf-mf-Poi"; */
> > "QRf-mf-Poi.title" = "지우기";
> 26,27c26,27
> < /* Class = "NSTextFieldCell"; title = "Position:"; ObjectID = "TgV-8U-ijN"; */
36,37c41,44
< > "TgV-8U-ijN.title" = "位置:";
< 33c33
---
> > /* Class = "NSTextFieldCell"; title = "위치:"; ObjectID = "TgV-8U-ijN"; */
> > "TgV-8U-ijN.title" = "위치:";
> 32,33c32,33
> < /* Class = "NSButtonCell"; title = "Insert"; ObjectID = "apv-kE-C3S"; */
40,41c47,50
< > "apv-kE-C3S.title" = "挿入";
< 36c36
---
> > /* Class = "NSButtonCell"; title = "삽입"; ObjectID = "apv-kE-C3S"; */
> > "apv-kE-C3S.title" = "삽입";
> 35,36c35,36
> < /* Class = "NSMenuItem"; title = "Elliptical"; ObjectID = "ihr-0u-OdQ"; */
44,45c53,56
< > "ihr-0u-OdQ.title" = "楕円形";
< 39c39
---
> > /* Class = "NSMenuItem"; title = "타원형"; ObjectID = "ihr-0u-OdQ"; */
> > "ihr-0u-OdQ.title" = "타원형";
> 38,39c38,39
> < /* Class = "NSTabViewItem"; label = "Transparency"; ObjectID = "ilf-ic-9Hw"; */
48,49c59,62
< > "ilf-ic-9Hw.label" = "透明度";
< 42c42
---
> > /* Class = "NSTabViewItem"; label = "투명도"; ObjectID = "ilf-ic-9Hw"; */
> > "ilf-ic-9Hw.label" = "투명도";
> 41,42c41,42
> < /* Class = "NSMenuItem"; title = "Radial"; ObjectID = "pXi-pp-w9p"; */
52,60c65,66
< > "pXi-pp-w9p.title" = "放射状";
< 45c45
< < "pgK-SO-dAo.title" = "Gradient:";
< ---
< > "pgK-SO-dAo.title" = "グラデーション:";
< 48c48
< < "yuH-NK-FxO.title" = "Reverse";
< ---
< > "yuH-NK-FxO.title" = "反転";
---
> > /* Class = "NSMenuItem"; title = "방사형"; ObjectID = "pXi-pp-w9p"; */
> > "pXi-pp-w9p.title" = "방사형";
