---
---
---
---
---
---
---
---
---
---
---
---
---
---
---
12c12
15c15
18c18
21c21
24c24
27c27
33c33
36c36
39c39
3c3
42c42
45c45
48c48
6c6
9c9
< "1Dp-FQ-PVb.title" = "Copy";
< "92N-BY-b5E.title" = "Linear";
< "Ei0-hI-9VN.title" = "Opacity:";
< "HjM-ug-kug.title" = "Conical";
< "MEQ-M2-l7C.title" = "Stop:";
< "PiU-7o-NrL.title" = "Type:";
< "QRf-mf-Poi.title" = "Delete";
< "Sr8-4R-2AB.title" = "Mid Point:";
< "TgV-8U-ijN.title" = "Position:";
< "apv-kE-C3S.title" = "Insert";
< "ihr-0u-OdQ.title" = "Elliptical";
< "ilf-ic-9Hw.label" = "Transparency";
< "pXi-pp-w9p.title" = "Radial";
< "pgK-SO-dAo.title" = "Gradient:";
< "yuH-NK-FxO.title" = "Reverse";
> "1Dp-FQ-PVb.title" = "コピー";
> "92N-BY-b5E.title" = "線形";
> "Ei0-hI-9VN.title" = "不透明度:";
> "HjM-ug-kug.title" = "円錐形";
> "MEQ-M2-l7C.title" = "終点:";
> "PiU-7o-NrL.title" = "タイプ:";
> "QRf-mf-Poi.title" = "削除";
> "Sr8-4R-2AB.title" = "中間点:";
> "TgV-8U-ijN.title" = "位置:";
> "apv-kE-C3S.title" = "挿入";
> "ihr-0u-OdQ.title" = "楕円形";
> "ilf-ic-9Hw.label" = "透明度";
> "pXi-pp-w9p.title" = "放射状";
> "pgK-SO-dAo.title" = "グラデーション:";
> "yuH-NK-FxO.title" = "反転";
