9,16c9,16
< 12c12
< 15c15
< 18c18
< 21c21
< 24c24
< 3c3
< 6c6
< 9c9
---
> 11,12c11,12
> 14,15c14,15
> 17,18c17,18
> 2,3c2,3
> 20,21c20,21
> 23,24c23,24
> 5,6c5,6
> 8,9c8,9
25,32c25,48
< > "0kA-UE-M3n.ibShadowedToolTip" = "ミラー表示";
< > "1.title" = "渦巻き";
< > "12.title" = "角度";
< > "26.title" = "適用";
< > "409.title" = "キャンセル";
< > "88.title" = "半径";
< > "ZSb-J6-CFB.ibShadowedToolTip" = "分割表示なし";
< > "bsA-EH-3aR.ibShadowedToolTip" = "分割表示";
---
> < /* Class = "NSButton"; ibShadowedToolTip = "Mirror view"; ObjectID = "0kA-UE-M3n"; */
> < /* Class = "NSButton"; ibShadowedToolTip = "No split view"; ObjectID = "ZSb-J6-CFB"; */
> < /* Class = "NSButton"; ibShadowedToolTip = "Split view"; ObjectID = "bsA-EH-3aR"; */
> < /* Class = "NSButtonCell"; title = "Apply"; ObjectID = "26"; */
> < /* Class = "NSButtonCell"; title = "Cancel"; ObjectID = "409"; */
> < /* Class = "NSTextFieldCell"; title = "Angle"; ObjectID = "12"; */
> < /* Class = "NSTextFieldCell"; title = "Radius"; ObjectID = "88"; */
> < /* Class = "NSWindow"; title = "Twirl"; ObjectID = "1"; */
> > "0kA-UE-M3n.ibShadowedToolTip" = "거울 뷰 모드";
> > "1.title" = "소용돌이";
> > "12.title" = "각도";
> > "26.title" = "적용";
> > "409.title" = "취소";
> > "88.title" = "반지름";
> > "ZSb-J6-CFB.ibShadowedToolTip" = "분할 뷰 모드 해제";
> > "bsA-EH-3aR.ibShadowedToolTip" = "분할 뷰 모드";
> > /* Class = "NSButton"; ibShadowedToolTip = "분할 뷰 모드 해제"; ObjectID = "ZSb-J6-CFB"; */
> > /* Class = "NSButton"; ibShadowedToolTip = "거울 뷰 모드"; ObjectID = "0kA-UE-M3n"; */
> > /* Class = "NSButton"; ibShadowedToolTip = "분할 뷰 모드"; ObjectID = "bsA-EH-3aR"; */
> > /* Class = "NSButtonCell"; title = "적용"; ObjectID = "26"; */
> > /* Class = "NSButtonCell"; title = "취소"; ObjectID = "409"; */
> > /* Class = "NSTextFieldCell"; title = "각도"; ObjectID = "12"; */
> > /* Class = "NSTextFieldCell"; title = "반지름"; ObjectID = "88"; */
> > /* Class = "NSWindow"; title = "소용돌이"; ObjectID = "1"; */
