2,3c2,3
< /* Class = "NSWindow"; title = "Twirl"; ObjectID = "1"; */
< "1.title" = "Twirl";
---
> /* Class = "NSWindow"; title = "소용돌이"; ObjectID = "1"; */
> "1.title" = "소용돌이";
5,6c5,6
< /* Class = "NSTextFieldCell"; title = "Angle"; ObjectID = "12"; */
< "12.title" = "Angle";
---
> /* Class = "NSTextFieldCell"; title = "각도"; ObjectID = "12"; */
> "12.title" = "각도";
8,9c8,9
< /* Class = "NSButtonCell"; title = "Apply"; ObjectID = "26"; */
< "26.title" = "Apply";
---
> /* Class = "NSButtonCell"; title = "적용"; ObjectID = "26"; */
> "26.title" = "적용";
11,12c11,12
< /* Class = "NSTextFieldCell"; title = "Radius"; ObjectID = "88"; */
< "88.title" = "Radius";
---
> /* Class = "NSTextFieldCell"; title = "반지름"; ObjectID = "88"; */
> "88.title" = "반지름";
14,15c14,15
< /* Class = "NSButtonCell"; title = "Cancel"; ObjectID = "409"; */
< "409.title" = "Cancel";
---
> /* Class = "NSButtonCell"; title = "취소"; ObjectID = "409"; */
> "409.title" = "취소";
17,18c17,18
< /* Class = "NSButton"; ibShadowedToolTip = "Mirror view"; ObjectID = "0kA-UE-M3n"; */
< "0kA-UE-M3n.ibShadowedToolTip" = "Mirror view";
---
> /* Class = "NSButton"; ibShadowedToolTip = "거울 뷰 모드"; ObjectID = "0kA-UE-M3n"; */
> "0kA-UE-M3n.ibShadowedToolTip" = "거울 뷰 모드";
20,21c20,21
< /* Class = "NSButton"; ibShadowedToolTip = "No split view"; ObjectID = "ZSb-J6-CFB"; */
< "ZSb-J6-CFB.ibShadowedToolTip" = "No split view";
---
> /* Class = "NSButton"; ibShadowedToolTip = "분할 뷰 모드 해제"; ObjectID = "ZSb-J6-CFB"; */
> "ZSb-J6-CFB.ibShadowedToolTip" = "분할 뷰 모드 해제";
23,24c23,24
< /* Class = "NSButton"; ibShadowedToolTip = "Split view"; ObjectID = "bsA-EH-3aR"; */
< "bsA-EH-3aR.ibShadowedToolTip" = "Split view";
---
> /* Class = "NSButton"; ibShadowedToolTip = "분할 뷰 모드"; ObjectID = "bsA-EH-3aR"; */
> "bsA-EH-3aR.ibShadowedToolTip" = "분할 뷰 모드";
