3c3
< "1.title" = "Twirl";
---
> "1.title" = "渦巻き";
6c6
< "12.title" = "Angle";
---
> "12.title" = "角度";
9c9
< "26.title" = "Apply";
---
> "26.title" = "適用";
12c12
< "88.title" = "Radius";
---
> "88.title" = "半径";
15c15
< "409.title" = "Cancel";
---
> "409.title" = "キャンセル";
18c18
< "0kA-UE-M3n.ibShadowedToolTip" = "Mirror view";
---
> "0kA-UE-M3n.ibShadowedToolTip" = "ミラー表示";
21c21
< "ZSb-J6-CFB.ibShadowedToolTip" = "No split view";
---
> "ZSb-J6-CFB.ibShadowedToolTip" = "分割表示なし";
24c24
< "bsA-EH-3aR.ibShadowedToolTip" = "Split view";
---
> "bsA-EH-3aR.ibShadowedToolTip" = "分割表示";
