5,6c5,6
< /* Class = "NSTextFieldCell"; title = "Factor"; ObjectID = "12"; */
< "12.title" = "Factor";
---
> /* Class = "NSTextFieldCell"; title = "요소"; ObjectID = "12"; */
> "12.title" = "요소";
8,9c8,9
< /* Class = "NSButtonCell"; title = "Apply"; ObjectID = "26"; */
< "26.title" = "Apply";
---
> /* Class = "NSButtonCell"; title = "적용"; ObjectID = "26"; */
> "26.title" = "적용";
11,12c11,12
< /* Class = "NSTextFieldCell"; title = "Radius"; ObjectID = "49"; */
< "49.title" = "Radius";
---
> /* Class = "NSTextFieldCell"; title = "반지름"; ObjectID = "49"; */
> "49.title" = "반지름";
14,15c14,15
< /* Class = "NSButtonCell"; title = "Cancel"; ObjectID = "419"; */
< "419.title" = "Cancel";
---
> /* Class = "NSButtonCell"; title = "취소"; ObjectID = "419"; */
> "419.title" = "취소";
17,18c17,18
< /* Class = "NSButton"; ibShadowedToolTip = "Mirror view"; ObjectID = "7za-OG-zYv"; */
< "7za-OG-zYv.ibShadowedToolTip" = "Mirror view";
---
> /* Class = "NSButton"; ibShadowedToolTip = "거울 뷰 모드"; ObjectID = "7za-OG-zYv"; */
> "7za-OG-zYv.ibShadowedToolTip" = "거울 뷰 모드";
20,21c20,21
< /* Class = "NSButton"; ibShadowedToolTip = "Split view"; ObjectID = "MOb-4E-ACl"; */
< "MOb-4E-ACl.ibShadowedToolTip" = "Split view";
---
> /* Class = "NSButton"; ibShadowedToolTip = "분할 뷰 모드"; ObjectID = "MOb-4E-ACl"; */
> "MOb-4E-ACl.ibShadowedToolTip" = "분할 뷰 모드";
23,24c23,24
< /* Class = "NSTextFieldCell"; title = "Threshold"; ObjectID = "Qjb-vV-2dR"; */
< "Qjb-vV-2dR.title" = "Threshold";
---
> /* Class = "NSTextFieldCell"; title = "역치"; ObjectID = "Qjb-vV-2dR"; */
> "Qjb-vV-2dR.title" = "역치";
26,27c26,27
< /* Class = "NSButton"; ibShadowedToolTip = "No split view"; ObjectID = "eDV-KN-qDW"; */
< "eDV-KN-qDW.ibShadowedToolTip" = "No split view";
---
> /* Class = "NSButton"; ibShadowedToolTip = "분할 뷰 모드 해제"; ObjectID = "eDV-KN-qDW"; */
> "eDV-KN-qDW.ibShadowedToolTip" = "분할 뷰 모드 해제";
