2,11c2,9
< 12c12
< 15c15
< 18c18
< 21c21
< 24c24
< 27c27
< 3c3
< 6c6
< 9c9
< < "1.title" = "Unsharp Mask";
---
> 11,12c11,12
> 14,15c14,15
> 17,18c17,18
> 20,21c20,21
> 23,24c23,24
> 26,27c26,27
> 5,6c5,6
> 8,9c8,9
20,28c18,41
< > "1.title" = "アンシャープマスク";
< > "12.title" = "係数";
< > "26.title" = "適用";
< > "419.title" = "キャンセル";
< > "49.title" = "半径";
< > "7za-OG-zYv.ibShadowedToolTip" = "ミラー表示";
< > "MOb-4E-ACl.ibShadowedToolTip" = "分割表示";
< > "Qjb-vV-2dR.title" = "しきい値";
< > "eDV-KN-qDW.ibShadowedToolTip" = "分割表示なし";
---
> > "12.title" = "요소";
> > "26.title" = "적용";
> > "419.title" = "취소";
> > "49.title" = "반지름";
> > "7za-OG-zYv.ibShadowedToolTip" = "거울 보기";
> > "MOb-4E-ACl.ibShadowedToolTip" = "분할 보기";
> > "Qjb-vV-2dR.title" = "역치";
> > "eDV-KN-qDW.ibShadowedToolTip" = "분할 보기 해제";
