4,198c4,7
< ---
< ---
< ---
< ---
< ---
< ---
< ---
< ---
< ---
< ---
< ---
< ---
< ---
< ---
< ---
< ---
< ---
< ---
< ---
< ---
< ---
< ---
< ---
< ---
< ---
< ---
< ---
< ---
< ---
< ---
< ---
< ---
< ---
< ---
< ---
< ---
< ---
< ---
< ---
< ---
< ---
< ---
< ---
< ---
< ---
< ---
< ---
< ---
< ---
< ---
< ---
< ---
< ---
< ---
< ---
< ---
< ---
< ---
< ---
< ---
< ---
< ---
< ---
< ---
< ---
< ---
< ---
< ---
< ---
< ---
< ---
< ---
< ---
< ---
< ---
< ---
< ---
< ---
< ---
< ---
< ---
< ---
< ---
< ---
< ---
< ---
< 102c102
< 105c105
< 108c108
< 114c114
< 120c120
< 123c123
< 126c126
< 129c129
< 132c132
< 135c135
< 141c141
< 144c144
< 150c150
< 153c153
< 156c156
< 159c159
< 15c15
< 162c162
< 165c165
< 171c171
< 174c174
< 183c183
< 18c18
< 192c192
< 195c195
< 198c198
< 210c210
< 216c216
< 21c21
< 222c222
< 228c228
< 237c237
< 240c240
< 243c243
< 246c246
< 249c249
< 24c24
< 258c258
< 261c261
< 264c264
< 267c267
< 270c270
< 276c276
< 279c279
< 27c27
< 282c282
< 291c291
< 294c294
< 297c297
< 300c300
< 303c303
< 306c306
< 309c309
< 30c30
< 312c312
< 315c315
< 318c318
< 324c324
< 327c327
< 330c330
< 333c333
< 336c336
< 339c339
< 33c33
< 345c345
< 351c351
< 354c354
< 357c357
< 366c366
< 369c369
< 378c378
< 384c384
< 39c39
< 42c42
< 48c48
< 51c51
< 57c57
< 60c60
< 63c63
< 66c66
< 69c69
< 72c72
< 75c75
< 81c81
< 90c90
< 93c93
< 96c96
< 99c99
< 9c9
< < "1tU-x3-zoM.title" = "Not now";
< < "3B6-XC-FFR.title" = "This application is licensed to:";
< < "3I2-pW-Kh4.title" = "Export Purchase Receipt…";
< < "3XG-WQ-iTw.title" = "Open sign-in page";
< < "3n6-fe-YTo.title" = "Try again";
< < "3zh-d5-cGf.title" = "Show Search Bar";
< < "48q-xf-pyw.title" = "Password:";
< < "4Jw-lL-P0L.title" = "Completing sign-in…";
< < "4m8-q6-P7d.title" = "Up to 500 MB";
< < "51v-9i-9en.title" = "Register your app";
< < "6We-0E-h5l.title" = "Up to 50 MB";
< < "6cx-zW-ukX.title" = "Deactivate This Device…";
< < "75D-7x-UIE.title" = "To see your account details and store content, you need to register your app to your Affinity account";
< < "78W-vJ-bsE.title" = "Delete Account…";
< < "80m-gY-rCW.title" = "CREATE FREE ACCOUNT";
< < "97J-ka-vd3.title" = "Diagnostics";
< < "9P3-1a-nwW.title" = "CANCEL ACCOUNT CREATION";
< < "ADa-n8-Lgw.title" = "Forgot your password?";
< < "ALl-4j-uYy.title" = "BUY NOW";
< < "CSh-K1-h3Q.title" = "Register your purchase";
---
> 203,204c203,204
> 77,78c77,78
> 89,90c89,90
> < "B7d-wH-tGY.title" = "Text Cell";
200,356c9,18
< < "Fmm-M5-uj1.title" = "Browse the collection online";
< < "H6Y-So-OqP.title" = "My teams";
< < "HEO-Qr-wDB.title" = "Up to 200 MB";
< < "JGc-MK-o1c.title" = "Affinity ID functionality has been disabled by your system administrator.";
< < "JON-xF-gKz.title" = "Up to 100 MB";
< < "Kcd-Gm-QKh.title" = "You are currently signed out from your Affinity ID.\nSign in now to see all your store content.";
< < "Le4-Le-rOm.title" = "Register your app";
< < "MWa-Ye-IyU.ibShadowedToolTip" = "Show license and device information";
< < "NH2-nE-cqF.title" = "Password:";
< < "PTg-jV-C25.title" = "Check Connectivity…";
< < "PiH-0A-FOi.title" = "Register your app";
< < "Pk1-0N-5k7.title" = "Deactivate All";
< < "PtZ-ql-woQ.title" = "Show on Startup";
< < "Qiv-II-9i0.title" = "EXISTING CUSTOMER? SIGN IN";
< < "Qjz-BH-aSu.label" = "Reg create account";
< < "RYW-Tz-WQ6.title" = "Having trouble? Click here to save a purchase receipt for Affinity technical support.";
< < "T2C-3w-gsh.title" = "Sign Out";
< < "TRk-Ep-Q1a.title" = "Up to 10 MB";
< < "TkP-QH-f3R.title" = "Download All";
< < "Tlg-uY-IFd.ibShadowedToolTip" = "Hide license and device information";
< < "Tw7-3j-f53.title" = "Always install available content";
< < "UVF-l5-LiO.title" = "My content";
< < "UeV-Ec-LSe.title" = "Register your purchase";
< < "VVs-sO-1JD.title" = "Forgot your password?";
< < "Xzw-IR-SKR.title" = "Complete registration";
< < "ZwV-rZ-EM5.title" = "All done?";
< < "akm-JI-qSt.title" = "SIGN IN";
< < "boC-Tv-FyT.title" = "Check Connectivity…";
< < "cic-lX-jKm.label" = "My content";
< < "d83-C9-adk.title" = "Diagnostics";
< < "dRv-c6-1h8.title" = "Remind me later";
< < "e6w-CX-249.title" = "Sign in to your Affinity account";
< < "eL4-da-z5X.title" = "My add-ons";
< < "eoW-Tp-c6p.title" = "Back";
< < "f59-eS-ByU.title" = "Any fonts you activate will automatically be activated across your Affinity apps";
< < "fGf-3a-rx7.title" = "Check Credentials";
< < "hH1-JR-BL7.title" = "No size limit set";
< < "hUe-AO-ZEd.title" = "Browse the Store";
< < "hfJ-VB-DnJ.title" = "Link your app to an Affinity account";
< < "hv0-44-B4K.title" = "Go to My Account…";
< < "ic4-nG-DPM.label" = "Account linking disabled";
< < "j0u-pB-L1M.title" = "Collection available";
< < "jcE-Aa-Pa5.label" = "My teams";
< < "k1K-6e-3XE.title" = "An unknown error has occurred!";
< < "kWC-x4-u7Y.title" = "Export Purchase Receipt…";
< < "kka-ea-htH.title" = "Link your app to an Affinity account";
< < "kqK-aC-Klm.title" = "Activate All";
< < "ksl-Vt-TYd.title" = "SIGN IN";
< < "lQo-uA-dYO.ibShadowedToolTip" = "Show license and device information";
< < "lor-4c-IXI.ibShadowedToolTip" = "When enabled, content will be obtained from (and shared with) other Affinity apps on your local network, where possible.";
< < "lor-4c-IXI.title" = "Optimize Content Delivery";
< < "m94-M6-0fr.title" = "Uninstall All";
< < "nSa-6t-I33.title" = "CANCEL";
< < "ngw-vI-6vy.label" = "My add-ons";
< < "oXe-Lb-QKN.title" = "Loading…";
< < "om6-35-KzJ.title" = "Resync Library";
< < "pM2-md-xgg.label" = "Login";
< < "pfT-Lp-tWZ.title" = "Not now";
< < "pgh-lN-sRD.title" = "View\nlicense";
< < "pxe-XU-oRH.title" = "To see your account details and store content, you need to register your app to your Affinity account";
< < "qHz-vu-l9Y.title" = "CONTINUE";
< < "rzH-Ko-zTD.title" = "Click the button to launch your web browser. Come back here when you're done!";
< < "sQE-y2-Zov.title" = "Show Incompatible Packs";
< < "sQz-Lz-8Wl.title" = "Having trouble?";
< < "tPF-2H-tr0.label" = "Account status";
< < "tXX-6p-Mfd.title" = "Cancel Downloads";
< < "ufJ-V5-JXW.label" = "Reg sign in";
< < "xD5-Hi-rcl.title" = "Up to 25 MB";
< > "1tU-x3-zoM.title" = "後で";
< > "3B6-XC-FFR.title" = "このアプリケーションのライセンス先:";
< > "3I2-pW-Kh4.title" = "購入レシートをエクスポート…";
< > "3XG-WQ-iTw.title" = "サインインページを開く";
< > "3n6-fe-YTo.title" = "やり直してください";
< > "3zh-d5-cGf.title" = "検索バーを表示";
< > "48q-xf-pyw.title" = "パスワード:";
< > "4Jw-lL-P0L.title" = "サインインを完了しています...";
< > "4m8-q6-P7d.title" = "最大500MB";
< > "51v-9i-9en.title" = "アプリを登録する";
< > "6We-0E-h5l.title" = "最大50MB";
< > "6cx-zW-ukX.title" = "このデバイスを無効化…";
< > "75D-7x-UIE.title" = "アカウントの詳細やストアのコンテンツを見るには、アプリをAffinityアカウントに登録する必要があります";
< > "78W-vJ-bsE.title" = "アカウントを削除…";
< > "80m-gY-rCW.title" = "無料アカウントを作成する";
< > "97J-ka-vd3.title" = "診断";
< > "9P3-1a-nwW.title" = "アカウント作成をキャンセルする";
< > "ADa-n8-Lgw.title" = "パスワードをお忘れですか?";
< > "ALl-4j-uYy.title" = "今すぐ購入";
< > "CSh-K1-h3Q.title" = "購入コンテンツを登録";
< > "FKb-Oe-ijw.title" = "閉じる";
< > "Fmm-M5-uj1.title" = "オンラインでコレクションを検索";
< > "H6Y-So-OqP.title" = "マイチーム";
< > "HEO-Qr-wDB.title" = "最大200MB";
< > "JGc-MK-o1c.title" = "Affinity ID機能はシステム管理者により無効にされました。";
< > "JON-xF-gKz.title" = "最大100MB";
< > "Kcd-Gm-QKh.title" = "現在、Affinity IDからサインアウトしています。\n保存されたコンテンツすべてを表示するには、今すぐサインインしてください。";
< > "Le4-Le-rOm.title" = "Affinityアカウントにサインイン";
< > "MWa-Ye-IyU.ibShadowedToolTip" = "ライセンスとデバイス情報を表示";
< > "NH2-nE-cqF.title" = "パスワード:";
< > "PTg-jV-C25.title" = "接続を確認します…";
< > "PiH-0A-FOi.title" = "アプリを登録する";
< > "Pk1-0N-5k7.title" = "すべてを無効化する";
< > "PtZ-ql-woQ.title" = "起動時に表示";
< > "Qiv-II-9i0.title" = "既存のお客様ですか？サインイン";
< > "Qjz-BH-aSu.label" = "Reg アカウントを作成";
< > "RYW-Tz-WQ6.title" = "お困りですか？ここをクリックして、Affinity技術サポートの購入レシートを保存してください.";
< > "T2C-3w-gsh.title" = "サインアウト";
< > "TRk-Ep-Q1a.title" = "最大10MB";
< > "TkP-QH-f3R.title" = "すべてダウンロード";
< > "Tlg-uY-IFd.ibShadowedToolTip" = "ライセンスとデバイス情報を非表示";
< > "Tw7-3j-f53.title" = "利用可能なコンテンツは常にインストール";
< > "UVF-l5-LiO.title" = "マイコンテンツ";
< > "UeV-Ec-LSe.title" = "購入コンテンツを登録";
< > "VVs-sO-1JD.title" = "パスワードをお忘れですか?";
< > "Xzw-IR-SKR.title" = "登録を完了";
< > "ZwV-rZ-EM5.title" = "終わりましたか?";
< > "akm-JI-qSt.title" = "サインイン";
< > "boC-Tv-FyT.title" = "接続を確認します…";
< > "cic-lX-jKm.label" = "マイコンテンツ";
< > "d83-C9-adk.title" = "診断";
< > "dRv-c6-1h8.title" = "後で通知する";
< > "e6w-CX-249.title" = "以下にAffinity IDのログイン情報を入力してください。";
< > "eL4-da-z5X.title" = "マイアドオン";
< > "eoW-Tp-c6p.title" = "戻る";
< > "f59-eS-ByU.title" = "アクティブにしたフォントは、Affinityアプリで自動的にアクティブになります";
< > "fGf-3a-rx7.title" = "資格情報をチェック";
< > "hH1-JR-BL7.title" = "サイズ制限が設定されていません";
< > "hUe-AO-ZEd.title" = "ストアを参照";
< > "hfJ-VB-DnJ.title" = "アプリをAffinityアカウントにリンクします";
< > "hv0-44-B4K.title" = "マイアカウントに移動…";
< > "ic4-nG-DPM.label" = "アカウントのリンクが無効";
< > "j0u-pB-L1M.title" = "利用可能なコレクション";
< > "jcE-Aa-Pa5.label" = "マイチーム";
< > "k1K-6e-3XE.title" = "未知のエラーが発生しました!";
< > "kWC-x4-u7Y.title" = "購入レシートをエクスポート…";
< > "kka-ea-htH.title" = "アプリをAffinityアカウントにリンクします";
< > "kqK-aC-Klm.title" = "すべてを有効化する";
< > "ksl-Vt-TYd.title" = "サインイン";
< > "lQo-uA-dYO.ibShadowedToolTip" = "ライセンスとデバイス情報を表示";
< > "lor-4c-IXI.ibShadowedToolTip" = "有効にすると、可能な場合にローカルネットワークにある他のAffinityアプリからコンテンツを取得(および共有)します。";
< > "lor-4c-IXI.title" = "コンテンツ配信を最適化";
< > "m94-M6-0fr.title" = "すべてアンインストール";
< > "nSa-6t-I33.title" = "キャンセル";
< > "ngw-vI-6vy.label" = "マイアドオン";
< > "oXe-Lb-QKN.title" = "Webブラウザの指示に従って操作し、その後ここに戻ってください。";
< > "om6-35-KzJ.title" = "ライブラリを再同期";
< > "pM2-md-xgg.label" = "ログイン";
< > "pfT-Lp-tWZ.title" = "後で";
< > "pgh-lN-sRD.title" = "\nライセンスを表示";
< > "pxe-XU-oRH.title" = "アカウントの詳細やストアのコンテンツを見るには、アプリをAffinityアカウントに登録する必要があります";
< > "qHz-vu-l9Y.title" = "登録を続ける";
< > "rzH-Ko-zTD.title" = "ボタンをクリックしてウェブブラウザを起動します。終わったらここに戻ります。";
< > "sQE-y2-Zov.title" = "互換性のないパックを表示";
< > "sQz-Lz-8Wl.title" = "お困りですか?";
< > "tPF-2H-tr0.label" = "アカウントステータス";
< > "tXX-6p-Mfd.title" = "ダウンロードをキャンセル";
< > "ufJ-V5-JXW.label" = "Reg サインイン";
< > "xD5-Hi-rcl.title" = "最大25MB";
---
> < "bLE-Gk-15m.title" = "Text Cell";
> < /* Class = "NSButtonCell"; title = "Close"; ObjectID = "FKb-Oe-ijw"; */
> < /* Class = "NSTextFieldCell"; title = "Text Cell"; ObjectID = "B7d-wH-tGY"; */
> < /* Class = "NSTextFieldCell"; title = "Text Cell"; ObjectID = "bLE-Gk-15m"; */
> > "B7d-wH-tGY.title" = "텍스트 셀";
> > "FKb-Oe-ijw.title" = "닫기";
> > "bLE-Gk-15m.title" = "텍스트 셀";
> > /* Class = "NSButtonCell"; title = "닫기"; ObjectID = "FKb-Oe-ijw"; */
> > /* Class = "NSTextFieldCell"; title = "텍스트 셀"; ObjectID = "B7d-wH-tGY"; */
> > /* Class = "NSTextFieldCell"; title = "텍스트 셀"; ObjectID = "bLE-Gk-15m"; */
