9c9
< "1tU-x3-zoM.title" = "Not now";
---
> "1tU-x3-zoM.title" = "後で";
15c15
< "3B6-XC-FFR.title" = "This application is licensed to:";
---
> "3B6-XC-FFR.title" = "このアプリケーションのライセンス先:";
18c18
< "3I2-pW-Kh4.title" = "Export Purchase Receipt…";
---
> "3I2-pW-Kh4.title" = "購入レシートをエクスポート…";
21c21
< "3XG-WQ-iTw.title" = "Open sign-in page";
---
> "3XG-WQ-iTw.title" = "サインインページを開く";
24c24
< "3n6-fe-YTo.title" = "Try again";
---
> "3n6-fe-YTo.title" = "やり直してください";
27c27
< "3zh-d5-cGf.title" = "Show Search Bar";
---
> "3zh-d5-cGf.title" = "検索バーを表示";
30c30
< "48q-xf-pyw.title" = "Password:";
---
> "48q-xf-pyw.title" = "パスワード:";
33c33
< "4Jw-lL-P0L.title" = "Completing sign-in…";
---
> "4Jw-lL-P0L.title" = "サインインを完了しています...";
39c39
< "4m8-q6-P7d.title" = "Up to 500 MB";
---
> "4m8-q6-P7d.title" = "最大500MB";
42c42
< "51v-9i-9en.title" = "Register your app";
---
> "51v-9i-9en.title" = "アプリを登録する";
48c48
< "6We-0E-h5l.title" = "Up to 50 MB";
---
> "6We-0E-h5l.title" = "最大50MB";
51c51
< "6cx-zW-ukX.title" = "Deactivate This Device…";
---
> "6cx-zW-ukX.title" = "このデバイスを無効化…";
57c57
< "75D-7x-UIE.title" = "To see your account details and store content, you need to register your app to your Affinity account";
---
> "75D-7x-UIE.title" = "アカウントの詳細やストアのコンテンツを見るには、アプリをAffinityアカウントに登録する必要があります";
60c60
< "78W-vJ-bsE.title" = "Delete Account…";
---
> "78W-vJ-bsE.title" = "アカウントを削除…";
63c63
< "80m-gY-rCW.title" = "CREATE FREE ACCOUNT";
---
> "80m-gY-rCW.title" = "無料アカウントを作成する";
66c66
< "97J-ka-vd3.title" = "Diagnostics";
---
> "97J-ka-vd3.title" = "診断";
69c69
< "9P3-1a-nwW.title" = "CANCEL ACCOUNT CREATION";
---
> "9P3-1a-nwW.title" = "アカウント作成をキャンセルする";
72c72
< "ADa-n8-Lgw.title" = "Forgot your password?";
---
> "ADa-n8-Lgw.title" = "パスワードをお忘れですか?";
75c75
< "ALl-4j-uYy.title" = "BUY NOW";
---
> "ALl-4j-uYy.title" = "今すぐ購入";
81c81
< "CSh-K1-h3Q.title" = "Register your purchase";
---
> "CSh-K1-h3Q.title" = "購入コンテンツを登録";
90c90
< "FKb-Oe-ijw.title" = "Close";
---
> "FKb-Oe-ijw.title" = "閉じる";
93c93
< "Fmm-M5-uj1.title" = "Browse the collection online";
---
> "Fmm-M5-uj1.title" = "オンラインでコレクションを検索";
96c96
< "HEO-Qr-wDB.title" = "Up to 200 MB";
---
> "HEO-Qr-wDB.title" = "最大200MB";
99c99
< "JGc-MK-o1c.title" = "Affinity ID functionality has been disabled by your system administrator.";
---
> "JGc-MK-o1c.title" = "Affinity ID機能はシステム管理者により無効にされました。";
102c102
< "JON-xF-gKz.title" = "Up to 100 MB";
---
> "JON-xF-gKz.title" = "最大100MB";
105c105
< "Kcd-Gm-QKh.title" = "You are currently signed out from your Affinity ID.\nSign in now to see all your store content.";
---
> "Kcd-Gm-QKh.title" = "現在、Affinity IDからサインアウトしています。\n保存されたコンテンツすべてを表示するには、今すぐサインインしてください。";
111c111
< "Le4-Le-rOm.title" = "Register your app";
---
> "Le4-Le-rOm.title" = "Affinityアカウントにサインイン";
117c117
< "MWa-Ye-IyU.ibShadowedToolTip" = "Show license and device information";
---
> "MWa-Ye-IyU.ibShadowedToolTip" = "ライセンスとデバイス情報を表示";
120c120
< "NH2-nE-cqF.title" = "Password:";
---
> "NH2-nE-cqF.title" = "パスワード:";
123c123
< "PTg-jV-C25.title" = "Check Connectivity…";
---
> "PTg-jV-C25.title" = "接続を確認します…";
126c126
< "PiH-0A-FOi.title" = "Register your app";
---
> "PiH-0A-FOi.title" = "アプリを登録する";
129c129
< "Pk1-0N-5k7.title" = "Deactivate All";
---
> "Pk1-0N-5k7.title" = "すべてを無効化する";
132c132
< "PtZ-ql-woQ.title" = "Show on Startup";
---
> "PtZ-ql-woQ.title" = "起動時に表示";
135c135
< "Qiv-II-9i0.title" = "EXISTING CUSTOMER? SIGN IN";
---
> "Qiv-II-9i0.title" = "既存のお客様ですか？サインイン";
138c138
< "Qjz-BH-aSu.label" = "Reg create account";
---
> "Qjz-BH-aSu.label" = "Reg アカウントを作成";
144c144
< "RYW-Tz-WQ6.title" = "Having trouble? Click here to save a purchase receipt for Affinity technical support.";
---
> "RYW-Tz-WQ6.title" = "お困りですか？ここをクリックして、Affinity技術サポートの購入レシートを保存してください.";
147c147
< "T2C-3w-gsh.title" = "Sign Out";
---
> "T2C-3w-gsh.title" = "サインアウト";
150c150
< "TRk-Ep-Q1a.title" = "Up to 10 MB";
---
> "TRk-Ep-Q1a.title" = "最大10MB";
153c153
< "TkP-QH-f3R.title" = "Download All";
---
> "TkP-QH-f3R.title" = "すべてダウンロード";
156c156
< "Tlg-uY-IFd.ibShadowedToolTip" = "Hide license and device information";
---
> "Tlg-uY-IFd.ibShadowedToolTip" = "ライセンスとデバイス情報を非表示";
159c159
< "Tw7-3j-f53.title" = "Always install available content";
---
> "Tw7-3j-f53.title" = "利用可能なコンテンツは常にインストール";
165c165
< "UeV-Ec-LSe.title" = "Register your purchase";
---
> "UeV-Ec-LSe.title" = "購入コンテンツを登録";
171c171
< "VVs-sO-1JD.title" = "Forgot your password?";
---
> "VVs-sO-1JD.title" = "パスワードをお忘れですか?";
180c180
< "Xzw-IR-SKR.title" = "Complete registration";
---
> "Xzw-IR-SKR.title" = "登録を完了";
183c183
< "ZwV-rZ-EM5.title" = "All done?";
---
> "ZwV-rZ-EM5.title" = "終わりましたか?";
186c186
< "akm-JI-qSt.title" = "SIGN IN";
---
> "akm-JI-qSt.title" = "サインイン";
198c198
< "boC-Tv-FyT.title" = "Check Connectivity…";
---
> "boC-Tv-FyT.title" = "接続を確認します…";
207c207
< "d83-C9-adk.title" = "Diagnostics";
---
> "d83-C9-adk.title" = "診断";
213c213
< "dRv-c6-1h8.title" = "Remind me later";
---
> "dRv-c6-1h8.title" = "後で通知する";
222c222
< "e6w-CX-249.title" = "Sign in to your Affinity account";
---
> "e6w-CX-249.title" = "以下にAffinity IDのログイン情報を入力してください。";
225c225
< "eL4-da-z5X.title" = "My add-ons";
---
> "eL4-da-z5X.title" = "マイアドオン";
228c228
< "eoW-Tp-c6p.title" = "Back";
---
> "eoW-Tp-c6p.title" = "戻る";
231c231
< "f59-eS-ByU.title" = "Any fonts you activate will automatically be activated across your Affinity apps";
---
> "f59-eS-ByU.title" = "アクティブにしたフォントは、Affinityアプリで自動的にアクティブになります";
234c234
< "fGf-3a-rx7.title" = "Check Credentials";
---
> "fGf-3a-rx7.title" = "資格情報をチェック";
243c243
< "hH1-JR-BL7.title" = "No size limit set";
---
> "hH1-JR-BL7.title" = "サイズ制限が設定されていません";
246c246
< "hUe-AO-ZEd.title" = "Browse the Store";
---
> "hUe-AO-ZEd.title" = "ストアを参照";
249c249
< "hfJ-VB-DnJ.title" = "Link your app to an Affinity account";
---
> "hfJ-VB-DnJ.title" = "アプリをAffinityアカウントにリンクします";
252c252
< "hv0-44-B4K.title" = "Go to My Account…";
---
> "hv0-44-B4K.title" = "マイアカウントに移動…";
255c255
< "ic4-nG-DPM.label" = "Account linking disabled";
---
> "ic4-nG-DPM.label" = "アカウントのリンクが無効";
261c261
< "j0u-pB-L1M.title" = "Subscription active";
---
> "j0u-pB-L1M.title" = "利用可能なコレクション";
264c264
< "k1K-6e-3XE.title" = "An unknown error has occurred!";
---
> "k1K-6e-3XE.title" = "未知のエラーが発生しました!";
273c273
< "kWC-x4-u7Y.title" = "Export Purchase Receipt…";
---
> "kWC-x4-u7Y.title" = "購入レシートをエクスポート…";
276c276
< "kka-ea-htH.title" = "Link your app to an Affinity account";
---
> "kka-ea-htH.title" = "アプリをAffinityアカウントにリンクします";
279c279
< "kqK-aC-Klm.title" = "Activate All";
---
> "kqK-aC-Klm.title" = "すべてを有効化する";
282c282
< "ksl-Vt-TYd.title" = "SIGN IN";
---
> "ksl-Vt-TYd.title" = "サインイン";
285c285
< "lQo-uA-dYO.ibShadowedToolTip" = "Show license and device information";
---
> "lQo-uA-dYO.ibShadowedToolTip" = "ライセンスとデバイス情報を表示";
288c288
< "lor-4c-IXI.ibShadowedToolTip" = "When enabled, content will be obtained from (and shared with) other Affinity apps on your local network, where possible.";
---
> "lor-4c-IXI.ibShadowedToolTip" = "有効にすると、可能な場合にローカルネットワークにある他のAffinityアプリからコンテンツを取得(および共有)します。";
291c291
< "lor-4c-IXI.title" = "Optimize Content Delivery";
---
> "lor-4c-IXI.title" = "コンテンツ配信を最適化";
294c294
< "m94-M6-0fr.title" = "Uninstall All";
---
> "m94-M6-0fr.title" = "すべてアンインストール";
297c297
< "nSa-6t-I33.title" = "CANCEL";
---
> "nSa-6t-I33.title" = "キャンセル";
300c300
< "ngw-vI-6vy.label" = "My add-ons";
---
> "ngw-vI-6vy.label" = "マイアドオン";
306c306
< "oXe-Lb-QKN.title" = "Loading…";
---
> "oXe-Lb-QKN.title" = "Webブラウザの指示に従って操作し、その後ここに戻ってください。";
309c309
< "om6-35-KzJ.title" = "Resync Library";
---
> "om6-35-KzJ.title" = "ライブラリを再同期";
312c312
< "pM2-md-xgg.label" = "Login";
---
> "pM2-md-xgg.label" = "ログイン";
315c315
< "pfT-Lp-tWZ.title" = "Not now";
---
> "pfT-Lp-tWZ.title" = "後で";
318c318
< "pgh-lN-sRD.title" = "View\nlicense";
---
> "pgh-lN-sRD.title" = "\nライセンスを表示";
321c321
< "pxe-XU-oRH.title" = "To see your account details and store content, you need to register your app to your Affinity account";
---
> "pxe-XU-oRH.title" = "アカウントの詳細やストアのコンテンツを見るには、アプリをAffinityアカウントに登録する必要があります";
327c327
< "qHz-vu-l9Y.title" = "CONTINUE";
---
> "qHz-vu-l9Y.title" = "登録を続ける";
333c333
< "rzH-Ko-zTD.title" = "Click the button to launch your web browser. Come back here when you're done!";
---
> "rzH-Ko-zTD.title" = "ボタンをクリックしてウェブブラウザを起動します。終わったらここに戻ります。";
336c336
< "sQE-y2-Zov.title" = "Show Incompatible Packs";
---
> "sQE-y2-Zov.title" = "互換性のないパックを表示";
339c339
< "sQz-Lz-8Wl.title" = "Having trouble?";
---
> "sQz-Lz-8Wl.title" = "お困りですか?";
348c348
< "tPF-2H-tr0.label" = "Account status";
---
> "tPF-2H-tr0.label" = "アカウントステータス";
351c351
< "tXX-6p-Mfd.title" = "Cancel Downloads";
---
> "tXX-6p-Mfd.title" = "ダウンロードをキャンセル";
360c360
< "ufJ-V5-JXW.label" = "Reg sign in";
---
> "ufJ-V5-JXW.label" = "Reg サインイン";
366c366
< "xD5-Hi-rcl.title" = "Up to 25 MB";
---
> "xD5-Hi-rcl.title" = "最大25MB";
