2,11c2,11
< 12c12
< 15c15
< 18c18
< 21c21
< 24c24
< 27c27
< 30c30
< 3c3
< 6c6
< 9c9
---
> 11,12c11,12
> 14,15c14,15
> 17,18c17,18
> 2,3c2,3
> 20,21c20,21
> 23,24c23,24
> 26,27c26,27
> 29,30c29,30
> 5,6c5,6
> 8,9c8,9
22,31c22,51
< > "1.title" = "ビネット";
< > "12.title" = "露出";
< > "213.title" = "硬さ";
< > "227.title" = "スケール";
< > "255.title" = "キャンセル";
< > "26.title" = "適用";
< > "2FL-bp-7YA.ibShadowedToolTip" = "分割表示なし";
< > "MsY-Gg-A0P.ibShadowedToolTip" = "分割表示";
< > "b0h-VE-9US.title" = "シェイプ";
< > "eEp-sX-DI1.ibShadowedToolTip" = "ミラー表示";
---
> > "1.title" = "비네트";
> > "12.title" = "노출";
> > "213.title" = "굳기";
> > "227.title" = "배율";
> > "255.title" = "취소";
> > "26.title" = "적용";
> > "2FL-bp-7YA.ibShadowedToolTip" = "분할 보기 해제";
> > "MsY-Gg-A0P.ibShadowedToolTip" = "분할 보기";
> > "b0h-VE-9US.title" = "모양";
> > "eEp-sX-DI1.ibShadowedToolTip" = "거울 보기";
