---
12c12
15c15
18c18
21c21
24c24
27c27
30c30
3c3
6c6
9c9
< "1.title" = "Vignette";
< "12.title" = "Exposure";
< "213.title" = "Hardness";
< "227.title" = "Scale";
< "255.title" = "Cancel";
< "26.title" = "Apply";
< "2FL-bp-7YA.ibShadowedToolTip" = "No split view";
< "MsY-Gg-A0P.ibShadowedToolTip" = "Split view";
< "b0h-VE-9US.title" = "Shape";
< "eEp-sX-DI1.ibShadowedToolTip" = "Mirror view";
> "1.title" = "ビネット";
> "12.title" = "露出";
> "213.title" = "硬さ";
> "227.title" = "スケール";
> "255.title" = "キャンセル";
> "26.title" = "適用";
> "2FL-bp-7YA.ibShadowedToolTip" = "分割表示なし";
> "MsY-Gg-A0P.ibShadowedToolTip" = "分割表示";
> "b0h-VE-9US.title" = "シェイプ";
> "eEp-sX-DI1.ibShadowedToolTip" = "ミラー表示";
