11,20c11,20
< 12c12
< 15c15
< 18c18
< 21c21
< 24c24
< 27c27
< 30c30
< 3c3
< 6c6
< 9c9
---
> 11,12c11,12
> 14,15c14,15
> 17,18c17,18
> 2,3c2,3
> 20,21c20,21
> 23,24c23,24
> 26,27c26,27
> 29,30c29,30
> 5,6c5,6
> 8,9c8,9
31,40c31,60
< > "1.title" = "ビネット";
< > "12.title" = "露出";
< > "213.title" = "硬さ";
< > "227.title" = "スケール";
< > "255.title" = "キャンセル";
< > "26.title" = "適用";
< > "2FL-bp-7YA.ibShadowedToolTip" = "分割表示なし";
< > "MsY-Gg-A0P.ibShadowedToolTip" = "分割表示";
< > "b0h-VE-9US.title" = "シェイプ";
< > "eEp-sX-DI1.ibShadowedToolTip" = "ミラー表示";
---
> < /* Class = "NSButton"; ibShadowedToolTip = "Mirror view"; ObjectID = "eEp-sX-DI1"; */
> < /* Class = "NSButton"; ibShadowedToolTip = "No split view"; ObjectID = "2FL-bp-7YA"; */
> < /* Class = "NSButton"; ibShadowedToolTip = "Split view"; ObjectID = "MsY-Gg-A0P"; */
> < /* Class = "NSButtonCell"; title = "Apply"; ObjectID = "26"; */
> < /* Class = "NSButtonCell"; title = "Cancel"; ObjectID = "255"; */
> < /* Class = "NSTextFieldCell"; title = "Exposure"; ObjectID = "12"; */
> < /* Class = "NSTextFieldCell"; title = "Hardness"; ObjectID = "213"; */
> < /* Class = "NSTextFieldCell"; title = "Scale"; ObjectID = "227"; */
> < /* Class = "NSTextFieldCell"; title = "Shape"; ObjectID = "b0h-VE-9US"; */
> < /* Class = "NSWindow"; title = "Vignette"; ObjectID = "1"; */
> > "1.title" = "비네트";
> > "12.title" = "노출";
> > "213.title" = "굳기";
> > "227.title" = "배율";
> > "255.title" = "취소";
> > "26.title" = "적용";
> > "2FL-bp-7YA.ibShadowedToolTip" = "분할 뷰 모드 해제";
> > "MsY-Gg-A0P.ibShadowedToolTip" = "분할 뷰 모드";
> > "b0h-VE-9US.title" = "모양";
> > "eEp-sX-DI1.ibShadowedToolTip" = "거울 뷰 모드";
> > /* Class = "NSButton"; ibShadowedToolTip = "분할 뷰 모드 해제"; ObjectID = "2FL-bp-7YA"; */
> > /* Class = "NSButton"; ibShadowedToolTip = "분할 뷰 모드"; ObjectID = "MsY-Gg-A0P"; */
> > /* Class = "NSButton"; ibShadowedToolTip = "거울 뷰 모드"; ObjectID = "eEp-sX-DI1"; */
> > /* Class = "NSButtonCell"; title = "취소"; ObjectID = "255"; */
> > /* Class = "NSButtonCell"; title = "적용"; ObjectID = "26"; */
> > /* Class = "NSTextFieldCell"; title = "노출"; ObjectID = "12"; */
> > /* Class = "NSTextFieldCell"; title = "굳기"; ObjectID = "213"; */
> > /* Class = "NSTextFieldCell"; title = "배율"; ObjectID = "227"; */
> > /* Class = "NSTextFieldCell"; title = "모양"; ObjectID = "b0h-VE-9US"; */
> > /* Class = "NSWindow"; title = "비네트"; ObjectID = "1"; */
