---
---
---
---
---
---
---
---
---
11,12c11,12
14,15c14,15
17,18c17,18
2,3c2,3
20,21c20,21
23,24c23,24
26,27c26,27
5,6c5,6
8,9c8,9
< "1.title" = "Voronoi";
< "100.title" = "Cancel";
< "12.title" = "Cell Size";
< "26.title" = "Apply";
< "47B-FK-Yq1.title" = "Item";
< "KHj-pC-25w.ibShadowedToolTip" = "Mirror view";
< "gxh-Or-ik2.title" = "Line Width";
< "mIV-HS-pW3.ibShadowedToolTip" = "No split view";
< "oXm-bk-Sje.ibShadowedToolTip" = "Split view";
< /* Class = "NSButton"; ibShadowedToolTip = "Mirror view"; ObjectID = "KHj-pC-25w"; */
< /* Class = "NSButton"; ibShadowedToolTip = "No split view"; ObjectID = "mIV-HS-pW3"; */
< /* Class = "NSButton"; ibShadowedToolTip = "Split view"; ObjectID = "oXm-bk-Sje"; */
< /* Class = "NSButtonCell"; title = "Apply"; ObjectID = "26"; */
< /* Class = "NSButtonCell"; title = "Cancel"; ObjectID = "100"; */
< /* Class = "NSMenuItem"; title = "Item"; ObjectID = "47B-FK-Yq1"; */
< /* Class = "NSTextFieldCell"; title = "Cell Size"; ObjectID = "12"; */
< /* Class = "NSTextFieldCell"; title = "Line Width"; ObjectID = "gxh-Or-ik2"; */
< /* Class = "NSWindow"; title = "Voronoi"; ObjectID = "1"; */
> "1.title" = "보로노이";
> "100.title" = "취소";
> "12.title" = "셀 크기";
> "26.title" = "적용";
> "47B-FK-Yq1.title" = "항목";
> "KHj-pC-25w.ibShadowedToolTip" = "거울 뷰 모드";
> "gxh-Or-ik2.title" = "선 너비";
> "mIV-HS-pW3.ibShadowedToolTip" = "분할 뷰 모드 해제";
> "oXm-bk-Sje.ibShadowedToolTip" = "분할 뷰 모드";
> /* Class = "NSButton"; ibShadowedToolTip = "분할 뷰 모드 해제"; ObjectID = "mIV-HS-pW3"; */
> /* Class = "NSButton"; ibShadowedToolTip = "거울 뷰 모드"; ObjectID = "KHj-pC-25w"; */
> /* Class = "NSButton"; ibShadowedToolTip = "분할 뷰 모드"; ObjectID = "oXm-bk-Sje"; */
> /* Class = "NSButtonCell"; title = "취소"; ObjectID = "100"; */
> /* Class = "NSButtonCell"; title = "적용"; ObjectID = "26"; */
> /* Class = "NSMenuItem"; title = "항목"; ObjectID = "47B-FK-Yq1"; */
> /* Class = "NSTextFieldCell"; title = "셀 크기"; ObjectID = "12"; */
> /* Class = "NSTextFieldCell"; title = "선 너비"; ObjectID = "gxh-Or-ik2"; */
> /* Class = "NSWindow"; title = "보로노이"; ObjectID = "1"; */
