1c1,2
< 3c3
---
> 2,3c2,3
> < /* Class = "NSWindow"; title = "Voronoi"; ObjectID = "1"; */
4,5c5,8
< > "1.title" = "水晶";
< 6c6
---
> > /* Class = "NSWindow"; title = "보로노이"; ObjectID = "1"; */
> > "1.title" = "보로노이";
> 5,6c5,6
> < /* Class = "NSTextFieldCell"; title = "Cell Size"; ObjectID = "12"; */
8,9c11,14
< > "12.title" = "セルサイズ";
< 9c9
---
> > /* Class = "NSTextFieldCell"; title = "셀 크기"; ObjectID = "12"; */
> > "12.title" = "셀 크기";
> 8,9c8,9
> < /* Class = "NSButtonCell"; title = "Apply"; ObjectID = "26"; */
12,13c17,20
< > "26.title" = "適用";
< 12c12
---
> > /* Class = "NSButtonCell"; title = "적용"; ObjectID = "26"; */
> > "26.title" = "적용";
> 11,12c11,12
> < /* Class = "NSButtonCell"; title = "Cancel"; ObjectID = "100"; */
16,17c23,26
< > "100.title" = "キャンセル";
< 15c15
---
> > /* Class = "NSButtonCell"; title = "취소"; ObjectID = "100"; */
> > "100.title" = "취소";
> 14,15c14,15
> < /* Class = "NSMenuItem"; title = "Item"; ObjectID = "47B-FK-Yq1"; */
20,21c29,32
< > "47B-FK-Yq1.title" = "アイテム";
< 18c18
---
> > /* Class = "NSMenuItem"; title = "항목"; ObjectID = "47B-FK-Yq1"; */
> > "47B-FK-Yq1.title" = "항목";
> 17,18c17,18
> < /* Class = "NSButton"; ibShadowedToolTip = "Mirror view"; ObjectID = "KHj-pC-25w"; */
24,25c35,38
< > "KHj-pC-25w.ibShadowedToolTip" = "ミラー表示";
< 21c21
---
> > /* Class = "NSButton"; ibShadowedToolTip = "거울 뷰 모드"; ObjectID = "KHj-pC-25w"; */
> > "KHj-pC-25w.ibShadowedToolTip" = "거울 뷰 모드";
> 20,21c20,21
> < /* Class = "NSTextFieldCell"; title = "Line Width"; ObjectID = "gxh-Or-ik2"; */
28,29c41,44
< > "gxh-Or-ik2.title" = "線の幅";
< 24c24
---
> > /* Class = "NSTextFieldCell"; title = "선 너비"; ObjectID = "gxh-Or-ik2"; */
> > "gxh-Or-ik2.title" = "선 너비";
> 23,24c23,24
> < /* Class = "NSButton"; ibShadowedToolTip = "No split view"; ObjectID = "mIV-HS-pW3"; */
32,33c47,50
< > "mIV-HS-pW3.ibShadowedToolTip" = "分割表示なし";
< 27c27
---
> > /* Class = "NSButton"; ibShadowedToolTip = "분할 뷰 모드 해제"; ObjectID = "mIV-HS-pW3"; */
> > "mIV-HS-pW3.ibShadowedToolTip" = "분할 뷰 모드 해제";
> 26,27c26,27
> < /* Class = "NSButton"; ibShadowedToolTip = "Split view"; ObjectID = "oXm-bk-Sje"; */
36c53,54
< > "oXm-bk-Sje.ibShadowedToolTip" = "分割表示";
---
> > /* Class = "NSButton"; ibShadowedToolTip = "분할 뷰 모드"; ObjectID = "oXm-bk-Sje"; */
> > "oXm-bk-Sje.ibShadowedToolTip" = "분할 뷰 모드";
