3c3
< "1.title" = "Voronoi";
---
> "1.title" = "水晶";
6c6
< "12.title" = "Cell Size";
---
> "12.title" = "セルサイズ";
9c9
< "26.title" = "Apply";
---
> "26.title" = "適用";
12c12
< "100.title" = "Cancel";
---
> "100.title" = "キャンセル";
15c15
< "47B-FK-Yq1.title" = "Item";
---
> "47B-FK-Yq1.title" = "アイテム";
18c18
< "KHj-pC-25w.ibShadowedToolTip" = "Mirror view";
---
> "KHj-pC-25w.ibShadowedToolTip" = "ミラー表示";
21c21
< "gxh-Or-ik2.title" = "Line Width";
---
> "gxh-Or-ik2.title" = "線の幅";
24c24
< "mIV-HS-pW3.ibShadowedToolTip" = "No split view";
---
> "mIV-HS-pW3.ibShadowedToolTip" = "分割表示なし";
27c27
< "oXm-bk-Sje.ibShadowedToolTip" = "Split view";
---
> "oXm-bk-Sje.ibShadowedToolTip" = "分割表示";
