2,10c2,10
< 12c12
< 15c15
< 18c18
< 21c21
< 24c24
< 27c27
< 3c3
< 6c6
< 9c9
---
> 11,12c11,12
> 14,15c14,15
> 17,18c17,18
> 2,3c2,3
> 20,21c20,21
> 23,24c23,24
> 26,27c26,27
> 5,6c5,6
> 8,9c8,9
20,28c20,46
< > "1.title" = "水晶";
< > "100.title" = "キャンセル";
< > "12.title" = "セルサイズ";
< > "26.title" = "適用";
< > "47B-FK-Yq1.title" = "アイテム";
< > "KHj-pC-25w.ibShadowedToolTip" = "ミラー表示";
< > "gxh-Or-ik2.title" = "線の幅";
< > "mIV-HS-pW3.ibShadowedToolTip" = "分割表示なし";
< > "oXm-bk-Sje.ibShadowedToolTip" = "分割表示";
---
> > "1.title" = "보로노이";
> > "100.title" = "취소";
> > "12.title" = "셀 크기";
> > "26.title" = "적용";
> > "47B-FK-Yq1.title" = "항목";
> > "KHj-pC-25w.ibShadowedToolTip" = "거울 보기";
> > "gxh-Or-ik2.title" = "선 너비";
> > "mIV-HS-pW3.ibShadowedToolTip" = "분할 보기 해제";
> > "oXm-bk-Sje.ibShadowedToolTip" = "분할 보기";
