1,24d0
< ---
< ---
< ---
< ---
< ---
< ---
< 15c15
< 18c18
< 21c21
< 3c3
< 6c6
< 9c9
< < "Cnx-oJ-55k.title" = "Gain:";
< < "Le1-Sg-nXR.title" = "RGB Parade";
< < "SKG-rl-IaK.title" = "RGB Waveform";
< < "jaG-zj-nt9.title" = "Power Spectral Density";
< < "pD5-UD-9pk.title" = "Intensity Waveform";
< < "wvQ-9b-iz4.title" = "Vectorscope";
< > "Cnx-oJ-55k.title" = "ゲイン:";
< > "Le1-Sg-nXR.title" = "RGBパレード";
< > "SKG-rl-IaK.title" = "RGB波形";
< > "jaG-zj-nt9.title" = "パワースペクトル密度";
< > "pD5-UD-9pk.title" = "強度波形";
< > "wvQ-9b-iz4.title" = "ベクトルスコープ";
