---
11,12c11,12
14,15c14,15
17,18c17,18
5,6c5,6
8,9c8,9
< "KPz-VH-ML0.title" = "Rename";
< "LYK-dK-Igd.title" = "Close";
< "Wre-B3-Zlx.title" = "Delete";
< "YPA-BD-b3G.title" = "Text Cell";
< "cLf-5a-WQh.title" = "Apply";
< /* Class = "NSButtonCell"; title = "Apply"; ObjectID = "cLf-5a-WQh"; */
< /* Class = "NSButtonCell"; title = "Close"; ObjectID = "LYK-dK-Igd"; */
< /* Class = "NSButtonCell"; title = "Delete"; ObjectID = "Wre-B3-Zlx"; */
< /* Class = "NSButtonCell"; title = "Rename"; ObjectID = "KPz-VH-ML0"; */
< /* Class = "NSTextFieldCell"; title = "Text Cell"; ObjectID = "YPA-BD-b3G"; */
> "KPz-VH-ML0.title" = "이름 변경";
> "LYK-dK-Igd.title" = "닫기";
> "Wre-B3-Zlx.title" = "지우기";
> "YPA-BD-b3G.title" = "텍스트 셀";
> "cLf-5a-WQh.title" = "적용";
> /* Class = "NSButtonCell"; title = "이름 변경"; ObjectID = "KPz-VH-ML0"; */
> /* Class = "NSButtonCell"; title = "닫기"; ObjectID = "LYK-dK-Igd"; */
> /* Class = "NSButtonCell"; title = "적용"; ObjectID = "cLf-5a-WQh"; */
> /* Class = "NSButtonCell"; title = "지우기"; ObjectID = "Wre-B3-Zlx"; */
> /* Class = "NSTextFieldCell"; title = "텍스트 셀"; ObjectID = "YPA-BD-b3G"; */
