---
---
---
---
---
---
---
---
---
---
---
---
---
---
125,126c125,126
137,138c137,138
143,144c143,144
191,192c191,192
20,21c20,21
206,207c206,207
221,222c221,222
227,228c227,228
23,24c23,24
236,237c236,237
242,243c242,243
248,249c248,249
74,75c74,75
95,96c95,96
< "274-Xu-ynt.title" = "Size";
< "4j6-gL-RLE.title" = "Title";
< "GuA-Gq-Nqv.title" = "Copyright";
< "Nn1-Ug-q33.title" = "Maker";
< "WV2-Se-yn4.title" = "Location";
< "Yfa-2a-cJU.title" = "Camera";
< "aKN-lm-LmI.title" = "Text Cell";
< "k2Y-So-DSV.title" = "Text Cell";
< "q9a-p7-MBF.label" = "File";
< "tuS-5f-VDR.title" = "Author";
< "uKC-Am-XE5.title" = "Exposure";
< "wGP-MJ-mbr.title" = "Reset";
< "xbo-Cu-PZW.title" = "Lens";
< "z1h-Sw-9zs.title" = "File";
< /* Class = "NSMenuItem"; title = "File"; ObjectID = "z1h-Sw-9zs"; */
< /* Class = "NSMenuItem"; title = "Reset"; ObjectID = "wGP-MJ-mbr"; */
< /* Class = "NSTabViewItem"; label = "File"; ObjectID = "q9a-p7-MBF"; */
< /* Class = "NSTextFieldCell"; title = "Author"; ObjectID = "tuS-5f-VDR"; */
< /* Class = "NSTextFieldCell"; title = "Camera"; ObjectID = "Yfa-2a-cJU"; */
< /* Class = "NSTextFieldCell"; title = "Copyright"; ObjectID = "GuA-Gq-Nqv"; */
< /* Class = "NSTextFieldCell"; title = "Exposure"; ObjectID = "uKC-Am-XE5"; */
< /* Class = "NSTextFieldCell"; title = "Lens"; ObjectID = "xbo-Cu-PZW"; */
< /* Class = "NSTextFieldCell"; title = "Location"; ObjectID = "WV2-Se-yn4"; */
< /* Class = "NSTextFieldCell"; title = "Maker"; ObjectID = "Nn1-Ug-q33"; */
< /* Class = "NSTextFieldCell"; title = "Size"; ObjectID = "274-Xu-ynt"; */
< /* Class = "NSTextFieldCell"; title = "Text Cell"; ObjectID = "aKN-lm-LmI"; */
< /* Class = "NSTextFieldCell"; title = "Text Cell"; ObjectID = "k2Y-So-DSV"; */
< /* Class = "NSTextFieldCell"; title = "Title"; ObjectID = "4j6-gL-RLE"; */
> "274-Xu-ynt.title" = "크기";
> "4j6-gL-RLE.title" = "타이틀";
> "GuA-Gq-Nqv.title" = "저작권";
> "Nn1-Ug-q33.title" = "제조사";
> "WV2-Se-yn4.title" = "위치";
> "Yfa-2a-cJU.title" = "카메라";
> "aKN-lm-LmI.title" = "텍스트 셀";
> "k2Y-So-DSV.title" = "텍스트 셀";
> "q9a-p7-MBF.label" = "파일";
> "tuS-5f-VDR.title" = "저자";
> "uKC-Am-XE5.title" = "노출";
> "wGP-MJ-mbr.title" = "재설정";
> "xbo-Cu-PZW.title" = "렌즈";
> "z1h-Sw-9zs.title" = "파일";
> /* Class = "NSMenuItem"; title = "파일"; ObjectID = "z1h-Sw-9zs"; */
> /* Class = "NSMenuItem"; title = "재설정"; ObjectID = "wGP-MJ-mbr"; */
> /* Class = "NSTabViewItem"; label = "파일"; ObjectID = "q9a-p7-MBF"; */
> /* Class = "NSTextFieldCell"; title = "크기"; ObjectID = "274-Xu-ynt"; */
> /* Class = "NSTextFieldCell"; title = "위치"; ObjectID = "WV2-Se-yn4"; */
> /* Class = "NSTextFieldCell"; title = "저자"; ObjectID = "tuS-5f-VDR"; */
> /* Class = "NSTextFieldCell"; title = "노출"; ObjectID = "uKC-Am-XE5"; */
> /* Class = "NSTextFieldCell"; title = "렌즈"; ObjectID = "xbo-Cu-PZW"; */
> /* Class = "NSTextFieldCell"; title = "텍스트 셀"; ObjectID = "aKN-lm-LmI"; */
> /* Class = "NSTextFieldCell"; title = "텍스트 셀"; ObjectID = "k2Y-So-DSV"; */
> /* Class = "NSTextFieldCell"; title = "타이틀"; ObjectID = "4j6-gL-RLE"; */
> /* Class = "NSTextFieldCell"; title = "저작권"; ObjectID = "GuA-Gq-Nqv"; */
> /* Class = "NSTextFieldCell"; title = "제조사"; ObjectID = "Nn1-Ug-q33"; */
> /* Class = "NSTextFieldCell"; title = "카메라"; ObjectID = "Yfa-2a-cJU"; */
