2,11c2,8
< 12c12
< 15c15
< 18c18
< 21c21
< 24c24
< 27c27
< 3c3
< 6c6
< 9c9
< < "1.title" = "Z-Map Blur";
---
> 11,12c11,12
> 17,18c17,18
> 20,21c20,21
> 23,24c23,24
> 26,27c26,27
> 5,6c5,6
> 8,9c8,9
15d11
< < "308.title" = "Load Map From File";
20,28c16,36
< > "1.title" = "Zマップぼかし";
< > "12.title" = "半径";
< > "226.title" = "キャンセル";
< > "26.title" = "適用";
< > "308.title" = "マップをファイルから読み込み";
< > "90u-L0-6Rg.title" = "反転";
< > "Fl0-nZ-ahO.ibShadowedToolTip" = "分割表示";
< > "qcQ-lD-v4y.ibShadowedToolTip" = "分割表示なし";
< > "wCl-n6-vg1.ibShadowedToolTip" = "ミラー表示";
---
> > "12.title" = "반지름";
> > "226.title" = "취소";
> > "26.title" = "적용";
> > "90u-L0-6Rg.title" = "반전";
> > "Fl0-nZ-ahO.ibShadowedToolTip" = "분할 보기";
> > "qcQ-lD-v4y.ibShadowedToolTip" = "분할 보기 해제";
> > "wCl-n6-vg1.ibShadowedToolTip" = "거울 보기";
