1,5c1,2
< 3c3
< < "1.title" = "Z-Map Blur";
< ---
< > "1.title" = "Zマップぼかし";
< 6c6
---
> 5,6c5,6
> < /* Class = "NSTextFieldCell"; title = "Radius"; ObjectID = "12"; */
8,9c5,8
< > "12.title" = "半径";
< 9c9
---
> > /* Class = "NSTextFieldCell"; title = "반지름"; ObjectID = "12"; */
> > "12.title" = "반지름";
> 8,9c8,9
> < /* Class = "NSButtonCell"; title = "Apply"; ObjectID = "26"; */
12,13c11,14
< > "26.title" = "適用";
< 12c12
---
> > /* Class = "NSButtonCell"; title = "적용"; ObjectID = "26"; */
> > "26.title" = "적용";
> 11,12c11,12
> < /* Class = "NSButtonCell"; title = "Cancel"; ObjectID = "226"; */
16,21c17,20
< > "226.title" = "キャンセル";
< 15c15
< < "308.title" = "Load Map From File";
< ---
< > "308.title" = "マップをファイルから読み込み";
< 18c18
---
> > /* Class = "NSButtonCell"; title = "취소"; ObjectID = "226"; */
> > "226.title" = "취소";
> 17,18c17,18
> < /* Class = "NSButtonCell"; title = "Invert"; ObjectID = "90u-L0-6Rg"; */
24,25c23,26
< > "90u-L0-6Rg.title" = "反転";
< 21c21
---
> > /* Class = "NSButtonCell"; title = "반전"; ObjectID = "90u-L0-6Rg"; */
> > "90u-L0-6Rg.title" = "반전";
> 20,21c20,21
> < /* Class = "NSButton"; ibShadowedToolTip = "Split view"; ObjectID = "Fl0-nZ-ahO"; */
28,29c29,32
< > "Fl0-nZ-ahO.ibShadowedToolTip" = "分割表示";
< 24c24
---
> > /* Class = "NSButton"; ibShadowedToolTip = "분할 뷰 모드"; ObjectID = "Fl0-nZ-ahO"; */
> > "Fl0-nZ-ahO.ibShadowedToolTip" = "분할 뷰 모드";
> 23,24c23,24
> < /* Class = "NSButton"; ibShadowedToolTip = "No split view"; ObjectID = "qcQ-lD-v4y"; */
32,33c35,38
< > "qcQ-lD-v4y.ibShadowedToolTip" = "分割表示なし";
< 27c27
---
> > /* Class = "NSButton"; ibShadowedToolTip = "분할 뷰 모드 해제"; ObjectID = "qcQ-lD-v4y"; */
> > "qcQ-lD-v4y.ibShadowedToolTip" = "분할 뷰 모드 해제";
> 26,27c26,27
> < /* Class = "NSButton"; ibShadowedToolTip = "Mirror view"; ObjectID = "wCl-n6-vg1"; */
36c41,42
< > "wCl-n6-vg1.ibShadowedToolTip" = "ミラー表示";
---
> > /* Class = "NSButton"; ibShadowedToolTip = "거울 뷰 모드"; ObjectID = "wCl-n6-vg1"; */
> > "wCl-n6-vg1.ibShadowedToolTip" = "거울 뷰 모드";
