---
---
---
---
---
---
---
12c12
15c15
18c18
21c21
3c3
6c6
9c9
< "1.title" = "Zoom Blur";
< "12.title" = "Radius";
< "210.title" = "Cancel";
< "26.title" = "Apply";
< "c3I-pS-pof.ibShadowedToolTip" = "Split view";
< "hcl-4m-n8h.ibShadowedToolTip" = "No split view";
< "tTW-EE-chI.ibShadowedToolTip" = "Mirror view";
> "1.title" = "ズームぼかし";
> "12.title" = "半径";
> "210.title" = "キャンセル";
> "26.title" = "適用";
> "c3I-pS-pof.ibShadowedToolTip" = "分割表示";
> "hcl-4m-n8h.ibShadowedToolTip" = "分割表示なし";
> "tTW-EE-chI.ibShadowedToolTip" = "ミラー表示";
