2,9c2,7
< 12c12
< 15c15
< 18c18
< 21c21
< 3c3
< 6c6
< 9c9
< < "1.title" = "Zoom Blur";
---
> 11,12c11,12
> 14,15c14,15
> 17,18c17,18
> 20,21c20,21
> 5,6c5,6
> 8,9c8,9
16,22c14,31
< > "1.title" = "ズームぼかし";
< > "12.title" = "半径";
< > "210.title" = "キャンセル";
< > "26.title" = "適用";
< > "c3I-pS-pof.ibShadowedToolTip" = "分割表示";
< > "hcl-4m-n8h.ibShadowedToolTip" = "分割表示なし";
< > "tTW-EE-chI.ibShadowedToolTip" = "ミラー表示";
---
> > "12.title" = "반지름";
> > "210.title" = "취소";
> > "26.title" = "적용";
> > "c3I-pS-pof.ibShadowedToolTip" = "분할 보기";
> > "hcl-4m-n8h.ibShadowedToolTip" = "분할 보기 해제";
> > "tTW-EE-chI.ibShadowedToolTip" = "거울 보기";
