438c438
< 		<string>Paste</string>
---
> 		<string>붙이기</string>
619c619
< 		<string>Create Slice</string>
---
> 		<string>슬라이스 생성</string>
693c693
< 		<string>Find in Layers Page</string>
---
> 		<string>레이어 페이지에서 찾기</string>
886c886
< 		<string>Cut</string>
---
> 		<string>오려두기</string>
921c921
< 		<string>Copy</string>
---
> 		<string>복사</string>
1028c1028
< 		<string>Group</string>
---
> 		<string>그룹</string>
1063c1063
< 		<string>Ungroup</string>
---
> 		<string>그룹 해제</string>
1098c1098
< 		<string>Ungroup All</string>
---
> 		<string>모두 그룹 해제</string>
1171c1171
< 		<string>Rotate Left</string>
---
> 		<string>왼쪽으로 회전</string>
1206c1206
< 		<string>Rotate Right</string>
---
> 		<string>오른쪽으로 회전</string>
1241c1241
< 		<string>Reset Rotation</string>
---
> 		<string>회전 재설정</string>
1329c1329
< 		<string>Arrange</string>
---
> 		<string>순서</string>
1408c1408
< 		<string>Move to Front</string>
---
> 		<string>맨 앞으로 가져오기</string>
1443c1443
< 		<string>Move Forward One</string>
---
> 		<string>앞으로 가져오기</string>
1478c1478
< 		<string>Move Back One</string>
---
> 		<string>뒤로 보내기</string>
1513c1513
< 		<string>Move to Back</string>
---
> 		<string>맨 뒤로 보내기</string>
1563c1563
< 		<string>Alignment</string>
---
> 		<string>정렬</string>
1653c1653
< 		<string>Align Left</string>
---
> 		<string>왼쪽 정렬</string>
1688c1688
< 		<string>Align Centre</string>
---
> 		<string>가로 가운데 정렬</string>
1723c1723
< 		<string>Align Right</string>
---
> 		<string>오른쪽 정렬</string>
1796c1796
< 		<string>Align Top</string>
---
> 		<string>위쪽 정렬</string>
1831c1831
< 		<string>Align Middle</string>
---
> 		<string>세로 가운데 정렬</string>
1866c1866
< 		<string>Align Bottom</string>
---
> 		<string>아래쪽 정렬</string>
1916c1916
< 		<string>Geometry</string>
---
> 		<string>기하</string>
1998c1998
< 		<string>Add</string>
---
> 		<string>추가</string>
2033c2033
< 		<string>Subtract</string>
---
> 		<string>제거</string>
2068c2068
< 		<string>Intersect</string>
---
> 		<string>교차</string>
2103c2103
< 		<string>Divide</string>
---
> 		<string>분할</string>
2138c2138
< 		<string>Combine</string>
---
> 		<string>배타</string>
2188c2188
< 		<string>Transform</string>
---
> 		<string>변형</string>
2270c2270
< 		<string>Rotate Left</string>
---
> 		<string>반시계방향으로 회전</string>
2305c2305
< 		<string>Rotate Right</string>
---
> 		<string>시계방향으로 회전</string>
2378c2378
< 		<string>Flip Horizontal</string>
---
> 		<string>가로 뒤집기</string>
2413c2413
< 		<string>Flip Vertical</string>
---
> 		<string>세로 뒤집기</string>
2486c2486
< 		<string>Layer Effects…</string>
---
> 		<string>레이어 효과…</string>
2559c2559
< 		<string>Convert to Curves</string>
---
> 		<string>곡선으로 전환</string>
2594c2594
< 		<string>Rasterise…</string>
---
> 		<string>래스터화…</string>
2667c2667
< 		<string>Create Style</string>
---
> 		<string>스타일 생성</string>
2755c2755
< 		<string>Add to Swatches…</string>
---
> 		<string>견본에 추가…</string>
2773c2773
< 		<string>Add to Swatches…</string>
---
> 		<string>견본에 추가…</string>
2846c2846
< 		<string>From Fill</string>
---
> 		<string>칠</string>
2881c2881
< 		<string>From Line</string>
---
> 		<string>획</string>
2916c2916
< 		<string>From Both</string>
---
> 		<string>모두</string>
2989c2989
< 		<string>From Fill As Global</string>
---
> 		<string>칠 (전역)</string>
3024c3024
< 		<string>From Line As Global</string>
---
> 		<string>획 (전역)</string>
3059c3059
< 		<string>From Both As Global</string>
---
> 		<string>모두 (전역)</string>
3132c3132
< 		<string>Find in Layers Panel</string>
---
> 		<string>레이어 목록에서 찾기</string>
3221c3221
< 		<string>Find in Slice Page</string>
---
> 		<string>슬라이스 페이지에서 찾기</string>
3358c3358
< 		<string>Zoom In</string>
---
> 		<string>확대</string>
3393c3393
< 		<string>Zoom Out</string>
---
> 		<string>축소</string>
3466c3466
< 		<string>Zoom to Fit</string>
---
> 		<string>화면 크기에 맞추기</string>
3539c3539
< 		<string>Rotate Left</string>
---
> 		<string>왼쪽으로 회전</string>
3574c3574
< 		<string>Rotate Right</string>
---
> 		<string>오른쪽으로 회전</string>
3609c3609
< 		<string>Reset Rotation</string>
---
> 		<string>회전 재설정</string>
