477c477
< 		<string>Open Recent</string>
---
> 		<string>최근 사용 열기</string>
528c528
< 		<string>Clear Menu</string>
---
> 		<string>메뉴 지우기</string>
667c667
< 		<string>Views</string>
---
> 		<string>뷰</string>
716c716
< 		<string>Studio</string>
---
> 		<string>작업실</string>
781c781
< 		<string>Show Left Studio</string>
---
> 		<string>왼쪽 작업실 나타내기</string>
816c816
< 		<string>Show Right Studio</string>
---
> 		<string>오른쪽 작업실 나타내기</string>
892c892
< 		<string>Hide Studio</string>
---
> 		<string>작업실 가리기</string>
928c928
< 		<string>Reset Studio</string>
---
> 		<string>작업실 재설정</string>
973c973
< 		<string>Share</string>
---
> 		<string>공유</string>
1062c1062
< 		<string>Separated Mode</string>
---
> 		<string>분리 모드</string>
1125c1125
< 		<string>Minimize</string>
---
> 		<string>최소화</string>
1180c1180
< 		<string>Zoom</string>
---
> 		<string>맞추기</string>
1257c1257
< 		<string>Hide Others</string>
---
> 		<string>기타 가리기</string>
1318c1318
< 		<string>Preferences…</string>
---
> 		<string>환경설정…</string>
1379c1379
< 		<string>Quit</string>
---
> 		<string>Designer 종료</string>
1448c1448
< 		<string>Show All</string>
---
> 		<string>모두 나타내기</string>
1503c1503
< 		<string>Hide</string>
---
> 		<string>Designer 가리기</string>
1561c1561
< 		<string>About…</string>
---
> 		<string>Designer에 관하여…</string>
1638c1638
< 		<string>Save As…</string>
---
> 		<string>다른 이름으로 저장…</string>
1712c1712
< 		<string>Save</string>
---
> 		<string>저장</string>
1773c1773
< 		<string>Close</string>
---
> 		<string>닫기</string>
1834c1834
< 		<string>New</string>
---
> 		<string>신규</string>
1895c1895
< 		<string>Open…</string>
---
> 		<string>열기…</string>
1956c1956
< 		<string>Print…</string>
---
> 		<string>인쇄…</string>
2050c2050
< 		<string>Customise Tools…</string>
---
> 		<string>도구 사용자화…</string>
2110c2110
< 		<string>Customise Toolbar…</string>
---
> 		<string>툴바 사용자화…</string>
2170c2170
< 		<string>Show Toolbar</string>
---
> 		<string>툴바 나타내기</string>
2231c2231
< 		<string>Zoom to Fit</string>
---
> 		<string>화면 크기에 맞추기</string>
2364c2364
< 		<string>Show Margins</string>
---
> 		<string>여백선 나타내기</string>
2424c2424
< 		<string>Show Guides</string>
---
> 		<string>안내선 나타내기</string>
2485c2485
< 		<string>Show Grid</string>
---
> 		<string>격자선 나타내기</string>
2544c2544
< 		<string>New View</string>
---
> 		<string>새로운 뷰</string>
2604c2604
< 		<string>Export…</string>
---
> 		<string>출력…</string>
2681c2681
< 		<string>Pixels</string>
---
> 		<string>픽셀</string>
2740c2740
< 		<string>Snapping Manager…</string>
---
> 		<string>스내핑 관리자…</string>
2800c2800
< 		<string>Zoom In</string>
---
> 		<string>확대</string>
2861c2861
< 		<string>Zoom Out</string>
---
> 		<string>축소</string>
2920c2920
< 		<string>Assistant Manager…</string>
---
> 		<string>손쉬운 사용 관리자…</string>
2978c2978
< 		<string>Vector</string>
---
> 		<string>벡터</string>
3084c3084
< 		<string>Show Rulers</string>
---
> 		<string>눈금자 나타내기</string>
3145c3145
< 		<string>Toggle Full Screen</string>
---
> 		<string>전체 화면 시작</string>
3279c3279
< 		<string>Select All</string>
---
> 		<string>전체 선택</string>
3362c3362
< 		<string>Affinity Designer Help</string>
---
> 		<string>Affinity Designer 도움말</string>
3421c3421
< 		<string>Pixel Persona</string>
---
> 		<string>픽셀 페르소나</string>
3565c3565
< 		<string>Delete</string>
---
> 		<string>지우기</string>
3621c3621
< 		<string>Copy</string>
---
> 		<string>복사</string>
3682c3682
< 		<string>Actual Size</string>
---
> 		<string>실제 크기</string>
3829c3829
< 		<string>Toggle UI</string>
---
> 		<string>UI 가리기</string>
3888c3888
< 		<string>Welcome...</string>
---
> 		<string>환영...</string>
3946c3946
< 		<string>Rotate Left</string>
---
> 		<string>왼쪽으로 회전</string>
4006c4006
< 		<string>Select Next</string>
---
> 		<string>다음 항목 선택</string>
4065c4065
< 		<string>Merge All Windows</string>
---
> 		<string>모든 윈도우 합치기</string>
4123c4123
< 		<string>Show Tools</string>
---
> 		<string>도구 나타내기</string>
4242c4242
< 		<string>Grid and Axis Manager…</string>
---
> 		<string>격자선 관리자…</string>
4300c4300
< 		<string>Show Context Toolbar</string>
---
> 		<string>상황별 툴바 나타내기</string>
4358c4358
< 		<string>Reset Rotation</string>
---
> 		<string>회전 재설정</string>
4418c4418
< 		<string>Pixel Size</string>
---
> 		<string>픽셀 크기</string>
4479c4479
< 		<string>New From Clipboard</string>
---
> 		<string>클립보드에서 신규</string>
4551c4551
< 		<string>Apple Colour Picker...</string>
---
> 		<string>Apple 색상 선택기...</string>
4611c4611
< 		<string>Deselect</string>
---
> 		<string>선택 해제</string>
4693c4693
< 		<string>Rotate Right</string>
---
> 		<string>오른쪽으로 회전</string>
4814c4814
< 		<string>Pixels (Retina)</string>
---
> 		<string>픽셀 (레티나)</string>
4875c4875
< 		<string>Zoom to Selection</string>
---
> 		<string>선택 항목에 맞추기</string>
4935c4935
< 		<string>Select Previous</string>
---
> 		<string>이전 항목 선택</string>
5055c5055
< 		<string>Draw Persona</string>
---
> 		<string>그림 페르소나</string>
5113c5113
< 		<string>Support...</string>
---
> 		<string>지원...</string>
5227c5227
< 		<string>Cut</string>
---
> 		<string>오려두기</string>
5283c5283
< 		<string>Paste</string>
---
> 		<string>붙이기</string>
5342c5342
< 		<string>Tutorial...</string>
---
> 		<string>튜토리얼...</string>
5425c5425
< 		<string>Outline</string>
---
> 		<string>윤곽</string>
5483c5483
< 		<string>Dock Tools</string>
---
> 		<string>도구 고정</string>
6254c6254
< 		<string>Persona</string>
---
> 		<string>페르소나</string>
6491c6491
< 		<string>Services</string>
---
> 		<string>서비스</string>
6656c6656
< 		<string>File</string>
---
> 		<string>파일</string>
7082c7082
< 		<string>Edit</string>
---
> 		<string>편집</string>
7256c7256
< 		<string>Select</string>
---
> 		<string>선택</string>
7378c7378
< 		<string>View</string>
---
> 		<string>뷰</string>
7682c7682
< 		<string>View Mode</string>
---
> 		<string>뷰 모드</string>
8212c8212
< 		<string>Window</string>
---
> 		<string>윈도우</string>
8369c8369
< 		<string>Bring All to Front</string>
---
> 		<string>모두 앞으로 가져오기</string>
8422c8422
< 		<string>Help</string>
---
> 		<string>도움말</string>
