849c849
< 		<string>Open Recent</string>
---
> 		<string>최근 사용 열기</string>
1039c1039
< 		<string>Views</string>
---
> 		<string>뷰</string>
1088c1088
< 		<string>Studio</string>
---
> 		<string>작업실</string>
1153c1153
< 		<string>Show Left Studio</string>
---
> 		<string>왼쪽 작업실 나타내기</string>
1188c1188
< 		<string>Show Right Studio</string>
---
> 		<string>오른쪽 작업실 나타내기</string>
1264c1264
< 		<string>Hide Studio</string>
---
> 		<string>작업실 가리기</string>
1300c1300
< 		<string>Reset Studio</string>
---
> 		<string>작업실 재설정</string>
1345c1345
< 		<string>Share</string>
---
> 		<string>공유</string>
1429c1429
< 		<string>Minimize</string>
---
> 		<string>최소화</string>
1494c1494
< 		<string>Zoom</string>
---
> 		<string>맞추기</string>
1571c1571
< 		<string>Hide Others</string>
---
> 		<string>기타 가리기</string>
1632c1632
< 		<string>Preferences…</string>
---
> 		<string>환경설정…</string>
1706c1706
< 		<string>Quit</string>
---
> 		<string>Designer 종료</string>
1775c1775
< 		<string>Show All</string>
---
> 		<string>모두 보기</string>
1830c1830
< 		<string>Hide</string>
---
> 		<string>Designer 가리기</string>
1888c1888
< 		<string>About…</string>
---
> 		<string>Designer에 관하여…</string>
2034c2034
< 		<string>Copy</string>
---
> 		<string>복사</string>
2090c2090
< 		<string>Paste</string>
---
> 		<string>붙이기</string>
2146c2146
< 		<string>Cut</string>
---
> 		<string>오려두기</string>
2280c2280
< 		<string>Select All</string>
---
> 		<string>모두 선택</string>
2334c2334
< 		<string>Delete</string>
---
> 		<string>지우기</string>
2412c2412
< 		<string>Save As…</string>
---
> 		<string>다른 이름으로 저장…</string>
2531c2531
< 		<string>Close</string>
---
> 		<string>닫기</string>
2592c2592
< 		<string>Document Setup…</string>
---
> 		<string>문서 설정…</string>
2653c2653
< 		<string>New</string>
---
> 		<string>신규</string>
2714c2714
< 		<string>Open…</string>
---
> 		<string>열기…</string>
2775c2775
< 		<string>Print…</string>
---
> 		<string>인쇄…</string>
2869c2869
< 		<string>Customise Tools…</string>
---
> 		<string>도구 사용자화…</string>
2929c2929
< 		<string>Customise Toolbar…</string>
---
> 		<string>툴바 사용자화…</string>
2989c2989
< 		<string>Show Toolbar</string>
---
> 		<string>툴바 나타내기</string>
3072c3072
< 		<string>Affinity Designer Help</string>
---
> 		<string>Affinity Designer 도움말</string>
3150c3150
< 		<string>Ungroup</string>
---
> 		<string>그룹 해제</string>
3211c3211
< 		<string>Group</string>
---
> 		<string>그룹</string>
3272c3272
< 		<string>Duplicate</string>
---
> 		<string>복제</string>
3333c3333
< 		<string>Zoom to Fit</string>
---
> 		<string>화면 크기에 맞추기</string>
3466c3466
< 		<string>Show Margins</string>
---
> 		<string>여백선 나타내기</string>
3526c3526
< 		<string>Show Guides</string>
---
> 		<string>안내선 나타내기</string>
3587c3587
< 		<string>Show Grid</string>
---
> 		<string>격자선 나타내기</string>
3646c3646
< 		<string>New View</string>
---
> 		<string>새로운 뷰</string>
3706c3706
< 		<string>Export…</string>
---
> 		<string>출력…</string>
3783c3783
< 		<string>Pixels</string>
---
> 		<string>픽셀</string>
3842c3842
< 		<string>Place…</string>
---
> 		<string>다른 문서 넣기…</string>
3900c3900
< 		<string>Snapping Manager…</string>
---
> 		<string>스내핑 관리자…</string>
3955c3955
< 		<string>Paste Style</string>
---
> 		<string>스타일 붙이기</string>
4016c4016
< 		<string>Zoom In</string>
---
> 		<string>확대</string>
4077c4077
< 		<string>Zoom Out</string>
---
> 		<string>축소</string>
4136c4136
< 		<string>Rasterise…</string>
---
> 		<string>래스터화…</string>
4194c4194
< 		<string>Assistant Manager…</string>
---
> 		<string>손쉬운 사용 관리자…</string>
4252c4252
< 		<string>Vector</string>
---
> 		<string>벡터</string>
4312c4312
< 		<string>Media Browser…</string>
---
> 		<string>미디어 브라우저…</string>
4432c4432
< 		<string>Show Rulers</string>
---
> 		<string>눈금자 나타내기</string>
4491c4491
< 		<string>Outline…</string>
---
> 		<string>윤곽…</string>
4566c4566
< 		<string>Select Highlights</string>
---
> 		<string>빛 선택</string>
4643c4643
< 		<string>Move Back One</string>
---
> 		<string>뒤로 보내기</string>
4715c4715
< 		<string>Create Compound</string>
---
> 		<string>결합 생성</string>
4775c4775
< 		<string>Release Compound</string>
---
> 		<string>결합 해제</string>
4850c4850
< 		<string>Recolour</string>
---
> 		<string>재색상</string>
4925c4925
< 		<string>Distribute Vertically</string>
---
> 		<string>세로 분배</string>
4983c4983
< 		<string>Apple Colour Picker...</string>
---
> 		<string>Apple 색상 선택기...</string>
5058c5058
< 		<string>Flip Vertical</string>
---
> 		<string>세로 뒤집기</string>
5116c5116
< 		<string>Merge All Windows</string>
---
> 		<string>모든 윈도우 합치기</string>
5174c5174
< 		<string>Show Tools</string>
---
> 		<string>도구 나타내기</string>
5232c5232
< 		<string>Show Context Toolbar</string>
---
> 		<string>상황별 툴바 나타내기</string>
5290c5290
< 		<string>Move to Previous View Point</string>
---
> 		<string>이전 뷰 포인트로 이동</string>
5365c5365
< 		<string>Select Reds</string>
---
> 		<string>빨강 선택</string>
5425c5425
< 		<string>Align Centre</string>
---
> 		<string>가로 가운데 정렬</string>
5483c5483
< 		<string>Align Top</string>
---
> 		<string>위쪽 정렬</string>
5598c5598
< 		<string>Colour Balance</string>
---
> 		<string>색상 밸런스</string>
5673c5673
< 		<string>Divide</string>
---
> 		<string>분할</string>
5744c5744
< 		<string>Refine Edges…</string>
---
> 		<string>모서리 다듬기…</string>
5819c5819
< 		<string>Default</string>
---
> 		<string>기본값</string>
5877c5877
< 		<string>Split View</string>
---
> 		<string>분할 뷰 모드</string>
5937c5937
< 		<string>Select Previous</string>
---
> 		<string>이전 항목 선택</string>
5995c5995
< 		<string>Smooth…</string>
---
> 		<string>부드럽게…</string>
6053c6053
< 		<string>Feather…</string>
---
> 		<string>깃털…</string>
6111c6111
< 		<string>Support...</string>
---
> 		<string>지원...</string>
6171c6171
< 		<string>New Pixel Layer</string>
---
> 		<string>새로운 픽셀 레이어</string>
6232c6232
< 		<string>Pixel Size</string>
---
> 		<string>픽셀 크기</string>
6293c6293
< 		<string>Unlock All</string>
---
> 		<string>모두 잠금 해제</string>
6352c6352
< 		<string>Export Persona</string>
---
> 		<string>출력 페르소나</string>
6410c6410
< 		<string>Rotate Left</string>
---
> 		<string>왼쪽으로 회전</string>
6468c6468
< 		<string>Intersect</string>
---
> 		<string>교차</string>
6526c6526
< 		<string>Select Sampled Colour…</string>
---
> 		<string>표본 색상 선택…</string>
6581c6581
< 		<string>Paste FX</string>
---
> 		<string>효과 붙이기</string>
6641c6641
< 		<string>Move to Front</string>
---
> 		<string>맨 앞으로 가져오기</string>
6700c6700
< 		<string>Rotate Right</string>
---
> 		<string>오른쪽으로 회전</string>
6758c6758
< 		<string>Brightness / Contrast</string>
---
> 		<string>명암 / 대비</string>
6904c6904
< 		<string>Welcome...</string>
---
> 		<string>환영...</string>
6962c6962
< 		<string>Select Greens</string>
---
> 		<string>초록 선택</string>
7020c7020
< 		<string>Tutorial...</string>
---
> 		<string>튜토리얼...</string>
7080c7080
< 		<string>Align Right</string>
---
> 		<string>오른쪽 정렬</string>
7140c7140
< 		<string>Curves</string>
---
> 		<string>곡선</string>
7199c7199
< 		<string>Single View</string>
---
> 		<string>단일 뷰 모드</string>
7257c7257
< 		<string>Inside</string>
---
> 		<string>안으로</string>
7315c7315
< 		<string>Separated Mode</string>
---
> 		<string>분리 모드</string>
7373c7373
< 		<string>Align Bottom</string>
---
> 		<string>아래쪽 정렬</string>
7491c7491
< 		<string>Unlock</string>
---
> 		<string>잠금 해제</string>
7550c7550
< 		<string>Gradient Map</string>
---
> 		<string>그레이디언트 맵</string>
7610c7610
< 		<string>Zoom to Selection</string>
---
> 		<string>선택 항목에 맞추기</string>
7668c7668
< 		<string>Guides Manager…</string>
---
> 		<string>안내선 관리자…</string>
7726c7726
< 		<string>Toggle UI</string>
---
> 		<string>UI 가리기</string>
7785c7785
< 		<string>Exposure</string>
---
> 		<string>노출</string>
7843c7843
< 		<string>Select Midtones</string>
---
> 		<string>중간 선택</string>
7903c7903
< 		<string>Invert Pixel Selection</string>
---
> 		<string>픽셀 선택 항목 반전</string>
7962c7962
< 		<string>Reset Rotation</string>
---
> 		<string>회전 재설정</string>
8081c8081
< 		<string>Rotate Right</string>
---
> 		<string>시계방향으로 회전</string>
8197c8197
< 		<string>Shadows / Highlights</string>
---
> 		<string>그림자 / 빛</string>
8257c8257
< 		<string>Lock</string>
---
> 		<string>잠금</string>
8315c8315
< 		<string>Find in Layers Panel</string>
---
> 		<string>레이어 목록에서 찾기</string>
8373c8373
< 		<string>Dock Tools</string>
---
> 		<string>도구 고정</string>
8431c8431
< 		<string>Behind</string>
---
> 		<string>뒤로</string>
8509c8509
< 		<string>Paste Inside</string>
---
> 		<string>안으로 붙이기</string>
8628c8628
< 		<string>Grid and Axis Manager…</string>
---
> 		<string>격자선 관리자…</string>
8686c8686
< 		<string>Invert</string>
---
> 		<string>반전</string>
8744c8744
< 		<string>Threshold</string>
---
> 		<string>역치</string>
8804c8804
< 		<string>New Layer</string>
---
> 		<string>새로운 레이어</string>
8862c8862
< 		<string>Draw Persona</string>
---
> 		<string>그림 페르소나</string>
8920c8920
< 		<string>Select Shadows</string>
---
> 		<string>그림자 선택</string>
8975c8975
< 		<string>Paste Without Format</string>
---
> 		<string>포맷 없이 붙이기</string>
9092c9092
< 		<string>Space Vertically</string>
---
> 		<string>세로 공간</string>
9150c9150
< 		<string>Top</string>
---
> 		<string>위로</string>
9208c9208
< 		<string>Flip Horizontal</string>
---
> 		<string>가로 뒤집기</string>
9268c9268
< 		<string>Actual Size</string>
---
> 		<string>실제 크기</string>
9329c9329
< 		<string>Align Left</string>
---
> 		<string>왼쪽 정렬</string>
9387c9387
< 		<string>Layer Effects…</string>
---
> 		<string>레이어 효과…</string>
9445c9445
< 		<string>Align Middle</string>
---
> 		<string>세로 가운데 정렬</string>
9503c9503
< 		<string>Add</string>
---
> 		<string>추가</string>
9563c9563
< 		<string>Toggle Full Screen</string>
---
> 		<string>전체 화면 시작</string>
9624c9624
< 		<string>Move to Back</string>
---
> 		<string>맨 뒤로 보내기</string>
9684c9684
< 		<string>Deselect</string>
---
> 		<string>선택 해제</string>
9745c9745
< 		<string>Outline</string>
---
> 		<string>윤곽</string>
9803c9803
< 		<string>Promote Group to Layer</string>
---
> 		<string>그룹을 레이어로 승격</string>
9861c9861
< 		<string>White Balance</string>
---
> 		<string>화이트 밸런스</string>
9942c9942
< 		<string>Rasterise to Mask</string>
---
> 		<string>마스크 래스터화</string>
10000c10000
< 		<string>Combine</string>
---
> 		<string>배타</string>
10058c10058
< 		<string>Show</string>
---
> 		<string>보기</string>
10118c10118
< 		<string>Pixels (Retina)</string>
---
> 		<string>픽셀 (레티나)</string>
10177c10177
< 		<string>Posterise</string>
---
> 		<string>포스터화</string>
10237c10237
< 		<string>New From Clipboard</string>
---
> 		<string>클립보드에서 신규</string>
10308c10308
< 		<string>Rotate Left</string>
---
> 		<string>반시계방향으로 회전</string>
10366c10366
< 		<string>Distribute Horizontally</string>
---
> 		<string>가로 분배</string>
10426c10426
< 		<string>Move Forward One</string>
---
> 		<string>앞으로 가져오기</string>
10484c10484
< 		<string>Reveal in Finder</string>
---
> 		<string>Finder에서 찾기</string>
10542c10542
< 		<string>Selective Colour</string>
---
> 		<string>색상 선택</string>
10600c10600
< 		<string>Move to Next View Point</string>
---
> 		<string>다음 뷰 포인트로 이동</string>
10658c10658
< 		<string>Grow / Shrink…</string>
---
> 		<string>팽창 / 수축…</string>
10718c10718
< 		<string>Ungroup All</string>
---
> 		<string>모든 그룹 해제</string>
10776c10776
< 		<string>Channel Mixer</string>
---
> 		<string>채널 혼합</string>
10836c10836
< 		<string>Black &amp; White</string>
---
> 		<string>흑백</string>
10895c10895
< 		<string>Subtract</string>
---
> 		<string>제거</string>
10953c10953
< 		<string>Vibrance</string>
---
> 		<string>활기</string>
11011c11011
< 		<string>Soft Proof</string>
---
> 		<string>미리보기</string>
11071c11071
< 		<string>Save</string>
---
> 		<string>저장</string>
11190c11190
< 		<string>Space Horizontally</string>
---
> 		<string>가로 공간</string>
11368c11368
< 		<string>Save History With Document</string>
---
> 		<string>편집 기록 저장</string>
11428c11428
< 		<string>Select Next</string>
---
> 		<string>다음 항목 선택</string>
11486c11486
< 		<string>Levels</string>
---
> 		<string>레벨</string>
11544c11544
< 		<string>Select Blues</string>
---
> 		<string>파랑 선택</string>
12801c12801
< 		<string>Persona</string>
---
> 		<string>페르소나</string>
13038c13038
< 		<string>Services</string>
---
> 		<string>서비스</string>
13203c13203
< 		<string>File</string>
---
> 		<string>파일</string>
13783c13783
< 		<string>Edit</string>
---
> 		<string>편집</string>
13933c13933
< 		<string>Layer</string>
---
> 		<string>레이어</string>
14201c14201
< 		<string>Arrange</string>
---
> 		<string>순서</string>
14277c14277
< 		<string>Alignment</string>
---
> 		<string>정렬</string>
14503c14503
< 		<string>Geometry</string>
---
> 		<string>기하</string>
14583c14583
< 		<string>Transform</string>
---
> 		<string>변형</string>
14701c14701
< 		<string>Insertion</string>
---
> 		<string>삽입</string>
14815c14815
< 		<string>New Adjustment</string>
---
> 		<string>새로운 조정</string>
15262c15262
< 		<string>Select</string>
---
> 		<string>선택</string>
15466,15467c15466,15467
< 		<string>Colour Range</string>
< 		<string>Colour Range</string>
---
> 		<string>색상 영역</string>
> 		<string>색상 영역</string>
15539c15539
< 		<string>Tonal Range</string>
---
> 		<string>색조 영역</string>
15651c15651
< 		<string>View</string>
---
> 		<string>뷰</string>
15975c15975
< 		<string>View Mode</string>
---
> 		<string>뷰 모드</string>
16593c16593
< 		<string>Window</string>
---
> 		<string>윈도우</string>
16752c16752
< 		<string>Bring All to Front</string>
---
> 		<string>모두 앞으로 가져오기</string>
16805c16805
< 		<string>Help</string>
---
> 		<string>도움말</string>
