< > 		<string>ペースト</string>
> > 		<string>붙이기</string>
< > 		<string>スライスを作成</string>
> > 		<string>슬라이스 생성</string>
< > 		<string>レイヤーページで検索</string>
> > 		<string>레이어 페이지에서 찾기</string>
< > 		<string>カット</string>
> > 		<string>오려두기</string>
< > 		<string>コピー</string>
< > 		<string>ペースト</string>
< < 		<string>Paste as Content</string>
< > 		<string>コンテンツとしてペースト</string>
> > 		<string>복사</string>
< > 		<string>グループ化</string>
> > 		<string>그룹</string>
< > 		<string>グループ解除</string>
> > 		<string>그룹 해제</string>
< > 		<string>すべてグループ解除</string>
> > 		<string>모든 그룹 해제</string>
< > 		<string>左に回転</string>
> > 		<string>왼쪽으로 회전</string>
< > 		<string>右に回転</string>
> > 		<string>오른쪽으로 회전</string>
< > 		<string>左に回転</string>
> > 		<string>왼쪽으로 회전</string>
< > 		<string>右に回転</string>
> > 		<string>오른쪽으로 회전</string>
< > 		<string>回転をリセット</string>
< < 		<string>Frame Properties</string>
< > 		<string>フレームのプロパティ</string>
< < 		<string>Frame Properties</string>
< > 		<string>フレームのプロパティ</string>
< < 		<string>Scale to Max Fit</string>
< > 		<string>最大フィットに合わせてスケーリング</string>
< < 		<string>Scale to Min Fit</string>
< > 		<string>最小フィットに合わせてスケーリング</string>
< < 		<string>Stretch</string>
< > 		<string>ストレッチ</string>
> > 		<string>회전 재설정</string>
< > 		<string>なし</string>
< < 		<string>Size Frame to Content</string>
< > 		<string>コンテンツに合わせてフレームのサイズを設定</string>
< < 		<string>Anchor to Centre</string>
< > 		<string>中心に固定</string>
> > 		<string>없음</string>
< > 		<string>配置</string>
< > 		<string>配置</string>
> > 		<string>순서</string>
< > 		<string>最前面に移動</string>
> > 		<string>맨 앞으로 가져오기</string>
< > 		<string>前面へ</string>
> > 		<string>앞으로 가져오기</string>
< > 		<string>背面へ</string>
> > 		<string>뒤로 보내기</string>
< > 		<string>最背面に移動</string>
> > 		<string>맨 뒤로 보내기</string>
< > 		<string>内側に移動</string>
> > 		<string>안으로 가져오기</string>
< > 		<string>外側に移動</string>
> > 		<string>바깥으로 보내기</string>
< > 		<string>整列</string>
< > 		<string>整列</string>
> > 		<string>정렬</string>
< > 		<string>左揃え</string>
> > 		<string>왼쪽 정렬</string>
< > 		<string>中央揃え</string>
> > 		<string>가로 가운데 정렬</string>
< > 		<string>右揃え</string>
> > 		<string>오른쪽 정렬</string>
< > 		<string>上揃え</string>
> > 		<string>위쪽 정렬</string>
< > 		<string>上下中央揃え</string>
> > 		<string>세로 가운데 정렬</string>
< > 		<string>下揃え</string>
> > 		<string>아래쪽 정렬</string>
< > 		<string>ジオメトリ</string>
< > 		<string>ジオメトリ</string>
> > 		<string>기하</string>
< > 		<string>追加</string>
> > 		<string>추가</string>
< > 		<string>減算</string>
> > 		<string>제거</string>
< > 		<string>交差</string>
> > 		<string>교차</string>
< > 		<string>除算</string>
> > 		<string>분할</string>
< > 		<string>合成</string>
> > 		<string>배타</string>
< > 		<string>カーブを結合</string>
> > 		<string>곡선 통합</string>
< > 		<string>カーブを分離</string>
> > 		<string>곡선 분리</string>
< > 		<string>変換</string>
< > 		<string>変換</string>
> > 		<string>변형</string>
< > 		<string>左に回転</string>
> > 		<string>왼쪽으로 회전</string>
< > 		<string>右に回転</string>
> > 		<string>오른쪽으로 회전</string>
< > 		<string>左右反転</string>
> > 		<string>가로 뒤집기</string>
< > 		<string>上下反転</string>
> > 		<string>세로 뒤집기</string>
< > 		<string>レイヤーエフェクト…</string>
> > 		<string>레이어 효과…</string>
< > 		<string>カーブに変換</string>
< < 		<string>Convert to Picture Frame</string>
< > 		<string>ピクチャフレームに変換</string>
> > 		<string>곡선으로 전환</string>
< > 		<string>テキストフレームに変換</string>
< < 		<string>Rasterise &amp; Trim…</string>
< > 		<string>ラスタライズ&amp;削除…</string>
> > 		<string>텍스트 액자로 전환</string>
< > 		<string>ラスタライズ…</string>
> > 		<string>래스터화…</string>
< > 		<string>マスクにラスタライズ</string>
> > 		<string>마스크 래스터화</string>
< > 		<string>スタイルを作成</string>
< < 		<string>Preflight Comment</string>
< > 		<string>プレフライトコメント</string>
< < 		<string>Preflight Comment</string>
< > 		<string>プレフライトコメント</string>
< < 		<string>Set…</string>
< > 		<string>設定...</string>
< < 		<string>Clear</string>
< > 		<string>クリア</string>
> > 		<string>스타일 생성</string>
< > 		<string>スウォッチに追加…</string>
> > 		<string>견본에 추가…</string>
< > 		<string>スウォッチに追加…</string>
> > 		<string>견본에 추가…</string>
< > 		<string>塗りつぶしから</string>
> > 		<string>칠에서</string>
< > 		<string>線から</string>
> > 		<string>선에서</string>
< > 		<string>両方から</string>
> > 		<string>모두</string>
< > 		<string>グローバルとして塗りつぶしから</string>
> > 		<string>칠에서 (전역)</string>
< > 		<string>グローバルとしてラインから</string>
> > 		<string>선에서 (전역)</string>
< > 		<string>グローバルとして両方から</string>
> > 		<string>모두 (전역)</string>
< > 		<string>レイヤーパネルで検索</string>
> > 		<string>레이어 패널에서 찾기</string>
< > 		<string>インタラクティブ</string>
> > 		<string>상호작용</string>
< > 		<string>インタラクティブ</string>
< < 		<string>Edit Hyperlink...</string>
< > 		<string>ハイパーリンクを編集...</string>
< < 		<string>Go to Hyperlink Target</string>
< > 		<string>ハイパーリンクターゲットに移動</string>
< < 		<string>Delete Hyperlink</string>
< > 		<string>ハイパーリンクを削除</string>
< < 		<string>Insert Hyperlink...</string>
< > 		<string>ハイパーリンクを挿入...</string>
> > 		<string>상호작용</string>
< > 		<string>スライスページで検索</string>
< > 		<string>カット</string>
< > 		<string>コピー</string>
< > 		<string>ペースト</string>
> > 		<string>슬라이스 페이지에서 찾기</string>
< > 		<string>文字の特性</string>
> > 		<string>문자 특성</string>
< > 		<string>文字の特性</string>
> > 		<string>문자 특성</string>
< > 		<string>太字</string>
> > 		<string>강조</string>
< > 		<string>斜体</string>
> > 		<string>기울임</string>
< > 		<string>下線</string>
> > 		<string>밑줄</string>
< > 		<string>打ち消し線</string>
> > 		<string>취소선</string>
< > 		<string>サイズ</string>
< > 		<string>サイズ</string>
> > 		<string>크기</string>
< > 		<string>拡大</string>
> > 		<string>크게</string>
< > 		<string>縮小</string>
> > 		<string>작게</string>
< > 		<string>厳密な拡大</string>
> > 		<string>조금씩 크게</string>
< > 		<string>厳密な縮小</string>
> > 		<string>조금씩 작게</string>
< > 		<string>間隔</string>
< > 		<string>間隔</string>
> > 		<string>간격</string>
< > 		<string>デフォルトを使用</string>
> > 		<string>기준선 재설정</string>
< > 		<string>何も使用しない</string>
> > 		<string>합자 없음</string>
< > 		<string>狭める</string>
> > 		<string>좁게</string>
< > 		<string>拡げる</string>
> > 		<string>넓게</string>
< > 		<string>さらに狭める</string>
> > 		<string>더욱 좁게</string>
< > 		<string>さらに拡げる</string>
< > 		<string>整列</string>
< > 		<string>整列</string>
< > 		<string>左揃え</string>
> > 		<string>더욱 넓게</string>
< > 		<string>中央揃え</string>
< > 		<string>右揃え</string>
> > 		<string>가로 가운데 정렬</string>
< > 		<string>均等割付(最終行左寄せ)</string>
> > 		<string>왼쪽 균등 정렬</string>
< > 		<string>均等割付(最終行中央寄せ)</string>
> > 		<string>가운데 균등 정렬</string>
< > 		<string>均等割付(最終行右寄せ)</string>
> > 		<string>오른쪽 균등 정렬</string>
< > 		<string>すべての行を均等配置</string>
> > 		<string>양쪽 균등 정렬</string>
< > 		<string>段落の行間</string>
> > 		<string>줄 간격</string>
< > 		<string>段落の行間</string>
> > 		<string>줄 간격</string>
< > 		<string>拡大</string>
> > 		<string>늘리기</string>
< > 		<string>縮小</string>
> > 		<string>줄이기</string>
< > 		<string>厳密な拡大</string>
> > 		<string>조금씩 늘리기</string>
< > 		<string>厳密な縮小</string>
> > 		<string>조금씩 줄이기</string>
< > 		<string>垂直方向揃え</string>
> > 		<string>세로 정렬</string>
< > 		<string>垂直方向揃え</string>
> > 		<string>세로 정렬</string>
< > 		<string>上</string>
> > 		<string>위쪽</string>
< > 		<string>中央</string>
> > 		<string>가운데</string>
< > 		<string>下</string>
> > 		<string>아래</string>
< > 		<string>両端揃え</string>
> > 		<string>맞춤</string>
< > 		<string>フィラーテキストを挿入</string>
> > 		<string>Lorem Ipsum</string>
< > 		<string>インタラクティブ</string>
> > 		<string>상호작용</string>
< > 		<string>インタラクティブ</string>
< < 		<string>Insert Anchor...</string>
< > 		<string>アンカーを挿入…</string>
< < 		<string>Anchor Properties...</string>
< > 		<string>アンカープロパティ...</string>
< < 		<string>Delete Anchor</string>
< > 		<string>アンカーを削除</string>
< < 		<string>Show Anchors</string>
< > 		<string>アンカーを表示</string>
< < 		<string>Insert Hyperlink...</string>
< > 		<string>ハイパーリンクを挿入…</string>
< < 		<string>Hyperlink Properties...</string>
< > 		<string>ハイパーリンクのプロパティ...</string>
< < 		<string>Delete Hyperlink</string>
< > 		<string>ハイパーリンクを削除</string>
< < 		<string>Go to Hyperlink Target</string>
< > 		<string>ハイパーリンクターゲットに移動</string>
> > 		<string>상호작용</string>
< > 		<string>スウォッチに追加…</string>
> > 		<string>견본에 추가…</string>
< > 		<string>スウォッチに追加…</string>
< > 		<string>塗りつぶしから</string>
< > 		<string>線から</string>
< > 		<string>両方から</string>
> > 		<string>견본에 추가…</string>
< > 		<string>グローバルとして塗りつぶしから</string>
> > 		<string>칠에서 (전역)</string>
< > 		<string>グローバルとしてラインから</string>
> > 		<string>선에서 (전역)</string>
< > 		<string>グローバルとして両方から</string>
> > 		<string>모두 (전역)</string>
< > 		<string>レイヤーパネルで検索</string>
> > 		<string>레이어 패널에서 찾기</string>
< > 		<string>ズームイン</string>
> > 		<string>확대</string>
< > 		<string>ズームアウト</string>
> > 		<string>축소</string>
< > 		<string>画面サイズに合わせる</string>
> > 		<string>화면 크기에 맞추기</string>
< > 		<string>左に回転</string>
> > 		<string>왼쪽으로 회전</string>
< > 		<string>右に回転</string>
> > 		<string>오른쪽으로 회전</string>
< > 		<string>回転をリセット</string>
> > 		<string>회전 재설정</string>
< > 		<string>文字の特性</string>
< > 		<string>太字</string>
< > 		<string>斜体</string>
< > 		<string>下線</string>
< > 		<string>打ち消し線</string>
> > 		<string>문자 특성</string>
< > 		<string>文字の特性</string>
> > 		<string>문자 특성</string>
< > 		<string>文字の特性</string>
< > 		<string>太字</string>
< > 		<string>斜体</string>
< > 		<string>下線</string>
< > 		<string>打ち消し線</string>
< > 		<string>サイズ</string>
< > 		<string>サイズ</string>
< > 		<string>拡大</string>
< > 		<string>縮小</string>
> > 		<string>문자 특성</string>
< > 		<string>厳密な拡大</string>
> > 		<string>조금씩 크게</string>
< > 		<string>厳密な縮小</string>
> > 		<string>조금씩 작게</string>
< > 		<string>段落の行間</string>
> > 		<string>줄 간격</string>
< > 		<string>段落の行間</string>
< > 		<string>拡大</string>
< > 		<string>縮小</string>
> > 		<string>줄 간격</string>
< > 		<string>厳密な拡大</string>
> > 		<string>조금씩 늘리기</string>
< > 		<string>厳密な縮小</string>
> > 		<string>조금씩 줄이기</string>
