< > 		<string>最近使用したドキュメントを開く</string>
> > 		<string>최근 사용 열기</string>
< > 		<string>最近使用したファイルのリストを消去</string>
> > 		<string>메뉴 지우기</string>
< > 		<string>ビュー</string>
> > 		<string>뷰</string>
< > 		<string>スタジオ</string>
> > 		<string>작업실</string>
< > 		<string>左のスタジオを表示</string>
> > 		<string>왼쪽 작업실 보기</string>
< > 		<string>右のスタジオを表示</string>
> > 		<string>오른쪽 작업실 보기</string>
< > 		<string>スタジオを隠す</string>
> > 		<string>작업실 가리기</string>
< > 		<string>スタジオをリセット</string>
> > 		<string>작업실 재설정</string>
< > 		<string>スタジオプリセット</string>
> > 		<string>작업실 미리 설정</string>
< > 		<string>プリセットを追加…</string>
> > 		<string>미리 설정 추가…</string>
< > 		<string>スタジオプリセットを管理…</string>
> > 		<string>작업실 미리 설정 관리…</string>
< > 		<string>共有</string>
> > 		<string>공유</string>
< > 		<string>分離モード</string>
> > 		<string>분리 모드</string>
< > 		<string>最小化</string>
> > 		<string>최소화</string>
< > 		<string>ズーム</string>
> > 		<string>맞추기</string>
< > 		<string>他を隠す</string>
> > 		<string>기타 가리기</string>
< > 		<string>環境設定…</string>
> > 		<string>환경설정…</string>
< > 		<string>終了</string>
> > 		<string>Affinity Designer 종료</string>
< > 		<string>すべて表示</string>
> > 		<string>모두 보기</string>
< > 		<string>非表示</string>
> > 		<string>가리기</string>
< > 		<string>製品情報…</string>
> > 		<string>Affinity Designer에 관하여…</string>
< > 		<string>名前を付けて保存…</string>
> > 		<string>다른 이름으로 저장…</string>
< > 		<string>保存</string>
> > 		<string>저장</string>
< > 		<string>閉じる</string>
> > 		<string>닫기</string>
< > 		<string>新規…</string>
> > 		<string>신규…</string>
< > 		<string>開く…</string>
> > 		<string>열기…</string>
< > 		<string>プリント…</string>
> > 		<string>인쇄…</string>
< > 		<string>ツールをカスタマイズ…</string>
> > 		<string>도구 사용자화…</string>
< > 		<string>ツールバーをカスタマイズ…</string>
> > 		<string>툴바 사용자화…</string>
< > 		<string>ツールバーを表示</string>
> > 		<string>툴바 보기</string>
< > 		<string>画面サイズに合わせる</string>
> > 		<string>화면 크기에 맞추기</string>
< > 		<string>マージンを表示</string>
> > 		<string>여백선 보기</string>
< > 		<string>ガイドを表示</string>
> > 		<string>안내선 보기</string>
< > 		<string>グリッドを表示</string>
> > 		<string>격자선 보기</string>
< > 		<string>新規ビュー</string>
> > 		<string>신규 뷰</string>
< > 		<string>書き出し…</string>
> > 		<string>내보내기…</string>
< > 		<string>ピクセル</string>
> > 		<string>픽셀</string>
< > 		<string>スナップマネージャー…</string>
> > 		<string>스내핑 관리자…</string>
< > 		<string>ズームイン</string>
> > 		<string>확대</string>
< > 		<string>ズームアウト</string>
> > 		<string>축소</string>
< > 		<string>アシスタントマネージャー…</string>
> > 		<string>손쉬운 사용 관리자…</string>
< > 		<string>ベクター</string>
> > 		<string>벡터</string>
< > 		<string>ルーラーを表示</string>
> > 		<string>눈금자 보기</string>
< > 		<string>フルスクリーン切り替え</string>
> > 		<string>전체 화면 시작</string>
< > 		<string>すべて選択</string>
> > 		<string>전체 선택</string>
< > 		<string>Affinity Designerヘルプ</string>
> > 		<string>Affinity Designer 도움말</string>
< > 		<string>ピクセルペルソナ</string>
> > 		<string>픽셀 페르소나</string>
< > 		<string>やり直し</string>
> > 		<string>다시 실행</string>
< > 		<string>削除</string>
> > 		<string>지우기</string>
< > 		<string>コピー</string>
> > 		<string>복사</string>
< > 		<string>実寸</string>
< < 		<string>Crash</string>
< > 		<string>クラッシュ</string>
> > 		<string>실제 크기</string>
< > 		<string>UI切り替え</string>
> > 		<string>UI 가리기</string>
< > 		<string>ようこそ...</string>
> > 		<string>환영...</string>
< > 		<string>左に回転</string>
> > 		<string>왼쪽으로 회전</string>
< > 		<string>次の要素を選択</string>
> > 		<string>다음 항목 선택</string>
< > 		<string>すべてのウィンドウを結合</string>
> > 		<string>모든 윈도우 통합</string>
< > 		<string>ツールを表示</string>
> > 		<string>도구 보기</string>
< > 		<string>取り消し</string>
> > 		<string>실행 취소</string>
< > 		<string>グリッドおよび軸マネージャー…</string>
> > 		<string>격자선 관리자…</string>
< > 		<string>マイアカウント...</string>
> > 		<string>내 계정…</string>
< > 		<string>コンテキストツールバーを表示</string>
> > 		<string>상황별 툴바 보기</string>
< > 		<string>回転をリセット</string>
> > 		<string>회전 재설정</string>
< > 		<string>ピクセルサイズ</string>
> > 		<string>픽셀 크기</string>
< > 		<string>クリップボードから新規作成</string>
> > 		<string>클립보드에서 신규</string>
< > 		<string>Appleカラーピッカー...</string>
> > 		<string>Apple 색상 선택기...</string>
< > 		<string>選択解除</string>
> > 		<string>선택 해제</string>
< > 		<string>右に回転</string>
> > 		<string>오른쪽으로 회전</string>
< > 		<string>アップデートの有無をチェック</string>
> > 		<string>업데이트 확인</string>
< > 		<string>ピクセル(Retina)</string>
> > 		<string>픽셀 (레티나)</string>
< > 		<string>選択範囲にズーム</string>
> > 		<string>선택 항목에 맞추기</string>
< > 		<string>前の要素を選択</string>
> > 		<string>이전 항목 선택</string>
< > 		<string>幅に合わせてズーム</string>
< < 		<string>Designer Persona</string>
< > 		<string>デザイナーペルソナ</string>
> > 		<string>화면 너비에 맞추기</string>
< > 		<string>サポート...</string>
> > 		<string>지원...</string>
< > 		<string>キャンバスに合わせてクリップ</string>
> > 		<string>캔버스에 클립</string>
< > 		<string>カット</string>
> > 		<string>오려두기</string>
< > 		<string>ペースト</string>
> > 		<string>붙이기</string>
< > 		<string>チュートリアル...</string>
> > 		<string>튜토리얼...</string>
< > 		<string>ガイドをロック</string>
> > 		<string>안내선 잠금</string>
< > 		<string>アウトライン</string>
> > 		<string>외형</string>
< > 		<string>ツールをドッキング</string>
< < 		<string>Save as Regression Unit</string>
< > 		<string>回帰単位として保存</string>
< < 		<string>MainMenu</string>
< > 		<string>メインメニュー</string>
> > 		<string>도구 고정</string>
< > 		<string>ペルソナ</string>
< > 		<string>ペルソナ</string>
> > 		<string>페르소나</string>
< > 		<string>サービス</string>
< > 		<string>サービス</string>
> > 		<string>서비스</string>
< > 		<string>ファイル</string>
< > 		<string>ファイル</string>
< > 		<string>最近使用したドキュメントを開く</string>
< > 		<string>共有</string>
> > 		<string>파일</string>
< > 		<string>編集</string>
< > 		<string>編集</string>
> > 		<string>편집</string>
< > 		<string>選択</string>
< > 		<string>選択</string>
> > 		<string>선택</string>
< > 		<string>ビュー</string>
< > 		<string>ビュー</string>
< > 		<string>ズーム</string>
< > 		<string>ズーム</string>
> > 		<string>뷰</string>
< > 		<string>表示モード</string>
< > 		<string>表示モード</string>
< > 		<string>ビュー</string>
< > 		<string>スタジオ</string>
> > 		<string>뷰 모드</string>
< > 		<string>スタジオプリセット</string>
> > 		<string>작업실 미리 설정</string>
< > 		<string>ウィンドウ</string>
< > 		<string>ウィンドウ</string>
> > 		<string>윈도우</string>
< > 		<string>すべて前面に移動</string>
> > 		<string>모두 앞으로 가져오기</string>
< > 		<string>ヘルプ</string>
< > 		<string>ヘルプ</string>
< < 		<string>Debug</string>
< > 		<string>デバッグ</string>
< > 		<string>デバッグ</string>
> > 		<string>도움말</string>
