< > 		<string>最近使用したファイルを開く</string>
> > 		<string>최근 사용 열기</string>
< > 		<string>最近使用したファイルのリストを消去</string>
> > 		<string>메뉴 지우기</string>
< > 		<string>ビュー</string>
> > 		<string>뷰</string>
< > 		<string>スタジオ</string>
> > 		<string>작업실</string>
< > 		<string>Left Studioの表示</string>
> > 		<string>왼쪽 작업실 보기</string>
< > 		<string>Right Studioの表示</string>
> > 		<string>오른쪽 작업실 보기</string>
< > 		<string>スタジオを隠す</string>
> > 		<string>작업실 가리기</string>
< > 		<string>スタジオをリセット</string>
> > 		<string>작업실 재설정</string>
< > 		<string>共有</string>
> > 		<string>공유</string>
< > 		<string>最小化</string>
> > 		<string>최소화</string>
< > 		<string>ズーム</string>
> > 		<string>맞추기</string>
< > 		<string>フルスクリーン切り替え</string>
> > 		<string>전체 화면 시작</string>
< > 		<string>他を隠す</string>
> > 		<string>기타 가리기</string>
< > 		<string>環境設定…</string>
> > 		<string>환경설정…</string>
< > 		<string>Affinity Designerを終了</string>
> > 		<string>Affinity Designer 종료</string>
< > 		<string>すべて表示</string>
> > 		<string>모두 보기</string>
< > 		<string>Affinity Designerを隠す</string>
> > 		<string>가리기</string>
< > 		<string>概要…</string>
> > 		<string>Affinity Designer에 관하여…</string>
< > 		<string>やり直し</string>
> > 		<string>다시 실행</string>
< > 		<string>コピー</string>
> > 		<string>복사</string>
< > 		<string>ペースト</string>
> > 		<string>붙이기</string>
< > 		<string>カット</string>
> > 		<string>오려두기</string>
< > 		<string>取り消し</string>
> > 		<string>실행 취소</string>
< > 		<string>すべてを選択</string>
> > 		<string>전체 선택</string>
< > 		<string>削除</string>
> > 		<string>지우기</string>
< > 		<string>別名で保存...</string>
> > 		<string>다른 이름으로 저장…</string>
< > 		<string>閉じる</string>
> > 		<string>닫기</string>
< > 		<string>ドキュメント設定…</string>
< < 		<string>New…</string>
< > 		<string>新規...</string>
> > 		<string>문서 설정…</string>
< > 		<string>開く…</string>
> > 		<string>열기…</string>
< > 		<string>プリント...</string>
> > 		<string>인쇄…</string>
< > 		<string>ツールをカスタマイズ…</string>
> > 		<string>도구 사용자화…</string>
< > 		<string>ツールバーをカスタマイズ…</string>
> > 		<string>툴바 사용자화…</string>
< > 		<string>ツールバーを表示</string>
< < 		<string>${PRODUCT_NAME} Help</string>
< > 		<string>${PRODUCT_NAME}ヘルプ</string>
> > 		<string>툴바 보기</string>
< > 		<string>グループ解除</string>
> > 		<string>그룹 해제</string>
< > 		<string>グループ化</string>
> > 		<string>그룹</string>
< > 		<string>複製</string>
> > 		<string>복제</string>
< > 		<string>画面サイズに合わせる</string>
> > 		<string>화면 크기에 맞추기</string>
< > 		<string>マージンを表示</string>
> > 		<string>여백선 보기</string>
< > 		<string>ガイドを表示</string>
> > 		<string>안내선 보기</string>
< > 		<string>グリッドを表示</string>
> > 		<string>격자선 보기</string>
< > 		<string>新規ビュー</string>
> > 		<string>신규 뷰</string>
< > 		<string>ピクセル</string>
> > 		<string>픽셀</string>
< > 		<string>ロック</string>
> > 		<string>잠금</string>
< > 		<string>ロックを解除</string>
> > 		<string>잠금 해제</string>
< > 		<string>左揃え</string>
> > 		<string>왼쪽 정렬</string>
< > 		<string>中央揃え</string>
> > 		<string>가로 가운데 정렬</string>
< > 		<string>均等配置(最終行中央揃え)</string>
> > 		<string>가운데 균등 정렬</string>
< > 		<string>右揃え</string>
> > 		<string>오른쪽 정렬</string>
< > 		<string>太字</string>
> > 		<string>강조</string>
< > 		<string>斜体</string>
> > 		<string>기울임</string>
< > 		<string>下線</string>
> > 		<string>밑줄</string>
< > 		<string>デフォルトを使用</string>
> > 		<string>기준선 재설정</string>
< > 		<string>上付き文字</string>
> > 		<string>윗첨자</string>
< > 		<string>下付き文字</string>
> > 		<string>아랫첨자</string>
< > 		<string>何も使用しない</string>
< > 		<string>デフォルトを使用</string>
< > 		<string>何も使用しない</string>
> > 		<string>합자 없음</string>
< > 		<string>狭める</string>
> > 		<string>좁게</string>
< > 		<string>さらに拡げる</string>
> > 		<string>더욱 넓게</string>
< > 		<string>スタイルを作成</string>
> > 		<string>스타일 생성</string>
< > 		<string>カーブに変換</string>
> > 		<string>곡선으로 전환</string>
< > 		<string>配置…</string>
> > 		<string>배치…</string>
< > 		<string>スナップマネージャー…</string>
> > 		<string>스내핑 관리자…</string>
< > 		<string>スタイルをペースト</string>
> > 		<string>스타일 붙이기</string>
< > 		<string>ズームイン</string>
> > 		<string>확대</string>
< > 		<string>ズームアウト</string>
> > 		<string>축소</string>
< > 		<string>ラスタライズ…</string>
> > 		<string>래스터화…</string>
< > 		<string>アシスタントマネージャー…</string>
> > 		<string>손쉬운 사용 관리자…</string>
< > 		<string>ベクター</string>
> > 		<string>벡터</string>
< > 		<string>交互(奇数-偶数)</string>
> > 		<string>교대하기</string>
< > 		<string>ワインディング(非ゼロ)</string>
> > 		<string>둘러싸기</string>
< > 		<string>文字を表示</string>
> > 		<string>문자 보기</string>
< > 		<string>ルーラーを表示</string>
> > 		<string>눈금자 보기</string>
< > 		<string>Appleカラーピッカー...</string>
> > 		<string>Apple 색상 선택기...</string>
< > 		<string>改行</string>
> > 		<string>줄바꿈</string>
< > 		<string>全角スペース</string>
> > 		<string>전각 공백</string>
< > 		<string>半角スペース</string>
> > 		<string>반각 공백</string>
< > 		<string>分散禁止ハイフン</string>
> > 		<string>줄 바꿈 없는 하이픈</string>
< > 		<string>幅ゼロのスペース</string>
> > 		<string>폭 없는 공백</string>
< > 		<string>ソフトハイフン</string>
> > 		<string>하이픈</string>
< > 		<string>分散禁止スペース</string>
> > 		<string>줄 바꿈 없는 공백</string>
< > 		<string>なし</string>
> > 		<string>없음</string>
< > 		<string>スモールキャップス</string>
> > 		<string>작은 대문자</string>
< > 		<string>すべて大文字</string>
> > 		<string>모두 대문자</string>
< > 		<string>回転をリセット</string>
< < 		<string>Return to owner…</string>
< > 		<string>所有者に返す…</string>
> > 		<string>회전 재설정</string>
< > 		<string>段落スタイルなしを設定</string>
> > 		<string>문단 스타일 벗기기</string>
< > 		<string>テキストの回り込みを無視</string>
> > 		<string>줄바꿈 무시</string>
< > 		<string>背面へ</string>
< < 		<string>Delete Unused Styles</string>
< > 		<string>未使用のスタイルを削除</string>
> > 		<string>뒤로 보내기</string>
< > 		<string>内側にペースト</string>
< < 		<string>Crash</string>
< > 		<string>クラッシュ</string>
> > 		<string>안으로 붙이기</string>
< > 		<string>Photoで編集…</string>
> > 		<string>Photo에서 편집…</string>
< > 		<string>すべてロック解除</string>
> > 		<string>모두 잠금 해제</string>
< > 		<string>再配色</string>
> > 		<string>재색상</string>
< > 		<string>フィラーテキストを挿入</string>
> > 		<string>Lorem Ipsum</string>
< > 		<string>狭い</string>
> > 		<string>좁은</string>
< > 		<string>字下げ</string>
> > 		<string>기준선 내리기</string>
< > 		<string>打消し線</string>
> > 		<string>취소선</string>
< > 		<string>厳密な拡大</string>
> > 		<string>조금씩 크게</string>
< > 		<string>スプレッド設定…</string>
> > 		<string>스프레드 설정…</string>
< > 		<string>上下反転</string>
< < 		<string>Publisher Persona</string>
< > 		<string>パブリッシャーペルソナ</string>
> > 		<string>세로 뒤집기</string>
< > 		<string>グリフブラウザを表示</string>
> > 		<string>글리프 브라우저 보기</string>
< > 		<string>列ガイドを表示</string>
> > 		<string>열 안내선 보기</string>
< > 		<string>選択範囲から同期</string>
> > 		<string>선택 항목에서 기본값 동기화</string>
< > 		<string>コンテキストツールバーを表示</string>
> > 		<string>상황별 툴바 보기</string>
< > 		<string>厳密な縮小</string>
> > 		<string>조금씩 줄이기</string>
< > 		<string>エフェクトをペースト</string>
> > 		<string>효과 붙이기</string>
< > 		<string>カラーバランス</string>
> > 		<string>색상 밸런스</string>
< > 		<string>水平方向に均等配置</string>
> > 		<string>가로 분배</string>
< > 		<string>フィギュアダッシュ</string>
> > 		<string>숫자 줄표</string>
< > 		<string>中央揃え</string>
> > 		<string>가로 가운데 정렬</string>
< > 		<string>上揃え</string>
> > 		<string>위쪽 정렬</string>
< > 		<string>新規ピクセルレイヤー</string>
< < 		<string>Reapply Base Styles</string>
< > 		<string>ベーススタイルを再適用</string>
> > 		<string>신규 픽셀 레이어</string>
< > 		<string>キャンバスにクリップ</string>
> > 		<string>캔버스에 클립</string>
< > 		<string>段落スタイルを削除</string>
> > 		<string>문단 스타일 지우기</string>
< > 		<string>ガイドをロック</string>
> > 		<string>안내선 잠금</string>
< > 		<string>クリップボードから新規作成</string>
> > 		<string>클립보드에서 신규</string>
< > 		<string>スペルチェック</string>
> > 		<string>철자 확인</string>
< > 		<string>ビューを分割</string>
> > 		<string>분할 뷰 모드</string>
< > 		<string>上</string>
> > 		<string>위쪽</string>
< > 		<string>デフォルト</string>
> > 		<string>기본값</string>
< > 		<string>複合化を解除</string>
> > 		<string>결합 해제</string>
< > 		<string>前の要素を選択</string>
< < 		<string>Preview Mode</string>
< > 		<string>プレビューモード</string>
> > 		<string>이전 항목 선택</string>
< > 		<string>水平方向に均等配置</string>
< < 		<string>Expand Field</string>
< > 		<string>フィールドを拡大</string>
> > 		<string>가로 공백</string>
< > 		<string>内側</string>
< < 		<string>Make Restricted</string>
< > 		<string>制限付きで作成</string>
> > 		<string>안으로</string>
< > 		<string>均等配置(最終行左揃え)</string>
> > 		<string>왼쪽 균등 정렬</string>
< > 		<string>すべてのスタイルを切り離して削除</string>
> > 		<string>모든 스타일 벗기고 삭제</string>
< > 		<string>半角ダッシュ</string>
< < 		<string>Export as Template…</string>
< > 		<string>テンプレートとして書き出し...</string>
> > 		<string>반각 줄표</string>
< > 		<string>縮小</string>
> > 		<string>줄이기</string>
< > 		<string>交差</string>
> > 		<string>교차</string>
< > 		<string>テキストスタイルをインポート</string>
> > 		<string>텍스트 스타일 들여오기…</string>
< > 		<string>最前面に移動</string>
> > 		<string>맨 앞으로 가져오기</string>
< > 		<string>右に回転</string>
> > 		<string>오른쪽으로 회전</string>
< > 		<string>新規レイヤー</string>
> > 		<string>신규 레이어</string>
< > 		<string>左に回転</string>
> > 		<string>왼쪽으로 회전</string>
< > 		<string>表示</string>
> > 		<string>보기</string>
< > 		<string>明るさ / コントラスト</string>
> > 		<string>명암 / 대비</string>
< > 		<string>明暗別色補正</string>
> > 		<string>분할 색조</string>
< > 		<string>写真ペルソナ</string>
< > 		<string>なし</string>
> > 		<string>사진 페르소나</string>
< > 		<string>ようこそ...</string>
> > 		<string>환영...</string>
< > 		<string>垂直方向に均等配置</string>
> > 		<string>세로 공백</string>
< > 		<string>文字スタイルを作成</string>
> > 		<string>문자 스타일 생성</string>
< > 		<string>さらに狭める</string>
< > 		<string>右揃え</string>
> > 		<string>더욱 좁게</string>
< > 		<string>カーブ</string>
> > 		<string>곡선</string>
< > 		<string>シングルビュー</string>
> > 		<string>단일 뷰 모드</string>
< > 		<string>除算</string>
> > 		<string>분할</string>
< > 		<string>復元</string>
> > 		<string>되돌리기</string>
< > 		<string>ピクセルペルソナ</string>
> > 		<string>픽셀 페르소나</string>
< > 		<string>分離モード</string>
> > 		<string>분리 모드</string>
< > 		<string>厳密な字下げ</string>
> > 		<string>기준선 조금씩 낮추기</string>
< > 		<string>下揃え</string>
> > 		<string>아래쪽 정렬</string>
< > 		<string>段落スタイルを更新</string>
> > 		<string>문단 스타일 업데이트</string>
< > 		<string>グラデーションマップ</string>
< < 		<string>Intersect (Compound)</string>
< > 		<string>交差(複合)</string>
> > 		<string>그레이디언트 맵</string>
< > 		<string>ガイドマネージャー…</string>
> > 		<string>안내선 관리자…</string>
< > 		<string>幅に合わせてズーム</string>
> > 		<string>화면 너비에 맞추기</string>
< > 		<string>露出</string>
> > 		<string>노출</string>
< > 		<string>字上げ</string>
< < 		<string>Duplicate Linked</string>
< > 		<string>リンク複製</string>
> > 		<string>기준선 올리기</string>
< > 		<string>厳密な縮小</string>
> > 		<string>조금씩 작게</string>
< > 		<string>文字スタイルなしを設定</string>
> > 		<string>문자 스타일 벗기기</string>
< > 		<string>ピクセル選択範囲を反転</string>
< < 		<string>Document Info</string>
< > 		<string>ドキュメント情報</string>
> > 		<string>픽셀 선택 항목 반전</string>
< > 		<string>右に回転</string>
> > 		<string>오른쪽으로 회전</string>
< > 		<string>シャドウ/ハイライト</string>
> > 		<string>그림자 / 빛</string>
< > 		<string>拡大</string>
> > 		<string>크게</string>
< > 		<string>書き出しペルソナ</string>
> > 		<string>내보내기 페르소나</string>
< > 		<string>サポート...</string>
> > 		<string>지원...</string>
< > 		<string>UI切り替え</string>
> > 		<string>UI 가리기</string>
< > 		<string>Publisherで編集…</string>
> > 		<string>Publisher에서 편집…</string>
< > 		<string>両端揃え</string>
> > 		<string>맞춤</string>
< > 		<string>アプリスクリーン上</string>
> > 		<string>응용프로그램 화면</string>
< > 		<string>テキストスタイルを再適用</string>
> > 		<string>텍스트 스타일 다시 적용</string>
< > 		<string>カーブを結合</string>
> > 		<string>곡선 통합</string>
< > 		<string>段落を表示</string>
> > 		<string>문단 보기</string>
< > 		<string>垂直方向に均等配置</string>
> > 		<string>세로 분배</string>
< > 		<string>Finderで表示</string>
> > 		<string>Finder에서 찾기</string>
< > 		<string>次のビューポイントに移動</string>
> > 		<string>다음 뷰 포인트로 이동</string>
< > 		<string>反転</string>
> > 		<string>반전</string>
< > 		<string>保存</string>
> > 		<string>저장</string>
< > 		<string>拡大</string>
> > 		<string>늘리기</string>
< > 		<string>しきい値</string>
< > 		<string>すべて表示</string>
< < 		<string>Add Symbol</string>
< > 		<string>シンボルの追加</string>
> > 		<string>역치</string>
< > 		<string>グループをレイヤーに昇格</string>
> > 		<string>그룹을 레이어로 승격</string>
< > 		<string>書き出し…</string>
> > 		<string>내보내기…</string>
< > 		<string>配置</string>
> > 		<string>제자리에</string>
< > 		<string>厳密な字上げ</string>
> > 		<string>기준선 조금씩 올리기</string>
< > 		<string>チュートリアル...</string>
> > 		<string>튜토리얼...</string>
< > 		<string>オブジェクトをアートボードに変換</string>
> > 		<string>오브젝트를 아트보드로 전환</string>
< > 		<string>スペルオプション…</string>
> > 		<string>철자 설정…</string>
< > 		<string>アートボードをオブジェクトに変換</string>
> > 		<string>아트보드를 오브젝트로 전환</string>
< > 		<string>境界線を展開</string>
> > 		<string>선 펼치기</string>
< > 		<string>複合部を作成</string>
< > 		<string>上</string>
< < 		<string>Save as Regression Unit</string>
< > 		<string>回帰単位として保存</string>
> > 		<string>결합 생성</string>
< > 		<string>すべてのウィンドウを結合</string>
> > 		<string>모든 윈도우 통합</string>
< > 		<string>段落スタイルを作成</string>
> > 		<string>문단 스타일 생성</string>
< > 		<string>テキストスタイルをデフォルトとして保存</string>
> > 		<string>텍스트 스타일을 기본값으로 저장</string>
< > 		<string>均等配置(最終行右揃え)</string>
> > 		<string>오른쪽 균등 정렬</string>
< > 		<string>レンズフィルター</string>
> > 		<string>렌즈 필터</string>
< > 		<string>左右反転</string>
> > 		<string>가로 뒤집기</string>
< > 		<string>下</string>
< > 		<string>左揃え</string>
> > 		<string>아래</string>
< > 		<string>タイポグラフィを表示</string>
> > 		<string>타이포그래피 보기</string>
< > 		<string>ドキュメントに関する履歴を保存</string>
> > 		<string>문서와 함께 편집 기록 저장</string>
< > 		<string>レイヤーエフェクト…</string>
> > 		<string>레이어 효과…</string>
< > 		<string>内側に移動</string>
> > 		<string>안으로 가져오기</string>
< > 		<string>上下中央揃え</string>
> > 		<string>세로 가운데 정렬</string>
< > 		<string>追加</string>
> > 		<string>추가</string>
< > 		<string>選択範囲にズーム</string>
> > 		<string>선택 항목에 맞추기</string>
< > 		<string>すべて使用</string>
< < 		<string>Add (Compound)</string>
< > 		<string>追加(複合)</string>
> > 		<string>모두 합자</string>
< > 		<string>ピクセルサイズ</string>
> > 		<string>픽셀 크기</string>
< > 		<string>最背面に移動</string>
> > 		<string>맨 뒤로 보내기</string>
< > 		<string>選択解除</string>
> > 		<string>선택 해제</string>
< > 		<string>ホワイトバランス</string>
> > 		<string>화이트 밸런스</string>
< > 		<string>以前のビューポイントに移動</string>
< < 		<string>Edit In Designer…</string>
< > 		<string>Designerで編集…</string>
> > 		<string>이전 뷰 포인트로 이동</string>
< > 		<string>排他的論理和</string>
> > 		<string>배타</string>
< > 		<string>テキストスタイルを表示</string>
> > 		<string>텍스트 스타일 보기</string>
< > 		<string>テキストフレームに変換</string>
> > 		<string>텍스트 액자로 전환</string>
< > 		<string>拡げる</string>
> > 		<string>넓게</string>
< > 		<string>中央揃え</string>
> > 		<string>가운데</string>
< > 		<string>ピクセル(Retina)</string>
> > 		<string>픽셀 (레티나)</string>
< > 		<string>ポスタライズ</string>
> > 		<string>포스터화</string>
< > 		<string>グリッドおよび軸マネージャー…</string>
> > 		<string>격자선 관리자…</string>
< > 		<string>入力中にスペルチェック</string>
> > 		<string>작성하는 동안 철자 확인</string>
< > 		<string>ツールをドッキング</string>
> > 		<string>도구 고정</string>
< > 		<string>マスクにラスタライズ</string>
< < 		<string>Subtract (Compound)</string>
< > 		<string>除外(複合)</string>
> > 		<string>마스크 래스터화</string>
< > 		<string>出荷時の設定にリセット</string>
> > 		<string>기본값 재설정</string>
< > 		<string>全角ダッシュ</string>
> > 		<string>전각 줄표</string>
< > 		<string>裁ち切りを表示</string>
> > 		<string>도련선 보기</string>
< > 		<string>レイヤーパネルで検索</string>
> > 		<string>레이어 패널에서 찾기</string>
< > 		<string>左に回転</string>
> > 		<string>왼쪽으로 회전</string>
< > 		<string>すべての行を均等配置</string>
> > 		<string>양쪽 균등 정렬</string>
< > 		<string>縮小</string>
> > 		<string>작게</string>
< > 		<string>前面へ</string>
> > 		<string>앞으로 가져오기</string>
< > 		<string>文字スタイルを更新</string>
> > 		<string>문자 스타일 업데이트</string>
< > 		<string>スペル誤りの単語を無視</string>
< > 		<string>非表示</string>
< < 		<string>One Side</string>
< > 		<string>片側</string>
> > 		<string>철자 오류 무시</string>
< > 		<string>特定色域</string>
> > 		<string>색상 선택</string>
< > 		<string>外側に移動</string>
> > 		<string>바깥으로 보내기</string>
< > 		<string>カーブを分離</string>
> > 		<string>곡선 분리</string>
< > 		<string>すべてグループ解除</string>
> > 		<string>모든 그룹 해제</string>
< > 		<string>ツールを表示</string>
< < 		<string>Insert Field</string>
< > 		<string>フィールドを挿入</string>
> > 		<string>도구 보기</string>
< > 		<string>チャンネルミキサー</string>
> > 		<string>채널 혼합</string>
< > 		<string>白黒</string>
> > 		<string>흑백</string>
< > 		<string>減算</string>
> > 		<string>제거</string>
< > 		<string>自然な彩度</string>
> > 		<string>활기</string>
< > 		<string>ソフト校正</string>
< > 		<string>保存</string>
> > 		<string>미리보기</string>
< > 		<string>後方</string>
> > 		<string>뒤로</string>
< > 		<string>アウトライン</string>
> > 		<string>윤곽</string>
< > 		<string>実寸</string>
> > 		<string>실제 크기</string>
< > 		<string>アップデートの有無をチェック</string>
> > 		<string>업데이트 확인</string>
< > 		<string>厳密な拡大</string>
> > 		<string>조금씩 늘리기</string>
< > 		<string>レイヤーパネルで選択範囲を常に表示 </string>
> > 		<string>레이어 패널에서 선택 항목 항상 보기 </string>
< > 		<string>文字スタイルを削除</string>
< < 		<string>Xor (Compound)</string>
< > 		<string>排他的論理和(複合)</string>
> > 		<string>문자 스타일 지우기</string>
< > 		<string>次の要素を選択</string>
< > 		<string>デフォルトを使用</string>
> > 		<string>다음 항목 선택</string>
< > 		<string>書式を解除してペースト</string>
> > 		<string>포맷 없이 붙이기</string>
< > 		<string>レベル</string>
> > 		<string>레벨</string>
< > 		<string>テキストパスに変換</string>
< < 		<string>MainMenu</string>
< > 		<string>メインメニュー</string>
> > 		<string>텍스트 경로로 전환</string>
> < 		<string>Persona</string>
> > 		<string>페르소나</string>
< > 		<string>サービス</string>
< > 		<string>サービス</string>
> > 		<string>서비스</string>
< > 		<string>ファイル</string>
< > 		<string>ファイル</string>
< > 		<string>最近使用したファイルを開く</string>
< > 		<string>共有</string>
> > 		<string>파일</string>
< > 		<string>編集</string>
< > 		<string>編集</string>
> > 		<string>편집</string>
< > 		<string>デフォルト</string>
< > 		<string>デフォルト</string>
> > 		<string>기본값</string>
< > 		<string>テキスト</string>
< > 		<string>テキスト</string>
> > 		<string>텍스트</string>
< > 		<string>文字の特性</string>
< > 		<string>文字の特性</string>
> > 		<string>문자 특성</string>
> > 		<string>문자 특성</string>
< > 		<string>サイズ</string>
< > 		<string>サイズ</string>
> > 		<string>크기</string>
< > 		<string>間隔</string>
< > 		<string>間隔</string>
> > 		<string>간격</string>
< > 		<string>合字</string>
< > 		<string>合字</string>
> > 		<string>합자</string>
< > 		<string>ベースライン</string>
< > 		<string>ベースライン</string>
> > 		<string>기준선</string>
< > 		<string>大文字に変更</string>
< > 		<string>大文字に変更</string>
> > 		<string>대문자화</string>
> > 		<string>대문자화</string>
< > 		<string>整列</string>
< > 		<string>整列</string>
> > 		<string>정렬</string>
< > 		<string>段落の行間</string>
< > 		<string>段落の行間</string>
> > 		<string>줄 간격</string>
> > 		<string>줄 간격</string>
< > 		<string>垂直方向揃え</string>
< > 		<string>垂直方向揃え</string>
> > 		<string>세로 정렬</string>
> > 		<string>세로 정렬</string>
< > 		<string>テキストスタイル</string>
< > 		<string>テキストスタイル</string>
> > 		<string>텍스트 스타일</string>
> > 		<string>텍스트 스타일</string>
< > 		<string>文字を挿入</string>
< > 		<string>文字を挿入</string>
> > 		<string>문자 삽입</string>
> > 		<string>문자 삽입</string>
< > 		<string>スペル設定</string>
< > 		<string>スペル設定</string>
> > 		<string>철자</string>
< > 		<string>レイヤー</string>
< > 		<string>レイヤー</string>
> > 		<string>레이어</string>
< > 		<string>配置</string>
< > 		<string>配置</string>
< > 		<string>整列</string>
< > 		<string>整列</string>
> > 		<string>순서</string>
< > 		<string>ジオメトリ</string>
< > 		<string>ジオメトリ</string>
> > 		<string>기하</string>
< > 		<string>変換</string>
< > 		<string>変換</string>
> > 		<string>변형</string>
< > 		<string>挿入</string>
< > 		<string>挿入</string>
> > 		<string>삽입</string>
< > 		<string>新規調整</string>
< > 		<string>新規調整</string>
> > 		<string>신규 조정</string>
> > 		<string>신규 조정</string>
< > 		<string>塗りつぶしモード</string>
< > 		<string>塗りつぶしモード</string>
> > 		<string>칠 모드</string>
< > 		<string>選択</string>
< > 		<string>選択</string>
> > 		<string>선택</string>
< > 		<string>表示</string>
< > 		<string>表示</string>
< > 		<string>ズーム</string>
< > 		<string>ズーム</string>
> > 		<string>뷰</string>
< > 		<string>表示モード</string>
< > 		<string>表示モード</string>
< > 		<string>ビュー</string>
< > 		<string>スタジオ</string>
> > 		<string>뷰 모드</string>
< > 		<string>ウィンドウ</string>
< > 		<string>ウィンドウ</string>
> > 		<string>윈도우</string>
< > 		<string>すべて前面に移動</string>
> > 		<string>모두 앞으로 가져오기</string>
< > 		<string>フローティングウィンドウをクリーンアップ</string>
< > 		<string>フローティングウィンドウをクリーンアップ</string>
> > 		<string>펼쳐진 윈도우 정리</string>
> > 		<string>펼쳐진 윈도우 정리</string>
< > 		<string>ヘルプ</string>
< > 		<string>ヘルプ</string>
< < 		<string>Debug</string>
< > 		<string>デバッグ</string>
< > 		<string>デバッグ</string>
> > 		<string>도움말</string>
< > 		<string>テキストの回り込み</string>
< > 		<string>テキストの回り込み</string>
> > 		<string>줄바꿈</string>
