< 		<string>Equations</string>
> 		<string>数式</string>
< 		<string>Parameter A (a)</string>
> 		<string>パラメータA(a)</string>
< 		<string>Parameter B (b)</string>
> 		<string>パラメータB(b)</string>
< 		<string>Equations</string>
> 		<string>数式</string>
< 		<string>Parameter C (c)</string>
> 		<string>パラメータC(c)</string>
< 		<string>Apply</string>
> 		<string>適用</string>
< 		<string>Cancel</string>
> 		<string>キャンセル</string>
< 		<string>Cartesian</string>
> 		<string>カルテシアン</string>
< 		<string>Polar</string>
> 		<string>極座標</string>
< 		<string>Coordinate System</string>
> 		<string>座標系</string>
< 		<string>Zero</string>
> 		<string>ゼロ</string>
< 		<string>Full</string>
> 		<string>フル</string>
< 		<string>Repeat</string>
> 		<string>繰り返し</string>
< 		<string>Wrap</string>
> 		<string>回り込み</string>
< 		<string>Mirror</string>
> 		<string>ミラー</string>
< 		<string>Extend Mode</string>
> 		<string>拡張モード</string>
< 		<string>Mirror view</string>
> 		<string>ミラー表示</string>
< 		<string>No split view</string>
> 		<string>分割表示</string>
< 		<string>Split view</string>
> 		<string>分割表示なし</string>
