< > 		<string>ブレンドオプション</string>
< < 		<string>Source Layer Ranges</string>
< > 		<string>ソースレイヤー範囲</string>
< < 		<string>Underlying Composition Ranges</string>
< > 		<string>基になるコンポジション範囲</string>
> > 		<string>혼합 설정</string>
< > 		<string>リセット</string>
> > 		<string>재설정</string>
< > 		<string>入力:</string>
> > 		<string>안:</string>
< > 		<string>出力:</string>
< > 		<string>リセット</string>
< > 		<string>入力:</string>
< > 		<string>出力:</string>
< < 		<string>Pressure Flyout</string>
< > 		<string>筆圧ポップアップメニュー</string>
< < 				<string>NSButtonCell</string>
< < 				<string>NSActionCell</string>
< < 				<string>NSCell</string>
< < 				<string>NSObject</string>
< < 			<string>NSButtonCell</string>
< > 				<string>NSButtonCell</string>
< > 				<string>NSActionCell</string>
< > 				<string>NSCell</string>
< > 				<string>NSObject</string>
< > 			<string>NSButtonCell</string>
< < 		<string>Coverage Map:</string>
< > 		<string>カバレッジマップ:</string>
< < 		<string>Blend Gamma:</string>
< > 		<string>ブレンドガンマ:</string>
> > 		<string>바깥:</string>
< > 		<string>線形</string>
< > 		<string>線形</string>
> > 		<string>선형</string>
