< < 		<string>Brush Editor</string>
< > 		<string>ブラシエディタ</string>
< > 		<string>閉じる</string>
> > 		<string>닫기</string>
< > 		<string>複製</string>
> > 		<string>복제</string>
< > 		<string>リセット</string>
> > 		<string>재설정</string>
< > 		<string>流量:</string>
> > 		<string>흐름:</string>
< > 		<string>サイズ:</string>
> > 		<string>크기:</string>
< > 		<string>硬さ:</string>
> > 		<string>굳기:</string>
< > 		<string>間隔:</string>
> > 		<string>간격:</string>
< > 		<string>回転:</string>
> > 		<string>회전:</string>
< > 		<string>描画モード:</string>
> > 		<string>혼합 모드:</string>
< > 		<string>ウェットエッジ:</string>
< < 		<string>Shape:</string>
< > 		<string>シェイプ:</string>
> > 		<string>젖은 모서리:</string>
< > 		<string>ウェットエッジを設定しない</string>
> > 		<string>젖은 모서리 설정하지 않음</string>
< > 		<string>ウェットエッジを"オン"に設定</string>
> > 		<string>젖은 모서리 켜기</string>
< > 		<string>ウェットエッジを"オフ"に設定</string>
> > 		<string>젖은 모서리 끄기</string>
< > 		<string>描画モードを設定しない</string>
< < 		<string>Associated Tool:</string>
< > 		<string>関連ツール:</string>
< < 		<string>No associated tool</string>
< > 		<string>関連ツールなし</string>
< < 		<string>Paint brush tool</string>
< > 		<string>ペイントブラシツール</string>
< < 		<string>Pixel tool</string>
< > 		<string>ピクセルツール</string>
< < 		<string>Erase brush tool</string>
< > 		<string>消去ブラシツール</string>
< < 		<string>Colour replacement brush tool</string>
< > 		<string>色置換ブラシツール</string>
< < 		<string>Paint mixer brush tool</string>
< > 		<string>ペイント混合ブラシツール</string>
< < 		<string>Background erase brush tool</string>
< > 		<string>背景消去ブラシツール</string>
< < 		<string>Dodge brush tool</string>
< > 		<string>覆い焼きブラシツール</string>
< < 		<string>Burn brush tool</string>
< > 		<string>焼き込みブラシツール</string>
< < 		<string>Sponge brush tool</string>
< > 		<string>スポンジブラシツール</string>
< < 		<string>Sharpen brush tool</string>
< > 		<string>シャープ化ブラシツール</string>
< < 		<string>Smudge brush tool</string>
< > 		<string>スマッジブラシツール</string>
< < 		<string>Blur brush tool</string>
< > 		<string>ぼかしブラシツール</string>
< < 		<string>Median brush tool</string>
< > 		<string>メディアンブラシツール</string>
> > 		<string>혼합 모드 설정하지 않음</string>
< > 		<string>コピーブラシツール</string>
< < 		<string>Healing brush tool</string>
< > 		<string>修復ブラシツール</string>
< < 		<string>Inpainting brush tool</string>
< > 		<string>インペインティングブラシツール</string>
< < 		<string>Undo brush tool</string>
< > 		<string>取り消しブラシツール</string>
< < 		<string>Accumulation</string>
< > 		<string>累積</string>
> > 		<string>복제 브러시 도구</string>
< > 		<string>カスタム</string>
> > 		<string>사용자화</string>
< > 		<string>一般</string>
< < 		<string>Hue Jitter:</string>
< > 		<string>色相のジッター:</string>
> > 		<string>일반</string>
< > 		<string>彩度のジッター:</string>
> > 		<string>채도 일그러짐:</string>
< > 		<string>明度のジッター:</string>
> > 		<string>명도 일그러짐:</string>
< > 		<string>なし</string>
> > 		<string>없음</string>
< > 		<string>ランダム</string>
> > 		<string>무작위</string>
< > 		<string>筆圧</string>
> > 		<string>압력</string>
< > 		<string>角度</string>
< < 		<string>Tilt</string>
< > 		<string>ティルト</string>
> > 		<string>각도</string>
< > 		<string>回転</string>
< < 		<string>Cyclic</string>
< > 		<string>サイクリック</string>
> > 		<string>회전</string>
< > 		<string>速度</string>
> > 		<string>속도</string>
< > 		<string>速度(逆)</string>
< < 		<string>Stylus Wheel</string>
< > 		<string>スタイラスホイール</string>
< > 		<string>なし</string>
< > 		<string>ランダム</string>
< > 		<string>筆圧</string>
< > 		<string>角度</string>
< > 		<string>ティルト</string>
< > 		<string>回転</string>
< > 		<string>サイクリック</string>
< > 		<string>速度</string>
< < 		<string>Velocity (Inverse)</string>
< > 		<string>速度(逆)</string>
< < 		<string>Stylus Wheel</string>
< > 		<string>スタイラスホイール</string>
< > 		<string>なし</string>
< > 		<string>ランダム</string>
< > 		<string>筆圧</string>
< > 		<string>角度</string>
< > 		<string>ティルト</string>
< > 		<string>回転</string>
< > 		<string>サイクリック</string>
< > 		<string>速度</string>
< < 		<string>Velocity (Inverse)</string>
< > 		<string>速度(逆)</string>
< < 		<string>Stylus Wheel</string>
< > 		<string>スタイラスホイール</string>
< > 		<string>なし</string>
< > 		<string>ランダム</string>
< > 		<string>筆圧</string>
< > 		<string>角度</string>
< > 		<string>ティルト</string>
< > 		<string>回転</string>
< > 		<string>サイクリック</string>
< > 		<string>速度</string>
< < 		<string>Velocity (Inverse)</string>
< > 		<string>速度(逆)</string>
< < 		<string>Stylus Wheel</string>
< > 		<string>スタイラスホイール</string>
< < 		<string>Direction</string>
< > 		<string>向き</string>
< > 		<string>なし</string>
< > 		<string>ランダム</string>
< > 		<string>筆圧</string>
< > 		<string>角度</string>
< > 		<string>ティルト</string>
< > 		<string>回転</string>
< > 		<string>サイクリック</string>
< > 		<string>速度</string>
< < 		<string>Velocity (Inverse)</string>
< > 		<string>速度(逆)</string>
< < 		<string>Stylus Wheel</string>
< > 		<string>スタイラスホイール</string>
< > 		<string>なし</string>
< > 		<string>ランダム</string>
< > 		<string>筆圧</string>
< > 		<string>角度</string>
< > 		<string>ティルト</string>
< > 		<string>回転</string>
< > 		<string>サイクリック</string>
< > 		<string>速度</string>
< < 		<string>Velocity (Inverse)</string>
< > 		<string>速度(逆)</string>
< < 		<string>Stylus Wheel</string>
< > 		<string>スタイラスホイール</string>
< > 		<string>なし</string>
< > 		<string>ランダム</string>
< > 		<string>筆圧</string>
< > 		<string>角度</string>
< > 		<string>ティルト</string>
< > 		<string>回転</string>
< > 		<string>サイクリック</string>
< > 		<string>速度</string>
< < 		<string>Velocity (Inverse)</string>
< > 		<string>速度(逆)</string>
< < 		<string>Stylus Wheel</string>
< > 		<string>スタイラスホイール</string>
< > 		<string>なし</string>
< > 		<string>ランダム</string>
< > 		<string>筆圧</string>
< > 		<string>角度</string>
< > 		<string>ティルト</string>
< > 		<string>回転</string>
< > 		<string>サイクリック</string>
< > 		<string>速度</string>
< < 		<string>Velocity (Inverse)</string>
< > 		<string>速度(逆)</string>
< < 		<string>Stylus Wheel</string>
< > 		<string>スタイラスホイール</string>
> > 		<string>속도 (반전)</string>
> < 		<string>Velocity (Inverse)</string>
> > 		<string>속도 (반전)</string>
> < 		<string>Velocity (Inverse)</string>
> > 		<string>속도 (반전)</string>
> < 		<string>Velocity (Inverse)</string>
> > 		<string>속도 (반전)</string>
> < 		<string>Velocity (Inverse)</string>
> > 		<string>속도 (반전)</string>
> < 		<string>Velocity (Inverse)</string>
> > 		<string>속도 (반전)</string>
> < 		<string>Velocity (Inverse)</string>
> > 		<string>속도 (반전)</string>
> < 		<string>Velocity (Inverse)</string>
> > 		<string>속도 (반전)</string>
< > 		<string>流量のジッター:</string>
> > 		<string>흐름 일그러짐:</string>
< > 		<string>サイズのジッター:</string>
> > 		<string>크기 일그러짐:</string>
< > 		<string>回転のジッター:</string>
> > 		<string>회전 일그러짐:</string>
< > 		<string>拡散X:</string>
> > 		<string>가로 흩어짐:</string>
< > 		<string>拡散Y:</string>
< > 		<string>なし</string>
< > 		<string>ランダム</string>
< > 		<string>筆圧</string>
< > 		<string>角度</string>
< > 		<string>ティルト</string>
< > 		<string>回転</string>
< > 		<string>サイクリック</string>
< > 		<string>速度</string>
< < 		<string>Velocity (Inverse)</string>
< > 		<string>速度(逆)</string>
< < 		<string>Stylus Wheel</string>
< > 		<string>スタイラスホイール</string>
< > 		<string>なし</string>
< > 		<string>ランダム</string>
< > 		<string>筆圧</string>
< > 		<string>角度</string>
< > 		<string>ティルト</string>
< > 		<string>回転</string>
< > 		<string>サイクリック</string>
< > 		<string>速度</string>
< < 		<string>Velocity (Inverse)</string>
< > 		<string>速度(逆)</string>
< < 		<string>Stylus Wheel</string>
< > 		<string>スタイラスホイール</string>
< < 		<string>Hardness Jitter:</string>
< > 		<string>硬さのジッター:</string>
< < 		<string>Shape Jitter:</string>
< > 		<string>シェイプのジッター:</string>
< > 		<string>なし</string>
< > 		<string>ランダム</string>
< > 		<string>筆圧</string>
< > 		<string>角度</string>
< > 		<string>ティルト</string>
< > 		<string>回転</string>
< > 		<string>サイクリック</string>
< > 		<string>速度</string>
< < 		<string>Velocity (Inverse)</string>
< > 		<string>速度(逆)</string>
< < 		<string>Stylus Wheel</string>
< > 		<string>スタイラスホイール</string>
< < 		<string>Accumulation Jitter:</string>
< > 		<string>累積ジッター:</string>
> > 		<string>세로 흩어짐:</string>
> < 		<string>Velocity (Inverse)</string>
> > 		<string>속도 (반전)</string>
> < 		<string>Velocity (Inverse)</string>
> > 		<string>속도 (반전)</string>
> < 		<string>Velocity (Inverse)</string>
> > 		<string>속도 (반전)</string>
< > 		<string>ダイナミクス</string>
< < 		<string>Brush Nozzles:</string>
< > 		<string>ブラシノズル:</string>
< < 		<string>Base Texture:</string>
< > 		<string>ベーステクスチャ:</string>
> > 		<string>역동</string>
< > 		<string>モード:</string>
> > 		<string>모드:</string>
< > 		<string>削除</string>
> > 		<string>지우기</string>
< > 		<string>スケール:</string>
< > 		<string>なし</string>
< < 		<string>Nozzle</string>
< > 		<string>ノズル</string>
> > 		<string>배율:</string>
< > 		<string>最終</string>
> > 		<string>마지막</string>
< > 		<string>テクスチャの設定</string>
< > 		<string>削除</string>
> > 		<string>질감 설정</string>
< > 		<string>反転</string>
< > 		<string>なし</string>
< > 		<string>ランダム</string>
< > 		<string>筆圧</string>
< > 		<string>角度</string>
< > 		<string>ティルト</string>
< > 		<string>回転</string>
< > 		<string>サイクリック</string>
< > 		<string>速度</string>
< < 		<string>Velocity (Inverse)</string>
< > 		<string>速度(逆)</string>
< < 		<string>Stylus Wheel</string>
< > 		<string>スタイラスホイール</string>
> > 		<string>반전</string>
> < 		<string>Velocity (Inverse)</string>
> > 		<string>속도 (반전)</string>
< < 		<string>{553, 279}</string>
> > 		<string>추가</string>
< > 		<string>追加</string>
< > 		<string>{553, 279}</string>
< > 		<string>テクスチャ</string>
> > 		<string>질감</string>
< > 		<string>サブブラシ</string>
> > 		<string>보조 브러시</string>
< > 		<string>描画</string>
> > 		<string>그리기</string>
< > 		<string>ブレンディング</string>
> > 		<string>혼합하기</string>
< > 		<string>ブレンド</string>
> > 		<string>혼합</string>
< > 		<string>消去</string>
< < 		<string>At current nozzle</string>
< > 		<string>現在のノズル</string>
< < 		<string>Behind current nozzle</string>
< > 		<string>現在のノズルの後方</string>
< < 		<string>At end of stroke</string>
< > 		<string>境界線の終端</string>
< > 		<string>削除</string>
> > 		<string>지우기</string>
< > 		<string>編集</string>
< < 		<string>Add Bitmap</string>
< > 		<string>ビットマップを追加</string>
> > 		<string>편집</string>
< > 		<string>サイズを同期</string>
> > 		<string>크기 동기화</string>
< > 		<string>間隔を同期</string>
> > 		<string>간격 동기화</string>
< > 		<string>円形ブラシを追加</string>
> > 		<string>둥근 브러시 추가</string>
< > 		<string>サブブラシ</string>
> > 		<string>보조 브러시</string>
< > 		<string>ヘッドオフセット:</string>
> > 		<string>머리 편차:</string>
< > 		<string>テールオフセット:</string>
> > 		<string>꼬리 편차:</string>
< > 		<string>本体:</string>
> > 		<string>몸:</string>
< > 		<string>コーナー:</string>
> > 		<string>꼭짓점:</string>
< > 		<string>ブラシ幅:</string>
> > 		<string>브러시 너비:</string>
< > 		<string>不透明度の許容誤差:</string>
> > 		<string>불투명도 분산:</string>
< > 		<string>サイズの許容誤差:</string>
< > 		<string>ラベル</string>
< < 		<string>Label</string>
< > 		<string>なし</string>
< > 		<string>筆圧</string>
< > 		<string>速度</string>
> > 		<string>크기 분산:</string>
< > 		<string>速度(逆)</string>
> > 		<string>속도 (반전)</string>
< > 		<string>境界線</string>
< < 		<string>Unfinished feature / user interface.</string>
< > 		<string>未完成の機能/ユーザーインターフェース。</string>
< < 		<string>NSApplication</string>
< > 		<string>NSApplication</string>
> > 		<string>선</string>
