< > 		<string>該当なし</string>
> > 		<string>없음</string>
< > 		<string>AF領域を表示</string>
< > 		<string>該当なし</string>
< > 		<string>該当なし</string>
< > 		<string>該当なし</string>
< > 		<string>該当なし</string>
< > 		<string>該当なし</string>
< > 		<string>該当なし</string>
< < 		<string>Hyperfocal</string>
< > 		<string>過焦点</string>
> > 		<string>AF 영역 보기</string>
< > 		<string>有効</string>
> > 		<string>유효</string>
< > 		<string>ポイント</string>
> > 		<string>포인트</string>
< > 		<string>ビーム</string>
> > 		<string>빔</string>
< > 		<string>長さ</string>
> > 		<string>길이</string>
< > 		<string>モード</string>
> > 		<string>모드</string>
