< 		<string>Sample description text</string>
< 		<string>Name of Object</string>
> 		<string>サンプル説明テキスト</string>
> 		<string>オブジェクト名</string>
< 		<string>Sample description text</string>
< 		<string>Name of Object</string>
> 		<string>サンプル説明テキスト</string>
> 		<string>オブジェクト名</string>
< 		<string>Layer is exported</string>
> 		<string>レイヤーが書き出しされました</string>
< 		<string>Layer is exported</string>
> 		<string>レイヤーが書き出しされました</string>
< 		<string>Make item visible</string>
> 		<string>書き出しに対し、ラスターレイヤー解像度が低すぎます</string>
< 		<string>Make item visible</string>
> 		<string>書き出しに対し、ラスターレイヤー解像度が低すぎます</string>
< 		<string>Make item visible in export</string>
> 		<string>項目を書き出しに表示します</string>
< 		<string>Make item visible in export</string>
> 		<string>項目を書き出しに表示します</string>
< 		<string>Raster layer resolution too low for export</string>
> 		<string>項目を表示します</string>
< 		<string>Raster layer resolution too low for export</string>
> 		<string>項目を表示します</string>
