< 		<string>.AppleSystemUIFont</string>
< 				<string>NSFont</string>
< 				<string>NSObject</string>
< 			<string>NSFont</string>
< 		<string>Text Cell</string>
> 		<string>テキストセル</string>
> 		<string>.AppleSystemUIFont</string>
> 				<string>NSFont</string>
> 				<string>NSObject</string>
> 			<string>NSFont</string>
< 		<string>Table View Cell</string>
> 		<string>テーブルビューセル</string>
< 		<string>Add [-1,1] range input</string>
> 		<string>[-1,1]範囲の入力を追加</string>
< 		<string>Add [0,1] range input</string>
> 		<string>[0,1]範囲の入力を追加</string>
< 		<string>Add angle input</string>
> 		<string>実数の入力を追加</string>
< 		<string>Add elevation-rotation input</string>
> 		<string>整数値の入力を追加</string>
< 		<string>Add integer number input</string>
> 		<string>立面回転の入力を追加</string>
< 		<string>Add real number input</string>
> 		<string>角度の入力を追加</string>
