< < 		<string>Feather Selection</string>
< > 		<string>選択範囲をぼかす</string>
< > 		<string>半径</string>
< < 		<string>{{249, 4}, {76, 28}}</string>
< > 				<string>NSMutableArray</string>
< > 				<string>NSArray</string>
< > 				<string>NSObject</string>
< > 			<string>NSMutableArray</string>
< > 		<string>{{249, 4}, {76, 28}}</string>
> > 		<string>반지름</string>
< > 		<string>適用</string>
< < 		<string>{{175, 4}, {76, 28}}</string>
< > 		<string>{{175, 4}, {76, 28}}</string>
> > 		<string>적용</string>
< > 		<string>キャンセル</string>
< < 				<string>NSMutableArray</string>
< < 				<string>NSArray</string>
< < 				<string>NSObject</string>
< < 			<string>NSMutableArray</string>
> > 		<string>취소</string>
