< < 		<string>.AppleSystemUIFont</string>
< < 				<string>NSFont</string>
< < 				<string>NSObject</string>
< < 			<string>NSFont</string>
< < 		<string>Text Cell</string>
< > 		<string>テキストセル</string>
< > 		<string>.AppleSystemUIFont</string>
< > 				<string>NSFont</string>
< > 				<string>NSObject</string>
< > 			<string>NSFont</string>
< > 		<string>テキストセル</string>
< > 		<string>テキストセル</string>
< > 		<string>テキストセル</string>
< < 		<string>Table View Cell</string>
< > 		<string>テーブルビューセル</string>
< > 		<string>テーブルビューセル</string>
< > 		<string>テーブルビューセル</string>
< < 		<string>Double-click field name to insert</string>
< > 		<string>フィールド名をダブルクリックして挿入</string>
< > 		<string>テーブルビューセル</string>
< < 		<string>Default Format</string>
< > 		<string>デフォルトフォーマット</string>
