< 		<string>Spacing:</string>
> 		<string>間隔:</string>
< 		<string>Divisions:</string>
> 		<string>区分:</string>
< 		<string>Gutter:</string>
> 		<string>余白:</string>
< 		<string>Aspect ratio:</string>
> 		<string>縦横比:</string>
< 		<string>Angle:</string>
> 		<string>角度:</string>
> 		<string>第2軸</string>
< 		<string>Second axis</string>
< 		<string>Spacing:</string>
> 		<string>間隔:</string>
> 		<string>余白:</string>
< 		<string>Divisions:</string>
> 		<string>区分:</string>
> 		<string>角度:</string>
< 		<string>First axis</string>
> 		<string>第1軸</string>
< 		<string>Intermediate angles:</string>
> 		<string>中間角度:</string>
< 		<string>Do not add</string>
> 		<string>追加しない</string>
< 		<string>Add for constraining</string>
> 		<string>固定対象に追加</string>
< 		<string>Add for snapping</string>
> 		<string>スナップ対象に追加</string>
< 		<string>Intermediate divisions:</string>
> 		<string>中間区分:</string>
< 		<string>Plane perpendicular axis:</string>
> 		<string>プレーン直交軸:</string>
< 		<string>Do not add</string>
> 		<string>追加しない</string>
< 		<string>Add for constraining</string>
> 		<string>固定対象に追加</string>
< 		<string>Add for snapping</string>
> 		<string>スナップ対象に追加</string>
< 		<string>Horizontal axis:</string>
> 		<string>水平軸:</string>
< 		<string>Do not add</string>
> 		<string>追加しない</string>
< 		<string>Add for constraining</string>
> 		<string>固定対象に追加</string>
< 		<string>Add for snapping</string>
> 		<string>スナップ対象に追加</string>
< 		<string>Vertical axis:</string>
> 		<string>垂直軸:</string>
< 		<string>Do not add</string>
> 		<string>追加しない</string>
< 		<string>Add for constraining</string>
> 		<string>固定対象に追加</string>
< 		<string>Add for snapping</string>
> 		<string>スナップ対象に追加</string>
< 		<string>Snapping axis setup</string>
> 		<string>スナップ軸の設定</string>
> 		<string>間隔:</string>
< 		<string>Spacing:</string>
< 		<string>Divisions:</string>
> 		<string>区分:</string>
> 		<string>余白:</string>
< 		<string>Aspect ratio:</string>
> 		<string>縦横比:</string>
> 		<string>角度:</string>
< 		<string>Up axis</string>
> 		<string>上方向軸</string>
< 		<string>Grid type:</string>
> 		<string>グリッドタイプ:</string>
< 		<string>Standard</string>
> 		<string>標準</string>
< 		<string>Isometric</string>
> 		<string>等角投影</string>
< 		<string>2:1 Isometric</string>
> 		<string>2:1等角投影</string>
< 		<string>Dimetric</string>
> 		<string>二等角投影</string>
< 		<string>Oblique</string>
> 		<string>斜投影</string>
< 		<string>Trimetric left</string>
> 		<string>斜方投影(左)</string>
< 		<string>Trimetric right</string>
> 		<string>斜方投影(右)</string>
< 		<string>Triangular</string>
> 		<string>三角形</string>
< 		<string>Horizontal triangular</string>
> 		<string>水平投影(三角形)</string>
< 		<string>2:1 Triangular</string>
> 		<string>2:1三角形</string>
< 		<string>Two axis custom</string>
> 		<string>2軸カスタム</string>
< 		<string>Triangular custom</string>
> 		<string>三角形カスタム</string>
< 		<string>Uniform</string>
> 		<string>均一</string>
< 		<string>Create plane set</string>
> 		<string>プレーンセットの作成</string>
< 		<string>Fixed aspect ratio</string>
> 		<string>固定縦横比</string>
> 		<string>第1軸</string>
< 		<string>First axis</string>
> 		<string>第2軸</string>
> 		<string>上方向軸</string>
< 		<string>Additional axis setup</string>
> 		<string>追加軸の設定</string>
< 		<string>Grid setup</string>
> 		<string>グリッド設定</string>
< 		<string>Angle too close to first and second axis angle</string>
> 		<string>結果として得られるスナップと制約となる軸</string>
< 		<string>Angle too close to first axis angle</string>
> 		<string>角度が第1軸と第2軸の角度に近すぎます</string>
< 		<string>Angle too close to first axis angle</string>
> 		<string>角度が第1軸の角度に近すぎます</string>
< 		<string>Angle too close to second axis angle</string>
> 		<string>角度が第1軸の角度に近すぎます</string>
< 		<string>Resulting Snapping and Constraining Axis</string>
> 		<string>角度が第2軸の角度に近すぎます</string>
