< 		<string>First axis</string>
> 		<string>첫 번째 축</string>
< 		<string>First axis</string>
> 		<string>첫 번째 축</string>
< 		<string>Divisions:</string>
> 		<string>구획:</string>
< 		<string>Second axis</string>
> 		<string>두 번째 축</string>
< 		<string>Intermediate angles:</string>
> 		<string>사이 각도:</string>
< 		<string>Do not add</string>
> 		<string>추가하지 않음</string>
< 		<string>Add for constraining</string>
> 		<string>규제 대상에 추가</string>
< 		<string>Add for snapping</string>
> 		<string>스내핑 대상에 추가</string>
< 		<string>Plane perpendicular axis:</string>
> 		<string>평면 직교 축:</string>
< 		<string>Do not add</string>
> 		<string>추가하지 않음</string>
< 		<string>Add for constraining</string>
> 		<string>규제 대상에 추가</string>
< 		<string>Add for snapping</string>
> 		<string>스내핑 대상에 추가</string>
< 		<string>Horizontal axis:</string>
> 		<string>가로 축:</string>
< 		<string>Do not add</string>
> 		<string>추가하지 않음</string>
< 		<string>Add for constraining</string>
> 		<string>규제 대상에 추가</string>
< 		<string>Add for snapping</string>
> 		<string>스내핑 대상에 추가</string>
< 		<string>Vertical axis:</string>
> 		<string>세로 축:</string>
< 		<string>Do not add</string>
> 		<string>추가하지 않음</string>
< 		<string>Add for constraining</string>
> 		<string>규제 대상에 추가</string>
< 		<string>Add for snapping</string>
> 		<string>스내핑 대상에 추가</string>
< 		<string>Snapping axis setup</string>
> 		<string>스내핑 축 설정</string>
< 		<string>Camera</string>
> 		<string>카메라</string>
< 		<string>First axis</string>
> 		<string>첫 번째 축</string>
< 		<string>Grid setup</string>
> 		<string>격자 설정</string>
