< > 		<string>間隔:</string>
> > 		<string>간격:</string>
< > 		<string>区分:</string>
> > 		<string>구획:</string>
< > 		<string>余白:</string>
> > 		<string>여백:</string>
< > 		<string>縦横比:</string>
> > 		<string>종횡비:</string>
< > 		<string>角度:</string>
> > 		<string>각도:</string>
< > 		<string>第2軸</string>
> > 		<string>두 번째 축</string>
< > 		<string>間隔:</string>
< > 		<string>余白:</string>
> > 		<string>간격:</string>
< > 		<string>区分:</string>
< > 		<string>角度:</string>
> > 		<string>구획:</string>
< > 		<string>第1軸</string>
> > 		<string>첫 번째 축</string>
< > 		<string>中間角度:</string>
> > 		<string>사이 각도:</string>
< > 		<string>追加しない</string>
> > 		<string>추가하지 않음</string>
< > 		<string>固定対象に追加</string>
> > 		<string>규제 대상에 추가</string>
< > 		<string>スナップ対象に追加</string>
< < 		<string>Intermediate divisions:</string>
< > 		<string>中間区分:</string>
> > 		<string>스내핑 대상에 추가</string>
< > 		<string>平面直交軸:</string>
> > 		<string>평면 직교 축:</string>
< > 		<string>追加しない</string>
> > 		<string>추가하지 않음</string>
< > 		<string>固定対象に追加</string>
> > 		<string>규제 대상에 추가</string>
< > 		<string>スナップ対象に追加</string>
> > 		<string>스내핑 대상에 추가</string>
< > 		<string>水平軸:</string>
> > 		<string>가로 축:</string>
< > 		<string>追加しない</string>
> > 		<string>추가하지 않음</string>
< > 		<string>固定対象に追加</string>
> > 		<string>규제 대상에 추가</string>
< > 		<string>スナップ対象に追加</string>
> > 		<string>스내핑 대상에 추가</string>
< > 		<string>垂直軸:</string>
> > 		<string>세로 축:</string>
< > 		<string>追加しない</string>
> > 		<string>추가하지 않음</string>
< > 		<string>固定対象に追加</string>
> > 		<string>규제 대상에 추가</string>
< > 		<string>スナップ対象に追加</string>
> > 		<string>스내핑 대상에 추가</string>
< > 		<string>スナップ軸の設定</string>
> > 		<string>스내핑 축 설정</string>
< > 		<string>間隔:</string>
> > 		<string>간격:</string>
< > 		<string>区分:</string>
< > 		<string>余白:</string>
> > 		<string>구획:</string>
< > 		<string>縦横比:</string>
< > 		<string>角度:</string>
> > 		<string>종횡비:</string>
< > 		<string>上方向軸</string>
> > 		<string>위쪽 축</string>
< > 		<string>グリッドタイプ:</string>
> > 		<string>격자 종류:</string>
< > 		<string>標準</string>
> > 		<string>표준</string>
< > 		<string>等角投影</string>
> > 		<string>등각투상</string>
< > 		<string>2:1等角投影</string>
< < 		<string>Dimetric</string>
< > 		<string>二等角投影</string>
> > 		<string>2:1 등각투상</string>
< > 		<string>斜投影</string>
< < 		<string>Trimetric left</string>
< > 		<string>斜方投影(左)</string>
< < 		<string>Trimetric right</string>
< > 		<string>斜方投影(右)</string>
< < 		<string>Triangular</string>
< > 		<string>三角形</string>
< < 		<string>Horizontal triangular</string>
< > 		<string>水平投影(三角形)</string>
< < 		<string>2:1 Triangular</string>
< > 		<string>2:1三角形</string>
< < 		<string>Two axis custom</string>
< > 		<string>2軸カスタム</string>
< < 		<string>Triangular custom</string>
< > 		<string>三角形カスタム</string>
< < 		<string>Uniform</string>
< > 		<string>均一</string>
< < 		<string>Create plane set</string>
< > 		<string>平面セットを作成</string>
< < 		<string>Fixed aspect ratio</string>
< > 		<string>固定縦横比</string>
> > 		<string>사투상</string>
< > 		<string>第1軸</string>
< > 		<string>第2軸</string>
< > 		<string>上方向軸</string>
< < 		<string>Additional axis setup</string>
< > 		<string>追加軸の設定</string>
> > 		<string>첫 번째 축</string>
< > 		<string>グリッド設定</string>
> > 		<string>격자 설정</string>
< > 		<string>結果として得られるスナップと制約となる軸</string>
> > 		<string>첫 번째 및 두 번째 축 각도와 너무 가깝습니다.</string>
< > 		<string>角度が第1軸と第2軸の角度に近すぎます</string>
> > 		<string>첫 번째 축 각도와 너무 가깝습니다.</string>
< > 		<string>角度が第1軸の角度に近すぎます</string>
> > 		<string>첫 번째 축 각도와 너무 가깝습니다.</string>
< > 		<string>角度が第1軸の角度に近すぎます</string>
< < 		<string>Resulting Snapping and Constraining Axis</string>
< > 		<string>角度が第2軸の角度に近すぎます</string>
> > 		<string>두 번째 축 각도와 너무 가깝습니다.</string>
