< < 		<string>Name</string>
< > 		<string>名前</string>
< < 		<string>Text Cell</string>
< > 		<string>テキストセル</string>
< > 		<string>Name</string>
< > 		<string>カテゴリ</string>
> > 		<string>범주</string>
< > 		<string>標準</string>
> > 		<string>표준</string>
< > 		<string>ユーザー定義</string>
< < 		<string>Table View Cell</string>
< > 		<string>テーブルビューセル</string>
< < 		<string>Add Hyperlink</string>
< > 		<string>ハイパーリンクを削除</string>
< < 		<string>Go to Source</string>
< > 		<string>ハイパーリンクを追加</string>
< < 		<string>Go to Target</string>
< > 		<string>ハイパーリンク元へ移動</string>
< < 		<string>Remove Hyperlink</string>
< > 		<string>ハイパーリンク先へ移動</string>
> > 		<string>사용자 정의</string>
