< 		<string>Keyboard Shortcuts</string>
> 		<string>キーボードショートカット</string>
< 		<string>.AppleSystemUIFont</string>
< 				<string>NSFont</string>
< 				<string>NSObject</string>
< 			<string>NSFont</string>
> 		<string>項目</string>
< 		<string>Text Cell</string>
> 		<string>テキストセル</string>
> 		<string>.AppleSystemUIFont</string>
> 				<string>NSFont</string>
> 				<string>NSObject</string>
> 			<string>NSFont</string>
> 		<string>キー</string>
> 		<string>テキストセル</string>
< 		<string>Load</string>
> 		<string>読み込み</string>
< 		<string>Save</string>
> 		<string>保存</string>
< 		<string>Ignore Modifier</string>
> 		<string>モディファイアを無視</string>
< 		<string>Apply to all</string>
> 		<string>すべてに適用</string>
< 		<string>Clear All Shortcuts</string>
> 		<string>すべてのショートカットをクリア</string>
< 		<string>Reset</string>
> 		<string>リセット</string>
< 		<string>Duplicate Check</string>
> 		<string>重複チェック</string>
< 		<string>Modifiers are not permitted.</string>
> 		<string>モディファイアは許容されません。</string>
< 		<string>Table View Cell</string>
> 		<string>テーブルビューセル</string>
> 		<string>テーブルビューセル</string>
