< 		<string>Sample description text</string>
< 		<string>Name of Object</string>
> 		<string>サンプル説明テキスト</string>
> 		<string>オブジェクト名</string>
< 		<string>Add</string>
> 		<string>和</string>
< 		<string>Entropy</string>
> 		<string>エントロピー</string>
< 		<string>Intersect</string>
> 		<string>積</string>
< 		<string>Kurtosis</string>
> 		<string>尖度</string>
< 		<string>Subtract</string>
> 		<string>差</string>
< 		<string>Xor</string>
> 		<string>排他的論理和</string>
< 		<string>Mean</string>
> 		<string>平均</string>
< 		<string>Median</string>
> 		<string>メディアン</string>
< 		<string>Outlier</string>
> 		<string>外れ値</string>
< 		<string>Maximum</string>
> 		<string>最大</string>
< 		<string>Minimum</string>
> 		<string>最小</string>
< 		<string>Range</string>
> 		<string>範囲</string>
< 		<string>Mid-Range</string>
> 		<string>中範囲</string>
< 		<string>Total</string>
> 		<string>合計</string>
< 		<string>Standard Deviation</string>
> 		<string>標準偏差</string>
< 		<string>Variance</string>
> 		<string>許容誤差</string>
< 		<string>Skewness</string>
> 		<string>ゆがみ</string>
< 		<string>Sample description text</string>
< 		<string>Name of Object</string>
> 		<string>サンプル説明テキスト</string>
> 		<string>オブジェクト名</string>
< 		<string>Floating Near Text</string>
> 		<string>スナップから除外されています</string>
< 		<string>Has layer effects</string>
> 		<string>テキスト付近にフローティング</string>
< 		<string>Inline in Text</string>
> 		<string>テキスト内にインライン表示</string>
< 		<string>Is excluded from snapping</string>
> 		<string>レイヤーエフェクトがかかっています</string>
< 		<string>Is locked</string>
> 		<string>ロックされています</string>
< 		<string>Is visible</string>
> 		<string>可視状態です</string>
