< < 		<string>Sample description text</string>
< < 		<string>Name of Object</string>
< > 		<string>サンプル説明テキスト</string>
< > 		<string>オブジェクト名</string>
< > 		<string>和</string>
> > 		<string>추가</string>
< > 		<string>エントロピー</string>
> > 		<string>엔트로피</string>
< > 		<string>積</string>
< < 		<string>Kurtosis</string>
< > 		<string>尖度</string>
> > 		<string>교차</string>
< > 		<string>差</string>
> > 		<string>제거</string>
< > 		<string>排他的論理和</string>
> > 		<string>배타</string>
< > 		<string>平均</string>
> > 		<string>평균</string>
< > 		<string>メディアン</string>
< < 		<string>Outlier</string>
< > 		<string>外れ値</string>
> > 		<string>중앙값</string>
< > 		<string>最大</string>
< < 		<string>Minimum</string>
< > 		<string>最小</string>
< < 		<string>Range</string>
< > 		<string>範囲</string>
< < 		<string>Mid-Range</string>
< > 		<string>中範囲</string>
< < 		<string>Total</string>
< > 		<string>合計</string>
> > 		<string>최대</string>
< > 		<string>標準偏差</string>
< < 		<string>Variance</string>
< > 		<string>許容誤差</string>
< < 		<string>Skewness</string>
< > 		<string>歪度</string>
< < 		<string>Sample description text</string>
< < 		<string>Name of Object</string>
< > 		<string>サンプル説明テキスト</string>
< > 		<string>オブジェクト名</string>
< < 		<string>Floating Near Text</string>
< > 		<string>スナップから除外されています</string>
< < 		<string>Has layer effects</string>
< > 		<string>テキスト付近にフローティング</string>
< < 		<string>Inline in Text</string>
< > 		<string>テキスト内にインライン表示</string>
< < 		<string>Is Linked</string>
< > 		<string>リンクされています</string>
< > 		<string>リンクされています</string>
< < 		<string>Is excluded from snapping</string>
< > 		<string>レイヤーエフェクトがかかっています</string>
< < 		<string>Is locked</string>
< > 		<string>ロックされています</string>
< < 		<string>Is visible</string>
< > 		<string>可視状態です</string>
> > 		<string>표준 편차</string>
