< > 		<string>向き:</string>
< < 		<string>Azimuth:</string>
< > 		<string>アジマス:</string>
< < 		<string>Elevation:</string>
< > 		<string>エレベーション:</string>
> > 		<string>방향:</string>
< > 		<string>カラー:</string>
< < 		<string>Directional</string>
< > 		<string>指向性</string>
< > 		<string>カラー:</string>
< < 		<string>Distance:</string>
< > 		<string>距離:</string>
< < 		<string>Point</string>
< > 		<string>ポイント</string>
< > 		<string>カラー:</string>
< < 		<string>Elevation:</string>
< > 		<string>エレベーション:</string>
< < 		<string>Azimuth:</string>
< > 		<string>アジマス:</string>
< < 		<string>Outer cone:</string>
< > 		<string>外側円錐:</string>
> > 		<string>색상:</string>
< > 		<string>向き:</string>
< < 		<string>Inner cone:</string>
< > 		<string>内側円錐:</string>
< < 		<string>Distance:</string>
< > 		<string>距離:</string>
< < 		<string>Spot</string>
< > 		<string>スポット</string>
< < 		<string>Scale Vertically To Fit</string>
< > 		<string>サイズに合わせて垂直方向にスケーリング</string>
< < 		<string>Load bump map</string>
< > 		<string>バンプマップの読み込み</string>
< < 		<string>Clear bump map</string>
< > 		<string>バンプマップのクリア</string>
> > 		<string>방향:</string>
< > 		<string>不透明度:</string>
< < 		<string>Scale Horizontally To Fit</string>
< > 		<string>サイズに合わせて水平方向にスケーリング</string>
< > 		<string>ポイント</string>
> > 		<string>불투명도:</string>
< > 		<string>追加</string>
> > 		<string>추가</string>
< > 		<string>コピー</string>
> > 		<string>복사</string>
< > 		<string>削除</string>
< < 		<string>Lighting</string>
< > 		<string>照明</string>
> > 		<string>지우기</string>
< > 		<string>適用</string>
> > 		<string>적용</string>
< > 		<string>キャンセル</string>
> > 		<string>취소</string>
< > 		<string>拡散:</string>
< < 		<string>Specular:</string>
< > 		<string>スペキュラ:</string>
< < 		<string>Shininess:</string>
< > 		<string>光沢:</string>
< < 		<string>Ambient:</string>
< > 		<string>アンビエント:</string>
< < 		<string>Specular colour:</string>
< > 		<string>スペキュラカラー:</string>
< < 		<string>Ambient light colour:</string>
< > 		<string>アンビエントライトカラー:</string>
< < 		<string>OtherViews</string>
< > 		<string>他の表示</string>
> > 		<string>확산:</string>
< > 		<string>タイプ:</string>
< > 		<string>他の表示</string>
< > 		<string>スポット</string>
< > 		<string>ポイント</string>
< < 		<string>Directional</string>
< > 		<string>指向性</string>
< < 		<string>Texture:</string>
< > 		<string>テクスチャ:</string>
< < 		<string>Light:</string>
< > 		<string>ライト:</string>
> > 		<string>종류:</string>
< > 		<string>ミラー表示</string>
> > 		<string>거울 뷰 모드</string>
< > 		<string>分割表示</string>
> > 		<string>분할 뷰 모드 해제</string>
< > 		<string>分割表示なし</string>
> > 		<string>분할 뷰 모드</string>
