< 		<string>.AppleSystemUIFont</string>
< 				<string>NSFont</string>
< 				<string>NSObject</string>
< 			<string>NSFont</string>
< 		<string>Text Cell</string>
> 		<string>テキストセル</string>
> 		<string>.AppleSystemUIFont</string>
> 				<string>NSFont</string>
> 				<string>NSObject</string>
> 			<string>NSFont</string>
> 		<string>タイプ</string>
> 		<string>テキストセル</string>
< 		<string>Incoming Name</string>
> 		<string>受信名</string>
> 		<string>テキストセル</string>
> 		<string>テキストセル</string>
< 		<string>Rename To</string>
> 		<string>次の名前に変更</string>
> 		<string>テキストセル</string>
> 		<string>競合</string>
> 		<string>テキストセル</string>
< 		<string>Imported Text Styles</string>
> 		<string>インポートされたテキストスタイル</string>
< 		<string>Check All</string>
> 		<string>すべてをチェック</string>
< 		<string>Check Paragraphs</string>
> 		<string>段落をチェック</string>
< 		<string>Check Characters</string>
> 		<string>文字をチェック</string>
< 		<string>Incoming style:</string>
> 		<string>受信スタイル:</string>
< 		<string>Document style:</string>
> 		<string>ドキュメントスタイル:</string>
< 		<string>Cancel</string>
> 		<string>キャンセル</string>
< 		<string>Current Formatting</string>
> 		<string>現在のフォーマット</string>
< 		<string>Current Formatting</string>
> 		<string>現在のフォーマット</string>
