< < 		<string>Outline Selection</string>
< > 		<string>アウトライン選択</string>
< > 		<string>半径</string>
< < 		<string>{{249, 4}, {76, 28}}</string>
< > 				<string>NSMutableArray</string>
< > 				<string>NSArray</string>
< > 				<string>NSObject</string>
< > 			<string>NSMutableArray</string>
< > 		<string>{{249, 4}, {76, 28}}</string>
> > 		<string>반지름</string>
< > 		<string>適用</string>
< < 		<string>{{175, 4}, {76, 28}}</string>
< > 		<string>{{175, 4}, {76, 28}}</string>
> > 		<string>적용</string>
< > 		<string>キャンセル</string>
< < 		<string>Circular</string>
< > 		<string>循環</string>
> > 		<string>취소</string>
< > 		<string>配置:</string>
< < 		<string>{{144, 33}, {113, 22}}</string>
< > 		<string>{{144, 33}, {113, 22}}</string>
< < 		<string>.HelveticaNeueDeskInterface-Regular</string>
> > 		<string>정렬:</string>
< > 		<string>中央</string>
> > 		<string>가운데</string>
< > 		<string>外側</string>
> > 		<string>바깥</string>
< < 				<string>NSMutableArray</string>
< < 				<string>NSArray</string>
< < 				<string>NSObject</string>
< < 			<string>NSMutableArray</string>
< > 		<string>内側</string>
> > 		<string>안으로</string>
