< 		<string>Column end zone:</string>
> 		<string>段の末尾ゾーン:</string>
< 		<string>Paragraph end zone:</string>
> 		<string>段落の末尾ゾーン:</string>
< 		<string>Capital zone:</string>
> 		<string>大文字ゾーン:</string>
< 		<string>Hyphenation zone:</string>
> 		<string>ハイフネーションゾーン:</string>
< 		<string>Max consecutive hyphens:</string>
> 		<string>連続するハイフンの最大数:</string>
< 		<string>Minimum suffix:</string>
> 		<string>最小サフィックス:</string>
< 		<string>Minimum prefix:</string>
> 		<string>最小プレフィックス:</string>
< 		<string>Minimum word length:</string>
> 		<string>単語の最小文字数:</string>
< 		<string>Minimum score:</string>
> 		<string>最小スコア:</string>
< 		<string>Use auto-hyphenation</string>
> 		<string>自動ハイフネーションを使用</string>
< 		<string>Hyphenation</string>
> 		<string>ハイフネーション</string>
> 		<string>位置</string>
< 		<string>Text Cell</string>
> 		<string>テキストセル</string>
> 		<string>テキストセル</string>
> 		<string>テキストセル</string>
> 		<string>テキストセル</string>
> 		<string>テキストセル</string>
< 		<string>Tab Stops</string>
> 		<string>タブ位置</string>
< 		<string>Auto</string>
> 		<string>自動</string>
< 		<string>Scale for descenders</string>
> 		<string>ディセンダーに応じてスケール</string>
< 		<string>Enabled</string>
> 		<string>有効</string>
< 		<string>Align left edge</string>
> 		<string>左端を揃える</string>
< 		<string>Characters:</string>
> 		<string>文字:</string>
< 		<string>Style:</string>
> 		<string>スタイル:</string>
< 		<string>Distance to text:</string>
> 		<string>テキストまでの距離:</string>
< 		<string>Height in lines:</string>
> 		<string>高さ(行数):</string>
> 		<string>ドロップキャップ</string>
< 		<string>Combine identical</string>
> 		<string>同一のものを結合</string>
< 		<string>Stroke:</string>
> 		<string>境界線:</string>
< 		<string>Transparency:</string>
> 		<string>透明度:</string>
< 		<string>Fill:</string>
> 		<string>塗りつぶし:</string>
< 		<string>Bottom:</string>
> 		<string>下:</string>
< 		<string>Right:</string>
> 		<string>右:</string>
< 		<string>Top:</string>
> 		<string>上:</string>
< 		<string>Left:</string>
> 		<string>左:</string>
< 		<string>Relative to</string>
> 		<string>基準</string>
< 		<string>Indent</string>
> 		<string>インデント</string>
> 		<string>スタイル:</string>
< 		<string>End characters:</string>
> 		<string>終了文字:</string>
< 		<string>Max word count:</string>
> 		<string>最大単語数:</string>
> 		<string>有効</string>
< 		<string>Align to Baseline Grid</string>
> 		<string>ベースライングリッドに揃える</string>
> 		<string>スタイル:</string>
< 		<string>Global</string>
> 		<string>グローバル</string>
< 		<string>Name:</string>
> 		<string>名前:</string>
< 		<string>Restart numbering now</string>
> 		<string>この位置から番号を振り直す</string>
< 		<string>Item 1</string>
> 		<string>アイテム1</string>
< 		<string>Item 2</string>
> 		<string>アイテム2</string>
< 		<string>Item 3</string>
> 		<string>アイテム3</string>
< 		<string>Restart numbering:</string>
> 		<string>番号の振り直し:</string>
< 		<string>Start numbering at:</string>
> 		<string>番号付けの開始番号:</string>
< 		<string>Tabstop:</string>
> 		<string>タブ位置:</string>
< 		<string>Text:</string>
> 		<string>テキスト:</string>
< 		<string>Level:</string>
> 		<string>レベル:</string>
< 		<string>Type:</string>
> 		<string>タイプ:</string>
< 		<string>lines</string>
> 		<string>行数</string>
< 		<string>Keep with next:</string>
> 		<string>改ページしない:</string>
< 		<string>Prevent widowed last lines</string>
> 		<string>最終行の前に改ページをしない</string>
< 		<string>Keep paragraph together</string>
> 		<string>段落を分割しない</string>
< 		<string>Prevent orphaned first lines</string>
> 		<string>先頭行の後に改ページをしない</string>
< 		<string>Keep with previous paragraph</string>
> 		<string>前の段落と分離しない</string>
< 		<string>Start:</string>
> 		<string>開始位置:</string>
< 		<string>Leading:</string>
> 		<string>行送り:</string>
< 		<string>Sum space before and after</string>
> 		<string>前後のスペースの合計</string>
< 		<string>Space between same styles:</string>
> 		<string>同じスタイル間の間隔:</string>
< 		<string>Use space before:</string>
> 		<string>前にスペースを使用:</string>
> 		<string>間隔</string>
< 		<string>Justification</string>
> 		<string>ジャスティフィケーション</string>
< 		<string>Initial Words</string>
> 		<string>頭文字語</string>
< 		<string>Decorations</string>
> 		<string>装飾</string>
< 		<string>Flow Options</string>
> 		<string>流し込みのオプション</string>
< 		<string>Bullets and Numbering</string>
> 		<string>箇条書きと自動番号</string>
< 		<string>Baseline Grid</string>
> 		<string>ベースライングリッド</string>
< 		<string>NSToolTipHelpKey</string>
< 		<string>Add New Tab Stop</string>
< 				<string>NSIBHelpConnector</string>
< 				<string>NSObject</string>
< 			<string>NSIBHelpConnector</string>
< 		<string>Character Style</string>
< 		<string>Default Tab Stops</string>
> 		<string>{{199, 1}, {20, 18}}</string>
< 		<string>Desired Letter Spacing</string>
< 		<string>Desired Letter Spacing</string>
> 		<string>SchemeButtonCell</string>
> 		<string>...</string>
> 		<string>NSToolTipHelpKey</string>
> 		<string>その他</string>
> 				<string>NSIBHelpConnector</string>
> 				<string>NSObject</string>
> 			<string>NSIBHelpConnector</string>
< 		<string>Desired Word Spacing</string>
> 		<string>オフセット</string>
< 		<string>Desired Word Spacing</string>
> 		<string>オフセット</string>
< 		<string>First Line Indent</string>
> 		<string>オフセット</string>
< 		<string>First Line Indent</string>
> 		<string>オフセット</string>
< 		<string>Frame Stroke</string>
> 		<string>オフセット</string>
< 		<string>Last Line Outdent</string>
> 		<string>オフセット</string>
< 		<string>Last Line Outdent</string>
> 		<string>オフセット</string>
< 		<string>Leading</string>
> 		<string>オフセット</string>
< 		<string>Left Indent</string>
> 		<string>オフセット</string>
< 		<string>Left Indent</string>
> 		<string>オフセット</string>
< 		<string>List Level</string>
> 		<string>オフセット</string>
< 		<string>List Type</string>
> 		<string>オフセット</string>
< 		<string>Maximum Letter Spacing</string>
> 		<string>オフセット</string>
< 		<string>Maximum Letter Spacing</string>
> 		<string>オフセット</string>
< 		<string>Maximum Word Spacing</string>
> 		<string>オフセット</string>
< 		<string>Maximum Word Spacing</string>
> 		<string>オフセット</string>
< 		<string>Minimum Letter Spacing</string>
> 		<string>オフセット</string>
< 		<string>Minimum Letter Spacing</string>
> 		<string>オフセット</string>
< 		<string>Minimum Word Spacing</string>
> 		<string>ストーリー間で番号の付け直し</string>
< 		<string>Minimum Word Spacing</string>
> 		<string>タブ位置インデント</string>
> 		<string>デフォルトのタブ位置</string>
> 		<string>フレーム境界線</string>
< 		<string>{{199, 1}, {20, 18}}</string>
> 		<string>リストタイプ</string>
> 		<string>リストレベル</string>
< 		<string>SchemeButtonCell</string>
< 		<string>...</string>
> 		<string>先頭行インデント</string>
< 		<string>Offset</string>
> 		<string>先頭行インデント</string>
> 		<string>前にスペースを使用</string>
> 		<string>右インデント</string>
> 		<string>右インデント</string>
> 		<string>左インデント</string>
> 		<string>左インデント</string>
> 		<string>挿入するテキスト</string>
> 		<string>文字スタイル</string>
> 		<string>新規タブ位置を追加</string>
> 		<string>最大単語間隔</string>
> 		<string>最大単語間隔</string>
> 		<string>最大文字間隔</string>
> 		<string>最大文字間隔</string>
> 		<string>最小単語間隔</string>
> 		<string>最小単語間隔</string>
> 		<string>最小文字間隔</string>
> 		<string>最小文字間隔</string>
> 		<string>最終行アウトデント</string>
< 		<string>Paragraph Style</string>
> 		<string>最終行アウトデント</string>
< 		<string>Renumber Across Stories</string>
> 		<string>望ましい単語間隔</string>
< 		<string>Right Indent</string>
> 		<string>望ましい単語間隔</string>
< 		<string>Right Indent</string>
> 		<string>望ましい文字間隔</string>
< 		<string>Space After Paragraph</string>
> 		<string>望ましい文字間隔</string>
< 		<string>Space After Paragraph</string>
> 		<string>段落スタイル</string>
< 		<string>Space After Paragraph</string>
> 		<string>段落前の間隔</string>
< 		<string>Space Before Paragraph</string>
> 		<string>段落前の間隔</string>
< 		<string>Space Before Paragraph</string>
> 		<string>段落後の間隔</string>
< 		<string>Space Between Paragraphs</string>
> 		<string>段落後の間隔</string>
< 		<string>TabStop Indent</string>
> 		<string>段落後の間隔</string>
< 		<string>Text To Insert</string>
> 		<string>段落間の間隔</string>
< 		<string>Use Space Before</string>
> 		<string>行送り</string>
< 		<string>Column end zone:</string>
> 		<string>段の末尾ゾーン:</string>
< 		<string>Paragraph end zone:</string>
> 		<string>段落の末尾ゾーン:</string>
< 		<string>Capital zone:</string>
> 		<string>大文字ゾーン:</string>
< 		<string>Hyphenation zone:</string>
> 		<string>ハイフネーションゾーン:</string>
< 		<string>Max consecutive hyphens:</string>
> 		<string>連続するハイフンの最大数:</string>
< 		<string>Minimum suffix:</string>
> 		<string>最小サフィックス:</string>
< 		<string>Minimum prefix:</string>
> 		<string>最小プレフィックス:</string>
< 		<string>Minimum word length:</string>
> 		<string>単語の最小文字数:</string>
< 		<string>Minimum score:</string>
> 		<string>最小スコア:</string>
< 		<string>Use auto-hyphenation</string>
> 		<string>自動ハイフネーションを使用</string>
< 		<string>Hyphenation</string>
> 		<string>ハイフネーション</string>
> 		<string>位置</string>
< 		<string>Text Cell</string>
> 		<string>テキストセル</string>
> 		<string>テキストセル</string>
> 		<string>テキストセル</string>
> 		<string>テキストセル</string>
> 		<string>テキストセル</string>
< 		<string>Tab Stops</string>
> 		<string>タブ位置</string>
< 		<string>Auto</string>
> 		<string>自動</string>
< 		<string>Scale for descenders</string>
> 		<string>ディセンダーに応じてスケール</string>
< 		<string>Enabled</string>
> 		<string>有効</string>
< 		<string>Align left edge</string>
> 		<string>左端を揃える</string>
< 		<string>Characters:</string>
> 		<string>文字:</string>
< 		<string>Style:</string>
> 		<string>スタイル:</string>
< 		<string>Distance to text:</string>
> 		<string>テキストまでの距離:</string>
< 		<string>Height in lines:</string>
> 		<string>高さ(行数):</string>
> 		<string>ドロップキャップ</string>
< 		<string>Combine identical</string>
> 		<string>同一のものを結合</string>
< 		<string>Stroke:</string>
> 		<string>境界線:</string>
< 		<string>Transparency:</string>
> 		<string>透明度:</string>
< 		<string>Fill:</string>
> 		<string>塗りつぶし:</string>
< 		<string>Bottom:</string>
> 		<string>下:</string>
< 		<string>Right:</string>
> 		<string>右:</string>
< 		<string>Top:</string>
> 		<string>上:</string>
< 		<string>Left:</string>
> 		<string>左:</string>
< 		<string>Relative to</string>
> 		<string>基準</string>
< 		<string>Indent</string>
> 		<string>インデント</string>
> 		<string>スタイル:</string>
< 		<string>End characters:</string>
> 		<string>終了文字:</string>
< 		<string>Max word count:</string>
> 		<string>最大単語数:</string>
> 		<string>有効</string>
< 		<string>Align to Baseline Grid</string>
> 		<string>ベースライングリッドに揃える</string>
> 		<string>スタイル:</string>
< 		<string>Global</string>
> 		<string>グローバル</string>
< 		<string>Name:</string>
> 		<string>名前:</string>
< 		<string>Restart numbering now</string>
> 		<string>この位置から番号を振り直す</string>
< 		<string>Item 1</string>
> 		<string>アイテム1</string>
< 		<string>Item 2</string>
> 		<string>アイテム2</string>
< 		<string>Item 3</string>
> 		<string>アイテム3</string>
< 		<string>Restart numbering:</string>
> 		<string>番号の振り直し:</string>
< 		<string>Start numbering at:</string>
> 		<string>番号付けの開始番号:</string>
< 		<string>Tabstop:</string>
> 		<string>タブ位置:</string>
< 		<string>Text:</string>
> 		<string>テキスト:</string>
< 		<string>Level:</string>
> 		<string>レベル:</string>
< 		<string>Type:</string>
> 		<string>タイプ:</string>
< 		<string>lines</string>
> 		<string>行数</string>
< 		<string>Keep with next:</string>
> 		<string>改ページしない:</string>
< 		<string>Prevent widowed last lines</string>
> 		<string>最終行の前に改ページをしない</string>
< 		<string>Keep paragraph together</string>
> 		<string>段落を分割しない</string>
< 		<string>Prevent orphaned first lines</string>
> 		<string>先頭行の後に改ページをしない</string>
< 		<string>Keep with previous paragraph</string>
> 		<string>前の段落と分離しない</string>
< 		<string>Start:</string>
> 		<string>開始位置:</string>
< 		<string>Leading:</string>
> 		<string>行送り:</string>
< 		<string>Sum space before and after</string>
> 		<string>前後のスペースの合計</string>
< 		<string>Space between same styles:</string>
> 		<string>同じスタイル間の間隔:</string>
< 		<string>Use space before:</string>
> 		<string>前にスペースを使用:</string>
> 		<string>間隔</string>
< 		<string>Justification</string>
> 		<string>ジャスティフィケーション</string>
< 		<string>Initial Words</string>
> 		<string>頭文字語</string>
< 		<string>Decorations</string>
> 		<string>装飾</string>
< 		<string>Flow Options</string>
> 		<string>流し込みのオプション</string>
< 		<string>Bullets and Numbering</string>
> 		<string>箇条書きと自動番号</string>
< 		<string>Baseline Grid</string>
> 		<string>ベースライングリッド</string>
< 		<string>NSToolTipHelpKey</string>
< 		<string>Add New Tab Stop</string>
< 				<string>NSIBHelpConnector</string>
< 				<string>NSObject</string>
< 			<string>NSIBHelpConnector</string>
< 		<string>Character Style</string>
< 		<string>Default Tab Stops</string>
> 		<string>{{215, 1}, {20, 18}}</string>
< 		<string>Desired Letter Spacing</string>
< 		<string>Desired Letter Spacing</string>
> 		<string>SchemeButtonCell</string>
> 		<string>...</string>
> 		<string>NSToolTipHelpKey</string>
> 		<string>その他</string>
> 				<string>NSIBHelpConnector</string>
> 				<string>NSObject</string>
> 			<string>NSIBHelpConnector</string>
< 		<string>Desired Word Spacing</string>
> 		<string>オフセット</string>
< 		<string>Desired Word Spacing</string>
> 		<string>オフセット</string>
< 		<string>First Line Indent</string>
> 		<string>オフセット</string>
< 		<string>First Line Indent</string>
> 		<string>オフセット</string>
< 		<string>Frame Stroke</string>
> 		<string>オフセット</string>
< 		<string>Last Line Outdent</string>
> 		<string>オフセット</string>
< 		<string>Last Line Outdent</string>
> 		<string>オフセット</string>
< 		<string>Leading</string>
> 		<string>オフセット</string>
< 		<string>Left Indent</string>
> 		<string>オフセット</string>
< 		<string>Left Indent</string>
> 		<string>オフセット</string>
< 		<string>List Level</string>
> 		<string>オフセット</string>
< 		<string>List Type</string>
> 		<string>オフセット</string>
< 		<string>Maximum Letter Spacing</string>
> 		<string>オフセット</string>
< 		<string>Maximum Letter Spacing</string>
> 		<string>オフセット</string>
< 		<string>Maximum Word Spacing</string>
> 		<string>オフセット</string>
< 		<string>Maximum Word Spacing</string>
> 		<string>オフセット</string>
< 		<string>Minimum Letter Spacing</string>
> 		<string>オフセット</string>
< 		<string>Minimum Letter Spacing</string>
> 		<string>オフセット</string>
< 		<string>Minimum Word Spacing</string>
> 		<string>ストーリー間で番号の付け直し</string>
< 		<string>Minimum Word Spacing</string>
> 		<string>タブ位置インデント</string>
> 		<string>デフォルトのタブ位置</string>
> 		<string>フレーム境界線</string>
< 		<string>{{215, 1}, {20, 18}}</string>
> 		<string>リストタイプ</string>
> 		<string>リストレベル</string>
< 		<string>SchemeButtonCell</string>
< 		<string>...</string>
> 		<string>先頭行インデント</string>
< 		<string>Offset</string>
> 		<string>先頭行インデント</string>
> 		<string>前にスペースを使用</string>
> 		<string>右インデント</string>
> 		<string>右インデント</string>
> 		<string>左インデント</string>
> 		<string>左インデント</string>
> 		<string>挿入するテキスト</string>
> 		<string>文字スタイル</string>
> 		<string>新規タブ位置を追加</string>
> 		<string>最大単語間隔</string>
> 		<string>最大単語間隔</string>
> 		<string>最大文字間隔</string>
> 		<string>最大文字間隔</string>
> 		<string>最小単語間隔</string>
> 		<string>最小単語間隔</string>
> 		<string>最小文字間隔</string>
> 		<string>最小文字間隔</string>
> 		<string>最終行アウトデント</string>
< 		<string>Paragraph Style</string>
> 		<string>最終行アウトデント</string>
< 		<string>Renumber Across Stories</string>
> 		<string>望ましい単語間隔</string>
< 		<string>Right Indent</string>
> 		<string>望ましい単語間隔</string>
< 		<string>Right Indent</string>
> 		<string>望ましい文字間隔</string>
< 		<string>Space After Paragraph</string>
> 		<string>望ましい文字間隔</string>
< 		<string>Space After Paragraph</string>
> 		<string>段落スタイル</string>
< 		<string>Space After Paragraph</string>
> 		<string>段落前の間隔</string>
< 		<string>Space Before Paragraph</string>
> 		<string>段落前の間隔</string>
< 		<string>Space Before Paragraph</string>
> 		<string>段落後の間隔</string>
< 		<string>Space Between Paragraphs</string>
> 		<string>段落後の間隔</string>
< 		<string>TabStop Indent</string>
> 		<string>段落後の間隔</string>
< 		<string>Text To Insert</string>
> 		<string>段落間の間隔</string>
< 		<string>Use Space Before</string>
> 		<string>行送り</string>
