< 		<string>Edit in plane</string>
> 		<string>プレーンで編集</string>
< 		<string>Enable Planes</string>
> 		<string>プレーンを有効にする</string>
> 		<string>プレーンに合わせる</string>
< 		<string>Fit to plane</string>
> 		<string>プレーンで左右反転</string>
< 		<string>Flip horizontal in plane</string>
> 		<string>プレーンで上下反転</string>
< 		<string>Flip vertical in plane</string>
< 		<string>Modify Grid...</string>
> 		<string>グリッドを変更...</string>
< 		<string>Grid Settings...</string>
> 		<string>グリッド設定...</string>
> 		<string>前面</string>
< 		<string>Front</string>
> 		<string>辺</string>
< 		<string>Side</string>
< 		<string>Top</string>
> 		<string>上</string>
< 		<string>Rotate anticlockwise in plane</string>
> 		<string>プレーンで反時計回りに回転</string>
> 		<string>プレーンで時計回りに回転</string>
< 		<string>Rotate clockwise in plane</string>
< 		<string>Current plane</string>
> 		<string>現在のプレーン</string>
< 		<string>The active grid does not allow plane selection.</string>
> 		<string>アクティブグリッドでプレーンを選択できません。</string>
< 		<string>Plane editing options</string>
> 		<string>プレーン編集オプション</string>
> 		<string>等角投影パネルを使用するには、互換性のあるグリッドを設定する必要があります。現在のグリッドを変更するには、ボタンをクリックします。</string>
< 		<string>In order to use the Isometric panel, a compatible grid must be configured. Click the button to modify the current grid.</string>
< 		<string>Edit in plane</string>
> 		<string>プレーンで上下反転</string>
< 		<string>Fit to plane</string>
> 		<string>プレーンで反時計回りに回転</string>
< 		<string>Flip horizontal in plane</string>
> 		<string>プレーンで左右反転</string>
< 		<string>Flip vertical in plane</string>
> 		<string>プレーンで時計回りに回転</string>
< 		<string>Rotate anticlockwise in plane</string>
> 		<string>プレーンで編集</string>
< 		<string>Rotate clockwise in plane</string>
> 		<string>プレーンに合わせる</string>
