< > 		<string>平面内で編集</string>
< < 		<string>Enable Planes</string>
< > 		<string>平面を有効にする</string>
> > 		<string>평면에서 편집</string>
< > 		<string>平面に合わせる</string>
< < 		<string>Flip horizontal in plane</string>
< > 		<string>平面内で左右反転</string>
< < 		<string>Flip vertical in plane</string>
< > 		<string>平面内で上下反転</string>
< < 		<string>Modify Grid...</string>
< > 		<string>グリッドを変更...</string>
< < 		<string>Grid Settings...</string>
< > 		<string>グリッド設定...</string>
> > 		<string>평면에 맞춤</string>
< > 		<string>前面</string>
> > 		<string>앞쪽</string>
< > 		<string>辺</string>
> > 		<string>옆쪽</string>
< > 		<string>上</string>
< < 		<string>Rotate anticlockwise in plane</string>
< > 		<string>平面内で反時計回りに回転</string>
< < 		<string>Rotate clockwise in plane</string>
< > 		<string>平面内で時計回りに回転</string>
> > 		<string>위쪽</string>
< > 		<string>現在の平面</string>
< < 		<string>The active grid does not allow plane selection.</string>
< > 		<string>アクティブグリッドで平面を選択できません。</string>
> > 		<string>지금 평면</string>
> < 		<string>Title</string>
> > 		<string>타이틀</string>
< > 		<string>平面編集オプション</string>
< < 		<string>In order to use the Isometric panel, a compatible grid must be configured. Click the button to modify the current grid.</string>
< > 		<string>等角投影パネルを使用するには、互換性のあるグリッドを設定する必要があります。現在のグリッドを変更するには、ボタンをクリックします。</string>
> > 		<string>평면 편집 설정</string>
< > 		<string>平面に合わせる</string>
> > 		<string>평면에서 편집</string>
< > 		<string>平面内で上下反転</string>
< < 		<string>Flip horizontal in plane</string>
< > 		<string>平面内で反時計回りに回転</string>
< < 		<string>Flip vertical in plane</string>
< > 		<string>平面内で左右反転</string>
< < 		<string>Rotate anticlockwise in plane</string>
< > 		<string>平面内で時計回りに回転</string>
< < 		<string>Rotate clockwise in plane</string>
< > 		<string>平面内で編集</string>
> > 		<string>평면에 맞춤</string>
