< 		<string>Preferences</string>
> 		<string>環境設定</string>
> 		<string>ホーム</string>
< 		<string>Reopen document(s) on startup</string>
> 		<string>起動時に前回開いていたドキュメントを開く</string>
< 		<string>Automatically Hide Extension</string>
> 		<string>拡張子を自動的に非表示にする</string>
< 		<string>Import PSD text as text rather than bitmap</string>
> 		<string>忠実度よりも編集可能テキストを優先する(PSD、PDF、およびAI)</string>
< 		<string>Copy items as SVG</string>
> 		<string>項目をSVGとしてコピー</string>
< 		<string>Enable "Save" over imported PSD files.</string>
> 		<string>インポートしたPSDファイルで"保存"を有効にします。</string>
< 		<string>Warning: This option is only recommended for users who wish to use PSD as an interchange format with DAM applications. Incompatibility between the Affinity format and PSD may cause certain document features to get rasterised or lost.</string>
> 		<string>警告: このオプションは、PSDをDAMアプリケーションとの相互交換フォーマットとして使う場合にのみ推奨します。AffinityフォーマットとPSDには互換性がないため、特定のドキュメント機能がラスタライズされるか失われることがあります。</string>
< 		<string>Save thumbnails with documents.</string>
> 		<string>ドキュメントと一緒にサムネイルを保存してください。</string>
< 		<string>Insert filler text as text</string>
> 		<string>フィラーテキストをテキストとして挿入</string>
< 		<string>Automatically update linked resources when modified externally</string>
> 		<string>外部変更時にリンクされたリソースを自動的に更新</string>
< 		<string>Refine HEIC depth maps</string>
> 		<string>HEIC深度マップを調整</string>
< 		<string>Open Lens Profiles Folder in Finder</string>
> 		<string>レンズプロファイルのフォルダをFinderで開く</string>
< 		<string>Additional lens profiles will be loaded from the Lens Profiles folder on startup:</string>
> 		<string>起動時に追加のレンズプロファイルがレンズプロファイルのフォルダから読み込まれます:</string>
< 		<string>Languages</string>
> 		<string>言語</string>
< 		<string>* Language:</string>
> 		<string>* 言語:</string>
< 		<string>* Requires restart</string>
> 		<string>* 再起動が必要</string>
> 		<string>一般</string>
< 		<string>OtherViews</string>
> 		<string>他の表示</string>
< 		<string>RGB Colour Profile:</string>
> 		<string>RGBカラープロファイル:</string>
> 		<string>他の表示</string>
< 		<string>CMYK Colour Profile:</string>
> 		<string>CMYKカラープロファイル:</string>
> 		<string>他の表示</string>
< 		<string>Greyscale Colour Profile:</string>
> 		<string>グレースケールカラープロファイル:</string>
> 		<string>他の表示</string>
> 		<string>他の表示</string>
< 		<string>Perceptual</string>
> 		<string>知覚</string>
< 		<string>Relative Colourimetric</string>
> 		<string>相対的な色彩を保持</string>
< 		<string>Saturation</string>
> 		<string>彩度</string>
< 		<string>Absolute Colourimetric</string>
> 		<string>絶対的な色彩を保持</string>
< 		<string>LAB Colour Profile:</string>
> 		<string>LABカラープロファイル:</string>
< 		<string>Rendering Intent:</string>
> 		<string>レンダリングインテント:</string>
< 		<string>Black point compensation</string>
> 		<string>黒点補正</string>
< 		<string>Convert opened files to working space</string>
> 		<string>開いているファイルを作業スペースに変換する</string>
< 		<string>and warn</string>
> 		<string>警告</string>
< 		<string>Warn when assigning working profile to unprofiled files</string>
> 		<string>作業プロファイルを未プロファイルファイルに割り当てる際に警告する</string>
< 		<string>OpenColorIO Configuration File:</string>
> 		<string>OpenColorIO設定ファイル:</string>
< 		<string>No configuration selected.</string>
> 		<string>設定が選択されていません。</string>
< 		<string>Select...</string>
> 		<string>選択...</string>
< 		<string>OpenColorIO Search Folder:</string>
> 		<string>OpenColorIO検索フォルダ:</string>
< 		<string>No search folder selected.</string>
> 		<string>検索フォルダが選択されていません。</string>
> 		<string>選択...</string>
< 		<string>Perform OCIO conversions based on file name</string>
> 		<string>ファイル名に基づいてOCIO変換を実行</string>
< 		<string>and warn when converting on load</string>
> 		<string>読み込み時に変換を実行する場合に警告</string>
> 		<string>他の表示</string>
< 		<string>32bit RGB Colour Profile:</string>
> 		<string>32ビットRGBカラープロファイル:</string>
< 		<string>Associate OpenEXR alpha channels</string>
> 		<string>OpenEXRアルファチャンネルの関連付け</string>
< 		<string>Post divide EXR colours by alpha</string>
> 		<string>アルファでEXRカラーを分割後</string>
< 		<string>Perturb zero EXR alpha</string>
> 		<string>ゼロEXRアルファを撹乱</string>
< 		<string>Enable EDR by default in 32bit RGB views</string>
> 		<string>EDRをデフォルトで32ビットRGB表示で有効にする</string>
< 		<string>Colour</string>
> 		<string>カラー</string>
< 		<string>RAM Usage Limit:</string>
> 		<string>RAM使用量上限:</string>
< 		<string>Disk Usage Warning At:</string>
> 		<string>ディスク使用量警告レベル:</string>
< 		<string>Undo Limit:</string>
> 		<string>取り消し回数上限:</string>
> 		<string>他の表示</string>
< 		<string>Bilinear (Best Quality)</string>
> 		<string>バイリニア(品質優先)</string>
< 		<string>Nearest Neighbour (Fastest)</string>
> 		<string>最近傍(速度優先)</string>
> 		<string>他の表示</string>
< 		<string>Automatic (Best)</string>
> 		<string>自動(最適)</string>
< 		<string>Low quality (Fastest)</string>
> 		<string>低質(最高速)</string>
< 		<string>High quality (Slowest)</string>
> 		<string>高質(最低速)</string>
< 		<string>Dither gradients</string>
> 		<string>グラデーションをディザリングする</string>
< 		<string>Use precise clipping</string>
> 		<string>正確なクリッピングを使用</string>
< 		<string>File Recovery Interval:</string>
> 		<string>自動保存間隔:</string>
< 		<string>seconds</string>
> 		<string>秒</string>
< 		<string>Use only integrated GPU (requires restart)</string>
> 		<string>統合GPUのみを使用(再起動が必要)</string>
< 		<string>View Quality:</string>
> 		<string>品質の表示:</string>
< 		<string>Display:</string>
> 		<string>ディスプレイ:</string>
< 		<string>(requires restart)</string>
> 		<string>(再起動が必要)</string>
< 		<string>Retina Rendering:</string>
> 		<string>Retinaレンダリング:</string>
< 		<string>Software</string>
> 		<string>ソフトウェア</string>
> 		<string>他の表示</string>
< 		<string>OpenGL (Basic)</string>
> 		<string>OpenGL(基本)</string>
< 		<string>Metal</string>
> 		<string>メタル</string>
< 		<string>Hardware Acceleration:</string>
> 		<string>ハードウェアアクセラレーション:</string>
< 		<string>Enable Metal compute acceleration</string>
> 		<string>Metalアクセラレーションの計算を有効化</string>
< 		<string>(No compatible GPU)</string>
> 		<string>(互換GPUなし)</string>
> 		<string>パフォーマンス</string>
< 		<string>Pixels:</string>
> 		<string>ピクセル:</string>
< 		<string>Points:</string>
> 		<string>ポイント:</string>
< 		<string>Picas:</string>
> 		<string>パイカ:</string>
< 		<string>Inches:</string>
> 		<string>インチ:</string>
< 		<string>Feet:</string>
> 		<string>フィート:</string>
< 		<string>Yards:</string>
> 		<string>ヤード:</string>
< 		<string>Millimetres:</string>
> 		<string>ミリメートル:</string>
< 		<string>Centimetres:</string>
> 		<string>センチメートル:</string>
< 		<string>Metres:</string>
> 		<string>メーター:</string>
< 		<string>Reset</string>
> 		<string>リセット</string>
< 		<string>Degrees:</string>
> 		<string>度:</string>
< 		<string>Box</string>
> 		<string>四角形</string>
< 		<string>Decimal Places for Unit Types:</string>
> 		<string>ユニットタイプの小数位:</string>
< 		<string>Font UI Size:</string>
> 		<string>フォントUIサイズ:</string>
< 		<string>Background Grey Level:</string>
> 		<string>背景グレーレベル:</string>
< 		<string>Artboard Background Grey Level:</string>
> 		<string>アートボード背景グレーレベル:</string>
< 		<string>UI Gamma:</string>
> 		<string>UIガンマ:</string>
< 		<string>Tooltip Delay:</string>
> 		<string>ツールチップを表示するまでの時間:</string>
< 		<string>UI Style:</string>
> 		<string>UIスタイル:</string>
< 		<string>(Requires Restart)</string>
> 		<string>(再起動が必要)</string>
< 		<string>Auto commit filters</string>
> 		<string>フィルターを自動コミット</string>
< 		<string>Auto-scroll to show selection in Layers panel</string>
> 		<string>レイヤーパネルで自動スクロールによって選択範囲を表示</string>
< 		<string>Show brush previews</string>
> 		<string>ブラシプレビューの表示</string>
< 		<string>Monochromatic Iconography</string>
> 		<string>モノクロ図像</string>
< 		<string>Automatically lock background layer on import</string>
> 		<string>インポート時に背景レイヤーを自動的にロックする</string>
< 		<string>Show Lines in points</string>
> 		<string>ラインをポイント単位で表示</string>
< 		<string>Always show brush crosshair</string>
> 		<string>ブラシ十字線を常に表示</string>
< 		<string>Show Text in points</string>
> 		<string>テキストをポイント単位で表示</string>
< 		<string>Enable touch bar support (Requires Restart)</string>
> 		<string>Touch barのサポートを有効にする(再起動が必要)</string>
> 		<string>ボックス</string>
< 		<string>User Interface</string>
> 		<string>ユーザーインターフェース</string>
< 		<string>Tool Handle Size:</string>
> 		<string>ツールUIサイズ:</string>
< 		<string>⌃+Click show context menu</string>
> 		<string>⌃+クリックでコンテキストメニューを表示</string>
< 		<string>Force Touch context menu</string>
> 		<string>コンテキストメニューのタッチを強制</string>
< 		<string>Automatic (based on selection)</string>
> 		<string>自動(選択項目で判断)</string>
< 		<string>Constrain by default</string>
> 		<string>デフォルトで制約</string>
< 		<string>Do not constrain by default</string>
> 		<string>デフォルトで制約しない</string>
< 		<string>Select object when intersects with selection marquee</string>
> 		<string>選択マーキーと交差するオブジェクトを選択する</string>
< 		<string>Move Tool Aspect Constrain:</string>
> 		<string>移動ツールの縦横比制約:</string>
< 		<string>Create Text with Blend Gamma:</string>
> 		<string>テキスト作成時のブレンドガンマ:</string>
< 		<string>Use mouse wheel to zoom </string>
> 		<string>ズームにマウスホイールを使用 </string>
< 		<string>Use 'scrubby' zoom</string>
> 		<string>'スクラブ'ズームを使用</string>
< 		<string>Nudge Distance:</string>
> 		<string>微調整の距離:</string>
< 		<string>Modifier Nudge Distance:</string>
> 		<string>モディファイア微調整距離:</string>
> 		<string>他の表示</string>
< 		<string>Enable canvas rotation with trackpad</string>
> 		<string>Trackpadでキャンバス回転を有効にする</string>
< 		<string>Synchronise tools between documents</string>
> 		<string>ドキュメント間でツールを同期</string>
< 		<string>Use ⇧ modifier to cycle tools</string>
> 		<string>⇧ モディファイアを使用してツールを切り替え</string>
> 		<string>ツール</string>
> 		<string>項目</string>
< 		<string>Text Cell</string>
> 		<string>テキストセル</string>
> 		<string>キー</string>
> 		<string>テキストセル</string>
< 		<string>Load</string>
> 		<string>読み込み</string>
< 		<string>Save</string>
> 		<string>保存</string>
< 		<string>Ignore Modifier</string>
> 		<string>モディファイアを無視</string>
< 		<string>Apply to all</string>
> 		<string>すべてのペルソナに適用</string>
< 		<string>Clear All Shortcuts</string>
> 		<string>すべてのショートカットをクリア</string>
< 		<string>Duplicate Check</string>
> 		<string>重複チェック</string>
> 		<string>リセット</string>
< 		<string>Modifiers are not permitted.</string>
> 		<string>モディファイアは許容されません。</string>
< 		<string>Keyboard Shortcuts</string>
> 		<string>キーボードショートカット</string>
< 		<string>Plugin Search Folders</string>
> 		<string>プラグイン検索フォルダ</string>
< 		<string>Detected Plugins</string>
> 		<string>検出済みプラグイン</string>
> 		<string>Text Cell</string>
< 		<string>Add</string>
> 		<string>追加</string>
< 		<string>Open Default Folder in Finder</string>
> 		<string>デフォルトフォルダをFinderで開く</string>
< 		<string>Remove</string>
> 		<string>削除</string>
< 		<string>Plugin</string>
> 		<string>プラグイン</string>
> 		<string>テキストセル</string>
< 		<string>Status</string>
> 		<string>ステータス</string>
> 		<string>テキストセル</string>
> 		<string>追加</string>
> 		<string>削除</string>
< 		<string>NB: Changes made to these settings will take effect when you restart Affinity.</string>
> 		<string>NB: これらの設定に加えた変更は、Affinityの再起動時に有効になります。</string>
< 		<string>Plugin Support Folders</string>
> 		<string>プラグインサポートフォルダ</string>
< 		<string>Plugins will be automatically detected in the default folder:</string>
> 		<string>プラグインを次のデフォルトフォルダで自動検出します:</string>
< 		<string>Authorise Global</string>
> 		<string>グローバルを承認</string>
< 		<string>Allow "Unknown" plugins to be used</string>
> 		<string>"不明な"プラグインの使用を許可</string>
< 		<string>Photoshop Plugins</string>
> 		<string>Photoshopプラグイン</string>
< 		<string>Replace</string>
> 		<string>置換</string>
> 		<string>テキストセル</string>
> 		<string>言語</string>
> 		<string>削除</string>
> 		<string>テキストセル</string>
> 		<string>テキストセル</string>
> 		<string>追加</string>
< 		<string>With</string>
> 		<string>次で置換</string>
< 		<string>Replace text while typing</string>
> 		<string>入力中にテキストを置換</string>
< 		<string>Auto-Correct</string>
> 		<string>自動補正</string>
> 		<string>言語</string>
> 		<string>テキストセル</string>
> 		<string>追加</string>
> 		<string>削除</string>
< 		<string>Abbreviations</string>
> 		<string>省略形</string>
> 		<string>言語</string>
< 		<string>Revert to Default</string>
> 		<string>デフォルト設定に戻す</string>
< 		<string>Save as Default</string>
> 		<string>デフォルトとして保存</string>
< 		<string>Factory Reset</string>
> 		<string>出荷時の設定にリセット</string>
< 		<string>Filler Text</string>
> 		<string>フィラーテキスト</string>
> 		<string>言語</string>
> 		<string>テキストセル</string>
> 		<string>削除</string>
> 		<string>追加</string>
< 		<string>Title Exceptions</string>
> 		<string>タイトル例外</string>
< 		<string>Check for updates:</string>
> 		<string>アップデートの有無をチェック:</string>
< 		<string>Daily</string>
> 		<string>毎日</string>
> 		<string>OtherViews</string>
< 		<string>Weekly</string>
> 		<string>毎週</string>
< 		<string>Monthly</string>
> 		<string>毎月</string>
< 		<string>Never</string>
> 		<string>チェックしない</string>
< 		<string>Software Update</string>
> 		<string>ソフトウェアアップデート</string>
< 		<string>Reset Default User Defaults</string>
> 		<string>ユーザーデフォルト設定のリセット</string>
< 		<string>Reset Object Styles</string>
> 		<string>オブジェクトスタイルのリセット</string>
< 		<string>Reset Default Text Styles</string>
> 		<string>テキストスタイルをリセット</string>
< 		<string>Reset Brushes</string>
> 		<string>ブラシのリセット</string>
< 		<string>Reset Fills</string>
> 		<string>塗りつぶしのリセット</string>
< 		<string>Reset Fonts</string>
> 		<string>フォントのリセット</string>
< 		<string>Miscellaneous</string>
> 		<string>その他</string>
< 		<string>Close</string>
> 		<string>閉じる</string>
< 		<string>Table View Cell</string>
> 		<string>テーブルビューセル</string>
> 		<string>テーブルビューセル</string>
> 		<string>テーブルビューセル</string>
