< 		<string>Edit Table Format</string>
> 		<string>表フォーマットの編集</string>
< 		<string>Name:</string>
> 		<string>名前:</string>
< 		<string>Cell Formats</string>
> 		<string>セルフォーマット</string>
< 		<string>Cancel</string>
> 		<string>キャンセル</string>
< 		<string>Text Cell</string>
> 		<string>テキストセル</string>
< 		<string>Apply style to selection</string>
> 		<string>スタイルを選択範囲に適用</string>
> 		<string>名前:</string>
< 		<string>Fill:</string>
> 		<string>塗りつぶし:</string>
< 		<string>Button</string>
> 		<string>ボタン</string>
< 		<string>Border:</string>
> 		<string>枠線:</string>
> 		<string>ボタン</string>
< 		<string>Reset</string>
> 		<string>リセット</string>
< 		<string>Left:</string>
> 		<string>左:</string>
< 		<string>Top:</string>
> 		<string>上:</string>
< 		<string>Right:</string>
> 		<string>右:</string>
< 		<string>Bottom:</string>
> 		<string>下:</string>
< 		<string>Initial advance:</string>
> 		<string>最大段落間隔：</string>
< 		<string>Alignment:</string>
> 		<string>整列：</string>
< 		<string>Minimum:</string>
> 		<string>最小：</string>
< 		<string>Style:</string>
> 		<string>スタイル:</string>
< 		<string>Item 1</string>
> 		<string>アイテム1</string>
< 		<string>Item 2</string>
> 		<string>アイテム2</string>
< 		<string>Item 3</string>
> 		<string>アイテム3</string>
> 		<string>ボタン</string>
< 		<string>Stroke:</string>
> 		<string>境界線:</string>
> 		<string>ボタン</string>
> 		<string>塗りつぶし:</string>
< 		<string>Insets</string>
> 		<string>余白</string>
> 		<string>上:</string>
> 		<string>右:</string>
> 		<string>下:</string>
> 		<string>左:</string>
< 		<string>Text</string>
> 		<string>テキスト</string>
< 		<string>Name</string>
> 		<string>名前</string>
< 		<string>Frame</string>
> 		<string>外枠</string>
> 		<string>余白</string>
< 		<string>Vertical Position</string>
> 		<string>垂直位置</string>
< 		<string>Stroke and Fill</string>
> 		<string>境界線と塗りつぶし</string>
< 		<string>{{0, -43}, {124, 60}}</string>
> 		<string>{{0, -43}, {144, 60}}</string>
< 		<string>Table View Cell</string>
< 		<string>{{11, 1}, {124, 17}}</string>
> 		<string>表ビューセル</string>
> 		<string>{{1, 1}, {144, 17}}</string>
< 		<string>Add Column</string>
> 		<string>すべて</string>
< 		<string>Add Row</string>
> 		<string>すべて垂直方向</string>
< 		<string>All</string>
> 		<string>すべて水平方向</string>
< 		<string>All horizontal</string>
> 		<string>テキスト上の余白</string>
< 		<string>All vertical</string>
> 		<string>テキスト上の余白</string>
< 		<string>Bottom</string>
> 		<string>テキスト下の余白</string>
< 		<string>Bottom Text Inset</string>
> 		<string>テキスト下の余白</string>
< 		<string>Bottom Text Inset</string>
> 		<string>テキスト右の余白</string>
< 		<string>Delete Column</string>
> 		<string>テキスト右の余白</string>
< 		<string>Delete Row</string>
> 		<string>テキスト左の余白</string>
< 		<string>Frame Fill</string>
> 		<string>テキスト左の余白</string>
< 		<string>Frame Fill</string>
> 		<string>フレームの塗りつぶし</string>
< 		<string>Frame Stroke</string>
> 		<string>フレームの塗りつぶし</string>
< 		<string>Frame Stroke</string>
> 		<string>フレーム境界線</string>
< 		<string>Frame Stroke Fill</string>
> 		<string>フレーム境界線</string>
< 		<string>Frame Stroke Fill</string>
> 		<string>フレーム境界線の塗りつぶし</string>
< 		<string>Initial Advance</string>
> 		<string>フレーム境界線の塗りつぶし</string>
< 		<string>Inside</string>
> 		<string>上</string>
< 		<string>Inside horizontal</string>
> 		<string>下</string>
< 		<string>Inside vertical</string>
> 		<string>余白をリンク</string>
< 		<string>Left</string>
> 		<string>余白をリンク</string>
< 		<string>Left Text Inset</string>
> 		<string>余白をリンク</string>
< 		<string>Left Text Inset</string>
> 		<string>内側</string>
< 		<string>Link Insets</string>
> 		<string>内側垂直方向</string>
< 		<string>Link Insets</string>
> 		<string>内側水平方向</string>
< 		<string>Link Insets</string>
> 		<string>列を削除</string>
< 		<string>Max Paragraph Space</string>
> 		<string>列を追加</string>
< 		<string>Outside</string>
> 		<string>右</string>
< 		<string>Outside horizontal</string>
> 		<string>外側</string>
< 		<string>Outside vertical</string>
> 		<string>外側垂直方向</string>
< 		<string>Right</string>
> 		<string>外側水平方向</string>
< 		<string>Right Text Inset</string>
> 		<string>左</string>
< 		<string>Right Text Inset</string>
> 		<string>最大段落間隔</string>
< 		<string>Top</string>
> 		<string>最大段落間隔</string>
< 		<string>Top Text Inset</string>
> 		<string>行を削除</string>
< 		<string>Top Text Inset</string>
> 		<string>行を追加</string>
< 		<string>Edit Table Format</string>
> 		<string>表フォーマットの編集</string>
