< 		<string>Telemetry</string>
> 		<string>テレメトリー</string>
< 		<string>Assembly</string>
< 		<string>.AppleSystemUIFont</string>
< 				<string>NSFont</string>
< 				<string>NSObject</string>
< 			<string>NSFont</string>
> 		<string>アセンブリ</string>
< 		<string>Text Cell</string>
> 		<string>テキストセル</string>
> 		<string>.AppleSystemUIFont</string>
> 				<string>NSFont</string>
> 				<string>NSObject</string>
> 			<string>NSFont</string>
> 		<string>テキストセル</string>
< 		<string>Worst</string>
> 		<string>ワースト</string>
> 		<string>テキストセル</string>
< 		<string>Best</string>
> 		<string>最適</string>
> 		<string>テキストセル</string>
< 		<string>Avg</string>
> 		<string>平均</string>
> 		<string>テキストセル</string>
< 		<string>Enable telemetry</string>
> 		<string>テレメトリーを有効にする</string>
< 		<string>Reset</string>
> 		<string>リセット</string>
< 		<string>Copy Kernel</string>
> 		<string>カーネルをコピー</string>
< 		<string>Enable labelling</string>
> 		<string>ラベリングを有効にする</string>
