< < 		<string>Remind me later</string>
< > 		<string>後で通知する</string>
< < 		<string>Manage account</string>
< > 		<string>アカウントを管理</string>
< < 		<string>Always install available content</string>
< > 		<string>利用可能なコンテンツは常にインストール</string>
< < 		<string>No size limit set</string>
< > 		<string>サイズ制限が設定されていません</string>
< < 		<string>Up to 1 MB</string>
< > 		<string>最大1MB</string>
< < 		<string>Up to 2 MB</string>
< > 		<string>最大2MB</string>
< < 		<string>Up to 5 MB</string>
< > 		<string>最大5MB</string>
< < 		<string>Up to 10 MB</string>
< > 		<string>最大10MB</string>
< < 		<string>Up to 25 MB</string>
< > 		<string>最大25MB</string>
< < 		<string>Up to 50 MB</string>
< > 		<string>最大50MB</string>
< < 		<string>Up to 100 MB</string>
< > 		<string>最大100MB</string>
< < 		<string>Cancel downloads</string>
< > 		<string>ダウンロードをキャンセル</string>
< < 		<string>Remind me later</string>
< > 		<string>後で通知する</string>
< < 		<string>Complete sign-in</string>
< > 		<string>サインインを完了</string>
< < 		<string>Completing sign-in…</string>
< > 		<string>サインインを完了しています...</string>
< < 		<string>Download all</string>
< > 		<string>すべてダウンロード</string>
< < 		<string>We're sorry</string>
< > 		<string>申し訳ございません</string>
< < 		<string>Something went wrong during registration or sign-in</string>
< > 		<string>登録またはサインイン中に問題が発生しました</string>
< < 		<string>All done?</string>
< > 		<string>終わりましたか?</string>
< < 		<string>Having trouble?</string>
< > 		<string>お困りですか?</string>
< < 		<string>Try again</string>
< > 		<string>やり直してください</string>
< < 		<string>Remind me later</string>
< > 		<string>後で通知する</string>
< < 		<string>Sign into your Affinity account</string>
< > 		<string>Affinityアカウントにサインイン</string>
< < 		<string>Register your app with us by signing into your Affinity account</string>
< > 		<string>Affinityアカウントにサインインすることによりアプリを登録します</string>
< < 		<string>Please wait a moment…</string>
< > 		<string>少々お待ちください...</string>
< < 		<string>Already registered? Sign in now!</string>
< > 		<string>登録済みですか? 今すぐサインインしてください!</string>
< < 		<string>Register your</string>
< > 		<string>次を登録してください。</string>
< < 		<string>Register now</string>
< > 		<string>今すぐ登録</string>
< < 		<string>Remind me later</string>
< > 		<string>後で通知する</string>
< < 		<string>Don't show me again</string>
< > 		<string>二度と見せないで</string>
< < 		<string>Please make sure your device is connected to the internet.</string>
< > 		<string>お使いのデバイスがインターネットに接続されていることを確認してください。</string>
< < 		<string>List incompatible packs</string>
< > 		<string>互換性のないパックをリスト</string>
< < 		<string>Sign out</string>
< > 		<string>サインアウト</string>
> < 		<string>Text Cell</string>
> > 		<string>텍스트 셀</string>
> < 		<string>Title</string>
> > 		<string>타이틀</string>
< > 		<string>閉じる</string>
< < 		<string>You do not need to remain online or signed in to use this content.</string>
< > 		<string>オンラインやサインインをしていないくても、このコンテンツを使用できます。</string>
< < 		<string>My purchases</string>
< > 		<string>マイ購入</string>
< < 		<string>Browse the Store</string>
< > 		<string>ストアを参照</string>
< < 		<string>My account</string>
< > 		<string>マイアカウント</string>
< < 		<string>Account status</string>
< > 		<string>アカウントステータス</string>
< < 		<string>Go to My Account</string>
< > 		<string>マイアカウントに移動</string>
< < 		<string>Click the button to launch your web browser. Come back here when you're done!</string>
< > 		<string>ボタンをクリックしてウェブブラウザを起動します。終わったらここに戻ります。</string>
< < 		<string>Open sign-in page</string>
< > 		<string>サインインページを開く</string>
< < 		<string>Register your app with us by signing into your Affinity account</string>
< > 		<string>Affinityアカウントにサインインすることによりアプリを登録します</string>
< < 		<string>Sign into your Affinity account</string>
< > 		<string>Affinityアカウントにサインイン</string>
< > 		<string>やり直してください</string>
< < 		<string>You'll need to be online to do this.
< > 		<string>これを行うにはオンライン状態が必要です。
< < 		<string>Remind me later</string>
< > 		<string>後で通知する</string>
< > 		<string>やり直してください</string>
< < 		<string>Register your app with us by signing into your Affinity account</string>
< > 		<string>Affinityアカウントにサインインすることによりアプリを登録します</string>
< < 		<string>Sign into your Affinity account</string>
< > 		<string>Affinityアカウントにサインイン</string>
< < 		<string>Re-sync library</string>
< > 		<string>ライブラリを再同期</string>
< < 		<string>Uninstall all</string>
< > 		<string>すべてアンインストール</string>
< < 		<string>Remind me later</string>
< > 		<string>後で通知する</string>
< < 		<string>Manage account</string>
< > 		<string>アカウントを管理</string>
< < 		<string>Always install available content</string>
< > 		<string>利用可能なコンテンツは常にインストール</string>
< < 		<string>No size limit set</string>
< > 		<string>サイズ制限が設定されていません</string>
< < 		<string>Up to 1 MB</string>
< > 		<string>最大1MB</string>
< < 		<string>Up to 2 MB</string>
< > 		<string>最大2MB</string>
< < 		<string>Up to 5 MB</string>
< > 		<string>最大5MB</string>
< < 		<string>Up to 10 MB</string>
< > 		<string>最大10MB</string>
< < 		<string>Up to 25 MB</string>
< > 		<string>最大25MB</string>
< < 		<string>Up to 50 MB</string>
< > 		<string>最大50MB</string>
< < 		<string>Up to 100 MB</string>
< > 		<string>最大100MB</string>
< < 		<string>Cancel downloads</string>
< > 		<string>ダウンロードをキャンセル</string>
< < 		<string>Remind me later</string>
< > 		<string>後で通知する</string>
< < 		<string>Complete sign-in</string>
< > 		<string>サインインを完了</string>
< < 		<string>Completing sign-in…</string>
< > 		<string>サインインを完了しています...</string>
< < 		<string>Download all</string>
< > 		<string>すべてダウンロード</string>
< < 		<string>We're sorry</string>
< > 		<string>申し訳ございません</string>
< < 		<string>Something went wrong during registration or sign-in</string>
< > 		<string>登録またはサインイン中に問題が発生しました</string>
< < 		<string>All done?</string>
< > 		<string>終わりましたか?</string>
< < 		<string>Having trouble?</string>
< > 		<string>お困りですか?</string>
< < 		<string>Try again</string>
< > 		<string>やり直してください</string>
< < 		<string>Remind me later</string>
< > 		<string>後で通知する</string>
< < 		<string>Sign into your Affinity account</string>
< > 		<string>Affinityアカウントにサインイン</string>
< < 		<string>Register your app with us by signing into your Affinity account</string>
< > 		<string>Affinityアカウントにサインインすることによりアプリを登録します</string>
< < 		<string>Please wait a moment…</string>
< > 		<string>少々お待ちください...</string>
< < 		<string>Already registered? Sign in now!</string>
< > 		<string>登録済みですか? 今すぐサインインしてください!</string>
< < 		<string>Register your</string>
< > 		<string>次を登録してください。</string>
< < 		<string>Register now</string>
< > 		<string>今すぐ登録</string>
< < 		<string>Remind me later</string>
< > 		<string>後で通知する</string>
< < 		<string>Don't show me again</string>
< > 		<string>二度と見せないで</string>
< < 		<string>Please make sure your device is connected to the internet.</string>
< > 		<string>お使いのデバイスがインターネットに接続されていることを確認してください。</string>
< < 		<string>List incompatible packs</string>
< > 		<string>互換性のないパックをリスト</string>
< < 		<string>Sign out</string>
< > 		<string>サインアウト</string>
< < 		<string>Close</string>
< > 		<string>閉じる</string>
< < 		<string>You do not need to remain online or signed in to use this content.</string>
< > 		<string>オンラインやサインインをしていないくても、このコンテンツを使用できます。</string>
< < 		<string>My purchases</string>
< > 		<string>マイ購入</string>
< < 		<string>Browse the Store</string>
< > 		<string>ストアを参照</string>
< < 		<string>My account</string>
< > 		<string>マイアカウント</string>
< < 		<string>Account status</string>
< > 		<string>アカウントステータス</string>
< < 		<string>Go to My Account</string>
< > 		<string>マイアカウントに移動</string>
< < 		<string>Click the button to launch your web browser. Come back here when you're done!</string>
< > 		<string>ボタンをクリックしてウェブブラウザを起動します。終わったらここに戻ります。</string>
< < 		<string>Open sign-in page</string>
< > 		<string>サインインページを開く</string>
< < 		<string>Register your app with us by signing into your Affinity account</string>
< > 		<string>Affinityアカウントにサインインすることによりアプリを登録します</string>
< < 		<string>Sign into your Affinity account</string>
< > 		<string>Affinityアカウントにサインイン</string>
< > 		<string>やり直してください</string>
< < 		<string>You'll need to be online to do this.
< > 		<string>これを行うにはオンライン状態が必要です。
< < 		<string>Remind me later</string>
< > 		<string>後で通知する</string>
< > 		<string>やり直してください</string>
< < 		<string>Register your app with us by signing into your Affinity account</string>
< > 		<string>Affinityアカウントにサインインすることによりアプリを登録します</string>
< < 		<string>Sign into your Affinity account</string>
< > 		<string>Affinityアカウントにサインイン</string>
< < 		<string>Re-sync library</string>
< > 		<string>ライブラリを再同期</string>
< < 		<string>Uninstall all</string>
< > 		<string>すべてアンインストール</string>
> > 		<string>닫기</string>
