< > 		<string>ペースト</string>
> > 		<string>붙이기</string>
< > 		<string>スライスを作成</string>
> > 		<string>슬라이스 생성</string>
< > 		<string>レイヤーページで検索</string>
> > 		<string>레이어 페이지에서 찾기</string>
< > 		<string>カット</string>
> > 		<string>오려두기</string>
< > 		<string>コピー</string>
< > 		<string>ペースト</string>
> > 		<string>복사</string>
< > 		<string>グループ化</string>
> > 		<string>그룹</string>
< > 		<string>グループ解除</string>
> > 		<string>그룹 해제</string>
< > 		<string>すべてグループ解除</string>
> > 		<string>모든 그룹 해제</string>
< > 		<string>左に回転</string>
> > 		<string>왼쪽으로 회전</string>
< > 		<string>右に回転</string>
> > 		<string>오른쪽으로 회전</string>
< > 		<string>回転をリセット</string>
> > 		<string>회전 재설정</string>
< > 		<string>配置</string>
< > 		<string>配置</string>
> > 		<string>순서</string>
< > 		<string>最前面に移動</string>
> > 		<string>맨 앞으로 가져오기</string>
< > 		<string>前面へ</string>
> > 		<string>앞으로 가져오기</string>
< > 		<string>背面へ</string>
> > 		<string>뒤로 보내기</string>
< > 		<string>最背面に移動</string>
> > 		<string>맨 뒤로 보내기</string>
< > 		<string>整列</string>
< > 		<string>整列</string>
> > 		<string>정렬</string>
< > 		<string>左揃え</string>
> > 		<string>왼쪽 정렬</string>
< > 		<string>中央揃え</string>
> > 		<string>가로 가운데 정렬</string>
< > 		<string>右揃え</string>
> > 		<string>오른쪽 정렬</string>
< > 		<string>上揃え</string>
> > 		<string>위쪽 정렬</string>
< > 		<string>上下中央揃え</string>
> > 		<string>세로 가운데 정렬</string>
< > 		<string>下揃え</string>
> > 		<string>아래쪽 정렬</string>
< > 		<string>ジオメトリ</string>
< > 		<string>ジオメトリ</string>
> > 		<string>기하</string>
< > 		<string>追加</string>
> > 		<string>추가</string>
< > 		<string>減算</string>
> > 		<string>제거</string>
< > 		<string>交差</string>
> > 		<string>교차</string>
< > 		<string>除算</string>
> > 		<string>분할</string>
< > 		<string>合成</string>
> > 		<string>배타</string>
< > 		<string>変換</string>
< > 		<string>変換</string>
> > 		<string>변형</string>
< > 		<string>左に回転</string>
> > 		<string>왼쪽으로 회전</string>
< > 		<string>右に回転</string>
> > 		<string>오른쪽으로 회전</string>
< > 		<string>左右反転</string>
> > 		<string>가로 뒤집기</string>
< > 		<string>上下反転</string>
> > 		<string>세로 뒤집기</string>
< > 		<string>レイヤーエフェクト…</string>
> > 		<string>레이어 효과…</string>
< > 		<string>カーブに変換</string>
> > 		<string>곡선으로 전환</string>
< > 		<string>ラスタライズ…</string>
> > 		<string>래스터화…</string>
< > 		<string>スタイルを作成</string>
> > 		<string>스타일 생성</string>
< > 		<string>見本に追加…</string>
> > 		<string>견본에 추가…</string>
< > 		<string>見本に追加…</string>
> > 		<string>견본에 추가…</string>
< > 		<string>塗りつぶしから</string>
> > 		<string>칠에서</string>
< > 		<string>線から</string>
> > 		<string>선에서</string>
< > 		<string>両方から</string>
> > 		<string>모두</string>
< > 		<string>グローバルとして塗りつぶしから</string>
> > 		<string>칠에서 (전역)</string>
< > 		<string>グローバルとしてラインから</string>
> > 		<string>선에서 (전역)</string>
< > 		<string>グローバルとして両方から</string>
> > 		<string>모두 (전역)</string>
< > 		<string>レイヤーパネルで検索</string>
> > 		<string>레이어 패널에서 찾기</string>
< > 		<string>スライスページで検索</string>
> > 		<string>슬라이스 페이지에서 찾기</string>
< > 		<string>ズームイン</string>
> > 		<string>확대</string>
< > 		<string>ズームアウト</string>
> > 		<string>축소</string>
< > 		<string>画面サイズに合わせる</string>
> > 		<string>화면 크기에 맞추기</string>
< > 		<string>左に回転</string>
> > 		<string>왼쪽으로 회전</string>
< > 		<string>右に回転</string>
> > 		<string>오른쪽으로 회전</string>
< > 		<string>回転をリセット</string>
> > 		<string>회전 재설정</string>
