< > 		<string>最近使用したファイルを開く</string>
> > 		<string>최근 사용 열기</string>
< > 		<string>最近使用したファイルのリストを消去</string>
> > 		<string>메뉴 지우기</string>
< > 		<string>ビュー</string>
> > 		<string>뷰</string>
< > 		<string>スタジオ</string>
> > 		<string>작업실</string>
< > 		<string>Left Studioの表示</string>
> > 		<string>왼쪽 작업실 보기</string>
< > 		<string>Right Studioの表示</string>
> > 		<string>오른쪽 작업실 보기</string>
< > 		<string>スタジオを隠す</string>
> > 		<string>작업실 가리기</string>
< > 		<string>スタジオをリセット</string>
> > 		<string>작업실 재설정</string>
< > 		<string>共有</string>
> > 		<string>공유</string>
< > 		<string>分離モード</string>
> > 		<string>분리 모드</string>
< > 		<string>最小化</string>
> > 		<string>최소화</string>
< > 		<string>ズーム</string>
> > 		<string>맞추기</string>
< > 		<string>他を隠す</string>
> > 		<string>기타 가리기</string>
< > 		<string>環境設定…</string>
> > 		<string>환경설정…</string>
< > 		<string>終了</string>
> > 		<string>Affinity Photo 종료</string>
< > 		<string>すべて表示</string>
> > 		<string>모두 보기</string>
< > 		<string>非表示</string>
> > 		<string>가리기</string>
< > 		<string>Affinity Photoについて…</string>
> > 		<string>Affinity Photo에 관하여…</string>
< > 		<string>別名で保存…</string>
> > 		<string>다른 이름으로 저장…</string>
< > 		<string>保存</string>
> > 		<string>저장</string>
< > 		<string>閉じる</string>
> > 		<string>닫기</string>
< > 		<string>新規</string>
> > 		<string>신규</string>
< > 		<string>開く…</string>
> > 		<string>열기…</string>
< > 		<string>プリント…</string>
> > 		<string>인쇄…</string>
< > 		<string>ツールをカスタマイズ…</string>
> > 		<string>도구 사용자화…</string>
< > 		<string>ツールバーをカスタマイズ…</string>
> > 		<string>툴바 사용자화…</string>
< > 		<string>ツールバーを表示</string>
> > 		<string>툴바 보기</string>
< > 		<string>画面サイズに合わせる</string>
> > 		<string>화면 크기에 맞추기</string>
< > 		<string>マージンを表示</string>
> > 		<string>여백선 보기</string>
< > 		<string>ガイドを表示</string>
> > 		<string>안내선 보기</string>
< > 		<string>グリッドを表示</string>
> > 		<string>격자선 보기</string>
< > 		<string>新規ビュー</string>
> > 		<string>신규 뷰</string>
< > 		<string>書き出し…</string>
> > 		<string>내보내기…</string>
< > 		<string>スナップの管理…</string>
> > 		<string>스내핑 관리자…</string>
< > 		<string>ズームイン</string>
> > 		<string>확대</string>
< > 		<string>ズームアウト</string>
> > 		<string>축소</string>
< > 		<string>アシスタントマネージャー…</string>
> > 		<string>손쉬운 사용 관리자…</string>
< > 		<string>ルーラーを表示</string>
> > 		<string>눈금자 보기</string>
< > 		<string>フルスクリーン切り替え</string>
> > 		<string>전체 화면 시작</string>
< > 		<string>写真ペルソナ</string>
> > 		<string>사진 페르소나</string>
< > 		<string>Affinity Photoヘルプ</string>
< < 		<string>New Batch Job…</string>
< > 		<string>新規一括ジョブ…</string>
> > 		<string>Affinity Photo 도움말</string>
< > 		<string>やり直し</string>
> > 		<string>다시 실행</string>
< > 		<string>削除</string>
> > 		<string>지우기</string>
< > 		<string>実寸</string>
< < 		<string>Crash</string>
< > 		<string>クラッシュ</string>
> > 		<string>실제 크기</string>
< > 		<string>UI切り替え</string>
> > 		<string>UI 가리기</string>
< > 		<string>ようこそ...</string>
> > 		<string>환영...</string>
< > 		<string>ツールを表示</string>
> > 		<string>도구 보기</string>
< > 		<string>取り消し</string>
> > 		<string>실행 취소</string>
< > 		<string>コンテキストツールバーを表示</string>
> > 		<string>상황별 툴바 보기</string>
< > 		<string>ピクセルサイズ</string>
< < 		<string>New HDR Merge…</string>
< > 		<string>新規HDR結合…</string>
> > 		<string>픽셀 크기</string>
< > 		<string>Appleカラーピッカー...</string>
> > 		<string>Apple 색상 선택기...</string>
< > 		<string>現像ペルソナ</string>
> > 		<string>현상 페르소나</string>
< > 		<string>コピー</string>
< < 		<string>New Stack…</string>
< > 		<string>新規スタック…</string>
> > 		<string>복사</string>
< > 		<string>選択解除</string>
> > 		<string>선택 해제</string>
< > 		<string>カット</string>
> > 		<string>오려두기</string>
< > 		<string>トーンマッピングペルソナ</string>
> > 		<string>톤 맵핑 페르소나</string>
< > 		<string>すべてのウィンドウを結合</string>
> > 		<string>모든 윈도우 통합</string>
< > 		<string>右に回転</string>
> > 		<string>오른쪽으로 회전</string>
< > 		<string>選択範囲を拡大</string>
> > 		<string>선택 항목에 맞추기</string>
< > 		<string>クリップボードから新規作成</string>
> > 		<string>클립보드에서 신규</string>
< > 		<string>ペースト</string>
> > 		<string>붙이기</string>
< > 		<string>サポート...</string>
> > 		<string>지원...</string>
< > 		<string>ゆがみペルソナ</string>
< < 		<string>New Panorama…</string>
< > 		<string>新規パノラマ…</string>
> > 		<string>액화 페르소나</string>
< > 		<string>前の要素を選択</string>
> > 		<string>이전 항목 선택</string>
< > 		<string>チュートリアル...</string>
> > 		<string>튜토리얼...</string>
< > 		<string>すべてを選択</string>
> > 		<string>전체 선택</string>
< > 		<string>回転をリセット</string>
> > 		<string>회전 재설정</string>
< > 		<string>左に回転</string>
< < 		<string>New Focus Merge…</string>
< > 		<string>新規フォーカス結合…</string>
> > 		<string>왼쪽으로 회전</string>
< > 		<string>ツールをドッキング</string>
> > 		<string>도구 고정</string>
< > 		<string>次の要素を選択</string>
< < 		<string>Save as Regression Unit</string>
< > 		<string>回帰単位として保存</string>
< < 		<string>MainMenu</string>
< > 		<string>メインメニュー</string>
> > 		<string>다음 항목 선택</string>
< > 		<string>ペルソナ</string>
< > 		<string>ペルソナ</string>
> > 		<string>페르소나</string>
< > 		<string>サービス</string>
< > 		<string>サービス</string>
> > 		<string>서비스</string>
< > 		<string>ファイル</string>
< > 		<string>ファイル</string>
< > 		<string>最近使用したファイルを開く</string>
< > 		<string>共有</string>
> > 		<string>파일</string>
< > 		<string>編集</string>
< > 		<string>編集</string>
> > 		<string>편집</string>
< > 		<string>選択</string>
< > 		<string>選択</string>
> > 		<string>선택</string>
< > 		<string>ビュー</string>
< > 		<string>ビュー</string>
< > 		<string>ビュー</string>
< > 		<string>スタジオ</string>
> > 		<string>뷰</string>
< > 		<string>ウィンドウ</string>
< > 		<string>ウィンドウ</string>
> > 		<string>윈도우</string>
< > 		<string>すべて前面に移動</string>
> > 		<string>모두 앞으로 가져오기</string>
< > 		<string>ヘルプ</string>
< > 		<string>ヘルプ</string>
< < 		<string>Debug</string>
< > 		<string>デバッグ</string>
< > 		<string>デバッグ</string>
> > 		<string>도움말</string>
