====1
1:12c
  s/\"About…\";/\"Affinity Designer에 관하여…\";/
2:12c
3:12c
  s/\"About…\";/\"Affinity Photo에 관하여…\";/
====1
1:22c
  s/\"Add Color to Swatch\";/\"견본에 색상 추가\";/
2:22c
3:22c
  s/\"Add Colour to Swatch\";/\"견본에 색상 추가\";/
====1
1:26c
  s/\"Add Global Color…\";/\"전역 색상 추가…\";/
2:26c
3:26c
  s/\"Add Global Colour…\";/\"전역 색상 추가…\";/
====1
1:36c
  s/\"Add Registration Color\";/\"등록 색상을 추가\";/
2:36c
3:36c
  s/\"Add Registration Colour\";/\"등록 색상을 추가\";/
====1
1:48a
2:49c
3:49c
  s/\"Advanced Affinity Designer Affinity Designer Frameworks Affinity Designer Beta Affinity Designer Beta Frameworks Affinity Photo Affinity Photo Frameworks Affinity Photo Beta Affinity Photo Beta Frameworks Affinity Publisher Affinity Publisher Frameworks Affinity Publisher Beta Affinity Publisher Beta Frameworks Converter DictionaryDesigner DictionaryDiff DictionaryPhoto DictionaryPublisher Diff Syncor Translator Language:\";/\"Advanced Affinity Designer Affinity Designer Frameworks Affinity Designer Beta Affinity Designer Beta Frameworks Affinity Photo Affinity Photo Frameworks Affinity Photo Beta Affinity Photo Beta Frameworks Affinity Publisher Affinity Publisher Frameworks Affinity Publisher Beta Affinity Publisher Beta Frameworks Converter DictionaryDesigner DictionaryDiff DictionaryPhoto DictionaryPublisher Diff Syncor Translator 언어:\";/
====1
1:50c
  s/\"Affinity Designer Help\";/\"Affinity Designer 도움말\";/
2:51c
3:51c
  s/\"Affinity Photo Help\";/\"Affinity Photo 도움말\";/
====1
1:55,56c
  s/\"Align Center\";/\"가로 가운데 정렬\";/
  s/\"Align Horizontal Centers\";/\"가로 가운데 정렬\";/
2:56,57c
3:56,57c
  s/\"Align Centre\";/\"가로 가운데 정렬\";/
  s/\"Align Horizontal Centres\";/\"가로 가운데 정렬\";/
====1
1:62c
  s/\"Align Stroke to Center\";/\"선을 중앙에 정렬\";/
2:63c
3:63c
  s/\"Align Stroke to Centre\";/\"선을 중앙에 정렬\";/
====1
1:67c
  s/\"Align Vertical Centers\";/\"세로 가운데 정렬\";/
2:68c
3:68c
  s/\"Align Vertical Centres\";/\"세로 가운데 정렬\";/
====1
1:92c
  s/\"Apple Color Picker...\";/\"Apple 색상 선택기...\";/
2:93c
3:93c
  s/\"Apple Colour Picker...\";/\"Apple 색상 선택기...\";/
====1
1:115c
  s/\"Auto Colors\";/\"자동 색상\";/
2:116c
3:116c
  s/\"Auto Colours\";/\"자동 색상\";/
====1
1:196c
  s/\"Butt Cap\";/\"짧은 끝단\";/
2:197c
3:197c
  s/\"Butt Cap\";/\"뭉툭한 단면\";/
====1
1:198c
  s/\"Callout Ellipse Tool\";/\"말풍선 타원 도구\";/
2:199c
3:199c
  s/\"Callout Ellipse Tool\";/\"외치기 타원 도구\";/
====1
1:211,212c
  s/\"Cap:\";/\"끝단:\";/
  s/\"Capitalization\";/\"대문자화\";/
2:212,213c
3:212,213c
  s/\"Cap:\";/\"단면:\";/
  s/\"Capitalisation\";/\"대문자화\";/
====1
1:215c
  s/\"Center\";/\"가운데\";/
2:215a
3:215a
====1
1:217a
2:218c
3:218c
  s/\"Centre\";/\"가운데\";/
====1
1:248c
  s/\"Close All\";/\"모두 닫기\";/
2:248a
3:248a
====1
1:259,269c
  s/\"Color Balance\";/\"색상 밸런스\";/
  s/\"Color Format:\";/\"색상 포맷\";/
  s/\"Color Format\";/\"색상 포맷\";/
  s/\"Color Overlay\";/\"색상 오버레이\";/
  s/\"Color Picker Tool\";/\"색상 선택기 도구\";/
  s/\"Color Profile:\";/\"색상 프로파일:\";/
  s/\"Color Range\";/\"색상 범위\";/
  s/\"Color Space:\";/\"색공간:\";/
  s/\"Color:\";/\"색상:\";/
  s/\"Color\";/\"색상\";/
  s/\"Colors\";/\"색상\";/
2:259,269c
3:259,269c
  s/\"Colour Balance\";/\"색상 밸런스\";/
  s/\"Colour Format:\";/\"색상 포맷\";/
  s/\"Colour Format\";/\"색상 포맷\";/
  s/\"Colour Overlay\";/\"색상 오버레이\";/
  s/\"Colour Picker Tool\";/\"색상 선택기 도구\";/
  s/\"Colour Profile:\";/\"색상 프로파일:\";/
  s/\"Colour Range\";/\"색상 범위\";/
  s/\"Colour Space:\";/\"색공간:\";/
  s/\"Colour:\";/\"색상:\";/
  s/\"Colour\";/\"색상\";/
  s/\"Colours\";/\"색상\";/
====1
1:302c
  s/\"Copy Color to Clipboard as Hex\";/\"Hex로 색상 복사\";/
2:302c
3:302c
  s/\"Copy Colour to Clipboard as Hex\";/\"Hex로 색상 복사\";/
====1
1:312c
  s/\"Create Color Chord\";/\"색상 코드 생성\";/
2:312c
3:312c
  s/\"Create Colour Chord\";/\"색상 코드 생성\";/
====1
1:337c
  s/\"Cycle View Mode\";/\"보기 순환\";/
2:337c
3:337c
  s/\"Cycle View Mode\";/\"뷰 모드 순환\";/
====1
1:346c
  s/\"Decorations\";/\"장식\";/
2:345a
3:345a
====1
1:356c
  s/\"Delete Color\";/\"색상 지우기\";/
2:355c
3:355c
  s/\"Delete Colour\";/\"색상 지우기\";/
====1
1:392c
  s/\"Distribute Horizontal Centers\";/\"가로 가운데 분배\";/
2:391c
3:391c
  s/\"Distribute Horizontal Centres\";/\"가로 가운데 분배\";/
====1
1:397c
  s/\"Distribute Vertical Centers\";/\"세로 가운데 분배\";/
2:396c
3:396c
  s/\"Distribute Vertical Centres\";/\"세로 가운데 분배\";/
====1
1:428c
  s/\"Edit in Photo…\";/\"Photo에서 편집…\";/
2:427c
3:427c
  s/\"Edit in Designer…\";/\"Designer에서 편집…\";/
====1
1:474c
  s/\"Export Styles…\";/\"스타일 내보내기…\";/
2:473c
3:473c
  s/\"Export Styles...\";/\"스타일 내보내기...\";/
====1
1:497,498c
  s/\"Fill &amp; Stroke Color\";/\"칠 및 선 색상\";/
  s/\"Fill Color\";/\"칠 색상\";/
2:496,497c
3:496,497c
  s/\"Fill &amp; Stroke Colour\";/\"칠 및 선 색상\";/
  s/\"Fill Colour\";/\"칠 색상\";/
====1
1:610c
  s/\"Import Styles…\";/\"스타일 들여오기…\";/
2:609c
3:609c
  s/\"Import Styles...\";/\"스타일 들여오기...\";/
====1
1:637c
  s/\"Insert Special Character\";/\"특수문자삽입\";/
2:635a
3:635a
====1
1:643a
2:642c
3:642c
  s/\"Insert\";/\"특수문자삽입\";/
====1
1:665c
  s/\"Justify Center\";/\"가운데 균등 정렬\";/
2:664c
3:664c
  s/\"Justify Centre\";/\"가운데 균등 정렬\";/
====1
1:679c
  s/\"Layer Color:\";/\"레이어 색상:\";/
2:678c
3:678c
  s/\"Layer Colour:\";/\"레이어 색상:\";/
====1
1:711c
  s/\"Link the grid Colors\";/\"격자 색상 연결\";/
2:710c
3:710c
  s/\"Link the grid colours\";/\"격자 색상 연결\";/
====1
1:723c
  s/\"Lorem Ipsum\";/\"채우기 텍스트\";/
2:721a
3:721a
====1
1:726c
  s/\"Lower Case\";/\"소문자화\";/
2:724c
3:724c
  s/\"Lower\";/\"소문자화\";/
====1
1:775c
  s/\"Mirror view\";/\"거울 보기\";/
2:773c
3:773c
  s/\"Mirror view\";/\"거울 뷰 모드\";/
====1
1:815a
2:814c
3:814c
  s/\"New From Clipboard\";/\"클립보드에서 신규\";/
====1
1:824c
  s/\"New from Clipboard\";/\"클립보드에서 신규\";/
2:822a
3:822a
====1
1:834c
  s/\"No split view\";/\"분할 보기 해제\";/
2:832c
3:832c
  s/\"No split view\";/\"분할 뷰 모드 해제\";/
====1
1:869c
  s/\"Outline view mode\";/\"외형 보기\";/
2:867c
3:867c
  s/\"Outline view mode\";/\"외형 뷰 모드\";/
====1
1:923c
  s/\"Pixel view mode\";/\"픽셀 보기\";/
2:921c
3:921c
  s/\"Pixel view mode\";/\"픽셀 뷰 모드\";/
====1
1:979c
  s/\"Quit\";/\"Affinity Designer 종료\";/
2:977c
3:977c
  s/\"Quit\";/\"Affinity Photo 종료\";/
====1
1:996,997c
  s/\"Recolor Adjustment\";/\"재색상 조정\";/
  s/\"Recolor\";/\"재색상\";/
2:994,995c
3:994,995c
  s/\"Recolour Adjustment\";/\"재색상 조정\";/
  s/\"Recolour\";/\"재색상\";/
====1
1:1046c
  s/\"Retina pixel view mode\";/\"레티나 픽셀 보기\";/
2:1044c
3:1044c
  s/\"Retina pixel view mode\";/\"레티나 픽셀 뷰 모드\";/
====1
1:1079c
  s/\"Round Cap\";/\"둥근 끝단\";/
2:1077c
3:1077c
  s/\"Round Cap\";/\"둥근 단면\";/
====1
1:1094c
  s/\"Save History with Document\";/\"문서와 함께 편집 기록 저장\";/
2:1092c
3:1092c
  s/\"Save History With Document\";/\"문서와 함께 편집 기록 저장\";/
====1
1:1130c
  s/\"Select Same Tag Color\";/\"태그 색상으로 동일 선택\";/
2:1128c
3:1128c
  s/\"Select Same Tag Colour\";/\"태그 색상으로 동일 선택\";/
====1
1:1132c
  s/\"Select Sampled Color…\";/\"표본 색상 선택…\";/
2:1130c
3:1130c
  s/\"Select Sampled Colour…\";/\"표본 색상 선택…\";/
====1
1:1140c
  s/\"Selective Color\";/\"색상 선택\";/
2:1138c
3:1138c
  s/\"Selective Colour\";/\"색상 선택\";/
====1
1:1155c
  s/\"Set line cap style\";/\"선 끝단 스타일 설정\";/
2:1153c
3:1153c
  s/\"Set line cap style\";/\"선 단면 스타일 설정\";/
====1
1:1157c
  s/\"Set the main grid line Color\";/\"주 격자 선 색상 설정\";/
2:1155c
3:1155c
  s/\"Set the main grid line colour\";/\"주 격자 선 색상 설정\";/
====1
1:1192c
  s/\"Show Rotation Center\";/\"회전 중심 보기\";/
2:1190c
3:1190c
  s/\"Show Rotation Centre\";/\"회전 중심 보기\";/
====1
1:1208c
  s/\"Single View\";/\"단일 보기\";/
2:1206c
3:1206c
  s/\"Single View\";/\"단일 뷰 모드\";/
====1
1:1258c
  s/\"Spelling:\";/\"철자:\";/
2:1255a
3:1255a
====1
1:1262,1263c
  s/\"Split View\";/\"분할 보기\";/
  s/\"Split view\";/\"분할 보기\";/
2:1259,1260c
3:1259,1260c
  s/\"Split View\";/\"분할 뷰 모드\";/
  s/\"Split view\";/\"분할 뷰 모드\";/
====1
1:1267c
  s/\"Square Cap\";/\"사각 끝단\";/
2:1264c
3:1264c
  s/\"Square Cap\";/\"사각 단면\";/
====1
1:1284c
  s/\"Stroke Color\";/\"선 색상\";/
2:1281c
3:1281c
  s/\"Stroke Colour\";/\"선 색상\";/
====1
1:1324c
  s/\"Tag Color\";/\"태그 색상\";/
2:1321c
3:1321c
  s/\"Tag Colour\";/\"태그 색상\";/
====1
1:1338c
  s/\"Third party licenses\";/\"서드파티 자격\";/
2:1335c
3:1335c
  s/\"Third party licences\";/\"서드파티 자격\";/
====1
1:1351c
  s/\"Toggle Color Panel\";/\"색상 패널 켜고 끄기\";/
2:1348c
3:1348c
  s/\"Toggle Colour Panel\";/\"색상 패널 켜고 끄기\";/
====1
1:1449c
  s/\"View Mode\";/\"보기\";/
2:1446c
3:1446c
  s/\"View Mode\";/\"뷰 모드\";/
====1
1:1459c
  s/\"Welcome to Affinity Photo\./\"Affinity Photo에 어서오세요\./
2:1456c
3:1456c
  s/\"Welcome to Affinity Photo\./g>Affinity Photo에 어서오세요\./
